[2025-01-23T04:39:01.650+0000] {processor.py:186} INFO - Started process (PID=1026476) to work on /root/airflow-venv/lib/python3.12/site-packages/airflow/example_dags/example_short_circuit_decorator.py
[2025-01-23T04:39:01.651+0000] {processor.py:914} INFO - Processing file /root/airflow-venv/lib/python3.12/site-packages/airflow/example_dags/example_short_circuit_decorator.py for tasks to queue
[2025-01-23T04:39:01.655+0000] {logging_mixin.py:190} INFO - [2025-01-23T04:39:01.654+0000] {dagbag.py:588} INFO - Filling up the DagBag from /root/airflow-venv/lib/python3.12/site-packages/airflow/example_dags/example_short_circuit_decorator.py
[2025-01-23T04:39:01.674+0000] {processor.py:925} INFO - DAG(s) 'example_short_circuit_decorator' retrieved from /root/airflow-venv/lib/python3.12/site-packages/airflow/example_dags/example_short_circuit_decorator.py
[2025-01-23T04:39:01.714+0000] {logging_mixin.py:190} INFO - [2025-01-23T04:39:01.713+0000] {dag.py:3239} INFO - Sync 1 DAGs
[2025-01-23T04:39:01.739+0000] {logging_mixin.py:190} INFO - [2025-01-23T04:39:01.738+0000] {dag.py:4180} INFO - Setting next_dagrun for example_short_circuit_decorator to None, run_after=None
[2025-01-23T04:39:01.774+0000] {processor.py:208} INFO - Processing /root/airflow-venv/lib/python3.12/site-packages/airflow/example_dags/example_short_circuit_decorator.py took 0.133 seconds
[2025-01-23T04:40:04.184+0000] {processor.py:186} INFO - Started process (PID=1026604) to work on /root/airflow-venv/lib/python3.12/site-packages/airflow/example_dags/example_short_circuit_decorator.py
[2025-01-23T04:40:04.185+0000] {processor.py:914} INFO - Processing file /root/airflow-venv/lib/python3.12/site-packages/airflow/example_dags/example_short_circuit_decorator.py for tasks to queue
[2025-01-23T04:40:04.190+0000] {logging_mixin.py:190} INFO - [2025-01-23T04:40:04.190+0000] {dagbag.py:588} INFO - Filling up the DagBag from /root/airflow-venv/lib/python3.12/site-packages/airflow/example_dags/example_short_circuit_decorator.py
[2025-01-23T04:40:04.205+0000] {processor.py:925} INFO - DAG(s) 'example_short_circuit_decorator' retrieved from /root/airflow-venv/lib/python3.12/site-packages/airflow/example_dags/example_short_circuit_decorator.py
[2025-01-23T04:40:04.233+0000] {logging_mixin.py:190} INFO - [2025-01-23T04:40:04.232+0000] {dag.py:3239} INFO - Sync 1 DAGs
[2025-01-23T04:40:04.253+0000] {logging_mixin.py:190} INFO - [2025-01-23T04:40:04.253+0000] {dag.py:4180} INFO - Setting next_dagrun for example_short_circuit_decorator to None, run_after=None
[2025-01-23T04:40:04.287+0000] {processor.py:208} INFO - Processing /root/airflow-venv/lib/python3.12/site-packages/airflow/example_dags/example_short_circuit_decorator.py took 0.111 seconds
[2025-01-23T04:41:11.856+0000] {processor.py:186} INFO - Started process (PID=1026675) to work on /root/airflow-venv/lib/python3.12/site-packages/airflow/example_dags/example_short_circuit_decorator.py
[2025-01-23T04:41:11.858+0000] {processor.py:914} INFO - Processing file /root/airflow-venv/lib/python3.12/site-packages/airflow/example_dags/example_short_circuit_decorator.py for tasks to queue
[2025-01-23T04:41:11.862+0000] {logging_mixin.py:190} INFO - [2025-01-23T04:41:11.862+0000] {dagbag.py:588} INFO - Filling up the DagBag from /root/airflow-venv/lib/python3.12/site-packages/airflow/example_dags/example_short_circuit_decorator.py
[2025-01-23T04:41:11.881+0000] {processor.py:925} INFO - DAG(s) 'example_short_circuit_decorator' retrieved from /root/airflow-venv/lib/python3.12/site-packages/airflow/example_dags/example_short_circuit_decorator.py
[2025-01-23T04:41:11.918+0000] {logging_mixin.py:190} INFO - [2025-01-23T04:41:11.917+0000] {dag.py:3239} INFO - Sync 1 DAGs
[2025-01-23T04:41:11.943+0000] {logging_mixin.py:190} INFO - [2025-01-23T04:41:11.943+0000] {dag.py:4180} INFO - Setting next_dagrun for example_short_circuit_decorator to None, run_after=None
[2025-01-23T04:41:11.983+0000] {processor.py:208} INFO - Processing /root/airflow-venv/lib/python3.12/site-packages/airflow/example_dags/example_short_circuit_decorator.py took 0.137 seconds
