[2025-01-23T04:39:12.236+0000] {processor.py:186} INFO - Started process (PID=1026489) to work on /root/airflow-venv/lib/python3.12/site-packages/airflow/example_dags/example_outlet_event_extra.py
[2025-01-23T04:39:12.237+0000] {processor.py:914} INFO - Processing file /root/airflow-venv/lib/python3.12/site-packages/airflow/example_dags/example_outlet_event_extra.py for tasks to queue
[2025-01-23T04:39:12.246+0000] {logging_mixin.py:190} INFO - [2025-01-23T04:39:12.245+0000] {dagbag.py:588} INFO - Filling up the DagBag from /root/airflow-venv/lib/python3.12/site-packages/airflow/example_dags/example_outlet_event_extra.py
[2025-01-23T04:39:12.274+0000] {processor.py:925} INFO - DAG(s) 'dataset_with_extra_from_classic_operator', 'dataset_with_extra_by_yield', 'dataset_with_extra_by_context' retrieved from /root/airflow-venv/lib/python3.12/site-packages/airflow/example_dags/example_outlet_event_extra.py
[2025-01-23T04:39:12.321+0000] {logging_mixin.py:190} INFO - [2025-01-23T04:39:12.320+0000] {dag.py:3239} INFO - Sync 3 DAGs
[2025-01-23T04:39:12.362+0000] {logging_mixin.py:190} INFO - [2025-01-23T04:39:12.362+0000] {dag.py:4180} INFO - Setting next_dagrun for dataset_with_extra_by_context to 2025-01-22 00:00:00+00:00, run_after=2025-01-23 00:00:00+00:00
[2025-01-23T04:39:12.371+0000] {logging_mixin.py:190} INFO - [2025-01-23T04:39:12.371+0000] {dag.py:4180} INFO - Setting next_dagrun for dataset_with_extra_by_yield to 2025-01-22 00:00:00+00:00, run_after=2025-01-23 00:00:00+00:00
[2025-01-23T04:39:12.378+0000] {logging_mixin.py:190} INFO - [2025-01-23T04:39:12.378+0000] {dag.py:4180} INFO - Setting next_dagrun for dataset_with_extra_from_classic_operator to 2025-01-22 00:00:00+00:00, run_after=2025-01-23 00:00:00+00:00
[2025-01-23T04:39:12.421+0000] {processor.py:208} INFO - Processing /root/airflow-venv/lib/python3.12/site-packages/airflow/example_dags/example_outlet_event_extra.py took 0.197 seconds
[2025-01-23T04:40:18.398+0000] {processor.py:186} INFO - Started process (PID=1026623) to work on /root/airflow-venv/lib/python3.12/site-packages/airflow/example_dags/example_outlet_event_extra.py
[2025-01-23T04:40:18.400+0000] {processor.py:914} INFO - Processing file /root/airflow-venv/lib/python3.12/site-packages/airflow/example_dags/example_outlet_event_extra.py for tasks to queue
[2025-01-23T04:40:18.404+0000] {logging_mixin.py:190} INFO - [2025-01-23T04:40:18.403+0000] {dagbag.py:588} INFO - Filling up the DagBag from /root/airflow-venv/lib/python3.12/site-packages/airflow/example_dags/example_outlet_event_extra.py
[2025-01-23T04:40:18.427+0000] {processor.py:925} INFO - DAG(s) 'dataset_with_extra_from_classic_operator', 'dataset_with_extra_by_context', 'dataset_with_extra_by_yield' retrieved from /root/airflow-venv/lib/python3.12/site-packages/airflow/example_dags/example_outlet_event_extra.py
[2025-01-23T04:40:18.457+0000] {logging_mixin.py:190} INFO - [2025-01-23T04:40:18.457+0000] {dag.py:3239} INFO - Sync 3 DAGs
[2025-01-23T04:40:18.485+0000] {logging_mixin.py:190} INFO - [2025-01-23T04:40:18.485+0000] {dag.py:4180} INFO - Setting next_dagrun for dataset_with_extra_by_context to 2025-01-22 00:00:00+00:00, run_after=2025-01-23 00:00:00+00:00
[2025-01-23T04:40:18.491+0000] {logging_mixin.py:190} INFO - [2025-01-23T04:40:18.490+0000] {dag.py:4180} INFO - Setting next_dagrun for dataset_with_extra_by_yield to 2025-01-22 00:00:00+00:00, run_after=2025-01-23 00:00:00+00:00
[2025-01-23T04:40:18.493+0000] {logging_mixin.py:190} INFO - [2025-01-23T04:40:18.493+0000] {dag.py:4180} INFO - Setting next_dagrun for dataset_with_extra_from_classic_operator to 2025-01-22 00:00:00+00:00, run_after=2025-01-23 00:00:00+00:00
[2025-01-23T04:40:18.538+0000] {processor.py:208} INFO - Processing /root/airflow-venv/lib/python3.12/site-packages/airflow/example_dags/example_outlet_event_extra.py took 0.149 seconds
[2025-01-23T04:41:23.263+0000] {processor.py:186} INFO - Started process (PID=1026687) to work on /root/airflow-venv/lib/python3.12/site-packages/airflow/example_dags/example_outlet_event_extra.py
[2025-01-23T04:41:23.266+0000] {processor.py:914} INFO - Processing file /root/airflow-venv/lib/python3.12/site-packages/airflow/example_dags/example_outlet_event_extra.py for tasks to queue
[2025-01-23T04:41:23.270+0000] {logging_mixin.py:190} INFO - [2025-01-23T04:41:23.269+0000] {dagbag.py:588} INFO - Filling up the DagBag from /root/airflow-venv/lib/python3.12/site-packages/airflow/example_dags/example_outlet_event_extra.py
[2025-01-23T04:41:23.298+0000] {processor.py:925} INFO - DAG(s) 'dataset_with_extra_from_classic_operator', 'dataset_with_extra_by_yield', 'dataset_with_extra_by_context' retrieved from /root/airflow-venv/lib/python3.12/site-packages/airflow/example_dags/example_outlet_event_extra.py
[2025-01-23T04:41:23.338+0000] {logging_mixin.py:190} INFO - [2025-01-23T04:41:23.338+0000] {dag.py:3239} INFO - Sync 3 DAGs
[2025-01-23T04:41:23.382+0000] {logging_mixin.py:190} INFO - [2025-01-23T04:41:23.381+0000] {dag.py:4180} INFO - Setting next_dagrun for dataset_with_extra_by_context to 2025-01-22 00:00:00+00:00, run_after=2025-01-23 00:00:00+00:00
[2025-01-23T04:41:23.390+0000] {logging_mixin.py:190} INFO - [2025-01-23T04:41:23.390+0000] {dag.py:4180} INFO - Setting next_dagrun for dataset_with_extra_by_yield to 2025-01-22 00:00:00+00:00, run_after=2025-01-23 00:00:00+00:00
[2025-01-23T04:41:23.394+0000] {logging_mixin.py:190} INFO - [2025-01-23T04:41:23.393+0000] {dag.py:4180} INFO - Setting next_dagrun for dataset_with_extra_from_classic_operator to 2025-01-22 00:00:00+00:00, run_after=2025-01-23 00:00:00+00:00
[2025-01-23T04:41:23.436+0000] {processor.py:208} INFO - Processing /root/airflow-venv/lib/python3.12/site-packages/airflow/example_dags/example_outlet_event_extra.py took 0.183 seconds
