[2025-01-23T04:39:05.447+0000] {processor.py:186} INFO - Started process (PID=1026482) to work on /root/airflow-venv/lib/python3.12/site-packages/airflow/example_dags/example_sensor_decorator.py
[2025-01-23T04:39:05.449+0000] {processor.py:914} INFO - Processing file /root/airflow-venv/lib/python3.12/site-packages/airflow/example_dags/example_sensor_decorator.py for tasks to queue
[2025-01-23T04:39:05.452+0000] {logging_mixin.py:190} INFO - [2025-01-23T04:39:05.452+0000] {dagbag.py:588} INFO - Filling up the DagBag from /root/airflow-venv/lib/python3.12/site-packages/airflow/example_dags/example_sensor_decorator.py
[2025-01-23T04:39:05.471+0000] {processor.py:925} INFO - DAG(s) 'example_sensor_decorator' retrieved from /root/airflow-venv/lib/python3.12/site-packages/airflow/example_dags/example_sensor_decorator.py
[2025-01-23T04:39:05.504+0000] {logging_mixin.py:190} INFO - [2025-01-23T04:39:05.503+0000] {dag.py:3239} INFO - Sync 1 DAGs
[2025-01-23T04:39:05.528+0000] {logging_mixin.py:190} INFO - [2025-01-23T04:39:05.527+0000] {dag.py:4180} INFO - Setting next_dagrun for example_sensor_decorator to None, run_after=None
[2025-01-23T04:39:05.562+0000] {processor.py:208} INFO - Processing /root/airflow-venv/lib/python3.12/site-packages/airflow/example_dags/example_sensor_decorator.py took 0.125 seconds
[2025-01-23T04:40:07.971+0000] {processor.py:186} INFO - Started process (PID=1026613) to work on /root/airflow-venv/lib/python3.12/site-packages/airflow/example_dags/example_sensor_decorator.py
[2025-01-23T04:40:07.974+0000] {processor.py:914} INFO - Processing file /root/airflow-venv/lib/python3.12/site-packages/airflow/example_dags/example_sensor_decorator.py for tasks to queue
[2025-01-23T04:40:07.977+0000] {logging_mixin.py:190} INFO - [2025-01-23T04:40:07.977+0000] {dagbag.py:588} INFO - Filling up the DagBag from /root/airflow-venv/lib/python3.12/site-packages/airflow/example_dags/example_sensor_decorator.py
[2025-01-23T04:40:07.988+0000] {processor.py:925} INFO - DAG(s) 'example_sensor_decorator' retrieved from /root/airflow-venv/lib/python3.12/site-packages/airflow/example_dags/example_sensor_decorator.py
[2025-01-23T04:40:08.011+0000] {logging_mixin.py:190} INFO - [2025-01-23T04:40:08.010+0000] {dag.py:3239} INFO - Sync 1 DAGs
[2025-01-23T04:40:08.029+0000] {logging_mixin.py:190} INFO - [2025-01-23T04:40:08.029+0000] {dag.py:4180} INFO - Setting next_dagrun for example_sensor_decorator to None, run_after=None
[2025-01-23T04:40:08.055+0000] {processor.py:208} INFO - Processing /root/airflow-venv/lib/python3.12/site-packages/airflow/example_dags/example_sensor_decorator.py took 0.091 seconds
[2025-01-23T04:41:15.467+0000] {processor.py:186} INFO - Started process (PID=1026680) to work on /root/airflow-venv/lib/python3.12/site-packages/airflow/example_dags/example_sensor_decorator.py
[2025-01-23T04:41:15.469+0000] {processor.py:914} INFO - Processing file /root/airflow-venv/lib/python3.12/site-packages/airflow/example_dags/example_sensor_decorator.py for tasks to queue
[2025-01-23T04:41:15.473+0000] {logging_mixin.py:190} INFO - [2025-01-23T04:41:15.472+0000] {dagbag.py:588} INFO - Filling up the DagBag from /root/airflow-venv/lib/python3.12/site-packages/airflow/example_dags/example_sensor_decorator.py
[2025-01-23T04:41:15.490+0000] {processor.py:925} INFO - DAG(s) 'example_sensor_decorator' retrieved from /root/airflow-venv/lib/python3.12/site-packages/airflow/example_dags/example_sensor_decorator.py
[2025-01-23T04:41:15.519+0000] {logging_mixin.py:190} INFO - [2025-01-23T04:41:15.518+0000] {dag.py:3239} INFO - Sync 1 DAGs
[2025-01-23T04:41:15.546+0000] {logging_mixin.py:190} INFO - [2025-01-23T04:41:15.546+0000] {dag.py:4180} INFO - Setting next_dagrun for example_sensor_decorator to None, run_after=None
[2025-01-23T04:41:15.584+0000] {processor.py:208} INFO - Processing /root/airflow-venv/lib/python3.12/site-packages/airflow/example_dags/example_sensor_decorator.py took 0.126 seconds
