[2025-01-23T04:39:09.486+0000] {processor.py:186} INFO - Started process (PID=1026487) to work on /root/airflow-venv/lib/python3.12/site-packages/airflow/example_dags/example_python_decorator.py
[2025-01-23T04:39:09.488+0000] {processor.py:914} INFO - Processing file /root/airflow-venv/lib/python3.12/site-packages/airflow/example_dags/example_python_decorator.py for tasks to queue
[2025-01-23T04:39:09.494+0000] {logging_mixin.py:190} INFO - [2025-01-23T04:39:09.493+0000] {dagbag.py:588} INFO - Filling up the DagBag from /root/airflow-venv/lib/python3.12/site-packages/airflow/example_dags/example_python_decorator.py
[2025-01-23T04:39:09.512+0000] {logging_mixin.py:190} INFO - [2025-01-23T04:39:09.511+0000] {example_python_decorator.py:80} WARNING - The virtalenv_python example task requires virtualenv, please install it.
[2025-01-23T04:39:09.517+0000] {processor.py:925} INFO - DAG(s) 'example_python_decorator' retrieved from /root/airflow-venv/lib/python3.12/site-packages/airflow/example_dags/example_python_decorator.py
[2025-01-23T04:39:09.559+0000] {logging_mixin.py:190} INFO - [2025-01-23T04:39:09.558+0000] {dag.py:3239} INFO - Sync 1 DAGs
[2025-01-23T04:39:09.582+0000] {logging_mixin.py:190} INFO - [2025-01-23T04:39:09.581+0000] {dag.py:4180} INFO - Setting next_dagrun for example_python_decorator to None, run_after=None
[2025-01-23T04:39:09.628+0000] {processor.py:208} INFO - Processing /root/airflow-venv/lib/python3.12/site-packages/airflow/example_dags/example_python_decorator.py took 0.154 seconds
[2025-01-23T04:40:15.858+0000] {processor.py:186} INFO - Started process (PID=1026621) to work on /root/airflow-venv/lib/python3.12/site-packages/airflow/example_dags/example_python_decorator.py
[2025-01-23T04:40:15.860+0000] {processor.py:914} INFO - Processing file /root/airflow-venv/lib/python3.12/site-packages/airflow/example_dags/example_python_decorator.py for tasks to queue
[2025-01-23T04:40:15.863+0000] {logging_mixin.py:190} INFO - [2025-01-23T04:40:15.862+0000] {dagbag.py:588} INFO - Filling up the DagBag from /root/airflow-venv/lib/python3.12/site-packages/airflow/example_dags/example_python_decorator.py
[2025-01-23T04:40:15.877+0000] {logging_mixin.py:190} INFO - [2025-01-23T04:40:15.876+0000] {example_python_decorator.py:80} WARNING - The virtalenv_python example task requires virtualenv, please install it.
[2025-01-23T04:40:15.881+0000] {processor.py:925} INFO - DAG(s) 'example_python_decorator' retrieved from /root/airflow-venv/lib/python3.12/site-packages/airflow/example_dags/example_python_decorator.py
[2025-01-23T04:40:15.905+0000] {logging_mixin.py:190} INFO - [2025-01-23T04:40:15.905+0000] {dag.py:3239} INFO - Sync 1 DAGs
[2025-01-23T04:40:15.925+0000] {logging_mixin.py:190} INFO - [2025-01-23T04:40:15.924+0000] {dag.py:4180} INFO - Setting next_dagrun for example_python_decorator to None, run_after=None
[2025-01-23T04:40:15.958+0000] {processor.py:208} INFO - Processing /root/airflow-venv/lib/python3.12/site-packages/airflow/example_dags/example_python_decorator.py took 0.110 seconds
[2025-01-23T04:41:20.852+0000] {processor.py:186} INFO - Started process (PID=1026685) to work on /root/airflow-venv/lib/python3.12/site-packages/airflow/example_dags/example_python_decorator.py
[2025-01-23T04:41:20.854+0000] {processor.py:914} INFO - Processing file /root/airflow-venv/lib/python3.12/site-packages/airflow/example_dags/example_python_decorator.py for tasks to queue
[2025-01-23T04:41:20.858+0000] {logging_mixin.py:190} INFO - [2025-01-23T04:41:20.857+0000] {dagbag.py:588} INFO - Filling up the DagBag from /root/airflow-venv/lib/python3.12/site-packages/airflow/example_dags/example_python_decorator.py
[2025-01-23T04:41:20.874+0000] {logging_mixin.py:190} INFO - [2025-01-23T04:41:20.873+0000] {example_python_decorator.py:80} WARNING - The virtalenv_python example task requires virtualenv, please install it.
[2025-01-23T04:41:20.878+0000] {processor.py:925} INFO - DAG(s) 'example_python_decorator' retrieved from /root/airflow-venv/lib/python3.12/site-packages/airflow/example_dags/example_python_decorator.py
[2025-01-23T04:41:20.905+0000] {logging_mixin.py:190} INFO - [2025-01-23T04:41:20.905+0000] {dag.py:3239} INFO - Sync 1 DAGs
[2025-01-23T04:41:20.928+0000] {logging_mixin.py:190} INFO - [2025-01-23T04:41:20.927+0000] {dag.py:4180} INFO - Setting next_dagrun for example_python_decorator to None, run_after=None
[2025-01-23T04:41:20.965+0000] {processor.py:208} INFO - Processing /root/airflow-venv/lib/python3.12/site-packages/airflow/example_dags/example_python_decorator.py took 0.122 seconds
