[2025-01-23T04:38:55.067+0000] {processor.py:186} INFO - Started process (PID=1026470) to work on /root/airflow-venv/lib/python3.12/site-packages/airflow/example_dags/example_workday_timetable.py
[2025-01-23T04:38:55.069+0000] {processor.py:914} INFO - Processing file /root/airflow-venv/lib/python3.12/site-packages/airflow/example_dags/example_workday_timetable.py for tasks to queue
[2025-01-23T04:38:55.074+0000] {logging_mixin.py:190} INFO - [2025-01-23T04:38:55.073+0000] {dagbag.py:588} INFO - Filling up the DagBag from /root/airflow-venv/lib/python3.12/site-packages/airflow/example_dags/example_workday_timetable.py
[2025-01-23T04:38:55.087+0000] {processor.py:925} INFO - DAG(s) 'example_workday_timetable' retrieved from /root/airflow-venv/lib/python3.12/site-packages/airflow/example_dags/example_workday_timetable.py
[2025-01-23T04:38:55.122+0000] {logging_mixin.py:190} INFO - [2025-01-23T04:38:55.121+0000] {dag.py:3239} INFO - Sync 1 DAGs
[2025-01-23T04:38:55.157+0000] {logging_mixin.py:190} INFO - [2025-01-23T04:38:55.157+0000] {dag.py:4180} INFO - Setting next_dagrun for example_workday_timetable to 2021-01-01 00:00:00+00:00, run_after=2021-01-02 00:00:00+00:00
[2025-01-23T04:38:55.188+0000] {processor.py:208} INFO - Processing /root/airflow-venv/lib/python3.12/site-packages/airflow/example_dags/example_workday_timetable.py took 0.131 seconds
[2025-01-23T04:39:56.544+0000] {processor.py:186} INFO - Started process (PID=1026598) to work on /root/airflow-venv/lib/python3.12/site-packages/airflow/example_dags/example_workday_timetable.py
[2025-01-23T04:39:56.546+0000] {processor.py:914} INFO - Processing file /root/airflow-venv/lib/python3.12/site-packages/airflow/example_dags/example_workday_timetable.py for tasks to queue
[2025-01-23T04:39:56.550+0000] {logging_mixin.py:190} INFO - [2025-01-23T04:39:56.549+0000] {dagbag.py:588} INFO - Filling up the DagBag from /root/airflow-venv/lib/python3.12/site-packages/airflow/example_dags/example_workday_timetable.py
[2025-01-23T04:39:56.562+0000] {processor.py:925} INFO - DAG(s) 'example_workday_timetable' retrieved from /root/airflow-venv/lib/python3.12/site-packages/airflow/example_dags/example_workday_timetable.py
[2025-01-23T04:39:56.587+0000] {logging_mixin.py:190} INFO - [2025-01-23T04:39:56.586+0000] {dag.py:3239} INFO - Sync 1 DAGs
[2025-01-23T04:39:56.621+0000] {logging_mixin.py:190} INFO - [2025-01-23T04:39:56.620+0000] {dag.py:4180} INFO - Setting next_dagrun for example_workday_timetable to 2021-01-01 00:00:00+00:00, run_after=2021-01-02 00:00:00+00:00
[2025-01-23T04:39:56.658+0000] {processor.py:208} INFO - Processing /root/airflow-venv/lib/python3.12/site-packages/airflow/example_dags/example_workday_timetable.py took 0.124 seconds
[2025-01-23T04:41:06.060+0000] {processor.py:186} INFO - Started process (PID=1026669) to work on /root/airflow-venv/lib/python3.12/site-packages/airflow/example_dags/example_workday_timetable.py
[2025-01-23T04:41:06.062+0000] {processor.py:914} INFO - Processing file /root/airflow-venv/lib/python3.12/site-packages/airflow/example_dags/example_workday_timetable.py for tasks to queue
[2025-01-23T04:41:06.067+0000] {logging_mixin.py:190} INFO - [2025-01-23T04:41:06.066+0000] {dagbag.py:588} INFO - Filling up the DagBag from /root/airflow-venv/lib/python3.12/site-packages/airflow/example_dags/example_workday_timetable.py
[2025-01-23T04:41:06.079+0000] {processor.py:925} INFO - DAG(s) 'example_workday_timetable' retrieved from /root/airflow-venv/lib/python3.12/site-packages/airflow/example_dags/example_workday_timetable.py
[2025-01-23T04:41:06.105+0000] {logging_mixin.py:190} INFO - [2025-01-23T04:41:06.105+0000] {dag.py:3239} INFO - Sync 1 DAGs
[2025-01-23T04:41:06.139+0000] {logging_mixin.py:190} INFO - [2025-01-23T04:41:06.139+0000] {dag.py:4180} INFO - Setting next_dagrun for example_workday_timetable to 2021-01-01 00:00:00+00:00, run_after=2021-01-02 00:00:00+00:00
[2025-01-23T04:41:06.183+0000] {processor.py:208} INFO - Processing /root/airflow-venv/lib/python3.12/site-packages/airflow/example_dags/example_workday_timetable.py took 0.133 seconds
