[2025-01-23T04:39:06.708+0000] {processor.py:186} INFO - Started process (PID=1026483) to work on /root/airflow-venv/lib/python3.12/site-packages/airflow/example_dags/example_python_operator.py
[2025-01-23T04:39:06.710+0000] {processor.py:914} INFO - Processing file /root/airflow-venv/lib/python3.12/site-packages/airflow/example_dags/example_python_operator.py for tasks to queue
[2025-01-23T04:39:06.714+0000] {logging_mixin.py:190} INFO - [2025-01-23T04:39:06.713+0000] {dagbag.py:588} INFO - Filling up the DagBag from /root/airflow-venv/lib/python3.12/site-packages/airflow/example_dags/example_python_operator.py
[2025-01-23T04:39:06.727+0000] {logging_mixin.py:190} INFO - [2025-01-23T04:39:06.727+0000] {example_python_operator.py:93} WARNING - The virtalenv_python example task requires virtualenv, please install it.
[2025-01-23T04:39:06.732+0000] {processor.py:925} INFO - DAG(s) 'example_python_operator' retrieved from /root/airflow-venv/lib/python3.12/site-packages/airflow/example_dags/example_python_operator.py
[2025-01-23T04:39:06.766+0000] {logging_mixin.py:190} INFO - [2025-01-23T04:39:06.766+0000] {dag.py:3239} INFO - Sync 1 DAGs
[2025-01-23T04:39:06.788+0000] {logging_mixin.py:190} INFO - [2025-01-23T04:39:06.788+0000] {dag.py:4180} INFO - Setting next_dagrun for example_python_operator to None, run_after=None
[2025-01-23T04:39:06.826+0000] {processor.py:208} INFO - Processing /root/airflow-venv/lib/python3.12/site-packages/airflow/example_dags/example_python_operator.py took 0.128 seconds
[2025-01-23T04:40:08.334+0000] {processor.py:186} INFO - Started process (PID=1026614) to work on /root/airflow-venv/lib/python3.12/site-packages/airflow/example_dags/example_python_operator.py
[2025-01-23T04:40:08.336+0000] {processor.py:914} INFO - Processing file /root/airflow-venv/lib/python3.12/site-packages/airflow/example_dags/example_python_operator.py for tasks to queue
[2025-01-23T04:40:08.340+0000] {logging_mixin.py:190} INFO - [2025-01-23T04:40:08.339+0000] {dagbag.py:588} INFO - Filling up the DagBag from /root/airflow-venv/lib/python3.12/site-packages/airflow/example_dags/example_python_operator.py
[2025-01-23T04:40:08.351+0000] {logging_mixin.py:190} INFO - [2025-01-23T04:40:08.350+0000] {example_python_operator.py:93} WARNING - The virtalenv_python example task requires virtualenv, please install it.
[2025-01-23T04:40:08.355+0000] {processor.py:925} INFO - DAG(s) 'example_python_operator' retrieved from /root/airflow-venv/lib/python3.12/site-packages/airflow/example_dags/example_python_operator.py
[2025-01-23T04:40:08.380+0000] {logging_mixin.py:190} INFO - [2025-01-23T04:40:08.380+0000] {dag.py:3239} INFO - Sync 1 DAGs
[2025-01-23T04:40:08.398+0000] {logging_mixin.py:190} INFO - [2025-01-23T04:40:08.398+0000] {dag.py:4180} INFO - Setting next_dagrun for example_python_operator to None, run_after=None
[2025-01-23T04:40:08.433+0000] {processor.py:208} INFO - Processing /root/airflow-venv/lib/python3.12/site-packages/airflow/example_dags/example_python_operator.py took 0.107 seconds
[2025-01-23T04:41:16.730+0000] {processor.py:186} INFO - Started process (PID=1026681) to work on /root/airflow-venv/lib/python3.12/site-packages/airflow/example_dags/example_python_operator.py
[2025-01-23T04:41:16.732+0000] {processor.py:914} INFO - Processing file /root/airflow-venv/lib/python3.12/site-packages/airflow/example_dags/example_python_operator.py for tasks to queue
[2025-01-23T04:41:16.736+0000] {logging_mixin.py:190} INFO - [2025-01-23T04:41:16.736+0000] {dagbag.py:588} INFO - Filling up the DagBag from /root/airflow-venv/lib/python3.12/site-packages/airflow/example_dags/example_python_operator.py
[2025-01-23T04:41:16.748+0000] {logging_mixin.py:190} INFO - [2025-01-23T04:41:16.747+0000] {example_python_operator.py:93} WARNING - The virtalenv_python example task requires virtualenv, please install it.
[2025-01-23T04:41:16.752+0000] {processor.py:925} INFO - DAG(s) 'example_python_operator' retrieved from /root/airflow-venv/lib/python3.12/site-packages/airflow/example_dags/example_python_operator.py
[2025-01-23T04:41:16.780+0000] {logging_mixin.py:190} INFO - [2025-01-23T04:41:16.780+0000] {dag.py:3239} INFO - Sync 1 DAGs
[2025-01-23T04:41:16.800+0000] {logging_mixin.py:190} INFO - [2025-01-23T04:41:16.800+0000] {dag.py:4180} INFO - Setting next_dagrun for example_python_operator to None, run_after=None
[2025-01-23T04:41:16.833+0000] {processor.py:208} INFO - Processing /root/airflow-venv/lib/python3.12/site-packages/airflow/example_dags/example_python_operator.py took 0.112 seconds
