[2025-01-23T04:39:07.469+0000] {processor.py:186} INFO - Started process (PID=1026484) to work on /root/airflow-venv/lib/python3.12/site-packages/airflow/example_dags/example_sensors.py
[2025-01-23T04:39:07.470+0000] {processor.py:914} INFO - Processing file /root/airflow-venv/lib/python3.12/site-packages/airflow/example_dags/example_sensors.py for tasks to queue
[2025-01-23T04:39:07.473+0000] {logging_mixin.py:190} INFO - [2025-01-23T04:39:07.473+0000] {dagbag.py:588} INFO - Filling up the DagBag from /root/airflow-venv/lib/python3.12/site-packages/airflow/example_dags/example_sensors.py
[2025-01-23T04:39:07.490+0000] {processor.py:925} INFO - DAG(s) 'example_sensors' retrieved from /root/airflow-venv/lib/python3.12/site-packages/airflow/example_dags/example_sensors.py
[2025-01-23T04:39:07.524+0000] {logging_mixin.py:190} INFO - [2025-01-23T04:39:07.524+0000] {dag.py:3239} INFO - Sync 1 DAGs
[2025-01-23T04:39:07.544+0000] {logging_mixin.py:190} INFO - [2025-01-23T04:39:07.543+0000] {dag.py:4180} INFO - Setting next_dagrun for example_sensors to None, run_after=None
[2025-01-23T04:39:07.576+0000] {processor.py:208} INFO - Processing /root/airflow-venv/lib/python3.12/site-packages/airflow/example_dags/example_sensors.py took 0.115 seconds
[2025-01-23T04:40:09.334+0000] {processor.py:186} INFO - Started process (PID=1026615) to work on /root/airflow-venv/lib/python3.12/site-packages/airflow/example_dags/example_sensors.py
[2025-01-23T04:40:09.336+0000] {processor.py:914} INFO - Processing file /root/airflow-venv/lib/python3.12/site-packages/airflow/example_dags/example_sensors.py for tasks to queue
[2025-01-23T04:40:09.340+0000] {logging_mixin.py:190} INFO - [2025-01-23T04:40:09.339+0000] {dagbag.py:588} INFO - Filling up the DagBag from /root/airflow-venv/lib/python3.12/site-packages/airflow/example_dags/example_sensors.py
[2025-01-23T04:40:09.359+0000] {processor.py:925} INFO - DAG(s) 'example_sensors' retrieved from /root/airflow-venv/lib/python3.12/site-packages/airflow/example_dags/example_sensors.py
[2025-01-23T04:40:09.391+0000] {logging_mixin.py:190} INFO - [2025-01-23T04:40:09.391+0000] {dag.py:3239} INFO - Sync 1 DAGs
[2025-01-23T04:40:09.411+0000] {logging_mixin.py:190} INFO - [2025-01-23T04:40:09.411+0000] {dag.py:4180} INFO - Setting next_dagrun for example_sensors to None, run_after=None
[2025-01-23T04:40:09.452+0000] {processor.py:208} INFO - Processing /root/airflow-venv/lib/python3.12/site-packages/airflow/example_dags/example_sensors.py took 0.127 seconds
[2025-01-23T04:41:17.991+0000] {processor.py:186} INFO - Started process (PID=1026682) to work on /root/airflow-venv/lib/python3.12/site-packages/airflow/example_dags/example_sensors.py
[2025-01-23T04:41:17.993+0000] {processor.py:914} INFO - Processing file /root/airflow-venv/lib/python3.12/site-packages/airflow/example_dags/example_sensors.py for tasks to queue
[2025-01-23T04:41:17.998+0000] {logging_mixin.py:190} INFO - [2025-01-23T04:41:17.997+0000] {dagbag.py:588} INFO - Filling up the DagBag from /root/airflow-venv/lib/python3.12/site-packages/airflow/example_dags/example_sensors.py
[2025-01-23T04:41:18.017+0000] {processor.py:925} INFO - DAG(s) 'example_sensors' retrieved from /root/airflow-venv/lib/python3.12/site-packages/airflow/example_dags/example_sensors.py
[2025-01-23T04:41:18.052+0000] {logging_mixin.py:190} INFO - [2025-01-23T04:41:18.052+0000] {dag.py:3239} INFO - Sync 1 DAGs
[2025-01-23T04:41:18.070+0000] {logging_mixin.py:190} INFO - [2025-01-23T04:41:18.069+0000] {dag.py:4180} INFO - Setting next_dagrun for example_sensors to None, run_after=None
[2025-01-23T04:41:18.104+0000] {processor.py:208} INFO - Processing /root/airflow-venv/lib/python3.12/site-packages/airflow/example_dags/example_sensors.py took 0.123 seconds
