[2025-01-23T04:38:48.524+0000] {processor.py:186} INFO - Started process (PID=1026464) to work on /root/airflow-venv/lib/python3.12/site-packages/airflow/example_dags/example_xcom.py
[2025-01-23T04:38:48.526+0000] {processor.py:914} INFO - Processing file /root/airflow-venv/lib/python3.12/site-packages/airflow/example_dags/example_xcom.py for tasks to queue
[2025-01-23T04:38:48.533+0000] {logging_mixin.py:190} INFO - [2025-01-23T04:38:48.531+0000] {dagbag.py:588} INFO - Filling up the DagBag from /root/airflow-venv/lib/python3.12/site-packages/airflow/example_dags/example_xcom.py
[2025-01-23T04:38:48.554+0000] {processor.py:925} INFO - DAG(s) 'example_xcom' retrieved from /root/airflow-venv/lib/python3.12/site-packages/airflow/example_dags/example_xcom.py
[2025-01-23T04:38:48.607+0000] {logging_mixin.py:190} INFO - [2025-01-23T04:38:48.607+0000] {dag.py:3239} INFO - Sync 1 DAGs
[2025-01-23T04:38:48.652+0000] {logging_mixin.py:190} INFO - [2025-01-23T04:38:48.651+0000] {dag.py:4180} INFO - Setting next_dagrun for example_xcom to 2021-01-01 00:00:00+00:00, run_after=2021-01-01 00:00:00+00:00
[2025-01-23T04:38:48.688+0000] {processor.py:208} INFO - Processing /root/airflow-venv/lib/python3.12/site-packages/airflow/example_dags/example_xcom.py took 0.179 seconds
[2025-01-23T04:39:49.990+0000] {processor.py:186} INFO - Started process (PID=1026592) to work on /root/airflow-venv/lib/python3.12/site-packages/airflow/example_dags/example_xcom.py
[2025-01-23T04:39:49.991+0000] {processor.py:914} INFO - Processing file /root/airflow-venv/lib/python3.12/site-packages/airflow/example_dags/example_xcom.py for tasks to queue
[2025-01-23T04:39:49.996+0000] {logging_mixin.py:190} INFO - [2025-01-23T04:39:49.996+0000] {dagbag.py:588} INFO - Filling up the DagBag from /root/airflow-venv/lib/python3.12/site-packages/airflow/example_dags/example_xcom.py
[2025-01-23T04:39:50.014+0000] {processor.py:925} INFO - DAG(s) 'example_xcom' retrieved from /root/airflow-venv/lib/python3.12/site-packages/airflow/example_dags/example_xcom.py
[2025-01-23T04:39:50.044+0000] {logging_mixin.py:190} INFO - [2025-01-23T04:39:50.043+0000] {dag.py:3239} INFO - Sync 1 DAGs
[2025-01-23T04:39:50.077+0000] {logging_mixin.py:190} INFO - [2025-01-23T04:39:50.076+0000] {dag.py:4180} INFO - Setting next_dagrun for example_xcom to 2021-01-01 00:00:00+00:00, run_after=2021-01-01 00:00:00+00:00
[2025-01-23T04:39:50.115+0000] {processor.py:208} INFO - Processing /root/airflow-venv/lib/python3.12/site-packages/airflow/example_dags/example_xcom.py took 0.133 seconds
[2025-01-23T04:40:59.603+0000] {processor.py:186} INFO - Started process (PID=1026663) to work on /root/airflow-venv/lib/python3.12/site-packages/airflow/example_dags/example_xcom.py
[2025-01-23T04:40:59.605+0000] {processor.py:914} INFO - Processing file /root/airflow-venv/lib/python3.12/site-packages/airflow/example_dags/example_xcom.py for tasks to queue
[2025-01-23T04:40:59.609+0000] {logging_mixin.py:190} INFO - [2025-01-23T04:40:59.607+0000] {dagbag.py:588} INFO - Filling up the DagBag from /root/airflow-venv/lib/python3.12/site-packages/airflow/example_dags/example_xcom.py
[2025-01-23T04:40:59.621+0000] {processor.py:925} INFO - DAG(s) 'example_xcom' retrieved from /root/airflow-venv/lib/python3.12/site-packages/airflow/example_dags/example_xcom.py
[2025-01-23T04:40:59.645+0000] {logging_mixin.py:190} INFO - [2025-01-23T04:40:59.644+0000] {dag.py:3239} INFO - Sync 1 DAGs
[2025-01-23T04:40:59.670+0000] {logging_mixin.py:190} INFO - [2025-01-23T04:40:59.669+0000] {dag.py:4180} INFO - Setting next_dagrun for example_xcom to 2021-01-01 00:00:00+00:00, run_after=2021-01-01 00:00:00+00:00
[2025-01-23T04:40:59.697+0000] {processor.py:208} INFO - Processing /root/airflow-venv/lib/python3.12/site-packages/airflow/example_dags/example_xcom.py took 0.101 seconds
