[2025-01-23T04:39:23.798+0000] {processor.py:186} INFO - Started process (PID=1026501) to work on /root/airflow-venv/lib/python3.12/site-packages/airflow/example_dags/example_dataset_alias_with_no_taskflow.py
[2025-01-23T04:39:23.799+0000] {processor.py:914} INFO - Processing file /root/airflow-venv/lib/python3.12/site-packages/airflow/example_dags/example_dataset_alias_with_no_taskflow.py for tasks to queue
[2025-01-23T04:39:23.802+0000] {logging_mixin.py:190} INFO - [2025-01-23T04:39:23.802+0000] {dagbag.py:588} INFO - Filling up the DagBag from /root/airflow-venv/lib/python3.12/site-packages/airflow/example_dags/example_dataset_alias_with_no_taskflow.py
[2025-01-23T04:39:23.839+0000] {processor.py:925} INFO - DAG(s) 'dataset_alias_example_alias_consumer_with_no_taskflow', 'dataset_alias_example_alias_producer_with_no_taskflow', 'dataset_s3_bucket_consumer_with_no_taskflow', 'dataset_s3_bucket_producer_with_no_taskflow' retrieved from /root/airflow-venv/lib/python3.12/site-packages/airflow/example_dags/example_dataset_alias_with_no_taskflow.py
[2025-01-23T04:39:23.869+0000] {logging_mixin.py:190} INFO - [2025-01-23T04:39:23.868+0000] {dag.py:3239} INFO - Sync 4 DAGs
[2025-01-23T04:39:23.898+0000] {logging_mixin.py:190} INFO - [2025-01-23T04:39:23.898+0000] {dag.py:4180} INFO - Setting next_dagrun for dataset_alias_example_alias_consumer_with_no_taskflow to None, run_after=None
[2025-01-23T04:39:23.901+0000] {logging_mixin.py:190} INFO - [2025-01-23T04:39:23.901+0000] {dag.py:4180} INFO - Setting next_dagrun for dataset_alias_example_alias_producer_with_no_taskflow to None, run_after=None
[2025-01-23T04:39:23.903+0000] {logging_mixin.py:190} INFO - [2025-01-23T04:39:23.902+0000] {dag.py:4180} INFO - Setting next_dagrun for dataset_s3_bucket_consumer_with_no_taskflow to None, run_after=None
[2025-01-23T04:39:23.904+0000] {logging_mixin.py:190} INFO - [2025-01-23T04:39:23.903+0000] {dag.py:4180} INFO - Setting next_dagrun for dataset_s3_bucket_producer_with_no_taskflow to None, run_after=None
[2025-01-23T04:39:23.939+0000] {processor.py:208} INFO - Processing /root/airflow-venv/lib/python3.12/site-packages/airflow/example_dags/example_dataset_alias_with_no_taskflow.py took 0.149 seconds
[2025-01-23T04:40:31.047+0000] {processor.py:186} INFO - Started process (PID=1026635) to work on /root/airflow-venv/lib/python3.12/site-packages/airflow/example_dags/example_dataset_alias_with_no_taskflow.py
[2025-01-23T04:40:31.049+0000] {processor.py:914} INFO - Processing file /root/airflow-venv/lib/python3.12/site-packages/airflow/example_dags/example_dataset_alias_with_no_taskflow.py for tasks to queue
[2025-01-23T04:40:31.053+0000] {logging_mixin.py:190} INFO - [2025-01-23T04:40:31.052+0000] {dagbag.py:588} INFO - Filling up the DagBag from /root/airflow-venv/lib/python3.12/site-packages/airflow/example_dags/example_dataset_alias_with_no_taskflow.py
[2025-01-23T04:40:31.089+0000] {processor.py:925} INFO - DAG(s) 'dataset_s3_bucket_consumer_with_no_taskflow', 'dataset_alias_example_alias_consumer_with_no_taskflow', 'dataset_s3_bucket_producer_with_no_taskflow', 'dataset_alias_example_alias_producer_with_no_taskflow' retrieved from /root/airflow-venv/lib/python3.12/site-packages/airflow/example_dags/example_dataset_alias_with_no_taskflow.py
[2025-01-23T04:40:31.121+0000] {logging_mixin.py:190} INFO - [2025-01-23T04:40:31.121+0000] {dag.py:3239} INFO - Sync 4 DAGs
[2025-01-23T04:40:31.148+0000] {logging_mixin.py:190} INFO - [2025-01-23T04:40:31.148+0000] {dag.py:4180} INFO - Setting next_dagrun for dataset_alias_example_alias_consumer_with_no_taskflow to None, run_after=None
[2025-01-23T04:40:31.151+0000] {logging_mixin.py:190} INFO - [2025-01-23T04:40:31.151+0000] {dag.py:4180} INFO - Setting next_dagrun for dataset_alias_example_alias_producer_with_no_taskflow to None, run_after=None
[2025-01-23T04:40:31.153+0000] {logging_mixin.py:190} INFO - [2025-01-23T04:40:31.152+0000] {dag.py:4180} INFO - Setting next_dagrun for dataset_s3_bucket_consumer_with_no_taskflow to None, run_after=None
[2025-01-23T04:40:31.154+0000] {logging_mixin.py:190} INFO - [2025-01-23T04:40:31.153+0000] {dag.py:4180} INFO - Setting next_dagrun for dataset_s3_bucket_producer_with_no_taskflow to None, run_after=None
[2025-01-23T04:40:31.187+0000] {processor.py:208} INFO - Processing /root/airflow-venv/lib/python3.12/site-packages/airflow/example_dags/example_dataset_alias_with_no_taskflow.py took 0.149 seconds
