[2025-01-23T04:39:08.199+0000] {processor.py:186} INFO - Started process (PID=1026486) to work on /root/airflow-venv/lib/python3.12/site-packages/airflow/example_dags/example_setup_teardown.py
[2025-01-23T04:39:08.201+0000] {processor.py:914} INFO - Processing file /root/airflow-venv/lib/python3.12/site-packages/airflow/example_dags/example_setup_teardown.py for tasks to queue
[2025-01-23T04:39:08.204+0000] {logging_mixin.py:190} INFO - [2025-01-23T04:39:08.204+0000] {dagbag.py:588} INFO - Filling up the DagBag from /root/airflow-venv/lib/python3.12/site-packages/airflow/example_dags/example_setup_teardown.py
[2025-01-23T04:39:08.221+0000] {processor.py:925} INFO - DAG(s) 'example_setup_teardown' retrieved from /root/airflow-venv/lib/python3.12/site-packages/airflow/example_dags/example_setup_teardown.py
[2025-01-23T04:39:08.257+0000] {logging_mixin.py:190} INFO - [2025-01-23T04:39:08.256+0000] {dag.py:3239} INFO - Sync 1 DAGs
[2025-01-23T04:39:08.279+0000] {logging_mixin.py:190} INFO - [2025-01-23T04:39:08.278+0000] {dag.py:4180} INFO - Setting next_dagrun for example_setup_teardown to None, run_after=None
[2025-01-23T04:39:08.311+0000] {processor.py:208} INFO - Processing /root/airflow-venv/lib/python3.12/site-packages/airflow/example_dags/example_setup_teardown.py took 0.122 seconds
[2025-01-23T04:40:11.858+0000] {processor.py:186} INFO - Started process (PID=1026617) to work on /root/airflow-venv/lib/python3.12/site-packages/airflow/example_dags/example_setup_teardown.py
[2025-01-23T04:40:11.860+0000] {processor.py:914} INFO - Processing file /root/airflow-venv/lib/python3.12/site-packages/airflow/example_dags/example_setup_teardown.py for tasks to queue
[2025-01-23T04:40:11.864+0000] {logging_mixin.py:190} INFO - [2025-01-23T04:40:11.863+0000] {dagbag.py:588} INFO - Filling up the DagBag from /root/airflow-venv/lib/python3.12/site-packages/airflow/example_dags/example_setup_teardown.py
[2025-01-23T04:40:11.880+0000] {processor.py:925} INFO - DAG(s) 'example_setup_teardown' retrieved from /root/airflow-venv/lib/python3.12/site-packages/airflow/example_dags/example_setup_teardown.py
[2025-01-23T04:40:11.913+0000] {logging_mixin.py:190} INFO - [2025-01-23T04:40:11.912+0000] {dag.py:3239} INFO - Sync 1 DAGs
[2025-01-23T04:40:11.937+0000] {logging_mixin.py:190} INFO - [2025-01-23T04:40:11.937+0000] {dag.py:4180} INFO - Setting next_dagrun for example_setup_teardown to None, run_after=None
[2025-01-23T04:40:11.985+0000] {processor.py:208} INFO - Processing /root/airflow-venv/lib/python3.12/site-packages/airflow/example_dags/example_setup_teardown.py took 0.135 seconds
[2025-01-23T04:41:20.509+0000] {processor.py:186} INFO - Started process (PID=1026684) to work on /root/airflow-venv/lib/python3.12/site-packages/airflow/example_dags/example_setup_teardown.py
[2025-01-23T04:41:20.511+0000] {processor.py:914} INFO - Processing file /root/airflow-venv/lib/python3.12/site-packages/airflow/example_dags/example_setup_teardown.py for tasks to queue
[2025-01-23T04:41:20.514+0000] {logging_mixin.py:190} INFO - [2025-01-23T04:41:20.514+0000] {dagbag.py:588} INFO - Filling up the DagBag from /root/airflow-venv/lib/python3.12/site-packages/airflow/example_dags/example_setup_teardown.py
[2025-01-23T04:41:20.528+0000] {processor.py:925} INFO - DAG(s) 'example_setup_teardown' retrieved from /root/airflow-venv/lib/python3.12/site-packages/airflow/example_dags/example_setup_teardown.py
[2025-01-23T04:41:20.553+0000] {logging_mixin.py:190} INFO - [2025-01-23T04:41:20.553+0000] {dag.py:3239} INFO - Sync 1 DAGs
[2025-01-23T04:41:20.573+0000] {logging_mixin.py:190} INFO - [2025-01-23T04:41:20.573+0000] {dag.py:4180} INFO - Setting next_dagrun for example_setup_teardown to None, run_after=None
[2025-01-23T04:41:20.610+0000] {processor.py:208} INFO - Processing /root/airflow-venv/lib/python3.12/site-packages/airflow/example_dags/example_setup_teardown.py took 0.110 seconds
