[2025-01-23T04:38:56.323+0000] {processor.py:186} INFO - Started process (PID=1026471) to work on /root/airflow-venv/lib/python3.12/site-packages/airflow/example_dags/example_trigger_target_dag.py
[2025-01-23T04:38:56.325+0000] {processor.py:914} INFO - Processing file /root/airflow-venv/lib/python3.12/site-packages/airflow/example_dags/example_trigger_target_dag.py for tasks to queue
[2025-01-23T04:38:56.329+0000] {logging_mixin.py:190} INFO - [2025-01-23T04:38:56.328+0000] {dagbag.py:588} INFO - Filling up the DagBag from /root/airflow-venv/lib/python3.12/site-packages/airflow/example_dags/example_trigger_target_dag.py
[2025-01-23T04:38:56.343+0000] {processor.py:925} INFO - DAG(s) 'example_trigger_target_dag' retrieved from /root/airflow-venv/lib/python3.12/site-packages/airflow/example_dags/example_trigger_target_dag.py
[2025-01-23T04:38:56.375+0000] {logging_mixin.py:190} INFO - [2025-01-23T04:38:56.374+0000] {dag.py:3239} INFO - Sync 1 DAGs
[2025-01-23T04:38:56.393+0000] {logging_mixin.py:190} INFO - [2025-01-23T04:38:56.393+0000] {dag.py:4180} INFO - Setting next_dagrun for example_trigger_target_dag to None, run_after=None
[2025-01-23T04:38:56.426+0000] {processor.py:208} INFO - Processing /root/airflow-venv/lib/python3.12/site-packages/airflow/example_dags/example_trigger_target_dag.py took 0.111 seconds
[2025-01-23T04:39:57.809+0000] {processor.py:186} INFO - Started process (PID=1026599) to work on /root/airflow-venv/lib/python3.12/site-packages/airflow/example_dags/example_trigger_target_dag.py
[2025-01-23T04:39:57.812+0000] {processor.py:914} INFO - Processing file /root/airflow-venv/lib/python3.12/site-packages/airflow/example_dags/example_trigger_target_dag.py for tasks to queue
[2025-01-23T04:39:57.815+0000] {logging_mixin.py:190} INFO - [2025-01-23T04:39:57.815+0000] {dagbag.py:588} INFO - Filling up the DagBag from /root/airflow-venv/lib/python3.12/site-packages/airflow/example_dags/example_trigger_target_dag.py
[2025-01-23T04:39:57.829+0000] {processor.py:925} INFO - DAG(s) 'example_trigger_target_dag' retrieved from /root/airflow-venv/lib/python3.12/site-packages/airflow/example_dags/example_trigger_target_dag.py
[2025-01-23T04:39:57.857+0000] {logging_mixin.py:190} INFO - [2025-01-23T04:39:57.856+0000] {dag.py:3239} INFO - Sync 1 DAGs
[2025-01-23T04:39:57.876+0000] {logging_mixin.py:190} INFO - [2025-01-23T04:39:57.876+0000] {dag.py:4180} INFO - Setting next_dagrun for example_trigger_target_dag to None, run_after=None
[2025-01-23T04:39:57.910+0000] {processor.py:208} INFO - Processing /root/airflow-venv/lib/python3.12/site-packages/airflow/example_dags/example_trigger_target_dag.py took 0.112 seconds
[2025-01-23T04:41:07.330+0000] {processor.py:186} INFO - Started process (PID=1026670) to work on /root/airflow-venv/lib/python3.12/site-packages/airflow/example_dags/example_trigger_target_dag.py
[2025-01-23T04:41:07.332+0000] {processor.py:914} INFO - Processing file /root/airflow-venv/lib/python3.12/site-packages/airflow/example_dags/example_trigger_target_dag.py for tasks to queue
[2025-01-23T04:41:07.335+0000] {logging_mixin.py:190} INFO - [2025-01-23T04:41:07.334+0000] {dagbag.py:588} INFO - Filling up the DagBag from /root/airflow-venv/lib/python3.12/site-packages/airflow/example_dags/example_trigger_target_dag.py
[2025-01-23T04:41:07.352+0000] {processor.py:925} INFO - DAG(s) 'example_trigger_target_dag' retrieved from /root/airflow-venv/lib/python3.12/site-packages/airflow/example_dags/example_trigger_target_dag.py
[2025-01-23T04:41:07.377+0000] {logging_mixin.py:190} INFO - [2025-01-23T04:41:07.376+0000] {dag.py:3239} INFO - Sync 1 DAGs
[2025-01-23T04:41:07.401+0000] {logging_mixin.py:190} INFO - [2025-01-23T04:41:07.401+0000] {dag.py:4180} INFO - Setting next_dagrun for example_trigger_target_dag to None, run_after=None
[2025-01-23T04:41:07.446+0000] {processor.py:208} INFO - Processing /root/airflow-venv/lib/python3.12/site-packages/airflow/example_dags/example_trigger_target_dag.py took 0.129 seconds
