[2025-01-23T04:38:57.808+0000] {processor.py:186} INFO - Started process (PID=1026473) to work on /root/airflow-venv/lib/python3.12/site-packages/airflow/example_dags/example_task_group.py
[2025-01-23T04:38:57.809+0000] {processor.py:914} INFO - Processing file /root/airflow-venv/lib/python3.12/site-packages/airflow/example_dags/example_task_group.py for tasks to queue
[2025-01-23T04:38:57.814+0000] {logging_mixin.py:190} INFO - [2025-01-23T04:38:57.814+0000] {dagbag.py:588} INFO - Filling up the DagBag from /root/airflow-venv/lib/python3.12/site-packages/airflow/example_dags/example_task_group.py
[2025-01-23T04:38:57.835+0000] {processor.py:925} INFO - DAG(s) 'example_task_group' retrieved from /root/airflow-venv/lib/python3.12/site-packages/airflow/example_dags/example_task_group.py
[2025-01-23T04:38:57.866+0000] {logging_mixin.py:190} INFO - [2025-01-23T04:38:57.866+0000] {dag.py:3239} INFO - Sync 1 DAGs
[2025-01-23T04:38:57.889+0000] {logging_mixin.py:190} INFO - [2025-01-23T04:38:57.888+0000] {dag.py:4180} INFO - Setting next_dagrun for example_task_group to None, run_after=None
[2025-01-23T04:38:57.918+0000] {processor.py:208} INFO - Processing /root/airflow-venv/lib/python3.12/site-packages/airflow/example_dags/example_task_group.py took 0.121 seconds
[2025-01-23T04:40:00.333+0000] {processor.py:186} INFO - Started process (PID=1026601) to work on /root/airflow-venv/lib/python3.12/site-packages/airflow/example_dags/example_task_group.py
[2025-01-23T04:40:00.336+0000] {processor.py:914} INFO - Processing file /root/airflow-venv/lib/python3.12/site-packages/airflow/example_dags/example_task_group.py for tasks to queue
[2025-01-23T04:40:00.342+0000] {logging_mixin.py:190} INFO - [2025-01-23T04:40:00.340+0000] {dagbag.py:588} INFO - Filling up the DagBag from /root/airflow-venv/lib/python3.12/site-packages/airflow/example_dags/example_task_group.py
[2025-01-23T04:40:00.360+0000] {processor.py:925} INFO - DAG(s) 'example_task_group' retrieved from /root/airflow-venv/lib/python3.12/site-packages/airflow/example_dags/example_task_group.py
[2025-01-23T04:40:00.394+0000] {logging_mixin.py:190} INFO - [2025-01-23T04:40:00.393+0000] {dag.py:3239} INFO - Sync 1 DAGs
[2025-01-23T04:40:00.417+0000] {logging_mixin.py:190} INFO - [2025-01-23T04:40:00.417+0000] {dag.py:4180} INFO - Setting next_dagrun for example_task_group to None, run_after=None
[2025-01-23T04:40:00.457+0000] {processor.py:208} INFO - Processing /root/airflow-venv/lib/python3.12/site-packages/airflow/example_dags/example_task_group.py took 0.136 seconds
[2025-01-23T04:41:08.921+0000] {processor.py:186} INFO - Started process (PID=1026672) to work on /root/airflow-venv/lib/python3.12/site-packages/airflow/example_dags/example_task_group.py
[2025-01-23T04:41:08.924+0000] {processor.py:914} INFO - Processing file /root/airflow-venv/lib/python3.12/site-packages/airflow/example_dags/example_task_group.py for tasks to queue
[2025-01-23T04:41:08.928+0000] {logging_mixin.py:190} INFO - [2025-01-23T04:41:08.927+0000] {dagbag.py:588} INFO - Filling up the DagBag from /root/airflow-venv/lib/python3.12/site-packages/airflow/example_dags/example_task_group.py
[2025-01-23T04:41:08.946+0000] {processor.py:925} INFO - DAG(s) 'example_task_group' retrieved from /root/airflow-venv/lib/python3.12/site-packages/airflow/example_dags/example_task_group.py
[2025-01-23T04:41:08.976+0000] {logging_mixin.py:190} INFO - [2025-01-23T04:41:08.975+0000] {dag.py:3239} INFO - Sync 1 DAGs
[2025-01-23T04:41:08.999+0000] {logging_mixin.py:190} INFO - [2025-01-23T04:41:08.999+0000] {dag.py:4180} INFO - Setting next_dagrun for example_task_group to None, run_after=None
[2025-01-23T04:41:09.049+0000] {processor.py:208} INFO - Processing /root/airflow-venv/lib/python3.12/site-packages/airflow/example_dags/example_task_group.py took 0.138 seconds
