[2025-01-23T04:38:57.502+0000] {processor.py:186} INFO - Started process (PID=1026472) to work on /root/airflow-venv/lib/python3.12/site-packages/airflow/example_dags/example_task_group_decorator.py
[2025-01-23T04:38:57.503+0000] {processor.py:914} INFO - Processing file /root/airflow-venv/lib/python3.12/site-packages/airflow/example_dags/example_task_group_decorator.py for tasks to queue
[2025-01-23T04:38:57.507+0000] {logging_mixin.py:190} INFO - [2025-01-23T04:38:57.507+0000] {dagbag.py:588} INFO - Filling up the DagBag from /root/airflow-venv/lib/python3.12/site-packages/airflow/example_dags/example_task_group_decorator.py
[2025-01-23T04:38:57.533+0000] {processor.py:925} INFO - DAG(s) 'example_task_group_decorator' retrieved from /root/airflow-venv/lib/python3.12/site-packages/airflow/example_dags/example_task_group_decorator.py
[2025-01-23T04:38:57.569+0000] {logging_mixin.py:190} INFO - [2025-01-23T04:38:57.569+0000] {dag.py:3239} INFO - Sync 1 DAGs
[2025-01-23T04:38:57.588+0000] {logging_mixin.py:190} INFO - [2025-01-23T04:38:57.588+0000] {dag.py:4180} INFO - Setting next_dagrun for example_task_group_decorator to None, run_after=None
[2025-01-23T04:38:57.634+0000] {processor.py:208} INFO - Processing /root/airflow-venv/lib/python3.12/site-packages/airflow/example_dags/example_task_group_decorator.py took 0.141 seconds
[2025-01-23T04:39:59.067+0000] {processor.py:186} INFO - Started process (PID=1026600) to work on /root/airflow-venv/lib/python3.12/site-packages/airflow/example_dags/example_task_group_decorator.py
[2025-01-23T04:39:59.069+0000] {processor.py:914} INFO - Processing file /root/airflow-venv/lib/python3.12/site-packages/airflow/example_dags/example_task_group_decorator.py for tasks to queue
[2025-01-23T04:39:59.072+0000] {logging_mixin.py:190} INFO - [2025-01-23T04:39:59.072+0000] {dagbag.py:588} INFO - Filling up the DagBag from /root/airflow-venv/lib/python3.12/site-packages/airflow/example_dags/example_task_group_decorator.py
[2025-01-23T04:39:59.098+0000] {processor.py:925} INFO - DAG(s) 'example_task_group_decorator' retrieved from /root/airflow-venv/lib/python3.12/site-packages/airflow/example_dags/example_task_group_decorator.py
[2025-01-23T04:39:59.131+0000] {logging_mixin.py:190} INFO - [2025-01-23T04:39:59.131+0000] {dag.py:3239} INFO - Sync 1 DAGs
[2025-01-23T04:39:59.152+0000] {logging_mixin.py:190} INFO - [2025-01-23T04:39:59.152+0000] {dag.py:4180} INFO - Setting next_dagrun for example_task_group_decorator to None, run_after=None
[2025-01-23T04:39:59.185+0000] {processor.py:208} INFO - Processing /root/airflow-venv/lib/python3.12/site-packages/airflow/example_dags/example_task_group_decorator.py took 0.127 seconds
[2025-01-23T04:41:07.638+0000] {processor.py:186} INFO - Started process (PID=1026671) to work on /root/airflow-venv/lib/python3.12/site-packages/airflow/example_dags/example_task_group_decorator.py
[2025-01-23T04:41:07.640+0000] {processor.py:914} INFO - Processing file /root/airflow-venv/lib/python3.12/site-packages/airflow/example_dags/example_task_group_decorator.py for tasks to queue
[2025-01-23T04:41:07.643+0000] {logging_mixin.py:190} INFO - [2025-01-23T04:41:07.643+0000] {dagbag.py:588} INFO - Filling up the DagBag from /root/airflow-venv/lib/python3.12/site-packages/airflow/example_dags/example_task_group_decorator.py
[2025-01-23T04:41:07.670+0000] {processor.py:925} INFO - DAG(s) 'example_task_group_decorator' retrieved from /root/airflow-venv/lib/python3.12/site-packages/airflow/example_dags/example_task_group_decorator.py
[2025-01-23T04:41:07.704+0000] {logging_mixin.py:190} INFO - [2025-01-23T04:41:07.703+0000] {dag.py:3239} INFO - Sync 1 DAGs
[2025-01-23T04:41:07.724+0000] {logging_mixin.py:190} INFO - [2025-01-23T04:41:07.723+0000] {dag.py:4180} INFO - Setting next_dagrun for example_task_group_decorator to None, run_after=None
[2025-01-23T04:41:07.759+0000] {processor.py:208} INFO - Processing /root/airflow-venv/lib/python3.12/site-packages/airflow/example_dags/example_task_group_decorator.py took 0.131 seconds
