[2025-01-23T04:38:51.062+0000] {processor.py:186} INFO - Started process (PID=1026466) to work on /root/airflow-venv/lib/python3.12/site-packages/airflow/example_dags/tutorial_objectstorage.py
[2025-01-23T04:38:51.064+0000] {processor.py:914} INFO - Processing file /root/airflow-venv/lib/python3.12/site-packages/airflow/example_dags/tutorial_objectstorage.py for tasks to queue
[2025-01-23T04:38:51.067+0000] {logging_mixin.py:190} INFO - [2025-01-23T04:38:51.067+0000] {dagbag.py:588} INFO - Filling up the DagBag from /root/airflow-venv/lib/python3.12/site-packages/airflow/example_dags/tutorial_objectstorage.py
[2025-01-23T04:38:51.087+0000] {processor.py:925} INFO - DAG(s) 'tutorial_objectstorage' retrieved from /root/airflow-venv/lib/python3.12/site-packages/airflow/example_dags/tutorial_objectstorage.py
[2025-01-23T04:38:51.134+0000] {logging_mixin.py:190} INFO - [2025-01-23T04:38:51.133+0000] {dag.py:3239} INFO - Sync 1 DAGs
[2025-01-23T04:38:51.156+0000] {logging_mixin.py:190} INFO - [2025-01-23T04:38:51.156+0000] {dag.py:4180} INFO - Setting next_dagrun for tutorial_objectstorage to None, run_after=None
[2025-01-23T04:38:51.200+0000] {processor.py:208} INFO - Processing /root/airflow-venv/lib/python3.12/site-packages/airflow/example_dags/tutorial_objectstorage.py took 0.146 seconds
[2025-01-23T04:39:52.522+0000] {processor.py:186} INFO - Started process (PID=1026594) to work on /root/airflow-venv/lib/python3.12/site-packages/airflow/example_dags/tutorial_objectstorage.py
[2025-01-23T04:39:52.524+0000] {processor.py:914} INFO - Processing file /root/airflow-venv/lib/python3.12/site-packages/airflow/example_dags/tutorial_objectstorage.py for tasks to queue
[2025-01-23T04:39:52.528+0000] {logging_mixin.py:190} INFO - [2025-01-23T04:39:52.528+0000] {dagbag.py:588} INFO - Filling up the DagBag from /root/airflow-venv/lib/python3.12/site-packages/airflow/example_dags/tutorial_objectstorage.py
[2025-01-23T04:39:52.549+0000] {processor.py:925} INFO - DAG(s) 'tutorial_objectstorage' retrieved from /root/airflow-venv/lib/python3.12/site-packages/airflow/example_dags/tutorial_objectstorage.py
[2025-01-23T04:39:52.580+0000] {logging_mixin.py:190} INFO - [2025-01-23T04:39:52.580+0000] {dag.py:3239} INFO - Sync 1 DAGs
[2025-01-23T04:39:52.598+0000] {logging_mixin.py:190} INFO - [2025-01-23T04:39:52.598+0000] {dag.py:4180} INFO - Setting next_dagrun for tutorial_objectstorage to None, run_after=None
[2025-01-23T04:39:52.631+0000] {processor.py:208} INFO - Processing /root/airflow-venv/lib/python3.12/site-packages/airflow/example_dags/tutorial_objectstorage.py took 0.119 seconds
[2025-01-23T04:41:01.582+0000] {processor.py:186} INFO - Started process (PID=1026665) to work on /root/airflow-venv/lib/python3.12/site-packages/airflow/example_dags/tutorial_objectstorage.py
[2025-01-23T04:41:01.584+0000] {processor.py:914} INFO - Processing file /root/airflow-venv/lib/python3.12/site-packages/airflow/example_dags/tutorial_objectstorage.py for tasks to queue
[2025-01-23T04:41:01.589+0000] {logging_mixin.py:190} INFO - [2025-01-23T04:41:01.588+0000] {dagbag.py:588} INFO - Filling up the DagBag from /root/airflow-venv/lib/python3.12/site-packages/airflow/example_dags/tutorial_objectstorage.py
[2025-01-23T04:41:01.603+0000] {processor.py:925} INFO - DAG(s) 'tutorial_objectstorage' retrieved from /root/airflow-venv/lib/python3.12/site-packages/airflow/example_dags/tutorial_objectstorage.py
[2025-01-23T04:41:01.625+0000] {logging_mixin.py:190} INFO - [2025-01-23T04:41:01.625+0000] {dag.py:3239} INFO - Sync 1 DAGs
[2025-01-23T04:41:01.642+0000] {logging_mixin.py:190} INFO - [2025-01-23T04:41:01.642+0000] {dag.py:4180} INFO - Setting next_dagrun for tutorial_objectstorage to None, run_after=None
[2025-01-23T04:41:01.672+0000] {processor.py:208} INFO - Processing /root/airflow-venv/lib/python3.12/site-packages/airflow/example_dags/tutorial_objectstorage.py took 0.099 seconds
