[2025-01-23T04:38:49.792+0000] {processor.py:186} INFO - Started process (PID=1026465) to work on /root/airflow-venv/lib/python3.12/site-packages/airflow/example_dags/tutorial.py
[2025-01-23T04:38:49.793+0000] {processor.py:914} INFO - Processing file /root/airflow-venv/lib/python3.12/site-packages/airflow/example_dags/tutorial.py for tasks to queue
[2025-01-23T04:38:49.797+0000] {logging_mixin.py:190} INFO - [2025-01-23T04:38:49.797+0000] {dagbag.py:588} INFO - Filling up the DagBag from /root/airflow-venv/lib/python3.12/site-packages/airflow/example_dags/tutorial.py
[2025-01-23T04:38:49.817+0000] {processor.py:925} INFO - DAG(s) 'tutorial' retrieved from /root/airflow-venv/lib/python3.12/site-packages/airflow/example_dags/tutorial.py
[2025-01-23T04:38:49.862+0000] {logging_mixin.py:190} INFO - [2025-01-23T04:38:49.862+0000] {dag.py:3239} INFO - Sync 1 DAGs
[2025-01-23T04:38:49.895+0000] {logging_mixin.py:190} INFO - [2025-01-23T04:38:49.894+0000] {dag.py:4180} INFO - Setting next_dagrun for tutorial to 2025-01-22 00:00:00+00:00, run_after=2025-01-23 00:00:00+00:00
[2025-01-23T04:38:49.933+0000] {processor.py:208} INFO - Processing /root/airflow-venv/lib/python3.12/site-packages/airflow/example_dags/tutorial.py took 0.151 seconds
[2025-01-23T04:39:51.258+0000] {processor.py:186} INFO - Started process (PID=1026593) to work on /root/airflow-venv/lib/python3.12/site-packages/airflow/example_dags/tutorial.py
[2025-01-23T04:39:51.260+0000] {processor.py:914} INFO - Processing file /root/airflow-venv/lib/python3.12/site-packages/airflow/example_dags/tutorial.py for tasks to queue
[2025-01-23T04:39:51.264+0000] {logging_mixin.py:190} INFO - [2025-01-23T04:39:51.263+0000] {dagbag.py:588} INFO - Filling up the DagBag from /root/airflow-venv/lib/python3.12/site-packages/airflow/example_dags/tutorial.py
[2025-01-23T04:39:51.276+0000] {processor.py:925} INFO - DAG(s) 'tutorial' retrieved from /root/airflow-venv/lib/python3.12/site-packages/airflow/example_dags/tutorial.py
[2025-01-23T04:39:51.300+0000] {logging_mixin.py:190} INFO - [2025-01-23T04:39:51.299+0000] {dag.py:3239} INFO - Sync 1 DAGs
[2025-01-23T04:39:51.326+0000] {logging_mixin.py:190} INFO - [2025-01-23T04:39:51.326+0000] {dag.py:4180} INFO - Setting next_dagrun for tutorial to 2025-01-22 00:00:00+00:00, run_after=2025-01-23 00:00:00+00:00
[2025-01-23T04:39:51.359+0000] {processor.py:208} INFO - Processing /root/airflow-venv/lib/python3.12/site-packages/airflow/example_dags/tutorial.py took 0.109 seconds
[2025-01-23T04:41:00.321+0000] {processor.py:186} INFO - Started process (PID=1026664) to work on /root/airflow-venv/lib/python3.12/site-packages/airflow/example_dags/tutorial.py
[2025-01-23T04:41:00.323+0000] {processor.py:914} INFO - Processing file /root/airflow-venv/lib/python3.12/site-packages/airflow/example_dags/tutorial.py for tasks to queue
[2025-01-23T04:41:00.328+0000] {logging_mixin.py:190} INFO - [2025-01-23T04:41:00.327+0000] {dagbag.py:588} INFO - Filling up the DagBag from /root/airflow-venv/lib/python3.12/site-packages/airflow/example_dags/tutorial.py
[2025-01-23T04:41:00.339+0000] {processor.py:925} INFO - DAG(s) 'tutorial' retrieved from /root/airflow-venv/lib/python3.12/site-packages/airflow/example_dags/tutorial.py
[2025-01-23T04:41:00.362+0000] {logging_mixin.py:190} INFO - [2025-01-23T04:41:00.362+0000] {dag.py:3239} INFO - Sync 1 DAGs
[2025-01-23T04:41:00.389+0000] {logging_mixin.py:190} INFO - [2025-01-23T04:41:00.389+0000] {dag.py:4180} INFO - Setting next_dagrun for tutorial to 2025-01-22 00:00:00+00:00, run_after=2025-01-23 00:00:00+00:00
[2025-01-23T04:41:00.417+0000] {processor.py:208} INFO - Processing /root/airflow-venv/lib/python3.12/site-packages/airflow/example_dags/tutorial.py took 0.105 seconds
