[2025-03-13T17:30:44.052+0000] {processor.py:186} INFO - Started process (PID=1658841) to work on /root/venv/lib/python3.12/site-packages/airflow/example_dags/plugins/workday.py
[2025-03-13T17:30:44.053+0000] {processor.py:914} INFO - Processing file /root/venv/lib/python3.12/site-packages/airflow/example_dags/plugins/workday.py for tasks to queue
[2025-03-13T17:30:44.055+0000] {logging_mixin.py:190} INFO - [2025-03-13T17:30:44.055+0000] {dagbag.py:588} INFO - Filling up the DagBag from /root/venv/lib/python3.12/site-packages/airflow/example_dags/plugins/workday.py
[2025-03-13T17:30:44.059+0000] {logging_mixin.py:190} INFO - [2025-03-13T17:30:44.059+0000] {workday.py:41} WARNING - Could not import pandas. Holidays will not be considered.
[2025-03-13T17:30:44.060+0000] {processor.py:927} WARNING - No viable dags retrieved from /root/venv/lib/python3.12/site-packages/airflow/example_dags/plugins/workday.py
[2025-03-13T17:30:44.074+0000] {processor.py:208} INFO - Processing /root/venv/lib/python3.12/site-packages/airflow/example_dags/plugins/workday.py took 0.030 seconds
[2025-03-13T17:31:53.691+0000] {processor.py:186} INFO - Started process (PID=1658904) to work on /root/venv/lib/python3.12/site-packages/airflow/example_dags/plugins/workday.py
[2025-03-13T17:31:53.693+0000] {processor.py:914} INFO - Processing file /root/venv/lib/python3.12/site-packages/airflow/example_dags/plugins/workday.py for tasks to queue
[2025-03-13T17:31:53.695+0000] {logging_mixin.py:190} INFO - [2025-03-13T17:31:53.695+0000] {dagbag.py:588} INFO - Filling up the DagBag from /root/venv/lib/python3.12/site-packages/airflow/example_dags/plugins/workday.py
[2025-03-13T17:31:53.700+0000] {logging_mixin.py:190} INFO - [2025-03-13T17:31:53.699+0000] {workday.py:41} WARNING - Could not import pandas. Holidays will not be considered.
[2025-03-13T17:31:53.700+0000] {processor.py:927} WARNING - No viable dags retrieved from /root/venv/lib/python3.12/site-packages/airflow/example_dags/plugins/workday.py
[2025-03-13T17:31:53.718+0000] {processor.py:208} INFO - Processing /root/venv/lib/python3.12/site-packages/airflow/example_dags/plugins/workday.py took 0.035 seconds
[2025-03-13T17:32:26.541+0000] {processor.py:186} INFO - Started process (PID=1658938) to work on /root/venv/lib/python3.12/site-packages/airflow/example_dags/plugins/workday.py
[2025-03-13T17:32:26.542+0000] {processor.py:914} INFO - Processing file /root/venv/lib/python3.12/site-packages/airflow/example_dags/plugins/workday.py for tasks to queue
[2025-03-13T17:32:26.546+0000] {logging_mixin.py:190} INFO - [2025-03-13T17:32:26.545+0000] {dagbag.py:588} INFO - Filling up the DagBag from /root/venv/lib/python3.12/site-packages/airflow/example_dags/plugins/workday.py
[2025-03-13T17:32:26.551+0000] {logging_mixin.py:190} INFO - [2025-03-13T17:32:26.551+0000] {workday.py:41} WARNING - Could not import pandas. Holidays will not be considered.
[2025-03-13T17:32:26.552+0000] {processor.py:927} WARNING - No viable dags retrieved from /root/venv/lib/python3.12/site-packages/airflow/example_dags/plugins/workday.py
[2025-03-13T17:32:26.568+0000] {processor.py:208} INFO - Processing /root/venv/lib/python3.12/site-packages/airflow/example_dags/plugins/workday.py took 0.034 seconds
[2025-03-13T17:33:27.267+0000] {processor.py:186} INFO - Started process (PID=1659068) to work on /root/venv/lib/python3.12/site-packages/airflow/example_dags/plugins/workday.py
[2025-03-13T17:33:27.269+0000] {processor.py:914} INFO - Processing file /root/venv/lib/python3.12/site-packages/airflow/example_dags/plugins/workday.py for tasks to queue
[2025-03-13T17:33:27.272+0000] {logging_mixin.py:190} INFO - [2025-03-13T17:33:27.271+0000] {dagbag.py:588} INFO - Filling up the DagBag from /root/venv/lib/python3.12/site-packages/airflow/example_dags/plugins/workday.py
[2025-03-13T17:33:27.276+0000] {logging_mixin.py:190} INFO - [2025-03-13T17:33:27.276+0000] {workday.py:41} WARNING - Could not import pandas. Holidays will not be considered.
[2025-03-13T17:33:27.277+0000] {processor.py:927} WARNING - No viable dags retrieved from /root/venv/lib/python3.12/site-packages/airflow/example_dags/plugins/workday.py
[2025-03-13T17:33:27.293+0000] {processor.py:208} INFO - Processing /root/venv/lib/python3.12/site-packages/airflow/example_dags/plugins/workday.py took 0.033 seconds
[2025-03-13T17:34:40.616+0000] {processor.py:186} INFO - Started process (PID=1659149) to work on /root/venv/lib/python3.12/site-packages/airflow/example_dags/plugins/workday.py
[2025-03-13T17:34:40.617+0000] {processor.py:914} INFO - Processing file /root/venv/lib/python3.12/site-packages/airflow/example_dags/plugins/workday.py for tasks to queue
[2025-03-13T17:34:40.619+0000] {logging_mixin.py:190} INFO - [2025-03-13T17:34:40.619+0000] {dagbag.py:588} INFO - Filling up the DagBag from /root/venv/lib/python3.12/site-packages/airflow/example_dags/plugins/workday.py
[2025-03-13T17:34:40.623+0000] {logging_mixin.py:190} INFO - [2025-03-13T17:34:40.622+0000] {workday.py:41} WARNING - Could not import pandas. Holidays will not be considered.
[2025-03-13T17:34:40.623+0000] {processor.py:927} WARNING - No viable dags retrieved from /root/venv/lib/python3.12/site-packages/airflow/example_dags/plugins/workday.py
[2025-03-13T17:34:40.642+0000] {processor.py:208} INFO - Processing /root/venv/lib/python3.12/site-packages/airflow/example_dags/plugins/workday.py took 0.032 seconds
[2025-03-13T17:35:39.917+0000] {processor.py:186} INFO - Started process (PID=1659214) to work on /root/venv/lib/python3.12/site-packages/airflow/example_dags/plugins/workday.py
[2025-03-13T17:35:39.918+0000] {processor.py:914} INFO - Processing file /root/venv/lib/python3.12/site-packages/airflow/example_dags/plugins/workday.py for tasks to queue
[2025-03-13T17:35:39.921+0000] {logging_mixin.py:190} INFO - [2025-03-13T17:35:39.920+0000] {dagbag.py:588} INFO - Filling up the DagBag from /root/venv/lib/python3.12/site-packages/airflow/example_dags/plugins/workday.py
[2025-03-13T17:35:39.924+0000] {logging_mixin.py:190} INFO - [2025-03-13T17:35:39.924+0000] {workday.py:41} WARNING - Could not import pandas. Holidays will not be considered.
[2025-03-13T17:35:39.925+0000] {processor.py:927} WARNING - No viable dags retrieved from /root/venv/lib/python3.12/site-packages/airflow/example_dags/plugins/workday.py
[2025-03-13T17:35:39.940+0000] {processor.py:208} INFO - Processing /root/venv/lib/python3.12/site-packages/airflow/example_dags/plugins/workday.py took 0.030 seconds
[2025-03-13T17:36:39.496+0000] {processor.py:186} INFO - Started process (PID=1659279) to work on /root/venv/lib/python3.12/site-packages/airflow/example_dags/plugins/workday.py
[2025-03-13T17:36:39.498+0000] {processor.py:914} INFO - Processing file /root/venv/lib/python3.12/site-packages/airflow/example_dags/plugins/workday.py for tasks to queue
[2025-03-13T17:36:39.501+0000] {logging_mixin.py:190} INFO - [2025-03-13T17:36:39.500+0000] {dagbag.py:588} INFO - Filling up the DagBag from /root/venv/lib/python3.12/site-packages/airflow/example_dags/plugins/workday.py
[2025-03-13T17:36:39.504+0000] {logging_mixin.py:190} INFO - [2025-03-13T17:36:39.504+0000] {workday.py:41} WARNING - Could not import pandas. Holidays will not be considered.
[2025-03-13T17:36:39.505+0000] {processor.py:927} WARNING - No viable dags retrieved from /root/venv/lib/python3.12/site-packages/airflow/example_dags/plugins/workday.py
[2025-03-13T17:36:39.518+0000] {processor.py:208} INFO - Processing /root/venv/lib/python3.12/site-packages/airflow/example_dags/plugins/workday.py took 0.031 seconds
[2025-03-13T17:37:40.275+0000] {processor.py:186} INFO - Started process (PID=1659340) to work on /root/venv/lib/python3.12/site-packages/airflow/example_dags/plugins/workday.py
[2025-03-13T17:37:40.276+0000] {processor.py:914} INFO - Processing file /root/venv/lib/python3.12/site-packages/airflow/example_dags/plugins/workday.py for tasks to queue
[2025-03-13T17:37:40.278+0000] {logging_mixin.py:190} INFO - [2025-03-13T17:37:40.278+0000] {dagbag.py:588} INFO - Filling up the DagBag from /root/venv/lib/python3.12/site-packages/airflow/example_dags/plugins/workday.py
[2025-03-13T17:37:40.283+0000] {logging_mixin.py:190} INFO - [2025-03-13T17:37:40.282+0000] {workday.py:41} WARNING - Could not import pandas. Holidays will not be considered.
[2025-03-13T17:37:40.283+0000] {processor.py:927} WARNING - No viable dags retrieved from /root/venv/lib/python3.12/site-packages/airflow/example_dags/plugins/workday.py
[2025-03-13T17:37:40.298+0000] {processor.py:208} INFO - Processing /root/venv/lib/python3.12/site-packages/airflow/example_dags/plugins/workday.py took 0.030 seconds
[2025-03-13T17:38:43.598+0000] {processor.py:186} INFO - Started process (PID=1659403) to work on /root/venv/lib/python3.12/site-packages/airflow/example_dags/plugins/workday.py
[2025-03-13T17:38:43.600+0000] {processor.py:914} INFO - Processing file /root/venv/lib/python3.12/site-packages/airflow/example_dags/plugins/workday.py for tasks to queue
[2025-03-13T17:38:43.604+0000] {logging_mixin.py:190} INFO - [2025-03-13T17:38:43.603+0000] {dagbag.py:588} INFO - Filling up the DagBag from /root/venv/lib/python3.12/site-packages/airflow/example_dags/plugins/workday.py
[2025-03-13T17:38:43.609+0000] {logging_mixin.py:190} INFO - [2025-03-13T17:38:43.609+0000] {workday.py:41} WARNING - Could not import pandas. Holidays will not be considered.
[2025-03-13T17:38:43.609+0000] {processor.py:927} WARNING - No viable dags retrieved from /root/venv/lib/python3.12/site-packages/airflow/example_dags/plugins/workday.py
[2025-03-13T17:38:43.627+0000] {processor.py:208} INFO - Processing /root/venv/lib/python3.12/site-packages/airflow/example_dags/plugins/workday.py took 0.039 seconds
[2025-03-13T17:39:44.693+0000] {processor.py:186} INFO - Started process (PID=1659465) to work on /root/venv/lib/python3.12/site-packages/airflow/example_dags/plugins/workday.py
[2025-03-13T17:39:44.695+0000] {processor.py:914} INFO - Processing file /root/venv/lib/python3.12/site-packages/airflow/example_dags/plugins/workday.py for tasks to queue
[2025-03-13T17:39:44.697+0000] {logging_mixin.py:190} INFO - [2025-03-13T17:39:44.697+0000] {dagbag.py:588} INFO - Filling up the DagBag from /root/venv/lib/python3.12/site-packages/airflow/example_dags/plugins/workday.py
[2025-03-13T17:39:44.700+0000] {logging_mixin.py:190} INFO - [2025-03-13T17:39:44.700+0000] {workday.py:41} WARNING - Could not import pandas. Holidays will not be considered.
[2025-03-13T17:39:44.701+0000] {processor.py:927} WARNING - No viable dags retrieved from /root/venv/lib/python3.12/site-packages/airflow/example_dags/plugins/workday.py
[2025-03-13T17:39:44.714+0000] {processor.py:208} INFO - Processing /root/venv/lib/python3.12/site-packages/airflow/example_dags/plugins/workday.py took 0.028 seconds
[2025-03-13T17:40:43.769+0000] {processor.py:186} INFO - Started process (PID=1659531) to work on /root/venv/lib/python3.12/site-packages/airflow/example_dags/plugins/workday.py
[2025-03-13T17:40:43.770+0000] {processor.py:914} INFO - Processing file /root/venv/lib/python3.12/site-packages/airflow/example_dags/plugins/workday.py for tasks to queue
[2025-03-13T17:40:43.773+0000] {logging_mixin.py:190} INFO - [2025-03-13T17:40:43.773+0000] {dagbag.py:588} INFO - Filling up the DagBag from /root/venv/lib/python3.12/site-packages/airflow/example_dags/plugins/workday.py
[2025-03-13T17:40:43.778+0000] {logging_mixin.py:190} INFO - [2025-03-13T17:40:43.777+0000] {workday.py:41} WARNING - Could not import pandas. Holidays will not be considered.
[2025-03-13T17:40:43.778+0000] {processor.py:927} WARNING - No viable dags retrieved from /root/venv/lib/python3.12/site-packages/airflow/example_dags/plugins/workday.py
[2025-03-13T17:40:43.798+0000] {processor.py:208} INFO - Processing /root/venv/lib/python3.12/site-packages/airflow/example_dags/plugins/workday.py took 0.037 seconds
[2025-03-13T17:41:47.255+0000] {processor.py:186} INFO - Started process (PID=1659597) to work on /root/venv/lib/python3.12/site-packages/airflow/example_dags/plugins/workday.py
[2025-03-13T17:41:47.257+0000] {processor.py:914} INFO - Processing file /root/venv/lib/python3.12/site-packages/airflow/example_dags/plugins/workday.py for tasks to queue
[2025-03-13T17:41:47.260+0000] {logging_mixin.py:190} INFO - [2025-03-13T17:41:47.259+0000] {dagbag.py:588} INFO - Filling up the DagBag from /root/venv/lib/python3.12/site-packages/airflow/example_dags/plugins/workday.py
[2025-03-13T17:41:47.263+0000] {logging_mixin.py:190} INFO - [2025-03-13T17:41:47.263+0000] {workday.py:41} WARNING - Could not import pandas. Holidays will not be considered.
[2025-03-13T17:41:47.264+0000] {processor.py:927} WARNING - No viable dags retrieved from /root/venv/lib/python3.12/site-packages/airflow/example_dags/plugins/workday.py
[2025-03-13T17:41:47.278+0000] {processor.py:208} INFO - Processing /root/venv/lib/python3.12/site-packages/airflow/example_dags/plugins/workday.py took 0.030 seconds
[2025-03-13T17:42:21.925+0000] {processor.py:186} INFO - Started process (PID=1659635) to work on /root/venv/lib/python3.12/site-packages/airflow/example_dags/plugins/workday.py
[2025-03-13T17:42:21.927+0000] {processor.py:914} INFO - Processing file /root/venv/lib/python3.12/site-packages/airflow/example_dags/plugins/workday.py for tasks to queue
[2025-03-13T17:42:21.930+0000] {logging_mixin.py:190} INFO - [2025-03-13T17:42:21.929+0000] {dagbag.py:588} INFO - Filling up the DagBag from /root/venv/lib/python3.12/site-packages/airflow/example_dags/plugins/workday.py
[2025-03-13T17:42:21.934+0000] {logging_mixin.py:190} INFO - [2025-03-13T17:42:21.934+0000] {workday.py:41} WARNING - Could not import pandas. Holidays will not be considered.
[2025-03-13T17:42:21.935+0000] {processor.py:927} WARNING - No viable dags retrieved from /root/venv/lib/python3.12/site-packages/airflow/example_dags/plugins/workday.py
[2025-03-13T17:42:21.951+0000] {processor.py:208} INFO - Processing /root/venv/lib/python3.12/site-packages/airflow/example_dags/plugins/workday.py took 0.034 seconds
[2025-03-13T17:43:21.670+0000] {processor.py:186} INFO - Started process (PID=1659693) to work on /root/venv/lib/python3.12/site-packages/airflow/example_dags/plugins/workday.py
[2025-03-13T17:43:21.672+0000] {processor.py:914} INFO - Processing file /root/venv/lib/python3.12/site-packages/airflow/example_dags/plugins/workday.py for tasks to queue
[2025-03-13T17:43:21.675+0000] {logging_mixin.py:190} INFO - [2025-03-13T17:43:21.674+0000] {dagbag.py:588} INFO - Filling up the DagBag from /root/venv/lib/python3.12/site-packages/airflow/example_dags/plugins/workday.py
[2025-03-13T17:43:21.679+0000] {logging_mixin.py:190} INFO - [2025-03-13T17:43:21.679+0000] {workday.py:41} WARNING - Could not import pandas. Holidays will not be considered.
[2025-03-13T17:43:21.680+0000] {processor.py:927} WARNING - No viable dags retrieved from /root/venv/lib/python3.12/site-packages/airflow/example_dags/plugins/workday.py
[2025-03-13T17:43:21.693+0000] {processor.py:208} INFO - Processing /root/venv/lib/python3.12/site-packages/airflow/example_dags/plugins/workday.py took 0.030 seconds
[2025-03-13T17:44:22.968+0000] {processor.py:186} INFO - Started process (PID=1659771) to work on /root/venv/lib/python3.12/site-packages/airflow/example_dags/plugins/workday.py
[2025-03-13T17:44:22.970+0000] {processor.py:914} INFO - Processing file /root/venv/lib/python3.12/site-packages/airflow/example_dags/plugins/workday.py for tasks to queue
[2025-03-13T17:44:22.974+0000] {logging_mixin.py:190} INFO - [2025-03-13T17:44:22.973+0000] {dagbag.py:588} INFO - Filling up the DagBag from /root/venv/lib/python3.12/site-packages/airflow/example_dags/plugins/workday.py
[2025-03-13T17:44:22.979+0000] {logging_mixin.py:190} INFO - [2025-03-13T17:44:22.978+0000] {workday.py:41} WARNING - Could not import pandas. Holidays will not be considered.
[2025-03-13T17:44:22.980+0000] {processor.py:927} WARNING - No viable dags retrieved from /root/venv/lib/python3.12/site-packages/airflow/example_dags/plugins/workday.py
[2025-03-13T17:44:23.000+0000] {processor.py:208} INFO - Processing /root/venv/lib/python3.12/site-packages/airflow/example_dags/plugins/workday.py took 0.040 seconds
[2025-03-13T17:45:27.305+0000] {processor.py:186} INFO - Started process (PID=1659840) to work on /root/venv/lib/python3.12/site-packages/airflow/example_dags/plugins/workday.py
[2025-03-13T17:45:27.307+0000] {processor.py:914} INFO - Processing file /root/venv/lib/python3.12/site-packages/airflow/example_dags/plugins/workday.py for tasks to queue
[2025-03-13T17:45:27.311+0000] {logging_mixin.py:190} INFO - [2025-03-13T17:45:27.310+0000] {dagbag.py:588} INFO - Filling up the DagBag from /root/venv/lib/python3.12/site-packages/airflow/example_dags/plugins/workday.py
[2025-03-13T17:45:27.316+0000] {logging_mixin.py:190} INFO - [2025-03-13T17:45:27.316+0000] {workday.py:41} WARNING - Could not import pandas. Holidays will not be considered.
[2025-03-13T17:45:27.317+0000] {processor.py:927} WARNING - No viable dags retrieved from /root/venv/lib/python3.12/site-packages/airflow/example_dags/plugins/workday.py
[2025-03-13T17:45:27.338+0000] {processor.py:208} INFO - Processing /root/venv/lib/python3.12/site-packages/airflow/example_dags/plugins/workday.py took 0.045 seconds
[2025-03-13T17:46:32.270+0000] {processor.py:186} INFO - Started process (PID=1659906) to work on /root/venv/lib/python3.12/site-packages/airflow/example_dags/plugins/workday.py
[2025-03-13T17:46:32.272+0000] {processor.py:914} INFO - Processing file /root/venv/lib/python3.12/site-packages/airflow/example_dags/plugins/workday.py for tasks to queue
[2025-03-13T17:46:32.274+0000] {logging_mixin.py:190} INFO - [2025-03-13T17:46:32.274+0000] {dagbag.py:588} INFO - Filling up the DagBag from /root/venv/lib/python3.12/site-packages/airflow/example_dags/plugins/workday.py
[2025-03-13T17:46:32.278+0000] {logging_mixin.py:190} INFO - [2025-03-13T17:46:32.278+0000] {workday.py:41} WARNING - Could not import pandas. Holidays will not be considered.
[2025-03-13T17:46:32.279+0000] {processor.py:927} WARNING - No viable dags retrieved from /root/venv/lib/python3.12/site-packages/airflow/example_dags/plugins/workday.py
[2025-03-13T17:46:32.294+0000] {processor.py:208} INFO - Processing /root/venv/lib/python3.12/site-packages/airflow/example_dags/plugins/workday.py took 0.033 seconds
[2025-03-13T17:47:31.213+0000] {processor.py:186} INFO - Started process (PID=1659968) to work on /root/venv/lib/python3.12/site-packages/airflow/example_dags/plugins/workday.py
[2025-03-13T17:47:31.215+0000] {processor.py:914} INFO - Processing file /root/venv/lib/python3.12/site-packages/airflow/example_dags/plugins/workday.py for tasks to queue
[2025-03-13T17:47:31.218+0000] {logging_mixin.py:190} INFO - [2025-03-13T17:47:31.218+0000] {dagbag.py:588} INFO - Filling up the DagBag from /root/venv/lib/python3.12/site-packages/airflow/example_dags/plugins/workday.py
[2025-03-13T17:47:31.223+0000] {logging_mixin.py:190} INFO - [2025-03-13T17:47:31.223+0000] {workday.py:41} WARNING - Could not import pandas. Holidays will not be considered.
[2025-03-13T17:47:31.224+0000] {processor.py:927} WARNING - No viable dags retrieved from /root/venv/lib/python3.12/site-packages/airflow/example_dags/plugins/workday.py
[2025-03-13T17:47:31.243+0000] {processor.py:208} INFO - Processing /root/venv/lib/python3.12/site-packages/airflow/example_dags/plugins/workday.py took 0.040 seconds
[2025-03-13T17:48:31.237+0000] {processor.py:186} INFO - Started process (PID=1660030) to work on /root/venv/lib/python3.12/site-packages/airflow/example_dags/plugins/workday.py
[2025-03-13T17:48:31.239+0000] {processor.py:914} INFO - Processing file /root/venv/lib/python3.12/site-packages/airflow/example_dags/plugins/workday.py for tasks to queue
[2025-03-13T17:48:31.243+0000] {logging_mixin.py:190} INFO - [2025-03-13T17:48:31.242+0000] {dagbag.py:588} INFO - Filling up the DagBag from /root/venv/lib/python3.12/site-packages/airflow/example_dags/plugins/workday.py
[2025-03-13T17:48:31.248+0000] {logging_mixin.py:190} INFO - [2025-03-13T17:48:31.248+0000] {workday.py:41} WARNING - Could not import pandas. Holidays will not be considered.
[2025-03-13T17:48:31.249+0000] {processor.py:927} WARNING - No viable dags retrieved from /root/venv/lib/python3.12/site-packages/airflow/example_dags/plugins/workday.py
[2025-03-13T17:48:31.269+0000] {processor.py:208} INFO - Processing /root/venv/lib/python3.12/site-packages/airflow/example_dags/plugins/workday.py took 0.040 seconds
[2025-03-13T17:49:32.894+0000] {processor.py:186} INFO - Started process (PID=1660094) to work on /root/venv/lib/python3.12/site-packages/airflow/example_dags/plugins/workday.py
[2025-03-13T17:49:32.896+0000] {processor.py:914} INFO - Processing file /root/venv/lib/python3.12/site-packages/airflow/example_dags/plugins/workday.py for tasks to queue
[2025-03-13T17:49:32.899+0000] {logging_mixin.py:190} INFO - [2025-03-13T17:49:32.899+0000] {dagbag.py:588} INFO - Filling up the DagBag from /root/venv/lib/python3.12/site-packages/airflow/example_dags/plugins/workday.py
[2025-03-13T17:49:32.904+0000] {logging_mixin.py:190} INFO - [2025-03-13T17:49:32.903+0000] {workday.py:41} WARNING - Could not import pandas. Holidays will not be considered.
[2025-03-13T17:49:32.904+0000] {processor.py:927} WARNING - No viable dags retrieved from /root/venv/lib/python3.12/site-packages/airflow/example_dags/plugins/workday.py
[2025-03-13T17:49:32.919+0000] {processor.py:208} INFO - Processing /root/venv/lib/python3.12/site-packages/airflow/example_dags/plugins/workday.py took 0.033 seconds
[2025-03-13T17:50:07.471+0000] {processor.py:186} INFO - Started process (PID=1660126) to work on /root/venv/lib/python3.12/site-packages/airflow/example_dags/plugins/workday.py
[2025-03-13T17:50:07.473+0000] {processor.py:914} INFO - Processing file /root/venv/lib/python3.12/site-packages/airflow/example_dags/plugins/workday.py for tasks to queue
[2025-03-13T17:50:07.477+0000] {logging_mixin.py:190} INFO - [2025-03-13T17:50:07.476+0000] {dagbag.py:588} INFO - Filling up the DagBag from /root/venv/lib/python3.12/site-packages/airflow/example_dags/plugins/workday.py
[2025-03-13T17:50:07.482+0000] {logging_mixin.py:190} INFO - [2025-03-13T17:50:07.481+0000] {workday.py:41} WARNING - Could not import pandas. Holidays will not be considered.
[2025-03-13T17:50:07.482+0000] {processor.py:927} WARNING - No viable dags retrieved from /root/venv/lib/python3.12/site-packages/airflow/example_dags/plugins/workday.py
[2025-03-13T17:50:07.501+0000] {processor.py:208} INFO - Processing /root/venv/lib/python3.12/site-packages/airflow/example_dags/plugins/workday.py took 0.042 seconds
[2025-03-13T17:51:09.878+0000] {processor.py:186} INFO - Started process (PID=1660195) to work on /root/venv/lib/python3.12/site-packages/airflow/example_dags/plugins/workday.py
[2025-03-13T17:51:09.880+0000] {processor.py:914} INFO - Processing file /root/venv/lib/python3.12/site-packages/airflow/example_dags/plugins/workday.py for tasks to queue
[2025-03-13T17:51:09.883+0000] {logging_mixin.py:190} INFO - [2025-03-13T17:51:09.883+0000] {dagbag.py:588} INFO - Filling up the DagBag from /root/venv/lib/python3.12/site-packages/airflow/example_dags/plugins/workday.py
[2025-03-13T17:51:09.888+0000] {logging_mixin.py:190} INFO - [2025-03-13T17:51:09.888+0000] {workday.py:41} WARNING - Could not import pandas. Holidays will not be considered.
[2025-03-13T17:51:09.889+0000] {processor.py:927} WARNING - No viable dags retrieved from /root/venv/lib/python3.12/site-packages/airflow/example_dags/plugins/workday.py
[2025-03-13T17:51:09.906+0000] {processor.py:208} INFO - Processing /root/venv/lib/python3.12/site-packages/airflow/example_dags/plugins/workday.py took 0.039 seconds
[2025-03-13T17:52:13.732+0000] {processor.py:186} INFO - Started process (PID=1660257) to work on /root/venv/lib/python3.12/site-packages/airflow/example_dags/plugins/workday.py
[2025-03-13T17:52:13.733+0000] {processor.py:914} INFO - Processing file /root/venv/lib/python3.12/site-packages/airflow/example_dags/plugins/workday.py for tasks to queue
[2025-03-13T17:52:13.736+0000] {logging_mixin.py:190} INFO - [2025-03-13T17:52:13.736+0000] {dagbag.py:588} INFO - Filling up the DagBag from /root/venv/lib/python3.12/site-packages/airflow/example_dags/plugins/workday.py
[2025-03-13T17:52:13.740+0000] {logging_mixin.py:190} INFO - [2025-03-13T17:52:13.740+0000] {workday.py:41} WARNING - Could not import pandas. Holidays will not be considered.
[2025-03-13T17:52:13.741+0000] {processor.py:927} WARNING - No viable dags retrieved from /root/venv/lib/python3.12/site-packages/airflow/example_dags/plugins/workday.py
[2025-03-13T17:52:13.756+0000] {processor.py:208} INFO - Processing /root/venv/lib/python3.12/site-packages/airflow/example_dags/plugins/workday.py took 0.032 seconds
[2025-03-13T17:53:16.616+0000] {processor.py:186} INFO - Started process (PID=1660320) to work on /root/venv/lib/python3.12/site-packages/airflow/example_dags/plugins/workday.py
[2025-03-13T17:53:16.618+0000] {processor.py:914} INFO - Processing file /root/venv/lib/python3.12/site-packages/airflow/example_dags/plugins/workday.py for tasks to queue
[2025-03-13T17:53:16.623+0000] {logging_mixin.py:190} INFO - [2025-03-13T17:53:16.622+0000] {dagbag.py:588} INFO - Filling up the DagBag from /root/venv/lib/python3.12/site-packages/airflow/example_dags/plugins/workday.py
[2025-03-13T17:53:16.630+0000] {logging_mixin.py:190} INFO - [2025-03-13T17:53:16.629+0000] {workday.py:41} WARNING - Could not import pandas. Holidays will not be considered.
[2025-03-13T17:53:16.630+0000] {processor.py:927} WARNING - No viable dags retrieved from /root/venv/lib/python3.12/site-packages/airflow/example_dags/plugins/workday.py
[2025-03-13T17:53:16.653+0000] {processor.py:208} INFO - Processing /root/venv/lib/python3.12/site-packages/airflow/example_dags/plugins/workday.py took 0.046 seconds
[2025-03-13T17:54:18.990+0000] {processor.py:186} INFO - Started process (PID=1660383) to work on /root/venv/lib/python3.12/site-packages/airflow/example_dags/plugins/workday.py
[2025-03-13T17:54:18.992+0000] {processor.py:914} INFO - Processing file /root/venv/lib/python3.12/site-packages/airflow/example_dags/plugins/workday.py for tasks to queue
[2025-03-13T17:54:18.995+0000] {logging_mixin.py:190} INFO - [2025-03-13T17:54:18.994+0000] {dagbag.py:588} INFO - Filling up the DagBag from /root/venv/lib/python3.12/site-packages/airflow/example_dags/plugins/workday.py
[2025-03-13T17:54:18.998+0000] {logging_mixin.py:190} INFO - [2025-03-13T17:54:18.998+0000] {workday.py:41} WARNING - Could not import pandas. Holidays will not be considered.
[2025-03-13T17:54:18.999+0000] {processor.py:927} WARNING - No viable dags retrieved from /root/venv/lib/python3.12/site-packages/airflow/example_dags/plugins/workday.py
[2025-03-13T17:54:19.013+0000] {processor.py:208} INFO - Processing /root/venv/lib/python3.12/site-packages/airflow/example_dags/plugins/workday.py took 0.030 seconds
[2025-03-13T17:55:35.836+0000] {processor.py:186} INFO - Started process (PID=1660475) to work on /root/venv/lib/python3.12/site-packages/airflow/example_dags/plugins/workday.py
[2025-03-13T17:55:35.838+0000] {processor.py:914} INFO - Processing file /root/venv/lib/python3.12/site-packages/airflow/example_dags/plugins/workday.py for tasks to queue
[2025-03-13T17:55:35.842+0000] {logging_mixin.py:190} INFO - [2025-03-13T17:55:35.841+0000] {dagbag.py:588} INFO - Filling up the DagBag from /root/venv/lib/python3.12/site-packages/airflow/example_dags/plugins/workday.py
[2025-03-13T17:55:35.847+0000] {logging_mixin.py:190} INFO - [2025-03-13T17:55:35.847+0000] {workday.py:41} WARNING - Could not import pandas. Holidays will not be considered.
[2025-03-13T17:55:35.848+0000] {processor.py:927} WARNING - No viable dags retrieved from /root/venv/lib/python3.12/site-packages/airflow/example_dags/plugins/workday.py
[2025-03-13T17:55:35.869+0000] {processor.py:208} INFO - Processing /root/venv/lib/python3.12/site-packages/airflow/example_dags/plugins/workday.py took 0.043 seconds
[2025-03-13T17:56:29.808+0000] {processor.py:186} INFO - Started process (PID=1660543) to work on /root/venv/lib/python3.12/site-packages/airflow/example_dags/plugins/workday.py
[2025-03-13T17:56:29.810+0000] {processor.py:914} INFO - Processing file /root/venv/lib/python3.12/site-packages/airflow/example_dags/plugins/workday.py for tasks to queue
[2025-03-13T17:56:29.813+0000] {logging_mixin.py:190} INFO - [2025-03-13T17:56:29.813+0000] {dagbag.py:588} INFO - Filling up the DagBag from /root/venv/lib/python3.12/site-packages/airflow/example_dags/plugins/workday.py
[2025-03-13T17:56:29.818+0000] {logging_mixin.py:190} INFO - [2025-03-13T17:56:29.817+0000] {workday.py:41} WARNING - Could not import pandas. Holidays will not be considered.
[2025-03-13T17:56:29.818+0000] {processor.py:927} WARNING - No viable dags retrieved from /root/venv/lib/python3.12/site-packages/airflow/example_dags/plugins/workday.py
[2025-03-13T17:56:29.836+0000] {processor.py:208} INFO - Processing /root/venv/lib/python3.12/site-packages/airflow/example_dags/plugins/workday.py took 0.036 seconds
[2025-03-13T17:57:28.304+0000] {processor.py:186} INFO - Started process (PID=1660608) to work on /root/venv/lib/python3.12/site-packages/airflow/example_dags/plugins/workday.py
[2025-03-13T17:57:28.306+0000] {processor.py:914} INFO - Processing file /root/venv/lib/python3.12/site-packages/airflow/example_dags/plugins/workday.py for tasks to queue
[2025-03-13T17:57:28.309+0000] {logging_mixin.py:190} INFO - [2025-03-13T17:57:28.308+0000] {dagbag.py:588} INFO - Filling up the DagBag from /root/venv/lib/python3.12/site-packages/airflow/example_dags/plugins/workday.py
[2025-03-13T17:57:28.313+0000] {logging_mixin.py:190} INFO - [2025-03-13T17:57:28.313+0000] {workday.py:41} WARNING - Could not import pandas. Holidays will not be considered.
[2025-03-13T17:57:28.314+0000] {processor.py:927} WARNING - No viable dags retrieved from /root/venv/lib/python3.12/site-packages/airflow/example_dags/plugins/workday.py
[2025-03-13T17:57:28.328+0000] {processor.py:208} INFO - Processing /root/venv/lib/python3.12/site-packages/airflow/example_dags/plugins/workday.py took 0.034 seconds
[2025-03-13T17:58:27.993+0000] {processor.py:186} INFO - Started process (PID=1660679) to work on /root/venv/lib/python3.12/site-packages/airflow/example_dags/plugins/workday.py
[2025-03-13T17:58:27.995+0000] {processor.py:914} INFO - Processing file /root/venv/lib/python3.12/site-packages/airflow/example_dags/plugins/workday.py for tasks to queue
[2025-03-13T17:58:27.998+0000] {logging_mixin.py:190} INFO - [2025-03-13T17:58:27.998+0000] {dagbag.py:588} INFO - Filling up the DagBag from /root/venv/lib/python3.12/site-packages/airflow/example_dags/plugins/workday.py
[2025-03-13T17:58:28.003+0000] {logging_mixin.py:190} INFO - [2025-03-13T17:58:28.003+0000] {workday.py:41} WARNING - Could not import pandas. Holidays will not be considered.
[2025-03-13T17:58:28.004+0000] {processor.py:927} WARNING - No viable dags retrieved from /root/venv/lib/python3.12/site-packages/airflow/example_dags/plugins/workday.py
[2025-03-13T17:58:28.024+0000] {processor.py:208} INFO - Processing /root/venv/lib/python3.12/site-packages/airflow/example_dags/plugins/workday.py took 0.040 seconds
[2025-03-13T17:59:25.648+0000] {processor.py:186} INFO - Started process (PID=1660738) to work on /root/venv/lib/python3.12/site-packages/airflow/example_dags/plugins/workday.py
[2025-03-13T17:59:25.650+0000] {processor.py:914} INFO - Processing file /root/venv/lib/python3.12/site-packages/airflow/example_dags/plugins/workday.py for tasks to queue
[2025-03-13T17:59:25.653+0000] {logging_mixin.py:190} INFO - [2025-03-13T17:59:25.652+0000] {dagbag.py:588} INFO - Filling up the DagBag from /root/venv/lib/python3.12/site-packages/airflow/example_dags/plugins/workday.py
[2025-03-13T17:59:25.656+0000] {logging_mixin.py:190} INFO - [2025-03-13T17:59:25.656+0000] {workday.py:41} WARNING - Could not import pandas. Holidays will not be considered.
[2025-03-13T17:59:25.657+0000] {processor.py:927} WARNING - No viable dags retrieved from /root/venv/lib/python3.12/site-packages/airflow/example_dags/plugins/workday.py
[2025-03-13T17:59:25.672+0000] {processor.py:208} INFO - Processing /root/venv/lib/python3.12/site-packages/airflow/example_dags/plugins/workday.py took 0.031 seconds
[2025-03-13T18:00:27.567+0000] {processor.py:186} INFO - Started process (PID=1660803) to work on /root/venv/lib/python3.12/site-packages/airflow/example_dags/plugins/workday.py
[2025-03-13T18:00:27.569+0000] {processor.py:914} INFO - Processing file /root/venv/lib/python3.12/site-packages/airflow/example_dags/plugins/workday.py for tasks to queue
[2025-03-13T18:00:27.574+0000] {logging_mixin.py:190} INFO - [2025-03-13T18:00:27.573+0000] {dagbag.py:588} INFO - Filling up the DagBag from /root/venv/lib/python3.12/site-packages/airflow/example_dags/plugins/workday.py
[2025-03-13T18:00:27.579+0000] {logging_mixin.py:190} INFO - [2025-03-13T18:00:27.579+0000] {workday.py:41} WARNING - Could not import pandas. Holidays will not be considered.
[2025-03-13T18:00:27.580+0000] {processor.py:927} WARNING - No viable dags retrieved from /root/venv/lib/python3.12/site-packages/airflow/example_dags/plugins/workday.py
[2025-03-13T18:00:27.603+0000] {processor.py:208} INFO - Processing /root/venv/lib/python3.12/site-packages/airflow/example_dags/plugins/workday.py took 0.049 seconds
[2025-03-13T18:01:23.604+0000] {processor.py:186} INFO - Started process (PID=1660864) to work on /root/venv/lib/python3.12/site-packages/airflow/example_dags/plugins/workday.py
[2025-03-13T18:01:23.606+0000] {processor.py:914} INFO - Processing file /root/venv/lib/python3.12/site-packages/airflow/example_dags/plugins/workday.py for tasks to queue
[2025-03-13T18:01:23.608+0000] {logging_mixin.py:190} INFO - [2025-03-13T18:01:23.608+0000] {dagbag.py:588} INFO - Filling up the DagBag from /root/venv/lib/python3.12/site-packages/airflow/example_dags/plugins/workday.py
[2025-03-13T18:01:23.612+0000] {logging_mixin.py:190} INFO - [2025-03-13T18:01:23.612+0000] {workday.py:41} WARNING - Could not import pandas. Holidays will not be considered.
[2025-03-13T18:01:23.612+0000] {processor.py:927} WARNING - No viable dags retrieved from /root/venv/lib/python3.12/site-packages/airflow/example_dags/plugins/workday.py
[2025-03-13T18:01:23.631+0000] {processor.py:208} INFO - Processing /root/venv/lib/python3.12/site-packages/airflow/example_dags/plugins/workday.py took 0.034 seconds
[2025-03-13T18:02:01.913+0000] {processor.py:186} INFO - Started process (PID=1660912) to work on /root/venv/lib/python3.12/site-packages/airflow/example_dags/plugins/workday.py
[2025-03-13T18:02:01.916+0000] {processor.py:914} INFO - Processing file /root/venv/lib/python3.12/site-packages/airflow/example_dags/plugins/workday.py for tasks to queue
[2025-03-13T18:02:01.920+0000] {logging_mixin.py:190} INFO - [2025-03-13T18:02:01.919+0000] {dagbag.py:588} INFO - Filling up the DagBag from /root/venv/lib/python3.12/site-packages/airflow/example_dags/plugins/workday.py
[2025-03-13T18:02:01.927+0000] {logging_mixin.py:190} INFO - [2025-03-13T18:02:01.926+0000] {workday.py:41} WARNING - Could not import pandas. Holidays will not be considered.
[2025-03-13T18:02:01.927+0000] {processor.py:927} WARNING - No viable dags retrieved from /root/venv/lib/python3.12/site-packages/airflow/example_dags/plugins/workday.py
[2025-03-13T18:02:01.951+0000] {processor.py:208} INFO - Processing /root/venv/lib/python3.12/site-packages/airflow/example_dags/plugins/workday.py took 0.049 seconds
[2025-03-13T18:03:03.280+0000] {processor.py:186} INFO - Started process (PID=1660979) to work on /root/venv/lib/python3.12/site-packages/airflow/example_dags/plugins/workday.py
[2025-03-13T18:03:03.282+0000] {processor.py:914} INFO - Processing file /root/venv/lib/python3.12/site-packages/airflow/example_dags/plugins/workday.py for tasks to queue
[2025-03-13T18:03:03.286+0000] {logging_mixin.py:190} INFO - [2025-03-13T18:03:03.286+0000] {dagbag.py:588} INFO - Filling up the DagBag from /root/venv/lib/python3.12/site-packages/airflow/example_dags/plugins/workday.py
[2025-03-13T18:03:03.292+0000] {logging_mixin.py:190} INFO - [2025-03-13T18:03:03.292+0000] {workday.py:41} WARNING - Could not import pandas. Holidays will not be considered.
[2025-03-13T18:03:03.293+0000] {processor.py:927} WARNING - No viable dags retrieved from /root/venv/lib/python3.12/site-packages/airflow/example_dags/plugins/workday.py
[2025-03-13T18:03:03.315+0000] {processor.py:208} INFO - Processing /root/venv/lib/python3.12/site-packages/airflow/example_dags/plugins/workday.py took 0.045 seconds
[2025-03-13T18:04:11.912+0000] {processor.py:186} INFO - Started process (PID=1661044) to work on /root/venv/lib/python3.12/site-packages/airflow/example_dags/plugins/workday.py
[2025-03-13T18:04:11.913+0000] {processor.py:914} INFO - Processing file /root/venv/lib/python3.12/site-packages/airflow/example_dags/plugins/workday.py for tasks to queue
[2025-03-13T18:04:11.917+0000] {logging_mixin.py:190} INFO - [2025-03-13T18:04:11.916+0000] {dagbag.py:588} INFO - Filling up the DagBag from /root/venv/lib/python3.12/site-packages/airflow/example_dags/plugins/workday.py
[2025-03-13T18:04:11.922+0000] {logging_mixin.py:190} INFO - [2025-03-13T18:04:11.921+0000] {workday.py:41} WARNING - Could not import pandas. Holidays will not be considered.
[2025-03-13T18:04:11.922+0000] {processor.py:927} WARNING - No viable dags retrieved from /root/venv/lib/python3.12/site-packages/airflow/example_dags/plugins/workday.py
[2025-03-13T18:04:11.944+0000] {processor.py:208} INFO - Processing /root/venv/lib/python3.12/site-packages/airflow/example_dags/plugins/workday.py took 0.041 seconds
[2025-03-13T18:04:51.852+0000] {processor.py:186} INFO - Started process (PID=1661081) to work on /root/venv/lib/python3.12/site-packages/airflow/example_dags/plugins/workday.py
[2025-03-13T18:04:51.854+0000] {processor.py:914} INFO - Processing file /root/venv/lib/python3.12/site-packages/airflow/example_dags/plugins/workday.py for tasks to queue
[2025-03-13T18:04:51.857+0000] {logging_mixin.py:190} INFO - [2025-03-13T18:04:51.857+0000] {dagbag.py:588} INFO - Filling up the DagBag from /root/venv/lib/python3.12/site-packages/airflow/example_dags/plugins/workday.py
[2025-03-13T18:04:51.862+0000] {logging_mixin.py:190} INFO - [2025-03-13T18:04:51.862+0000] {workday.py:41} WARNING - Could not import pandas. Holidays will not be considered.
[2025-03-13T18:04:51.862+0000] {processor.py:927} WARNING - No viable dags retrieved from /root/venv/lib/python3.12/site-packages/airflow/example_dags/plugins/workday.py
[2025-03-13T18:04:51.878+0000] {processor.py:208} INFO - Processing /root/venv/lib/python3.12/site-packages/airflow/example_dags/plugins/workday.py took 0.035 seconds
[2025-03-13T18:05:28.788+0000] {processor.py:186} INFO - Started process (PID=1661120) to work on /root/venv/lib/python3.12/site-packages/airflow/example_dags/plugins/workday.py
[2025-03-13T18:05:28.789+0000] {processor.py:914} INFO - Processing file /root/venv/lib/python3.12/site-packages/airflow/example_dags/plugins/workday.py for tasks to queue
[2025-03-13T18:05:28.793+0000] {logging_mixin.py:190} INFO - [2025-03-13T18:05:28.792+0000] {dagbag.py:588} INFO - Filling up the DagBag from /root/venv/lib/python3.12/site-packages/airflow/example_dags/plugins/workday.py
[2025-03-13T18:05:28.797+0000] {logging_mixin.py:190} INFO - [2025-03-13T18:05:28.797+0000] {workday.py:41} WARNING - Could not import pandas. Holidays will not be considered.
[2025-03-13T18:05:28.798+0000] {processor.py:927} WARNING - No viable dags retrieved from /root/venv/lib/python3.12/site-packages/airflow/example_dags/plugins/workday.py
[2025-03-13T18:05:28.815+0000] {processor.py:208} INFO - Processing /root/venv/lib/python3.12/site-packages/airflow/example_dags/plugins/workday.py took 0.036 seconds
[2025-03-13T18:06:03.427+0000] {processor.py:186} INFO - Started process (PID=1661157) to work on /root/venv/lib/python3.12/site-packages/airflow/example_dags/plugins/workday.py
[2025-03-13T18:06:03.429+0000] {processor.py:914} INFO - Processing file /root/venv/lib/python3.12/site-packages/airflow/example_dags/plugins/workday.py for tasks to queue
[2025-03-13T18:06:03.432+0000] {logging_mixin.py:190} INFO - [2025-03-13T18:06:03.431+0000] {dagbag.py:588} INFO - Filling up the DagBag from /root/venv/lib/python3.12/site-packages/airflow/example_dags/plugins/workday.py
[2025-03-13T18:06:03.436+0000] {logging_mixin.py:190} INFO - [2025-03-13T18:06:03.436+0000] {workday.py:41} WARNING - Could not import pandas. Holidays will not be considered.
[2025-03-13T18:06:03.437+0000] {processor.py:927} WARNING - No viable dags retrieved from /root/venv/lib/python3.12/site-packages/airflow/example_dags/plugins/workday.py
[2025-03-13T18:06:03.452+0000] {processor.py:208} INFO - Processing /root/venv/lib/python3.12/site-packages/airflow/example_dags/plugins/workday.py took 0.033 seconds
[2025-03-13T18:07:12.390+0000] {processor.py:186} INFO - Started process (PID=1661227) to work on /root/venv/lib/python3.12/site-packages/airflow/example_dags/plugins/workday.py
[2025-03-13T18:07:12.391+0000] {processor.py:914} INFO - Processing file /root/venv/lib/python3.12/site-packages/airflow/example_dags/plugins/workday.py for tasks to queue
[2025-03-13T18:07:12.394+0000] {logging_mixin.py:190} INFO - [2025-03-13T18:07:12.394+0000] {dagbag.py:588} INFO - Filling up the DagBag from /root/venv/lib/python3.12/site-packages/airflow/example_dags/plugins/workday.py
[2025-03-13T18:07:12.398+0000] {logging_mixin.py:190} INFO - [2025-03-13T18:07:12.398+0000] {workday.py:41} WARNING - Could not import pandas. Holidays will not be considered.
[2025-03-13T18:07:12.399+0000] {processor.py:927} WARNING - No viable dags retrieved from /root/venv/lib/python3.12/site-packages/airflow/example_dags/plugins/workday.py
[2025-03-13T18:07:12.412+0000] {processor.py:208} INFO - Processing /root/venv/lib/python3.12/site-packages/airflow/example_dags/plugins/workday.py took 0.030 seconds
[2025-03-13T18:07:48.737+0000] {processor.py:186} INFO - Started process (PID=1661271) to work on /root/venv/lib/python3.12/site-packages/airflow/example_dags/plugins/workday.py
[2025-03-13T18:07:48.739+0000] {processor.py:914} INFO - Processing file /root/venv/lib/python3.12/site-packages/airflow/example_dags/plugins/workday.py for tasks to queue
[2025-03-13T18:07:48.742+0000] {logging_mixin.py:190} INFO - [2025-03-13T18:07:48.741+0000] {dagbag.py:588} INFO - Filling up the DagBag from /root/venv/lib/python3.12/site-packages/airflow/example_dags/plugins/workday.py
[2025-03-13T18:07:48.746+0000] {logging_mixin.py:190} INFO - [2025-03-13T18:07:48.746+0000] {workday.py:41} WARNING - Could not import pandas. Holidays will not be considered.
[2025-03-13T18:07:48.747+0000] {processor.py:927} WARNING - No viable dags retrieved from /root/venv/lib/python3.12/site-packages/airflow/example_dags/plugins/workday.py
[2025-03-13T18:07:48.761+0000] {processor.py:208} INFO - Processing /root/venv/lib/python3.12/site-packages/airflow/example_dags/plugins/workday.py took 0.032 seconds
[2025-03-13T18:08:53.863+0000] {processor.py:186} INFO - Started process (PID=1661347) to work on /root/venv/lib/python3.12/site-packages/airflow/example_dags/plugins/workday.py
[2025-03-13T18:08:53.865+0000] {processor.py:914} INFO - Processing file /root/venv/lib/python3.12/site-packages/airflow/example_dags/plugins/workday.py for tasks to queue
[2025-03-13T18:08:53.868+0000] {logging_mixin.py:190} INFO - [2025-03-13T18:08:53.867+0000] {dagbag.py:588} INFO - Filling up the DagBag from /root/venv/lib/python3.12/site-packages/airflow/example_dags/plugins/workday.py
[2025-03-13T18:08:53.873+0000] {logging_mixin.py:190} INFO - [2025-03-13T18:08:53.873+0000] {workday.py:41} WARNING - Could not import pandas. Holidays will not be considered.
[2025-03-13T18:08:53.874+0000] {processor.py:927} WARNING - No viable dags retrieved from /root/venv/lib/python3.12/site-packages/airflow/example_dags/plugins/workday.py
[2025-03-13T18:08:53.893+0000] {processor.py:208} INFO - Processing /root/venv/lib/python3.12/site-packages/airflow/example_dags/plugins/workday.py took 0.038 seconds
[2025-03-13T18:09:53.934+0000] {processor.py:186} INFO - Started process (PID=1661410) to work on /root/venv/lib/python3.12/site-packages/airflow/example_dags/plugins/workday.py
[2025-03-13T18:09:53.936+0000] {processor.py:914} INFO - Processing file /root/venv/lib/python3.12/site-packages/airflow/example_dags/plugins/workday.py for tasks to queue
[2025-03-13T18:09:53.940+0000] {logging_mixin.py:190} INFO - [2025-03-13T18:09:53.939+0000] {dagbag.py:588} INFO - Filling up the DagBag from /root/venv/lib/python3.12/site-packages/airflow/example_dags/plugins/workday.py
[2025-03-13T18:09:53.945+0000] {logging_mixin.py:190} INFO - [2025-03-13T18:09:53.944+0000] {workday.py:41} WARNING - Could not import pandas. Holidays will not be considered.
[2025-03-13T18:09:53.945+0000] {processor.py:927} WARNING - No viable dags retrieved from /root/venv/lib/python3.12/site-packages/airflow/example_dags/plugins/workday.py
[2025-03-13T18:09:53.965+0000] {processor.py:208} INFO - Processing /root/venv/lib/python3.12/site-packages/airflow/example_dags/plugins/workday.py took 0.038 seconds
[2025-03-13T18:11:00.209+0000] {processor.py:186} INFO - Started process (PID=1661482) to work on /root/venv/lib/python3.12/site-packages/airflow/example_dags/plugins/workday.py
[2025-03-13T18:11:00.211+0000] {processor.py:914} INFO - Processing file /root/venv/lib/python3.12/site-packages/airflow/example_dags/plugins/workday.py for tasks to queue
[2025-03-13T18:11:00.214+0000] {logging_mixin.py:190} INFO - [2025-03-13T18:11:00.214+0000] {dagbag.py:588} INFO - Filling up the DagBag from /root/venv/lib/python3.12/site-packages/airflow/example_dags/plugins/workday.py
[2025-03-13T18:11:00.220+0000] {logging_mixin.py:190} INFO - [2025-03-13T18:11:00.220+0000] {workday.py:41} WARNING - Could not import pandas. Holidays will not be considered.
[2025-03-13T18:11:00.220+0000] {processor.py:927} WARNING - No viable dags retrieved from /root/venv/lib/python3.12/site-packages/airflow/example_dags/plugins/workday.py
[2025-03-13T18:11:00.240+0000] {processor.py:208} INFO - Processing /root/venv/lib/python3.12/site-packages/airflow/example_dags/plugins/workday.py took 0.040 seconds
[2025-03-13T18:12:07.514+0000] {processor.py:186} INFO - Started process (PID=1661548) to work on /root/venv/lib/python3.12/site-packages/airflow/example_dags/plugins/workday.py
[2025-03-13T18:12:07.516+0000] {processor.py:914} INFO - Processing file /root/venv/lib/python3.12/site-packages/airflow/example_dags/plugins/workday.py for tasks to queue
[2025-03-13T18:12:07.518+0000] {logging_mixin.py:190} INFO - [2025-03-13T18:12:07.517+0000] {dagbag.py:588} INFO - Filling up the DagBag from /root/venv/lib/python3.12/site-packages/airflow/example_dags/plugins/workday.py
[2025-03-13T18:12:07.523+0000] {logging_mixin.py:190} INFO - [2025-03-13T18:12:07.522+0000] {workday.py:41} WARNING - Could not import pandas. Holidays will not be considered.
[2025-03-13T18:12:07.523+0000] {processor.py:927} WARNING - No viable dags retrieved from /root/venv/lib/python3.12/site-packages/airflow/example_dags/plugins/workday.py
[2025-03-13T18:12:07.539+0000] {processor.py:208} INFO - Processing /root/venv/lib/python3.12/site-packages/airflow/example_dags/plugins/workday.py took 0.034 seconds
[2025-03-13T18:13:14.027+0000] {processor.py:186} INFO - Started process (PID=1661629) to work on /root/venv/lib/python3.12/site-packages/airflow/example_dags/plugins/workday.py
[2025-03-13T18:13:14.029+0000] {processor.py:914} INFO - Processing file /root/venv/lib/python3.12/site-packages/airflow/example_dags/plugins/workday.py for tasks to queue
[2025-03-13T18:13:14.030+0000] {logging_mixin.py:190} INFO - [2025-03-13T18:13:14.030+0000] {dagbag.py:588} INFO - Filling up the DagBag from /root/venv/lib/python3.12/site-packages/airflow/example_dags/plugins/workday.py
[2025-03-13T18:13:14.034+0000] {logging_mixin.py:190} INFO - [2025-03-13T18:13:14.034+0000] {workday.py:41} WARNING - Could not import pandas. Holidays will not be considered.
[2025-03-13T18:13:14.034+0000] {processor.py:927} WARNING - No viable dags retrieved from /root/venv/lib/python3.12/site-packages/airflow/example_dags/plugins/workday.py
[2025-03-13T18:13:14.047+0000] {processor.py:208} INFO - Processing /root/venv/lib/python3.12/site-packages/airflow/example_dags/plugins/workday.py took 0.028 seconds
[2025-03-13T18:14:20.102+0000] {processor.py:186} INFO - Started process (PID=1661698) to work on /root/venv/lib/python3.12/site-packages/airflow/example_dags/plugins/workday.py
[2025-03-13T18:14:20.103+0000] {processor.py:914} INFO - Processing file /root/venv/lib/python3.12/site-packages/airflow/example_dags/plugins/workday.py for tasks to queue
[2025-03-13T18:14:20.105+0000] {logging_mixin.py:190} INFO - [2025-03-13T18:14:20.105+0000] {dagbag.py:588} INFO - Filling up the DagBag from /root/venv/lib/python3.12/site-packages/airflow/example_dags/plugins/workday.py
[2025-03-13T18:14:20.109+0000] {logging_mixin.py:190} INFO - [2025-03-13T18:14:20.109+0000] {workday.py:41} WARNING - Could not import pandas. Holidays will not be considered.
[2025-03-13T18:14:20.109+0000] {processor.py:927} WARNING - No viable dags retrieved from /root/venv/lib/python3.12/site-packages/airflow/example_dags/plugins/workday.py
[2025-03-13T18:14:20.122+0000] {processor.py:208} INFO - Processing /root/venv/lib/python3.12/site-packages/airflow/example_dags/plugins/workday.py took 0.028 seconds
[2025-03-13T18:14:54.453+0000] {processor.py:186} INFO - Started process (PID=1661735) to work on /root/venv/lib/python3.12/site-packages/airflow/example_dags/plugins/workday.py
[2025-03-13T18:14:54.455+0000] {processor.py:914} INFO - Processing file /root/venv/lib/python3.12/site-packages/airflow/example_dags/plugins/workday.py for tasks to queue
[2025-03-13T18:14:54.457+0000] {logging_mixin.py:190} INFO - [2025-03-13T18:14:54.456+0000] {dagbag.py:588} INFO - Filling up the DagBag from /root/venv/lib/python3.12/site-packages/airflow/example_dags/plugins/workday.py
[2025-03-13T18:14:54.461+0000] {logging_mixin.py:190} INFO - [2025-03-13T18:14:54.460+0000] {workday.py:41} WARNING - Could not import pandas. Holidays will not be considered.
[2025-03-13T18:14:54.461+0000] {processor.py:927} WARNING - No viable dags retrieved from /root/venv/lib/python3.12/site-packages/airflow/example_dags/plugins/workday.py
[2025-03-13T18:14:54.476+0000] {processor.py:208} INFO - Processing /root/venv/lib/python3.12/site-packages/airflow/example_dags/plugins/workday.py took 0.033 seconds
[2025-03-13T19:39:07.132+0000] {processor.py:186} INFO - Started process (PID=1662368) to work on /root/venv/lib/python3.12/site-packages/airflow/example_dags/plugins/workday.py
[2025-03-13T19:39:07.133+0000] {processor.py:914} INFO - Processing file /root/venv/lib/python3.12/site-packages/airflow/example_dags/plugins/workday.py for tasks to queue
[2025-03-13T19:39:07.136+0000] {logging_mixin.py:190} INFO - [2025-03-13T19:39:07.135+0000] {dagbag.py:588} INFO - Filling up the DagBag from /root/venv/lib/python3.12/site-packages/airflow/example_dags/plugins/workday.py
[2025-03-13T19:39:07.140+0000] {logging_mixin.py:190} INFO - [2025-03-13T19:39:07.139+0000] {workday.py:41} WARNING - Could not import pandas. Holidays will not be considered.
[2025-03-13T19:39:07.140+0000] {processor.py:927} WARNING - No viable dags retrieved from /root/venv/lib/python3.12/site-packages/airflow/example_dags/plugins/workday.py
[2025-03-13T19:39:07.156+0000] {processor.py:208} INFO - Processing /root/venv/lib/python3.12/site-packages/airflow/example_dags/plugins/workday.py took 0.032 seconds
