[2025-01-21T01:49:38.201+0000] {processor.py:186} INFO - Started process (PID=995456) to work on /root/airflow-venv/lib/python3.12/site-packages/airflow/example_dags/plugins/workday.py
[2025-01-21T01:49:38.202+0000] {processor.py:914} INFO - Processing file /root/airflow-venv/lib/python3.12/site-packages/airflow/example_dags/plugins/workday.py for tasks to queue
[2025-01-21T01:49:38.206+0000] {logging_mixin.py:190} INFO - [2025-01-21T01:49:38.205+0000] {dagbag.py:588} INFO - Filling up the DagBag from /root/airflow-venv/lib/python3.12/site-packages/airflow/example_dags/plugins/workday.py
[2025-01-21T01:49:38.211+0000] {logging_mixin.py:190} INFO - [2025-01-21T01:49:38.210+0000] {workday.py:41} WARNING - Could not import pandas. Holidays will not be considered.
[2025-01-21T01:49:38.211+0000] {processor.py:927} WARNING - No viable dags retrieved from /root/airflow-venv/lib/python3.12/site-packages/airflow/example_dags/plugins/workday.py
[2025-01-21T01:49:38.230+0000] {processor.py:208} INFO - Processing /root/airflow-venv/lib/python3.12/site-packages/airflow/example_dags/plugins/workday.py took 0.038 seconds
[2025-01-21T01:50:40.893+0000] {processor.py:186} INFO - Started process (PID=995525) to work on /root/airflow-venv/lib/python3.12/site-packages/airflow/example_dags/plugins/workday.py
[2025-01-21T01:50:40.897+0000] {processor.py:914} INFO - Processing file /root/airflow-venv/lib/python3.12/site-packages/airflow/example_dags/plugins/workday.py for tasks to queue
[2025-01-21T01:50:40.902+0000] {logging_mixin.py:190} INFO - [2025-01-21T01:50:40.901+0000] {dagbag.py:588} INFO - Filling up the DagBag from /root/airflow-venv/lib/python3.12/site-packages/airflow/example_dags/plugins/workday.py
[2025-01-21T01:50:40.916+0000] {logging_mixin.py:190} INFO - [2025-01-21T01:50:40.915+0000] {workday.py:41} WARNING - Could not import pandas. Holidays will not be considered.
[2025-01-21T01:50:40.916+0000] {processor.py:927} WARNING - No viable dags retrieved from /root/airflow-venv/lib/python3.12/site-packages/airflow/example_dags/plugins/workday.py
[2025-01-21T01:50:40.937+0000] {processor.py:208} INFO - Processing /root/airflow-venv/lib/python3.12/site-packages/airflow/example_dags/plugins/workday.py took 0.058 seconds
[2025-01-21T01:51:13.799+0000] {processor.py:186} INFO - Started process (PID=995559) to work on /root/airflow-venv/lib/python3.12/site-packages/airflow/example_dags/plugins/workday.py
[2025-01-21T01:51:13.801+0000] {processor.py:914} INFO - Processing file /root/airflow-venv/lib/python3.12/site-packages/airflow/example_dags/plugins/workday.py for tasks to queue
[2025-01-21T01:51:13.805+0000] {logging_mixin.py:190} INFO - [2025-01-21T01:51:13.804+0000] {dagbag.py:588} INFO - Filling up the DagBag from /root/airflow-venv/lib/python3.12/site-packages/airflow/example_dags/plugins/workday.py
[2025-01-21T01:51:13.810+0000] {logging_mixin.py:190} INFO - [2025-01-21T01:51:13.809+0000] {workday.py:41} WARNING - Could not import pandas. Holidays will not be considered.
[2025-01-21T01:51:13.810+0000] {processor.py:927} WARNING - No viable dags retrieved from /root/airflow-venv/lib/python3.12/site-packages/airflow/example_dags/plugins/workday.py
[2025-01-21T01:51:13.832+0000] {processor.py:208} INFO - Processing /root/airflow-venv/lib/python3.12/site-packages/airflow/example_dags/plugins/workday.py took 0.042 seconds
[2025-01-21T01:52:16.366+0000] {processor.py:186} INFO - Started process (PID=995627) to work on /root/airflow-venv/lib/python3.12/site-packages/airflow/example_dags/plugins/workday.py
[2025-01-21T01:52:16.369+0000] {processor.py:914} INFO - Processing file /root/airflow-venv/lib/python3.12/site-packages/airflow/example_dags/plugins/workday.py for tasks to queue
[2025-01-21T01:52:16.375+0000] {logging_mixin.py:190} INFO - [2025-01-21T01:52:16.374+0000] {dagbag.py:588} INFO - Filling up the DagBag from /root/airflow-venv/lib/python3.12/site-packages/airflow/example_dags/plugins/workday.py
[2025-01-21T01:52:16.382+0000] {logging_mixin.py:190} INFO - [2025-01-21T01:52:16.382+0000] {workday.py:41} WARNING - Could not import pandas. Holidays will not be considered.
[2025-01-21T01:52:16.383+0000] {processor.py:927} WARNING - No viable dags retrieved from /root/airflow-venv/lib/python3.12/site-packages/airflow/example_dags/plugins/workday.py
[2025-01-21T01:52:16.410+0000] {processor.py:208} INFO - Processing /root/airflow-venv/lib/python3.12/site-packages/airflow/example_dags/plugins/workday.py took 0.055 seconds
[2025-01-21T01:52:49.698+0000] {processor.py:186} INFO - Started process (PID=995659) to work on /root/airflow-venv/lib/python3.12/site-packages/airflow/example_dags/plugins/workday.py
[2025-01-21T01:52:49.700+0000] {processor.py:914} INFO - Processing file /root/airflow-venv/lib/python3.12/site-packages/airflow/example_dags/plugins/workday.py for tasks to queue
[2025-01-21T01:52:49.703+0000] {logging_mixin.py:190} INFO - [2025-01-21T01:52:49.702+0000] {dagbag.py:588} INFO - Filling up the DagBag from /root/airflow-venv/lib/python3.12/site-packages/airflow/example_dags/plugins/workday.py
[2025-01-21T01:52:49.707+0000] {logging_mixin.py:190} INFO - [2025-01-21T01:52:49.707+0000] {workday.py:41} WARNING - Could not import pandas. Holidays will not be considered.
[2025-01-21T01:52:49.708+0000] {processor.py:927} WARNING - No viable dags retrieved from /root/airflow-venv/lib/python3.12/site-packages/airflow/example_dags/plugins/workday.py
[2025-01-21T01:52:49.725+0000] {processor.py:208} INFO - Processing /root/airflow-venv/lib/python3.12/site-packages/airflow/example_dags/plugins/workday.py took 0.035 seconds
[2025-01-21T01:53:51.901+0000] {processor.py:186} INFO - Started process (PID=995727) to work on /root/airflow-venv/lib/python3.12/site-packages/airflow/example_dags/plugins/workday.py
[2025-01-21T01:53:51.903+0000] {processor.py:914} INFO - Processing file /root/airflow-venv/lib/python3.12/site-packages/airflow/example_dags/plugins/workday.py for tasks to queue
[2025-01-21T01:53:51.907+0000] {logging_mixin.py:190} INFO - [2025-01-21T01:53:51.906+0000] {dagbag.py:588} INFO - Filling up the DagBag from /root/airflow-venv/lib/python3.12/site-packages/airflow/example_dags/plugins/workday.py
[2025-01-21T01:53:51.912+0000] {logging_mixin.py:190} INFO - [2025-01-21T01:53:51.912+0000] {workday.py:41} WARNING - Could not import pandas. Holidays will not be considered.
[2025-01-21T01:53:51.913+0000] {processor.py:927} WARNING - No viable dags retrieved from /root/airflow-venv/lib/python3.12/site-packages/airflow/example_dags/plugins/workday.py
[2025-01-21T01:53:51.934+0000] {processor.py:208} INFO - Processing /root/airflow-venv/lib/python3.12/site-packages/airflow/example_dags/plugins/workday.py took 0.044 seconds
[2025-01-21T20:44:47.706+0000] {processor.py:186} INFO - Started process (PID=1007643) to work on /root/airflow-venv/lib/python3.12/site-packages/airflow/example_dags/plugins/workday.py
[2025-01-21T20:44:47.709+0000] {processor.py:914} INFO - Processing file /root/airflow-venv/lib/python3.12/site-packages/airflow/example_dags/plugins/workday.py for tasks to queue
[2025-01-21T20:44:47.712+0000] {logging_mixin.py:190} INFO - [2025-01-21T20:44:47.712+0000] {dagbag.py:588} INFO - Filling up the DagBag from /root/airflow-venv/lib/python3.12/site-packages/airflow/example_dags/plugins/workday.py
[2025-01-21T20:44:47.718+0000] {logging_mixin.py:190} INFO - [2025-01-21T20:44:47.718+0000] {workday.py:41} WARNING - Could not import pandas. Holidays will not be considered.
[2025-01-21T20:44:47.719+0000] {processor.py:927} WARNING - No viable dags retrieved from /root/airflow-venv/lib/python3.12/site-packages/airflow/example_dags/plugins/workday.py
[2025-01-21T20:44:47.744+0000] {processor.py:208} INFO - Processing /root/airflow-venv/lib/python3.12/site-packages/airflow/example_dags/plugins/workday.py took 0.048 seconds
[2025-01-21T20:45:54.795+0000] {processor.py:186} INFO - Started process (PID=1007723) to work on /root/airflow-venv/lib/python3.12/site-packages/airflow/example_dags/plugins/workday.py
[2025-01-21T20:45:54.798+0000] {processor.py:914} INFO - Processing file /root/airflow-venv/lib/python3.12/site-packages/airflow/example_dags/plugins/workday.py for tasks to queue
[2025-01-21T20:45:54.804+0000] {logging_mixin.py:190} INFO - [2025-01-21T20:45:54.803+0000] {dagbag.py:588} INFO - Filling up the DagBag from /root/airflow-venv/lib/python3.12/site-packages/airflow/example_dags/plugins/workday.py
[2025-01-21T20:45:54.813+0000] {logging_mixin.py:190} INFO - [2025-01-21T20:45:54.812+0000] {workday.py:41} WARNING - Could not import pandas. Holidays will not be considered.
[2025-01-21T20:45:54.815+0000] {processor.py:927} WARNING - No viable dags retrieved from /root/airflow-venv/lib/python3.12/site-packages/airflow/example_dags/plugins/workday.py
[2025-01-21T20:45:54.839+0000] {processor.py:208} INFO - Processing /root/airflow-venv/lib/python3.12/site-packages/airflow/example_dags/plugins/workday.py took 0.053 seconds
[2025-01-21T20:46:32.003+0000] {processor.py:186} INFO - Started process (PID=1007757) to work on /root/airflow-venv/lib/python3.12/site-packages/airflow/example_dags/plugins/workday.py
[2025-01-21T20:46:32.006+0000] {processor.py:914} INFO - Processing file /root/airflow-venv/lib/python3.12/site-packages/airflow/example_dags/plugins/workday.py for tasks to queue
[2025-01-21T20:46:32.011+0000] {logging_mixin.py:190} INFO - [2025-01-21T20:46:32.010+0000] {dagbag.py:588} INFO - Filling up the DagBag from /root/airflow-venv/lib/python3.12/site-packages/airflow/example_dags/plugins/workday.py
[2025-01-21T20:46:32.018+0000] {logging_mixin.py:190} INFO - [2025-01-21T20:46:32.017+0000] {workday.py:41} WARNING - Could not import pandas. Holidays will not be considered.
[2025-01-21T20:46:32.019+0000] {processor.py:927} WARNING - No viable dags retrieved from /root/airflow-venv/lib/python3.12/site-packages/airflow/example_dags/plugins/workday.py
[2025-01-21T20:46:32.055+0000] {processor.py:208} INFO - Processing /root/airflow-venv/lib/python3.12/site-packages/airflow/example_dags/plugins/workday.py took 0.074 seconds
