[2025-01-21T01:48:09.323+0000] {local_task_job_runner.py:123} INFO - ::group::Pre task execution logs
[2025-01-21T01:48:09.338+0000] {taskinstance.py:2613} INFO - Dependencies all met for dep_context=non-requeueable deps ti=<TaskInstance: example_bash_operator.runme_0 scheduled__2025-01-20T00:00:00+00:00 [queued]>
[2025-01-21T01:48:09.345+0000] {taskinstance.py:2613} INFO - Dependencies all met for dep_context=requeueable deps ti=<TaskInstance: example_bash_operator.runme_0 scheduled__2025-01-20T00:00:00+00:00 [queued]>
[2025-01-21T01:48:09.346+0000] {taskinstance.py:2866} INFO - Starting attempt 1 of 1
[2025-01-21T01:48:09.375+0000] {taskinstance.py:2889} INFO - Executing <Task(BashOperator): runme_0> on 2025-01-20 00:00:00+00:00
[2025-01-21T01:48:09.386+0000] {standard_task_runner.py:72} INFO - Started process 995368 to run task
[2025-01-21T01:48:09.392+0000] {standard_task_runner.py:104} INFO - Running: ['airflow', 'tasks', 'run', 'example_bash_operator', 'runme_0', 'scheduled__2025-01-20T00:00:00+00:00', '--job-id', '33', '--raw', '--subdir', '/root/airflow-venv/lib/python3.12/site-packages/airflow/example_dags/example_bash_operator.py', '--cfg-path', '/tmp/tmp2ajoviv2']
[2025-01-21T01:48:09.394+0000] {standard_task_runner.py:105} INFO - Job 33: Subtask runme_0
[2025-01-21T01:48:09.482+0000] {task_command.py:467} INFO - Running <TaskInstance: example_bash_operator.runme_0 scheduled__2025-01-20T00:00:00+00:00 [running]> on host ubuntu-s-2vcpu-4gb-amd-sfo3-01
[2025-01-21T01:48:09.589+0000] {taskinstance.py:3132} INFO - Exporting env vars: AIRFLOW_CTX_DAG_OWNER='airflow' AIRFLOW_CTX_DAG_ID='example_bash_operator' AIRFLOW_CTX_TASK_ID='runme_0' AIRFLOW_CTX_EXECUTION_DATE='2025-01-20T00:00:00+00:00' AIRFLOW_CTX_TRY_NUMBER='1' AIRFLOW_CTX_DAG_RUN_ID='scheduled__2025-01-20T00:00:00+00:00'
[2025-01-21T01:48:09.591+0000] {logging_mixin.py:190} INFO - Task instance is in running state
[2025-01-21T01:48:09.592+0000] {logging_mixin.py:190} INFO -  Previous state of the Task instance: queued
[2025-01-21T01:48:09.592+0000] {logging_mixin.py:190} INFO - Current task name:runme_0 state:running start_date:2025-01-21 01:48:09.339291+00:00
[2025-01-21T01:48:09.592+0000] {logging_mixin.py:190} INFO - Dag name:example_bash_operator and current dag run status:running
[2025-01-21T01:48:09.592+0000] {taskinstance.py:731} INFO - ::endgroup::
[2025-01-21T01:48:09.593+0000] {subprocess.py:78} INFO - Tmp dir root location: /tmp
[2025-01-21T01:48:09.594+0000] {subprocess.py:88} INFO - Running command: ['/usr/bin/bash', '-c', 'echo "example_bash_operator__runme_0__20250120" && sleep 1']
[2025-01-21T01:48:09.615+0000] {subprocess.py:99} INFO - Output:
[2025-01-21T01:48:09.617+0000] {subprocess.py:106} INFO - example_bash_operator__runme_0__20250120
[2025-01-21T01:48:10.620+0000] {subprocess.py:110} INFO - Command exited with return code 0
[2025-01-21T01:48:10.652+0000] {taskinstance.py:340} INFO - ::group::Post task execution logs
[2025-01-21T01:48:10.653+0000] {taskinstance.py:352} INFO - Marking task as SUCCESS. dag_id=example_bash_operator, task_id=runme_0, run_id=scheduled__2025-01-20T00:00:00+00:00, execution_date=20250120T000000, start_date=20250121T014809, end_date=20250121T014810
[2025-01-21T01:48:10.669+0000] {logging_mixin.py:190} INFO - Task instance in success state
[2025-01-21T01:48:10.670+0000] {logging_mixin.py:190} INFO -  Previous state of the Task instance: running
[2025-01-21T01:48:10.670+0000] {logging_mixin.py:190} INFO - Dag name:example_bash_operator queued_at:2025-01-21 01:48:06.249238+00:00
[2025-01-21T01:48:10.670+0000] {logging_mixin.py:190} INFO - Task hostname:ubuntu-s-2vcpu-4gb-amd-sfo3-01 operator:BashOperator
[2025-01-21T01:48:10.694+0000] {local_task_job_runner.py:266} INFO - Task exited with return code 0
[2025-01-21T01:48:10.722+0000] {taskinstance.py:3895} INFO - 0 downstream tasks scheduled from follow-on schedule check
[2025-01-21T01:48:10.724+0000] {local_task_job_runner.py:245} INFO - ::endgroup::
