[2024-12-17T04:42:28.626+0000] {processor.py:186} INFO - Started process (PID=434235) to work on /root/airflow-venv/lib/python3.12/site-packages/airflow/example_dags/subdags/subdag.py
[2024-12-17T04:42:28.628+0000] {processor.py:914} INFO - Processing file /root/airflow-venv/lib/python3.12/site-packages/airflow/example_dags/subdags/subdag.py for tasks to queue
[2024-12-17T04:42:28.640+0000] {logging_mixin.py:190} INFO - [2024-12-17T04:42:28.639+0000] {dagbag.py:588} INFO - Filling up the DagBag from /root/airflow-venv/lib/python3.12/site-packages/airflow/example_dags/subdags/subdag.py
[2024-12-17T04:42:28.645+0000] {processor.py:927} WARNING - No viable dags retrieved from /root/airflow-venv/lib/python3.12/site-packages/airflow/example_dags/subdags/subdag.py
[2024-12-17T04:42:28.666+0000] {processor.py:208} INFO - Processing /root/airflow-venv/lib/python3.12/site-packages/airflow/example_dags/subdags/subdag.py took 0.049 seconds
[2024-12-17T04:43:26.758+0000] {processor.py:186} INFO - Started process (PID=434302) to work on /root/airflow-venv/lib/python3.12/site-packages/airflow/example_dags/subdags/subdag.py
[2024-12-17T04:43:26.759+0000] {processor.py:914} INFO - Processing file /root/airflow-venv/lib/python3.12/site-packages/airflow/example_dags/subdags/subdag.py for tasks to queue
[2024-12-17T04:43:26.762+0000] {logging_mixin.py:190} INFO - [2024-12-17T04:43:26.762+0000] {dagbag.py:588} INFO - Filling up the DagBag from /root/airflow-venv/lib/python3.12/site-packages/airflow/example_dags/subdags/subdag.py
[2024-12-17T04:43:26.765+0000] {processor.py:927} WARNING - No viable dags retrieved from /root/airflow-venv/lib/python3.12/site-packages/airflow/example_dags/subdags/subdag.py
[2024-12-17T04:43:26.780+0000] {processor.py:208} INFO - Processing /root/airflow-venv/lib/python3.12/site-packages/airflow/example_dags/subdags/subdag.py took 0.029 seconds
[2024-12-17T04:44:41.753+0000] {processor.py:186} INFO - Started process (PID=434339) to work on /root/airflow-venv/lib/python3.12/site-packages/airflow/example_dags/subdags/subdag.py
[2024-12-17T04:44:41.755+0000] {processor.py:914} INFO - Processing file /root/airflow-venv/lib/python3.12/site-packages/airflow/example_dags/subdags/subdag.py for tasks to queue
[2024-12-17T04:44:41.767+0000] {logging_mixin.py:190} INFO - [2024-12-17T04:44:41.766+0000] {dagbag.py:588} INFO - Filling up the DagBag from /root/airflow-venv/lib/python3.12/site-packages/airflow/example_dags/subdags/subdag.py
[2024-12-17T04:44:41.771+0000] {processor.py:927} WARNING - No viable dags retrieved from /root/airflow-venv/lib/python3.12/site-packages/airflow/example_dags/subdags/subdag.py
[2024-12-17T04:44:41.788+0000] {processor.py:208} INFO - Processing /root/airflow-venv/lib/python3.12/site-packages/airflow/example_dags/subdags/subdag.py took 0.047 seconds
[2024-12-17T04:45:38.829+0000] {processor.py:186} INFO - Started process (PID=434406) to work on /root/airflow-venv/lib/python3.12/site-packages/airflow/example_dags/subdags/subdag.py
[2024-12-17T04:45:38.831+0000] {processor.py:914} INFO - Processing file /root/airflow-venv/lib/python3.12/site-packages/airflow/example_dags/subdags/subdag.py for tasks to queue
[2024-12-17T04:45:38.835+0000] {logging_mixin.py:190} INFO - [2024-12-17T04:45:38.834+0000] {dagbag.py:588} INFO - Filling up the DagBag from /root/airflow-venv/lib/python3.12/site-packages/airflow/example_dags/subdags/subdag.py
[2024-12-17T04:45:38.838+0000] {processor.py:927} WARNING - No viable dags retrieved from /root/airflow-venv/lib/python3.12/site-packages/airflow/example_dags/subdags/subdag.py
[2024-12-17T04:45:38.853+0000] {processor.py:208} INFO - Processing /root/airflow-venv/lib/python3.12/site-packages/airflow/example_dags/subdags/subdag.py took 0.031 seconds
[2024-12-17T04:54:30.727+0000] {processor.py:186} INFO - Started process (PID=434562) to work on /root/airflow-venv/lib/python3.12/site-packages/airflow/example_dags/subdags/subdag.py
[2024-12-17T04:54:30.729+0000] {processor.py:914} INFO - Processing file /root/airflow-venv/lib/python3.12/site-packages/airflow/example_dags/subdags/subdag.py for tasks to queue
[2024-12-17T04:54:30.737+0000] {logging_mixin.py:190} INFO - [2024-12-17T04:54:30.737+0000] {dagbag.py:588} INFO - Filling up the DagBag from /root/airflow-venv/lib/python3.12/site-packages/airflow/example_dags/subdags/subdag.py
[2024-12-17T04:54:30.740+0000] {processor.py:927} WARNING - No viable dags retrieved from /root/airflow-venv/lib/python3.12/site-packages/airflow/example_dags/subdags/subdag.py
[2024-12-17T04:54:30.754+0000] {processor.py:208} INFO - Processing /root/airflow-venv/lib/python3.12/site-packages/airflow/example_dags/subdags/subdag.py took 0.035 seconds
[2024-12-17T04:55:28.769+0000] {processor.py:186} INFO - Started process (PID=434628) to work on /root/airflow-venv/lib/python3.12/site-packages/airflow/example_dags/subdags/subdag.py
[2024-12-17T04:55:28.770+0000] {processor.py:914} INFO - Processing file /root/airflow-venv/lib/python3.12/site-packages/airflow/example_dags/subdags/subdag.py for tasks to queue
[2024-12-17T04:55:28.773+0000] {logging_mixin.py:190} INFO - [2024-12-17T04:55:28.772+0000] {dagbag.py:588} INFO - Filling up the DagBag from /root/airflow-venv/lib/python3.12/site-packages/airflow/example_dags/subdags/subdag.py
[2024-12-17T04:55:28.775+0000] {processor.py:927} WARNING - No viable dags retrieved from /root/airflow-venv/lib/python3.12/site-packages/airflow/example_dags/subdags/subdag.py
[2024-12-17T04:55:28.788+0000] {processor.py:208} INFO - Processing /root/airflow-venv/lib/python3.12/site-packages/airflow/example_dags/subdags/subdag.py took 0.027 seconds
[2024-12-17T04:56:28.129+0000] {processor.py:186} INFO - Started process (PID=434689) to work on /root/airflow-venv/lib/python3.12/site-packages/airflow/example_dags/subdags/subdag.py
[2024-12-17T04:56:28.131+0000] {processor.py:914} INFO - Processing file /root/airflow-venv/lib/python3.12/site-packages/airflow/example_dags/subdags/subdag.py for tasks to queue
[2024-12-17T04:56:28.134+0000] {logging_mixin.py:190} INFO - [2024-12-17T04:56:28.134+0000] {dagbag.py:588} INFO - Filling up the DagBag from /root/airflow-venv/lib/python3.12/site-packages/airflow/example_dags/subdags/subdag.py
[2024-12-17T04:56:28.137+0000] {processor.py:927} WARNING - No viable dags retrieved from /root/airflow-venv/lib/python3.12/site-packages/airflow/example_dags/subdags/subdag.py
[2024-12-17T04:56:28.154+0000] {processor.py:208} INFO - Processing /root/airflow-venv/lib/python3.12/site-packages/airflow/example_dags/subdags/subdag.py took 0.038 seconds
[2024-12-17T04:57:21.355+0000] {processor.py:186} INFO - Started process (PID=434750) to work on /root/airflow-venv/lib/python3.12/site-packages/airflow/example_dags/subdags/subdag.py
[2024-12-17T04:57:21.356+0000] {processor.py:914} INFO - Processing file /root/airflow-venv/lib/python3.12/site-packages/airflow/example_dags/subdags/subdag.py for tasks to queue
[2024-12-17T04:57:21.358+0000] {logging_mixin.py:190} INFO - [2024-12-17T04:57:21.358+0000] {dagbag.py:588} INFO - Filling up the DagBag from /root/airflow-venv/lib/python3.12/site-packages/airflow/example_dags/subdags/subdag.py
[2024-12-17T04:57:21.361+0000] {processor.py:927} WARNING - No viable dags retrieved from /root/airflow-venv/lib/python3.12/site-packages/airflow/example_dags/subdags/subdag.py
[2024-12-17T04:57:21.375+0000] {processor.py:208} INFO - Processing /root/airflow-venv/lib/python3.12/site-packages/airflow/example_dags/subdags/subdag.py took 0.026 seconds
