[2025-03-13T17:30:55.309+0000] {processor.py:186} INFO - Started process (PID=1658850) to work on /root/venv/lib/python3.12/site-packages/airflow/example_dags/example_time_delta_sensor_async.py
[2025-03-13T17:30:55.311+0000] {processor.py:914} INFO - Processing file /root/venv/lib/python3.12/site-packages/airflow/example_dags/example_time_delta_sensor_async.py for tasks to queue
[2025-03-13T17:30:55.313+0000] {logging_mixin.py:190} INFO - [2025-03-13T17:30:55.313+0000] {dagbag.py:588} INFO - Filling up the DagBag from /root/venv/lib/python3.12/site-packages/airflow/example_dags/example_time_delta_sensor_async.py
[2025-03-13T17:30:55.325+0000] {processor.py:925} INFO - DAG(s) 'example_time_delta_sensor_async' retrieved from /root/venv/lib/python3.12/site-packages/airflow/example_dags/example_time_delta_sensor_async.py
[2025-03-13T17:30:55.452+0000] {logging_mixin.py:190} INFO - [2025-03-13T17:30:55.452+0000] {dag.py:3239} INFO - Sync 1 DAGs
[2025-03-13T17:30:55.464+0000] {logging_mixin.py:190} INFO - [2025-03-13T17:30:55.464+0000] {dag.py:4180} INFO - Setting next_dagrun for example_time_delta_sensor_async to None, run_after=None
[2025-03-13T17:30:55.493+0000] {processor.py:208} INFO - Processing /root/venv/lib/python3.12/site-packages/airflow/example_dags/example_time_delta_sensor_async.py took 0.191 seconds
[2025-03-13T17:32:01.717+0000] {processor.py:186} INFO - Started process (PID=1658914) to work on /root/venv/lib/python3.12/site-packages/airflow/example_dags/example_time_delta_sensor_async.py
[2025-03-13T17:32:01.719+0000] {processor.py:914} INFO - Processing file /root/venv/lib/python3.12/site-packages/airflow/example_dags/example_time_delta_sensor_async.py for tasks to queue
[2025-03-13T17:32:01.724+0000] {logging_mixin.py:190} INFO - [2025-03-13T17:32:01.723+0000] {dagbag.py:588} INFO - Filling up the DagBag from /root/venv/lib/python3.12/site-packages/airflow/example_dags/example_time_delta_sensor_async.py
[2025-03-13T17:32:01.738+0000] {processor.py:925} INFO - DAG(s) 'example_time_delta_sensor_async' retrieved from /root/venv/lib/python3.12/site-packages/airflow/example_dags/example_time_delta_sensor_async.py
[2025-03-13T17:32:01.764+0000] {logging_mixin.py:190} INFO - [2025-03-13T17:32:01.764+0000] {dag.py:3239} INFO - Sync 1 DAGs
[2025-03-13T17:32:01.782+0000] {logging_mixin.py:190} INFO - [2025-03-13T17:32:01.782+0000] {dag.py:4180} INFO - Setting next_dagrun for example_time_delta_sensor_async to None, run_after=None
[2025-03-13T17:32:01.818+0000] {processor.py:208} INFO - Processing /root/venv/lib/python3.12/site-packages/airflow/example_dags/example_time_delta_sensor_async.py took 0.113 seconds
[2025-03-13T17:33:01.573+0000] {processor.py:186} INFO - Started process (PID=1659041) to work on /root/venv/lib/python3.12/site-packages/airflow/example_dags/example_time_delta_sensor_async.py
[2025-03-13T17:33:01.574+0000] {processor.py:914} INFO - Processing file /root/venv/lib/python3.12/site-packages/airflow/example_dags/example_time_delta_sensor_async.py for tasks to queue
[2025-03-13T17:33:01.578+0000] {logging_mixin.py:190} INFO - [2025-03-13T17:33:01.577+0000] {dagbag.py:588} INFO - Filling up the DagBag from /root/venv/lib/python3.12/site-packages/airflow/example_dags/example_time_delta_sensor_async.py
[2025-03-13T17:33:01.592+0000] {processor.py:925} INFO - DAG(s) 'example_time_delta_sensor_async' retrieved from /root/venv/lib/python3.12/site-packages/airflow/example_dags/example_time_delta_sensor_async.py
[2025-03-13T17:33:01.621+0000] {logging_mixin.py:190} INFO - [2025-03-13T17:33:01.621+0000] {dag.py:3239} INFO - Sync 1 DAGs
[2025-03-13T17:33:01.642+0000] {logging_mixin.py:190} INFO - [2025-03-13T17:33:01.642+0000] {dag.py:4180} INFO - Setting next_dagrun for example_time_delta_sensor_async to None, run_after=None
[2025-03-13T17:33:01.673+0000] {processor.py:208} INFO - Processing /root/venv/lib/python3.12/site-packages/airflow/example_dags/example_time_delta_sensor_async.py took 0.109 seconds
[2025-03-13T17:34:03.837+0000] {processor.py:186} INFO - Started process (PID=1659104) to work on /root/venv/lib/python3.12/site-packages/airflow/example_dags/example_time_delta_sensor_async.py
[2025-03-13T17:34:03.840+0000] {processor.py:914} INFO - Processing file /root/venv/lib/python3.12/site-packages/airflow/example_dags/example_time_delta_sensor_async.py for tasks to queue
[2025-03-13T17:34:03.844+0000] {logging_mixin.py:190} INFO - [2025-03-13T17:34:03.843+0000] {dagbag.py:588} INFO - Filling up the DagBag from /root/venv/lib/python3.12/site-packages/airflow/example_dags/example_time_delta_sensor_async.py
[2025-03-13T17:34:03.858+0000] {processor.py:925} INFO - DAG(s) 'example_time_delta_sensor_async' retrieved from /root/venv/lib/python3.12/site-packages/airflow/example_dags/example_time_delta_sensor_async.py
[2025-03-13T17:34:03.887+0000] {logging_mixin.py:190} INFO - [2025-03-13T17:34:03.887+0000] {dag.py:3239} INFO - Sync 1 DAGs
[2025-03-13T17:34:03.909+0000] {logging_mixin.py:190} INFO - [2025-03-13T17:34:03.909+0000] {dag.py:4180} INFO - Setting next_dagrun for example_time_delta_sensor_async to None, run_after=None
[2025-03-13T17:34:03.941+0000] {processor.py:208} INFO - Processing /root/venv/lib/python3.12/site-packages/airflow/example_dags/example_time_delta_sensor_async.py took 0.114 seconds
[2025-03-13T17:34:50.504+0000] {processor.py:186} INFO - Started process (PID=1659158) to work on /root/venv/lib/python3.12/site-packages/airflow/example_dags/example_time_delta_sensor_async.py
[2025-03-13T17:34:50.505+0000] {processor.py:914} INFO - Processing file /root/venv/lib/python3.12/site-packages/airflow/example_dags/example_time_delta_sensor_async.py for tasks to queue
[2025-03-13T17:34:50.509+0000] {logging_mixin.py:190} INFO - [2025-03-13T17:34:50.508+0000] {dagbag.py:588} INFO - Filling up the DagBag from /root/venv/lib/python3.12/site-packages/airflow/example_dags/example_time_delta_sensor_async.py
[2025-03-13T17:34:50.519+0000] {processor.py:925} INFO - DAG(s) 'example_time_delta_sensor_async' retrieved from /root/venv/lib/python3.12/site-packages/airflow/example_dags/example_time_delta_sensor_async.py
[2025-03-13T17:34:50.542+0000] {logging_mixin.py:190} INFO - [2025-03-13T17:34:50.542+0000] {dag.py:3239} INFO - Sync 1 DAGs
[2025-03-13T17:34:50.558+0000] {logging_mixin.py:190} INFO - [2025-03-13T17:34:50.558+0000] {dag.py:4180} INFO - Setting next_dagrun for example_time_delta_sensor_async to None, run_after=None
[2025-03-13T17:34:50.589+0000] {processor.py:208} INFO - Processing /root/venv/lib/python3.12/site-packages/airflow/example_dags/example_time_delta_sensor_async.py took 0.096 seconds
[2025-03-13T17:35:49.089+0000] {processor.py:186} INFO - Started process (PID=1659223) to work on /root/venv/lib/python3.12/site-packages/airflow/example_dags/example_time_delta_sensor_async.py
[2025-03-13T17:35:49.091+0000] {processor.py:914} INFO - Processing file /root/venv/lib/python3.12/site-packages/airflow/example_dags/example_time_delta_sensor_async.py for tasks to queue
[2025-03-13T17:35:49.094+0000] {logging_mixin.py:190} INFO - [2025-03-13T17:35:49.094+0000] {dagbag.py:588} INFO - Filling up the DagBag from /root/venv/lib/python3.12/site-packages/airflow/example_dags/example_time_delta_sensor_async.py
[2025-03-13T17:35:49.103+0000] {processor.py:925} INFO - DAG(s) 'example_time_delta_sensor_async' retrieved from /root/venv/lib/python3.12/site-packages/airflow/example_dags/example_time_delta_sensor_async.py
[2025-03-13T17:35:49.124+0000] {logging_mixin.py:190} INFO - [2025-03-13T17:35:49.124+0000] {dag.py:3239} INFO - Sync 1 DAGs
[2025-03-13T17:35:49.139+0000] {logging_mixin.py:190} INFO - [2025-03-13T17:35:49.139+0000] {dag.py:4180} INFO - Setting next_dagrun for example_time_delta_sensor_async to None, run_after=None
[2025-03-13T17:35:49.173+0000] {processor.py:208} INFO - Processing /root/venv/lib/python3.12/site-packages/airflow/example_dags/example_time_delta_sensor_async.py took 0.092 seconds
[2025-03-13T17:36:49.083+0000] {processor.py:186} INFO - Started process (PID=1659288) to work on /root/venv/lib/python3.12/site-packages/airflow/example_dags/example_time_delta_sensor_async.py
[2025-03-13T17:36:49.085+0000] {processor.py:914} INFO - Processing file /root/venv/lib/python3.12/site-packages/airflow/example_dags/example_time_delta_sensor_async.py for tasks to queue
[2025-03-13T17:36:49.088+0000] {logging_mixin.py:190} INFO - [2025-03-13T17:36:49.088+0000] {dagbag.py:588} INFO - Filling up the DagBag from /root/venv/lib/python3.12/site-packages/airflow/example_dags/example_time_delta_sensor_async.py
[2025-03-13T17:36:49.098+0000] {processor.py:925} INFO - DAG(s) 'example_time_delta_sensor_async' retrieved from /root/venv/lib/python3.12/site-packages/airflow/example_dags/example_time_delta_sensor_async.py
[2025-03-13T17:36:49.118+0000] {logging_mixin.py:190} INFO - [2025-03-13T17:36:49.118+0000] {dag.py:3239} INFO - Sync 1 DAGs
[2025-03-13T17:36:49.133+0000] {logging_mixin.py:190} INFO - [2025-03-13T17:36:49.133+0000] {dag.py:4180} INFO - Setting next_dagrun for example_time_delta_sensor_async to None, run_after=None
[2025-03-13T17:36:49.162+0000] {processor.py:208} INFO - Processing /root/venv/lib/python3.12/site-packages/airflow/example_dags/example_time_delta_sensor_async.py took 0.087 seconds
[2025-03-13T17:37:49.247+0000] {processor.py:186} INFO - Started process (PID=1659351) to work on /root/venv/lib/python3.12/site-packages/airflow/example_dags/example_time_delta_sensor_async.py
[2025-03-13T17:37:49.248+0000] {processor.py:914} INFO - Processing file /root/venv/lib/python3.12/site-packages/airflow/example_dags/example_time_delta_sensor_async.py for tasks to queue
[2025-03-13T17:37:49.252+0000] {logging_mixin.py:190} INFO - [2025-03-13T17:37:49.252+0000] {dagbag.py:588} INFO - Filling up the DagBag from /root/venv/lib/python3.12/site-packages/airflow/example_dags/example_time_delta_sensor_async.py
[2025-03-13T17:37:49.261+0000] {processor.py:925} INFO - DAG(s) 'example_time_delta_sensor_async' retrieved from /root/venv/lib/python3.12/site-packages/airflow/example_dags/example_time_delta_sensor_async.py
[2025-03-13T17:37:49.282+0000] {logging_mixin.py:190} INFO - [2025-03-13T17:37:49.282+0000] {dag.py:3239} INFO - Sync 1 DAGs
[2025-03-13T17:37:49.298+0000] {logging_mixin.py:190} INFO - [2025-03-13T17:37:49.297+0000] {dag.py:4180} INFO - Setting next_dagrun for example_time_delta_sensor_async to None, run_after=None
[2025-03-13T17:37:49.324+0000] {processor.py:208} INFO - Processing /root/venv/lib/python3.12/site-packages/airflow/example_dags/example_time_delta_sensor_async.py took 0.084 seconds
[2025-03-13T17:38:52.591+0000] {processor.py:186} INFO - Started process (PID=1659414) to work on /root/venv/lib/python3.12/site-packages/airflow/example_dags/example_time_delta_sensor_async.py
[2025-03-13T17:38:52.592+0000] {processor.py:914} INFO - Processing file /root/venv/lib/python3.12/site-packages/airflow/example_dags/example_time_delta_sensor_async.py for tasks to queue
[2025-03-13T17:38:52.596+0000] {logging_mixin.py:190} INFO - [2025-03-13T17:38:52.595+0000] {dagbag.py:588} INFO - Filling up the DagBag from /root/venv/lib/python3.12/site-packages/airflow/example_dags/example_time_delta_sensor_async.py
[2025-03-13T17:38:52.606+0000] {processor.py:925} INFO - DAG(s) 'example_time_delta_sensor_async' retrieved from /root/venv/lib/python3.12/site-packages/airflow/example_dags/example_time_delta_sensor_async.py
[2025-03-13T17:38:52.625+0000] {logging_mixin.py:190} INFO - [2025-03-13T17:38:52.625+0000] {dag.py:3239} INFO - Sync 1 DAGs
[2025-03-13T17:38:52.640+0000] {logging_mixin.py:190} INFO - [2025-03-13T17:38:52.639+0000] {dag.py:4180} INFO - Setting next_dagrun for example_time_delta_sensor_async to None, run_after=None
[2025-03-13T17:38:52.667+0000] {processor.py:208} INFO - Processing /root/venv/lib/python3.12/site-packages/airflow/example_dags/example_time_delta_sensor_async.py took 0.084 seconds
[2025-03-13T17:39:53.703+0000] {processor.py:186} INFO - Started process (PID=1659474) to work on /root/venv/lib/python3.12/site-packages/airflow/example_dags/example_time_delta_sensor_async.py
[2025-03-13T17:39:53.705+0000] {processor.py:914} INFO - Processing file /root/venv/lib/python3.12/site-packages/airflow/example_dags/example_time_delta_sensor_async.py for tasks to queue
[2025-03-13T17:39:53.710+0000] {logging_mixin.py:190} INFO - [2025-03-13T17:39:53.709+0000] {dagbag.py:588} INFO - Filling up the DagBag from /root/venv/lib/python3.12/site-packages/airflow/example_dags/example_time_delta_sensor_async.py
[2025-03-13T17:39:53.723+0000] {processor.py:925} INFO - DAG(s) 'example_time_delta_sensor_async' retrieved from /root/venv/lib/python3.12/site-packages/airflow/example_dags/example_time_delta_sensor_async.py
[2025-03-13T17:39:53.749+0000] {logging_mixin.py:190} INFO - [2025-03-13T17:39:53.748+0000] {dag.py:3239} INFO - Sync 1 DAGs
[2025-03-13T17:39:53.769+0000] {logging_mixin.py:190} INFO - [2025-03-13T17:39:53.769+0000] {dag.py:4180} INFO - Setting next_dagrun for example_time_delta_sensor_async to None, run_after=None
[2025-03-13T17:39:53.797+0000] {processor.py:208} INFO - Processing /root/venv/lib/python3.12/site-packages/airflow/example_dags/example_time_delta_sensor_async.py took 0.105 seconds
[2025-03-13T17:40:53.673+0000] {processor.py:186} INFO - Started process (PID=1659540) to work on /root/venv/lib/python3.12/site-packages/airflow/example_dags/example_time_delta_sensor_async.py
[2025-03-13T17:40:53.675+0000] {processor.py:914} INFO - Processing file /root/venv/lib/python3.12/site-packages/airflow/example_dags/example_time_delta_sensor_async.py for tasks to queue
[2025-03-13T17:40:53.679+0000] {logging_mixin.py:190} INFO - [2025-03-13T17:40:53.678+0000] {dagbag.py:588} INFO - Filling up the DagBag from /root/venv/lib/python3.12/site-packages/airflow/example_dags/example_time_delta_sensor_async.py
[2025-03-13T17:40:53.690+0000] {processor.py:925} INFO - DAG(s) 'example_time_delta_sensor_async' retrieved from /root/venv/lib/python3.12/site-packages/airflow/example_dags/example_time_delta_sensor_async.py
[2025-03-13T17:40:53.711+0000] {logging_mixin.py:190} INFO - [2025-03-13T17:40:53.711+0000] {dag.py:3239} INFO - Sync 1 DAGs
[2025-03-13T17:40:53.727+0000] {logging_mixin.py:190} INFO - [2025-03-13T17:40:53.726+0000] {dag.py:4180} INFO - Setting next_dagrun for example_time_delta_sensor_async to None, run_after=None
[2025-03-13T17:40:53.758+0000] {processor.py:208} INFO - Processing /root/venv/lib/python3.12/site-packages/airflow/example_dags/example_time_delta_sensor_async.py took 0.092 seconds
[2025-03-13T17:41:57.610+0000] {processor.py:186} INFO - Started process (PID=1659607) to work on /root/venv/lib/python3.12/site-packages/airflow/example_dags/example_time_delta_sensor_async.py
[2025-03-13T17:41:57.612+0000] {processor.py:914} INFO - Processing file /root/venv/lib/python3.12/site-packages/airflow/example_dags/example_time_delta_sensor_async.py for tasks to queue
[2025-03-13T17:41:57.615+0000] {logging_mixin.py:190} INFO - [2025-03-13T17:41:57.615+0000] {dagbag.py:588} INFO - Filling up the DagBag from /root/venv/lib/python3.12/site-packages/airflow/example_dags/example_time_delta_sensor_async.py
[2025-03-13T17:41:57.625+0000] {processor.py:925} INFO - DAG(s) 'example_time_delta_sensor_async' retrieved from /root/venv/lib/python3.12/site-packages/airflow/example_dags/example_time_delta_sensor_async.py
[2025-03-13T17:41:57.794+0000] {logging_mixin.py:190} INFO - [2025-03-13T17:41:57.794+0000] {dag.py:3239} INFO - Sync 1 DAGs
[2025-03-13T17:41:57.806+0000] {logging_mixin.py:190} INFO - [2025-03-13T17:41:57.806+0000] {dag.py:4180} INFO - Setting next_dagrun for example_time_delta_sensor_async to None, run_after=None
[2025-03-13T17:41:57.827+0000] {processor.py:208} INFO - Processing /root/venv/lib/python3.12/site-packages/airflow/example_dags/example_time_delta_sensor_async.py took 0.226 seconds
[2025-03-13T17:42:59.036+0000] {processor.py:186} INFO - Started process (PID=1659672) to work on /root/venv/lib/python3.12/site-packages/airflow/example_dags/example_time_delta_sensor_async.py
[2025-03-13T17:42:59.037+0000] {processor.py:914} INFO - Processing file /root/venv/lib/python3.12/site-packages/airflow/example_dags/example_time_delta_sensor_async.py for tasks to queue
[2025-03-13T17:42:59.040+0000] {logging_mixin.py:190} INFO - [2025-03-13T17:42:59.039+0000] {dagbag.py:588} INFO - Filling up the DagBag from /root/venv/lib/python3.12/site-packages/airflow/example_dags/example_time_delta_sensor_async.py
[2025-03-13T17:42:59.051+0000] {processor.py:925} INFO - DAG(s) 'example_time_delta_sensor_async' retrieved from /root/venv/lib/python3.12/site-packages/airflow/example_dags/example_time_delta_sensor_async.py
[2025-03-13T17:42:59.072+0000] {logging_mixin.py:190} INFO - [2025-03-13T17:42:59.072+0000] {dag.py:3239} INFO - Sync 1 DAGs
[2025-03-13T17:42:59.088+0000] {logging_mixin.py:190} INFO - [2025-03-13T17:42:59.088+0000] {dag.py:4180} INFO - Setting next_dagrun for example_time_delta_sensor_async to None, run_after=None
[2025-03-13T17:42:59.111+0000] {processor.py:208} INFO - Processing /root/venv/lib/python3.12/site-packages/airflow/example_dags/example_time_delta_sensor_async.py took 0.083 seconds
[2025-03-13T17:43:59.243+0000] {processor.py:186} INFO - Started process (PID=1659736) to work on /root/venv/lib/python3.12/site-packages/airflow/example_dags/example_time_delta_sensor_async.py
[2025-03-13T17:43:59.244+0000] {processor.py:914} INFO - Processing file /root/venv/lib/python3.12/site-packages/airflow/example_dags/example_time_delta_sensor_async.py for tasks to queue
[2025-03-13T17:43:59.248+0000] {logging_mixin.py:190} INFO - [2025-03-13T17:43:59.247+0000] {dagbag.py:588} INFO - Filling up the DagBag from /root/venv/lib/python3.12/site-packages/airflow/example_dags/example_time_delta_sensor_async.py
[2025-03-13T17:43:59.258+0000] {processor.py:925} INFO - DAG(s) 'example_time_delta_sensor_async' retrieved from /root/venv/lib/python3.12/site-packages/airflow/example_dags/example_time_delta_sensor_async.py
[2025-03-13T17:43:59.279+0000] {logging_mixin.py:190} INFO - [2025-03-13T17:43:59.279+0000] {dag.py:3239} INFO - Sync 1 DAGs
[2025-03-13T17:43:59.297+0000] {logging_mixin.py:190} INFO - [2025-03-13T17:43:59.297+0000] {dag.py:4180} INFO - Setting next_dagrun for example_time_delta_sensor_async to None, run_after=None
[2025-03-13T17:43:59.323+0000] {processor.py:208} INFO - Processing /root/venv/lib/python3.12/site-packages/airflow/example_dags/example_time_delta_sensor_async.py took 0.089 seconds
[2025-03-13T17:45:03.196+0000] {processor.py:186} INFO - Started process (PID=1659816) to work on /root/venv/lib/python3.12/site-packages/airflow/example_dags/example_time_delta_sensor_async.py
[2025-03-13T17:45:03.198+0000] {processor.py:914} INFO - Processing file /root/venv/lib/python3.12/site-packages/airflow/example_dags/example_time_delta_sensor_async.py for tasks to queue
[2025-03-13T17:45:03.202+0000] {logging_mixin.py:190} INFO - [2025-03-13T17:45:03.202+0000] {dagbag.py:588} INFO - Filling up the DagBag from /root/venv/lib/python3.12/site-packages/airflow/example_dags/example_time_delta_sensor_async.py
[2025-03-13T17:45:03.218+0000] {processor.py:925} INFO - DAG(s) 'example_time_delta_sensor_async' retrieved from /root/venv/lib/python3.12/site-packages/airflow/example_dags/example_time_delta_sensor_async.py
[2025-03-13T17:45:03.246+0000] {logging_mixin.py:190} INFO - [2025-03-13T17:45:03.245+0000] {dag.py:3239} INFO - Sync 1 DAGs
[2025-03-13T17:45:03.263+0000] {logging_mixin.py:190} INFO - [2025-03-13T17:45:03.263+0000] {dag.py:4180} INFO - Setting next_dagrun for example_time_delta_sensor_async to None, run_after=None
[2025-03-13T17:45:03.293+0000] {processor.py:208} INFO - Processing /root/venv/lib/python3.12/site-packages/airflow/example_dags/example_time_delta_sensor_async.py took 0.108 seconds
[2025-03-13T17:46:09.118+0000] {processor.py:186} INFO - Started process (PID=1659882) to work on /root/venv/lib/python3.12/site-packages/airflow/example_dags/example_time_delta_sensor_async.py
[2025-03-13T17:46:09.119+0000] {processor.py:914} INFO - Processing file /root/venv/lib/python3.12/site-packages/airflow/example_dags/example_time_delta_sensor_async.py for tasks to queue
[2025-03-13T17:46:09.122+0000] {logging_mixin.py:190} INFO - [2025-03-13T17:46:09.122+0000] {dagbag.py:588} INFO - Filling up the DagBag from /root/venv/lib/python3.12/site-packages/airflow/example_dags/example_time_delta_sensor_async.py
[2025-03-13T17:46:09.134+0000] {processor.py:925} INFO - DAG(s) 'example_time_delta_sensor_async' retrieved from /root/venv/lib/python3.12/site-packages/airflow/example_dags/example_time_delta_sensor_async.py
[2025-03-13T17:46:09.158+0000] {logging_mixin.py:190} INFO - [2025-03-13T17:46:09.157+0000] {dag.py:3239} INFO - Sync 1 DAGs
[2025-03-13T17:46:09.177+0000] {logging_mixin.py:190} INFO - [2025-03-13T17:46:09.176+0000] {dag.py:4180} INFO - Setting next_dagrun for example_time_delta_sensor_async to None, run_after=None
[2025-03-13T17:46:09.211+0000] {processor.py:208} INFO - Processing /root/venv/lib/python3.12/site-packages/airflow/example_dags/example_time_delta_sensor_async.py took 0.102 seconds
[2025-03-13T17:47:11.666+0000] {processor.py:186} INFO - Started process (PID=1659946) to work on /root/venv/lib/python3.12/site-packages/airflow/example_dags/example_time_delta_sensor_async.py
[2025-03-13T17:47:11.667+0000] {processor.py:914} INFO - Processing file /root/venv/lib/python3.12/site-packages/airflow/example_dags/example_time_delta_sensor_async.py for tasks to queue
[2025-03-13T17:47:11.670+0000] {logging_mixin.py:190} INFO - [2025-03-13T17:47:11.670+0000] {dagbag.py:588} INFO - Filling up the DagBag from /root/venv/lib/python3.12/site-packages/airflow/example_dags/example_time_delta_sensor_async.py
[2025-03-13T17:47:11.679+0000] {processor.py:925} INFO - DAG(s) 'example_time_delta_sensor_async' retrieved from /root/venv/lib/python3.12/site-packages/airflow/example_dags/example_time_delta_sensor_async.py
[2025-03-13T17:47:11.697+0000] {logging_mixin.py:190} INFO - [2025-03-13T17:47:11.696+0000] {dag.py:3239} INFO - Sync 1 DAGs
[2025-03-13T17:47:11.710+0000] {logging_mixin.py:190} INFO - [2025-03-13T17:47:11.710+0000] {dag.py:4180} INFO - Setting next_dagrun for example_time_delta_sensor_async to None, run_after=None
[2025-03-13T17:47:11.728+0000] {processor.py:208} INFO - Processing /root/venv/lib/python3.12/site-packages/airflow/example_dags/example_time_delta_sensor_async.py took 0.069 seconds
[2025-03-13T17:48:10.381+0000] {processor.py:186} INFO - Started process (PID=1660010) to work on /root/venv/lib/python3.12/site-packages/airflow/example_dags/example_time_delta_sensor_async.py
[2025-03-13T17:48:10.383+0000] {processor.py:914} INFO - Processing file /root/venv/lib/python3.12/site-packages/airflow/example_dags/example_time_delta_sensor_async.py for tasks to queue
[2025-03-13T17:48:10.387+0000] {logging_mixin.py:190} INFO - [2025-03-13T17:48:10.386+0000] {dagbag.py:588} INFO - Filling up the DagBag from /root/venv/lib/python3.12/site-packages/airflow/example_dags/example_time_delta_sensor_async.py
[2025-03-13T17:48:10.398+0000] {processor.py:925} INFO - DAG(s) 'example_time_delta_sensor_async' retrieved from /root/venv/lib/python3.12/site-packages/airflow/example_dags/example_time_delta_sensor_async.py
[2025-03-13T17:48:10.421+0000] {logging_mixin.py:190} INFO - [2025-03-13T17:48:10.420+0000] {dag.py:3239} INFO - Sync 1 DAGs
[2025-03-13T17:48:10.438+0000] {logging_mixin.py:190} INFO - [2025-03-13T17:48:10.438+0000] {dag.py:4180} INFO - Setting next_dagrun for example_time_delta_sensor_async to None, run_after=None
[2025-03-13T17:48:10.477+0000] {processor.py:208} INFO - Processing /root/venv/lib/python3.12/site-packages/airflow/example_dags/example_time_delta_sensor_async.py took 0.104 seconds
[2025-03-13T17:49:13.064+0000] {processor.py:186} INFO - Started process (PID=1660072) to work on /root/venv/lib/python3.12/site-packages/airflow/example_dags/example_time_delta_sensor_async.py
[2025-03-13T17:49:13.066+0000] {processor.py:914} INFO - Processing file /root/venv/lib/python3.12/site-packages/airflow/example_dags/example_time_delta_sensor_async.py for tasks to queue
[2025-03-13T17:49:13.069+0000] {logging_mixin.py:190} INFO - [2025-03-13T17:49:13.068+0000] {dagbag.py:588} INFO - Filling up the DagBag from /root/venv/lib/python3.12/site-packages/airflow/example_dags/example_time_delta_sensor_async.py
[2025-03-13T17:49:13.078+0000] {processor.py:925} INFO - DAG(s) 'example_time_delta_sensor_async' retrieved from /root/venv/lib/python3.12/site-packages/airflow/example_dags/example_time_delta_sensor_async.py
[2025-03-13T17:49:13.098+0000] {logging_mixin.py:190} INFO - [2025-03-13T17:49:13.097+0000] {dag.py:3239} INFO - Sync 1 DAGs
[2025-03-13T17:49:13.112+0000] {logging_mixin.py:190} INFO - [2025-03-13T17:49:13.112+0000] {dag.py:4180} INFO - Setting next_dagrun for example_time_delta_sensor_async to None, run_after=None
[2025-03-13T17:49:13.134+0000] {processor.py:208} INFO - Processing /root/venv/lib/python3.12/site-packages/airflow/example_dags/example_time_delta_sensor_async.py took 0.077 seconds
[2025-03-13T17:50:16.473+0000] {processor.py:186} INFO - Started process (PID=1660135) to work on /root/venv/lib/python3.12/site-packages/airflow/example_dags/example_time_delta_sensor_async.py
[2025-03-13T17:50:16.475+0000] {processor.py:914} INFO - Processing file /root/venv/lib/python3.12/site-packages/airflow/example_dags/example_time_delta_sensor_async.py for tasks to queue
[2025-03-13T17:50:16.481+0000] {logging_mixin.py:190} INFO - [2025-03-13T17:50:16.480+0000] {dagbag.py:588} INFO - Filling up the DagBag from /root/venv/lib/python3.12/site-packages/airflow/example_dags/example_time_delta_sensor_async.py
[2025-03-13T17:50:16.494+0000] {processor.py:925} INFO - DAG(s) 'example_time_delta_sensor_async' retrieved from /root/venv/lib/python3.12/site-packages/airflow/example_dags/example_time_delta_sensor_async.py
[2025-03-13T17:50:16.524+0000] {logging_mixin.py:190} INFO - [2025-03-13T17:50:16.523+0000] {dag.py:3239} INFO - Sync 1 DAGs
[2025-03-13T17:50:16.546+0000] {logging_mixin.py:190} INFO - [2025-03-13T17:50:16.546+0000] {dag.py:4180} INFO - Setting next_dagrun for example_time_delta_sensor_async to None, run_after=None
[2025-03-13T17:50:16.577+0000] {processor.py:208} INFO - Processing /root/venv/lib/python3.12/site-packages/airflow/example_dags/example_time_delta_sensor_async.py took 0.117 seconds
[2025-03-13T17:51:18.980+0000] {processor.py:186} INFO - Started process (PID=1660204) to work on /root/venv/lib/python3.12/site-packages/airflow/example_dags/example_time_delta_sensor_async.py
[2025-03-13T17:51:18.983+0000] {processor.py:914} INFO - Processing file /root/venv/lib/python3.12/site-packages/airflow/example_dags/example_time_delta_sensor_async.py for tasks to queue
[2025-03-13T17:51:18.986+0000] {logging_mixin.py:190} INFO - [2025-03-13T17:51:18.986+0000] {dagbag.py:588} INFO - Filling up the DagBag from /root/venv/lib/python3.12/site-packages/airflow/example_dags/example_time_delta_sensor_async.py
[2025-03-13T17:51:18.998+0000] {processor.py:925} INFO - DAG(s) 'example_time_delta_sensor_async' retrieved from /root/venv/lib/python3.12/site-packages/airflow/example_dags/example_time_delta_sensor_async.py
[2025-03-13T17:51:19.021+0000] {logging_mixin.py:190} INFO - [2025-03-13T17:51:19.021+0000] {dag.py:3239} INFO - Sync 1 DAGs
[2025-03-13T17:51:19.038+0000] {logging_mixin.py:190} INFO - [2025-03-13T17:51:19.037+0000] {dag.py:4180} INFO - Setting next_dagrun for example_time_delta_sensor_async to None, run_after=None
[2025-03-13T17:51:19.076+0000] {processor.py:208} INFO - Processing /root/venv/lib/python3.12/site-packages/airflow/example_dags/example_time_delta_sensor_async.py took 0.108 seconds
[2025-03-13T17:52:21.799+0000] {processor.py:186} INFO - Started process (PID=1660268) to work on /root/venv/lib/python3.12/site-packages/airflow/example_dags/example_time_delta_sensor_async.py
[2025-03-13T17:52:21.800+0000] {processor.py:914} INFO - Processing file /root/venv/lib/python3.12/site-packages/airflow/example_dags/example_time_delta_sensor_async.py for tasks to queue
[2025-03-13T17:52:21.803+0000] {logging_mixin.py:190} INFO - [2025-03-13T17:52:21.802+0000] {dagbag.py:588} INFO - Filling up the DagBag from /root/venv/lib/python3.12/site-packages/airflow/example_dags/example_time_delta_sensor_async.py
[2025-03-13T17:52:21.813+0000] {processor.py:925} INFO - DAG(s) 'example_time_delta_sensor_async' retrieved from /root/venv/lib/python3.12/site-packages/airflow/example_dags/example_time_delta_sensor_async.py
[2025-03-13T17:52:21.831+0000] {logging_mixin.py:190} INFO - [2025-03-13T17:52:21.831+0000] {dag.py:3239} INFO - Sync 1 DAGs
[2025-03-13T17:52:21.846+0000] {logging_mixin.py:190} INFO - [2025-03-13T17:52:21.845+0000] {dag.py:4180} INFO - Setting next_dagrun for example_time_delta_sensor_async to None, run_after=None
[2025-03-13T17:52:21.867+0000] {processor.py:208} INFO - Processing /root/venv/lib/python3.12/site-packages/airflow/example_dags/example_time_delta_sensor_async.py took 0.076 seconds
[2025-03-13T17:53:26.712+0000] {processor.py:186} INFO - Started process (PID=1660331) to work on /root/venv/lib/python3.12/site-packages/airflow/example_dags/example_time_delta_sensor_async.py
[2025-03-13T17:53:26.714+0000] {processor.py:914} INFO - Processing file /root/venv/lib/python3.12/site-packages/airflow/example_dags/example_time_delta_sensor_async.py for tasks to queue
[2025-03-13T17:53:26.717+0000] {logging_mixin.py:190} INFO - [2025-03-13T17:53:26.717+0000] {dagbag.py:588} INFO - Filling up the DagBag from /root/venv/lib/python3.12/site-packages/airflow/example_dags/example_time_delta_sensor_async.py
[2025-03-13T17:53:26.729+0000] {processor.py:925} INFO - DAG(s) 'example_time_delta_sensor_async' retrieved from /root/venv/lib/python3.12/site-packages/airflow/example_dags/example_time_delta_sensor_async.py
[2025-03-13T17:53:26.753+0000] {logging_mixin.py:190} INFO - [2025-03-13T17:53:26.752+0000] {dag.py:3239} INFO - Sync 1 DAGs
[2025-03-13T17:53:26.770+0000] {logging_mixin.py:190} INFO - [2025-03-13T17:53:26.769+0000] {dag.py:4180} INFO - Setting next_dagrun for example_time_delta_sensor_async to None, run_after=None
[2025-03-13T17:53:26.797+0000] {processor.py:208} INFO - Processing /root/venv/lib/python3.12/site-packages/airflow/example_dags/example_time_delta_sensor_async.py took 0.094 seconds
[2025-03-13T17:54:28.265+0000] {processor.py:186} INFO - Started process (PID=1660392) to work on /root/venv/lib/python3.12/site-packages/airflow/example_dags/example_time_delta_sensor_async.py
[2025-03-13T17:54:28.268+0000] {processor.py:914} INFO - Processing file /root/venv/lib/python3.12/site-packages/airflow/example_dags/example_time_delta_sensor_async.py for tasks to queue
[2025-03-13T17:54:28.273+0000] {logging_mixin.py:190} INFO - [2025-03-13T17:54:28.272+0000] {dagbag.py:588} INFO - Filling up the DagBag from /root/venv/lib/python3.12/site-packages/airflow/example_dags/example_time_delta_sensor_async.py
[2025-03-13T17:54:28.289+0000] {processor.py:925} INFO - DAG(s) 'example_time_delta_sensor_async' retrieved from /root/venv/lib/python3.12/site-packages/airflow/example_dags/example_time_delta_sensor_async.py
[2025-03-13T17:54:28.319+0000] {logging_mixin.py:190} INFO - [2025-03-13T17:54:28.319+0000] {dag.py:3239} INFO - Sync 1 DAGs
[2025-03-13T17:54:28.344+0000] {logging_mixin.py:190} INFO - [2025-03-13T17:54:28.344+0000] {dag.py:4180} INFO - Setting next_dagrun for example_time_delta_sensor_async to None, run_after=None
[2025-03-13T17:54:28.385+0000] {processor.py:208} INFO - Processing /root/venv/lib/python3.12/site-packages/airflow/example_dags/example_time_delta_sensor_async.py took 0.133 seconds
[2025-03-13T17:55:44.973+0000] {processor.py:186} INFO - Started process (PID=1660484) to work on /root/venv/lib/python3.12/site-packages/airflow/example_dags/example_time_delta_sensor_async.py
[2025-03-13T17:55:44.976+0000] {processor.py:914} INFO - Processing file /root/venv/lib/python3.12/site-packages/airflow/example_dags/example_time_delta_sensor_async.py for tasks to queue
[2025-03-13T17:55:44.980+0000] {logging_mixin.py:190} INFO - [2025-03-13T17:55:44.979+0000] {dagbag.py:588} INFO - Filling up the DagBag from /root/venv/lib/python3.12/site-packages/airflow/example_dags/example_time_delta_sensor_async.py
[2025-03-13T17:55:44.991+0000] {processor.py:925} INFO - DAG(s) 'example_time_delta_sensor_async' retrieved from /root/venv/lib/python3.12/site-packages/airflow/example_dags/example_time_delta_sensor_async.py
[2025-03-13T17:55:45.019+0000] {logging_mixin.py:190} INFO - [2025-03-13T17:55:45.018+0000] {dag.py:3239} INFO - Sync 1 DAGs
[2025-03-13T17:55:45.037+0000] {logging_mixin.py:190} INFO - [2025-03-13T17:55:45.037+0000] {dag.py:4180} INFO - Setting next_dagrun for example_time_delta_sensor_async to None, run_after=None
[2025-03-13T17:55:45.070+0000] {processor.py:208} INFO - Processing /root/venv/lib/python3.12/site-packages/airflow/example_dags/example_time_delta_sensor_async.py took 0.108 seconds
[2025-03-13T17:56:38.609+0000] {processor.py:186} INFO - Started process (PID=1660552) to work on /root/venv/lib/python3.12/site-packages/airflow/example_dags/example_time_delta_sensor_async.py
[2025-03-13T17:56:38.611+0000] {processor.py:914} INFO - Processing file /root/venv/lib/python3.12/site-packages/airflow/example_dags/example_time_delta_sensor_async.py for tasks to queue
[2025-03-13T17:56:38.615+0000] {logging_mixin.py:190} INFO - [2025-03-13T17:56:38.614+0000] {dagbag.py:588} INFO - Filling up the DagBag from /root/venv/lib/python3.12/site-packages/airflow/example_dags/example_time_delta_sensor_async.py
[2025-03-13T17:56:38.624+0000] {processor.py:925} INFO - DAG(s) 'example_time_delta_sensor_async' retrieved from /root/venv/lib/python3.12/site-packages/airflow/example_dags/example_time_delta_sensor_async.py
[2025-03-13T17:56:38.645+0000] {logging_mixin.py:190} INFO - [2025-03-13T17:56:38.644+0000] {dag.py:3239} INFO - Sync 1 DAGs
[2025-03-13T17:56:38.658+0000] {logging_mixin.py:190} INFO - [2025-03-13T17:56:38.658+0000] {dag.py:4180} INFO - Setting next_dagrun for example_time_delta_sensor_async to None, run_after=None
[2025-03-13T17:56:38.680+0000] {processor.py:208} INFO - Processing /root/venv/lib/python3.12/site-packages/airflow/example_dags/example_time_delta_sensor_async.py took 0.079 seconds
[2025-03-13T17:57:37.482+0000] {processor.py:186} INFO - Started process (PID=1660617) to work on /root/venv/lib/python3.12/site-packages/airflow/example_dags/example_time_delta_sensor_async.py
[2025-03-13T17:57:37.484+0000] {processor.py:914} INFO - Processing file /root/venv/lib/python3.12/site-packages/airflow/example_dags/example_time_delta_sensor_async.py for tasks to queue
[2025-03-13T17:57:37.488+0000] {logging_mixin.py:190} INFO - [2025-03-13T17:57:37.487+0000] {dagbag.py:588} INFO - Filling up the DagBag from /root/venv/lib/python3.12/site-packages/airflow/example_dags/example_time_delta_sensor_async.py
[2025-03-13T17:57:37.498+0000] {processor.py:925} INFO - DAG(s) 'example_time_delta_sensor_async' retrieved from /root/venv/lib/python3.12/site-packages/airflow/example_dags/example_time_delta_sensor_async.py
[2025-03-13T17:57:37.519+0000] {logging_mixin.py:190} INFO - [2025-03-13T17:57:37.518+0000] {dag.py:3239} INFO - Sync 1 DAGs
[2025-03-13T17:57:37.535+0000] {logging_mixin.py:190} INFO - [2025-03-13T17:57:37.534+0000] {dag.py:4180} INFO - Setting next_dagrun for example_time_delta_sensor_async to None, run_after=None
[2025-03-13T17:57:37.562+0000] {processor.py:208} INFO - Processing /root/venv/lib/python3.12/site-packages/airflow/example_dags/example_time_delta_sensor_async.py took 0.088 seconds
[2025-03-13T17:58:37.110+0000] {processor.py:186} INFO - Started process (PID=1660688) to work on /root/venv/lib/python3.12/site-packages/airflow/example_dags/example_time_delta_sensor_async.py
[2025-03-13T17:58:37.111+0000] {processor.py:914} INFO - Processing file /root/venv/lib/python3.12/site-packages/airflow/example_dags/example_time_delta_sensor_async.py for tasks to queue
[2025-03-13T17:58:37.115+0000] {logging_mixin.py:190} INFO - [2025-03-13T17:58:37.114+0000] {dagbag.py:588} INFO - Filling up the DagBag from /root/venv/lib/python3.12/site-packages/airflow/example_dags/example_time_delta_sensor_async.py
[2025-03-13T17:58:37.124+0000] {processor.py:925} INFO - DAG(s) 'example_time_delta_sensor_async' retrieved from /root/venv/lib/python3.12/site-packages/airflow/example_dags/example_time_delta_sensor_async.py
[2025-03-13T17:58:37.145+0000] {logging_mixin.py:190} INFO - [2025-03-13T17:58:37.145+0000] {dag.py:3239} INFO - Sync 1 DAGs
[2025-03-13T17:58:37.161+0000] {logging_mixin.py:190} INFO - [2025-03-13T17:58:37.161+0000] {dag.py:4180} INFO - Setting next_dagrun for example_time_delta_sensor_async to None, run_after=None
[2025-03-13T17:58:37.186+0000] {processor.py:208} INFO - Processing /root/venv/lib/python3.12/site-packages/airflow/example_dags/example_time_delta_sensor_async.py took 0.084 seconds
[2025-03-13T17:59:34.807+0000] {processor.py:186} INFO - Started process (PID=1660747) to work on /root/venv/lib/python3.12/site-packages/airflow/example_dags/example_time_delta_sensor_async.py
[2025-03-13T17:59:34.808+0000] {processor.py:914} INFO - Processing file /root/venv/lib/python3.12/site-packages/airflow/example_dags/example_time_delta_sensor_async.py for tasks to queue
[2025-03-13T17:59:34.811+0000] {logging_mixin.py:190} INFO - [2025-03-13T17:59:34.811+0000] {dagbag.py:588} INFO - Filling up the DagBag from /root/venv/lib/python3.12/site-packages/airflow/example_dags/example_time_delta_sensor_async.py
[2025-03-13T17:59:34.819+0000] {processor.py:925} INFO - DAG(s) 'example_time_delta_sensor_async' retrieved from /root/venv/lib/python3.12/site-packages/airflow/example_dags/example_time_delta_sensor_async.py
[2025-03-13T17:59:34.842+0000] {logging_mixin.py:190} INFO - [2025-03-13T17:59:34.841+0000] {dag.py:3239} INFO - Sync 1 DAGs
[2025-03-13T17:59:34.857+0000] {logging_mixin.py:190} INFO - [2025-03-13T17:59:34.857+0000] {dag.py:4180} INFO - Setting next_dagrun for example_time_delta_sensor_async to None, run_after=None
[2025-03-13T17:59:34.883+0000] {processor.py:208} INFO - Processing /root/venv/lib/python3.12/site-packages/airflow/example_dags/example_time_delta_sensor_async.py took 0.082 seconds
[2025-03-13T18:01:01.081+0000] {processor.py:186} INFO - Started process (PID=1660842) to work on /root/venv/lib/python3.12/site-packages/airflow/example_dags/example_time_delta_sensor_async.py
[2025-03-13T18:01:01.084+0000] {processor.py:914} INFO - Processing file /root/venv/lib/python3.12/site-packages/airflow/example_dags/example_time_delta_sensor_async.py for tasks to queue
[2025-03-13T18:01:01.088+0000] {logging_mixin.py:190} INFO - [2025-03-13T18:01:01.087+0000] {dagbag.py:588} INFO - Filling up the DagBag from /root/venv/lib/python3.12/site-packages/airflow/example_dags/example_time_delta_sensor_async.py
[2025-03-13T18:01:01.098+0000] {processor.py:925} INFO - DAG(s) 'example_time_delta_sensor_async' retrieved from /root/venv/lib/python3.12/site-packages/airflow/example_dags/example_time_delta_sensor_async.py
[2025-03-13T18:01:01.133+0000] {logging_mixin.py:190} INFO - [2025-03-13T18:01:01.133+0000] {dag.py:3239} INFO - Sync 1 DAGs
[2025-03-13T18:01:01.151+0000] {logging_mixin.py:190} INFO - [2025-03-13T18:01:01.151+0000] {dag.py:4180} INFO - Setting next_dagrun for example_time_delta_sensor_async to None, run_after=None
[2025-03-13T18:01:01.180+0000] {processor.py:208} INFO - Processing /root/venv/lib/python3.12/site-packages/airflow/example_dags/example_time_delta_sensor_async.py took 0.108 seconds
[2025-03-13T18:02:09.932+0000] {processor.py:186} INFO - Started process (PID=1660922) to work on /root/venv/lib/python3.12/site-packages/airflow/example_dags/example_time_delta_sensor_async.py
[2025-03-13T18:02:09.935+0000] {processor.py:914} INFO - Processing file /root/venv/lib/python3.12/site-packages/airflow/example_dags/example_time_delta_sensor_async.py for tasks to queue
[2025-03-13T18:02:09.938+0000] {logging_mixin.py:190} INFO - [2025-03-13T18:02:09.937+0000] {dagbag.py:588} INFO - Filling up the DagBag from /root/venv/lib/python3.12/site-packages/airflow/example_dags/example_time_delta_sensor_async.py
[2025-03-13T18:02:09.948+0000] {processor.py:925} INFO - DAG(s) 'example_time_delta_sensor_async' retrieved from /root/venv/lib/python3.12/site-packages/airflow/example_dags/example_time_delta_sensor_async.py
[2025-03-13T18:02:09.970+0000] {logging_mixin.py:190} INFO - [2025-03-13T18:02:09.970+0000] {dag.py:3239} INFO - Sync 1 DAGs
[2025-03-13T18:02:09.986+0000] {logging_mixin.py:190} INFO - [2025-03-13T18:02:09.986+0000] {dag.py:4180} INFO - Setting next_dagrun for example_time_delta_sensor_async to None, run_after=None
[2025-03-13T18:02:10.016+0000] {processor.py:208} INFO - Processing /root/venv/lib/python3.12/site-packages/airflow/example_dags/example_time_delta_sensor_async.py took 0.093 seconds
[2025-03-13T18:03:11.394+0000] {processor.py:186} INFO - Started process (PID=1660989) to work on /root/venv/lib/python3.12/site-packages/airflow/example_dags/example_time_delta_sensor_async.py
[2025-03-13T18:03:11.396+0000] {processor.py:914} INFO - Processing file /root/venv/lib/python3.12/site-packages/airflow/example_dags/example_time_delta_sensor_async.py for tasks to queue
[2025-03-13T18:03:11.400+0000] {logging_mixin.py:190} INFO - [2025-03-13T18:03:11.400+0000] {dagbag.py:588} INFO - Filling up the DagBag from /root/venv/lib/python3.12/site-packages/airflow/example_dags/example_time_delta_sensor_async.py
[2025-03-13T18:03:11.413+0000] {processor.py:925} INFO - DAG(s) 'example_time_delta_sensor_async' retrieved from /root/venv/lib/python3.12/site-packages/airflow/example_dags/example_time_delta_sensor_async.py
[2025-03-13T18:03:11.439+0000] {logging_mixin.py:190} INFO - [2025-03-13T18:03:11.439+0000] {dag.py:3239} INFO - Sync 1 DAGs
[2025-03-13T18:03:11.461+0000] {logging_mixin.py:190} INFO - [2025-03-13T18:03:11.460+0000] {dag.py:4180} INFO - Setting next_dagrun for example_time_delta_sensor_async to None, run_after=None
[2025-03-13T18:03:11.493+0000] {processor.py:208} INFO - Processing /root/venv/lib/python3.12/site-packages/airflow/example_dags/example_time_delta_sensor_async.py took 0.108 seconds
[2025-03-13T18:04:22.677+0000] {processor.py:186} INFO - Started process (PID=1661055) to work on /root/venv/lib/python3.12/site-packages/airflow/example_dags/example_time_delta_sensor_async.py
[2025-03-13T18:04:22.678+0000] {processor.py:914} INFO - Processing file /root/venv/lib/python3.12/site-packages/airflow/example_dags/example_time_delta_sensor_async.py for tasks to queue
[2025-03-13T18:04:22.681+0000] {logging_mixin.py:190} INFO - [2025-03-13T18:04:22.680+0000] {dagbag.py:588} INFO - Filling up the DagBag from /root/venv/lib/python3.12/site-packages/airflow/example_dags/example_time_delta_sensor_async.py
[2025-03-13T18:04:22.689+0000] {processor.py:925} INFO - DAG(s) 'example_time_delta_sensor_async' retrieved from /root/venv/lib/python3.12/site-packages/airflow/example_dags/example_time_delta_sensor_async.py
[2025-03-13T18:04:22.846+0000] {logging_mixin.py:190} INFO - [2025-03-13T18:04:22.846+0000] {dag.py:3239} INFO - Sync 1 DAGs
[2025-03-13T18:04:22.857+0000] {logging_mixin.py:190} INFO - [2025-03-13T18:04:22.857+0000] {dag.py:4180} INFO - Setting next_dagrun for example_time_delta_sensor_async to None, run_after=None
[2025-03-13T18:04:22.876+0000] {processor.py:208} INFO - Processing /root/venv/lib/python3.12/site-packages/airflow/example_dags/example_time_delta_sensor_async.py took 0.206 seconds
[2025-03-13T18:05:37.492+0000] {processor.py:186} INFO - Started process (PID=1661131) to work on /root/venv/lib/python3.12/site-packages/airflow/example_dags/example_time_delta_sensor_async.py
[2025-03-13T18:05:37.494+0000] {processor.py:914} INFO - Processing file /root/venv/lib/python3.12/site-packages/airflow/example_dags/example_time_delta_sensor_async.py for tasks to queue
[2025-03-13T18:05:37.498+0000] {logging_mixin.py:190} INFO - [2025-03-13T18:05:37.497+0000] {dagbag.py:588} INFO - Filling up the DagBag from /root/venv/lib/python3.12/site-packages/airflow/example_dags/example_time_delta_sensor_async.py
[2025-03-13T18:05:37.508+0000] {processor.py:925} INFO - DAG(s) 'example_time_delta_sensor_async' retrieved from /root/venv/lib/python3.12/site-packages/airflow/example_dags/example_time_delta_sensor_async.py
[2025-03-13T18:05:37.531+0000] {logging_mixin.py:190} INFO - [2025-03-13T18:05:37.530+0000] {dag.py:3239} INFO - Sync 1 DAGs
[2025-03-13T18:05:37.548+0000] {logging_mixin.py:190} INFO - [2025-03-13T18:05:37.548+0000] {dag.py:4180} INFO - Setting next_dagrun for example_time_delta_sensor_async to None, run_after=None
[2025-03-13T18:05:37.578+0000] {processor.py:208} INFO - Processing /root/venv/lib/python3.12/site-packages/airflow/example_dags/example_time_delta_sensor_async.py took 0.094 seconds
[2025-03-13T18:06:44.622+0000] {processor.py:186} INFO - Started process (PID=1661201) to work on /root/venv/lib/python3.12/site-packages/airflow/example_dags/example_time_delta_sensor_async.py
[2025-03-13T18:06:44.624+0000] {processor.py:914} INFO - Processing file /root/venv/lib/python3.12/site-packages/airflow/example_dags/example_time_delta_sensor_async.py for tasks to queue
[2025-03-13T18:06:44.627+0000] {logging_mixin.py:190} INFO - [2025-03-13T18:06:44.626+0000] {dagbag.py:588} INFO - Filling up the DagBag from /root/venv/lib/python3.12/site-packages/airflow/example_dags/example_time_delta_sensor_async.py
[2025-03-13T18:06:44.636+0000] {processor.py:925} INFO - DAG(s) 'example_time_delta_sensor_async' retrieved from /root/venv/lib/python3.12/site-packages/airflow/example_dags/example_time_delta_sensor_async.py
[2025-03-13T18:06:44.655+0000] {logging_mixin.py:190} INFO - [2025-03-13T18:06:44.655+0000] {dag.py:3239} INFO - Sync 1 DAGs
[2025-03-13T18:06:44.671+0000] {logging_mixin.py:190} INFO - [2025-03-13T18:06:44.671+0000] {dag.py:4180} INFO - Setting next_dagrun for example_time_delta_sensor_async to None, run_after=None
[2025-03-13T18:06:44.693+0000] {processor.py:208} INFO - Processing /root/venv/lib/python3.12/site-packages/airflow/example_dags/example_time_delta_sensor_async.py took 0.077 seconds
[2025-03-13T18:07:54.474+0000] {processor.py:186} INFO - Started process (PID=1661283) to work on /root/venv/lib/python3.12/site-packages/airflow/example_dags/example_time_delta_sensor_async.py
[2025-03-13T18:07:54.475+0000] {processor.py:914} INFO - Processing file /root/venv/lib/python3.12/site-packages/airflow/example_dags/example_time_delta_sensor_async.py for tasks to queue
[2025-03-13T18:07:54.478+0000] {logging_mixin.py:190} INFO - [2025-03-13T18:07:54.478+0000] {dagbag.py:588} INFO - Filling up the DagBag from /root/venv/lib/python3.12/site-packages/airflow/example_dags/example_time_delta_sensor_async.py
[2025-03-13T18:07:54.491+0000] {processor.py:925} INFO - DAG(s) 'example_time_delta_sensor_async' retrieved from /root/venv/lib/python3.12/site-packages/airflow/example_dags/example_time_delta_sensor_async.py
[2025-03-13T18:07:54.515+0000] {logging_mixin.py:190} INFO - [2025-03-13T18:07:54.515+0000] {dag.py:3239} INFO - Sync 1 DAGs
[2025-03-13T18:07:54.535+0000] {logging_mixin.py:190} INFO - [2025-03-13T18:07:54.535+0000] {dag.py:4180} INFO - Setting next_dagrun for example_time_delta_sensor_async to None, run_after=None
[2025-03-13T18:07:54.556+0000] {processor.py:208} INFO - Processing /root/venv/lib/python3.12/site-packages/airflow/example_dags/example_time_delta_sensor_async.py took 0.090 seconds
[2025-03-13T18:09:00.359+0000] {processor.py:186} INFO - Started process (PID=1661353) to work on /root/venv/lib/python3.12/site-packages/airflow/example_dags/example_time_delta_sensor_async.py
[2025-03-13T18:09:00.361+0000] {processor.py:914} INFO - Processing file /root/venv/lib/python3.12/site-packages/airflow/example_dags/example_time_delta_sensor_async.py for tasks to queue
[2025-03-13T18:09:00.364+0000] {logging_mixin.py:190} INFO - [2025-03-13T18:09:00.364+0000] {dagbag.py:588} INFO - Filling up the DagBag from /root/venv/lib/python3.12/site-packages/airflow/example_dags/example_time_delta_sensor_async.py
[2025-03-13T18:09:00.375+0000] {processor.py:925} INFO - DAG(s) 'example_time_delta_sensor_async' retrieved from /root/venv/lib/python3.12/site-packages/airflow/example_dags/example_time_delta_sensor_async.py
[2025-03-13T18:09:00.397+0000] {logging_mixin.py:190} INFO - [2025-03-13T18:09:00.396+0000] {dag.py:3239} INFO - Sync 1 DAGs
[2025-03-13T18:09:00.415+0000] {logging_mixin.py:190} INFO - [2025-03-13T18:09:00.415+0000] {dag.py:4180} INFO - Setting next_dagrun for example_time_delta_sensor_async to None, run_after=None
[2025-03-13T18:09:00.443+0000] {processor.py:208} INFO - Processing /root/venv/lib/python3.12/site-packages/airflow/example_dags/example_time_delta_sensor_async.py took 0.093 seconds
[2025-03-13T18:09:59.101+0000] {processor.py:186} INFO - Started process (PID=1661416) to work on /root/venv/lib/python3.12/site-packages/airflow/example_dags/example_time_delta_sensor_async.py
[2025-03-13T18:09:59.102+0000] {processor.py:914} INFO - Processing file /root/venv/lib/python3.12/site-packages/airflow/example_dags/example_time_delta_sensor_async.py for tasks to queue
[2025-03-13T18:09:59.106+0000] {logging_mixin.py:190} INFO - [2025-03-13T18:09:59.105+0000] {dagbag.py:588} INFO - Filling up the DagBag from /root/venv/lib/python3.12/site-packages/airflow/example_dags/example_time_delta_sensor_async.py
[2025-03-13T18:09:59.117+0000] {processor.py:925} INFO - DAG(s) 'example_time_delta_sensor_async' retrieved from /root/venv/lib/python3.12/site-packages/airflow/example_dags/example_time_delta_sensor_async.py
[2025-03-13T18:09:59.140+0000] {logging_mixin.py:190} INFO - [2025-03-13T18:09:59.139+0000] {dag.py:3239} INFO - Sync 1 DAGs
[2025-03-13T18:09:59.158+0000] {logging_mixin.py:190} INFO - [2025-03-13T18:09:59.157+0000] {dag.py:4180} INFO - Setting next_dagrun for example_time_delta_sensor_async to None, run_after=None
[2025-03-13T18:09:59.188+0000] {processor.py:208} INFO - Processing /root/venv/lib/python3.12/site-packages/airflow/example_dags/example_time_delta_sensor_async.py took 0.096 seconds
[2025-03-13T18:11:06.876+0000] {processor.py:186} INFO - Started process (PID=1661489) to work on /root/venv/lib/python3.12/site-packages/airflow/example_dags/example_time_delta_sensor_async.py
[2025-03-13T18:11:06.878+0000] {processor.py:914} INFO - Processing file /root/venv/lib/python3.12/site-packages/airflow/example_dags/example_time_delta_sensor_async.py for tasks to queue
[2025-03-13T18:11:06.881+0000] {logging_mixin.py:190} INFO - [2025-03-13T18:11:06.881+0000] {dagbag.py:588} INFO - Filling up the DagBag from /root/venv/lib/python3.12/site-packages/airflow/example_dags/example_time_delta_sensor_async.py
[2025-03-13T18:11:06.893+0000] {processor.py:925} INFO - DAG(s) 'example_time_delta_sensor_async' retrieved from /root/venv/lib/python3.12/site-packages/airflow/example_dags/example_time_delta_sensor_async.py
[2025-03-13T18:11:06.915+0000] {logging_mixin.py:190} INFO - [2025-03-13T18:11:06.915+0000] {dag.py:3239} INFO - Sync 1 DAGs
[2025-03-13T18:11:06.933+0000] {logging_mixin.py:190} INFO - [2025-03-13T18:11:06.933+0000] {dag.py:4180} INFO - Setting next_dagrun for example_time_delta_sensor_async to None, run_after=None
[2025-03-13T18:11:06.959+0000] {processor.py:208} INFO - Processing /root/venv/lib/python3.12/site-packages/airflow/example_dags/example_time_delta_sensor_async.py took 0.091 seconds
[2025-03-13T18:12:14.179+0000] {processor.py:186} INFO - Started process (PID=1661555) to work on /root/venv/lib/python3.12/site-packages/airflow/example_dags/example_time_delta_sensor_async.py
[2025-03-13T18:12:14.182+0000] {processor.py:914} INFO - Processing file /root/venv/lib/python3.12/site-packages/airflow/example_dags/example_time_delta_sensor_async.py for tasks to queue
[2025-03-13T18:12:14.184+0000] {logging_mixin.py:190} INFO - [2025-03-13T18:12:14.184+0000] {dagbag.py:588} INFO - Filling up the DagBag from /root/venv/lib/python3.12/site-packages/airflow/example_dags/example_time_delta_sensor_async.py
[2025-03-13T18:12:14.199+0000] {processor.py:925} INFO - DAG(s) 'example_time_delta_sensor_async' retrieved from /root/venv/lib/python3.12/site-packages/airflow/example_dags/example_time_delta_sensor_async.py
[2025-03-13T18:12:14.222+0000] {logging_mixin.py:190} INFO - [2025-03-13T18:12:14.221+0000] {dag.py:3239} INFO - Sync 1 DAGs
[2025-03-13T18:12:14.242+0000] {logging_mixin.py:190} INFO - [2025-03-13T18:12:14.241+0000] {dag.py:4180} INFO - Setting next_dagrun for example_time_delta_sensor_async to None, run_after=None
[2025-03-13T18:12:14.272+0000] {processor.py:208} INFO - Processing /root/venv/lib/python3.12/site-packages/airflow/example_dags/example_time_delta_sensor_async.py took 0.105 seconds
[2025-03-13T18:13:21.163+0000] {processor.py:186} INFO - Started process (PID=1661636) to work on /root/venv/lib/python3.12/site-packages/airflow/example_dags/example_time_delta_sensor_async.py
[2025-03-13T18:13:21.164+0000] {processor.py:914} INFO - Processing file /root/venv/lib/python3.12/site-packages/airflow/example_dags/example_time_delta_sensor_async.py for tasks to queue
[2025-03-13T18:13:21.166+0000] {logging_mixin.py:190} INFO - [2025-03-13T18:13:21.165+0000] {dagbag.py:588} INFO - Filling up the DagBag from /root/venv/lib/python3.12/site-packages/airflow/example_dags/example_time_delta_sensor_async.py
[2025-03-13T18:13:21.176+0000] {processor.py:925} INFO - DAG(s) 'example_time_delta_sensor_async' retrieved from /root/venv/lib/python3.12/site-packages/airflow/example_dags/example_time_delta_sensor_async.py
[2025-03-13T18:13:21.198+0000] {logging_mixin.py:190} INFO - [2025-03-13T18:13:21.198+0000] {dag.py:3239} INFO - Sync 1 DAGs
[2025-03-13T18:13:21.215+0000] {logging_mixin.py:190} INFO - [2025-03-13T18:13:21.215+0000] {dag.py:4180} INFO - Setting next_dagrun for example_time_delta_sensor_async to None, run_after=None
[2025-03-13T18:13:21.242+0000] {processor.py:208} INFO - Processing /root/venv/lib/python3.12/site-packages/airflow/example_dags/example_time_delta_sensor_async.py took 0.087 seconds
[2025-03-13T18:14:27.496+0000] {processor.py:186} INFO - Started process (PID=1661706) to work on /root/venv/lib/python3.12/site-packages/airflow/example_dags/example_time_delta_sensor_async.py
[2025-03-13T18:14:27.497+0000] {processor.py:914} INFO - Processing file /root/venv/lib/python3.12/site-packages/airflow/example_dags/example_time_delta_sensor_async.py for tasks to queue
[2025-03-13T18:14:27.499+0000] {logging_mixin.py:190} INFO - [2025-03-13T18:14:27.499+0000] {dagbag.py:588} INFO - Filling up the DagBag from /root/venv/lib/python3.12/site-packages/airflow/example_dags/example_time_delta_sensor_async.py
[2025-03-13T18:14:27.510+0000] {processor.py:925} INFO - DAG(s) 'example_time_delta_sensor_async' retrieved from /root/venv/lib/python3.12/site-packages/airflow/example_dags/example_time_delta_sensor_async.py
[2025-03-13T18:14:27.532+0000] {logging_mixin.py:190} INFO - [2025-03-13T18:14:27.532+0000] {dag.py:3239} INFO - Sync 1 DAGs
[2025-03-13T18:14:27.547+0000] {logging_mixin.py:190} INFO - [2025-03-13T18:14:27.547+0000] {dag.py:4180} INFO - Setting next_dagrun for example_time_delta_sensor_async to None, run_after=None
[2025-03-13T18:14:27.572+0000] {processor.py:208} INFO - Processing /root/venv/lib/python3.12/site-packages/airflow/example_dags/example_time_delta_sensor_async.py took 0.084 seconds
[2025-03-13T18:15:37.244+0000] {processor.py:186} INFO - Started process (PID=1661783) to work on /root/venv/lib/python3.12/site-packages/airflow/example_dags/example_time_delta_sensor_async.py
[2025-03-13T18:15:37.246+0000] {processor.py:914} INFO - Processing file /root/venv/lib/python3.12/site-packages/airflow/example_dags/example_time_delta_sensor_async.py for tasks to queue
[2025-03-13T18:15:37.248+0000] {logging_mixin.py:190} INFO - [2025-03-13T18:15:37.247+0000] {dagbag.py:588} INFO - Filling up the DagBag from /root/venv/lib/python3.12/site-packages/airflow/example_dags/example_time_delta_sensor_async.py
[2025-03-13T18:15:37.259+0000] {processor.py:925} INFO - DAG(s) 'example_time_delta_sensor_async' retrieved from /root/venv/lib/python3.12/site-packages/airflow/example_dags/example_time_delta_sensor_async.py
[2025-03-13T18:15:37.281+0000] {logging_mixin.py:190} INFO - [2025-03-13T18:15:37.281+0000] {dag.py:3239} INFO - Sync 1 DAGs
[2025-03-13T18:15:37.299+0000] {logging_mixin.py:190} INFO - [2025-03-13T18:15:37.299+0000] {dag.py:4180} INFO - Setting next_dagrun for example_time_delta_sensor_async to None, run_after=None
[2025-03-13T18:15:37.326+0000] {processor.py:208} INFO - Processing /root/venv/lib/python3.12/site-packages/airflow/example_dags/example_time_delta_sensor_async.py took 0.093 seconds
[2025-03-13T19:39:15.052+0000] {processor.py:186} INFO - Started process (PID=1662377) to work on /root/venv/lib/python3.12/site-packages/airflow/example_dags/example_time_delta_sensor_async.py
[2025-03-13T19:39:15.054+0000] {processor.py:914} INFO - Processing file /root/venv/lib/python3.12/site-packages/airflow/example_dags/example_time_delta_sensor_async.py for tasks to queue
[2025-03-13T19:39:15.057+0000] {logging_mixin.py:190} INFO - [2025-03-13T19:39:15.056+0000] {dagbag.py:588} INFO - Filling up the DagBag from /root/venv/lib/python3.12/site-packages/airflow/example_dags/example_time_delta_sensor_async.py
[2025-03-13T19:39:15.066+0000] {processor.py:925} INFO - DAG(s) 'example_time_delta_sensor_async' retrieved from /root/venv/lib/python3.12/site-packages/airflow/example_dags/example_time_delta_sensor_async.py
[2025-03-13T19:39:15.086+0000] {logging_mixin.py:190} INFO - [2025-03-13T19:39:15.085+0000] {dag.py:3239} INFO - Sync 1 DAGs
[2025-03-13T19:39:15.100+0000] {logging_mixin.py:190} INFO - [2025-03-13T19:39:15.100+0000] {dag.py:4180} INFO - Setting next_dagrun for example_time_delta_sensor_async to None, run_after=None
[2025-03-13T19:39:15.121+0000] {processor.py:208} INFO - Processing /root/venv/lib/python3.12/site-packages/airflow/example_dags/example_time_delta_sensor_async.py took 0.076 seconds
