[2025-03-13T17:31:10.581+0000] {processor.py:186} INFO - Started process (PID=1658862) to work on /root/venv/lib/python3.12/site-packages/airflow/example_dags/example_python_operator.py
[2025-03-13T17:31:10.584+0000] {processor.py:914} INFO - Processing file /root/venv/lib/python3.12/site-packages/airflow/example_dags/example_python_operator.py for tasks to queue
[2025-03-13T17:31:10.587+0000] {logging_mixin.py:190} INFO - [2025-03-13T17:31:10.586+0000] {dagbag.py:588} INFO - Filling up the DagBag from /root/venv/lib/python3.12/site-packages/airflow/example_dags/example_python_operator.py
[2025-03-13T17:31:10.595+0000] {logging_mixin.py:190} INFO - [2025-03-13T17:31:10.595+0000] {example_python_operator.py:93} WARNING - The virtalenv_python example task requires virtualenv, please install it.
[2025-03-13T17:31:10.599+0000] {processor.py:925} INFO - DAG(s) 'example_python_operator' retrieved from /root/venv/lib/python3.12/site-packages/airflow/example_dags/example_python_operator.py
[2025-03-13T17:31:10.755+0000] {logging_mixin.py:190} INFO - [2025-03-13T17:31:10.754+0000] {dag.py:3239} INFO - Sync 1 DAGs
[2025-03-13T17:31:10.773+0000] {logging_mixin.py:190} INFO - [2025-03-13T17:31:10.772+0000] {dag.py:4180} INFO - Setting next_dagrun for example_python_operator to None, run_after=None
[2025-03-13T17:31:10.803+0000] {processor.py:208} INFO - Processing /root/venv/lib/python3.12/site-packages/airflow/example_dags/example_python_operator.py took 0.230 seconds
[2025-03-13T17:32:14.442+0000] {processor.py:186} INFO - Started process (PID=1658926) to work on /root/venv/lib/python3.12/site-packages/airflow/example_dags/example_python_operator.py
[2025-03-13T17:32:14.443+0000] {processor.py:914} INFO - Processing file /root/venv/lib/python3.12/site-packages/airflow/example_dags/example_python_operator.py for tasks to queue
[2025-03-13T17:32:14.447+0000] {logging_mixin.py:190} INFO - [2025-03-13T17:32:14.446+0000] {dagbag.py:588} INFO - Filling up the DagBag from /root/venv/lib/python3.12/site-packages/airflow/example_dags/example_python_operator.py
[2025-03-13T17:32:14.458+0000] {logging_mixin.py:190} INFO - [2025-03-13T17:32:14.457+0000] {example_python_operator.py:93} WARNING - The virtalenv_python example task requires virtualenv, please install it.
[2025-03-13T17:32:14.461+0000] {processor.py:925} INFO - DAG(s) 'example_python_operator' retrieved from /root/venv/lib/python3.12/site-packages/airflow/example_dags/example_python_operator.py
[2025-03-13T17:32:14.487+0000] {logging_mixin.py:190} INFO - [2025-03-13T17:32:14.487+0000] {dag.py:3239} INFO - Sync 1 DAGs
[2025-03-13T17:32:14.505+0000] {logging_mixin.py:190} INFO - [2025-03-13T17:32:14.504+0000] {dag.py:4180} INFO - Setting next_dagrun for example_python_operator to None, run_after=None
[2025-03-13T17:32:14.535+0000] {processor.py:208} INFO - Processing /root/venv/lib/python3.12/site-packages/airflow/example_dags/example_python_operator.py took 0.102 seconds
[2025-03-13T17:33:15.388+0000] {processor.py:186} INFO - Started process (PID=1659053) to work on /root/venv/lib/python3.12/site-packages/airflow/example_dags/example_python_operator.py
[2025-03-13T17:33:15.389+0000] {processor.py:914} INFO - Processing file /root/venv/lib/python3.12/site-packages/airflow/example_dags/example_python_operator.py for tasks to queue
[2025-03-13T17:33:15.392+0000] {logging_mixin.py:190} INFO - [2025-03-13T17:33:15.391+0000] {dagbag.py:588} INFO - Filling up the DagBag from /root/venv/lib/python3.12/site-packages/airflow/example_dags/example_python_operator.py
[2025-03-13T17:33:15.400+0000] {logging_mixin.py:190} INFO - [2025-03-13T17:33:15.400+0000] {example_python_operator.py:93} WARNING - The virtalenv_python example task requires virtualenv, please install it.
[2025-03-13T17:33:15.403+0000] {processor.py:925} INFO - DAG(s) 'example_python_operator' retrieved from /root/venv/lib/python3.12/site-packages/airflow/example_dags/example_python_operator.py
[2025-03-13T17:33:15.424+0000] {logging_mixin.py:190} INFO - [2025-03-13T17:33:15.424+0000] {dag.py:3239} INFO - Sync 1 DAGs
[2025-03-13T17:33:15.439+0000] {logging_mixin.py:190} INFO - [2025-03-13T17:33:15.438+0000] {dag.py:4180} INFO - Setting next_dagrun for example_python_operator to None, run_after=None
[2025-03-13T17:33:15.466+0000] {processor.py:208} INFO - Processing /root/venv/lib/python3.12/site-packages/airflow/example_dags/example_python_operator.py took 0.085 seconds
[2025-03-13T17:34:16.793+0000] {processor.py:186} INFO - Started process (PID=1659116) to work on /root/venv/lib/python3.12/site-packages/airflow/example_dags/example_python_operator.py
[2025-03-13T17:34:16.795+0000] {processor.py:914} INFO - Processing file /root/venv/lib/python3.12/site-packages/airflow/example_dags/example_python_operator.py for tasks to queue
[2025-03-13T17:34:16.797+0000] {logging_mixin.py:190} INFO - [2025-03-13T17:34:16.797+0000] {dagbag.py:588} INFO - Filling up the DagBag from /root/venv/lib/python3.12/site-packages/airflow/example_dags/example_python_operator.py
[2025-03-13T17:34:16.808+0000] {logging_mixin.py:190} INFO - [2025-03-13T17:34:16.808+0000] {example_python_operator.py:93} WARNING - The virtalenv_python example task requires virtualenv, please install it.
[2025-03-13T17:34:16.811+0000] {processor.py:925} INFO - DAG(s) 'example_python_operator' retrieved from /root/venv/lib/python3.12/site-packages/airflow/example_dags/example_python_operator.py
[2025-03-13T17:34:16.835+0000] {logging_mixin.py:190} INFO - [2025-03-13T17:34:16.835+0000] {dag.py:3239} INFO - Sync 1 DAGs
[2025-03-13T17:34:16.852+0000] {logging_mixin.py:190} INFO - [2025-03-13T17:34:16.852+0000] {dag.py:4180} INFO - Setting next_dagrun for example_python_operator to None, run_after=None
[2025-03-13T17:34:16.879+0000] {processor.py:208} INFO - Processing /root/venv/lib/python3.12/site-packages/airflow/example_dags/example_python_operator.py took 0.094 seconds
[2025-03-13T17:35:03.653+0000] {processor.py:186} INFO - Started process (PID=1659173) to work on /root/venv/lib/python3.12/site-packages/airflow/example_dags/example_python_operator.py
[2025-03-13T17:35:03.654+0000] {processor.py:914} INFO - Processing file /root/venv/lib/python3.12/site-packages/airflow/example_dags/example_python_operator.py for tasks to queue
[2025-03-13T17:35:03.657+0000] {logging_mixin.py:190} INFO - [2025-03-13T17:35:03.657+0000] {dagbag.py:588} INFO - Filling up the DagBag from /root/venv/lib/python3.12/site-packages/airflow/example_dags/example_python_operator.py
[2025-03-13T17:35:03.667+0000] {logging_mixin.py:190} INFO - [2025-03-13T17:35:03.666+0000] {example_python_operator.py:93} WARNING - The virtalenv_python example task requires virtualenv, please install it.
[2025-03-13T17:35:03.670+0000] {processor.py:925} INFO - DAG(s) 'example_python_operator' retrieved from /root/venv/lib/python3.12/site-packages/airflow/example_dags/example_python_operator.py
[2025-03-13T17:35:03.695+0000] {logging_mixin.py:190} INFO - [2025-03-13T17:35:03.695+0000] {dag.py:3239} INFO - Sync 1 DAGs
[2025-03-13T17:35:03.711+0000] {logging_mixin.py:190} INFO - [2025-03-13T17:35:03.711+0000] {dag.py:4180} INFO - Setting next_dagrun for example_python_operator to None, run_after=None
[2025-03-13T17:35:03.740+0000] {processor.py:208} INFO - Processing /root/venv/lib/python3.12/site-packages/airflow/example_dags/example_python_operator.py took 0.096 seconds
[2025-03-13T17:36:01.740+0000] {processor.py:186} INFO - Started process (PID=1659236) to work on /root/venv/lib/python3.12/site-packages/airflow/example_dags/example_python_operator.py
[2025-03-13T17:36:01.742+0000] {processor.py:914} INFO - Processing file /root/venv/lib/python3.12/site-packages/airflow/example_dags/example_python_operator.py for tasks to queue
[2025-03-13T17:36:01.746+0000] {logging_mixin.py:190} INFO - [2025-03-13T17:36:01.745+0000] {dagbag.py:588} INFO - Filling up the DagBag from /root/venv/lib/python3.12/site-packages/airflow/example_dags/example_python_operator.py
[2025-03-13T17:36:01.759+0000] {logging_mixin.py:190} INFO - [2025-03-13T17:36:01.758+0000] {example_python_operator.py:93} WARNING - The virtalenv_python example task requires virtualenv, please install it.
[2025-03-13T17:36:01.764+0000] {processor.py:925} INFO - DAG(s) 'example_python_operator' retrieved from /root/venv/lib/python3.12/site-packages/airflow/example_dags/example_python_operator.py
[2025-03-13T17:36:01.796+0000] {logging_mixin.py:190} INFO - [2025-03-13T17:36:01.796+0000] {dag.py:3239} INFO - Sync 1 DAGs
[2025-03-13T17:36:01.820+0000] {logging_mixin.py:190} INFO - [2025-03-13T17:36:01.819+0000] {dag.py:4180} INFO - Setting next_dagrun for example_python_operator to None, run_after=None
[2025-03-13T17:36:01.855+0000] {processor.py:208} INFO - Processing /root/venv/lib/python3.12/site-packages/airflow/example_dags/example_python_operator.py took 0.126 seconds
[2025-03-13T17:37:01.006+0000] {processor.py:186} INFO - Started process (PID=1659302) to work on /root/venv/lib/python3.12/site-packages/airflow/example_dags/example_python_operator.py
[2025-03-13T17:37:01.008+0000] {processor.py:914} INFO - Processing file /root/venv/lib/python3.12/site-packages/airflow/example_dags/example_python_operator.py for tasks to queue
[2025-03-13T17:37:01.011+0000] {logging_mixin.py:190} INFO - [2025-03-13T17:37:01.011+0000] {dagbag.py:588} INFO - Filling up the DagBag from /root/venv/lib/python3.12/site-packages/airflow/example_dags/example_python_operator.py
[2025-03-13T17:37:01.022+0000] {logging_mixin.py:190} INFO - [2025-03-13T17:37:01.022+0000] {example_python_operator.py:93} WARNING - The virtalenv_python example task requires virtualenv, please install it.
[2025-03-13T17:37:01.026+0000] {processor.py:925} INFO - DAG(s) 'example_python_operator' retrieved from /root/venv/lib/python3.12/site-packages/airflow/example_dags/example_python_operator.py
[2025-03-13T17:37:01.054+0000] {logging_mixin.py:190} INFO - [2025-03-13T17:37:01.053+0000] {dag.py:3239} INFO - Sync 1 DAGs
[2025-03-13T17:37:01.073+0000] {logging_mixin.py:190} INFO - [2025-03-13T17:37:01.073+0000] {dag.py:4180} INFO - Setting next_dagrun for example_python_operator to None, run_after=None
[2025-03-13T17:37:01.104+0000] {processor.py:208} INFO - Processing /root/venv/lib/python3.12/site-packages/airflow/example_dags/example_python_operator.py took 0.107 seconds
[2025-03-13T17:38:02.992+0000] {processor.py:186} INFO - Started process (PID=1659364) to work on /root/venv/lib/python3.12/site-packages/airflow/example_dags/example_python_operator.py
[2025-03-13T17:38:02.994+0000] {processor.py:914} INFO - Processing file /root/venv/lib/python3.12/site-packages/airflow/example_dags/example_python_operator.py for tasks to queue
[2025-03-13T17:38:02.998+0000] {logging_mixin.py:190} INFO - [2025-03-13T17:38:02.997+0000] {dagbag.py:588} INFO - Filling up the DagBag from /root/venv/lib/python3.12/site-packages/airflow/example_dags/example_python_operator.py
[2025-03-13T17:38:03.009+0000] {logging_mixin.py:190} INFO - [2025-03-13T17:38:03.008+0000] {example_python_operator.py:93} WARNING - The virtalenv_python example task requires virtualenv, please install it.
[2025-03-13T17:38:03.013+0000] {processor.py:925} INFO - DAG(s) 'example_python_operator' retrieved from /root/venv/lib/python3.12/site-packages/airflow/example_dags/example_python_operator.py
[2025-03-13T17:38:03.045+0000] {logging_mixin.py:190} INFO - [2025-03-13T17:38:03.044+0000] {dag.py:3239} INFO - Sync 1 DAGs
[2025-03-13T17:38:03.063+0000] {logging_mixin.py:190} INFO - [2025-03-13T17:38:03.062+0000] {dag.py:4180} INFO - Setting next_dagrun for example_python_operator to None, run_after=None
[2025-03-13T17:38:03.096+0000] {processor.py:208} INFO - Processing /root/venv/lib/python3.12/site-packages/airflow/example_dags/example_python_operator.py took 0.114 seconds
[2025-03-13T17:39:05.541+0000] {processor.py:186} INFO - Started process (PID=1659426) to work on /root/venv/lib/python3.12/site-packages/airflow/example_dags/example_python_operator.py
[2025-03-13T17:39:05.543+0000] {processor.py:914} INFO - Processing file /root/venv/lib/python3.12/site-packages/airflow/example_dags/example_python_operator.py for tasks to queue
[2025-03-13T17:39:05.546+0000] {logging_mixin.py:190} INFO - [2025-03-13T17:39:05.545+0000] {dagbag.py:588} INFO - Filling up the DagBag from /root/venv/lib/python3.12/site-packages/airflow/example_dags/example_python_operator.py
[2025-03-13T17:39:05.556+0000] {logging_mixin.py:190} INFO - [2025-03-13T17:39:05.555+0000] {example_python_operator.py:93} WARNING - The virtalenv_python example task requires virtualenv, please install it.
[2025-03-13T17:39:05.560+0000] {processor.py:925} INFO - DAG(s) 'example_python_operator' retrieved from /root/venv/lib/python3.12/site-packages/airflow/example_dags/example_python_operator.py
[2025-03-13T17:39:05.587+0000] {logging_mixin.py:190} INFO - [2025-03-13T17:39:05.587+0000] {dag.py:3239} INFO - Sync 1 DAGs
[2025-03-13T17:39:05.607+0000] {logging_mixin.py:190} INFO - [2025-03-13T17:39:05.607+0000] {dag.py:4180} INFO - Setting next_dagrun for example_python_operator to None, run_after=None
[2025-03-13T17:39:05.643+0000] {processor.py:208} INFO - Processing /root/venv/lib/python3.12/site-packages/airflow/example_dags/example_python_operator.py took 0.111 seconds
[2025-03-13T17:40:06.376+0000] {processor.py:186} INFO - Started process (PID=1659486) to work on /root/venv/lib/python3.12/site-packages/airflow/example_dags/example_python_operator.py
[2025-03-13T17:40:06.377+0000] {processor.py:914} INFO - Processing file /root/venv/lib/python3.12/site-packages/airflow/example_dags/example_python_operator.py for tasks to queue
[2025-03-13T17:40:06.380+0000] {logging_mixin.py:190} INFO - [2025-03-13T17:40:06.380+0000] {dagbag.py:588} INFO - Filling up the DagBag from /root/venv/lib/python3.12/site-packages/airflow/example_dags/example_python_operator.py
[2025-03-13T17:40:06.389+0000] {logging_mixin.py:190} INFO - [2025-03-13T17:40:06.389+0000] {example_python_operator.py:93} WARNING - The virtalenv_python example task requires virtualenv, please install it.
[2025-03-13T17:40:06.393+0000] {processor.py:925} INFO - DAG(s) 'example_python_operator' retrieved from /root/venv/lib/python3.12/site-packages/airflow/example_dags/example_python_operator.py
[2025-03-13T17:40:06.419+0000] {logging_mixin.py:190} INFO - [2025-03-13T17:40:06.418+0000] {dag.py:3239} INFO - Sync 1 DAGs
[2025-03-13T17:40:06.436+0000] {logging_mixin.py:190} INFO - [2025-03-13T17:40:06.436+0000] {dag.py:4180} INFO - Setting next_dagrun for example_python_operator to None, run_after=None
[2025-03-13T17:40:06.460+0000] {processor.py:208} INFO - Processing /root/venv/lib/python3.12/site-packages/airflow/example_dags/example_python_operator.py took 0.093 seconds
[2025-03-13T17:41:05.720+0000] {processor.py:186} INFO - Started process (PID=1659558) to work on /root/venv/lib/python3.12/site-packages/airflow/example_dags/example_python_operator.py
[2025-03-13T17:41:05.721+0000] {processor.py:914} INFO - Processing file /root/venv/lib/python3.12/site-packages/airflow/example_dags/example_python_operator.py for tasks to queue
[2025-03-13T17:41:05.726+0000] {logging_mixin.py:190} INFO - [2025-03-13T17:41:05.725+0000] {dagbag.py:588} INFO - Filling up the DagBag from /root/venv/lib/python3.12/site-packages/airflow/example_dags/example_python_operator.py
[2025-03-13T17:41:05.739+0000] {logging_mixin.py:190} INFO - [2025-03-13T17:41:05.738+0000] {example_python_operator.py:93} WARNING - The virtalenv_python example task requires virtualenv, please install it.
[2025-03-13T17:41:05.743+0000] {processor.py:925} INFO - DAG(s) 'example_python_operator' retrieved from /root/venv/lib/python3.12/site-packages/airflow/example_dags/example_python_operator.py
[2025-03-13T17:41:05.775+0000] {logging_mixin.py:190} INFO - [2025-03-13T17:41:05.775+0000] {dag.py:3239} INFO - Sync 1 DAGs
[2025-03-13T17:41:05.797+0000] {logging_mixin.py:190} INFO - [2025-03-13T17:41:05.796+0000] {dag.py:4180} INFO - Setting next_dagrun for example_python_operator to None, run_after=None
[2025-03-13T17:41:05.829+0000] {processor.py:208} INFO - Processing /root/venv/lib/python3.12/site-packages/airflow/example_dags/example_python_operator.py took 0.120 seconds
[2025-03-13T17:42:11.640+0000] {processor.py:186} INFO - Started process (PID=1659621) to work on /root/venv/lib/python3.12/site-packages/airflow/example_dags/example_python_operator.py
[2025-03-13T17:42:11.642+0000] {processor.py:914} INFO - Processing file /root/venv/lib/python3.12/site-packages/airflow/example_dags/example_python_operator.py for tasks to queue
[2025-03-13T17:42:11.646+0000] {logging_mixin.py:190} INFO - [2025-03-13T17:42:11.645+0000] {dagbag.py:588} INFO - Filling up the DagBag from /root/venv/lib/python3.12/site-packages/airflow/example_dags/example_python_operator.py
[2025-03-13T17:42:11.657+0000] {logging_mixin.py:190} INFO - [2025-03-13T17:42:11.657+0000] {example_python_operator.py:93} WARNING - The virtalenv_python example task requires virtualenv, please install it.
[2025-03-13T17:42:11.662+0000] {processor.py:925} INFO - DAG(s) 'example_python_operator' retrieved from /root/venv/lib/python3.12/site-packages/airflow/example_dags/example_python_operator.py
[2025-03-13T17:42:11.691+0000] {logging_mixin.py:190} INFO - [2025-03-13T17:42:11.691+0000] {dag.py:3239} INFO - Sync 1 DAGs
[2025-03-13T17:42:11.708+0000] {logging_mixin.py:190} INFO - [2025-03-13T17:42:11.708+0000] {dag.py:4180} INFO - Setting next_dagrun for example_python_operator to None, run_after=None
[2025-03-13T17:42:11.732+0000] {processor.py:208} INFO - Processing /root/venv/lib/python3.12/site-packages/airflow/example_dags/example_python_operator.py took 0.101 seconds
[2025-03-13T17:43:12.657+0000] {processor.py:186} INFO - Started process (PID=1659684) to work on /root/venv/lib/python3.12/site-packages/airflow/example_dags/example_python_operator.py
[2025-03-13T17:43:12.659+0000] {processor.py:914} INFO - Processing file /root/venv/lib/python3.12/site-packages/airflow/example_dags/example_python_operator.py for tasks to queue
[2025-03-13T17:43:12.662+0000] {logging_mixin.py:190} INFO - [2025-03-13T17:43:12.661+0000] {dagbag.py:588} INFO - Filling up the DagBag from /root/venv/lib/python3.12/site-packages/airflow/example_dags/example_python_operator.py
[2025-03-13T17:43:12.670+0000] {logging_mixin.py:190} INFO - [2025-03-13T17:43:12.670+0000] {example_python_operator.py:93} WARNING - The virtalenv_python example task requires virtualenv, please install it.
[2025-03-13T17:43:12.673+0000] {processor.py:925} INFO - DAG(s) 'example_python_operator' retrieved from /root/venv/lib/python3.12/site-packages/airflow/example_dags/example_python_operator.py
[2025-03-13T17:43:12.694+0000] {logging_mixin.py:190} INFO - [2025-03-13T17:43:12.693+0000] {dag.py:3239} INFO - Sync 1 DAGs
[2025-03-13T17:43:12.708+0000] {logging_mixin.py:190} INFO - [2025-03-13T17:43:12.708+0000] {dag.py:4180} INFO - Setting next_dagrun for example_python_operator to None, run_after=None
[2025-03-13T17:43:12.738+0000] {processor.py:208} INFO - Processing /root/venv/lib/python3.12/site-packages/airflow/example_dags/example_python_operator.py took 0.088 seconds
[2025-03-13T17:44:12.629+0000] {processor.py:186} INFO - Started process (PID=1659759) to work on /root/venv/lib/python3.12/site-packages/airflow/example_dags/example_python_operator.py
[2025-03-13T17:44:12.631+0000] {processor.py:914} INFO - Processing file /root/venv/lib/python3.12/site-packages/airflow/example_dags/example_python_operator.py for tasks to queue
[2025-03-13T17:44:12.634+0000] {logging_mixin.py:190} INFO - [2025-03-13T17:44:12.633+0000] {dagbag.py:588} INFO - Filling up the DagBag from /root/venv/lib/python3.12/site-packages/airflow/example_dags/example_python_operator.py
[2025-03-13T17:44:12.643+0000] {logging_mixin.py:190} INFO - [2025-03-13T17:44:12.643+0000] {example_python_operator.py:93} WARNING - The virtalenv_python example task requires virtualenv, please install it.
[2025-03-13T17:44:12.647+0000] {processor.py:925} INFO - DAG(s) 'example_python_operator' retrieved from /root/venv/lib/python3.12/site-packages/airflow/example_dags/example_python_operator.py
[2025-03-13T17:44:12.670+0000] {logging_mixin.py:190} INFO - [2025-03-13T17:44:12.670+0000] {dag.py:3239} INFO - Sync 1 DAGs
[2025-03-13T17:44:12.687+0000] {logging_mixin.py:190} INFO - [2025-03-13T17:44:12.687+0000] {dag.py:4180} INFO - Setting next_dagrun for example_python_operator to None, run_after=None
[2025-03-13T17:44:12.712+0000] {processor.py:208} INFO - Processing /root/venv/lib/python3.12/site-packages/airflow/example_dags/example_python_operator.py took 0.092 seconds
[2025-03-13T17:45:16.800+0000] {processor.py:186} INFO - Started process (PID=1659830) to work on /root/venv/lib/python3.12/site-packages/airflow/example_dags/example_python_operator.py
[2025-03-13T17:45:16.802+0000] {processor.py:914} INFO - Processing file /root/venv/lib/python3.12/site-packages/airflow/example_dags/example_python_operator.py for tasks to queue
[2025-03-13T17:45:16.805+0000] {logging_mixin.py:190} INFO - [2025-03-13T17:45:16.804+0000] {dagbag.py:588} INFO - Filling up the DagBag from /root/venv/lib/python3.12/site-packages/airflow/example_dags/example_python_operator.py
[2025-03-13T17:45:16.816+0000] {logging_mixin.py:190} INFO - [2025-03-13T17:45:16.816+0000] {example_python_operator.py:93} WARNING - The virtalenv_python example task requires virtualenv, please install it.
[2025-03-13T17:45:16.821+0000] {processor.py:925} INFO - DAG(s) 'example_python_operator' retrieved from /root/venv/lib/python3.12/site-packages/airflow/example_dags/example_python_operator.py
[2025-03-13T17:45:16.849+0000] {logging_mixin.py:190} INFO - [2025-03-13T17:45:16.848+0000] {dag.py:3239} INFO - Sync 1 DAGs
[2025-03-13T17:45:16.866+0000] {logging_mixin.py:190} INFO - [2025-03-13T17:45:16.865+0000] {dag.py:4180} INFO - Setting next_dagrun for example_python_operator to None, run_after=None
[2025-03-13T17:45:16.892+0000] {processor.py:208} INFO - Processing /root/venv/lib/python3.12/site-packages/airflow/example_dags/example_python_operator.py took 0.100 seconds
[2025-03-13T17:46:22.122+0000] {processor.py:186} INFO - Started process (PID=1659894) to work on /root/venv/lib/python3.12/site-packages/airflow/example_dags/example_python_operator.py
[2025-03-13T17:46:22.124+0000] {processor.py:914} INFO - Processing file /root/venv/lib/python3.12/site-packages/airflow/example_dags/example_python_operator.py for tasks to queue
[2025-03-13T17:46:22.126+0000] {logging_mixin.py:190} INFO - [2025-03-13T17:46:22.126+0000] {dagbag.py:588} INFO - Filling up the DagBag from /root/venv/lib/python3.12/site-packages/airflow/example_dags/example_python_operator.py
[2025-03-13T17:46:22.135+0000] {logging_mixin.py:190} INFO - [2025-03-13T17:46:22.135+0000] {example_python_operator.py:93} WARNING - The virtalenv_python example task requires virtualenv, please install it.
[2025-03-13T17:46:22.138+0000] {processor.py:925} INFO - DAG(s) 'example_python_operator' retrieved from /root/venv/lib/python3.12/site-packages/airflow/example_dags/example_python_operator.py
[2025-03-13T17:46:22.157+0000] {logging_mixin.py:190} INFO - [2025-03-13T17:46:22.157+0000] {dag.py:3239} INFO - Sync 1 DAGs
[2025-03-13T17:46:22.170+0000] {logging_mixin.py:190} INFO - [2025-03-13T17:46:22.170+0000] {dag.py:4180} INFO - Setting next_dagrun for example_python_operator to None, run_after=None
[2025-03-13T17:46:22.190+0000] {processor.py:208} INFO - Processing /root/venv/lib/python3.12/site-packages/airflow/example_dags/example_python_operator.py took 0.075 seconds
[2025-03-13T17:47:23.165+0000] {processor.py:186} INFO - Started process (PID=1659958) to work on /root/venv/lib/python3.12/site-packages/airflow/example_dags/example_python_operator.py
[2025-03-13T17:47:23.166+0000] {processor.py:914} INFO - Processing file /root/venv/lib/python3.12/site-packages/airflow/example_dags/example_python_operator.py for tasks to queue
[2025-03-13T17:47:23.170+0000] {logging_mixin.py:190} INFO - [2025-03-13T17:47:23.169+0000] {dagbag.py:588} INFO - Filling up the DagBag from /root/venv/lib/python3.12/site-packages/airflow/example_dags/example_python_operator.py
[2025-03-13T17:47:23.180+0000] {logging_mixin.py:190} INFO - [2025-03-13T17:47:23.180+0000] {example_python_operator.py:93} WARNING - The virtalenv_python example task requires virtualenv, please install it.
[2025-03-13T17:47:23.183+0000] {processor.py:925} INFO - DAG(s) 'example_python_operator' retrieved from /root/venv/lib/python3.12/site-packages/airflow/example_dags/example_python_operator.py
[2025-03-13T17:47:23.207+0000] {logging_mixin.py:190} INFO - [2025-03-13T17:47:23.207+0000] {dag.py:3239} INFO - Sync 1 DAGs
[2025-03-13T17:47:23.224+0000] {logging_mixin.py:190} INFO - [2025-03-13T17:47:23.223+0000] {dag.py:4180} INFO - Setting next_dagrun for example_python_operator to None, run_after=None
[2025-03-13T17:47:23.252+0000] {processor.py:208} INFO - Processing /root/venv/lib/python3.12/site-packages/airflow/example_dags/example_python_operator.py took 0.096 seconds
[2025-03-13T17:48:23.214+0000] {processor.py:186} INFO - Started process (PID=1660022) to work on /root/venv/lib/python3.12/site-packages/airflow/example_dags/example_python_operator.py
[2025-03-13T17:48:23.216+0000] {processor.py:914} INFO - Processing file /root/venv/lib/python3.12/site-packages/airflow/example_dags/example_python_operator.py for tasks to queue
[2025-03-13T17:48:23.219+0000] {logging_mixin.py:190} INFO - [2025-03-13T17:48:23.218+0000] {dagbag.py:588} INFO - Filling up the DagBag from /root/venv/lib/python3.12/site-packages/airflow/example_dags/example_python_operator.py
[2025-03-13T17:48:23.229+0000] {logging_mixin.py:190} INFO - [2025-03-13T17:48:23.229+0000] {example_python_operator.py:93} WARNING - The virtalenv_python example task requires virtualenv, please install it.
[2025-03-13T17:48:23.232+0000] {processor.py:925} INFO - DAG(s) 'example_python_operator' retrieved from /root/venv/lib/python3.12/site-packages/airflow/example_dags/example_python_operator.py
[2025-03-13T17:48:23.255+0000] {logging_mixin.py:190} INFO - [2025-03-13T17:48:23.255+0000] {dag.py:3239} INFO - Sync 1 DAGs
[2025-03-13T17:48:23.271+0000] {logging_mixin.py:190} INFO - [2025-03-13T17:48:23.271+0000] {dag.py:4180} INFO - Setting next_dagrun for example_python_operator to None, run_after=None
[2025-03-13T17:48:23.297+0000] {processor.py:208} INFO - Processing /root/venv/lib/python3.12/site-packages/airflow/example_dags/example_python_operator.py took 0.091 seconds
[2025-03-13T17:49:25.626+0000] {processor.py:186} INFO - Started process (PID=1660085) to work on /root/venv/lib/python3.12/site-packages/airflow/example_dags/example_python_operator.py
[2025-03-13T17:49:25.628+0000] {processor.py:914} INFO - Processing file /root/venv/lib/python3.12/site-packages/airflow/example_dags/example_python_operator.py for tasks to queue
[2025-03-13T17:49:25.632+0000] {logging_mixin.py:190} INFO - [2025-03-13T17:49:25.631+0000] {dagbag.py:588} INFO - Filling up the DagBag from /root/venv/lib/python3.12/site-packages/airflow/example_dags/example_python_operator.py
[2025-03-13T17:49:25.645+0000] {logging_mixin.py:190} INFO - [2025-03-13T17:49:25.644+0000] {example_python_operator.py:93} WARNING - The virtalenv_python example task requires virtualenv, please install it.
[2025-03-13T17:49:25.649+0000] {processor.py:925} INFO - DAG(s) 'example_python_operator' retrieved from /root/venv/lib/python3.12/site-packages/airflow/example_dags/example_python_operator.py
[2025-03-13T17:49:25.680+0000] {logging_mixin.py:190} INFO - [2025-03-13T17:49:25.680+0000] {dag.py:3239} INFO - Sync 1 DAGs
[2025-03-13T17:49:25.701+0000] {logging_mixin.py:190} INFO - [2025-03-13T17:49:25.700+0000] {dag.py:4180} INFO - Setting next_dagrun for example_python_operator to None, run_after=None
[2025-03-13T17:49:25.731+0000] {processor.py:208} INFO - Processing /root/venv/lib/python3.12/site-packages/airflow/example_dags/example_python_operator.py took 0.117 seconds
[2025-03-13T17:50:29.252+0000] {processor.py:186} INFO - Started process (PID=1660156) to work on /root/venv/lib/python3.12/site-packages/airflow/example_dags/example_python_operator.py
[2025-03-13T17:50:29.254+0000] {processor.py:914} INFO - Processing file /root/venv/lib/python3.12/site-packages/airflow/example_dags/example_python_operator.py for tasks to queue
[2025-03-13T17:50:29.257+0000] {logging_mixin.py:190} INFO - [2025-03-13T17:50:29.257+0000] {dagbag.py:588} INFO - Filling up the DagBag from /root/venv/lib/python3.12/site-packages/airflow/example_dags/example_python_operator.py
[2025-03-13T17:50:29.267+0000] {logging_mixin.py:190} INFO - [2025-03-13T17:50:29.266+0000] {example_python_operator.py:93} WARNING - The virtalenv_python example task requires virtualenv, please install it.
[2025-03-13T17:50:29.270+0000] {processor.py:925} INFO - DAG(s) 'example_python_operator' retrieved from /root/venv/lib/python3.12/site-packages/airflow/example_dags/example_python_operator.py
[2025-03-13T17:50:29.293+0000] {logging_mixin.py:190} INFO - [2025-03-13T17:50:29.293+0000] {dag.py:3239} INFO - Sync 1 DAGs
[2025-03-13T17:50:29.308+0000] {logging_mixin.py:190} INFO - [2025-03-13T17:50:29.308+0000] {dag.py:4180} INFO - Setting next_dagrun for example_python_operator to None, run_after=None
[2025-03-13T17:50:29.330+0000] {processor.py:208} INFO - Processing /root/venv/lib/python3.12/site-packages/airflow/example_dags/example_python_operator.py took 0.088 seconds
[2025-03-13T17:51:32.624+0000] {processor.py:186} INFO - Started process (PID=1660216) to work on /root/venv/lib/python3.12/site-packages/airflow/example_dags/example_python_operator.py
[2025-03-13T17:51:32.626+0000] {processor.py:914} INFO - Processing file /root/venv/lib/python3.12/site-packages/airflow/example_dags/example_python_operator.py for tasks to queue
[2025-03-13T17:51:32.629+0000] {logging_mixin.py:190} INFO - [2025-03-13T17:51:32.629+0000] {dagbag.py:588} INFO - Filling up the DagBag from /root/venv/lib/python3.12/site-packages/airflow/example_dags/example_python_operator.py
[2025-03-13T17:51:32.640+0000] {logging_mixin.py:190} INFO - [2025-03-13T17:51:32.640+0000] {example_python_operator.py:93} WARNING - The virtalenv_python example task requires virtualenv, please install it.
[2025-03-13T17:51:32.643+0000] {processor.py:925} INFO - DAG(s) 'example_python_operator' retrieved from /root/venv/lib/python3.12/site-packages/airflow/example_dags/example_python_operator.py
[2025-03-13T17:51:32.663+0000] {logging_mixin.py:190} INFO - [2025-03-13T17:51:32.663+0000] {dag.py:3239} INFO - Sync 1 DAGs
[2025-03-13T17:51:32.678+0000] {logging_mixin.py:190} INFO - [2025-03-13T17:51:32.677+0000] {dag.py:4180} INFO - Setting next_dagrun for example_python_operator to None, run_after=None
[2025-03-13T17:51:32.700+0000] {processor.py:208} INFO - Processing /root/venv/lib/python3.12/site-packages/airflow/example_dags/example_python_operator.py took 0.086 seconds
[2025-03-13T17:52:35.784+0000] {processor.py:186} INFO - Started process (PID=1660281) to work on /root/venv/lib/python3.12/site-packages/airflow/example_dags/example_python_operator.py
[2025-03-13T17:52:35.786+0000] {processor.py:914} INFO - Processing file /root/venv/lib/python3.12/site-packages/airflow/example_dags/example_python_operator.py for tasks to queue
[2025-03-13T17:52:35.790+0000] {logging_mixin.py:190} INFO - [2025-03-13T17:52:35.789+0000] {dagbag.py:588} INFO - Filling up the DagBag from /root/venv/lib/python3.12/site-packages/airflow/example_dags/example_python_operator.py
[2025-03-13T17:52:35.800+0000] {logging_mixin.py:190} INFO - [2025-03-13T17:52:35.800+0000] {example_python_operator.py:93} WARNING - The virtalenv_python example task requires virtualenv, please install it.
[2025-03-13T17:52:35.803+0000] {processor.py:925} INFO - DAG(s) 'example_python_operator' retrieved from /root/venv/lib/python3.12/site-packages/airflow/example_dags/example_python_operator.py
[2025-03-13T17:52:35.829+0000] {logging_mixin.py:190} INFO - [2025-03-13T17:52:35.829+0000] {dag.py:3239} INFO - Sync 1 DAGs
[2025-03-13T17:52:35.847+0000] {logging_mixin.py:190} INFO - [2025-03-13T17:52:35.846+0000] {dag.py:4180} INFO - Setting next_dagrun for example_python_operator to None, run_after=None
[2025-03-13T17:52:35.877+0000] {processor.py:208} INFO - Processing /root/venv/lib/python3.12/site-packages/airflow/example_dags/example_python_operator.py took 0.103 seconds
[2025-03-13T17:53:38.751+0000] {processor.py:186} INFO - Started process (PID=1660345) to work on /root/venv/lib/python3.12/site-packages/airflow/example_dags/example_python_operator.py
[2025-03-13T17:53:38.753+0000] {processor.py:914} INFO - Processing file /root/venv/lib/python3.12/site-packages/airflow/example_dags/example_python_operator.py for tasks to queue
[2025-03-13T17:53:38.756+0000] {logging_mixin.py:190} INFO - [2025-03-13T17:53:38.756+0000] {dagbag.py:588} INFO - Filling up the DagBag from /root/venv/lib/python3.12/site-packages/airflow/example_dags/example_python_operator.py
[2025-03-13T17:53:38.766+0000] {logging_mixin.py:190} INFO - [2025-03-13T17:53:38.766+0000] {example_python_operator.py:93} WARNING - The virtalenv_python example task requires virtualenv, please install it.
[2025-03-13T17:53:38.769+0000] {processor.py:925} INFO - DAG(s) 'example_python_operator' retrieved from /root/venv/lib/python3.12/site-packages/airflow/example_dags/example_python_operator.py
[2025-03-13T17:53:38.792+0000] {logging_mixin.py:190} INFO - [2025-03-13T17:53:38.791+0000] {dag.py:3239} INFO - Sync 1 DAGs
[2025-03-13T17:53:38.807+0000] {logging_mixin.py:190} INFO - [2025-03-13T17:53:38.806+0000] {dag.py:4180} INFO - Setting next_dagrun for example_python_operator to None, run_after=None
[2025-03-13T17:53:38.828+0000] {processor.py:208} INFO - Processing /root/venv/lib/python3.12/site-packages/airflow/example_dags/example_python_operator.py took 0.085 seconds
[2025-03-13T17:54:41.099+0000] {processor.py:186} INFO - Started process (PID=1660406) to work on /root/venv/lib/python3.12/site-packages/airflow/example_dags/example_python_operator.py
[2025-03-13T17:54:41.101+0000] {processor.py:914} INFO - Processing file /root/venv/lib/python3.12/site-packages/airflow/example_dags/example_python_operator.py for tasks to queue
[2025-03-13T17:54:41.104+0000] {logging_mixin.py:190} INFO - [2025-03-13T17:54:41.104+0000] {dagbag.py:588} INFO - Filling up the DagBag from /root/venv/lib/python3.12/site-packages/airflow/example_dags/example_python_operator.py
[2025-03-13T17:54:41.116+0000] {logging_mixin.py:190} INFO - [2025-03-13T17:54:41.116+0000] {example_python_operator.py:93} WARNING - The virtalenv_python example task requires virtualenv, please install it.
[2025-03-13T17:54:41.120+0000] {processor.py:925} INFO - DAG(s) 'example_python_operator' retrieved from /root/venv/lib/python3.12/site-packages/airflow/example_dags/example_python_operator.py
[2025-03-13T17:54:41.146+0000] {logging_mixin.py:190} INFO - [2025-03-13T17:54:41.146+0000] {dag.py:3239} INFO - Sync 1 DAGs
[2025-03-13T17:54:41.166+0000] {logging_mixin.py:190} INFO - [2025-03-13T17:54:41.166+0000] {dag.py:4180} INFO - Setting next_dagrun for example_python_operator to None, run_after=None
[2025-03-13T17:54:41.195+0000] {processor.py:208} INFO - Processing /root/venv/lib/python3.12/site-packages/airflow/example_dags/example_python_operator.py took 0.104 seconds
[2025-03-13T17:55:57.815+0000] {processor.py:186} INFO - Started process (PID=1660498) to work on /root/venv/lib/python3.12/site-packages/airflow/example_dags/example_python_operator.py
[2025-03-13T17:55:57.817+0000] {processor.py:914} INFO - Processing file /root/venv/lib/python3.12/site-packages/airflow/example_dags/example_python_operator.py for tasks to queue
[2025-03-13T17:55:57.821+0000] {logging_mixin.py:190} INFO - [2025-03-13T17:55:57.820+0000] {dagbag.py:588} INFO - Filling up the DagBag from /root/venv/lib/python3.12/site-packages/airflow/example_dags/example_python_operator.py
[2025-03-13T17:55:57.831+0000] {logging_mixin.py:190} INFO - [2025-03-13T17:55:57.830+0000] {example_python_operator.py:93} WARNING - The virtalenv_python example task requires virtualenv, please install it.
[2025-03-13T17:55:57.835+0000] {processor.py:925} INFO - DAG(s) 'example_python_operator' retrieved from /root/venv/lib/python3.12/site-packages/airflow/example_dags/example_python_operator.py
[2025-03-13T17:55:57.864+0000] {logging_mixin.py:190} INFO - [2025-03-13T17:55:57.864+0000] {dag.py:3239} INFO - Sync 1 DAGs
[2025-03-13T17:55:57.879+0000] {logging_mixin.py:190} INFO - [2025-03-13T17:55:57.879+0000] {dag.py:4180} INFO - Setting next_dagrun for example_python_operator to None, run_after=None
[2025-03-13T17:55:57.902+0000] {processor.py:208} INFO - Processing /root/venv/lib/python3.12/site-packages/airflow/example_dags/example_python_operator.py took 0.096 seconds
[2025-03-13T17:56:50.464+0000] {processor.py:186} INFO - Started process (PID=1660566) to work on /root/venv/lib/python3.12/site-packages/airflow/example_dags/example_python_operator.py
[2025-03-13T17:56:50.466+0000] {processor.py:914} INFO - Processing file /root/venv/lib/python3.12/site-packages/airflow/example_dags/example_python_operator.py for tasks to queue
[2025-03-13T17:56:50.469+0000] {logging_mixin.py:190} INFO - [2025-03-13T17:56:50.468+0000] {dagbag.py:588} INFO - Filling up the DagBag from /root/venv/lib/python3.12/site-packages/airflow/example_dags/example_python_operator.py
[2025-03-13T17:56:50.478+0000] {logging_mixin.py:190} INFO - [2025-03-13T17:56:50.478+0000] {example_python_operator.py:93} WARNING - The virtalenv_python example task requires virtualenv, please install it.
[2025-03-13T17:56:50.481+0000] {processor.py:925} INFO - DAG(s) 'example_python_operator' retrieved from /root/venv/lib/python3.12/site-packages/airflow/example_dags/example_python_operator.py
[2025-03-13T17:56:50.504+0000] {logging_mixin.py:190} INFO - [2025-03-13T17:56:50.504+0000] {dag.py:3239} INFO - Sync 1 DAGs
[2025-03-13T17:56:50.518+0000] {logging_mixin.py:190} INFO - [2025-03-13T17:56:50.518+0000] {dag.py:4180} INFO - Setting next_dagrun for example_python_operator to None, run_after=None
[2025-03-13T17:56:50.547+0000] {processor.py:208} INFO - Processing /root/venv/lib/python3.12/site-packages/airflow/example_dags/example_python_operator.py took 0.093 seconds
[2025-03-13T17:57:50.379+0000] {processor.py:186} INFO - Started process (PID=1660631) to work on /root/venv/lib/python3.12/site-packages/airflow/example_dags/example_python_operator.py
[2025-03-13T17:57:50.381+0000] {processor.py:914} INFO - Processing file /root/venv/lib/python3.12/site-packages/airflow/example_dags/example_python_operator.py for tasks to queue
[2025-03-13T17:57:50.383+0000] {logging_mixin.py:190} INFO - [2025-03-13T17:57:50.383+0000] {dagbag.py:588} INFO - Filling up the DagBag from /root/venv/lib/python3.12/site-packages/airflow/example_dags/example_python_operator.py
[2025-03-13T17:57:50.391+0000] {logging_mixin.py:190} INFO - [2025-03-13T17:57:50.391+0000] {example_python_operator.py:93} WARNING - The virtalenv_python example task requires virtualenv, please install it.
[2025-03-13T17:57:50.394+0000] {processor.py:925} INFO - DAG(s) 'example_python_operator' retrieved from /root/venv/lib/python3.12/site-packages/airflow/example_dags/example_python_operator.py
[2025-03-13T17:57:50.415+0000] {logging_mixin.py:190} INFO - [2025-03-13T17:57:50.415+0000] {dag.py:3239} INFO - Sync 1 DAGs
[2025-03-13T17:57:50.428+0000] {logging_mixin.py:190} INFO - [2025-03-13T17:57:50.427+0000] {dag.py:4180} INFO - Setting next_dagrun for example_python_operator to None, run_after=None
[2025-03-13T17:57:50.449+0000] {processor.py:208} INFO - Processing /root/venv/lib/python3.12/site-packages/airflow/example_dags/example_python_operator.py took 0.076 seconds
[2025-03-13T17:58:48.508+0000] {processor.py:186} INFO - Started process (PID=1660700) to work on /root/venv/lib/python3.12/site-packages/airflow/example_dags/example_python_operator.py
[2025-03-13T17:58:48.510+0000] {processor.py:914} INFO - Processing file /root/venv/lib/python3.12/site-packages/airflow/example_dags/example_python_operator.py for tasks to queue
[2025-03-13T17:58:48.514+0000] {logging_mixin.py:190} INFO - [2025-03-13T17:58:48.513+0000] {dagbag.py:588} INFO - Filling up the DagBag from /root/venv/lib/python3.12/site-packages/airflow/example_dags/example_python_operator.py
[2025-03-13T17:58:48.526+0000] {logging_mixin.py:190} INFO - [2025-03-13T17:58:48.525+0000] {example_python_operator.py:93} WARNING - The virtalenv_python example task requires virtualenv, please install it.
[2025-03-13T17:58:48.530+0000] {processor.py:925} INFO - DAG(s) 'example_python_operator' retrieved from /root/venv/lib/python3.12/site-packages/airflow/example_dags/example_python_operator.py
[2025-03-13T17:58:48.552+0000] {logging_mixin.py:190} INFO - [2025-03-13T17:58:48.552+0000] {dag.py:3239} INFO - Sync 1 DAGs
[2025-03-13T17:58:48.566+0000] {logging_mixin.py:190} INFO - [2025-03-13T17:58:48.566+0000] {dag.py:4180} INFO - Setting next_dagrun for example_python_operator to None, run_after=None
[2025-03-13T17:58:48.594+0000] {processor.py:208} INFO - Processing /root/venv/lib/python3.12/site-packages/airflow/example_dags/example_python_operator.py took 0.095 seconds
[2025-03-13T17:59:46.942+0000] {processor.py:186} INFO - Started process (PID=1660759) to work on /root/venv/lib/python3.12/site-packages/airflow/example_dags/example_python_operator.py
[2025-03-13T17:59:46.944+0000] {processor.py:914} INFO - Processing file /root/venv/lib/python3.12/site-packages/airflow/example_dags/example_python_operator.py for tasks to queue
[2025-03-13T17:59:46.948+0000] {logging_mixin.py:190} INFO - [2025-03-13T17:59:46.947+0000] {dagbag.py:588} INFO - Filling up the DagBag from /root/venv/lib/python3.12/site-packages/airflow/example_dags/example_python_operator.py
[2025-03-13T17:59:46.957+0000] {logging_mixin.py:190} INFO - [2025-03-13T17:59:46.957+0000] {example_python_operator.py:93} WARNING - The virtalenv_python example task requires virtualenv, please install it.
[2025-03-13T17:59:46.960+0000] {processor.py:925} INFO - DAG(s) 'example_python_operator' retrieved from /root/venv/lib/python3.12/site-packages/airflow/example_dags/example_python_operator.py
[2025-03-13T17:59:46.984+0000] {logging_mixin.py:190} INFO - [2025-03-13T17:59:46.984+0000] {dag.py:3239} INFO - Sync 1 DAGs
[2025-03-13T17:59:47.000+0000] {logging_mixin.py:190} INFO - [2025-03-13T17:59:47.000+0000] {dag.py:4180} INFO - Setting next_dagrun for example_python_operator to None, run_after=None
[2025-03-13T17:59:47.025+0000] {processor.py:208} INFO - Processing /root/venv/lib/python3.12/site-packages/airflow/example_dags/example_python_operator.py took 0.090 seconds
[2025-03-13T18:01:14.241+0000] {processor.py:186} INFO - Started process (PID=1660854) to work on /root/venv/lib/python3.12/site-packages/airflow/example_dags/example_python_operator.py
[2025-03-13T18:01:14.243+0000] {processor.py:914} INFO - Processing file /root/venv/lib/python3.12/site-packages/airflow/example_dags/example_python_operator.py for tasks to queue
[2025-03-13T18:01:14.246+0000] {logging_mixin.py:190} INFO - [2025-03-13T18:01:14.246+0000] {dagbag.py:588} INFO - Filling up the DagBag from /root/venv/lib/python3.12/site-packages/airflow/example_dags/example_python_operator.py
[2025-03-13T18:01:14.256+0000] {logging_mixin.py:190} INFO - [2025-03-13T18:01:14.256+0000] {example_python_operator.py:93} WARNING - The virtalenv_python example task requires virtualenv, please install it.
[2025-03-13T18:01:14.260+0000] {processor.py:925} INFO - DAG(s) 'example_python_operator' retrieved from /root/venv/lib/python3.12/site-packages/airflow/example_dags/example_python_operator.py
[2025-03-13T18:01:14.286+0000] {logging_mixin.py:190} INFO - [2025-03-13T18:01:14.286+0000] {dag.py:3239} INFO - Sync 1 DAGs
[2025-03-13T18:01:14.301+0000] {logging_mixin.py:190} INFO - [2025-03-13T18:01:14.301+0000] {dag.py:4180} INFO - Setting next_dagrun for example_python_operator to None, run_after=None
[2025-03-13T18:01:14.363+0000] {processor.py:208} INFO - Processing /root/venv/lib/python3.12/site-packages/airflow/example_dags/example_python_operator.py took 0.131 seconds
[2025-03-13T18:02:22.776+0000] {processor.py:186} INFO - Started process (PID=1660936) to work on /root/venv/lib/python3.12/site-packages/airflow/example_dags/example_python_operator.py
[2025-03-13T18:02:22.777+0000] {processor.py:914} INFO - Processing file /root/venv/lib/python3.12/site-packages/airflow/example_dags/example_python_operator.py for tasks to queue
[2025-03-13T18:02:22.780+0000] {logging_mixin.py:190} INFO - [2025-03-13T18:02:22.779+0000] {dagbag.py:588} INFO - Filling up the DagBag from /root/venv/lib/python3.12/site-packages/airflow/example_dags/example_python_operator.py
[2025-03-13T18:02:22.789+0000] {logging_mixin.py:190} INFO - [2025-03-13T18:02:22.788+0000] {example_python_operator.py:93} WARNING - The virtalenv_python example task requires virtualenv, please install it.
[2025-03-13T18:02:22.792+0000] {processor.py:925} INFO - DAG(s) 'example_python_operator' retrieved from /root/venv/lib/python3.12/site-packages/airflow/example_dags/example_python_operator.py
[2025-03-13T18:02:22.812+0000] {logging_mixin.py:190} INFO - [2025-03-13T18:02:22.812+0000] {dag.py:3239} INFO - Sync 1 DAGs
[2025-03-13T18:02:22.827+0000] {logging_mixin.py:190} INFO - [2025-03-13T18:02:22.827+0000] {dag.py:4180} INFO - Setting next_dagrun for example_python_operator to None, run_after=None
[2025-03-13T18:02:22.851+0000] {processor.py:208} INFO - Processing /root/venv/lib/python3.12/site-packages/airflow/example_dags/example_python_operator.py took 0.083 seconds
[2025-03-13T18:03:24.302+0000] {processor.py:186} INFO - Started process (PID=1661002) to work on /root/venv/lib/python3.12/site-packages/airflow/example_dags/example_python_operator.py
[2025-03-13T18:03:24.304+0000] {processor.py:914} INFO - Processing file /root/venv/lib/python3.12/site-packages/airflow/example_dags/example_python_operator.py for tasks to queue
[2025-03-13T18:03:24.307+0000] {logging_mixin.py:190} INFO - [2025-03-13T18:03:24.306+0000] {dagbag.py:588} INFO - Filling up the DagBag from /root/venv/lib/python3.12/site-packages/airflow/example_dags/example_python_operator.py
[2025-03-13T18:03:24.316+0000] {logging_mixin.py:190} INFO - [2025-03-13T18:03:24.316+0000] {example_python_operator.py:93} WARNING - The virtalenv_python example task requires virtualenv, please install it.
[2025-03-13T18:03:24.319+0000] {processor.py:925} INFO - DAG(s) 'example_python_operator' retrieved from /root/venv/lib/python3.12/site-packages/airflow/example_dags/example_python_operator.py
[2025-03-13T18:03:24.341+0000] {logging_mixin.py:190} INFO - [2025-03-13T18:03:24.340+0000] {dag.py:3239} INFO - Sync 1 DAGs
[2025-03-13T18:03:24.356+0000] {logging_mixin.py:190} INFO - [2025-03-13T18:03:24.355+0000] {dag.py:4180} INFO - Setting next_dagrun for example_python_operator to None, run_after=None
[2025-03-13T18:03:24.377+0000] {processor.py:208} INFO - Processing /root/venv/lib/python3.12/site-packages/airflow/example_dags/example_python_operator.py took 0.082 seconds
[2025-03-13T18:04:37.583+0000] {processor.py:186} INFO - Started process (PID=1661068) to work on /root/venv/lib/python3.12/site-packages/airflow/example_dags/example_python_operator.py
[2025-03-13T18:04:37.585+0000] {processor.py:914} INFO - Processing file /root/venv/lib/python3.12/site-packages/airflow/example_dags/example_python_operator.py for tasks to queue
[2025-03-13T18:04:37.588+0000] {logging_mixin.py:190} INFO - [2025-03-13T18:04:37.587+0000] {dagbag.py:588} INFO - Filling up the DagBag from /root/venv/lib/python3.12/site-packages/airflow/example_dags/example_python_operator.py
[2025-03-13T18:04:37.768+0000] {logging_mixin.py:190} INFO - [2025-03-13T18:04:37.768+0000] {example_python_operator.py:93} WARNING - The virtalenv_python example task requires virtualenv, please install it.
[2025-03-13T18:04:37.771+0000] {processor.py:925} INFO - DAG(s) 'example_python_operator' retrieved from /root/venv/lib/python3.12/site-packages/airflow/example_dags/example_python_operator.py
[2025-03-13T18:04:37.788+0000] {logging_mixin.py:190} INFO - [2025-03-13T18:04:37.788+0000] {dag.py:3239} INFO - Sync 1 DAGs
[2025-03-13T18:04:37.802+0000] {logging_mixin.py:190} INFO - [2025-03-13T18:04:37.801+0000] {dag.py:4180} INFO - Setting next_dagrun for example_python_operator to None, run_after=None
[2025-03-13T18:04:37.825+0000] {processor.py:208} INFO - Processing /root/venv/lib/python3.12/site-packages/airflow/example_dags/example_python_operator.py took 0.253 seconds
[2025-03-13T18:05:50.620+0000] {processor.py:186} INFO - Started process (PID=1661143) to work on /root/venv/lib/python3.12/site-packages/airflow/example_dags/example_python_operator.py
[2025-03-13T18:05:50.621+0000] {processor.py:914} INFO - Processing file /root/venv/lib/python3.12/site-packages/airflow/example_dags/example_python_operator.py for tasks to queue
[2025-03-13T18:05:50.624+0000] {logging_mixin.py:190} INFO - [2025-03-13T18:05:50.624+0000] {dagbag.py:588} INFO - Filling up the DagBag from /root/venv/lib/python3.12/site-packages/airflow/example_dags/example_python_operator.py
[2025-03-13T18:05:50.638+0000] {logging_mixin.py:190} INFO - [2025-03-13T18:05:50.637+0000] {example_python_operator.py:93} WARNING - The virtalenv_python example task requires virtualenv, please install it.
[2025-03-13T18:05:50.642+0000] {processor.py:925} INFO - DAG(s) 'example_python_operator' retrieved from /root/venv/lib/python3.12/site-packages/airflow/example_dags/example_python_operator.py
[2025-03-13T18:05:50.672+0000] {logging_mixin.py:190} INFO - [2025-03-13T18:05:50.671+0000] {dag.py:3239} INFO - Sync 1 DAGs
[2025-03-13T18:05:50.692+0000] {logging_mixin.py:190} INFO - [2025-03-13T18:05:50.692+0000] {dag.py:4180} INFO - Setting next_dagrun for example_python_operator to None, run_after=None
[2025-03-13T18:05:50.718+0000] {processor.py:208} INFO - Processing /root/venv/lib/python3.12/site-packages/airflow/example_dags/example_python_operator.py took 0.106 seconds
[2025-03-13T18:06:58.348+0000] {processor.py:186} INFO - Started process (PID=1661213) to work on /root/venv/lib/python3.12/site-packages/airflow/example_dags/example_python_operator.py
[2025-03-13T18:06:58.349+0000] {processor.py:914} INFO - Processing file /root/venv/lib/python3.12/site-packages/airflow/example_dags/example_python_operator.py for tasks to queue
[2025-03-13T18:06:58.353+0000] {logging_mixin.py:190} INFO - [2025-03-13T18:06:58.352+0000] {dagbag.py:588} INFO - Filling up the DagBag from /root/venv/lib/python3.12/site-packages/airflow/example_dags/example_python_operator.py
[2025-03-13T18:06:58.363+0000] {logging_mixin.py:190} INFO - [2025-03-13T18:06:58.363+0000] {example_python_operator.py:93} WARNING - The virtalenv_python example task requires virtualenv, please install it.
[2025-03-13T18:06:58.366+0000] {processor.py:925} INFO - DAG(s) 'example_python_operator' retrieved from /root/venv/lib/python3.12/site-packages/airflow/example_dags/example_python_operator.py
[2025-03-13T18:06:58.390+0000] {logging_mixin.py:190} INFO - [2025-03-13T18:06:58.389+0000] {dag.py:3239} INFO - Sync 1 DAGs
[2025-03-13T18:06:58.410+0000] {logging_mixin.py:190} INFO - [2025-03-13T18:06:58.409+0000] {dag.py:4180} INFO - Setting next_dagrun for example_python_operator to None, run_after=None
[2025-03-13T18:06:58.442+0000] {processor.py:208} INFO - Processing /root/venv/lib/python3.12/site-packages/airflow/example_dags/example_python_operator.py took 0.103 seconds
[2025-03-13T18:08:07.340+0000] {processor.py:186} INFO - Started process (PID=1661297) to work on /root/venv/lib/python3.12/site-packages/airflow/example_dags/example_python_operator.py
[2025-03-13T18:08:07.342+0000] {processor.py:914} INFO - Processing file /root/venv/lib/python3.12/site-packages/airflow/example_dags/example_python_operator.py for tasks to queue
[2025-03-13T18:08:07.347+0000] {logging_mixin.py:190} INFO - [2025-03-13T18:08:07.346+0000] {dagbag.py:588} INFO - Filling up the DagBag from /root/venv/lib/python3.12/site-packages/airflow/example_dags/example_python_operator.py
[2025-03-13T18:08:07.362+0000] {logging_mixin.py:190} INFO - [2025-03-13T18:08:07.361+0000] {example_python_operator.py:93} WARNING - The virtalenv_python example task requires virtualenv, please install it.
[2025-03-13T18:08:07.366+0000] {processor.py:925} INFO - DAG(s) 'example_python_operator' retrieved from /root/venv/lib/python3.12/site-packages/airflow/example_dags/example_python_operator.py
[2025-03-13T18:08:07.403+0000] {logging_mixin.py:190} INFO - [2025-03-13T18:08:07.403+0000] {dag.py:3239} INFO - Sync 1 DAGs
[2025-03-13T18:08:07.428+0000] {logging_mixin.py:190} INFO - [2025-03-13T18:08:07.428+0000] {dag.py:4180} INFO - Setting next_dagrun for example_python_operator to None, run_after=None
[2025-03-13T18:08:07.468+0000] {processor.py:208} INFO - Processing /root/venv/lib/python3.12/site-packages/airflow/example_dags/example_python_operator.py took 0.141 seconds
[2025-03-13T18:09:12.399+0000] {processor.py:186} INFO - Started process (PID=1661367) to work on /root/venv/lib/python3.12/site-packages/airflow/example_dags/example_python_operator.py
[2025-03-13T18:09:12.400+0000] {processor.py:914} INFO - Processing file /root/venv/lib/python3.12/site-packages/airflow/example_dags/example_python_operator.py for tasks to queue
[2025-03-13T18:09:12.403+0000] {logging_mixin.py:190} INFO - [2025-03-13T18:09:12.403+0000] {dagbag.py:588} INFO - Filling up the DagBag from /root/venv/lib/python3.12/site-packages/airflow/example_dags/example_python_operator.py
[2025-03-13T18:09:12.412+0000] {logging_mixin.py:190} INFO - [2025-03-13T18:09:12.412+0000] {example_python_operator.py:93} WARNING - The virtalenv_python example task requires virtualenv, please install it.
[2025-03-13T18:09:12.416+0000] {processor.py:925} INFO - DAG(s) 'example_python_operator' retrieved from /root/venv/lib/python3.12/site-packages/airflow/example_dags/example_python_operator.py
[2025-03-13T18:09:12.437+0000] {logging_mixin.py:190} INFO - [2025-03-13T18:09:12.437+0000] {dag.py:3239} INFO - Sync 1 DAGs
[2025-03-13T18:09:12.452+0000] {logging_mixin.py:190} INFO - [2025-03-13T18:09:12.452+0000] {dag.py:4180} INFO - Setting next_dagrun for example_python_operator to None, run_after=None
[2025-03-13T18:09:12.486+0000] {processor.py:208} INFO - Processing /root/venv/lib/python3.12/site-packages/airflow/example_dags/example_python_operator.py took 0.095 seconds
[2025-03-13T18:10:13.142+0000] {processor.py:186} INFO - Started process (PID=1661434) to work on /root/venv/lib/python3.12/site-packages/airflow/example_dags/example_python_operator.py
[2025-03-13T18:10:13.144+0000] {processor.py:914} INFO - Processing file /root/venv/lib/python3.12/site-packages/airflow/example_dags/example_python_operator.py for tasks to queue
[2025-03-13T18:10:13.148+0000] {logging_mixin.py:190} INFO - [2025-03-13T18:10:13.148+0000] {dagbag.py:588} INFO - Filling up the DagBag from /root/venv/lib/python3.12/site-packages/airflow/example_dags/example_python_operator.py
[2025-03-13T18:10:13.162+0000] {logging_mixin.py:190} INFO - [2025-03-13T18:10:13.162+0000] {example_python_operator.py:93} WARNING - The virtalenv_python example task requires virtualenv, please install it.
[2025-03-13T18:10:13.167+0000] {processor.py:925} INFO - DAG(s) 'example_python_operator' retrieved from /root/venv/lib/python3.12/site-packages/airflow/example_dags/example_python_operator.py
[2025-03-13T18:10:13.198+0000] {logging_mixin.py:190} INFO - [2025-03-13T18:10:13.197+0000] {dag.py:3239} INFO - Sync 1 DAGs
[2025-03-13T18:10:13.220+0000] {logging_mixin.py:190} INFO - [2025-03-13T18:10:13.219+0000] {dag.py:4180} INFO - Setting next_dagrun for example_python_operator to None, run_after=None
[2025-03-13T18:10:13.252+0000] {processor.py:208} INFO - Processing /root/venv/lib/python3.12/site-packages/airflow/example_dags/example_python_operator.py took 0.121 seconds
[2025-03-13T18:11:20.443+0000] {processor.py:186} INFO - Started process (PID=1661501) to work on /root/venv/lib/python3.12/site-packages/airflow/example_dags/example_python_operator.py
[2025-03-13T18:11:20.445+0000] {processor.py:914} INFO - Processing file /root/venv/lib/python3.12/site-packages/airflow/example_dags/example_python_operator.py for tasks to queue
[2025-03-13T18:11:20.448+0000] {logging_mixin.py:190} INFO - [2025-03-13T18:11:20.447+0000] {dagbag.py:588} INFO - Filling up the DagBag from /root/venv/lib/python3.12/site-packages/airflow/example_dags/example_python_operator.py
[2025-03-13T18:11:20.457+0000] {logging_mixin.py:190} INFO - [2025-03-13T18:11:20.457+0000] {example_python_operator.py:93} WARNING - The virtalenv_python example task requires virtualenv, please install it.
[2025-03-13T18:11:20.460+0000] {processor.py:925} INFO - DAG(s) 'example_python_operator' retrieved from /root/venv/lib/python3.12/site-packages/airflow/example_dags/example_python_operator.py
[2025-03-13T18:11:20.481+0000] {logging_mixin.py:190} INFO - [2025-03-13T18:11:20.481+0000] {dag.py:3239} INFO - Sync 1 DAGs
[2025-03-13T18:11:20.497+0000] {logging_mixin.py:190} INFO - [2025-03-13T18:11:20.496+0000] {dag.py:4180} INFO - Setting next_dagrun for example_python_operator to None, run_after=None
[2025-03-13T18:11:20.520+0000] {processor.py:208} INFO - Processing /root/venv/lib/python3.12/site-packages/airflow/example_dags/example_python_operator.py took 0.084 seconds
[2025-03-13T18:12:27.151+0000] {processor.py:186} INFO - Started process (PID=1661567) to work on /root/venv/lib/python3.12/site-packages/airflow/example_dags/example_python_operator.py
[2025-03-13T18:12:27.153+0000] {processor.py:914} INFO - Processing file /root/venv/lib/python3.12/site-packages/airflow/example_dags/example_python_operator.py for tasks to queue
[2025-03-13T18:12:27.156+0000] {logging_mixin.py:190} INFO - [2025-03-13T18:12:27.155+0000] {dagbag.py:588} INFO - Filling up the DagBag from /root/venv/lib/python3.12/site-packages/airflow/example_dags/example_python_operator.py
[2025-03-13T18:12:27.169+0000] {logging_mixin.py:190} INFO - [2025-03-13T18:12:27.168+0000] {example_python_operator.py:93} WARNING - The virtalenv_python example task requires virtualenv, please install it.
[2025-03-13T18:12:27.173+0000] {processor.py:925} INFO - DAG(s) 'example_python_operator' retrieved from /root/venv/lib/python3.12/site-packages/airflow/example_dags/example_python_operator.py
[2025-03-13T18:12:27.199+0000] {logging_mixin.py:190} INFO - [2025-03-13T18:12:27.199+0000] {dag.py:3239} INFO - Sync 1 DAGs
[2025-03-13T18:12:27.218+0000] {logging_mixin.py:190} INFO - [2025-03-13T18:12:27.218+0000] {dag.py:4180} INFO - Setting next_dagrun for example_python_operator to None, run_after=None
[2025-03-13T18:12:27.247+0000] {processor.py:208} INFO - Processing /root/venv/lib/python3.12/site-packages/airflow/example_dags/example_python_operator.py took 0.106 seconds
[2025-03-13T18:13:34.818+0000] {processor.py:186} INFO - Started process (PID=1661649) to work on /root/venv/lib/python3.12/site-packages/airflow/example_dags/example_python_operator.py
[2025-03-13T18:13:34.820+0000] {processor.py:914} INFO - Processing file /root/venv/lib/python3.12/site-packages/airflow/example_dags/example_python_operator.py for tasks to queue
[2025-03-13T18:13:34.822+0000] {logging_mixin.py:190} INFO - [2025-03-13T18:13:34.821+0000] {dagbag.py:588} INFO - Filling up the DagBag from /root/venv/lib/python3.12/site-packages/airflow/example_dags/example_python_operator.py
[2025-03-13T18:13:34.834+0000] {logging_mixin.py:190} INFO - [2025-03-13T18:13:34.833+0000] {example_python_operator.py:93} WARNING - The virtalenv_python example task requires virtualenv, please install it.
[2025-03-13T18:13:34.837+0000] {processor.py:925} INFO - DAG(s) 'example_python_operator' retrieved from /root/venv/lib/python3.12/site-packages/airflow/example_dags/example_python_operator.py
[2025-03-13T18:13:34.861+0000] {logging_mixin.py:190} INFO - [2025-03-13T18:13:34.861+0000] {dag.py:3239} INFO - Sync 1 DAGs
[2025-03-13T18:13:34.878+0000] {logging_mixin.py:190} INFO - [2025-03-13T18:13:34.877+0000] {dag.py:4180} INFO - Setting next_dagrun for example_python_operator to None, run_after=None
[2025-03-13T18:13:34.902+0000] {processor.py:208} INFO - Processing /root/venv/lib/python3.12/site-packages/airflow/example_dags/example_python_operator.py took 0.094 seconds
[2025-03-13T18:14:41.890+0000] {processor.py:186} INFO - Started process (PID=1661722) to work on /root/venv/lib/python3.12/site-packages/airflow/example_dags/example_python_operator.py
[2025-03-13T18:14:41.892+0000] {processor.py:914} INFO - Processing file /root/venv/lib/python3.12/site-packages/airflow/example_dags/example_python_operator.py for tasks to queue
[2025-03-13T18:14:41.893+0000] {logging_mixin.py:190} INFO - [2025-03-13T18:14:41.893+0000] {dagbag.py:588} INFO - Filling up the DagBag from /root/venv/lib/python3.12/site-packages/airflow/example_dags/example_python_operator.py
[2025-03-13T18:14:41.904+0000] {logging_mixin.py:190} INFO - [2025-03-13T18:14:41.904+0000] {example_python_operator.py:93} WARNING - The virtalenv_python example task requires virtualenv, please install it.
[2025-03-13T18:14:41.909+0000] {processor.py:925} INFO - DAG(s) 'example_python_operator' retrieved from /root/venv/lib/python3.12/site-packages/airflow/example_dags/example_python_operator.py
[2025-03-13T18:14:41.934+0000] {logging_mixin.py:190} INFO - [2025-03-13T18:14:41.934+0000] {dag.py:3239} INFO - Sync 1 DAGs
[2025-03-13T18:14:41.951+0000] {logging_mixin.py:190} INFO - [2025-03-13T18:14:41.950+0000] {dag.py:4180} INFO - Setting next_dagrun for example_python_operator to None, run_after=None
[2025-03-13T18:14:41.977+0000] {processor.py:208} INFO - Processing /root/venv/lib/python3.12/site-packages/airflow/example_dags/example_python_operator.py took 0.095 seconds
[2025-03-13T19:39:27.892+0000] {processor.py:186} INFO - Started process (PID=1662390) to work on /root/venv/lib/python3.12/site-packages/airflow/example_dags/example_python_operator.py
[2025-03-13T19:39:27.894+0000] {processor.py:914} INFO - Processing file /root/venv/lib/python3.12/site-packages/airflow/example_dags/example_python_operator.py for tasks to queue
[2025-03-13T19:39:27.897+0000] {logging_mixin.py:190} INFO - [2025-03-13T19:39:27.896+0000] {dagbag.py:588} INFO - Filling up the DagBag from /root/venv/lib/python3.12/site-packages/airflow/example_dags/example_python_operator.py
[2025-03-13T19:39:27.906+0000] {logging_mixin.py:190} INFO - [2025-03-13T19:39:27.905+0000] {example_python_operator.py:93} WARNING - The virtalenv_python example task requires virtualenv, please install it.
[2025-03-13T19:39:27.909+0000] {processor.py:925} INFO - DAG(s) 'example_python_operator' retrieved from /root/venv/lib/python3.12/site-packages/airflow/example_dags/example_python_operator.py
[2025-03-13T19:39:27.936+0000] {logging_mixin.py:190} INFO - [2025-03-13T19:39:27.936+0000] {dag.py:3239} INFO - Sync 1 DAGs
[2025-03-13T19:39:27.956+0000] {logging_mixin.py:190} INFO - [2025-03-13T19:39:27.955+0000] {dag.py:4180} INFO - Setting next_dagrun for example_python_operator to None, run_after=None
[2025-03-13T19:39:27.997+0000] {processor.py:208} INFO - Processing /root/venv/lib/python3.12/site-packages/airflow/example_dags/example_python_operator.py took 0.112 seconds
