[2025-03-13T17:31:27.003+0000] {processor.py:186} INFO - Started process (PID=1658878) to work on /root/venv/lib/python3.12/site-packages/airflow/example_dags/example_inlet_event_extra.py
[2025-03-13T17:31:27.005+0000] {processor.py:914} INFO - Processing file /root/venv/lib/python3.12/site-packages/airflow/example_dags/example_inlet_event_extra.py for tasks to queue
[2025-03-13T17:31:27.009+0000] {logging_mixin.py:190} INFO - [2025-03-13T17:31:27.008+0000] {dagbag.py:588} INFO - Filling up the DagBag from /root/venv/lib/python3.12/site-packages/airflow/example_dags/example_inlet_event_extra.py
[2025-03-13T17:31:27.026+0000] {processor.py:925} INFO - DAG(s) 'read_dataset_event', 'read_dataset_event_from_classic' retrieved from /root/venv/lib/python3.12/site-packages/airflow/example_dags/example_inlet_event_extra.py
[2025-03-13T17:31:27.173+0000] {logging_mixin.py:190} INFO - [2025-03-13T17:31:27.172+0000] {dag.py:3239} INFO - Sync 2 DAGs
[2025-03-13T17:31:27.199+0000] {logging_mixin.py:190} INFO - [2025-03-13T17:31:27.198+0000] {dag.py:4180} INFO - Setting next_dagrun for read_dataset_event to 2025-03-12 00:00:00+00:00, run_after=2025-03-13 00:00:00+00:00
[2025-03-13T17:31:27.204+0000] {logging_mixin.py:190} INFO - [2025-03-13T17:31:27.203+0000] {dag.py:4180} INFO - Setting next_dagrun for read_dataset_event_from_classic to 2025-03-12 00:00:00+00:00, run_after=2025-03-13 00:00:00+00:00
[2025-03-13T17:31:27.239+0000] {processor.py:208} INFO - Processing /root/venv/lib/python3.12/site-packages/airflow/example_dags/example_inlet_event_extra.py took 0.244 seconds
[2025-03-13T17:32:33.413+0000] {processor.py:186} INFO - Started process (PID=1658944) to work on /root/venv/lib/python3.12/site-packages/airflow/example_dags/example_inlet_event_extra.py
[2025-03-13T17:32:33.414+0000] {processor.py:914} INFO - Processing file /root/venv/lib/python3.12/site-packages/airflow/example_dags/example_inlet_event_extra.py for tasks to queue
[2025-03-13T17:32:33.417+0000] {logging_mixin.py:190} INFO - [2025-03-13T17:32:33.417+0000] {dagbag.py:588} INFO - Filling up the DagBag from /root/venv/lib/python3.12/site-packages/airflow/example_dags/example_inlet_event_extra.py
[2025-03-13T17:32:33.434+0000] {processor.py:925} INFO - DAG(s) 'read_dataset_event', 'read_dataset_event_from_classic' retrieved from /root/venv/lib/python3.12/site-packages/airflow/example_dags/example_inlet_event_extra.py
[2025-03-13T17:32:33.461+0000] {logging_mixin.py:190} INFO - [2025-03-13T17:32:33.461+0000] {dag.py:3239} INFO - Sync 2 DAGs
[2025-03-13T17:32:33.489+0000] {logging_mixin.py:190} INFO - [2025-03-13T17:32:33.488+0000] {dag.py:4180} INFO - Setting next_dagrun for read_dataset_event to 2025-03-12 00:00:00+00:00, run_after=2025-03-13 00:00:00+00:00
[2025-03-13T17:32:33.495+0000] {logging_mixin.py:190} INFO - [2025-03-13T17:32:33.494+0000] {dag.py:4180} INFO - Setting next_dagrun for read_dataset_event_from_classic to 2025-03-12 00:00:00+00:00, run_after=2025-03-13 00:00:00+00:00
[2025-03-13T17:32:33.520+0000] {processor.py:208} INFO - Processing /root/venv/lib/python3.12/site-packages/airflow/example_dags/example_inlet_event_extra.py took 0.114 seconds
[2025-03-13T17:33:33.510+0000] {processor.py:186} INFO - Started process (PID=1659075) to work on /root/venv/lib/python3.12/site-packages/airflow/example_dags/example_inlet_event_extra.py
[2025-03-13T17:33:33.512+0000] {processor.py:914} INFO - Processing file /root/venv/lib/python3.12/site-packages/airflow/example_dags/example_inlet_event_extra.py for tasks to queue
[2025-03-13T17:33:33.515+0000] {logging_mixin.py:190} INFO - [2025-03-13T17:33:33.515+0000] {dagbag.py:588} INFO - Filling up the DagBag from /root/venv/lib/python3.12/site-packages/airflow/example_dags/example_inlet_event_extra.py
[2025-03-13T17:33:33.536+0000] {processor.py:925} INFO - DAG(s) 'read_dataset_event_from_classic', 'read_dataset_event' retrieved from /root/venv/lib/python3.12/site-packages/airflow/example_dags/example_inlet_event_extra.py
[2025-03-13T17:33:33.561+0000] {logging_mixin.py:190} INFO - [2025-03-13T17:33:33.561+0000] {dag.py:3239} INFO - Sync 2 DAGs
[2025-03-13T17:33:33.586+0000] {logging_mixin.py:190} INFO - [2025-03-13T17:33:33.586+0000] {dag.py:4180} INFO - Setting next_dagrun for read_dataset_event to 2025-03-12 00:00:00+00:00, run_after=2025-03-13 00:00:00+00:00
[2025-03-13T17:33:33.591+0000] {logging_mixin.py:190} INFO - [2025-03-13T17:33:33.591+0000] {dag.py:4180} INFO - Setting next_dagrun for read_dataset_event_from_classic to 2025-03-12 00:00:00+00:00, run_after=2025-03-13 00:00:00+00:00
[2025-03-13T17:33:33.614+0000] {processor.py:208} INFO - Processing /root/venv/lib/python3.12/site-packages/airflow/example_dags/example_inlet_event_extra.py took 0.113 seconds
[2025-03-13T17:35:16.915+0000] {processor.py:186} INFO - Started process (PID=1659189) to work on /root/venv/lib/python3.12/site-packages/airflow/example_dags/example_inlet_event_extra.py
[2025-03-13T17:35:16.917+0000] {processor.py:914} INFO - Processing file /root/venv/lib/python3.12/site-packages/airflow/example_dags/example_inlet_event_extra.py for tasks to queue
[2025-03-13T17:35:16.920+0000] {logging_mixin.py:190} INFO - [2025-03-13T17:35:16.919+0000] {dagbag.py:588} INFO - Filling up the DagBag from /root/venv/lib/python3.12/site-packages/airflow/example_dags/example_inlet_event_extra.py
[2025-03-13T17:35:16.934+0000] {processor.py:925} INFO - DAG(s) 'read_dataset_event_from_classic', 'read_dataset_event' retrieved from /root/venv/lib/python3.12/site-packages/airflow/example_dags/example_inlet_event_extra.py
[2025-03-13T17:35:16.955+0000] {logging_mixin.py:190} INFO - [2025-03-13T17:35:16.954+0000] {dag.py:3239} INFO - Sync 2 DAGs
[2025-03-13T17:35:16.976+0000] {logging_mixin.py:190} INFO - [2025-03-13T17:35:16.976+0000] {dag.py:4180} INFO - Setting next_dagrun for read_dataset_event to 2025-03-12 00:00:00+00:00, run_after=2025-03-13 00:00:00+00:00
[2025-03-13T17:35:16.981+0000] {logging_mixin.py:190} INFO - [2025-03-13T17:35:16.981+0000] {dag.py:4180} INFO - Setting next_dagrun for read_dataset_event_from_classic to 2025-03-12 00:00:00+00:00, run_after=2025-03-13 00:00:00+00:00
[2025-03-13T17:35:16.998+0000] {processor.py:208} INFO - Processing /root/venv/lib/python3.12/site-packages/airflow/example_dags/example_inlet_event_extra.py took 0.089 seconds
[2025-03-13T17:36:15.006+0000] {processor.py:186} INFO - Started process (PID=1659250) to work on /root/venv/lib/python3.12/site-packages/airflow/example_dags/example_inlet_event_extra.py
[2025-03-13T17:36:15.007+0000] {processor.py:914} INFO - Processing file /root/venv/lib/python3.12/site-packages/airflow/example_dags/example_inlet_event_extra.py for tasks to queue
[2025-03-13T17:36:15.010+0000] {logging_mixin.py:190} INFO - [2025-03-13T17:36:15.009+0000] {dagbag.py:588} INFO - Filling up the DagBag from /root/venv/lib/python3.12/site-packages/airflow/example_dags/example_inlet_event_extra.py
[2025-03-13T17:36:15.026+0000] {processor.py:925} INFO - DAG(s) 'read_dataset_event', 'read_dataset_event_from_classic' retrieved from /root/venv/lib/python3.12/site-packages/airflow/example_dags/example_inlet_event_extra.py
[2025-03-13T17:36:15.048+0000] {logging_mixin.py:190} INFO - [2025-03-13T17:36:15.048+0000] {dag.py:3239} INFO - Sync 2 DAGs
[2025-03-13T17:36:15.078+0000] {logging_mixin.py:190} INFO - [2025-03-13T17:36:15.078+0000] {dag.py:4180} INFO - Setting next_dagrun for read_dataset_event to 2025-03-12 00:00:00+00:00, run_after=2025-03-13 00:00:00+00:00
[2025-03-13T17:36:15.084+0000] {logging_mixin.py:190} INFO - [2025-03-13T17:36:15.084+0000] {dag.py:4180} INFO - Setting next_dagrun for read_dataset_event_from_classic to 2025-03-12 00:00:00+00:00, run_after=2025-03-13 00:00:00+00:00
[2025-03-13T17:36:15.114+0000] {processor.py:208} INFO - Processing /root/venv/lib/python3.12/site-packages/airflow/example_dags/example_inlet_event_extra.py took 0.116 seconds
[2025-03-13T17:37:17.968+0000] {processor.py:186} INFO - Started process (PID=1659318) to work on /root/venv/lib/python3.12/site-packages/airflow/example_dags/example_inlet_event_extra.py
[2025-03-13T17:37:17.970+0000] {processor.py:914} INFO - Processing file /root/venv/lib/python3.12/site-packages/airflow/example_dags/example_inlet_event_extra.py for tasks to queue
[2025-03-13T17:37:17.973+0000] {logging_mixin.py:190} INFO - [2025-03-13T17:37:17.972+0000] {dagbag.py:588} INFO - Filling up the DagBag from /root/venv/lib/python3.12/site-packages/airflow/example_dags/example_inlet_event_extra.py
[2025-03-13T17:37:17.989+0000] {processor.py:925} INFO - DAG(s) 'read_dataset_event', 'read_dataset_event_from_classic' retrieved from /root/venv/lib/python3.12/site-packages/airflow/example_dags/example_inlet_event_extra.py
[2025-03-13T17:37:18.012+0000] {logging_mixin.py:190} INFO - [2025-03-13T17:37:18.011+0000] {dag.py:3239} INFO - Sync 2 DAGs
[2025-03-13T17:37:18.038+0000] {logging_mixin.py:190} INFO - [2025-03-13T17:37:18.038+0000] {dag.py:4180} INFO - Setting next_dagrun for read_dataset_event to 2025-03-12 00:00:00+00:00, run_after=2025-03-13 00:00:00+00:00
[2025-03-13T17:37:18.044+0000] {logging_mixin.py:190} INFO - [2025-03-13T17:37:18.043+0000] {dag.py:4180} INFO - Setting next_dagrun for read_dataset_event_from_classic to 2025-03-12 00:00:00+00:00, run_after=2025-03-13 00:00:00+00:00
[2025-03-13T17:37:18.066+0000] {processor.py:208} INFO - Processing /root/venv/lib/python3.12/site-packages/airflow/example_dags/example_inlet_event_extra.py took 0.106 seconds
[2025-03-13T17:38:21.230+0000] {processor.py:186} INFO - Started process (PID=1659381) to work on /root/venv/lib/python3.12/site-packages/airflow/example_dags/example_inlet_event_extra.py
[2025-03-13T17:38:21.232+0000] {processor.py:914} INFO - Processing file /root/venv/lib/python3.12/site-packages/airflow/example_dags/example_inlet_event_extra.py for tasks to queue
[2025-03-13T17:38:21.235+0000] {logging_mixin.py:190} INFO - [2025-03-13T17:38:21.235+0000] {dagbag.py:588} INFO - Filling up the DagBag from /root/venv/lib/python3.12/site-packages/airflow/example_dags/example_inlet_event_extra.py
[2025-03-13T17:38:21.255+0000] {processor.py:925} INFO - DAG(s) 'read_dataset_event', 'read_dataset_event_from_classic' retrieved from /root/venv/lib/python3.12/site-packages/airflow/example_dags/example_inlet_event_extra.py
[2025-03-13T17:38:21.282+0000] {logging_mixin.py:190} INFO - [2025-03-13T17:38:21.282+0000] {dag.py:3239} INFO - Sync 2 DAGs
[2025-03-13T17:38:21.310+0000] {logging_mixin.py:190} INFO - [2025-03-13T17:38:21.309+0000] {dag.py:4180} INFO - Setting next_dagrun for read_dataset_event to 2025-03-12 00:00:00+00:00, run_after=2025-03-13 00:00:00+00:00
[2025-03-13T17:38:21.315+0000] {logging_mixin.py:190} INFO - [2025-03-13T17:38:21.315+0000] {dag.py:4180} INFO - Setting next_dagrun for read_dataset_event_from_classic to 2025-03-12 00:00:00+00:00, run_after=2025-03-13 00:00:00+00:00
[2025-03-13T17:38:21.338+0000] {processor.py:208} INFO - Processing /root/venv/lib/python3.12/site-packages/airflow/example_dags/example_inlet_event_extra.py took 0.119 seconds
[2025-03-13T17:39:22.495+0000] {processor.py:186} INFO - Started process (PID=1659442) to work on /root/venv/lib/python3.12/site-packages/airflow/example_dags/example_inlet_event_extra.py
[2025-03-13T17:39:22.497+0000] {processor.py:914} INFO - Processing file /root/venv/lib/python3.12/site-packages/airflow/example_dags/example_inlet_event_extra.py for tasks to queue
[2025-03-13T17:39:22.500+0000] {logging_mixin.py:190} INFO - [2025-03-13T17:39:22.500+0000] {dagbag.py:588} INFO - Filling up the DagBag from /root/venv/lib/python3.12/site-packages/airflow/example_dags/example_inlet_event_extra.py
[2025-03-13T17:39:22.516+0000] {processor.py:925} INFO - DAG(s) 'read_dataset_event_from_classic', 'read_dataset_event' retrieved from /root/venv/lib/python3.12/site-packages/airflow/example_dags/example_inlet_event_extra.py
[2025-03-13T17:39:22.536+0000] {logging_mixin.py:190} INFO - [2025-03-13T17:39:22.536+0000] {dag.py:3239} INFO - Sync 2 DAGs
[2025-03-13T17:39:22.559+0000] {logging_mixin.py:190} INFO - [2025-03-13T17:39:22.558+0000] {dag.py:4180} INFO - Setting next_dagrun for read_dataset_event to 2025-03-12 00:00:00+00:00, run_after=2025-03-13 00:00:00+00:00
[2025-03-13T17:39:22.563+0000] {logging_mixin.py:190} INFO - [2025-03-13T17:39:22.563+0000] {dag.py:4180} INFO - Setting next_dagrun for read_dataset_event_from_classic to 2025-03-12 00:00:00+00:00, run_after=2025-03-13 00:00:00+00:00
[2025-03-13T17:39:22.581+0000] {processor.py:208} INFO - Processing /root/venv/lib/python3.12/site-packages/airflow/example_dags/example_inlet_event_extra.py took 0.095 seconds
[2025-03-13T17:40:22.286+0000] {processor.py:186} INFO - Started process (PID=1659501) to work on /root/venv/lib/python3.12/site-packages/airflow/example_dags/example_inlet_event_extra.py
[2025-03-13T17:40:22.288+0000] {processor.py:914} INFO - Processing file /root/venv/lib/python3.12/site-packages/airflow/example_dags/example_inlet_event_extra.py for tasks to queue
[2025-03-13T17:40:22.291+0000] {logging_mixin.py:190} INFO - [2025-03-13T17:40:22.290+0000] {dagbag.py:588} INFO - Filling up the DagBag from /root/venv/lib/python3.12/site-packages/airflow/example_dags/example_inlet_event_extra.py
[2025-03-13T17:40:22.307+0000] {processor.py:925} INFO - DAG(s) 'read_dataset_event_from_classic', 'read_dataset_event' retrieved from /root/venv/lib/python3.12/site-packages/airflow/example_dags/example_inlet_event_extra.py
[2025-03-13T17:40:22.329+0000] {logging_mixin.py:190} INFO - [2025-03-13T17:40:22.329+0000] {dag.py:3239} INFO - Sync 2 DAGs
[2025-03-13T17:40:22.354+0000] {logging_mixin.py:190} INFO - [2025-03-13T17:40:22.354+0000] {dag.py:4180} INFO - Setting next_dagrun for read_dataset_event to 2025-03-12 00:00:00+00:00, run_after=2025-03-13 00:00:00+00:00
[2025-03-13T17:40:22.358+0000] {logging_mixin.py:190} INFO - [2025-03-13T17:40:22.358+0000] {dag.py:4180} INFO - Setting next_dagrun for read_dataset_event_from_classic to 2025-03-12 00:00:00+00:00, run_after=2025-03-13 00:00:00+00:00
[2025-03-13T17:40:22.379+0000] {processor.py:208} INFO - Processing /root/venv/lib/python3.12/site-packages/airflow/example_dags/example_inlet_event_extra.py took 0.101 seconds
[2025-03-13T17:41:21.518+0000] {processor.py:186} INFO - Started process (PID=1659573) to work on /root/venv/lib/python3.12/site-packages/airflow/example_dags/example_inlet_event_extra.py
[2025-03-13T17:41:21.519+0000] {processor.py:914} INFO - Processing file /root/venv/lib/python3.12/site-packages/airflow/example_dags/example_inlet_event_extra.py for tasks to queue
[2025-03-13T17:41:21.522+0000] {logging_mixin.py:190} INFO - [2025-03-13T17:41:21.521+0000] {dagbag.py:588} INFO - Filling up the DagBag from /root/venv/lib/python3.12/site-packages/airflow/example_dags/example_inlet_event_extra.py
[2025-03-13T17:41:21.537+0000] {processor.py:925} INFO - DAG(s) 'read_dataset_event', 'read_dataset_event_from_classic' retrieved from /root/venv/lib/python3.12/site-packages/airflow/example_dags/example_inlet_event_extra.py
[2025-03-13T17:41:21.558+0000] {logging_mixin.py:190} INFO - [2025-03-13T17:41:21.558+0000] {dag.py:3239} INFO - Sync 2 DAGs
[2025-03-13T17:41:21.707+0000] {logging_mixin.py:190} INFO - [2025-03-13T17:41:21.707+0000] {dag.py:4180} INFO - Setting next_dagrun for read_dataset_event to 2025-03-12 00:00:00+00:00, run_after=2025-03-13 00:00:00+00:00
[2025-03-13T17:41:21.711+0000] {logging_mixin.py:190} INFO - [2025-03-13T17:41:21.711+0000] {dag.py:4180} INFO - Setting next_dagrun for read_dataset_event_from_classic to 2025-03-12 00:00:00+00:00, run_after=2025-03-13 00:00:00+00:00
[2025-03-13T17:41:21.728+0000] {processor.py:208} INFO - Processing /root/venv/lib/python3.12/site-packages/airflow/example_dags/example_inlet_event_extra.py took 0.217 seconds
[2025-03-13T17:42:30.568+0000] {processor.py:186} INFO - Started process (PID=1659643) to work on /root/venv/lib/python3.12/site-packages/airflow/example_dags/example_inlet_event_extra.py
[2025-03-13T17:42:30.569+0000] {processor.py:914} INFO - Processing file /root/venv/lib/python3.12/site-packages/airflow/example_dags/example_inlet_event_extra.py for tasks to queue
[2025-03-13T17:42:30.572+0000] {logging_mixin.py:190} INFO - [2025-03-13T17:42:30.571+0000] {dagbag.py:588} INFO - Filling up the DagBag from /root/venv/lib/python3.12/site-packages/airflow/example_dags/example_inlet_event_extra.py
[2025-03-13T17:42:30.589+0000] {processor.py:925} INFO - DAG(s) 'read_dataset_event_from_classic', 'read_dataset_event' retrieved from /root/venv/lib/python3.12/site-packages/airflow/example_dags/example_inlet_event_extra.py
[2025-03-13T17:42:30.612+0000] {logging_mixin.py:190} INFO - [2025-03-13T17:42:30.611+0000] {dag.py:3239} INFO - Sync 2 DAGs
[2025-03-13T17:42:30.639+0000] {logging_mixin.py:190} INFO - [2025-03-13T17:42:30.639+0000] {dag.py:4180} INFO - Setting next_dagrun for read_dataset_event to 2025-03-12 00:00:00+00:00, run_after=2025-03-13 00:00:00+00:00
[2025-03-13T17:42:30.645+0000] {logging_mixin.py:190} INFO - [2025-03-13T17:42:30.644+0000] {dag.py:4180} INFO - Setting next_dagrun for read_dataset_event_from_classic to 2025-03-12 00:00:00+00:00, run_after=2025-03-13 00:00:00+00:00
[2025-03-13T17:42:30.670+0000] {processor.py:208} INFO - Processing /root/venv/lib/python3.12/site-packages/airflow/example_dags/example_inlet_event_extra.py took 0.110 seconds
[2025-03-13T17:43:28.650+0000] {processor.py:186} INFO - Started process (PID=1659702) to work on /root/venv/lib/python3.12/site-packages/airflow/example_dags/example_inlet_event_extra.py
[2025-03-13T17:43:28.652+0000] {processor.py:914} INFO - Processing file /root/venv/lib/python3.12/site-packages/airflow/example_dags/example_inlet_event_extra.py for tasks to queue
[2025-03-13T17:43:28.656+0000] {logging_mixin.py:190} INFO - [2025-03-13T17:43:28.655+0000] {dagbag.py:588} INFO - Filling up the DagBag from /root/venv/lib/python3.12/site-packages/airflow/example_dags/example_inlet_event_extra.py
[2025-03-13T17:43:28.682+0000] {processor.py:925} INFO - DAG(s) 'read_dataset_event', 'read_dataset_event_from_classic' retrieved from /root/venv/lib/python3.12/site-packages/airflow/example_dags/example_inlet_event_extra.py
[2025-03-13T17:43:28.717+0000] {logging_mixin.py:190} INFO - [2025-03-13T17:43:28.717+0000] {dag.py:3239} INFO - Sync 2 DAGs
[2025-03-13T17:43:28.759+0000] {logging_mixin.py:190} INFO - [2025-03-13T17:43:28.758+0000] {dag.py:4180} INFO - Setting next_dagrun for read_dataset_event to 2025-03-12 00:00:00+00:00, run_after=2025-03-13 00:00:00+00:00
[2025-03-13T17:43:28.767+0000] {logging_mixin.py:190} INFO - [2025-03-13T17:43:28.767+0000] {dag.py:4180} INFO - Setting next_dagrun for read_dataset_event_from_classic to 2025-03-12 00:00:00+00:00, run_after=2025-03-13 00:00:00+00:00
[2025-03-13T17:43:28.808+0000] {processor.py:208} INFO - Processing /root/venv/lib/python3.12/site-packages/airflow/example_dags/example_inlet_event_extra.py took 0.172 seconds
[2025-03-13T17:44:30.985+0000] {processor.py:186} INFO - Started process (PID=1659782) to work on /root/venv/lib/python3.12/site-packages/airflow/example_dags/example_inlet_event_extra.py
[2025-03-13T17:44:30.987+0000] {processor.py:914} INFO - Processing file /root/venv/lib/python3.12/site-packages/airflow/example_dags/example_inlet_event_extra.py for tasks to queue
[2025-03-13T17:44:30.992+0000] {logging_mixin.py:190} INFO - [2025-03-13T17:44:30.991+0000] {dagbag.py:588} INFO - Filling up the DagBag from /root/venv/lib/python3.12/site-packages/airflow/example_dags/example_inlet_event_extra.py
[2025-03-13T17:44:31.018+0000] {processor.py:925} INFO - DAG(s) 'read_dataset_event', 'read_dataset_event_from_classic' retrieved from /root/venv/lib/python3.12/site-packages/airflow/example_dags/example_inlet_event_extra.py
[2025-03-13T17:44:31.051+0000] {logging_mixin.py:190} INFO - [2025-03-13T17:44:31.050+0000] {dag.py:3239} INFO - Sync 2 DAGs
[2025-03-13T17:44:31.091+0000] {logging_mixin.py:190} INFO - [2025-03-13T17:44:31.090+0000] {dag.py:4180} INFO - Setting next_dagrun for read_dataset_event to 2025-03-12 00:00:00+00:00, run_after=2025-03-13 00:00:00+00:00
[2025-03-13T17:44:31.100+0000] {logging_mixin.py:190} INFO - [2025-03-13T17:44:31.099+0000] {dag.py:4180} INFO - Setting next_dagrun for read_dataset_event_from_classic to 2025-03-12 00:00:00+00:00, run_after=2025-03-13 00:00:00+00:00
[2025-03-13T17:44:31.133+0000] {processor.py:208} INFO - Processing /root/venv/lib/python3.12/site-packages/airflow/example_dags/example_inlet_event_extra.py took 0.159 seconds
[2025-03-13T17:45:35.644+0000] {processor.py:186} INFO - Started process (PID=1659849) to work on /root/venv/lib/python3.12/site-packages/airflow/example_dags/example_inlet_event_extra.py
[2025-03-13T17:45:35.645+0000] {processor.py:914} INFO - Processing file /root/venv/lib/python3.12/site-packages/airflow/example_dags/example_inlet_event_extra.py for tasks to queue
[2025-03-13T17:45:35.649+0000] {logging_mixin.py:190} INFO - [2025-03-13T17:45:35.648+0000] {dagbag.py:588} INFO - Filling up the DagBag from /root/venv/lib/python3.12/site-packages/airflow/example_dags/example_inlet_event_extra.py
[2025-03-13T17:45:35.666+0000] {processor.py:925} INFO - DAG(s) 'read_dataset_event', 'read_dataset_event_from_classic' retrieved from /root/venv/lib/python3.12/site-packages/airflow/example_dags/example_inlet_event_extra.py
[2025-03-13T17:45:35.689+0000] {logging_mixin.py:190} INFO - [2025-03-13T17:45:35.689+0000] {dag.py:3239} INFO - Sync 2 DAGs
[2025-03-13T17:45:35.716+0000] {logging_mixin.py:190} INFO - [2025-03-13T17:45:35.715+0000] {dag.py:4180} INFO - Setting next_dagrun for read_dataset_event to 2025-03-12 00:00:00+00:00, run_after=2025-03-13 00:00:00+00:00
[2025-03-13T17:45:35.721+0000] {logging_mixin.py:190} INFO - [2025-03-13T17:45:35.721+0000] {dag.py:4180} INFO - Setting next_dagrun for read_dataset_event_from_classic to 2025-03-12 00:00:00+00:00, run_after=2025-03-13 00:00:00+00:00
[2025-03-13T17:45:35.745+0000] {processor.py:208} INFO - Processing /root/venv/lib/python3.12/site-packages/airflow/example_dags/example_inlet_event_extra.py took 0.110 seconds
[2025-03-13T17:46:40.685+0000] {processor.py:186} INFO - Started process (PID=1659914) to work on /root/venv/lib/python3.12/site-packages/airflow/example_dags/example_inlet_event_extra.py
[2025-03-13T17:46:40.687+0000] {processor.py:914} INFO - Processing file /root/venv/lib/python3.12/site-packages/airflow/example_dags/example_inlet_event_extra.py for tasks to queue
[2025-03-13T17:46:40.690+0000] {logging_mixin.py:190} INFO - [2025-03-13T17:46:40.689+0000] {dagbag.py:588} INFO - Filling up the DagBag from /root/venv/lib/python3.12/site-packages/airflow/example_dags/example_inlet_event_extra.py
[2025-03-13T17:46:40.708+0000] {processor.py:925} INFO - DAG(s) 'read_dataset_event_from_classic', 'read_dataset_event' retrieved from /root/venv/lib/python3.12/site-packages/airflow/example_dags/example_inlet_event_extra.py
[2025-03-13T17:46:40.732+0000] {logging_mixin.py:190} INFO - [2025-03-13T17:46:40.732+0000] {dag.py:3239} INFO - Sync 2 DAGs
[2025-03-13T17:46:40.760+0000] {logging_mixin.py:190} INFO - [2025-03-13T17:46:40.759+0000] {dag.py:4180} INFO - Setting next_dagrun for read_dataset_event to 2025-03-12 00:00:00+00:00, run_after=2025-03-13 00:00:00+00:00
[2025-03-13T17:46:40.765+0000] {logging_mixin.py:190} INFO - [2025-03-13T17:46:40.765+0000] {dag.py:4180} INFO - Setting next_dagrun for read_dataset_event_from_classic to 2025-03-12 00:00:00+00:00, run_after=2025-03-13 00:00:00+00:00
[2025-03-13T17:46:40.787+0000] {processor.py:208} INFO - Processing /root/venv/lib/python3.12/site-packages/airflow/example_dags/example_inlet_event_extra.py took 0.110 seconds
[2025-03-13T17:47:39.704+0000] {processor.py:186} INFO - Started process (PID=1659976) to work on /root/venv/lib/python3.12/site-packages/airflow/example_dags/example_inlet_event_extra.py
[2025-03-13T17:47:39.705+0000] {processor.py:914} INFO - Processing file /root/venv/lib/python3.12/site-packages/airflow/example_dags/example_inlet_event_extra.py for tasks to queue
[2025-03-13T17:47:39.708+0000] {logging_mixin.py:190} INFO - [2025-03-13T17:47:39.708+0000] {dagbag.py:588} INFO - Filling up the DagBag from /root/venv/lib/python3.12/site-packages/airflow/example_dags/example_inlet_event_extra.py
[2025-03-13T17:47:39.724+0000] {processor.py:925} INFO - DAG(s) 'read_dataset_event_from_classic', 'read_dataset_event' retrieved from /root/venv/lib/python3.12/site-packages/airflow/example_dags/example_inlet_event_extra.py
[2025-03-13T17:47:39.745+0000] {logging_mixin.py:190} INFO - [2025-03-13T17:47:39.745+0000] {dag.py:3239} INFO - Sync 2 DAGs
[2025-03-13T17:47:39.768+0000] {logging_mixin.py:190} INFO - [2025-03-13T17:47:39.768+0000] {dag.py:4180} INFO - Setting next_dagrun for read_dataset_event to 2025-03-12 00:00:00+00:00, run_after=2025-03-13 00:00:00+00:00
[2025-03-13T17:47:39.773+0000] {logging_mixin.py:190} INFO - [2025-03-13T17:47:39.773+0000] {dag.py:4180} INFO - Setting next_dagrun for read_dataset_event_from_classic to 2025-03-12 00:00:00+00:00, run_after=2025-03-13 00:00:00+00:00
[2025-03-13T17:47:39.795+0000] {processor.py:208} INFO - Processing /root/venv/lib/python3.12/site-packages/airflow/example_dags/example_inlet_event_extra.py took 0.098 seconds
[2025-03-13T17:48:40.513+0000] {processor.py:186} INFO - Started process (PID=1660039) to work on /root/venv/lib/python3.12/site-packages/airflow/example_dags/example_inlet_event_extra.py
[2025-03-13T17:48:40.514+0000] {processor.py:914} INFO - Processing file /root/venv/lib/python3.12/site-packages/airflow/example_dags/example_inlet_event_extra.py for tasks to queue
[2025-03-13T17:48:40.518+0000] {logging_mixin.py:190} INFO - [2025-03-13T17:48:40.517+0000] {dagbag.py:588} INFO - Filling up the DagBag from /root/venv/lib/python3.12/site-packages/airflow/example_dags/example_inlet_event_extra.py
[2025-03-13T17:48:40.535+0000] {processor.py:925} INFO - DAG(s) 'read_dataset_event', 'read_dataset_event_from_classic' retrieved from /root/venv/lib/python3.12/site-packages/airflow/example_dags/example_inlet_event_extra.py
[2025-03-13T17:48:40.559+0000] {logging_mixin.py:190} INFO - [2025-03-13T17:48:40.558+0000] {dag.py:3239} INFO - Sync 2 DAGs
[2025-03-13T17:48:40.587+0000] {logging_mixin.py:190} INFO - [2025-03-13T17:48:40.586+0000] {dag.py:4180} INFO - Setting next_dagrun for read_dataset_event to 2025-03-12 00:00:00+00:00, run_after=2025-03-13 00:00:00+00:00
[2025-03-13T17:48:40.592+0000] {logging_mixin.py:190} INFO - [2025-03-13T17:48:40.592+0000] {dag.py:4180} INFO - Setting next_dagrun for read_dataset_event_from_classic to 2025-03-12 00:00:00+00:00, run_after=2025-03-13 00:00:00+00:00
[2025-03-13T17:48:40.616+0000] {processor.py:208} INFO - Processing /root/venv/lib/python3.12/site-packages/airflow/example_dags/example_inlet_event_extra.py took 0.112 seconds
[2025-03-13T17:49:42.751+0000] {processor.py:186} INFO - Started process (PID=1660103) to work on /root/venv/lib/python3.12/site-packages/airflow/example_dags/example_inlet_event_extra.py
[2025-03-13T17:49:42.752+0000] {processor.py:914} INFO - Processing file /root/venv/lib/python3.12/site-packages/airflow/example_dags/example_inlet_event_extra.py for tasks to queue
[2025-03-13T17:49:42.755+0000] {logging_mixin.py:190} INFO - [2025-03-13T17:49:42.755+0000] {dagbag.py:588} INFO - Filling up the DagBag from /root/venv/lib/python3.12/site-packages/airflow/example_dags/example_inlet_event_extra.py
[2025-03-13T17:49:42.775+0000] {processor.py:925} INFO - DAG(s) 'read_dataset_event_from_classic', 'read_dataset_event' retrieved from /root/venv/lib/python3.12/site-packages/airflow/example_dags/example_inlet_event_extra.py
[2025-03-13T17:49:42.798+0000] {logging_mixin.py:190} INFO - [2025-03-13T17:49:42.798+0000] {dag.py:3239} INFO - Sync 2 DAGs
[2025-03-13T17:49:42.831+0000] {logging_mixin.py:190} INFO - [2025-03-13T17:49:42.830+0000] {dag.py:4180} INFO - Setting next_dagrun for read_dataset_event to 2025-03-12 00:00:00+00:00, run_after=2025-03-13 00:00:00+00:00
[2025-03-13T17:49:42.836+0000] {logging_mixin.py:190} INFO - [2025-03-13T17:49:42.836+0000] {dag.py:4180} INFO - Setting next_dagrun for read_dataset_event_from_classic to 2025-03-12 00:00:00+00:00, run_after=2025-03-13 00:00:00+00:00
[2025-03-13T17:49:42.865+0000] {processor.py:208} INFO - Processing /root/venv/lib/python3.12/site-packages/airflow/example_dags/example_inlet_event_extra.py took 0.123 seconds
[2025-03-13T17:50:46.053+0000] {processor.py:186} INFO - Started process (PID=1660173) to work on /root/venv/lib/python3.12/site-packages/airflow/example_dags/example_inlet_event_extra.py
[2025-03-13T17:50:46.054+0000] {processor.py:914} INFO - Processing file /root/venv/lib/python3.12/site-packages/airflow/example_dags/example_inlet_event_extra.py for tasks to queue
[2025-03-13T17:50:46.057+0000] {logging_mixin.py:190} INFO - [2025-03-13T17:50:46.057+0000] {dagbag.py:588} INFO - Filling up the DagBag from /root/venv/lib/python3.12/site-packages/airflow/example_dags/example_inlet_event_extra.py
[2025-03-13T17:50:46.072+0000] {processor.py:925} INFO - DAG(s) 'read_dataset_event', 'read_dataset_event_from_classic' retrieved from /root/venv/lib/python3.12/site-packages/airflow/example_dags/example_inlet_event_extra.py
[2025-03-13T17:50:46.092+0000] {logging_mixin.py:190} INFO - [2025-03-13T17:50:46.092+0000] {dag.py:3239} INFO - Sync 2 DAGs
[2025-03-13T17:50:46.115+0000] {logging_mixin.py:190} INFO - [2025-03-13T17:50:46.114+0000] {dag.py:4180} INFO - Setting next_dagrun for read_dataset_event to 2025-03-12 00:00:00+00:00, run_after=2025-03-13 00:00:00+00:00
[2025-03-13T17:50:46.119+0000] {logging_mixin.py:190} INFO - [2025-03-13T17:50:46.119+0000] {dag.py:4180} INFO - Setting next_dagrun for read_dataset_event_from_classic to 2025-03-12 00:00:00+00:00, run_after=2025-03-13 00:00:00+00:00
[2025-03-13T17:50:46.137+0000] {processor.py:208} INFO - Processing /root/venv/lib/python3.12/site-packages/airflow/example_dags/example_inlet_event_extra.py took 0.091 seconds
[2025-03-13T17:51:50.114+0000] {processor.py:186} INFO - Started process (PID=1660235) to work on /root/venv/lib/python3.12/site-packages/airflow/example_dags/example_inlet_event_extra.py
[2025-03-13T17:51:50.116+0000] {processor.py:914} INFO - Processing file /root/venv/lib/python3.12/site-packages/airflow/example_dags/example_inlet_event_extra.py for tasks to queue
[2025-03-13T17:51:50.120+0000] {logging_mixin.py:190} INFO - [2025-03-13T17:51:50.120+0000] {dagbag.py:588} INFO - Filling up the DagBag from /root/venv/lib/python3.12/site-packages/airflow/example_dags/example_inlet_event_extra.py
[2025-03-13T17:51:50.140+0000] {processor.py:925} INFO - DAG(s) 'read_dataset_event', 'read_dataset_event_from_classic' retrieved from /root/venv/lib/python3.12/site-packages/airflow/example_dags/example_inlet_event_extra.py
[2025-03-13T17:51:50.166+0000] {logging_mixin.py:190} INFO - [2025-03-13T17:51:50.165+0000] {dag.py:3239} INFO - Sync 2 DAGs
[2025-03-13T17:51:50.195+0000] {logging_mixin.py:190} INFO - [2025-03-13T17:51:50.195+0000] {dag.py:4180} INFO - Setting next_dagrun for read_dataset_event to 2025-03-12 00:00:00+00:00, run_after=2025-03-13 00:00:00+00:00
[2025-03-13T17:51:50.200+0000] {logging_mixin.py:190} INFO - [2025-03-13T17:51:50.200+0000] {dag.py:4180} INFO - Setting next_dagrun for read_dataset_event_from_classic to 2025-03-12 00:00:00+00:00, run_after=2025-03-13 00:00:00+00:00
[2025-03-13T17:51:50.236+0000] {processor.py:208} INFO - Processing /root/venv/lib/python3.12/site-packages/airflow/example_dags/example_inlet_event_extra.py took 0.132 seconds
[2025-03-13T17:52:53.552+0000] {processor.py:186} INFO - Started process (PID=1660298) to work on /root/venv/lib/python3.12/site-packages/airflow/example_dags/example_inlet_event_extra.py
[2025-03-13T17:52:53.554+0000] {processor.py:914} INFO - Processing file /root/venv/lib/python3.12/site-packages/airflow/example_dags/example_inlet_event_extra.py for tasks to queue
[2025-03-13T17:52:53.558+0000] {logging_mixin.py:190} INFO - [2025-03-13T17:52:53.557+0000] {dagbag.py:588} INFO - Filling up the DagBag from /root/venv/lib/python3.12/site-packages/airflow/example_dags/example_inlet_event_extra.py
[2025-03-13T17:52:53.576+0000] {processor.py:925} INFO - DAG(s) 'read_dataset_event_from_classic', 'read_dataset_event' retrieved from /root/venv/lib/python3.12/site-packages/airflow/example_dags/example_inlet_event_extra.py
[2025-03-13T17:52:53.604+0000] {logging_mixin.py:190} INFO - [2025-03-13T17:52:53.604+0000] {dag.py:3239} INFO - Sync 2 DAGs
[2025-03-13T17:52:53.636+0000] {logging_mixin.py:190} INFO - [2025-03-13T17:52:53.636+0000] {dag.py:4180} INFO - Setting next_dagrun for read_dataset_event to 2025-03-12 00:00:00+00:00, run_after=2025-03-13 00:00:00+00:00
[2025-03-13T17:52:53.642+0000] {logging_mixin.py:190} INFO - [2025-03-13T17:52:53.641+0000] {dag.py:4180} INFO - Setting next_dagrun for read_dataset_event_from_classic to 2025-03-12 00:00:00+00:00, run_after=2025-03-13 00:00:00+00:00
[2025-03-13T17:52:53.676+0000] {processor.py:208} INFO - Processing /root/venv/lib/python3.12/site-packages/airflow/example_dags/example_inlet_event_extra.py took 0.136 seconds
[2025-03-13T17:53:55.549+0000] {processor.py:186} INFO - Started process (PID=1660361) to work on /root/venv/lib/python3.12/site-packages/airflow/example_dags/example_inlet_event_extra.py
[2025-03-13T17:53:55.551+0000] {processor.py:914} INFO - Processing file /root/venv/lib/python3.12/site-packages/airflow/example_dags/example_inlet_event_extra.py for tasks to queue
[2025-03-13T17:53:55.554+0000] {logging_mixin.py:190} INFO - [2025-03-13T17:53:55.553+0000] {dagbag.py:588} INFO - Filling up the DagBag from /root/venv/lib/python3.12/site-packages/airflow/example_dags/example_inlet_event_extra.py
[2025-03-13T17:53:55.572+0000] {processor.py:925} INFO - DAG(s) 'read_dataset_event_from_classic', 'read_dataset_event' retrieved from /root/venv/lib/python3.12/site-packages/airflow/example_dags/example_inlet_event_extra.py
[2025-03-13T17:53:55.607+0000] {logging_mixin.py:190} INFO - [2025-03-13T17:53:55.607+0000] {dag.py:3239} INFO - Sync 2 DAGs
[2025-03-13T17:53:55.635+0000] {logging_mixin.py:190} INFO - [2025-03-13T17:53:55.634+0000] {dag.py:4180} INFO - Setting next_dagrun for read_dataset_event to 2025-03-12 00:00:00+00:00, run_after=2025-03-13 00:00:00+00:00
[2025-03-13T17:53:55.641+0000] {logging_mixin.py:190} INFO - [2025-03-13T17:53:55.641+0000] {dag.py:4180} INFO - Setting next_dagrun for read_dataset_event_from_classic to 2025-03-12 00:00:00+00:00, run_after=2025-03-13 00:00:00+00:00
[2025-03-13T17:53:55.662+0000] {processor.py:208} INFO - Processing /root/venv/lib/python3.12/site-packages/airflow/example_dags/example_inlet_event_extra.py took 0.121 seconds
[2025-03-13T17:54:59.125+0000] {processor.py:186} INFO - Started process (PID=1660423) to work on /root/venv/lib/python3.12/site-packages/airflow/example_dags/example_inlet_event_extra.py
[2025-03-13T17:54:59.127+0000] {processor.py:914} INFO - Processing file /root/venv/lib/python3.12/site-packages/airflow/example_dags/example_inlet_event_extra.py for tasks to queue
[2025-03-13T17:54:59.129+0000] {logging_mixin.py:190} INFO - [2025-03-13T17:54:59.129+0000] {dagbag.py:588} INFO - Filling up the DagBag from /root/venv/lib/python3.12/site-packages/airflow/example_dags/example_inlet_event_extra.py
[2025-03-13T17:54:59.145+0000] {processor.py:925} INFO - DAG(s) 'read_dataset_event', 'read_dataset_event_from_classic' retrieved from /root/venv/lib/python3.12/site-packages/airflow/example_dags/example_inlet_event_extra.py
[2025-03-13T17:54:59.168+0000] {logging_mixin.py:190} INFO - [2025-03-13T17:54:59.168+0000] {dag.py:3239} INFO - Sync 2 DAGs
[2025-03-13T17:54:59.195+0000] {logging_mixin.py:190} INFO - [2025-03-13T17:54:59.195+0000] {dag.py:4180} INFO - Setting next_dagrun for read_dataset_event to 2025-03-12 00:00:00+00:00, run_after=2025-03-13 00:00:00+00:00
[2025-03-13T17:54:59.201+0000] {logging_mixin.py:190} INFO - [2025-03-13T17:54:59.200+0000] {dag.py:4180} INFO - Setting next_dagrun for read_dataset_event_from_classic to 2025-03-12 00:00:00+00:00, run_after=2025-03-13 00:00:00+00:00
[2025-03-13T17:54:59.223+0000] {processor.py:208} INFO - Processing /root/venv/lib/python3.12/site-packages/airflow/example_dags/example_inlet_event_extra.py took 0.105 seconds
[2025-03-13T17:56:13.338+0000] {processor.py:186} INFO - Started process (PID=1660513) to work on /root/venv/lib/python3.12/site-packages/airflow/example_dags/example_inlet_event_extra.py
[2025-03-13T17:56:13.340+0000] {processor.py:914} INFO - Processing file /root/venv/lib/python3.12/site-packages/airflow/example_dags/example_inlet_event_extra.py for tasks to queue
[2025-03-13T17:56:13.344+0000] {logging_mixin.py:190} INFO - [2025-03-13T17:56:13.343+0000] {dagbag.py:588} INFO - Filling up the DagBag from /root/venv/lib/python3.12/site-packages/airflow/example_dags/example_inlet_event_extra.py
[2025-03-13T17:56:13.361+0000] {processor.py:925} INFO - DAG(s) 'read_dataset_event_from_classic', 'read_dataset_event' retrieved from /root/venv/lib/python3.12/site-packages/airflow/example_dags/example_inlet_event_extra.py
[2025-03-13T17:56:13.386+0000] {logging_mixin.py:190} INFO - [2025-03-13T17:56:13.386+0000] {dag.py:3239} INFO - Sync 2 DAGs
[2025-03-13T17:56:13.415+0000] {logging_mixin.py:190} INFO - [2025-03-13T17:56:13.415+0000] {dag.py:4180} INFO - Setting next_dagrun for read_dataset_event to 2025-03-12 00:00:00+00:00, run_after=2025-03-13 00:00:00+00:00
[2025-03-13T17:56:13.421+0000] {logging_mixin.py:190} INFO - [2025-03-13T17:56:13.421+0000] {dag.py:4180} INFO - Setting next_dagrun for read_dataset_event_from_classic to 2025-03-12 00:00:00+00:00, run_after=2025-03-13 00:00:00+00:00
[2025-03-13T17:56:13.444+0000] {processor.py:208} INFO - Processing /root/venv/lib/python3.12/site-packages/airflow/example_dags/example_inlet_event_extra.py took 0.113 seconds
[2025-03-13T17:57:05.003+0000] {processor.py:186} INFO - Started process (PID=1660583) to work on /root/venv/lib/python3.12/site-packages/airflow/example_dags/example_inlet_event_extra.py
[2025-03-13T17:57:05.004+0000] {processor.py:914} INFO - Processing file /root/venv/lib/python3.12/site-packages/airflow/example_dags/example_inlet_event_extra.py for tasks to queue
[2025-03-13T17:57:05.010+0000] {logging_mixin.py:190} INFO - [2025-03-13T17:57:05.009+0000] {dagbag.py:588} INFO - Filling up the DagBag from /root/venv/lib/python3.12/site-packages/airflow/example_dags/example_inlet_event_extra.py
[2025-03-13T17:57:05.033+0000] {processor.py:925} INFO - DAG(s) 'read_dataset_event_from_classic', 'read_dataset_event' retrieved from /root/venv/lib/python3.12/site-packages/airflow/example_dags/example_inlet_event_extra.py
[2025-03-13T17:57:05.064+0000] {logging_mixin.py:190} INFO - [2025-03-13T17:57:05.064+0000] {dag.py:3239} INFO - Sync 2 DAGs
[2025-03-13T17:57:05.098+0000] {logging_mixin.py:190} INFO - [2025-03-13T17:57:05.098+0000] {dag.py:4180} INFO - Setting next_dagrun for read_dataset_event to 2025-03-12 00:00:00+00:00, run_after=2025-03-13 00:00:00+00:00
[2025-03-13T17:57:05.106+0000] {logging_mixin.py:190} INFO - [2025-03-13T17:57:05.105+0000] {dag.py:4180} INFO - Setting next_dagrun for read_dataset_event_from_classic to 2025-03-12 00:00:00+00:00, run_after=2025-03-13 00:00:00+00:00
[2025-03-13T17:57:05.134+0000] {processor.py:208} INFO - Processing /root/venv/lib/python3.12/site-packages/airflow/example_dags/example_inlet_event_extra.py took 0.139 seconds
[2025-03-13T17:58:04.617+0000] {processor.py:186} INFO - Started process (PID=1660646) to work on /root/venv/lib/python3.12/site-packages/airflow/example_dags/example_inlet_event_extra.py
[2025-03-13T17:58:04.618+0000] {processor.py:914} INFO - Processing file /root/venv/lib/python3.12/site-packages/airflow/example_dags/example_inlet_event_extra.py for tasks to queue
[2025-03-13T17:58:04.622+0000] {logging_mixin.py:190} INFO - [2025-03-13T17:58:04.621+0000] {dagbag.py:588} INFO - Filling up the DagBag from /root/venv/lib/python3.12/site-packages/airflow/example_dags/example_inlet_event_extra.py
[2025-03-13T17:58:04.644+0000] {processor.py:925} INFO - DAG(s) 'read_dataset_event', 'read_dataset_event_from_classic' retrieved from /root/venv/lib/python3.12/site-packages/airflow/example_dags/example_inlet_event_extra.py
[2025-03-13T17:58:04.671+0000] {logging_mixin.py:190} INFO - [2025-03-13T17:58:04.670+0000] {dag.py:3239} INFO - Sync 2 DAGs
[2025-03-13T17:58:04.708+0000] {logging_mixin.py:190} INFO - [2025-03-13T17:58:04.708+0000] {dag.py:4180} INFO - Setting next_dagrun for read_dataset_event to 2025-03-12 00:00:00+00:00, run_after=2025-03-13 00:00:00+00:00
[2025-03-13T17:58:04.715+0000] {logging_mixin.py:190} INFO - [2025-03-13T17:58:04.714+0000] {dag.py:4180} INFO - Setting next_dagrun for read_dataset_event_from_classic to 2025-03-12 00:00:00+00:00, run_after=2025-03-13 00:00:00+00:00
[2025-03-13T17:58:04.743+0000] {processor.py:208} INFO - Processing /root/venv/lib/python3.12/site-packages/airflow/example_dags/example_inlet_event_extra.py took 0.134 seconds
[2025-03-13T17:59:03.540+0000] {processor.py:186} INFO - Started process (PID=1660714) to work on /root/venv/lib/python3.12/site-packages/airflow/example_dags/example_inlet_event_extra.py
[2025-03-13T17:59:03.542+0000] {processor.py:914} INFO - Processing file /root/venv/lib/python3.12/site-packages/airflow/example_dags/example_inlet_event_extra.py for tasks to queue
[2025-03-13T17:59:03.546+0000] {logging_mixin.py:190} INFO - [2025-03-13T17:59:03.545+0000] {dagbag.py:588} INFO - Filling up the DagBag from /root/venv/lib/python3.12/site-packages/airflow/example_dags/example_inlet_event_extra.py
[2025-03-13T17:59:03.568+0000] {processor.py:925} INFO - DAG(s) 'read_dataset_event', 'read_dataset_event_from_classic' retrieved from /root/venv/lib/python3.12/site-packages/airflow/example_dags/example_inlet_event_extra.py
[2025-03-13T17:59:03.591+0000] {logging_mixin.py:190} INFO - [2025-03-13T17:59:03.590+0000] {dag.py:3239} INFO - Sync 2 DAGs
[2025-03-13T17:59:03.620+0000] {logging_mixin.py:190} INFO - [2025-03-13T17:59:03.620+0000] {dag.py:4180} INFO - Setting next_dagrun for read_dataset_event to 2025-03-12 00:00:00+00:00, run_after=2025-03-13 00:00:00+00:00
[2025-03-13T17:59:03.626+0000] {logging_mixin.py:190} INFO - [2025-03-13T17:59:03.625+0000] {dag.py:4180} INFO - Setting next_dagrun for read_dataset_event_from_classic to 2025-03-12 00:00:00+00:00, run_after=2025-03-13 00:00:00+00:00
[2025-03-13T17:59:03.649+0000] {processor.py:208} INFO - Processing /root/venv/lib/python3.12/site-packages/airflow/example_dags/example_inlet_event_extra.py took 0.119 seconds
[2025-03-13T18:00:05.041+0000] {processor.py:186} INFO - Started process (PID=1660776) to work on /root/venv/lib/python3.12/site-packages/airflow/example_dags/example_inlet_event_extra.py
[2025-03-13T18:00:05.043+0000] {processor.py:914} INFO - Processing file /root/venv/lib/python3.12/site-packages/airflow/example_dags/example_inlet_event_extra.py for tasks to queue
[2025-03-13T18:00:05.047+0000] {logging_mixin.py:190} INFO - [2025-03-13T18:00:05.047+0000] {dagbag.py:588} INFO - Filling up the DagBag from /root/venv/lib/python3.12/site-packages/airflow/example_dags/example_inlet_event_extra.py
[2025-03-13T18:00:05.069+0000] {processor.py:925} INFO - DAG(s) 'read_dataset_event', 'read_dataset_event_from_classic' retrieved from /root/venv/lib/python3.12/site-packages/airflow/example_dags/example_inlet_event_extra.py
[2025-03-13T18:00:05.098+0000] {logging_mixin.py:190} INFO - [2025-03-13T18:00:05.097+0000] {dag.py:3239} INFO - Sync 2 DAGs
[2025-03-13T18:00:05.142+0000] {logging_mixin.py:190} INFO - [2025-03-13T18:00:05.141+0000] {dag.py:4180} INFO - Setting next_dagrun for read_dataset_event to 2025-03-12 00:00:00+00:00, run_after=2025-03-13 00:00:00+00:00
[2025-03-13T18:00:05.150+0000] {logging_mixin.py:190} INFO - [2025-03-13T18:00:05.150+0000] {dag.py:4180} INFO - Setting next_dagrun for read_dataset_event_from_classic to 2025-03-12 00:00:00+00:00, run_after=2025-03-13 00:00:00+00:00
[2025-03-13T18:00:05.184+0000] {processor.py:208} INFO - Processing /root/venv/lib/python3.12/site-packages/airflow/example_dags/example_inlet_event_extra.py took 0.154 seconds
[2025-03-13T18:01:39.074+0000] {processor.py:186} INFO - Started process (PID=1660879) to work on /root/venv/lib/python3.12/site-packages/airflow/example_dags/example_inlet_event_extra.py
[2025-03-13T18:01:39.076+0000] {processor.py:914} INFO - Processing file /root/venv/lib/python3.12/site-packages/airflow/example_dags/example_inlet_event_extra.py for tasks to queue
[2025-03-13T18:01:39.078+0000] {logging_mixin.py:190} INFO - [2025-03-13T18:01:39.078+0000] {dagbag.py:588} INFO - Filling up the DagBag from /root/venv/lib/python3.12/site-packages/airflow/example_dags/example_inlet_event_extra.py
[2025-03-13T18:01:39.096+0000] {processor.py:925} INFO - DAG(s) 'read_dataset_event_from_classic', 'read_dataset_event' retrieved from /root/venv/lib/python3.12/site-packages/airflow/example_dags/example_inlet_event_extra.py
[2025-03-13T18:01:39.120+0000] {logging_mixin.py:190} INFO - [2025-03-13T18:01:39.120+0000] {dag.py:3239} INFO - Sync 2 DAGs
[2025-03-13T18:01:39.146+0000] {logging_mixin.py:190} INFO - [2025-03-13T18:01:39.146+0000] {dag.py:4180} INFO - Setting next_dagrun for read_dataset_event to 2025-03-12 00:00:00+00:00, run_after=2025-03-13 00:00:00+00:00
[2025-03-13T18:01:39.151+0000] {logging_mixin.py:190} INFO - [2025-03-13T18:01:39.150+0000] {dag.py:4180} INFO - Setting next_dagrun for read_dataset_event_from_classic to 2025-03-12 00:00:00+00:00, run_after=2025-03-13 00:00:00+00:00
[2025-03-13T18:01:39.176+0000] {processor.py:208} INFO - Processing /root/venv/lib/python3.12/site-packages/airflow/example_dags/example_inlet_event_extra.py took 0.110 seconds
[2025-03-13T18:02:40.100+0000] {processor.py:186} INFO - Started process (PID=1660954) to work on /root/venv/lib/python3.12/site-packages/airflow/example_dags/example_inlet_event_extra.py
[2025-03-13T18:02:40.102+0000] {processor.py:914} INFO - Processing file /root/venv/lib/python3.12/site-packages/airflow/example_dags/example_inlet_event_extra.py for tasks to queue
[2025-03-13T18:02:40.105+0000] {logging_mixin.py:190} INFO - [2025-03-13T18:02:40.104+0000] {dagbag.py:588} INFO - Filling up the DagBag from /root/venv/lib/python3.12/site-packages/airflow/example_dags/example_inlet_event_extra.py
[2025-03-13T18:02:40.124+0000] {processor.py:925} INFO - DAG(s) 'read_dataset_event_from_classic', 'read_dataset_event' retrieved from /root/venv/lib/python3.12/site-packages/airflow/example_dags/example_inlet_event_extra.py
[2025-03-13T18:02:40.149+0000] {logging_mixin.py:190} INFO - [2025-03-13T18:02:40.148+0000] {dag.py:3239} INFO - Sync 2 DAGs
[2025-03-13T18:02:40.177+0000] {logging_mixin.py:190} INFO - [2025-03-13T18:02:40.176+0000] {dag.py:4180} INFO - Setting next_dagrun for read_dataset_event to 2025-03-12 00:00:00+00:00, run_after=2025-03-13 00:00:00+00:00
[2025-03-13T18:02:40.183+0000] {logging_mixin.py:190} INFO - [2025-03-13T18:02:40.182+0000] {dag.py:4180} INFO - Setting next_dagrun for read_dataset_event_from_classic to 2025-03-12 00:00:00+00:00, run_after=2025-03-13 00:00:00+00:00
[2025-03-13T18:02:40.211+0000] {processor.py:208} INFO - Processing /root/venv/lib/python3.12/site-packages/airflow/example_dags/example_inlet_event_extra.py took 0.119 seconds
[2025-03-13T18:03:45.791+0000] {processor.py:186} INFO - Started process (PID=1661022) to work on /root/venv/lib/python3.12/site-packages/airflow/example_dags/example_inlet_event_extra.py
[2025-03-13T18:03:45.792+0000] {processor.py:914} INFO - Processing file /root/venv/lib/python3.12/site-packages/airflow/example_dags/example_inlet_event_extra.py for tasks to queue
[2025-03-13T18:03:45.794+0000] {logging_mixin.py:190} INFO - [2025-03-13T18:03:45.794+0000] {dagbag.py:588} INFO - Filling up the DagBag from /root/venv/lib/python3.12/site-packages/airflow/example_dags/example_inlet_event_extra.py
[2025-03-13T18:03:45.810+0000] {processor.py:925} INFO - DAG(s) 'read_dataset_event', 'read_dataset_event_from_classic' retrieved from /root/venv/lib/python3.12/site-packages/airflow/example_dags/example_inlet_event_extra.py
[2025-03-13T18:03:45.829+0000] {logging_mixin.py:190} INFO - [2025-03-13T18:03:45.829+0000] {dag.py:3239} INFO - Sync 2 DAGs
[2025-03-13T18:03:45.979+0000] {logging_mixin.py:190} INFO - [2025-03-13T18:03:45.978+0000] {dag.py:4180} INFO - Setting next_dagrun for read_dataset_event to 2025-03-12 00:00:00+00:00, run_after=2025-03-13 00:00:00+00:00
[2025-03-13T18:03:45.983+0000] {logging_mixin.py:190} INFO - [2025-03-13T18:03:45.982+0000] {dag.py:4180} INFO - Setting next_dagrun for read_dataset_event_from_classic to 2025-03-12 00:00:00+00:00, run_after=2025-03-13 00:00:00+00:00
[2025-03-13T18:03:45.999+0000] {processor.py:208} INFO - Processing /root/venv/lib/python3.12/site-packages/airflow/example_dags/example_inlet_event_extra.py took 0.215 seconds
[2025-03-13T18:05:07.270+0000] {processor.py:186} INFO - Started process (PID=1661097) to work on /root/venv/lib/python3.12/site-packages/airflow/example_dags/example_inlet_event_extra.py
[2025-03-13T18:05:07.271+0000] {processor.py:914} INFO - Processing file /root/venv/lib/python3.12/site-packages/airflow/example_dags/example_inlet_event_extra.py for tasks to queue
[2025-03-13T18:05:07.274+0000] {logging_mixin.py:190} INFO - [2025-03-13T18:05:07.274+0000] {dagbag.py:588} INFO - Filling up the DagBag from /root/venv/lib/python3.12/site-packages/airflow/example_dags/example_inlet_event_extra.py
[2025-03-13T18:05:07.291+0000] {processor.py:925} INFO - DAG(s) 'read_dataset_event_from_classic', 'read_dataset_event' retrieved from /root/venv/lib/python3.12/site-packages/airflow/example_dags/example_inlet_event_extra.py
[2025-03-13T18:05:07.317+0000] {logging_mixin.py:190} INFO - [2025-03-13T18:05:07.317+0000] {dag.py:3239} INFO - Sync 2 DAGs
[2025-03-13T18:05:07.344+0000] {logging_mixin.py:190} INFO - [2025-03-13T18:05:07.343+0000] {dag.py:4180} INFO - Setting next_dagrun for read_dataset_event to 2025-03-12 00:00:00+00:00, run_after=2025-03-13 00:00:00+00:00
[2025-03-13T18:05:07.350+0000] {logging_mixin.py:190} INFO - [2025-03-13T18:05:07.350+0000] {dag.py:4180} INFO - Setting next_dagrun for read_dataset_event_from_classic to 2025-03-12 00:00:00+00:00, run_after=2025-03-13 00:00:00+00:00
[2025-03-13T18:05:07.373+0000] {processor.py:208} INFO - Processing /root/venv/lib/python3.12/site-packages/airflow/example_dags/example_inlet_event_extra.py took 0.112 seconds
[2025-03-13T18:06:13.653+0000] {processor.py:186} INFO - Started process (PID=1661166) to work on /root/venv/lib/python3.12/site-packages/airflow/example_dags/example_inlet_event_extra.py
[2025-03-13T18:06:13.654+0000] {processor.py:914} INFO - Processing file /root/venv/lib/python3.12/site-packages/airflow/example_dags/example_inlet_event_extra.py for tasks to queue
[2025-03-13T18:06:13.657+0000] {logging_mixin.py:190} INFO - [2025-03-13T18:06:13.657+0000] {dagbag.py:588} INFO - Filling up the DagBag from /root/venv/lib/python3.12/site-packages/airflow/example_dags/example_inlet_event_extra.py
[2025-03-13T18:06:13.675+0000] {processor.py:925} INFO - DAG(s) 'read_dataset_event_from_classic', 'read_dataset_event' retrieved from /root/venv/lib/python3.12/site-packages/airflow/example_dags/example_inlet_event_extra.py
[2025-03-13T18:06:13.699+0000] {logging_mixin.py:190} INFO - [2025-03-13T18:06:13.699+0000] {dag.py:3239} INFO - Sync 2 DAGs
[2025-03-13T18:06:13.730+0000] {logging_mixin.py:190} INFO - [2025-03-13T18:06:13.729+0000] {dag.py:4180} INFO - Setting next_dagrun for read_dataset_event to 2025-03-12 00:00:00+00:00, run_after=2025-03-13 00:00:00+00:00
[2025-03-13T18:06:13.737+0000] {logging_mixin.py:190} INFO - [2025-03-13T18:06:13.736+0000] {dag.py:4180} INFO - Setting next_dagrun for read_dataset_event_from_classic to 2025-03-12 00:00:00+00:00, run_after=2025-03-13 00:00:00+00:00
[2025-03-13T18:06:13.763+0000] {processor.py:208} INFO - Processing /root/venv/lib/python3.12/site-packages/airflow/example_dags/example_inlet_event_extra.py took 0.120 seconds
[2025-03-13T18:07:25.545+0000] {processor.py:186} INFO - Started process (PID=1661244) to work on /root/venv/lib/python3.12/site-packages/airflow/example_dags/example_inlet_event_extra.py
[2025-03-13T18:07:25.546+0000] {processor.py:914} INFO - Processing file /root/venv/lib/python3.12/site-packages/airflow/example_dags/example_inlet_event_extra.py for tasks to queue
[2025-03-13T18:07:25.549+0000] {logging_mixin.py:190} INFO - [2025-03-13T18:07:25.549+0000] {dagbag.py:588} INFO - Filling up the DagBag from /root/venv/lib/python3.12/site-packages/airflow/example_dags/example_inlet_event_extra.py
[2025-03-13T18:07:25.568+0000] {processor.py:925} INFO - DAG(s) 'read_dataset_event', 'read_dataset_event_from_classic' retrieved from /root/venv/lib/python3.12/site-packages/airflow/example_dags/example_inlet_event_extra.py
[2025-03-13T18:07:25.591+0000] {logging_mixin.py:190} INFO - [2025-03-13T18:07:25.591+0000] {dag.py:3239} INFO - Sync 2 DAGs
[2025-03-13T18:07:25.616+0000] {logging_mixin.py:190} INFO - [2025-03-13T18:07:25.616+0000] {dag.py:4180} INFO - Setting next_dagrun for read_dataset_event to 2025-03-12 00:00:00+00:00, run_after=2025-03-13 00:00:00+00:00
[2025-03-13T18:07:25.620+0000] {logging_mixin.py:190} INFO - [2025-03-13T18:07:25.620+0000] {dag.py:4180} INFO - Setting next_dagrun for read_dataset_event_from_classic to 2025-03-12 00:00:00+00:00, run_after=2025-03-13 00:00:00+00:00
[2025-03-13T18:07:25.644+0000] {processor.py:208} INFO - Processing /root/venv/lib/python3.12/site-packages/airflow/example_dags/example_inlet_event_extra.py took 0.106 seconds
[2025-03-13T18:08:30.731+0000] {processor.py:186} INFO - Started process (PID=1661323) to work on /root/venv/lib/python3.12/site-packages/airflow/example_dags/example_inlet_event_extra.py
[2025-03-13T18:08:30.733+0000] {processor.py:914} INFO - Processing file /root/venv/lib/python3.12/site-packages/airflow/example_dags/example_inlet_event_extra.py for tasks to queue
[2025-03-13T18:08:30.736+0000] {logging_mixin.py:190} INFO - [2025-03-13T18:08:30.735+0000] {dagbag.py:588} INFO - Filling up the DagBag from /root/venv/lib/python3.12/site-packages/airflow/example_dags/example_inlet_event_extra.py
[2025-03-13T18:08:30.753+0000] {processor.py:925} INFO - DAG(s) 'read_dataset_event_from_classic', 'read_dataset_event' retrieved from /root/venv/lib/python3.12/site-packages/airflow/example_dags/example_inlet_event_extra.py
[2025-03-13T18:08:30.777+0000] {logging_mixin.py:190} INFO - [2025-03-13T18:08:30.777+0000] {dag.py:3239} INFO - Sync 2 DAGs
[2025-03-13T18:08:30.802+0000] {logging_mixin.py:190} INFO - [2025-03-13T18:08:30.801+0000] {dag.py:4180} INFO - Setting next_dagrun for read_dataset_event to 2025-03-12 00:00:00+00:00, run_after=2025-03-13 00:00:00+00:00
[2025-03-13T18:08:30.806+0000] {logging_mixin.py:190} INFO - [2025-03-13T18:08:30.806+0000] {dag.py:4180} INFO - Setting next_dagrun for read_dataset_event_from_classic to 2025-03-12 00:00:00+00:00, run_after=2025-03-13 00:00:00+00:00
[2025-03-13T18:08:30.832+0000] {processor.py:208} INFO - Processing /root/venv/lib/python3.12/site-packages/airflow/example_dags/example_inlet_event_extra.py took 0.108 seconds
[2025-03-13T18:09:34.135+0000] {processor.py:186} INFO - Started process (PID=1661390) to work on /root/venv/lib/python3.12/site-packages/airflow/example_dags/example_inlet_event_extra.py
[2025-03-13T18:09:34.137+0000] {processor.py:914} INFO - Processing file /root/venv/lib/python3.12/site-packages/airflow/example_dags/example_inlet_event_extra.py for tasks to queue
[2025-03-13T18:09:34.140+0000] {logging_mixin.py:190} INFO - [2025-03-13T18:09:34.139+0000] {dagbag.py:588} INFO - Filling up the DagBag from /root/venv/lib/python3.12/site-packages/airflow/example_dags/example_inlet_event_extra.py
[2025-03-13T18:09:34.159+0000] {processor.py:925} INFO - DAG(s) 'read_dataset_event_from_classic', 'read_dataset_event' retrieved from /root/venv/lib/python3.12/site-packages/airflow/example_dags/example_inlet_event_extra.py
[2025-03-13T18:09:34.183+0000] {logging_mixin.py:190} INFO - [2025-03-13T18:09:34.183+0000] {dag.py:3239} INFO - Sync 2 DAGs
[2025-03-13T18:09:34.212+0000] {logging_mixin.py:190} INFO - [2025-03-13T18:09:34.212+0000] {dag.py:4180} INFO - Setting next_dagrun for read_dataset_event to 2025-03-12 00:00:00+00:00, run_after=2025-03-13 00:00:00+00:00
[2025-03-13T18:09:34.218+0000] {logging_mixin.py:190} INFO - [2025-03-13T18:09:34.217+0000] {dag.py:4180} INFO - Setting next_dagrun for read_dataset_event_from_classic to 2025-03-12 00:00:00+00:00, run_after=2025-03-13 00:00:00+00:00
[2025-03-13T18:09:34.240+0000] {processor.py:208} INFO - Processing /root/venv/lib/python3.12/site-packages/airflow/example_dags/example_inlet_event_extra.py took 0.114 seconds
[2025-03-13T18:10:36.199+0000] {processor.py:186} INFO - Started process (PID=1661458) to work on /root/venv/lib/python3.12/site-packages/airflow/example_dags/example_inlet_event_extra.py
[2025-03-13T18:10:36.200+0000] {processor.py:914} INFO - Processing file /root/venv/lib/python3.12/site-packages/airflow/example_dags/example_inlet_event_extra.py for tasks to queue
[2025-03-13T18:10:36.204+0000] {logging_mixin.py:190} INFO - [2025-03-13T18:10:36.203+0000] {dagbag.py:588} INFO - Filling up the DagBag from /root/venv/lib/python3.12/site-packages/airflow/example_dags/example_inlet_event_extra.py
[2025-03-13T18:10:36.224+0000] {processor.py:925} INFO - DAG(s) 'read_dataset_event_from_classic', 'read_dataset_event' retrieved from /root/venv/lib/python3.12/site-packages/airflow/example_dags/example_inlet_event_extra.py
[2025-03-13T18:10:36.250+0000] {logging_mixin.py:190} INFO - [2025-03-13T18:10:36.250+0000] {dag.py:3239} INFO - Sync 2 DAGs
[2025-03-13T18:10:36.282+0000] {logging_mixin.py:190} INFO - [2025-03-13T18:10:36.281+0000] {dag.py:4180} INFO - Setting next_dagrun for read_dataset_event to 2025-03-12 00:00:00+00:00, run_after=2025-03-13 00:00:00+00:00
[2025-03-13T18:10:36.288+0000] {logging_mixin.py:190} INFO - [2025-03-13T18:10:36.287+0000] {dag.py:4180} INFO - Setting next_dagrun for read_dataset_event_from_classic to 2025-03-12 00:00:00+00:00, run_after=2025-03-13 00:00:00+00:00
[2025-03-13T18:10:36.323+0000] {processor.py:208} INFO - Processing /root/venv/lib/python3.12/site-packages/airflow/example_dags/example_inlet_event_extra.py took 0.134 seconds
[2025-03-13T18:11:43.214+0000] {processor.py:186} INFO - Started process (PID=1661526) to work on /root/venv/lib/python3.12/site-packages/airflow/example_dags/example_inlet_event_extra.py
[2025-03-13T18:11:43.216+0000] {processor.py:914} INFO - Processing file /root/venv/lib/python3.12/site-packages/airflow/example_dags/example_inlet_event_extra.py for tasks to queue
[2025-03-13T18:11:43.218+0000] {logging_mixin.py:190} INFO - [2025-03-13T18:11:43.217+0000] {dagbag.py:588} INFO - Filling up the DagBag from /root/venv/lib/python3.12/site-packages/airflow/example_dags/example_inlet_event_extra.py
[2025-03-13T18:11:43.237+0000] {processor.py:925} INFO - DAG(s) 'read_dataset_event_from_classic', 'read_dataset_event' retrieved from /root/venv/lib/python3.12/site-packages/airflow/example_dags/example_inlet_event_extra.py
[2025-03-13T18:11:43.259+0000] {logging_mixin.py:190} INFO - [2025-03-13T18:11:43.258+0000] {dag.py:3239} INFO - Sync 2 DAGs
[2025-03-13T18:11:43.287+0000] {logging_mixin.py:190} INFO - [2025-03-13T18:11:43.286+0000] {dag.py:4180} INFO - Setting next_dagrun for read_dataset_event to 2025-03-12 00:00:00+00:00, run_after=2025-03-13 00:00:00+00:00
[2025-03-13T18:11:43.293+0000] {logging_mixin.py:190} INFO - [2025-03-13T18:11:43.292+0000] {dag.py:4180} INFO - Setting next_dagrun for read_dataset_event_from_classic to 2025-03-12 00:00:00+00:00, run_after=2025-03-13 00:00:00+00:00
[2025-03-13T18:11:43.319+0000] {processor.py:208} INFO - Processing /root/venv/lib/python3.12/site-packages/airflow/example_dags/example_inlet_event_extra.py took 0.112 seconds
[2025-03-13T18:12:49.472+0000] {processor.py:186} INFO - Started process (PID=1661605) to work on /root/venv/lib/python3.12/site-packages/airflow/example_dags/example_inlet_event_extra.py
[2025-03-13T18:12:49.474+0000] {processor.py:914} INFO - Processing file /root/venv/lib/python3.12/site-packages/airflow/example_dags/example_inlet_event_extra.py for tasks to queue
[2025-03-13T18:12:49.476+0000] {logging_mixin.py:190} INFO - [2025-03-13T18:12:49.475+0000] {dagbag.py:588} INFO - Filling up the DagBag from /root/venv/lib/python3.12/site-packages/airflow/example_dags/example_inlet_event_extra.py
[2025-03-13T18:12:49.492+0000] {processor.py:925} INFO - DAG(s) 'read_dataset_event', 'read_dataset_event_from_classic' retrieved from /root/venv/lib/python3.12/site-packages/airflow/example_dags/example_inlet_event_extra.py
[2025-03-13T18:12:49.516+0000] {logging_mixin.py:190} INFO - [2025-03-13T18:12:49.515+0000] {dag.py:3239} INFO - Sync 2 DAGs
[2025-03-13T18:12:49.541+0000] {logging_mixin.py:190} INFO - [2025-03-13T18:12:49.541+0000] {dag.py:4180} INFO - Setting next_dagrun for read_dataset_event to 2025-03-12 00:00:00+00:00, run_after=2025-03-13 00:00:00+00:00
[2025-03-13T18:12:49.546+0000] {logging_mixin.py:190} INFO - [2025-03-13T18:12:49.546+0000] {dag.py:4180} INFO - Setting next_dagrun for read_dataset_event_from_classic to 2025-03-12 00:00:00+00:00, run_after=2025-03-13 00:00:00+00:00
[2025-03-13T18:12:49.568+0000] {processor.py:208} INFO - Processing /root/venv/lib/python3.12/site-packages/airflow/example_dags/example_inlet_event_extra.py took 0.103 seconds
[2025-03-13T18:13:56.941+0000] {processor.py:186} INFO - Started process (PID=1661671) to work on /root/venv/lib/python3.12/site-packages/airflow/example_dags/example_inlet_event_extra.py
[2025-03-13T18:13:56.942+0000] {processor.py:914} INFO - Processing file /root/venv/lib/python3.12/site-packages/airflow/example_dags/example_inlet_event_extra.py for tasks to queue
[2025-03-13T18:13:56.945+0000] {logging_mixin.py:190} INFO - [2025-03-13T18:13:56.944+0000] {dagbag.py:588} INFO - Filling up the DagBag from /root/venv/lib/python3.12/site-packages/airflow/example_dags/example_inlet_event_extra.py
[2025-03-13T18:13:56.967+0000] {processor.py:925} INFO - DAG(s) 'read_dataset_event', 'read_dataset_event_from_classic' retrieved from /root/venv/lib/python3.12/site-packages/airflow/example_dags/example_inlet_event_extra.py
[2025-03-13T18:13:56.998+0000] {logging_mixin.py:190} INFO - [2025-03-13T18:13:56.997+0000] {dag.py:3239} INFO - Sync 2 DAGs
[2025-03-13T18:13:57.035+0000] {logging_mixin.py:190} INFO - [2025-03-13T18:13:57.035+0000] {dag.py:4180} INFO - Setting next_dagrun for read_dataset_event to 2025-03-12 00:00:00+00:00, run_after=2025-03-13 00:00:00+00:00
[2025-03-13T18:13:57.041+0000] {logging_mixin.py:190} INFO - [2025-03-13T18:13:57.041+0000] {dag.py:4180} INFO - Setting next_dagrun for read_dataset_event_from_classic to 2025-03-12 00:00:00+00:00, run_after=2025-03-13 00:00:00+00:00
[2025-03-13T18:13:57.065+0000] {processor.py:208} INFO - Processing /root/venv/lib/python3.12/site-packages/airflow/example_dags/example_inlet_event_extra.py took 0.133 seconds
[2025-03-13T18:15:07.200+0000] {processor.py:186} INFO - Started process (PID=1661751) to work on /root/venv/lib/python3.12/site-packages/airflow/example_dags/example_inlet_event_extra.py
[2025-03-13T18:15:07.202+0000] {processor.py:914} INFO - Processing file /root/venv/lib/python3.12/site-packages/airflow/example_dags/example_inlet_event_extra.py for tasks to queue
[2025-03-13T18:15:07.205+0000] {logging_mixin.py:190} INFO - [2025-03-13T18:15:07.204+0000] {dagbag.py:588} INFO - Filling up the DagBag from /root/venv/lib/python3.12/site-packages/airflow/example_dags/example_inlet_event_extra.py
[2025-03-13T18:15:07.228+0000] {processor.py:925} INFO - DAG(s) 'read_dataset_event_from_classic', 'read_dataset_event' retrieved from /root/venv/lib/python3.12/site-packages/airflow/example_dags/example_inlet_event_extra.py
[2025-03-13T18:15:07.262+0000] {logging_mixin.py:190} INFO - [2025-03-13T18:15:07.262+0000] {dag.py:3239} INFO - Sync 2 DAGs
[2025-03-13T18:15:07.301+0000] {logging_mixin.py:190} INFO - [2025-03-13T18:15:07.301+0000] {dag.py:4180} INFO - Setting next_dagrun for read_dataset_event to 2025-03-12 00:00:00+00:00, run_after=2025-03-13 00:00:00+00:00
[2025-03-13T18:15:07.309+0000] {logging_mixin.py:190} INFO - [2025-03-13T18:15:07.309+0000] {dag.py:4180} INFO - Setting next_dagrun for read_dataset_event_from_classic to 2025-03-12 00:00:00+00:00, run_after=2025-03-13 00:00:00+00:00
[2025-03-13T18:15:07.341+0000] {processor.py:208} INFO - Processing /root/venv/lib/python3.12/site-packages/airflow/example_dags/example_inlet_event_extra.py took 0.152 seconds
[2025-03-13T19:39:44.708+0000] {processor.py:186} INFO - Started process (PID=1662408) to work on /root/venv/lib/python3.12/site-packages/airflow/example_dags/example_inlet_event_extra.py
[2025-03-13T19:39:44.709+0000] {processor.py:914} INFO - Processing file /root/venv/lib/python3.12/site-packages/airflow/example_dags/example_inlet_event_extra.py for tasks to queue
[2025-03-13T19:39:44.714+0000] {logging_mixin.py:190} INFO - [2025-03-13T19:39:44.713+0000] {dagbag.py:588} INFO - Filling up the DagBag from /root/venv/lib/python3.12/site-packages/airflow/example_dags/example_inlet_event_extra.py
[2025-03-13T19:39:44.735+0000] {processor.py:925} INFO - DAG(s) 'read_dataset_event_from_classic', 'read_dataset_event' retrieved from /root/venv/lib/python3.12/site-packages/airflow/example_dags/example_inlet_event_extra.py
[2025-03-13T19:39:44.764+0000] {logging_mixin.py:190} INFO - [2025-03-13T19:39:44.763+0000] {dag.py:3239} INFO - Sync 2 DAGs
[2025-03-13T19:39:44.788+0000] {logging_mixin.py:190} INFO - [2025-03-13T19:39:44.788+0000] {dag.py:4180} INFO - Setting next_dagrun for read_dataset_event to 2025-03-12 00:00:00+00:00, run_after=2025-03-13 00:00:00+00:00
[2025-03-13T19:39:44.793+0000] {logging_mixin.py:190} INFO - [2025-03-13T19:39:44.793+0000] {dag.py:4180} INFO - Setting next_dagrun for read_dataset_event_from_classic to 2025-03-12 00:00:00+00:00, run_after=2025-03-13 00:00:00+00:00
[2025-03-13T19:39:44.827+0000] {processor.py:208} INFO - Processing /root/venv/lib/python3.12/site-packages/airflow/example_dags/example_inlet_event_extra.py took 0.126 seconds
