[2025-03-13T17:31:08.510+0000] {processor.py:186} INFO - Started process (PID=1658860) to work on /root/venv/lib/python3.12/site-packages/airflow/example_dags/example_task_group_decorator.py
[2025-03-13T17:31:08.511+0000] {processor.py:914} INFO - Processing file /root/venv/lib/python3.12/site-packages/airflow/example_dags/example_task_group_decorator.py for tasks to queue
[2025-03-13T17:31:08.515+0000] {logging_mixin.py:190} INFO - [2025-03-13T17:31:08.514+0000] {dagbag.py:588} INFO - Filling up the DagBag from /root/venv/lib/python3.12/site-packages/airflow/example_dags/example_task_group_decorator.py
[2025-03-13T17:31:08.535+0000] {processor.py:925} INFO - DAG(s) 'example_task_group_decorator' retrieved from /root/venv/lib/python3.12/site-packages/airflow/example_dags/example_task_group_decorator.py
[2025-03-13T17:31:08.661+0000] {logging_mixin.py:190} INFO - [2025-03-13T17:31:08.660+0000] {dag.py:3239} INFO - Sync 1 DAGs
[2025-03-13T17:31:08.674+0000] {logging_mixin.py:190} INFO - [2025-03-13T17:31:08.674+0000] {dag.py:4180} INFO - Setting next_dagrun for example_task_group_decorator to None, run_after=None
[2025-03-13T17:31:08.709+0000] {processor.py:208} INFO - Processing /root/venv/lib/python3.12/site-packages/airflow/example_dags/example_task_group_decorator.py took 0.206 seconds
[2025-03-13T17:32:11.978+0000] {processor.py:186} INFO - Started process (PID=1658924) to work on /root/venv/lib/python3.12/site-packages/airflow/example_dags/example_task_group_decorator.py
[2025-03-13T17:32:11.980+0000] {processor.py:914} INFO - Processing file /root/venv/lib/python3.12/site-packages/airflow/example_dags/example_task_group_decorator.py for tasks to queue
[2025-03-13T17:32:11.983+0000] {logging_mixin.py:190} INFO - [2025-03-13T17:32:11.982+0000] {dagbag.py:588} INFO - Filling up the DagBag from /root/venv/lib/python3.12/site-packages/airflow/example_dags/example_task_group_decorator.py
[2025-03-13T17:32:12.012+0000] {processor.py:925} INFO - DAG(s) 'example_task_group_decorator' retrieved from /root/venv/lib/python3.12/site-packages/airflow/example_dags/example_task_group_decorator.py
[2025-03-13T17:32:12.046+0000] {logging_mixin.py:190} INFO - [2025-03-13T17:32:12.045+0000] {dag.py:3239} INFO - Sync 1 DAGs
[2025-03-13T17:32:12.065+0000] {logging_mixin.py:190} INFO - [2025-03-13T17:32:12.065+0000] {dag.py:4180} INFO - Setting next_dagrun for example_task_group_decorator to None, run_after=None
[2025-03-13T17:32:12.089+0000] {processor.py:208} INFO - Processing /root/venv/lib/python3.12/site-packages/airflow/example_dags/example_task_group_decorator.py took 0.120 seconds
[2025-03-13T17:33:13.088+0000] {processor.py:186} INFO - Started process (PID=1659051) to work on /root/venv/lib/python3.12/site-packages/airflow/example_dags/example_task_group_decorator.py
[2025-03-13T17:33:13.089+0000] {processor.py:914} INFO - Processing file /root/venv/lib/python3.12/site-packages/airflow/example_dags/example_task_group_decorator.py for tasks to queue
[2025-03-13T17:33:13.092+0000] {logging_mixin.py:190} INFO - [2025-03-13T17:33:13.092+0000] {dagbag.py:588} INFO - Filling up the DagBag from /root/venv/lib/python3.12/site-packages/airflow/example_dags/example_task_group_decorator.py
[2025-03-13T17:33:13.110+0000] {processor.py:925} INFO - DAG(s) 'example_task_group_decorator' retrieved from /root/venv/lib/python3.12/site-packages/airflow/example_dags/example_task_group_decorator.py
[2025-03-13T17:33:13.138+0000] {logging_mixin.py:190} INFO - [2025-03-13T17:33:13.137+0000] {dag.py:3239} INFO - Sync 1 DAGs
[2025-03-13T17:33:13.153+0000] {logging_mixin.py:190} INFO - [2025-03-13T17:33:13.152+0000] {dag.py:4180} INFO - Setting next_dagrun for example_task_group_decorator to None, run_after=None
[2025-03-13T17:33:13.176+0000] {processor.py:208} INFO - Processing /root/venv/lib/python3.12/site-packages/airflow/example_dags/example_task_group_decorator.py took 0.095 seconds
[2025-03-13T17:34:14.371+0000] {processor.py:186} INFO - Started process (PID=1659114) to work on /root/venv/lib/python3.12/site-packages/airflow/example_dags/example_task_group_decorator.py
[2025-03-13T17:34:14.372+0000] {processor.py:914} INFO - Processing file /root/venv/lib/python3.12/site-packages/airflow/example_dags/example_task_group_decorator.py for tasks to queue
[2025-03-13T17:34:14.376+0000] {logging_mixin.py:190} INFO - [2025-03-13T17:34:14.375+0000] {dagbag.py:588} INFO - Filling up the DagBag from /root/venv/lib/python3.12/site-packages/airflow/example_dags/example_task_group_decorator.py
[2025-03-13T17:34:14.395+0000] {processor.py:925} INFO - DAG(s) 'example_task_group_decorator' retrieved from /root/venv/lib/python3.12/site-packages/airflow/example_dags/example_task_group_decorator.py
[2025-03-13T17:34:14.422+0000] {logging_mixin.py:190} INFO - [2025-03-13T17:34:14.422+0000] {dag.py:3239} INFO - Sync 1 DAGs
[2025-03-13T17:34:14.438+0000] {logging_mixin.py:190} INFO - [2025-03-13T17:34:14.438+0000] {dag.py:4180} INFO - Setting next_dagrun for example_task_group_decorator to None, run_after=None
[2025-03-13T17:34:14.461+0000] {processor.py:208} INFO - Processing /root/venv/lib/python3.12/site-packages/airflow/example_dags/example_task_group_decorator.py took 0.099 seconds
[2025-03-13T17:35:01.136+0000] {processor.py:186} INFO - Started process (PID=1659171) to work on /root/venv/lib/python3.12/site-packages/airflow/example_dags/example_task_group_decorator.py
[2025-03-13T17:35:01.138+0000] {processor.py:914} INFO - Processing file /root/venv/lib/python3.12/site-packages/airflow/example_dags/example_task_group_decorator.py for tasks to queue
[2025-03-13T17:35:01.141+0000] {logging_mixin.py:190} INFO - [2025-03-13T17:35:01.140+0000] {dagbag.py:588} INFO - Filling up the DagBag from /root/venv/lib/python3.12/site-packages/airflow/example_dags/example_task_group_decorator.py
[2025-03-13T17:35:01.163+0000] {processor.py:925} INFO - DAG(s) 'example_task_group_decorator' retrieved from /root/venv/lib/python3.12/site-packages/airflow/example_dags/example_task_group_decorator.py
[2025-03-13T17:35:01.194+0000] {logging_mixin.py:190} INFO - [2025-03-13T17:35:01.194+0000] {dag.py:3239} INFO - Sync 1 DAGs
[2025-03-13T17:35:01.211+0000] {logging_mixin.py:190} INFO - [2025-03-13T17:35:01.211+0000] {dag.py:4180} INFO - Setting next_dagrun for example_task_group_decorator to None, run_after=None
[2025-03-13T17:35:01.242+0000] {processor.py:208} INFO - Processing /root/venv/lib/python3.12/site-packages/airflow/example_dags/example_task_group_decorator.py took 0.114 seconds
[2025-03-13T17:35:59.330+0000] {processor.py:186} INFO - Started process (PID=1659234) to work on /root/venv/lib/python3.12/site-packages/airflow/example_dags/example_task_group_decorator.py
[2025-03-13T17:35:59.332+0000] {processor.py:914} INFO - Processing file /root/venv/lib/python3.12/site-packages/airflow/example_dags/example_task_group_decorator.py for tasks to queue
[2025-03-13T17:35:59.335+0000] {logging_mixin.py:190} INFO - [2025-03-13T17:35:59.335+0000] {dagbag.py:588} INFO - Filling up the DagBag from /root/venv/lib/python3.12/site-packages/airflow/example_dags/example_task_group_decorator.py
[2025-03-13T17:35:59.358+0000] {processor.py:925} INFO - DAG(s) 'example_task_group_decorator' retrieved from /root/venv/lib/python3.12/site-packages/airflow/example_dags/example_task_group_decorator.py
[2025-03-13T17:35:59.385+0000] {logging_mixin.py:190} INFO - [2025-03-13T17:35:59.385+0000] {dag.py:3239} INFO - Sync 1 DAGs
[2025-03-13T17:35:59.400+0000] {logging_mixin.py:190} INFO - [2025-03-13T17:35:59.399+0000] {dag.py:4180} INFO - Setting next_dagrun for example_task_group_decorator to None, run_after=None
[2025-03-13T17:35:59.426+0000] {processor.py:208} INFO - Processing /root/venv/lib/python3.12/site-packages/airflow/example_dags/example_task_group_decorator.py took 0.104 seconds
[2025-03-13T17:36:59.295+0000] {processor.py:186} INFO - Started process (PID=1659300) to work on /root/venv/lib/python3.12/site-packages/airflow/example_dags/example_task_group_decorator.py
[2025-03-13T17:36:59.296+0000] {processor.py:914} INFO - Processing file /root/venv/lib/python3.12/site-packages/airflow/example_dags/example_task_group_decorator.py for tasks to queue
[2025-03-13T17:36:59.298+0000] {logging_mixin.py:190} INFO - [2025-03-13T17:36:59.298+0000] {dagbag.py:588} INFO - Filling up the DagBag from /root/venv/lib/python3.12/site-packages/airflow/example_dags/example_task_group_decorator.py
[2025-03-13T17:36:59.319+0000] {processor.py:925} INFO - DAG(s) 'example_task_group_decorator' retrieved from /root/venv/lib/python3.12/site-packages/airflow/example_dags/example_task_group_decorator.py
[2025-03-13T17:36:59.344+0000] {logging_mixin.py:190} INFO - [2025-03-13T17:36:59.343+0000] {dag.py:3239} INFO - Sync 1 DAGs
[2025-03-13T17:36:59.358+0000] {logging_mixin.py:190} INFO - [2025-03-13T17:36:59.357+0000] {dag.py:4180} INFO - Setting next_dagrun for example_task_group_decorator to None, run_after=None
[2025-03-13T17:36:59.379+0000] {processor.py:208} INFO - Processing /root/venv/lib/python3.12/site-packages/airflow/example_dags/example_task_group_decorator.py took 0.091 seconds
[2025-03-13T17:38:00.507+0000] {processor.py:186} INFO - Started process (PID=1659362) to work on /root/venv/lib/python3.12/site-packages/airflow/example_dags/example_task_group_decorator.py
[2025-03-13T17:38:00.509+0000] {processor.py:914} INFO - Processing file /root/venv/lib/python3.12/site-packages/airflow/example_dags/example_task_group_decorator.py for tasks to queue
[2025-03-13T17:38:00.512+0000] {logging_mixin.py:190} INFO - [2025-03-13T17:38:00.512+0000] {dagbag.py:588} INFO - Filling up the DagBag from /root/venv/lib/python3.12/site-packages/airflow/example_dags/example_task_group_decorator.py
[2025-03-13T17:38:00.535+0000] {processor.py:925} INFO - DAG(s) 'example_task_group_decorator' retrieved from /root/venv/lib/python3.12/site-packages/airflow/example_dags/example_task_group_decorator.py
[2025-03-13T17:38:00.568+0000] {logging_mixin.py:190} INFO - [2025-03-13T17:38:00.568+0000] {dag.py:3239} INFO - Sync 1 DAGs
[2025-03-13T17:38:00.590+0000] {logging_mixin.py:190} INFO - [2025-03-13T17:38:00.590+0000] {dag.py:4180} INFO - Setting next_dagrun for example_task_group_decorator to None, run_after=None
[2025-03-13T17:38:00.622+0000] {processor.py:208} INFO - Processing /root/venv/lib/python3.12/site-packages/airflow/example_dags/example_task_group_decorator.py took 0.123 seconds
[2025-03-13T17:39:03.997+0000] {processor.py:186} INFO - Started process (PID=1659424) to work on /root/venv/lib/python3.12/site-packages/airflow/example_dags/example_task_group_decorator.py
[2025-03-13T17:39:03.999+0000] {processor.py:914} INFO - Processing file /root/venv/lib/python3.12/site-packages/airflow/example_dags/example_task_group_decorator.py for tasks to queue
[2025-03-13T17:39:04.002+0000] {logging_mixin.py:190} INFO - [2025-03-13T17:39:04.001+0000] {dagbag.py:588} INFO - Filling up the DagBag from /root/venv/lib/python3.12/site-packages/airflow/example_dags/example_task_group_decorator.py
[2025-03-13T17:39:04.022+0000] {processor.py:925} INFO - DAG(s) 'example_task_group_decorator' retrieved from /root/venv/lib/python3.12/site-packages/airflow/example_dags/example_task_group_decorator.py
[2025-03-13T17:39:04.050+0000] {logging_mixin.py:190} INFO - [2025-03-13T17:39:04.050+0000] {dag.py:3239} INFO - Sync 1 DAGs
[2025-03-13T17:39:04.067+0000] {logging_mixin.py:190} INFO - [2025-03-13T17:39:04.067+0000] {dag.py:4180} INFO - Setting next_dagrun for example_task_group_decorator to None, run_after=None
[2025-03-13T17:39:04.097+0000] {processor.py:208} INFO - Processing /root/venv/lib/python3.12/site-packages/airflow/example_dags/example_task_group_decorator.py took 0.111 seconds
[2025-03-13T17:40:03.961+0000] {processor.py:186} INFO - Started process (PID=1659484) to work on /root/venv/lib/python3.12/site-packages/airflow/example_dags/example_task_group_decorator.py
[2025-03-13T17:40:03.963+0000] {processor.py:914} INFO - Processing file /root/venv/lib/python3.12/site-packages/airflow/example_dags/example_task_group_decorator.py for tasks to queue
[2025-03-13T17:40:03.966+0000] {logging_mixin.py:190} INFO - [2025-03-13T17:40:03.966+0000] {dagbag.py:588} INFO - Filling up the DagBag from /root/venv/lib/python3.12/site-packages/airflow/example_dags/example_task_group_decorator.py
[2025-03-13T17:40:03.993+0000] {processor.py:925} INFO - DAG(s) 'example_task_group_decorator' retrieved from /root/venv/lib/python3.12/site-packages/airflow/example_dags/example_task_group_decorator.py
[2025-03-13T17:40:04.028+0000] {logging_mixin.py:190} INFO - [2025-03-13T17:40:04.028+0000] {dag.py:3239} INFO - Sync 1 DAGs
[2025-03-13T17:40:04.049+0000] {logging_mixin.py:190} INFO - [2025-03-13T17:40:04.049+0000] {dag.py:4180} INFO - Setting next_dagrun for example_task_group_decorator to None, run_after=None
[2025-03-13T17:40:04.078+0000] {processor.py:208} INFO - Processing /root/venv/lib/python3.12/site-packages/airflow/example_dags/example_task_group_decorator.py took 0.126 seconds
[2025-03-13T17:41:04.218+0000] {processor.py:186} INFO - Started process (PID=1659556) to work on /root/venv/lib/python3.12/site-packages/airflow/example_dags/example_task_group_decorator.py
[2025-03-13T17:41:04.220+0000] {processor.py:914} INFO - Processing file /root/venv/lib/python3.12/site-packages/airflow/example_dags/example_task_group_decorator.py for tasks to queue
[2025-03-13T17:41:04.224+0000] {logging_mixin.py:190} INFO - [2025-03-13T17:41:04.223+0000] {dagbag.py:588} INFO - Filling up the DagBag from /root/venv/lib/python3.12/site-packages/airflow/example_dags/example_task_group_decorator.py
[2025-03-13T17:41:04.255+0000] {processor.py:925} INFO - DAG(s) 'example_task_group_decorator' retrieved from /root/venv/lib/python3.12/site-packages/airflow/example_dags/example_task_group_decorator.py
[2025-03-13T17:41:04.294+0000] {logging_mixin.py:190} INFO - [2025-03-13T17:41:04.293+0000] {dag.py:3239} INFO - Sync 1 DAGs
[2025-03-13T17:41:04.314+0000] {logging_mixin.py:190} INFO - [2025-03-13T17:41:04.314+0000] {dag.py:4180} INFO - Setting next_dagrun for example_task_group_decorator to None, run_after=None
[2025-03-13T17:41:04.347+0000] {processor.py:208} INFO - Processing /root/venv/lib/python3.12/site-packages/airflow/example_dags/example_task_group_decorator.py took 0.136 seconds
[2025-03-13T17:42:09.314+0000] {processor.py:186} INFO - Started process (PID=1659617) to work on /root/venv/lib/python3.12/site-packages/airflow/example_dags/example_task_group_decorator.py
[2025-03-13T17:42:09.316+0000] {processor.py:914} INFO - Processing file /root/venv/lib/python3.12/site-packages/airflow/example_dags/example_task_group_decorator.py for tasks to queue
[2025-03-13T17:42:09.319+0000] {logging_mixin.py:190} INFO - [2025-03-13T17:42:09.318+0000] {dagbag.py:588} INFO - Filling up the DagBag from /root/venv/lib/python3.12/site-packages/airflow/example_dags/example_task_group_decorator.py
[2025-03-13T17:42:09.509+0000] {processor.py:925} INFO - DAG(s) 'example_task_group_decorator' retrieved from /root/venv/lib/python3.12/site-packages/airflow/example_dags/example_task_group_decorator.py
[2025-03-13T17:42:09.532+0000] {logging_mixin.py:190} INFO - [2025-03-13T17:42:09.532+0000] {dag.py:3239} INFO - Sync 1 DAGs
[2025-03-13T17:42:09.546+0000] {logging_mixin.py:190} INFO - [2025-03-13T17:42:09.545+0000] {dag.py:4180} INFO - Setting next_dagrun for example_task_group_decorator to None, run_after=None
[2025-03-13T17:42:09.569+0000] {processor.py:208} INFO - Processing /root/venv/lib/python3.12/site-packages/airflow/example_dags/example_task_group_decorator.py took 0.263 seconds
[2025-03-13T17:43:10.558+0000] {processor.py:186} INFO - Started process (PID=1659682) to work on /root/venv/lib/python3.12/site-packages/airflow/example_dags/example_task_group_decorator.py
[2025-03-13T17:43:10.560+0000] {processor.py:914} INFO - Processing file /root/venv/lib/python3.12/site-packages/airflow/example_dags/example_task_group_decorator.py for tasks to queue
[2025-03-13T17:43:10.565+0000] {logging_mixin.py:190} INFO - [2025-03-13T17:43:10.564+0000] {dagbag.py:588} INFO - Filling up the DagBag from /root/venv/lib/python3.12/site-packages/airflow/example_dags/example_task_group_decorator.py
[2025-03-13T17:43:10.589+0000] {processor.py:925} INFO - DAG(s) 'example_task_group_decorator' retrieved from /root/venv/lib/python3.12/site-packages/airflow/example_dags/example_task_group_decorator.py
[2025-03-13T17:43:10.616+0000] {logging_mixin.py:190} INFO - [2025-03-13T17:43:10.616+0000] {dag.py:3239} INFO - Sync 1 DAGs
[2025-03-13T17:43:10.633+0000] {logging_mixin.py:190} INFO - [2025-03-13T17:43:10.632+0000] {dag.py:4180} INFO - Setting next_dagrun for example_task_group_decorator to None, run_after=None
[2025-03-13T17:43:10.656+0000] {processor.py:208} INFO - Processing /root/venv/lib/python3.12/site-packages/airflow/example_dags/example_task_group_decorator.py took 0.108 seconds
[2025-03-13T17:44:10.106+0000] {processor.py:186} INFO - Started process (PID=1659754) to work on /root/venv/lib/python3.12/site-packages/airflow/example_dags/example_task_group_decorator.py
[2025-03-13T17:44:10.107+0000] {processor.py:914} INFO - Processing file /root/venv/lib/python3.12/site-packages/airflow/example_dags/example_task_group_decorator.py for tasks to queue
[2025-03-13T17:44:10.112+0000] {logging_mixin.py:190} INFO - [2025-03-13T17:44:10.111+0000] {dagbag.py:588} INFO - Filling up the DagBag from /root/venv/lib/python3.12/site-packages/airflow/example_dags/example_task_group_decorator.py
[2025-03-13T17:44:10.133+0000] {processor.py:925} INFO - DAG(s) 'example_task_group_decorator' retrieved from /root/venv/lib/python3.12/site-packages/airflow/example_dags/example_task_group_decorator.py
[2025-03-13T17:44:10.171+0000] {logging_mixin.py:190} INFO - [2025-03-13T17:44:10.171+0000] {dag.py:3239} INFO - Sync 1 DAGs
[2025-03-13T17:44:10.195+0000] {logging_mixin.py:190} INFO - [2025-03-13T17:44:10.195+0000] {dag.py:4180} INFO - Setting next_dagrun for example_task_group_decorator to None, run_after=None
[2025-03-13T17:44:10.220+0000] {processor.py:208} INFO - Processing /root/venv/lib/python3.12/site-packages/airflow/example_dags/example_task_group_decorator.py took 0.123 seconds
[2025-03-13T17:45:14.299+0000] {processor.py:186} INFO - Started process (PID=1659828) to work on /root/venv/lib/python3.12/site-packages/airflow/example_dags/example_task_group_decorator.py
[2025-03-13T17:45:14.301+0000] {processor.py:914} INFO - Processing file /root/venv/lib/python3.12/site-packages/airflow/example_dags/example_task_group_decorator.py for tasks to queue
[2025-03-13T17:45:14.305+0000] {logging_mixin.py:190} INFO - [2025-03-13T17:45:14.304+0000] {dagbag.py:588} INFO - Filling up the DagBag from /root/venv/lib/python3.12/site-packages/airflow/example_dags/example_task_group_decorator.py
[2025-03-13T17:45:14.330+0000] {processor.py:925} INFO - DAG(s) 'example_task_group_decorator' retrieved from /root/venv/lib/python3.12/site-packages/airflow/example_dags/example_task_group_decorator.py
[2025-03-13T17:45:14.365+0000] {logging_mixin.py:190} INFO - [2025-03-13T17:45:14.364+0000] {dag.py:3239} INFO - Sync 1 DAGs
[2025-03-13T17:45:14.385+0000] {logging_mixin.py:190} INFO - [2025-03-13T17:45:14.384+0000] {dag.py:4180} INFO - Setting next_dagrun for example_task_group_decorator to None, run_after=None
[2025-03-13T17:45:14.418+0000] {processor.py:208} INFO - Processing /root/venv/lib/python3.12/site-packages/airflow/example_dags/example_task_group_decorator.py took 0.129 seconds
[2025-03-13T17:46:19.720+0000] {processor.py:186} INFO - Started process (PID=1659892) to work on /root/venv/lib/python3.12/site-packages/airflow/example_dags/example_task_group_decorator.py
[2025-03-13T17:46:19.722+0000] {processor.py:914} INFO - Processing file /root/venv/lib/python3.12/site-packages/airflow/example_dags/example_task_group_decorator.py for tasks to queue
[2025-03-13T17:46:19.725+0000] {logging_mixin.py:190} INFO - [2025-03-13T17:46:19.725+0000] {dagbag.py:588} INFO - Filling up the DagBag from /root/venv/lib/python3.12/site-packages/airflow/example_dags/example_task_group_decorator.py
[2025-03-13T17:46:19.745+0000] {processor.py:925} INFO - DAG(s) 'example_task_group_decorator' retrieved from /root/venv/lib/python3.12/site-packages/airflow/example_dags/example_task_group_decorator.py
[2025-03-13T17:46:19.770+0000] {logging_mixin.py:190} INFO - [2025-03-13T17:46:19.770+0000] {dag.py:3239} INFO - Sync 1 DAGs
[2025-03-13T17:46:19.785+0000] {logging_mixin.py:190} INFO - [2025-03-13T17:46:19.785+0000] {dag.py:4180} INFO - Setting next_dagrun for example_task_group_decorator to None, run_after=None
[2025-03-13T17:46:19.809+0000] {processor.py:208} INFO - Processing /root/venv/lib/python3.12/site-packages/airflow/example_dags/example_task_group_decorator.py took 0.098 seconds
[2025-03-13T17:47:21.639+0000] {processor.py:186} INFO - Started process (PID=1659956) to work on /root/venv/lib/python3.12/site-packages/airflow/example_dags/example_task_group_decorator.py
[2025-03-13T17:47:21.640+0000] {processor.py:914} INFO - Processing file /root/venv/lib/python3.12/site-packages/airflow/example_dags/example_task_group_decorator.py for tasks to queue
[2025-03-13T17:47:21.643+0000] {logging_mixin.py:190} INFO - [2025-03-13T17:47:21.643+0000] {dagbag.py:588} INFO - Filling up the DagBag from /root/venv/lib/python3.12/site-packages/airflow/example_dags/example_task_group_decorator.py
[2025-03-13T17:47:21.665+0000] {processor.py:925} INFO - DAG(s) 'example_task_group_decorator' retrieved from /root/venv/lib/python3.12/site-packages/airflow/example_dags/example_task_group_decorator.py
[2025-03-13T17:47:21.695+0000] {logging_mixin.py:190} INFO - [2025-03-13T17:47:21.695+0000] {dag.py:3239} INFO - Sync 1 DAGs
[2025-03-13T17:47:21.711+0000] {logging_mixin.py:190} INFO - [2025-03-13T17:47:21.711+0000] {dag.py:4180} INFO - Setting next_dagrun for example_task_group_decorator to None, run_after=None
[2025-03-13T17:47:21.737+0000] {processor.py:208} INFO - Processing /root/venv/lib/python3.12/site-packages/airflow/example_dags/example_task_group_decorator.py took 0.106 seconds
[2025-03-13T17:48:20.818+0000] {processor.py:186} INFO - Started process (PID=1660020) to work on /root/venv/lib/python3.12/site-packages/airflow/example_dags/example_task_group_decorator.py
[2025-03-13T17:48:20.819+0000] {processor.py:914} INFO - Processing file /root/venv/lib/python3.12/site-packages/airflow/example_dags/example_task_group_decorator.py for tasks to queue
[2025-03-13T17:48:20.823+0000] {logging_mixin.py:190} INFO - [2025-03-13T17:48:20.822+0000] {dagbag.py:588} INFO - Filling up the DagBag from /root/venv/lib/python3.12/site-packages/airflow/example_dags/example_task_group_decorator.py
[2025-03-13T17:48:20.845+0000] {processor.py:925} INFO - DAG(s) 'example_task_group_decorator' retrieved from /root/venv/lib/python3.12/site-packages/airflow/example_dags/example_task_group_decorator.py
[2025-03-13T17:48:20.869+0000] {logging_mixin.py:190} INFO - [2025-03-13T17:48:20.869+0000] {dag.py:3239} INFO - Sync 1 DAGs
[2025-03-13T17:48:20.884+0000] {logging_mixin.py:190} INFO - [2025-03-13T17:48:20.884+0000] {dag.py:4180} INFO - Setting next_dagrun for example_task_group_decorator to None, run_after=None
[2025-03-13T17:48:20.906+0000] {processor.py:208} INFO - Processing /root/venv/lib/python3.12/site-packages/airflow/example_dags/example_task_group_decorator.py took 0.097 seconds
[2025-03-13T17:49:23.632+0000] {processor.py:186} INFO - Started process (PID=1660083) to work on /root/venv/lib/python3.12/site-packages/airflow/example_dags/example_task_group_decorator.py
[2025-03-13T17:49:23.634+0000] {processor.py:914} INFO - Processing file /root/venv/lib/python3.12/site-packages/airflow/example_dags/example_task_group_decorator.py for tasks to queue
[2025-03-13T17:49:23.638+0000] {logging_mixin.py:190} INFO - [2025-03-13T17:49:23.637+0000] {dagbag.py:588} INFO - Filling up the DagBag from /root/venv/lib/python3.12/site-packages/airflow/example_dags/example_task_group_decorator.py
[2025-03-13T17:49:23.663+0000] {processor.py:925} INFO - DAG(s) 'example_task_group_decorator' retrieved from /root/venv/lib/python3.12/site-packages/airflow/example_dags/example_task_group_decorator.py
[2025-03-13T17:49:23.696+0000] {logging_mixin.py:190} INFO - [2025-03-13T17:49:23.695+0000] {dag.py:3239} INFO - Sync 1 DAGs
[2025-03-13T17:49:23.715+0000] {logging_mixin.py:190} INFO - [2025-03-13T17:49:23.715+0000] {dag.py:4180} INFO - Setting next_dagrun for example_task_group_decorator to None, run_after=None
[2025-03-13T17:49:23.741+0000] {processor.py:208} INFO - Processing /root/venv/lib/python3.12/site-packages/airflow/example_dags/example_task_group_decorator.py took 0.122 seconds
[2025-03-13T17:50:26.734+0000] {processor.py:186} INFO - Started process (PID=1660152) to work on /root/venv/lib/python3.12/site-packages/airflow/example_dags/example_task_group_decorator.py
[2025-03-13T17:50:26.735+0000] {processor.py:914} INFO - Processing file /root/venv/lib/python3.12/site-packages/airflow/example_dags/example_task_group_decorator.py for tasks to queue
[2025-03-13T17:50:26.740+0000] {logging_mixin.py:190} INFO - [2025-03-13T17:50:26.739+0000] {dagbag.py:588} INFO - Filling up the DagBag from /root/venv/lib/python3.12/site-packages/airflow/example_dags/example_task_group_decorator.py
[2025-03-13T17:50:26.767+0000] {processor.py:925} INFO - DAG(s) 'example_task_group_decorator' retrieved from /root/venv/lib/python3.12/site-packages/airflow/example_dags/example_task_group_decorator.py
[2025-03-13T17:50:26.802+0000] {logging_mixin.py:190} INFO - [2025-03-13T17:50:26.801+0000] {dag.py:3239} INFO - Sync 1 DAGs
[2025-03-13T17:50:26.826+0000] {logging_mixin.py:190} INFO - [2025-03-13T17:50:26.825+0000] {dag.py:4180} INFO - Setting next_dagrun for example_task_group_decorator to None, run_after=None
[2025-03-13T17:50:26.863+0000] {processor.py:208} INFO - Processing /root/venv/lib/python3.12/site-packages/airflow/example_dags/example_task_group_decorator.py took 0.139 seconds
[2025-03-13T17:51:30.472+0000] {processor.py:186} INFO - Started process (PID=1660214) to work on /root/venv/lib/python3.12/site-packages/airflow/example_dags/example_task_group_decorator.py
[2025-03-13T17:51:30.473+0000] {processor.py:914} INFO - Processing file /root/venv/lib/python3.12/site-packages/airflow/example_dags/example_task_group_decorator.py for tasks to queue
[2025-03-13T17:51:30.476+0000] {logging_mixin.py:190} INFO - [2025-03-13T17:51:30.476+0000] {dagbag.py:588} INFO - Filling up the DagBag from /root/venv/lib/python3.12/site-packages/airflow/example_dags/example_task_group_decorator.py
[2025-03-13T17:51:30.496+0000] {processor.py:925} INFO - DAG(s) 'example_task_group_decorator' retrieved from /root/venv/lib/python3.12/site-packages/airflow/example_dags/example_task_group_decorator.py
[2025-03-13T17:51:30.522+0000] {logging_mixin.py:190} INFO - [2025-03-13T17:51:30.521+0000] {dag.py:3239} INFO - Sync 1 DAGs
[2025-03-13T17:51:30.540+0000] {logging_mixin.py:190} INFO - [2025-03-13T17:51:30.540+0000] {dag.py:4180} INFO - Setting next_dagrun for example_task_group_decorator to None, run_after=None
[2025-03-13T17:51:30.565+0000] {processor.py:208} INFO - Processing /root/venv/lib/python3.12/site-packages/airflow/example_dags/example_task_group_decorator.py took 0.102 seconds
[2025-03-13T17:52:33.263+0000] {processor.py:186} INFO - Started process (PID=1660279) to work on /root/venv/lib/python3.12/site-packages/airflow/example_dags/example_task_group_decorator.py
[2025-03-13T17:52:33.265+0000] {processor.py:914} INFO - Processing file /root/venv/lib/python3.12/site-packages/airflow/example_dags/example_task_group_decorator.py for tasks to queue
[2025-03-13T17:52:33.270+0000] {logging_mixin.py:190} INFO - [2025-03-13T17:52:33.269+0000] {dagbag.py:588} INFO - Filling up the DagBag from /root/venv/lib/python3.12/site-packages/airflow/example_dags/example_task_group_decorator.py
[2025-03-13T17:52:33.302+0000] {processor.py:925} INFO - DAG(s) 'example_task_group_decorator' retrieved from /root/venv/lib/python3.12/site-packages/airflow/example_dags/example_task_group_decorator.py
[2025-03-13T17:52:33.344+0000] {logging_mixin.py:190} INFO - [2025-03-13T17:52:33.344+0000] {dag.py:3239} INFO - Sync 1 DAGs
[2025-03-13T17:52:33.369+0000] {logging_mixin.py:190} INFO - [2025-03-13T17:52:33.369+0000] {dag.py:4180} INFO - Setting next_dagrun for example_task_group_decorator to None, run_after=None
[2025-03-13T17:52:33.407+0000] {processor.py:208} INFO - Processing /root/venv/lib/python3.12/site-packages/airflow/example_dags/example_task_group_decorator.py took 0.154 seconds
[2025-03-13T17:53:36.625+0000] {processor.py:186} INFO - Started process (PID=1660343) to work on /root/venv/lib/python3.12/site-packages/airflow/example_dags/example_task_group_decorator.py
[2025-03-13T17:53:36.627+0000] {processor.py:914} INFO - Processing file /root/venv/lib/python3.12/site-packages/airflow/example_dags/example_task_group_decorator.py for tasks to queue
[2025-03-13T17:53:36.630+0000] {logging_mixin.py:190} INFO - [2025-03-13T17:53:36.629+0000] {dagbag.py:588} INFO - Filling up the DagBag from /root/venv/lib/python3.12/site-packages/airflow/example_dags/example_task_group_decorator.py
[2025-03-13T17:53:36.652+0000] {processor.py:925} INFO - DAG(s) 'example_task_group_decorator' retrieved from /root/venv/lib/python3.12/site-packages/airflow/example_dags/example_task_group_decorator.py
[2025-03-13T17:53:36.683+0000] {logging_mixin.py:190} INFO - [2025-03-13T17:53:36.682+0000] {dag.py:3239} INFO - Sync 1 DAGs
[2025-03-13T17:53:36.703+0000] {logging_mixin.py:190} INFO - [2025-03-13T17:53:36.703+0000] {dag.py:4180} INFO - Setting next_dagrun for example_task_group_decorator to None, run_after=None
[2025-03-13T17:53:36.734+0000] {processor.py:208} INFO - Processing /root/venv/lib/python3.12/site-packages/airflow/example_dags/example_task_group_decorator.py took 0.117 seconds
[2025-03-13T17:54:38.865+0000] {processor.py:186} INFO - Started process (PID=1660404) to work on /root/venv/lib/python3.12/site-packages/airflow/example_dags/example_task_group_decorator.py
[2025-03-13T17:54:38.867+0000] {processor.py:914} INFO - Processing file /root/venv/lib/python3.12/site-packages/airflow/example_dags/example_task_group_decorator.py for tasks to queue
[2025-03-13T17:54:38.872+0000] {logging_mixin.py:190} INFO - [2025-03-13T17:54:38.871+0000] {dagbag.py:588} INFO - Filling up the DagBag from /root/venv/lib/python3.12/site-packages/airflow/example_dags/example_task_group_decorator.py
[2025-03-13T17:54:38.900+0000] {processor.py:925} INFO - DAG(s) 'example_task_group_decorator' retrieved from /root/venv/lib/python3.12/site-packages/airflow/example_dags/example_task_group_decorator.py
[2025-03-13T17:54:38.937+0000] {logging_mixin.py:190} INFO - [2025-03-13T17:54:38.937+0000] {dag.py:3239} INFO - Sync 1 DAGs
[2025-03-13T17:54:38.961+0000] {logging_mixin.py:190} INFO - [2025-03-13T17:54:38.961+0000] {dag.py:4180} INFO - Setting next_dagrun for example_task_group_decorator to None, run_after=None
[2025-03-13T17:54:38.997+0000] {processor.py:208} INFO - Processing /root/venv/lib/python3.12/site-packages/airflow/example_dags/example_task_group_decorator.py took 0.143 seconds
[2025-03-13T17:55:55.397+0000] {processor.py:186} INFO - Started process (PID=1660496) to work on /root/venv/lib/python3.12/site-packages/airflow/example_dags/example_task_group_decorator.py
[2025-03-13T17:55:55.403+0000] {processor.py:914} INFO - Processing file /root/venv/lib/python3.12/site-packages/airflow/example_dags/example_task_group_decorator.py for tasks to queue
[2025-03-13T17:55:55.411+0000] {logging_mixin.py:190} INFO - [2025-03-13T17:55:55.408+0000] {dagbag.py:588} INFO - Filling up the DagBag from /root/venv/lib/python3.12/site-packages/airflow/example_dags/example_task_group_decorator.py
[2025-03-13T17:55:55.432+0000] {processor.py:925} INFO - DAG(s) 'example_task_group_decorator' retrieved from /root/venv/lib/python3.12/site-packages/airflow/example_dags/example_task_group_decorator.py
[2025-03-13T17:55:55.461+0000] {logging_mixin.py:190} INFO - [2025-03-13T17:55:55.461+0000] {dag.py:3239} INFO - Sync 1 DAGs
[2025-03-13T17:55:55.476+0000] {logging_mixin.py:190} INFO - [2025-03-13T17:55:55.475+0000] {dag.py:4180} INFO - Setting next_dagrun for example_task_group_decorator to None, run_after=None
[2025-03-13T17:55:55.507+0000] {processor.py:208} INFO - Processing /root/venv/lib/python3.12/site-packages/airflow/example_dags/example_task_group_decorator.py took 0.121 seconds
[2025-03-13T17:56:48.867+0000] {processor.py:186} INFO - Started process (PID=1660564) to work on /root/venv/lib/python3.12/site-packages/airflow/example_dags/example_task_group_decorator.py
[2025-03-13T17:56:48.869+0000] {processor.py:914} INFO - Processing file /root/venv/lib/python3.12/site-packages/airflow/example_dags/example_task_group_decorator.py for tasks to queue
[2025-03-13T17:56:48.872+0000] {logging_mixin.py:190} INFO - [2025-03-13T17:56:48.871+0000] {dagbag.py:588} INFO - Filling up the DagBag from /root/venv/lib/python3.12/site-packages/airflow/example_dags/example_task_group_decorator.py
[2025-03-13T17:56:48.889+0000] {processor.py:925} INFO - DAG(s) 'example_task_group_decorator' retrieved from /root/venv/lib/python3.12/site-packages/airflow/example_dags/example_task_group_decorator.py
[2025-03-13T17:56:48.914+0000] {logging_mixin.py:190} INFO - [2025-03-13T17:56:48.914+0000] {dag.py:3239} INFO - Sync 1 DAGs
[2025-03-13T17:56:48.928+0000] {logging_mixin.py:190} INFO - [2025-03-13T17:56:48.927+0000] {dag.py:4180} INFO - Setting next_dagrun for example_task_group_decorator to None, run_after=None
[2025-03-13T17:56:48.965+0000] {processor.py:208} INFO - Processing /root/venv/lib/python3.12/site-packages/airflow/example_dags/example_task_group_decorator.py took 0.104 seconds
[2025-03-13T17:57:47.886+0000] {processor.py:186} INFO - Started process (PID=1660629) to work on /root/venv/lib/python3.12/site-packages/airflow/example_dags/example_task_group_decorator.py
[2025-03-13T17:57:47.888+0000] {processor.py:914} INFO - Processing file /root/venv/lib/python3.12/site-packages/airflow/example_dags/example_task_group_decorator.py for tasks to queue
[2025-03-13T17:57:47.891+0000] {logging_mixin.py:190} INFO - [2025-03-13T17:57:47.890+0000] {dagbag.py:588} INFO - Filling up the DagBag from /root/venv/lib/python3.12/site-packages/airflow/example_dags/example_task_group_decorator.py
[2025-03-13T17:57:47.910+0000] {processor.py:925} INFO - DAG(s) 'example_task_group_decorator' retrieved from /root/venv/lib/python3.12/site-packages/airflow/example_dags/example_task_group_decorator.py
[2025-03-13T17:57:47.936+0000] {logging_mixin.py:190} INFO - [2025-03-13T17:57:47.936+0000] {dag.py:3239} INFO - Sync 1 DAGs
[2025-03-13T17:57:47.952+0000] {logging_mixin.py:190} INFO - [2025-03-13T17:57:47.951+0000] {dag.py:4180} INFO - Setting next_dagrun for example_task_group_decorator to None, run_after=None
[2025-03-13T17:57:47.978+0000] {processor.py:208} INFO - Processing /root/venv/lib/python3.12/site-packages/airflow/example_dags/example_task_group_decorator.py took 0.098 seconds
[2025-03-13T17:58:46.109+0000] {processor.py:186} INFO - Started process (PID=1660698) to work on /root/venv/lib/python3.12/site-packages/airflow/example_dags/example_task_group_decorator.py
[2025-03-13T17:58:46.114+0000] {processor.py:914} INFO - Processing file /root/venv/lib/python3.12/site-packages/airflow/example_dags/example_task_group_decorator.py for tasks to queue
[2025-03-13T17:58:46.118+0000] {logging_mixin.py:190} INFO - [2025-03-13T17:58:46.117+0000] {dagbag.py:588} INFO - Filling up the DagBag from /root/venv/lib/python3.12/site-packages/airflow/example_dags/example_task_group_decorator.py
[2025-03-13T17:58:46.137+0000] {processor.py:925} INFO - DAG(s) 'example_task_group_decorator' retrieved from /root/venv/lib/python3.12/site-packages/airflow/example_dags/example_task_group_decorator.py
[2025-03-13T17:58:46.162+0000] {logging_mixin.py:190} INFO - [2025-03-13T17:58:46.162+0000] {dag.py:3239} INFO - Sync 1 DAGs
[2025-03-13T17:58:46.176+0000] {logging_mixin.py:190} INFO - [2025-03-13T17:58:46.176+0000] {dag.py:4180} INFO - Setting next_dagrun for example_task_group_decorator to None, run_after=None
[2025-03-13T17:58:46.198+0000] {processor.py:208} INFO - Processing /root/venv/lib/python3.12/site-packages/airflow/example_dags/example_task_group_decorator.py took 0.097 seconds
[2025-03-13T17:59:45.348+0000] {processor.py:186} INFO - Started process (PID=1660757) to work on /root/venv/lib/python3.12/site-packages/airflow/example_dags/example_task_group_decorator.py
[2025-03-13T17:59:45.349+0000] {processor.py:914} INFO - Processing file /root/venv/lib/python3.12/site-packages/airflow/example_dags/example_task_group_decorator.py for tasks to queue
[2025-03-13T17:59:45.352+0000] {logging_mixin.py:190} INFO - [2025-03-13T17:59:45.351+0000] {dagbag.py:588} INFO - Filling up the DagBag from /root/venv/lib/python3.12/site-packages/airflow/example_dags/example_task_group_decorator.py
[2025-03-13T17:59:45.372+0000] {processor.py:925} INFO - DAG(s) 'example_task_group_decorator' retrieved from /root/venv/lib/python3.12/site-packages/airflow/example_dags/example_task_group_decorator.py
[2025-03-13T17:59:45.398+0000] {logging_mixin.py:190} INFO - [2025-03-13T17:59:45.397+0000] {dag.py:3239} INFO - Sync 1 DAGs
[2025-03-13T17:59:45.415+0000] {logging_mixin.py:190} INFO - [2025-03-13T17:59:45.415+0000] {dag.py:4180} INFO - Setting next_dagrun for example_task_group_decorator to None, run_after=None
[2025-03-13T17:59:45.440+0000] {processor.py:208} INFO - Processing /root/venv/lib/python3.12/site-packages/airflow/example_dags/example_task_group_decorator.py took 0.100 seconds
[2025-03-13T18:01:11.717+0000] {processor.py:186} INFO - Started process (PID=1660852) to work on /root/venv/lib/python3.12/site-packages/airflow/example_dags/example_task_group_decorator.py
[2025-03-13T18:01:11.719+0000] {processor.py:914} INFO - Processing file /root/venv/lib/python3.12/site-packages/airflow/example_dags/example_task_group_decorator.py for tasks to queue
[2025-03-13T18:01:11.723+0000] {logging_mixin.py:190} INFO - [2025-03-13T18:01:11.722+0000] {dagbag.py:588} INFO - Filling up the DagBag from /root/venv/lib/python3.12/site-packages/airflow/example_dags/example_task_group_decorator.py
[2025-03-13T18:01:11.746+0000] {processor.py:925} INFO - DAG(s) 'example_task_group_decorator' retrieved from /root/venv/lib/python3.12/site-packages/airflow/example_dags/example_task_group_decorator.py
[2025-03-13T18:01:11.775+0000] {logging_mixin.py:190} INFO - [2025-03-13T18:01:11.774+0000] {dag.py:3239} INFO - Sync 1 DAGs
[2025-03-13T18:01:11.790+0000] {logging_mixin.py:190} INFO - [2025-03-13T18:01:11.790+0000] {dag.py:4180} INFO - Setting next_dagrun for example_task_group_decorator to None, run_after=None
[2025-03-13T18:01:11.817+0000] {processor.py:208} INFO - Processing /root/venv/lib/python3.12/site-packages/airflow/example_dags/example_task_group_decorator.py took 0.109 seconds
[2025-03-13T18:02:20.488+0000] {processor.py:186} INFO - Started process (PID=1660934) to work on /root/venv/lib/python3.12/site-packages/airflow/example_dags/example_task_group_decorator.py
[2025-03-13T18:02:20.489+0000] {processor.py:914} INFO - Processing file /root/venv/lib/python3.12/site-packages/airflow/example_dags/example_task_group_decorator.py for tasks to queue
[2025-03-13T18:02:20.492+0000] {logging_mixin.py:190} INFO - [2025-03-13T18:02:20.491+0000] {dagbag.py:588} INFO - Filling up the DagBag from /root/venv/lib/python3.12/site-packages/airflow/example_dags/example_task_group_decorator.py
[2025-03-13T18:02:20.509+0000] {processor.py:925} INFO - DAG(s) 'example_task_group_decorator' retrieved from /root/venv/lib/python3.12/site-packages/airflow/example_dags/example_task_group_decorator.py
[2025-03-13T18:02:20.533+0000] {logging_mixin.py:190} INFO - [2025-03-13T18:02:20.532+0000] {dag.py:3239} INFO - Sync 1 DAGs
[2025-03-13T18:02:20.547+0000] {logging_mixin.py:190} INFO - [2025-03-13T18:02:20.547+0000] {dag.py:4180} INFO - Setting next_dagrun for example_task_group_decorator to None, run_after=None
[2025-03-13T18:02:20.568+0000] {processor.py:208} INFO - Processing /root/venv/lib/python3.12/site-packages/airflow/example_dags/example_task_group_decorator.py took 0.087 seconds
[2025-03-13T18:03:22.000+0000] {processor.py:186} INFO - Started process (PID=1661000) to work on /root/venv/lib/python3.12/site-packages/airflow/example_dags/example_task_group_decorator.py
[2025-03-13T18:03:22.002+0000] {processor.py:914} INFO - Processing file /root/venv/lib/python3.12/site-packages/airflow/example_dags/example_task_group_decorator.py for tasks to queue
[2025-03-13T18:03:22.005+0000] {logging_mixin.py:190} INFO - [2025-03-13T18:03:22.004+0000] {dagbag.py:588} INFO - Filling up the DagBag from /root/venv/lib/python3.12/site-packages/airflow/example_dags/example_task_group_decorator.py
[2025-03-13T18:03:22.022+0000] {processor.py:925} INFO - DAG(s) 'example_task_group_decorator' retrieved from /root/venv/lib/python3.12/site-packages/airflow/example_dags/example_task_group_decorator.py
[2025-03-13T18:03:22.045+0000] {logging_mixin.py:190} INFO - [2025-03-13T18:03:22.045+0000] {dag.py:3239} INFO - Sync 1 DAGs
[2025-03-13T18:03:22.059+0000] {logging_mixin.py:190} INFO - [2025-03-13T18:03:22.059+0000] {dag.py:4180} INFO - Setting next_dagrun for example_task_group_decorator to None, run_after=None
[2025-03-13T18:03:22.086+0000] {processor.py:208} INFO - Processing /root/venv/lib/python3.12/site-packages/airflow/example_dags/example_task_group_decorator.py took 0.092 seconds
[2025-03-13T18:04:34.718+0000] {processor.py:186} INFO - Started process (PID=1661066) to work on /root/venv/lib/python3.12/site-packages/airflow/example_dags/example_task_group_decorator.py
[2025-03-13T18:04:34.720+0000] {processor.py:914} INFO - Processing file /root/venv/lib/python3.12/site-packages/airflow/example_dags/example_task_group_decorator.py for tasks to queue
[2025-03-13T18:04:34.723+0000] {logging_mixin.py:190} INFO - [2025-03-13T18:04:34.722+0000] {dagbag.py:588} INFO - Filling up the DagBag from /root/venv/lib/python3.12/site-packages/airflow/example_dags/example_task_group_decorator.py
[2025-03-13T18:04:34.930+0000] {processor.py:925} INFO - DAG(s) 'example_task_group_decorator' retrieved from /root/venv/lib/python3.12/site-packages/airflow/example_dags/example_task_group_decorator.py
[2025-03-13T18:04:34.954+0000] {logging_mixin.py:190} INFO - [2025-03-13T18:04:34.954+0000] {dag.py:3239} INFO - Sync 1 DAGs
[2025-03-13T18:04:34.969+0000] {logging_mixin.py:190} INFO - [2025-03-13T18:04:34.968+0000] {dag.py:4180} INFO - Setting next_dagrun for example_task_group_decorator to None, run_after=None
[2025-03-13T18:04:35.000+0000] {processor.py:208} INFO - Processing /root/venv/lib/python3.12/site-packages/airflow/example_dags/example_task_group_decorator.py took 0.291 seconds
[2025-03-13T18:05:48.892+0000] {processor.py:186} INFO - Started process (PID=1661141) to work on /root/venv/lib/python3.12/site-packages/airflow/example_dags/example_task_group_decorator.py
[2025-03-13T18:05:48.894+0000] {processor.py:914} INFO - Processing file /root/venv/lib/python3.12/site-packages/airflow/example_dags/example_task_group_decorator.py for tasks to queue
[2025-03-13T18:05:48.897+0000] {logging_mixin.py:190} INFO - [2025-03-13T18:05:48.897+0000] {dagbag.py:588} INFO - Filling up the DagBag from /root/venv/lib/python3.12/site-packages/airflow/example_dags/example_task_group_decorator.py
[2025-03-13T18:05:48.919+0000] {processor.py:925} INFO - DAG(s) 'example_task_group_decorator' retrieved from /root/venv/lib/python3.12/site-packages/airflow/example_dags/example_task_group_decorator.py
[2025-03-13T18:05:48.947+0000] {logging_mixin.py:190} INFO - [2025-03-13T18:05:48.946+0000] {dag.py:3239} INFO - Sync 1 DAGs
[2025-03-13T18:05:48.963+0000] {logging_mixin.py:190} INFO - [2025-03-13T18:05:48.963+0000] {dag.py:4180} INFO - Setting next_dagrun for example_task_group_decorator to None, run_after=None
[2025-03-13T18:05:48.988+0000] {processor.py:208} INFO - Processing /root/venv/lib/python3.12/site-packages/airflow/example_dags/example_task_group_decorator.py took 0.106 seconds
[2025-03-13T18:06:55.816+0000] {processor.py:186} INFO - Started process (PID=1661211) to work on /root/venv/lib/python3.12/site-packages/airflow/example_dags/example_task_group_decorator.py
[2025-03-13T18:06:55.819+0000] {processor.py:914} INFO - Processing file /root/venv/lib/python3.12/site-packages/airflow/example_dags/example_task_group_decorator.py for tasks to queue
[2025-03-13T18:06:55.825+0000] {logging_mixin.py:190} INFO - [2025-03-13T18:06:55.824+0000] {dagbag.py:588} INFO - Filling up the DagBag from /root/venv/lib/python3.12/site-packages/airflow/example_dags/example_task_group_decorator.py
[2025-03-13T18:06:55.855+0000] {processor.py:925} INFO - DAG(s) 'example_task_group_decorator' retrieved from /root/venv/lib/python3.12/site-packages/airflow/example_dags/example_task_group_decorator.py
[2025-03-13T18:06:55.886+0000] {logging_mixin.py:190} INFO - [2025-03-13T18:06:55.885+0000] {dag.py:3239} INFO - Sync 1 DAGs
[2025-03-13T18:06:55.905+0000] {logging_mixin.py:190} INFO - [2025-03-13T18:06:55.904+0000] {dag.py:4180} INFO - Setting next_dagrun for example_task_group_decorator to None, run_after=None
[2025-03-13T18:06:55.938+0000] {processor.py:208} INFO - Processing /root/venv/lib/python3.12/site-packages/airflow/example_dags/example_task_group_decorator.py took 0.134 seconds
[2025-03-13T18:08:04.806+0000] {processor.py:186} INFO - Started process (PID=1661295) to work on /root/venv/lib/python3.12/site-packages/airflow/example_dags/example_task_group_decorator.py
[2025-03-13T18:08:04.807+0000] {processor.py:914} INFO - Processing file /root/venv/lib/python3.12/site-packages/airflow/example_dags/example_task_group_decorator.py for tasks to queue
[2025-03-13T18:08:04.810+0000] {logging_mixin.py:190} INFO - [2025-03-13T18:08:04.809+0000] {dagbag.py:588} INFO - Filling up the DagBag from /root/venv/lib/python3.12/site-packages/airflow/example_dags/example_task_group_decorator.py
[2025-03-13T18:08:04.830+0000] {processor.py:925} INFO - DAG(s) 'example_task_group_decorator' retrieved from /root/venv/lib/python3.12/site-packages/airflow/example_dags/example_task_group_decorator.py
[2025-03-13T18:08:04.857+0000] {logging_mixin.py:190} INFO - [2025-03-13T18:08:04.856+0000] {dag.py:3239} INFO - Sync 1 DAGs
[2025-03-13T18:08:04.873+0000] {logging_mixin.py:190} INFO - [2025-03-13T18:08:04.873+0000] {dag.py:4180} INFO - Setting next_dagrun for example_task_group_decorator to None, run_after=None
[2025-03-13T18:08:04.901+0000] {processor.py:208} INFO - Processing /root/venv/lib/python3.12/site-packages/airflow/example_dags/example_task_group_decorator.py took 0.104 seconds
[2025-03-13T18:09:10.895+0000] {processor.py:186} INFO - Started process (PID=1661363) to work on /root/venv/lib/python3.12/site-packages/airflow/example_dags/example_task_group_decorator.py
[2025-03-13T18:09:10.896+0000] {processor.py:914} INFO - Processing file /root/venv/lib/python3.12/site-packages/airflow/example_dags/example_task_group_decorator.py for tasks to queue
[2025-03-13T18:09:10.899+0000] {logging_mixin.py:190} INFO - [2025-03-13T18:09:10.899+0000] {dagbag.py:588} INFO - Filling up the DagBag from /root/venv/lib/python3.12/site-packages/airflow/example_dags/example_task_group_decorator.py
[2025-03-13T18:09:10.919+0000] {processor.py:925} INFO - DAG(s) 'example_task_group_decorator' retrieved from /root/venv/lib/python3.12/site-packages/airflow/example_dags/example_task_group_decorator.py
[2025-03-13T18:09:10.944+0000] {logging_mixin.py:190} INFO - [2025-03-13T18:09:10.943+0000] {dag.py:3239} INFO - Sync 1 DAGs
[2025-03-13T18:09:10.959+0000] {logging_mixin.py:190} INFO - [2025-03-13T18:09:10.958+0000] {dag.py:4180} INFO - Setting next_dagrun for example_task_group_decorator to None, run_after=None
[2025-03-13T18:09:10.983+0000] {processor.py:208} INFO - Processing /root/venv/lib/python3.12/site-packages/airflow/example_dags/example_task_group_decorator.py took 0.097 seconds
[2025-03-13T18:10:10.622+0000] {processor.py:186} INFO - Started process (PID=1661432) to work on /root/venv/lib/python3.12/site-packages/airflow/example_dags/example_task_group_decorator.py
[2025-03-13T18:10:10.624+0000] {processor.py:914} INFO - Processing file /root/venv/lib/python3.12/site-packages/airflow/example_dags/example_task_group_decorator.py for tasks to queue
[2025-03-13T18:10:10.627+0000] {logging_mixin.py:190} INFO - [2025-03-13T18:10:10.627+0000] {dagbag.py:588} INFO - Filling up the DagBag from /root/venv/lib/python3.12/site-packages/airflow/example_dags/example_task_group_decorator.py
[2025-03-13T18:10:10.652+0000] {processor.py:925} INFO - DAG(s) 'example_task_group_decorator' retrieved from /root/venv/lib/python3.12/site-packages/airflow/example_dags/example_task_group_decorator.py
[2025-03-13T18:10:10.682+0000] {logging_mixin.py:190} INFO - [2025-03-13T18:10:10.682+0000] {dag.py:3239} INFO - Sync 1 DAGs
[2025-03-13T18:10:10.702+0000] {logging_mixin.py:190} INFO - [2025-03-13T18:10:10.701+0000] {dag.py:4180} INFO - Setting next_dagrun for example_task_group_decorator to None, run_after=None
[2025-03-13T18:10:10.730+0000] {processor.py:208} INFO - Processing /root/venv/lib/python3.12/site-packages/airflow/example_dags/example_task_group_decorator.py took 0.117 seconds
[2025-03-13T18:11:18.052+0000] {processor.py:186} INFO - Started process (PID=1661499) to work on /root/venv/lib/python3.12/site-packages/airflow/example_dags/example_task_group_decorator.py
[2025-03-13T18:11:18.054+0000] {processor.py:914} INFO - Processing file /root/venv/lib/python3.12/site-packages/airflow/example_dags/example_task_group_decorator.py for tasks to queue
[2025-03-13T18:11:18.057+0000] {logging_mixin.py:190} INFO - [2025-03-13T18:11:18.056+0000] {dagbag.py:588} INFO - Filling up the DagBag from /root/venv/lib/python3.12/site-packages/airflow/example_dags/example_task_group_decorator.py
[2025-03-13T18:11:18.078+0000] {processor.py:925} INFO - DAG(s) 'example_task_group_decorator' retrieved from /root/venv/lib/python3.12/site-packages/airflow/example_dags/example_task_group_decorator.py
[2025-03-13T18:11:18.104+0000] {logging_mixin.py:190} INFO - [2025-03-13T18:11:18.103+0000] {dag.py:3239} INFO - Sync 1 DAGs
[2025-03-13T18:11:18.118+0000] {logging_mixin.py:190} INFO - [2025-03-13T18:11:18.118+0000] {dag.py:4180} INFO - Setting next_dagrun for example_task_group_decorator to None, run_after=None
[2025-03-13T18:11:18.144+0000] {processor.py:208} INFO - Processing /root/venv/lib/python3.12/site-packages/airflow/example_dags/example_task_group_decorator.py took 0.100 seconds
[2025-03-13T18:12:24.710+0000] {processor.py:186} INFO - Started process (PID=1661565) to work on /root/venv/lib/python3.12/site-packages/airflow/example_dags/example_task_group_decorator.py
[2025-03-13T18:12:24.712+0000] {processor.py:914} INFO - Processing file /root/venv/lib/python3.12/site-packages/airflow/example_dags/example_task_group_decorator.py for tasks to queue
[2025-03-13T18:12:24.716+0000] {logging_mixin.py:190} INFO - [2025-03-13T18:12:24.715+0000] {dagbag.py:588} INFO - Filling up the DagBag from /root/venv/lib/python3.12/site-packages/airflow/example_dags/example_task_group_decorator.py
[2025-03-13T18:12:24.744+0000] {processor.py:925} INFO - DAG(s) 'example_task_group_decorator' retrieved from /root/venv/lib/python3.12/site-packages/airflow/example_dags/example_task_group_decorator.py
[2025-03-13T18:12:24.775+0000] {logging_mixin.py:190} INFO - [2025-03-13T18:12:24.774+0000] {dag.py:3239} INFO - Sync 1 DAGs
[2025-03-13T18:12:24.791+0000] {logging_mixin.py:190} INFO - [2025-03-13T18:12:24.791+0000] {dag.py:4180} INFO - Setting next_dagrun for example_task_group_decorator to None, run_after=None
[2025-03-13T18:12:24.819+0000] {processor.py:208} INFO - Processing /root/venv/lib/python3.12/site-packages/airflow/example_dags/example_task_group_decorator.py took 0.119 seconds
[2025-03-13T18:13:31.726+0000] {processor.py:186} INFO - Started process (PID=1661646) to work on /root/venv/lib/python3.12/site-packages/airflow/example_dags/example_task_group_decorator.py
[2025-03-13T18:13:31.727+0000] {processor.py:914} INFO - Processing file /root/venv/lib/python3.12/site-packages/airflow/example_dags/example_task_group_decorator.py for tasks to queue
[2025-03-13T18:13:31.729+0000] {logging_mixin.py:190} INFO - [2025-03-13T18:13:31.729+0000] {dagbag.py:588} INFO - Filling up the DagBag from /root/venv/lib/python3.12/site-packages/airflow/example_dags/example_task_group_decorator.py
[2025-03-13T18:13:31.754+0000] {processor.py:925} INFO - DAG(s) 'example_task_group_decorator' retrieved from /root/venv/lib/python3.12/site-packages/airflow/example_dags/example_task_group_decorator.py
[2025-03-13T18:13:31.783+0000] {logging_mixin.py:190} INFO - [2025-03-13T18:13:31.783+0000] {dag.py:3239} INFO - Sync 1 DAGs
[2025-03-13T18:13:31.801+0000] {logging_mixin.py:190} INFO - [2025-03-13T18:13:31.801+0000] {dag.py:4180} INFO - Setting next_dagrun for example_task_group_decorator to None, run_after=None
[2025-03-13T18:13:31.828+0000] {processor.py:208} INFO - Processing /root/venv/lib/python3.12/site-packages/airflow/example_dags/example_task_group_decorator.py took 0.111 seconds
[2025-03-13T18:14:40.302+0000] {processor.py:186} INFO - Started process (PID=1661720) to work on /root/venv/lib/python3.12/site-packages/airflow/example_dags/example_task_group_decorator.py
[2025-03-13T18:14:40.304+0000] {processor.py:914} INFO - Processing file /root/venv/lib/python3.12/site-packages/airflow/example_dags/example_task_group_decorator.py for tasks to queue
[2025-03-13T18:14:40.306+0000] {logging_mixin.py:190} INFO - [2025-03-13T18:14:40.305+0000] {dagbag.py:588} INFO - Filling up the DagBag from /root/venv/lib/python3.12/site-packages/airflow/example_dags/example_task_group_decorator.py
[2025-03-13T18:14:40.330+0000] {processor.py:925} INFO - DAG(s) 'example_task_group_decorator' retrieved from /root/venv/lib/python3.12/site-packages/airflow/example_dags/example_task_group_decorator.py
[2025-03-13T18:14:40.359+0000] {logging_mixin.py:190} INFO - [2025-03-13T18:14:40.359+0000] {dag.py:3239} INFO - Sync 1 DAGs
[2025-03-13T18:14:40.377+0000] {logging_mixin.py:190} INFO - [2025-03-13T18:14:40.377+0000] {dag.py:4180} INFO - Setting next_dagrun for example_task_group_decorator to None, run_after=None
[2025-03-13T18:14:40.403+0000] {processor.py:208} INFO - Processing /root/venv/lib/python3.12/site-packages/airflow/example_dags/example_task_group_decorator.py took 0.112 seconds
[2025-03-13T18:15:47.781+0000] {processor.py:186} INFO - Started process (PID=1661793) to work on /root/venv/lib/python3.12/site-packages/airflow/example_dags/example_task_group_decorator.py
[2025-03-13T18:15:47.783+0000] {processor.py:914} INFO - Processing file /root/venv/lib/python3.12/site-packages/airflow/example_dags/example_task_group_decorator.py for tasks to queue
[2025-03-13T18:15:47.785+0000] {logging_mixin.py:190} INFO - [2025-03-13T18:15:47.784+0000] {dagbag.py:588} INFO - Filling up the DagBag from /root/venv/lib/python3.12/site-packages/airflow/example_dags/example_task_group_decorator.py
[2025-03-13T18:15:47.809+0000] {processor.py:925} INFO - DAG(s) 'example_task_group_decorator' retrieved from /root/venv/lib/python3.12/site-packages/airflow/example_dags/example_task_group_decorator.py
[2025-03-13T18:15:47.847+0000] {logging_mixin.py:190} INFO - [2025-03-13T18:15:47.847+0000] {dag.py:3239} INFO - Sync 1 DAGs
[2025-03-13T18:15:47.866+0000] {logging_mixin.py:190} INFO - [2025-03-13T18:15:47.866+0000] {dag.py:4180} INFO - Setting next_dagrun for example_task_group_decorator to None, run_after=None
[2025-03-13T18:15:47.899+0000] {processor.py:208} INFO - Processing /root/venv/lib/python3.12/site-packages/airflow/example_dags/example_task_group_decorator.py took 0.128 seconds
[2025-03-13T19:39:25.476+0000] {processor.py:186} INFO - Started process (PID=1662388) to work on /root/venv/lib/python3.12/site-packages/airflow/example_dags/example_task_group_decorator.py
[2025-03-13T19:39:25.477+0000] {processor.py:914} INFO - Processing file /root/venv/lib/python3.12/site-packages/airflow/example_dags/example_task_group_decorator.py for tasks to queue
[2025-03-13T19:39:25.482+0000] {logging_mixin.py:190} INFO - [2025-03-13T19:39:25.481+0000] {dagbag.py:588} INFO - Filling up the DagBag from /root/venv/lib/python3.12/site-packages/airflow/example_dags/example_task_group_decorator.py
[2025-03-13T19:39:25.504+0000] {processor.py:925} INFO - DAG(s) 'example_task_group_decorator' retrieved from /root/venv/lib/python3.12/site-packages/airflow/example_dags/example_task_group_decorator.py
[2025-03-13T19:39:25.535+0000] {logging_mixin.py:190} INFO - [2025-03-13T19:39:25.535+0000] {dag.py:3239} INFO - Sync 1 DAGs
[2025-03-13T19:39:25.550+0000] {logging_mixin.py:190} INFO - [2025-03-13T19:39:25.550+0000] {dag.py:4180} INFO - Setting next_dagrun for example_task_group_decorator to None, run_after=None
[2025-03-13T19:39:25.576+0000] {processor.py:208} INFO - Processing /root/venv/lib/python3.12/site-packages/airflow/example_dags/example_task_group_decorator.py took 0.108 seconds
