[2025-03-13T17:31:13.892+0000] {processor.py:186} INFO - Started process (PID=1658865) to work on /root/venv/lib/python3.12/site-packages/airflow/example_dags/example_setup_teardown.py
[2025-03-13T17:31:13.893+0000] {processor.py:914} INFO - Processing file /root/venv/lib/python3.12/site-packages/airflow/example_dags/example_setup_teardown.py for tasks to queue
[2025-03-13T17:31:13.896+0000] {logging_mixin.py:190} INFO - [2025-03-13T17:31:13.895+0000] {dagbag.py:588} INFO - Filling up the DagBag from /root/venv/lib/python3.12/site-packages/airflow/example_dags/example_setup_teardown.py
[2025-03-13T17:31:13.908+0000] {processor.py:925} INFO - DAG(s) 'example_setup_teardown' retrieved from /root/venv/lib/python3.12/site-packages/airflow/example_dags/example_setup_teardown.py
[2025-03-13T17:31:14.039+0000] {logging_mixin.py:190} INFO - [2025-03-13T17:31:14.039+0000] {dag.py:3239} INFO - Sync 1 DAGs
[2025-03-13T17:31:14.054+0000] {logging_mixin.py:190} INFO - [2025-03-13T17:31:14.054+0000] {dag.py:4180} INFO - Setting next_dagrun for example_setup_teardown to None, run_after=None
[2025-03-13T17:31:14.078+0000] {processor.py:208} INFO - Processing /root/venv/lib/python3.12/site-packages/airflow/example_dags/example_setup_teardown.py took 0.193 seconds
[2025-03-13T17:32:18.224+0000] {processor.py:186} INFO - Started process (PID=1658929) to work on /root/venv/lib/python3.12/site-packages/airflow/example_dags/example_setup_teardown.py
[2025-03-13T17:32:18.225+0000] {processor.py:914} INFO - Processing file /root/venv/lib/python3.12/site-packages/airflow/example_dags/example_setup_teardown.py for tasks to queue
[2025-03-13T17:32:18.229+0000] {logging_mixin.py:190} INFO - [2025-03-13T17:32:18.228+0000] {dagbag.py:588} INFO - Filling up the DagBag from /root/venv/lib/python3.12/site-packages/airflow/example_dags/example_setup_teardown.py
[2025-03-13T17:32:18.242+0000] {processor.py:925} INFO - DAG(s) 'example_setup_teardown' retrieved from /root/venv/lib/python3.12/site-packages/airflow/example_dags/example_setup_teardown.py
[2025-03-13T17:32:18.266+0000] {logging_mixin.py:190} INFO - [2025-03-13T17:32:18.266+0000] {dag.py:3239} INFO - Sync 1 DAGs
[2025-03-13T17:32:18.281+0000] {logging_mixin.py:190} INFO - [2025-03-13T17:32:18.281+0000] {dag.py:4180} INFO - Setting next_dagrun for example_setup_teardown to None, run_after=None
[2025-03-13T17:32:18.311+0000] {processor.py:208} INFO - Processing /root/venv/lib/python3.12/site-packages/airflow/example_dags/example_setup_teardown.py took 0.096 seconds
[2025-03-13T17:33:18.161+0000] {processor.py:186} INFO - Started process (PID=1659058) to work on /root/venv/lib/python3.12/site-packages/airflow/example_dags/example_setup_teardown.py
[2025-03-13T17:33:18.162+0000] {processor.py:914} INFO - Processing file /root/venv/lib/python3.12/site-packages/airflow/example_dags/example_setup_teardown.py for tasks to queue
[2025-03-13T17:33:18.165+0000] {logging_mixin.py:190} INFO - [2025-03-13T17:33:18.165+0000] {dagbag.py:588} INFO - Filling up the DagBag from /root/venv/lib/python3.12/site-packages/airflow/example_dags/example_setup_teardown.py
[2025-03-13T17:33:18.177+0000] {processor.py:925} INFO - DAG(s) 'example_setup_teardown' retrieved from /root/venv/lib/python3.12/site-packages/airflow/example_dags/example_setup_teardown.py
[2025-03-13T17:33:18.201+0000] {logging_mixin.py:190} INFO - [2025-03-13T17:33:18.200+0000] {dag.py:3239} INFO - Sync 1 DAGs
[2025-03-13T17:33:18.222+0000] {logging_mixin.py:190} INFO - [2025-03-13T17:33:18.221+0000] {dag.py:4180} INFO - Setting next_dagrun for example_setup_teardown to None, run_after=None
[2025-03-13T17:33:18.254+0000] {processor.py:208} INFO - Processing /root/venv/lib/python3.12/site-packages/airflow/example_dags/example_setup_teardown.py took 0.100 seconds
[2025-03-13T17:34:19.638+0000] {processor.py:186} INFO - Started process (PID=1659119) to work on /root/venv/lib/python3.12/site-packages/airflow/example_dags/example_setup_teardown.py
[2025-03-13T17:34:19.640+0000] {processor.py:914} INFO - Processing file /root/venv/lib/python3.12/site-packages/airflow/example_dags/example_setup_teardown.py for tasks to queue
[2025-03-13T17:34:19.643+0000] {logging_mixin.py:190} INFO - [2025-03-13T17:34:19.642+0000] {dagbag.py:588} INFO - Filling up the DagBag from /root/venv/lib/python3.12/site-packages/airflow/example_dags/example_setup_teardown.py
[2025-03-13T17:34:19.655+0000] {processor.py:925} INFO - DAG(s) 'example_setup_teardown' retrieved from /root/venv/lib/python3.12/site-packages/airflow/example_dags/example_setup_teardown.py
[2025-03-13T17:34:19.678+0000] {logging_mixin.py:190} INFO - [2025-03-13T17:34:19.678+0000] {dag.py:3239} INFO - Sync 1 DAGs
[2025-03-13T17:34:19.693+0000] {logging_mixin.py:190} INFO - [2025-03-13T17:34:19.693+0000] {dag.py:4180} INFO - Setting next_dagrun for example_setup_teardown to None, run_after=None
[2025-03-13T17:34:19.717+0000] {processor.py:208} INFO - Processing /root/venv/lib/python3.12/site-packages/airflow/example_dags/example_setup_teardown.py took 0.088 seconds
[2025-03-13T17:35:05.920+0000] {processor.py:186} INFO - Started process (PID=1659178) to work on /root/venv/lib/python3.12/site-packages/airflow/example_dags/example_setup_teardown.py
[2025-03-13T17:35:05.922+0000] {processor.py:914} INFO - Processing file /root/venv/lib/python3.12/site-packages/airflow/example_dags/example_setup_teardown.py for tasks to queue
[2025-03-13T17:35:05.925+0000] {logging_mixin.py:190} INFO - [2025-03-13T17:35:05.924+0000] {dagbag.py:588} INFO - Filling up the DagBag from /root/venv/lib/python3.12/site-packages/airflow/example_dags/example_setup_teardown.py
[2025-03-13T17:35:05.937+0000] {processor.py:925} INFO - DAG(s) 'example_setup_teardown' retrieved from /root/venv/lib/python3.12/site-packages/airflow/example_dags/example_setup_teardown.py
[2025-03-13T17:35:05.961+0000] {logging_mixin.py:190} INFO - [2025-03-13T17:35:05.960+0000] {dag.py:3239} INFO - Sync 1 DAGs
[2025-03-13T17:35:05.977+0000] {logging_mixin.py:190} INFO - [2025-03-13T17:35:05.977+0000] {dag.py:4180} INFO - Setting next_dagrun for example_setup_teardown to None, run_after=None
[2025-03-13T17:35:06.001+0000] {processor.py:208} INFO - Processing /root/venv/lib/python3.12/site-packages/airflow/example_dags/example_setup_teardown.py took 0.088 seconds
[2025-03-13T17:36:04.593+0000] {processor.py:186} INFO - Started process (PID=1659239) to work on /root/venv/lib/python3.12/site-packages/airflow/example_dags/example_setup_teardown.py
[2025-03-13T17:36:04.594+0000] {processor.py:914} INFO - Processing file /root/venv/lib/python3.12/site-packages/airflow/example_dags/example_setup_teardown.py for tasks to queue
[2025-03-13T17:36:04.597+0000] {logging_mixin.py:190} INFO - [2025-03-13T17:36:04.597+0000] {dagbag.py:588} INFO - Filling up the DagBag from /root/venv/lib/python3.12/site-packages/airflow/example_dags/example_setup_teardown.py
[2025-03-13T17:36:04.613+0000] {processor.py:925} INFO - DAG(s) 'example_setup_teardown' retrieved from /root/venv/lib/python3.12/site-packages/airflow/example_dags/example_setup_teardown.py
[2025-03-13T17:36:04.634+0000] {logging_mixin.py:190} INFO - [2025-03-13T17:36:04.634+0000] {dag.py:3239} INFO - Sync 1 DAGs
[2025-03-13T17:36:04.649+0000] {logging_mixin.py:190} INFO - [2025-03-13T17:36:04.649+0000] {dag.py:4180} INFO - Setting next_dagrun for example_setup_teardown to None, run_after=None
[2025-03-13T17:36:04.675+0000] {processor.py:208} INFO - Processing /root/venv/lib/python3.12/site-packages/airflow/example_dags/example_setup_teardown.py took 0.089 seconds
[2025-03-13T17:37:04.675+0000] {processor.py:186} INFO - Started process (PID=1659305) to work on /root/venv/lib/python3.12/site-packages/airflow/example_dags/example_setup_teardown.py
[2025-03-13T17:37:04.677+0000] {processor.py:914} INFO - Processing file /root/venv/lib/python3.12/site-packages/airflow/example_dags/example_setup_teardown.py for tasks to queue
[2025-03-13T17:37:04.682+0000] {logging_mixin.py:190} INFO - [2025-03-13T17:37:04.681+0000] {dagbag.py:588} INFO - Filling up the DagBag from /root/venv/lib/python3.12/site-packages/airflow/example_dags/example_setup_teardown.py
[2025-03-13T17:37:04.698+0000] {processor.py:925} INFO - DAG(s) 'example_setup_teardown' retrieved from /root/venv/lib/python3.12/site-packages/airflow/example_dags/example_setup_teardown.py
[2025-03-13T17:37:04.729+0000] {logging_mixin.py:190} INFO - [2025-03-13T17:37:04.729+0000] {dag.py:3239} INFO - Sync 1 DAGs
[2025-03-13T17:37:04.752+0000] {logging_mixin.py:190} INFO - [2025-03-13T17:37:04.752+0000] {dag.py:4180} INFO - Setting next_dagrun for example_setup_teardown to None, run_after=None
[2025-03-13T17:37:04.789+0000] {processor.py:208} INFO - Processing /root/venv/lib/python3.12/site-packages/airflow/example_dags/example_setup_teardown.py took 0.126 seconds
[2025-03-13T17:38:05.669+0000] {processor.py:186} INFO - Started process (PID=1659367) to work on /root/venv/lib/python3.12/site-packages/airflow/example_dags/example_setup_teardown.py
[2025-03-13T17:38:05.672+0000] {processor.py:914} INFO - Processing file /root/venv/lib/python3.12/site-packages/airflow/example_dags/example_setup_teardown.py for tasks to queue
[2025-03-13T17:38:05.675+0000] {logging_mixin.py:190} INFO - [2025-03-13T17:38:05.674+0000] {dagbag.py:588} INFO - Filling up the DagBag from /root/venv/lib/python3.12/site-packages/airflow/example_dags/example_setup_teardown.py
[2025-03-13T17:38:05.688+0000] {processor.py:925} INFO - DAG(s) 'example_setup_teardown' retrieved from /root/venv/lib/python3.12/site-packages/airflow/example_dags/example_setup_teardown.py
[2025-03-13T17:38:05.711+0000] {logging_mixin.py:190} INFO - [2025-03-13T17:38:05.711+0000] {dag.py:3239} INFO - Sync 1 DAGs
[2025-03-13T17:38:05.727+0000] {logging_mixin.py:190} INFO - [2025-03-13T17:38:05.727+0000] {dag.py:4180} INFO - Setting next_dagrun for example_setup_teardown to None, run_after=None
[2025-03-13T17:38:05.752+0000] {processor.py:208} INFO - Processing /root/venv/lib/python3.12/site-packages/airflow/example_dags/example_setup_teardown.py took 0.092 seconds
[2025-03-13T17:39:09.008+0000] {processor.py:186} INFO - Started process (PID=1659429) to work on /root/venv/lib/python3.12/site-packages/airflow/example_dags/example_setup_teardown.py
[2025-03-13T17:39:09.010+0000] {processor.py:914} INFO - Processing file /root/venv/lib/python3.12/site-packages/airflow/example_dags/example_setup_teardown.py for tasks to queue
[2025-03-13T17:39:09.013+0000] {logging_mixin.py:190} INFO - [2025-03-13T17:39:09.012+0000] {dagbag.py:588} INFO - Filling up the DagBag from /root/venv/lib/python3.12/site-packages/airflow/example_dags/example_setup_teardown.py
[2025-03-13T17:39:09.029+0000] {processor.py:925} INFO - DAG(s) 'example_setup_teardown' retrieved from /root/venv/lib/python3.12/site-packages/airflow/example_dags/example_setup_teardown.py
[2025-03-13T17:39:09.061+0000] {logging_mixin.py:190} INFO - [2025-03-13T17:39:09.061+0000] {dag.py:3239} INFO - Sync 1 DAGs
[2025-03-13T17:39:09.085+0000] {logging_mixin.py:190} INFO - [2025-03-13T17:39:09.084+0000] {dag.py:4180} INFO - Setting next_dagrun for example_setup_teardown to None, run_after=None
[2025-03-13T17:39:09.122+0000] {processor.py:208} INFO - Processing /root/venv/lib/python3.12/site-packages/airflow/example_dags/example_setup_teardown.py took 0.125 seconds
[2025-03-13T17:40:09.380+0000] {processor.py:186} INFO - Started process (PID=1659489) to work on /root/venv/lib/python3.12/site-packages/airflow/example_dags/example_setup_teardown.py
[2025-03-13T17:40:09.382+0000] {processor.py:914} INFO - Processing file /root/venv/lib/python3.12/site-packages/airflow/example_dags/example_setup_teardown.py for tasks to queue
[2025-03-13T17:40:09.386+0000] {logging_mixin.py:190} INFO - [2025-03-13T17:40:09.385+0000] {dagbag.py:588} INFO - Filling up the DagBag from /root/venv/lib/python3.12/site-packages/airflow/example_dags/example_setup_teardown.py
[2025-03-13T17:40:09.402+0000] {processor.py:925} INFO - DAG(s) 'example_setup_teardown' retrieved from /root/venv/lib/python3.12/site-packages/airflow/example_dags/example_setup_teardown.py
[2025-03-13T17:40:09.425+0000] {logging_mixin.py:190} INFO - [2025-03-13T17:40:09.424+0000] {dag.py:3239} INFO - Sync 1 DAGs
[2025-03-13T17:40:09.439+0000] {logging_mixin.py:190} INFO - [2025-03-13T17:40:09.439+0000] {dag.py:4180} INFO - Setting next_dagrun for example_setup_teardown to None, run_after=None
[2025-03-13T17:40:09.469+0000] {processor.py:208} INFO - Processing /root/venv/lib/python3.12/site-packages/airflow/example_dags/example_setup_teardown.py took 0.098 seconds
[2025-03-13T17:41:09.516+0000] {processor.py:186} INFO - Started process (PID=1659561) to work on /root/venv/lib/python3.12/site-packages/airflow/example_dags/example_setup_teardown.py
[2025-03-13T17:41:09.518+0000] {processor.py:914} INFO - Processing file /root/venv/lib/python3.12/site-packages/airflow/example_dags/example_setup_teardown.py for tasks to queue
[2025-03-13T17:41:09.520+0000] {logging_mixin.py:190} INFO - [2025-03-13T17:41:09.520+0000] {dagbag.py:588} INFO - Filling up the DagBag from /root/venv/lib/python3.12/site-packages/airflow/example_dags/example_setup_teardown.py
[2025-03-13T17:41:09.533+0000] {processor.py:925} INFO - DAG(s) 'example_setup_teardown' retrieved from /root/venv/lib/python3.12/site-packages/airflow/example_dags/example_setup_teardown.py
[2025-03-13T17:41:09.557+0000] {logging_mixin.py:190} INFO - [2025-03-13T17:41:09.556+0000] {dag.py:3239} INFO - Sync 1 DAGs
[2025-03-13T17:41:09.573+0000] {logging_mixin.py:190} INFO - [2025-03-13T17:41:09.572+0000] {dag.py:4180} INFO - Setting next_dagrun for example_setup_teardown to None, run_after=None
[2025-03-13T17:41:09.602+0000] {processor.py:208} INFO - Processing /root/venv/lib/python3.12/site-packages/airflow/example_dags/example_setup_teardown.py took 0.094 seconds
[2025-03-13T17:42:15.208+0000] {processor.py:186} INFO - Started process (PID=1659624) to work on /root/venv/lib/python3.12/site-packages/airflow/example_dags/example_setup_teardown.py
[2025-03-13T17:42:15.210+0000] {processor.py:914} INFO - Processing file /root/venv/lib/python3.12/site-packages/airflow/example_dags/example_setup_teardown.py for tasks to queue
[2025-03-13T17:42:15.212+0000] {logging_mixin.py:190} INFO - [2025-03-13T17:42:15.212+0000] {dagbag.py:588} INFO - Filling up the DagBag from /root/venv/lib/python3.12/site-packages/airflow/example_dags/example_setup_teardown.py
[2025-03-13T17:42:15.224+0000] {processor.py:925} INFO - DAG(s) 'example_setup_teardown' retrieved from /root/venv/lib/python3.12/site-packages/airflow/example_dags/example_setup_teardown.py
[2025-03-13T17:42:15.246+0000] {logging_mixin.py:190} INFO - [2025-03-13T17:42:15.245+0000] {dag.py:3239} INFO - Sync 1 DAGs
[2025-03-13T17:42:15.261+0000] {logging_mixin.py:190} INFO - [2025-03-13T17:42:15.260+0000] {dag.py:4180} INFO - Setting next_dagrun for example_setup_teardown to None, run_after=None
[2025-03-13T17:42:15.288+0000] {processor.py:208} INFO - Processing /root/venv/lib/python3.12/site-packages/airflow/example_dags/example_setup_teardown.py took 0.088 seconds
[2025-03-13T17:43:15.362+0000] {processor.py:186} INFO - Started process (PID=1659687) to work on /root/venv/lib/python3.12/site-packages/airflow/example_dags/example_setup_teardown.py
[2025-03-13T17:43:15.363+0000] {processor.py:914} INFO - Processing file /root/venv/lib/python3.12/site-packages/airflow/example_dags/example_setup_teardown.py for tasks to queue
[2025-03-13T17:43:15.366+0000] {logging_mixin.py:190} INFO - [2025-03-13T17:43:15.366+0000] {dagbag.py:588} INFO - Filling up the DagBag from /root/venv/lib/python3.12/site-packages/airflow/example_dags/example_setup_teardown.py
[2025-03-13T17:43:15.378+0000] {processor.py:925} INFO - DAG(s) 'example_setup_teardown' retrieved from /root/venv/lib/python3.12/site-packages/airflow/example_dags/example_setup_teardown.py
[2025-03-13T17:43:15.399+0000] {logging_mixin.py:190} INFO - [2025-03-13T17:43:15.399+0000] {dag.py:3239} INFO - Sync 1 DAGs
[2025-03-13T17:43:15.414+0000] {logging_mixin.py:190} INFO - [2025-03-13T17:43:15.414+0000] {dag.py:4180} INFO - Setting next_dagrun for example_setup_teardown to None, run_after=None
[2025-03-13T17:43:15.440+0000] {processor.py:208} INFO - Processing /root/venv/lib/python3.12/site-packages/airflow/example_dags/example_setup_teardown.py took 0.086 seconds
[2025-03-13T17:44:15.380+0000] {processor.py:186} INFO - Started process (PID=1659763) to work on /root/venv/lib/python3.12/site-packages/airflow/example_dags/example_setup_teardown.py
[2025-03-13T17:44:15.384+0000] {processor.py:914} INFO - Processing file /root/venv/lib/python3.12/site-packages/airflow/example_dags/example_setup_teardown.py for tasks to queue
[2025-03-13T17:44:15.389+0000] {logging_mixin.py:190} INFO - [2025-03-13T17:44:15.388+0000] {dagbag.py:588} INFO - Filling up the DagBag from /root/venv/lib/python3.12/site-packages/airflow/example_dags/example_setup_teardown.py
[2025-03-13T17:44:15.412+0000] {processor.py:925} INFO - DAG(s) 'example_setup_teardown' retrieved from /root/venv/lib/python3.12/site-packages/airflow/example_dags/example_setup_teardown.py
[2025-03-13T17:44:15.447+0000] {logging_mixin.py:190} INFO - [2025-03-13T17:44:15.447+0000] {dag.py:3239} INFO - Sync 1 DAGs
[2025-03-13T17:44:15.476+0000] {logging_mixin.py:190} INFO - [2025-03-13T17:44:15.476+0000] {dag.py:4180} INFO - Setting next_dagrun for example_setup_teardown to None, run_after=None
[2025-03-13T17:44:15.516+0000] {processor.py:208} INFO - Processing /root/venv/lib/python3.12/site-packages/airflow/example_dags/example_setup_teardown.py took 0.149 seconds
[2025-03-13T17:45:19.916+0000] {processor.py:186} INFO - Started process (PID=1659833) to work on /root/venv/lib/python3.12/site-packages/airflow/example_dags/example_setup_teardown.py
[2025-03-13T17:45:19.917+0000] {processor.py:914} INFO - Processing file /root/venv/lib/python3.12/site-packages/airflow/example_dags/example_setup_teardown.py for tasks to queue
[2025-03-13T17:45:19.920+0000] {logging_mixin.py:190} INFO - [2025-03-13T17:45:19.919+0000] {dagbag.py:588} INFO - Filling up the DagBag from /root/venv/lib/python3.12/site-packages/airflow/example_dags/example_setup_teardown.py
[2025-03-13T17:45:19.931+0000] {processor.py:925} INFO - DAG(s) 'example_setup_teardown' retrieved from /root/venv/lib/python3.12/site-packages/airflow/example_dags/example_setup_teardown.py
[2025-03-13T17:45:19.950+0000] {logging_mixin.py:190} INFO - [2025-03-13T17:45:19.949+0000] {dag.py:3239} INFO - Sync 1 DAGs
[2025-03-13T17:45:19.964+0000] {logging_mixin.py:190} INFO - [2025-03-13T17:45:19.963+0000] {dag.py:4180} INFO - Setting next_dagrun for example_setup_teardown to None, run_after=None
[2025-03-13T17:45:19.988+0000] {processor.py:208} INFO - Processing /root/venv/lib/python3.12/site-packages/airflow/example_dags/example_setup_teardown.py took 0.079 seconds
[2025-03-13T17:46:24.988+0000] {processor.py:186} INFO - Started process (PID=1659897) to work on /root/venv/lib/python3.12/site-packages/airflow/example_dags/example_setup_teardown.py
[2025-03-13T17:46:24.990+0000] {processor.py:914} INFO - Processing file /root/venv/lib/python3.12/site-packages/airflow/example_dags/example_setup_teardown.py for tasks to queue
[2025-03-13T17:46:24.994+0000] {logging_mixin.py:190} INFO - [2025-03-13T17:46:24.993+0000] {dagbag.py:588} INFO - Filling up the DagBag from /root/venv/lib/python3.12/site-packages/airflow/example_dags/example_setup_teardown.py
[2025-03-13T17:46:25.010+0000] {processor.py:925} INFO - DAG(s) 'example_setup_teardown' retrieved from /root/venv/lib/python3.12/site-packages/airflow/example_dags/example_setup_teardown.py
[2025-03-13T17:46:25.041+0000] {logging_mixin.py:190} INFO - [2025-03-13T17:46:25.040+0000] {dag.py:3239} INFO - Sync 1 DAGs
[2025-03-13T17:46:25.062+0000] {logging_mixin.py:190} INFO - [2025-03-13T17:46:25.062+0000] {dag.py:4180} INFO - Setting next_dagrun for example_setup_teardown to None, run_after=None
[2025-03-13T17:46:25.099+0000] {processor.py:208} INFO - Processing /root/venv/lib/python3.12/site-packages/airflow/example_dags/example_setup_teardown.py took 0.122 seconds
[2025-03-13T17:47:26.846+0000] {processor.py:186} INFO - Started process (PID=1659963) to work on /root/venv/lib/python3.12/site-packages/airflow/example_dags/example_setup_teardown.py
[2025-03-13T17:47:26.847+0000] {processor.py:914} INFO - Processing file /root/venv/lib/python3.12/site-packages/airflow/example_dags/example_setup_teardown.py for tasks to queue
[2025-03-13T17:47:26.850+0000] {logging_mixin.py:190} INFO - [2025-03-13T17:47:26.850+0000] {dagbag.py:588} INFO - Filling up the DagBag from /root/venv/lib/python3.12/site-packages/airflow/example_dags/example_setup_teardown.py
[2025-03-13T17:47:26.863+0000] {processor.py:925} INFO - DAG(s) 'example_setup_teardown' retrieved from /root/venv/lib/python3.12/site-packages/airflow/example_dags/example_setup_teardown.py
[2025-03-13T17:47:26.887+0000] {logging_mixin.py:190} INFO - [2025-03-13T17:47:26.886+0000] {dag.py:3239} INFO - Sync 1 DAGs
[2025-03-13T17:47:26.902+0000] {logging_mixin.py:190} INFO - [2025-03-13T17:47:26.902+0000] {dag.py:4180} INFO - Setting next_dagrun for example_setup_teardown to None, run_after=None
[2025-03-13T17:47:26.926+0000] {processor.py:208} INFO - Processing /root/venv/lib/python3.12/site-packages/airflow/example_dags/example_setup_teardown.py took 0.089 seconds
[2025-03-13T17:48:26.073+0000] {processor.py:186} INFO - Started process (PID=1660025) to work on /root/venv/lib/python3.12/site-packages/airflow/example_dags/example_setup_teardown.py
[2025-03-13T17:48:26.075+0000] {processor.py:914} INFO - Processing file /root/venv/lib/python3.12/site-packages/airflow/example_dags/example_setup_teardown.py for tasks to queue
[2025-03-13T17:48:26.079+0000] {logging_mixin.py:190} INFO - [2025-03-13T17:48:26.078+0000] {dagbag.py:588} INFO - Filling up the DagBag from /root/venv/lib/python3.12/site-packages/airflow/example_dags/example_setup_teardown.py
[2025-03-13T17:48:26.091+0000] {processor.py:925} INFO - DAG(s) 'example_setup_teardown' retrieved from /root/venv/lib/python3.12/site-packages/airflow/example_dags/example_setup_teardown.py
[2025-03-13T17:48:26.112+0000] {logging_mixin.py:190} INFO - [2025-03-13T17:48:26.111+0000] {dag.py:3239} INFO - Sync 1 DAGs
[2025-03-13T17:48:26.129+0000] {logging_mixin.py:190} INFO - [2025-03-13T17:48:26.128+0000] {dag.py:4180} INFO - Setting next_dagrun for example_setup_teardown to None, run_after=None
[2025-03-13T17:48:26.156+0000] {processor.py:208} INFO - Processing /root/venv/lib/python3.12/site-packages/airflow/example_dags/example_setup_teardown.py took 0.092 seconds
[2025-03-13T17:49:28.894+0000] {processor.py:186} INFO - Started process (PID=1660088) to work on /root/venv/lib/python3.12/site-packages/airflow/example_dags/example_setup_teardown.py
[2025-03-13T17:49:28.896+0000] {processor.py:914} INFO - Processing file /root/venv/lib/python3.12/site-packages/airflow/example_dags/example_setup_teardown.py for tasks to queue
[2025-03-13T17:49:28.899+0000] {logging_mixin.py:190} INFO - [2025-03-13T17:49:28.898+0000] {dagbag.py:588} INFO - Filling up the DagBag from /root/venv/lib/python3.12/site-packages/airflow/example_dags/example_setup_teardown.py
[2025-03-13T17:49:28.911+0000] {processor.py:925} INFO - DAG(s) 'example_setup_teardown' retrieved from /root/venv/lib/python3.12/site-packages/airflow/example_dags/example_setup_teardown.py
[2025-03-13T17:49:28.933+0000] {logging_mixin.py:190} INFO - [2025-03-13T17:49:28.933+0000] {dag.py:3239} INFO - Sync 1 DAGs
[2025-03-13T17:49:28.948+0000] {logging_mixin.py:190} INFO - [2025-03-13T17:49:28.948+0000] {dag.py:4180} INFO - Setting next_dagrun for example_setup_teardown to None, run_after=None
[2025-03-13T17:49:28.971+0000] {processor.py:208} INFO - Processing /root/venv/lib/python3.12/site-packages/airflow/example_dags/example_setup_teardown.py took 0.084 seconds
[2025-03-13T17:50:32.804+0000] {processor.py:186} INFO - Started process (PID=1660159) to work on /root/venv/lib/python3.12/site-packages/airflow/example_dags/example_setup_teardown.py
[2025-03-13T17:50:32.806+0000] {processor.py:914} INFO - Processing file /root/venv/lib/python3.12/site-packages/airflow/example_dags/example_setup_teardown.py for tasks to queue
[2025-03-13T17:50:32.810+0000] {logging_mixin.py:190} INFO - [2025-03-13T17:50:32.809+0000] {dagbag.py:588} INFO - Filling up the DagBag from /root/venv/lib/python3.12/site-packages/airflow/example_dags/example_setup_teardown.py
[2025-03-13T17:50:32.827+0000] {processor.py:925} INFO - DAG(s) 'example_setup_teardown' retrieved from /root/venv/lib/python3.12/site-packages/airflow/example_dags/example_setup_teardown.py
[2025-03-13T17:50:32.856+0000] {logging_mixin.py:190} INFO - [2025-03-13T17:50:32.855+0000] {dag.py:3239} INFO - Sync 1 DAGs
[2025-03-13T17:50:32.874+0000] {logging_mixin.py:190} INFO - [2025-03-13T17:50:32.874+0000] {dag.py:4180} INFO - Setting next_dagrun for example_setup_teardown to None, run_after=None
[2025-03-13T17:50:32.905+0000] {processor.py:208} INFO - Processing /root/venv/lib/python3.12/site-packages/airflow/example_dags/example_setup_teardown.py took 0.110 seconds
[2025-03-13T17:51:36.107+0000] {processor.py:186} INFO - Started process (PID=1660219) to work on /root/venv/lib/python3.12/site-packages/airflow/example_dags/example_setup_teardown.py
[2025-03-13T17:51:36.109+0000] {processor.py:914} INFO - Processing file /root/venv/lib/python3.12/site-packages/airflow/example_dags/example_setup_teardown.py for tasks to queue
[2025-03-13T17:51:36.113+0000] {logging_mixin.py:190} INFO - [2025-03-13T17:51:36.112+0000] {dagbag.py:588} INFO - Filling up the DagBag from /root/venv/lib/python3.12/site-packages/airflow/example_dags/example_setup_teardown.py
[2025-03-13T17:51:36.127+0000] {processor.py:925} INFO - DAG(s) 'example_setup_teardown' retrieved from /root/venv/lib/python3.12/site-packages/airflow/example_dags/example_setup_teardown.py
[2025-03-13T17:51:36.156+0000] {logging_mixin.py:190} INFO - [2025-03-13T17:51:36.156+0000] {dag.py:3239} INFO - Sync 1 DAGs
[2025-03-13T17:51:36.179+0000] {logging_mixin.py:190} INFO - [2025-03-13T17:51:36.178+0000] {dag.py:4180} INFO - Setting next_dagrun for example_setup_teardown to None, run_after=None
[2025-03-13T17:51:36.209+0000] {processor.py:208} INFO - Processing /root/venv/lib/python3.12/site-packages/airflow/example_dags/example_setup_teardown.py took 0.110 seconds
[2025-03-13T17:52:39.325+0000] {processor.py:186} INFO - Started process (PID=1660284) to work on /root/venv/lib/python3.12/site-packages/airflow/example_dags/example_setup_teardown.py
[2025-03-13T17:52:39.328+0000] {processor.py:914} INFO - Processing file /root/venv/lib/python3.12/site-packages/airflow/example_dags/example_setup_teardown.py for tasks to queue
[2025-03-13T17:52:39.332+0000] {logging_mixin.py:190} INFO - [2025-03-13T17:52:39.331+0000] {dagbag.py:588} INFO - Filling up the DagBag from /root/venv/lib/python3.12/site-packages/airflow/example_dags/example_setup_teardown.py
[2025-03-13T17:52:39.347+0000] {processor.py:925} INFO - DAG(s) 'example_setup_teardown' retrieved from /root/venv/lib/python3.12/site-packages/airflow/example_dags/example_setup_teardown.py
[2025-03-13T17:52:39.373+0000] {logging_mixin.py:190} INFO - [2025-03-13T17:52:39.373+0000] {dag.py:3239} INFO - Sync 1 DAGs
[2025-03-13T17:52:39.392+0000] {logging_mixin.py:190} INFO - [2025-03-13T17:52:39.391+0000] {dag.py:4180} INFO - Setting next_dagrun for example_setup_teardown to None, run_after=None
[2025-03-13T17:52:39.426+0000] {processor.py:208} INFO - Processing /root/venv/lib/python3.12/site-packages/airflow/example_dags/example_setup_teardown.py took 0.110 seconds
[2025-03-13T17:53:41.878+0000] {processor.py:186} INFO - Started process (PID=1660348) to work on /root/venv/lib/python3.12/site-packages/airflow/example_dags/example_setup_teardown.py
[2025-03-13T17:53:41.880+0000] {processor.py:914} INFO - Processing file /root/venv/lib/python3.12/site-packages/airflow/example_dags/example_setup_teardown.py for tasks to queue
[2025-03-13T17:53:41.884+0000] {logging_mixin.py:190} INFO - [2025-03-13T17:53:41.883+0000] {dagbag.py:588} INFO - Filling up the DagBag from /root/venv/lib/python3.12/site-packages/airflow/example_dags/example_setup_teardown.py
[2025-03-13T17:53:41.897+0000] {processor.py:925} INFO - DAG(s) 'example_setup_teardown' retrieved from /root/venv/lib/python3.12/site-packages/airflow/example_dags/example_setup_teardown.py
[2025-03-13T17:53:41.921+0000] {logging_mixin.py:190} INFO - [2025-03-13T17:53:41.921+0000] {dag.py:3239} INFO - Sync 1 DAGs
[2025-03-13T17:53:41.942+0000] {logging_mixin.py:190} INFO - [2025-03-13T17:53:41.942+0000] {dag.py:4180} INFO - Setting next_dagrun for example_setup_teardown to None, run_after=None
[2025-03-13T17:53:41.975+0000] {processor.py:208} INFO - Processing /root/venv/lib/python3.12/site-packages/airflow/example_dags/example_setup_teardown.py took 0.106 seconds
[2025-03-13T17:54:44.341+0000] {processor.py:186} INFO - Started process (PID=1660409) to work on /root/venv/lib/python3.12/site-packages/airflow/example_dags/example_setup_teardown.py
[2025-03-13T17:54:44.343+0000] {processor.py:914} INFO - Processing file /root/venv/lib/python3.12/site-packages/airflow/example_dags/example_setup_teardown.py for tasks to queue
[2025-03-13T17:54:44.345+0000] {logging_mixin.py:190} INFO - [2025-03-13T17:54:44.345+0000] {dagbag.py:588} INFO - Filling up the DagBag from /root/venv/lib/python3.12/site-packages/airflow/example_dags/example_setup_teardown.py
[2025-03-13T17:54:44.359+0000] {processor.py:925} INFO - DAG(s) 'example_setup_teardown' retrieved from /root/venv/lib/python3.12/site-packages/airflow/example_dags/example_setup_teardown.py
[2025-03-13T17:54:44.379+0000] {logging_mixin.py:190} INFO - [2025-03-13T17:54:44.378+0000] {dag.py:3239} INFO - Sync 1 DAGs
[2025-03-13T17:54:44.394+0000] {logging_mixin.py:190} INFO - [2025-03-13T17:54:44.393+0000] {dag.py:4180} INFO - Setting next_dagrun for example_setup_teardown to None, run_after=None
[2025-03-13T17:54:44.416+0000] {processor.py:208} INFO - Processing /root/venv/lib/python3.12/site-packages/airflow/example_dags/example_setup_teardown.py took 0.081 seconds
[2025-03-13T17:56:00.661+0000] {processor.py:186} INFO - Started process (PID=1660502) to work on /root/venv/lib/python3.12/site-packages/airflow/example_dags/example_setup_teardown.py
[2025-03-13T17:56:00.662+0000] {processor.py:914} INFO - Processing file /root/venv/lib/python3.12/site-packages/airflow/example_dags/example_setup_teardown.py for tasks to queue
[2025-03-13T17:56:00.665+0000] {logging_mixin.py:190} INFO - [2025-03-13T17:56:00.664+0000] {dagbag.py:588} INFO - Filling up the DagBag from /root/venv/lib/python3.12/site-packages/airflow/example_dags/example_setup_teardown.py
[2025-03-13T17:56:00.676+0000] {processor.py:925} INFO - DAG(s) 'example_setup_teardown' retrieved from /root/venv/lib/python3.12/site-packages/airflow/example_dags/example_setup_teardown.py
[2025-03-13T17:56:00.699+0000] {logging_mixin.py:190} INFO - [2025-03-13T17:56:00.699+0000] {dag.py:3239} INFO - Sync 1 DAGs
[2025-03-13T17:56:00.717+0000] {logging_mixin.py:190} INFO - [2025-03-13T17:56:00.716+0000] {dag.py:4180} INFO - Setting next_dagrun for example_setup_teardown to None, run_after=None
[2025-03-13T17:56:00.743+0000] {processor.py:208} INFO - Processing /root/venv/lib/python3.12/site-packages/airflow/example_dags/example_setup_teardown.py took 0.089 seconds
[2025-03-13T17:56:53.771+0000] {processor.py:186} INFO - Started process (PID=1660569) to work on /root/venv/lib/python3.12/site-packages/airflow/example_dags/example_setup_teardown.py
[2025-03-13T17:56:53.773+0000] {processor.py:914} INFO - Processing file /root/venv/lib/python3.12/site-packages/airflow/example_dags/example_setup_teardown.py for tasks to queue
[2025-03-13T17:56:53.778+0000] {logging_mixin.py:190} INFO - [2025-03-13T17:56:53.777+0000] {dagbag.py:588} INFO - Filling up the DagBag from /root/venv/lib/python3.12/site-packages/airflow/example_dags/example_setup_teardown.py
[2025-03-13T17:56:53.795+0000] {processor.py:925} INFO - DAG(s) 'example_setup_teardown' retrieved from /root/venv/lib/python3.12/site-packages/airflow/example_dags/example_setup_teardown.py
[2025-03-13T17:56:53.834+0000] {logging_mixin.py:190} INFO - [2025-03-13T17:56:53.834+0000] {dag.py:3239} INFO - Sync 1 DAGs
[2025-03-13T17:56:53.862+0000] {logging_mixin.py:190} INFO - [2025-03-13T17:56:53.862+0000] {dag.py:4180} INFO - Setting next_dagrun for example_setup_teardown to None, run_after=None
[2025-03-13T17:56:53.897+0000] {processor.py:208} INFO - Processing /root/venv/lib/python3.12/site-packages/airflow/example_dags/example_setup_teardown.py took 0.137 seconds
[2025-03-13T17:57:53.046+0000] {processor.py:186} INFO - Started process (PID=1660634) to work on /root/venv/lib/python3.12/site-packages/airflow/example_dags/example_setup_teardown.py
[2025-03-13T17:57:53.048+0000] {processor.py:914} INFO - Processing file /root/venv/lib/python3.12/site-packages/airflow/example_dags/example_setup_teardown.py for tasks to queue
[2025-03-13T17:57:53.051+0000] {logging_mixin.py:190} INFO - [2025-03-13T17:57:53.050+0000] {dagbag.py:588} INFO - Filling up the DagBag from /root/venv/lib/python3.12/site-packages/airflow/example_dags/example_setup_teardown.py
[2025-03-13T17:57:53.063+0000] {processor.py:925} INFO - DAG(s) 'example_setup_teardown' retrieved from /root/venv/lib/python3.12/site-packages/airflow/example_dags/example_setup_teardown.py
[2025-03-13T17:57:53.088+0000] {logging_mixin.py:190} INFO - [2025-03-13T17:57:53.087+0000] {dag.py:3239} INFO - Sync 1 DAGs
[2025-03-13T17:57:53.103+0000] {logging_mixin.py:190} INFO - [2025-03-13T17:57:53.103+0000] {dag.py:4180} INFO - Setting next_dagrun for example_setup_teardown to None, run_after=None
[2025-03-13T17:57:53.132+0000] {processor.py:208} INFO - Processing /root/venv/lib/python3.12/site-packages/airflow/example_dags/example_setup_teardown.py took 0.093 seconds
[2025-03-13T17:58:51.605+0000] {processor.py:186} INFO - Started process (PID=1660703) to work on /root/venv/lib/python3.12/site-packages/airflow/example_dags/example_setup_teardown.py
[2025-03-13T17:58:51.607+0000] {processor.py:914} INFO - Processing file /root/venv/lib/python3.12/site-packages/airflow/example_dags/example_setup_teardown.py for tasks to queue
[2025-03-13T17:58:51.610+0000] {logging_mixin.py:190} INFO - [2025-03-13T17:58:51.610+0000] {dagbag.py:588} INFO - Filling up the DagBag from /root/venv/lib/python3.12/site-packages/airflow/example_dags/example_setup_teardown.py
[2025-03-13T17:58:51.624+0000] {processor.py:925} INFO - DAG(s) 'example_setup_teardown' retrieved from /root/venv/lib/python3.12/site-packages/airflow/example_dags/example_setup_teardown.py
[2025-03-13T17:58:51.647+0000] {logging_mixin.py:190} INFO - [2025-03-13T17:58:51.646+0000] {dag.py:3239} INFO - Sync 1 DAGs
[2025-03-13T17:58:51.662+0000] {logging_mixin.py:190} INFO - [2025-03-13T17:58:51.662+0000] {dag.py:4180} INFO - Setting next_dagrun for example_setup_teardown to None, run_after=None
[2025-03-13T17:58:51.685+0000] {processor.py:208} INFO - Processing /root/venv/lib/python3.12/site-packages/airflow/example_dags/example_setup_teardown.py took 0.090 seconds
[2025-03-13T17:59:53.285+0000] {processor.py:186} INFO - Started process (PID=1660765) to work on /root/venv/lib/python3.12/site-packages/airflow/example_dags/example_setup_teardown.py
[2025-03-13T17:59:53.286+0000] {processor.py:914} INFO - Processing file /root/venv/lib/python3.12/site-packages/airflow/example_dags/example_setup_teardown.py for tasks to queue
[2025-03-13T17:59:53.289+0000] {logging_mixin.py:190} INFO - [2025-03-13T17:59:53.288+0000] {dagbag.py:588} INFO - Filling up the DagBag from /root/venv/lib/python3.12/site-packages/airflow/example_dags/example_setup_teardown.py
[2025-03-13T17:59:53.300+0000] {processor.py:925} INFO - DAG(s) 'example_setup_teardown' retrieved from /root/venv/lib/python3.12/site-packages/airflow/example_dags/example_setup_teardown.py
[2025-03-13T17:59:53.320+0000] {logging_mixin.py:190} INFO - [2025-03-13T17:59:53.320+0000] {dag.py:3239} INFO - Sync 1 DAGs
[2025-03-13T17:59:53.334+0000] {logging_mixin.py:190} INFO - [2025-03-13T17:59:53.334+0000] {dag.py:4180} INFO - Setting next_dagrun for example_setup_teardown to None, run_after=None
[2025-03-13T17:59:53.356+0000] {processor.py:208} INFO - Processing /root/venv/lib/python3.12/site-packages/airflow/example_dags/example_setup_teardown.py took 0.079 seconds
[2025-03-13T18:01:27.332+0000] {processor.py:186} INFO - Started process (PID=1660868) to work on /root/venv/lib/python3.12/site-packages/airflow/example_dags/example_setup_teardown.py
[2025-03-13T18:01:27.334+0000] {processor.py:914} INFO - Processing file /root/venv/lib/python3.12/site-packages/airflow/example_dags/example_setup_teardown.py for tasks to queue
[2025-03-13T18:01:27.338+0000] {logging_mixin.py:190} INFO - [2025-03-13T18:01:27.337+0000] {dagbag.py:588} INFO - Filling up the DagBag from /root/venv/lib/python3.12/site-packages/airflow/example_dags/example_setup_teardown.py
[2025-03-13T18:01:27.350+0000] {processor.py:925} INFO - DAG(s) 'example_setup_teardown' retrieved from /root/venv/lib/python3.12/site-packages/airflow/example_dags/example_setup_teardown.py
[2025-03-13T18:01:27.373+0000] {logging_mixin.py:190} INFO - [2025-03-13T18:01:27.372+0000] {dag.py:3239} INFO - Sync 1 DAGs
[2025-03-13T18:01:27.389+0000] {logging_mixin.py:190} INFO - [2025-03-13T18:01:27.389+0000] {dag.py:4180} INFO - Setting next_dagrun for example_setup_teardown to None, run_after=None
[2025-03-13T18:01:27.421+0000] {processor.py:208} INFO - Processing /root/venv/lib/python3.12/site-packages/airflow/example_dags/example_setup_teardown.py took 0.097 seconds
[2025-03-13T18:02:28.406+0000] {processor.py:186} INFO - Started process (PID=1660943) to work on /root/venv/lib/python3.12/site-packages/airflow/example_dags/example_setup_teardown.py
[2025-03-13T18:02:28.408+0000] {processor.py:914} INFO - Processing file /root/venv/lib/python3.12/site-packages/airflow/example_dags/example_setup_teardown.py for tasks to queue
[2025-03-13T18:02:28.412+0000] {logging_mixin.py:190} INFO - [2025-03-13T18:02:28.412+0000] {dagbag.py:588} INFO - Filling up the DagBag from /root/venv/lib/python3.12/site-packages/airflow/example_dags/example_setup_teardown.py
[2025-03-13T18:02:28.428+0000] {processor.py:925} INFO - DAG(s) 'example_setup_teardown' retrieved from /root/venv/lib/python3.12/site-packages/airflow/example_dags/example_setup_teardown.py
[2025-03-13T18:02:28.456+0000] {logging_mixin.py:190} INFO - [2025-03-13T18:02:28.456+0000] {dag.py:3239} INFO - Sync 1 DAGs
[2025-03-13T18:02:28.480+0000] {logging_mixin.py:190} INFO - [2025-03-13T18:02:28.480+0000] {dag.py:4180} INFO - Setting next_dagrun for example_setup_teardown to None, run_after=None
[2025-03-13T18:02:28.515+0000] {processor.py:208} INFO - Processing /root/venv/lib/python3.12/site-packages/airflow/example_dags/example_setup_teardown.py took 0.119 seconds
[2025-03-13T18:03:32.466+0000] {processor.py:186} INFO - Started process (PID=1661010) to work on /root/venv/lib/python3.12/site-packages/airflow/example_dags/example_setup_teardown.py
[2025-03-13T18:03:32.467+0000] {processor.py:914} INFO - Processing file /root/venv/lib/python3.12/site-packages/airflow/example_dags/example_setup_teardown.py for tasks to queue
[2025-03-13T18:03:32.471+0000] {logging_mixin.py:190} INFO - [2025-03-13T18:03:32.469+0000] {dagbag.py:588} INFO - Filling up the DagBag from /root/venv/lib/python3.12/site-packages/airflow/example_dags/example_setup_teardown.py
[2025-03-13T18:03:32.483+0000] {processor.py:925} INFO - DAG(s) 'example_setup_teardown' retrieved from /root/venv/lib/python3.12/site-packages/airflow/example_dags/example_setup_teardown.py
[2025-03-13T18:03:32.505+0000] {logging_mixin.py:190} INFO - [2025-03-13T18:03:32.505+0000] {dag.py:3239} INFO - Sync 1 DAGs
[2025-03-13T18:03:32.521+0000] {logging_mixin.py:190} INFO - [2025-03-13T18:03:32.521+0000] {dag.py:4180} INFO - Setting next_dagrun for example_setup_teardown to None, run_after=None
[2025-03-13T18:03:32.548+0000] {processor.py:208} INFO - Processing /root/venv/lib/python3.12/site-packages/airflow/example_dags/example_setup_teardown.py took 0.090 seconds
[2025-03-13T18:04:40.102+0000] {processor.py:186} INFO - Started process (PID=1661071) to work on /root/venv/lib/python3.12/site-packages/airflow/example_dags/example_setup_teardown.py
[2025-03-13T18:04:40.104+0000] {processor.py:914} INFO - Processing file /root/venv/lib/python3.12/site-packages/airflow/example_dags/example_setup_teardown.py for tasks to queue
[2025-03-13T18:04:40.107+0000] {logging_mixin.py:190} INFO - [2025-03-13T18:04:40.106+0000] {dagbag.py:588} INFO - Filling up the DagBag from /root/venv/lib/python3.12/site-packages/airflow/example_dags/example_setup_teardown.py
[2025-03-13T18:04:40.288+0000] {processor.py:925} INFO - DAG(s) 'example_setup_teardown' retrieved from /root/venv/lib/python3.12/site-packages/airflow/example_dags/example_setup_teardown.py
[2025-03-13T18:04:40.306+0000] {logging_mixin.py:190} INFO - [2025-03-13T18:04:40.306+0000] {dag.py:3239} INFO - Sync 1 DAGs
[2025-03-13T18:04:40.319+0000] {logging_mixin.py:190} INFO - [2025-03-13T18:04:40.319+0000] {dag.py:4180} INFO - Setting next_dagrun for example_setup_teardown to None, run_after=None
[2025-03-13T18:04:40.340+0000] {processor.py:208} INFO - Processing /root/venv/lib/python3.12/site-packages/airflow/example_dags/example_setup_teardown.py took 0.248 seconds
[2025-03-13T18:05:54.163+0000] {processor.py:186} INFO - Started process (PID=1661146) to work on /root/venv/lib/python3.12/site-packages/airflow/example_dags/example_setup_teardown.py
[2025-03-13T18:05:54.165+0000] {processor.py:914} INFO - Processing file /root/venv/lib/python3.12/site-packages/airflow/example_dags/example_setup_teardown.py for tasks to queue
[2025-03-13T18:05:54.171+0000] {logging_mixin.py:190} INFO - [2025-03-13T18:05:54.170+0000] {dagbag.py:588} INFO - Filling up the DagBag from /root/venv/lib/python3.12/site-packages/airflow/example_dags/example_setup_teardown.py
[2025-03-13T18:05:54.185+0000] {processor.py:925} INFO - DAG(s) 'example_setup_teardown' retrieved from /root/venv/lib/python3.12/site-packages/airflow/example_dags/example_setup_teardown.py
[2025-03-13T18:05:54.210+0000] {logging_mixin.py:190} INFO - [2025-03-13T18:05:54.209+0000] {dag.py:3239} INFO - Sync 1 DAGs
[2025-03-13T18:05:54.227+0000] {logging_mixin.py:190} INFO - [2025-03-13T18:05:54.226+0000] {dag.py:4180} INFO - Setting next_dagrun for example_setup_teardown to None, run_after=None
[2025-03-13T18:05:54.259+0000] {processor.py:208} INFO - Processing /root/venv/lib/python3.12/site-packages/airflow/example_dags/example_setup_teardown.py took 0.107 seconds
[2025-03-13T18:07:02.116+0000] {processor.py:186} INFO - Started process (PID=1661216) to work on /root/venv/lib/python3.12/site-packages/airflow/example_dags/example_setup_teardown.py
[2025-03-13T18:07:02.118+0000] {processor.py:914} INFO - Processing file /root/venv/lib/python3.12/site-packages/airflow/example_dags/example_setup_teardown.py for tasks to queue
[2025-03-13T18:07:02.122+0000] {logging_mixin.py:190} INFO - [2025-03-13T18:07:02.121+0000] {dagbag.py:588} INFO - Filling up the DagBag from /root/venv/lib/python3.12/site-packages/airflow/example_dags/example_setup_teardown.py
[2025-03-13T18:07:02.136+0000] {processor.py:925} INFO - DAG(s) 'example_setup_teardown' retrieved from /root/venv/lib/python3.12/site-packages/airflow/example_dags/example_setup_teardown.py
[2025-03-13T18:07:02.160+0000] {logging_mixin.py:190} INFO - [2025-03-13T18:07:02.159+0000] {dag.py:3239} INFO - Sync 1 DAGs
[2025-03-13T18:07:02.180+0000] {logging_mixin.py:190} INFO - [2025-03-13T18:07:02.179+0000] {dag.py:4180} INFO - Setting next_dagrun for example_setup_teardown to None, run_after=None
[2025-03-13T18:07:02.218+0000] {processor.py:208} INFO - Processing /root/venv/lib/python3.12/site-packages/airflow/example_dags/example_setup_teardown.py took 0.112 seconds
[2025-03-13T18:08:11.131+0000] {processor.py:186} INFO - Started process (PID=1661300) to work on /root/venv/lib/python3.12/site-packages/airflow/example_dags/example_setup_teardown.py
[2025-03-13T18:08:11.133+0000] {processor.py:914} INFO - Processing file /root/venv/lib/python3.12/site-packages/airflow/example_dags/example_setup_teardown.py for tasks to queue
[2025-03-13T18:08:11.138+0000] {logging_mixin.py:190} INFO - [2025-03-13T18:08:11.137+0000] {dagbag.py:588} INFO - Filling up the DagBag from /root/venv/lib/python3.12/site-packages/airflow/example_dags/example_setup_teardown.py
[2025-03-13T18:08:11.155+0000] {processor.py:925} INFO - DAG(s) 'example_setup_teardown' retrieved from /root/venv/lib/python3.12/site-packages/airflow/example_dags/example_setup_teardown.py
[2025-03-13T18:08:11.185+0000] {logging_mixin.py:190} INFO - [2025-03-13T18:08:11.184+0000] {dag.py:3239} INFO - Sync 1 DAGs
[2025-03-13T18:08:11.207+0000] {logging_mixin.py:190} INFO - [2025-03-13T18:08:11.207+0000] {dag.py:4180} INFO - Setting next_dagrun for example_setup_teardown to None, run_after=None
[2025-03-13T18:08:11.242+0000] {processor.py:208} INFO - Processing /root/venv/lib/python3.12/site-packages/airflow/example_dags/example_setup_teardown.py took 0.123 seconds
[2025-03-13T18:09:15.721+0000] {processor.py:186} INFO - Started process (PID=1661370) to work on /root/venv/lib/python3.12/site-packages/airflow/example_dags/example_setup_teardown.py
[2025-03-13T18:09:15.723+0000] {processor.py:914} INFO - Processing file /root/venv/lib/python3.12/site-packages/airflow/example_dags/example_setup_teardown.py for tasks to queue
[2025-03-13T18:09:15.726+0000] {logging_mixin.py:190} INFO - [2025-03-13T18:09:15.726+0000] {dagbag.py:588} INFO - Filling up the DagBag from /root/venv/lib/python3.12/site-packages/airflow/example_dags/example_setup_teardown.py
[2025-03-13T18:09:15.739+0000] {processor.py:925} INFO - DAG(s) 'example_setup_teardown' retrieved from /root/venv/lib/python3.12/site-packages/airflow/example_dags/example_setup_teardown.py
[2025-03-13T18:09:15.760+0000] {logging_mixin.py:190} INFO - [2025-03-13T18:09:15.760+0000] {dag.py:3239} INFO - Sync 1 DAGs
[2025-03-13T18:09:15.777+0000] {logging_mixin.py:190} INFO - [2025-03-13T18:09:15.777+0000] {dag.py:4180} INFO - Setting next_dagrun for example_setup_teardown to None, run_after=None
[2025-03-13T18:09:15.801+0000] {processor.py:208} INFO - Processing /root/venv/lib/python3.12/site-packages/airflow/example_dags/example_setup_teardown.py took 0.090 seconds
[2025-03-13T18:10:16.956+0000] {processor.py:186} INFO - Started process (PID=1661437) to work on /root/venv/lib/python3.12/site-packages/airflow/example_dags/example_setup_teardown.py
[2025-03-13T18:10:16.958+0000] {processor.py:914} INFO - Processing file /root/venv/lib/python3.12/site-packages/airflow/example_dags/example_setup_teardown.py for tasks to queue
[2025-03-13T18:10:16.961+0000] {logging_mixin.py:190} INFO - [2025-03-13T18:10:16.960+0000] {dagbag.py:588} INFO - Filling up the DagBag from /root/venv/lib/python3.12/site-packages/airflow/example_dags/example_setup_teardown.py
[2025-03-13T18:10:16.973+0000] {processor.py:925} INFO - DAG(s) 'example_setup_teardown' retrieved from /root/venv/lib/python3.12/site-packages/airflow/example_dags/example_setup_teardown.py
[2025-03-13T18:10:16.993+0000] {logging_mixin.py:190} INFO - [2025-03-13T18:10:16.993+0000] {dag.py:3239} INFO - Sync 1 DAGs
[2025-03-13T18:10:17.010+0000] {logging_mixin.py:190} INFO - [2025-03-13T18:10:17.010+0000] {dag.py:4180} INFO - Setting next_dagrun for example_setup_teardown to None, run_after=None
[2025-03-13T18:10:17.035+0000] {processor.py:208} INFO - Processing /root/venv/lib/python3.12/site-packages/airflow/example_dags/example_setup_teardown.py took 0.088 seconds
[2025-03-13T18:11:23.403+0000] {processor.py:186} INFO - Started process (PID=1661504) to work on /root/venv/lib/python3.12/site-packages/airflow/example_dags/example_setup_teardown.py
[2025-03-13T18:11:23.405+0000] {processor.py:914} INFO - Processing file /root/venv/lib/python3.12/site-packages/airflow/example_dags/example_setup_teardown.py for tasks to queue
[2025-03-13T18:11:23.408+0000] {logging_mixin.py:190} INFO - [2025-03-13T18:11:23.407+0000] {dagbag.py:588} INFO - Filling up the DagBag from /root/venv/lib/python3.12/site-packages/airflow/example_dags/example_setup_teardown.py
[2025-03-13T18:11:23.422+0000] {processor.py:925} INFO - DAG(s) 'example_setup_teardown' retrieved from /root/venv/lib/python3.12/site-packages/airflow/example_dags/example_setup_teardown.py
[2025-03-13T18:11:23.448+0000] {logging_mixin.py:190} INFO - [2025-03-13T18:11:23.448+0000] {dag.py:3239} INFO - Sync 1 DAGs
[2025-03-13T18:11:23.469+0000] {logging_mixin.py:190} INFO - [2025-03-13T18:11:23.469+0000] {dag.py:4180} INFO - Setting next_dagrun for example_setup_teardown to None, run_after=None
[2025-03-13T18:11:23.516+0000] {processor.py:208} INFO - Processing /root/venv/lib/python3.12/site-packages/airflow/example_dags/example_setup_teardown.py took 0.122 seconds
[2025-03-13T18:12:29.973+0000] {processor.py:186} INFO - Started process (PID=1661570) to work on /root/venv/lib/python3.12/site-packages/airflow/example_dags/example_setup_teardown.py
[2025-03-13T18:12:29.974+0000] {processor.py:914} INFO - Processing file /root/venv/lib/python3.12/site-packages/airflow/example_dags/example_setup_teardown.py for tasks to queue
[2025-03-13T18:12:29.976+0000] {logging_mixin.py:190} INFO - [2025-03-13T18:12:29.976+0000] {dagbag.py:588} INFO - Filling up the DagBag from /root/venv/lib/python3.12/site-packages/airflow/example_dags/example_setup_teardown.py
[2025-03-13T18:12:29.989+0000] {processor.py:925} INFO - DAG(s) 'example_setup_teardown' retrieved from /root/venv/lib/python3.12/site-packages/airflow/example_dags/example_setup_teardown.py
[2025-03-13T18:12:30.012+0000] {logging_mixin.py:190} INFO - [2025-03-13T18:12:30.012+0000] {dag.py:3239} INFO - Sync 1 DAGs
[2025-03-13T18:12:30.031+0000] {logging_mixin.py:190} INFO - [2025-03-13T18:12:30.030+0000] {dag.py:4180} INFO - Setting next_dagrun for example_setup_teardown to None, run_after=None
[2025-03-13T18:12:30.058+0000] {processor.py:208} INFO - Processing /root/venv/lib/python3.12/site-packages/airflow/example_dags/example_setup_teardown.py took 0.094 seconds
[2025-03-13T18:13:37.558+0000] {processor.py:186} INFO - Started process (PID=1661652) to work on /root/venv/lib/python3.12/site-packages/airflow/example_dags/example_setup_teardown.py
[2025-03-13T18:13:37.560+0000] {processor.py:914} INFO - Processing file /root/venv/lib/python3.12/site-packages/airflow/example_dags/example_setup_teardown.py for tasks to queue
[2025-03-13T18:13:37.563+0000] {logging_mixin.py:190} INFO - [2025-03-13T18:13:37.562+0000] {dagbag.py:588} INFO - Filling up the DagBag from /root/venv/lib/python3.12/site-packages/airflow/example_dags/example_setup_teardown.py
[2025-03-13T18:13:37.576+0000] {processor.py:925} INFO - DAG(s) 'example_setup_teardown' retrieved from /root/venv/lib/python3.12/site-packages/airflow/example_dags/example_setup_teardown.py
[2025-03-13T18:13:37.597+0000] {logging_mixin.py:190} INFO - [2025-03-13T18:13:37.597+0000] {dag.py:3239} INFO - Sync 1 DAGs
[2025-03-13T18:13:37.617+0000] {logging_mixin.py:190} INFO - [2025-03-13T18:13:37.616+0000] {dag.py:4180} INFO - Setting next_dagrun for example_setup_teardown to None, run_after=None
[2025-03-13T18:13:37.651+0000] {processor.py:208} INFO - Processing /root/venv/lib/python3.12/site-packages/airflow/example_dags/example_setup_teardown.py took 0.106 seconds
[2025-03-13T18:14:45.190+0000] {processor.py:186} INFO - Started process (PID=1661725) to work on /root/venv/lib/python3.12/site-packages/airflow/example_dags/example_setup_teardown.py
[2025-03-13T18:14:45.191+0000] {processor.py:914} INFO - Processing file /root/venv/lib/python3.12/site-packages/airflow/example_dags/example_setup_teardown.py for tasks to queue
[2025-03-13T18:14:45.194+0000] {logging_mixin.py:190} INFO - [2025-03-13T18:14:45.193+0000] {dagbag.py:588} INFO - Filling up the DagBag from /root/venv/lib/python3.12/site-packages/airflow/example_dags/example_setup_teardown.py
[2025-03-13T18:14:45.211+0000] {processor.py:925} INFO - DAG(s) 'example_setup_teardown' retrieved from /root/venv/lib/python3.12/site-packages/airflow/example_dags/example_setup_teardown.py
[2025-03-13T18:14:45.239+0000] {logging_mixin.py:190} INFO - [2025-03-13T18:14:45.239+0000] {dag.py:3239} INFO - Sync 1 DAGs
[2025-03-13T18:14:45.262+0000] {logging_mixin.py:190} INFO - [2025-03-13T18:14:45.261+0000] {dag.py:4180} INFO - Setting next_dagrun for example_setup_teardown to None, run_after=None
[2025-03-13T18:14:45.292+0000] {processor.py:208} INFO - Processing /root/venv/lib/python3.12/site-packages/airflow/example_dags/example_setup_teardown.py took 0.112 seconds
[2025-03-13T19:39:33.181+0000] {processor.py:186} INFO - Started process (PID=1662397) to work on /root/venv/lib/python3.12/site-packages/airflow/example_dags/example_setup_teardown.py
[2025-03-13T19:39:33.182+0000] {processor.py:914} INFO - Processing file /root/venv/lib/python3.12/site-packages/airflow/example_dags/example_setup_teardown.py for tasks to queue
[2025-03-13T19:39:33.185+0000] {logging_mixin.py:190} INFO - [2025-03-13T19:39:33.185+0000] {dagbag.py:588} INFO - Filling up the DagBag from /root/venv/lib/python3.12/site-packages/airflow/example_dags/example_setup_teardown.py
[2025-03-13T19:39:33.196+0000] {processor.py:925} INFO - DAG(s) 'example_setup_teardown' retrieved from /root/venv/lib/python3.12/site-packages/airflow/example_dags/example_setup_teardown.py
[2025-03-13T19:39:33.218+0000] {logging_mixin.py:190} INFO - [2025-03-13T19:39:33.218+0000] {dag.py:3239} INFO - Sync 1 DAGs
[2025-03-13T19:39:33.234+0000] {logging_mixin.py:190} INFO - [2025-03-13T19:39:33.234+0000] {dag.py:4180} INFO - Setting next_dagrun for example_setup_teardown to None, run_after=None
[2025-03-13T19:39:33.258+0000] {processor.py:208} INFO - Processing /root/venv/lib/python3.12/site-packages/airflow/example_dags/example_setup_teardown.py took 0.084 seconds
