[2025-03-13T17:31:25.716+0000] {processor.py:186} INFO - Started process (PID=1658877) to work on /root/venv/lib/python3.12/site-packages/airflow/example_dags/example_dynamic_task_mapping_with_no_taskflow_operators.py
[2025-03-13T17:31:25.717+0000] {processor.py:914} INFO - Processing file /root/venv/lib/python3.12/site-packages/airflow/example_dags/example_dynamic_task_mapping_with_no_taskflow_operators.py for tasks to queue
[2025-03-13T17:31:25.721+0000] {logging_mixin.py:190} INFO - [2025-03-13T17:31:25.721+0000] {dagbag.py:588} INFO - Filling up the DagBag from /root/venv/lib/python3.12/site-packages/airflow/example_dags/example_dynamic_task_mapping_with_no_taskflow_operators.py
[2025-03-13T17:31:25.734+0000] {processor.py:925} INFO - DAG(s) 'example_dynamic_task_mapping_with_no_taskflow_operators' retrieved from /root/venv/lib/python3.12/site-packages/airflow/example_dags/example_dynamic_task_mapping_with_no_taskflow_operators.py
[2025-03-13T17:31:25.885+0000] {logging_mixin.py:190} INFO - [2025-03-13T17:31:25.885+0000] {dag.py:3239} INFO - Sync 1 DAGs
[2025-03-13T17:31:25.899+0000] {logging_mixin.py:190} INFO - [2025-03-13T17:31:25.899+0000] {dag.py:4180} INFO - Setting next_dagrun for example_dynamic_task_mapping_with_no_taskflow_operators to None, run_after=None
[2025-03-13T17:31:25.927+0000] {processor.py:208} INFO - Processing /root/venv/lib/python3.12/site-packages/airflow/example_dags/example_dynamic_task_mapping_with_no_taskflow_operators.py took 0.219 seconds
[2025-03-13T17:32:32.262+0000] {processor.py:186} INFO - Started process (PID=1658943) to work on /root/venv/lib/python3.12/site-packages/airflow/example_dags/example_dynamic_task_mapping_with_no_taskflow_operators.py
[2025-03-13T17:32:32.263+0000] {processor.py:914} INFO - Processing file /root/venv/lib/python3.12/site-packages/airflow/example_dags/example_dynamic_task_mapping_with_no_taskflow_operators.py for tasks to queue
[2025-03-13T17:32:32.266+0000] {logging_mixin.py:190} INFO - [2025-03-13T17:32:32.265+0000] {dagbag.py:588} INFO - Filling up the DagBag from /root/venv/lib/python3.12/site-packages/airflow/example_dags/example_dynamic_task_mapping_with_no_taskflow_operators.py
[2025-03-13T17:32:32.277+0000] {processor.py:925} INFO - DAG(s) 'example_dynamic_task_mapping_with_no_taskflow_operators' retrieved from /root/venv/lib/python3.12/site-packages/airflow/example_dags/example_dynamic_task_mapping_with_no_taskflow_operators.py
[2025-03-13T17:32:32.303+0000] {logging_mixin.py:190} INFO - [2025-03-13T17:32:32.302+0000] {dag.py:3239} INFO - Sync 1 DAGs
[2025-03-13T17:32:32.320+0000] {logging_mixin.py:190} INFO - [2025-03-13T17:32:32.319+0000] {dag.py:4180} INFO - Setting next_dagrun for example_dynamic_task_mapping_with_no_taskflow_operators to None, run_after=None
[2025-03-13T17:32:32.344+0000] {processor.py:208} INFO - Processing /root/venv/lib/python3.12/site-packages/airflow/example_dags/example_dynamic_task_mapping_with_no_taskflow_operators.py took 0.089 seconds
[2025-03-13T17:33:32.588+0000] {processor.py:186} INFO - Started process (PID=1659074) to work on /root/venv/lib/python3.12/site-packages/airflow/example_dags/example_dynamic_task_mapping_with_no_taskflow_operators.py
[2025-03-13T17:33:32.590+0000] {processor.py:914} INFO - Processing file /root/venv/lib/python3.12/site-packages/airflow/example_dags/example_dynamic_task_mapping_with_no_taskflow_operators.py for tasks to queue
[2025-03-13T17:33:32.593+0000] {logging_mixin.py:190} INFO - [2025-03-13T17:33:32.593+0000] {dagbag.py:588} INFO - Filling up the DagBag from /root/venv/lib/python3.12/site-packages/airflow/example_dags/example_dynamic_task_mapping_with_no_taskflow_operators.py
[2025-03-13T17:33:32.608+0000] {processor.py:925} INFO - DAG(s) 'example_dynamic_task_mapping_with_no_taskflow_operators' retrieved from /root/venv/lib/python3.12/site-packages/airflow/example_dags/example_dynamic_task_mapping_with_no_taskflow_operators.py
[2025-03-13T17:33:32.629+0000] {logging_mixin.py:190} INFO - [2025-03-13T17:33:32.629+0000] {dag.py:3239} INFO - Sync 1 DAGs
[2025-03-13T17:33:32.644+0000] {logging_mixin.py:190} INFO - [2025-03-13T17:33:32.644+0000] {dag.py:4180} INFO - Setting next_dagrun for example_dynamic_task_mapping_with_no_taskflow_operators to None, run_after=None
[2025-03-13T17:33:32.666+0000] {processor.py:208} INFO - Processing /root/venv/lib/python3.12/site-packages/airflow/example_dags/example_dynamic_task_mapping_with_no_taskflow_operators.py took 0.087 seconds
[2025-03-13T17:35:16.070+0000] {processor.py:186} INFO - Started process (PID=1659188) to work on /root/venv/lib/python3.12/site-packages/airflow/example_dags/example_dynamic_task_mapping_with_no_taskflow_operators.py
[2025-03-13T17:35:16.071+0000] {processor.py:914} INFO - Processing file /root/venv/lib/python3.12/site-packages/airflow/example_dags/example_dynamic_task_mapping_with_no_taskflow_operators.py for tasks to queue
[2025-03-13T17:35:16.074+0000] {logging_mixin.py:190} INFO - [2025-03-13T17:35:16.074+0000] {dagbag.py:588} INFO - Filling up the DagBag from /root/venv/lib/python3.12/site-packages/airflow/example_dags/example_dynamic_task_mapping_with_no_taskflow_operators.py
[2025-03-13T17:35:16.084+0000] {processor.py:925} INFO - DAG(s) 'example_dynamic_task_mapping_with_no_taskflow_operators' retrieved from /root/venv/lib/python3.12/site-packages/airflow/example_dags/example_dynamic_task_mapping_with_no_taskflow_operators.py
[2025-03-13T17:35:16.104+0000] {logging_mixin.py:190} INFO - [2025-03-13T17:35:16.104+0000] {dag.py:3239} INFO - Sync 1 DAGs
[2025-03-13T17:35:16.118+0000] {logging_mixin.py:190} INFO - [2025-03-13T17:35:16.118+0000] {dag.py:4180} INFO - Setting next_dagrun for example_dynamic_task_mapping_with_no_taskflow_operators to None, run_after=None
[2025-03-13T17:35:16.143+0000] {processor.py:208} INFO - Processing /root/venv/lib/python3.12/site-packages/airflow/example_dags/example_dynamic_task_mapping_with_no_taskflow_operators.py took 0.079 seconds
[2025-03-13T17:36:13.845+0000] {processor.py:186} INFO - Started process (PID=1659249) to work on /root/venv/lib/python3.12/site-packages/airflow/example_dags/example_dynamic_task_mapping_with_no_taskflow_operators.py
[2025-03-13T17:36:13.847+0000] {processor.py:914} INFO - Processing file /root/venv/lib/python3.12/site-packages/airflow/example_dags/example_dynamic_task_mapping_with_no_taskflow_operators.py for tasks to queue
[2025-03-13T17:36:13.849+0000] {logging_mixin.py:190} INFO - [2025-03-13T17:36:13.849+0000] {dagbag.py:588} INFO - Filling up the DagBag from /root/venv/lib/python3.12/site-packages/airflow/example_dags/example_dynamic_task_mapping_with_no_taskflow_operators.py
[2025-03-13T17:36:13.861+0000] {processor.py:925} INFO - DAG(s) 'example_dynamic_task_mapping_with_no_taskflow_operators' retrieved from /root/venv/lib/python3.12/site-packages/airflow/example_dags/example_dynamic_task_mapping_with_no_taskflow_operators.py
[2025-03-13T17:36:13.880+0000] {logging_mixin.py:190} INFO - [2025-03-13T17:36:13.880+0000] {dag.py:3239} INFO - Sync 1 DAGs
[2025-03-13T17:36:13.896+0000] {logging_mixin.py:190} INFO - [2025-03-13T17:36:13.895+0000] {dag.py:4180} INFO - Setting next_dagrun for example_dynamic_task_mapping_with_no_taskflow_operators to None, run_after=None
[2025-03-13T17:36:13.918+0000] {processor.py:208} INFO - Processing /root/venv/lib/python3.12/site-packages/airflow/example_dags/example_dynamic_task_mapping_with_no_taskflow_operators.py took 0.080 seconds
[2025-03-13T17:37:16.800+0000] {processor.py:186} INFO - Started process (PID=1659317) to work on /root/venv/lib/python3.12/site-packages/airflow/example_dags/example_dynamic_task_mapping_with_no_taskflow_operators.py
[2025-03-13T17:37:16.802+0000] {processor.py:914} INFO - Processing file /root/venv/lib/python3.12/site-packages/airflow/example_dags/example_dynamic_task_mapping_with_no_taskflow_operators.py for tasks to queue
[2025-03-13T17:37:16.805+0000] {logging_mixin.py:190} INFO - [2025-03-13T17:37:16.804+0000] {dagbag.py:588} INFO - Filling up the DagBag from /root/venv/lib/python3.12/site-packages/airflow/example_dags/example_dynamic_task_mapping_with_no_taskflow_operators.py
[2025-03-13T17:37:16.816+0000] {processor.py:925} INFO - DAG(s) 'example_dynamic_task_mapping_with_no_taskflow_operators' retrieved from /root/venv/lib/python3.12/site-packages/airflow/example_dags/example_dynamic_task_mapping_with_no_taskflow_operators.py
[2025-03-13T17:37:16.837+0000] {logging_mixin.py:190} INFO - [2025-03-13T17:37:16.836+0000] {dag.py:3239} INFO - Sync 1 DAGs
[2025-03-13T17:37:16.854+0000] {logging_mixin.py:190} INFO - [2025-03-13T17:37:16.854+0000] {dag.py:4180} INFO - Setting next_dagrun for example_dynamic_task_mapping_with_no_taskflow_operators to None, run_after=None
[2025-03-13T17:37:16.882+0000] {processor.py:208} INFO - Processing /root/venv/lib/python3.12/site-packages/airflow/example_dags/example_dynamic_task_mapping_with_no_taskflow_operators.py took 0.088 seconds
[2025-03-13T17:38:19.971+0000] {processor.py:186} INFO - Started process (PID=1659380) to work on /root/venv/lib/python3.12/site-packages/airflow/example_dags/example_dynamic_task_mapping_with_no_taskflow_operators.py
[2025-03-13T17:38:19.973+0000] {processor.py:914} INFO - Processing file /root/venv/lib/python3.12/site-packages/airflow/example_dags/example_dynamic_task_mapping_with_no_taskflow_operators.py for tasks to queue
[2025-03-13T17:38:19.977+0000] {logging_mixin.py:190} INFO - [2025-03-13T17:38:19.976+0000] {dagbag.py:588} INFO - Filling up the DagBag from /root/venv/lib/python3.12/site-packages/airflow/example_dags/example_dynamic_task_mapping_with_no_taskflow_operators.py
[2025-03-13T17:38:19.992+0000] {processor.py:925} INFO - DAG(s) 'example_dynamic_task_mapping_with_no_taskflow_operators' retrieved from /root/venv/lib/python3.12/site-packages/airflow/example_dags/example_dynamic_task_mapping_with_no_taskflow_operators.py
[2025-03-13T17:38:20.019+0000] {logging_mixin.py:190} INFO - [2025-03-13T17:38:20.018+0000] {dag.py:3239} INFO - Sync 1 DAGs
[2025-03-13T17:38:20.039+0000] {logging_mixin.py:190} INFO - [2025-03-13T17:38:20.038+0000] {dag.py:4180} INFO - Setting next_dagrun for example_dynamic_task_mapping_with_no_taskflow_operators to None, run_after=None
[2025-03-13T17:38:20.074+0000] {processor.py:208} INFO - Processing /root/venv/lib/python3.12/site-packages/airflow/example_dags/example_dynamic_task_mapping_with_no_taskflow_operators.py took 0.112 seconds
[2025-03-13T17:39:21.337+0000] {processor.py:186} INFO - Started process (PID=1659441) to work on /root/venv/lib/python3.12/site-packages/airflow/example_dags/example_dynamic_task_mapping_with_no_taskflow_operators.py
[2025-03-13T17:39:21.338+0000] {processor.py:914} INFO - Processing file /root/venv/lib/python3.12/site-packages/airflow/example_dags/example_dynamic_task_mapping_with_no_taskflow_operators.py for tasks to queue
[2025-03-13T17:39:21.341+0000] {logging_mixin.py:190} INFO - [2025-03-13T17:39:21.340+0000] {dagbag.py:588} INFO - Filling up the DagBag from /root/venv/lib/python3.12/site-packages/airflow/example_dags/example_dynamic_task_mapping_with_no_taskflow_operators.py
[2025-03-13T17:39:21.352+0000] {processor.py:925} INFO - DAG(s) 'example_dynamic_task_mapping_with_no_taskflow_operators' retrieved from /root/venv/lib/python3.12/site-packages/airflow/example_dags/example_dynamic_task_mapping_with_no_taskflow_operators.py
[2025-03-13T17:39:21.372+0000] {logging_mixin.py:190} INFO - [2025-03-13T17:39:21.372+0000] {dag.py:3239} INFO - Sync 1 DAGs
[2025-03-13T17:39:21.387+0000] {logging_mixin.py:190} INFO - [2025-03-13T17:39:21.386+0000] {dag.py:4180} INFO - Setting next_dagrun for example_dynamic_task_mapping_with_no_taskflow_operators to None, run_after=None
[2025-03-13T17:39:21.410+0000] {processor.py:208} INFO - Processing /root/venv/lib/python3.12/site-packages/airflow/example_dags/example_dynamic_task_mapping_with_no_taskflow_operators.py took 0.080 seconds
[2025-03-13T17:40:21.039+0000] {processor.py:186} INFO - Started process (PID=1659500) to work on /root/venv/lib/python3.12/site-packages/airflow/example_dags/example_dynamic_task_mapping_with_no_taskflow_operators.py
[2025-03-13T17:40:21.041+0000] {processor.py:914} INFO - Processing file /root/venv/lib/python3.12/site-packages/airflow/example_dags/example_dynamic_task_mapping_with_no_taskflow_operators.py for tasks to queue
[2025-03-13T17:40:21.044+0000] {logging_mixin.py:190} INFO - [2025-03-13T17:40:21.043+0000] {dagbag.py:588} INFO - Filling up the DagBag from /root/venv/lib/python3.12/site-packages/airflow/example_dags/example_dynamic_task_mapping_with_no_taskflow_operators.py
[2025-03-13T17:40:21.057+0000] {processor.py:925} INFO - DAG(s) 'example_dynamic_task_mapping_with_no_taskflow_operators' retrieved from /root/venv/lib/python3.12/site-packages/airflow/example_dags/example_dynamic_task_mapping_with_no_taskflow_operators.py
[2025-03-13T17:40:21.079+0000] {logging_mixin.py:190} INFO - [2025-03-13T17:40:21.078+0000] {dag.py:3239} INFO - Sync 1 DAGs
[2025-03-13T17:40:21.095+0000] {logging_mixin.py:190} INFO - [2025-03-13T17:40:21.095+0000] {dag.py:4180} INFO - Setting next_dagrun for example_dynamic_task_mapping_with_no_taskflow_operators to None, run_after=None
[2025-03-13T17:40:21.136+0000] {processor.py:208} INFO - Processing /root/venv/lib/python3.12/site-packages/airflow/example_dags/example_dynamic_task_mapping_with_no_taskflow_operators.py took 0.105 seconds
[2025-03-13T17:41:20.324+0000] {processor.py:186} INFO - Started process (PID=1659572) to work on /root/venv/lib/python3.12/site-packages/airflow/example_dags/example_dynamic_task_mapping_with_no_taskflow_operators.py
[2025-03-13T17:41:20.326+0000] {processor.py:914} INFO - Processing file /root/venv/lib/python3.12/site-packages/airflow/example_dags/example_dynamic_task_mapping_with_no_taskflow_operators.py for tasks to queue
[2025-03-13T17:41:20.330+0000] {logging_mixin.py:190} INFO - [2025-03-13T17:41:20.329+0000] {dagbag.py:588} INFO - Filling up the DagBag from /root/venv/lib/python3.12/site-packages/airflow/example_dags/example_dynamic_task_mapping_with_no_taskflow_operators.py
[2025-03-13T17:41:20.344+0000] {processor.py:925} INFO - DAG(s) 'example_dynamic_task_mapping_with_no_taskflow_operators' retrieved from /root/venv/lib/python3.12/site-packages/airflow/example_dags/example_dynamic_task_mapping_with_no_taskflow_operators.py
[2025-03-13T17:41:20.371+0000] {logging_mixin.py:190} INFO - [2025-03-13T17:41:20.371+0000] {dag.py:3239} INFO - Sync 1 DAGs
[2025-03-13T17:41:20.393+0000] {logging_mixin.py:190} INFO - [2025-03-13T17:41:20.393+0000] {dag.py:4180} INFO - Setting next_dagrun for example_dynamic_task_mapping_with_no_taskflow_operators to None, run_after=None
[2025-03-13T17:41:20.563+0000] {processor.py:208} INFO - Processing /root/venv/lib/python3.12/site-packages/airflow/example_dags/example_dynamic_task_mapping_with_no_taskflow_operators.py took 0.248 seconds
[2025-03-13T17:42:29.407+0000] {processor.py:186} INFO - Started process (PID=1659642) to work on /root/venv/lib/python3.12/site-packages/airflow/example_dags/example_dynamic_task_mapping_with_no_taskflow_operators.py
[2025-03-13T17:42:29.409+0000] {processor.py:914} INFO - Processing file /root/venv/lib/python3.12/site-packages/airflow/example_dags/example_dynamic_task_mapping_with_no_taskflow_operators.py for tasks to queue
[2025-03-13T17:42:29.412+0000] {logging_mixin.py:190} INFO - [2025-03-13T17:42:29.411+0000] {dagbag.py:588} INFO - Filling up the DagBag from /root/venv/lib/python3.12/site-packages/airflow/example_dags/example_dynamic_task_mapping_with_no_taskflow_operators.py
[2025-03-13T17:42:29.425+0000] {processor.py:925} INFO - DAG(s) 'example_dynamic_task_mapping_with_no_taskflow_operators' retrieved from /root/venv/lib/python3.12/site-packages/airflow/example_dags/example_dynamic_task_mapping_with_no_taskflow_operators.py
[2025-03-13T17:42:29.448+0000] {logging_mixin.py:190} INFO - [2025-03-13T17:42:29.448+0000] {dag.py:3239} INFO - Sync 1 DAGs
[2025-03-13T17:42:29.465+0000] {logging_mixin.py:190} INFO - [2025-03-13T17:42:29.465+0000] {dag.py:4180} INFO - Setting next_dagrun for example_dynamic_task_mapping_with_no_taskflow_operators to None, run_after=None
[2025-03-13T17:42:29.491+0000] {processor.py:208} INFO - Processing /root/venv/lib/python3.12/site-packages/airflow/example_dags/example_dynamic_task_mapping_with_no_taskflow_operators.py took 0.093 seconds
[2025-03-13T17:43:28.387+0000] {processor.py:186} INFO - Started process (PID=1659701) to work on /root/venv/lib/python3.12/site-packages/airflow/example_dags/example_dynamic_task_mapping_with_no_taskflow_operators.py
[2025-03-13T17:43:28.389+0000] {processor.py:914} INFO - Processing file /root/venv/lib/python3.12/site-packages/airflow/example_dags/example_dynamic_task_mapping_with_no_taskflow_operators.py for tasks to queue
[2025-03-13T17:43:28.393+0000] {logging_mixin.py:190} INFO - [2025-03-13T17:43:28.393+0000] {dagbag.py:588} INFO - Filling up the DagBag from /root/venv/lib/python3.12/site-packages/airflow/example_dags/example_dynamic_task_mapping_with_no_taskflow_operators.py
[2025-03-13T17:43:28.411+0000] {processor.py:925} INFO - DAG(s) 'example_dynamic_task_mapping_with_no_taskflow_operators' retrieved from /root/venv/lib/python3.12/site-packages/airflow/example_dags/example_dynamic_task_mapping_with_no_taskflow_operators.py
[2025-03-13T17:43:28.440+0000] {logging_mixin.py:190} INFO - [2025-03-13T17:43:28.440+0000] {dag.py:3239} INFO - Sync 1 DAGs
[2025-03-13T17:43:28.464+0000] {logging_mixin.py:190} INFO - [2025-03-13T17:43:28.464+0000] {dag.py:4180} INFO - Setting next_dagrun for example_dynamic_task_mapping_with_no_taskflow_operators to None, run_after=None
[2025-03-13T17:43:28.501+0000] {processor.py:208} INFO - Processing /root/venv/lib/python3.12/site-packages/airflow/example_dags/example_dynamic_task_mapping_with_no_taskflow_operators.py took 0.127 seconds
[2025-03-13T17:44:29.824+0000] {processor.py:186} INFO - Started process (PID=1659780) to work on /root/venv/lib/python3.12/site-packages/airflow/example_dags/example_dynamic_task_mapping_with_no_taskflow_operators.py
[2025-03-13T17:44:29.825+0000] {processor.py:914} INFO - Processing file /root/venv/lib/python3.12/site-packages/airflow/example_dags/example_dynamic_task_mapping_with_no_taskflow_operators.py for tasks to queue
[2025-03-13T17:44:29.828+0000] {logging_mixin.py:190} INFO - [2025-03-13T17:44:29.828+0000] {dagbag.py:588} INFO - Filling up the DagBag from /root/venv/lib/python3.12/site-packages/airflow/example_dags/example_dynamic_task_mapping_with_no_taskflow_operators.py
[2025-03-13T17:44:29.840+0000] {processor.py:925} INFO - DAG(s) 'example_dynamic_task_mapping_with_no_taskflow_operators' retrieved from /root/venv/lib/python3.12/site-packages/airflow/example_dags/example_dynamic_task_mapping_with_no_taskflow_operators.py
[2025-03-13T17:44:29.859+0000] {logging_mixin.py:190} INFO - [2025-03-13T17:44:29.859+0000] {dag.py:3239} INFO - Sync 1 DAGs
[2025-03-13T17:44:29.875+0000] {logging_mixin.py:190} INFO - [2025-03-13T17:44:29.875+0000] {dag.py:4180} INFO - Setting next_dagrun for example_dynamic_task_mapping_with_no_taskflow_operators to None, run_after=None
[2025-03-13T17:44:29.898+0000] {processor.py:208} INFO - Processing /root/venv/lib/python3.12/site-packages/airflow/example_dags/example_dynamic_task_mapping_with_no_taskflow_operators.py took 0.081 seconds
[2025-03-13T17:45:34.387+0000] {processor.py:186} INFO - Started process (PID=1659848) to work on /root/venv/lib/python3.12/site-packages/airflow/example_dags/example_dynamic_task_mapping_with_no_taskflow_operators.py
[2025-03-13T17:45:34.389+0000] {processor.py:914} INFO - Processing file /root/venv/lib/python3.12/site-packages/airflow/example_dags/example_dynamic_task_mapping_with_no_taskflow_operators.py for tasks to queue
[2025-03-13T17:45:34.393+0000] {logging_mixin.py:190} INFO - [2025-03-13T17:45:34.392+0000] {dagbag.py:588} INFO - Filling up the DagBag from /root/venv/lib/python3.12/site-packages/airflow/example_dags/example_dynamic_task_mapping_with_no_taskflow_operators.py
[2025-03-13T17:45:34.406+0000] {processor.py:925} INFO - DAG(s) 'example_dynamic_task_mapping_with_no_taskflow_operators' retrieved from /root/venv/lib/python3.12/site-packages/airflow/example_dags/example_dynamic_task_mapping_with_no_taskflow_operators.py
[2025-03-13T17:45:34.429+0000] {logging_mixin.py:190} INFO - [2025-03-13T17:45:34.429+0000] {dag.py:3239} INFO - Sync 1 DAGs
[2025-03-13T17:45:34.451+0000] {logging_mixin.py:190} INFO - [2025-03-13T17:45:34.451+0000] {dag.py:4180} INFO - Setting next_dagrun for example_dynamic_task_mapping_with_no_taskflow_operators to None, run_after=None
[2025-03-13T17:45:34.484+0000] {processor.py:208} INFO - Processing /root/venv/lib/python3.12/site-packages/airflow/example_dags/example_dynamic_task_mapping_with_no_taskflow_operators.py took 0.106 seconds
[2025-03-13T17:46:39.557+0000] {processor.py:186} INFO - Started process (PID=1659913) to work on /root/venv/lib/python3.12/site-packages/airflow/example_dags/example_dynamic_task_mapping_with_no_taskflow_operators.py
[2025-03-13T17:46:39.558+0000] {processor.py:914} INFO - Processing file /root/venv/lib/python3.12/site-packages/airflow/example_dags/example_dynamic_task_mapping_with_no_taskflow_operators.py for tasks to queue
[2025-03-13T17:46:39.562+0000] {logging_mixin.py:190} INFO - [2025-03-13T17:46:39.561+0000] {dagbag.py:588} INFO - Filling up the DagBag from /root/venv/lib/python3.12/site-packages/airflow/example_dags/example_dynamic_task_mapping_with_no_taskflow_operators.py
[2025-03-13T17:46:39.574+0000] {processor.py:925} INFO - DAG(s) 'example_dynamic_task_mapping_with_no_taskflow_operators' retrieved from /root/venv/lib/python3.12/site-packages/airflow/example_dags/example_dynamic_task_mapping_with_no_taskflow_operators.py
[2025-03-13T17:46:39.596+0000] {logging_mixin.py:190} INFO - [2025-03-13T17:46:39.596+0000] {dag.py:3239} INFO - Sync 1 DAGs
[2025-03-13T17:46:39.620+0000] {logging_mixin.py:190} INFO - [2025-03-13T17:46:39.619+0000] {dag.py:4180} INFO - Setting next_dagrun for example_dynamic_task_mapping_with_no_taskflow_operators to None, run_after=None
[2025-03-13T17:46:39.651+0000] {processor.py:208} INFO - Processing /root/venv/lib/python3.12/site-packages/airflow/example_dags/example_dynamic_task_mapping_with_no_taskflow_operators.py took 0.103 seconds
[2025-03-13T17:47:38.555+0000] {processor.py:186} INFO - Started process (PID=1659975) to work on /root/venv/lib/python3.12/site-packages/airflow/example_dags/example_dynamic_task_mapping_with_no_taskflow_operators.py
[2025-03-13T17:47:38.557+0000] {processor.py:914} INFO - Processing file /root/venv/lib/python3.12/site-packages/airflow/example_dags/example_dynamic_task_mapping_with_no_taskflow_operators.py for tasks to queue
[2025-03-13T17:47:38.560+0000] {logging_mixin.py:190} INFO - [2025-03-13T17:47:38.559+0000] {dagbag.py:588} INFO - Filling up the DagBag from /root/venv/lib/python3.12/site-packages/airflow/example_dags/example_dynamic_task_mapping_with_no_taskflow_operators.py
[2025-03-13T17:47:38.572+0000] {processor.py:925} INFO - DAG(s) 'example_dynamic_task_mapping_with_no_taskflow_operators' retrieved from /root/venv/lib/python3.12/site-packages/airflow/example_dags/example_dynamic_task_mapping_with_no_taskflow_operators.py
[2025-03-13T17:47:38.592+0000] {logging_mixin.py:190} INFO - [2025-03-13T17:47:38.592+0000] {dag.py:3239} INFO - Sync 1 DAGs
[2025-03-13T17:47:38.607+0000] {logging_mixin.py:190} INFO - [2025-03-13T17:47:38.607+0000] {dag.py:4180} INFO - Setting next_dagrun for example_dynamic_task_mapping_with_no_taskflow_operators to None, run_after=None
[2025-03-13T17:47:38.629+0000] {processor.py:208} INFO - Processing /root/venv/lib/python3.12/site-packages/airflow/example_dags/example_dynamic_task_mapping_with_no_taskflow_operators.py took 0.081 seconds
[2025-03-13T17:48:39.986+0000] {processor.py:186} INFO - Started process (PID=1660038) to work on /root/venv/lib/python3.12/site-packages/airflow/example_dags/example_dynamic_task_mapping_with_no_taskflow_operators.py
[2025-03-13T17:48:39.988+0000] {processor.py:914} INFO - Processing file /root/venv/lib/python3.12/site-packages/airflow/example_dags/example_dynamic_task_mapping_with_no_taskflow_operators.py for tasks to queue
[2025-03-13T17:48:39.992+0000] {logging_mixin.py:190} INFO - [2025-03-13T17:48:39.991+0000] {dagbag.py:588} INFO - Filling up the DagBag from /root/venv/lib/python3.12/site-packages/airflow/example_dags/example_dynamic_task_mapping_with_no_taskflow_operators.py
[2025-03-13T17:48:40.006+0000] {processor.py:925} INFO - DAG(s) 'example_dynamic_task_mapping_with_no_taskflow_operators' retrieved from /root/venv/lib/python3.12/site-packages/airflow/example_dags/example_dynamic_task_mapping_with_no_taskflow_operators.py
[2025-03-13T17:48:40.029+0000] {logging_mixin.py:190} INFO - [2025-03-13T17:48:40.029+0000] {dag.py:3239} INFO - Sync 1 DAGs
[2025-03-13T17:48:40.049+0000] {logging_mixin.py:190} INFO - [2025-03-13T17:48:40.048+0000] {dag.py:4180} INFO - Setting next_dagrun for example_dynamic_task_mapping_with_no_taskflow_operators to None, run_after=None
[2025-03-13T17:48:40.077+0000] {processor.py:208} INFO - Processing /root/venv/lib/python3.12/site-packages/airflow/example_dags/example_dynamic_task_mapping_with_no_taskflow_operators.py took 0.102 seconds
[2025-03-13T17:49:41.502+0000] {processor.py:186} INFO - Started process (PID=1660102) to work on /root/venv/lib/python3.12/site-packages/airflow/example_dags/example_dynamic_task_mapping_with_no_taskflow_operators.py
[2025-03-13T17:49:41.503+0000] {processor.py:914} INFO - Processing file /root/venv/lib/python3.12/site-packages/airflow/example_dags/example_dynamic_task_mapping_with_no_taskflow_operators.py for tasks to queue
[2025-03-13T17:49:41.507+0000] {logging_mixin.py:190} INFO - [2025-03-13T17:49:41.506+0000] {dagbag.py:588} INFO - Filling up the DagBag from /root/venv/lib/python3.12/site-packages/airflow/example_dags/example_dynamic_task_mapping_with_no_taskflow_operators.py
[2025-03-13T17:49:41.524+0000] {processor.py:925} INFO - DAG(s) 'example_dynamic_task_mapping_with_no_taskflow_operators' retrieved from /root/venv/lib/python3.12/site-packages/airflow/example_dags/example_dynamic_task_mapping_with_no_taskflow_operators.py
[2025-03-13T17:49:41.552+0000] {logging_mixin.py:190} INFO - [2025-03-13T17:49:41.551+0000] {dag.py:3239} INFO - Sync 1 DAGs
[2025-03-13T17:49:41.574+0000] {logging_mixin.py:190} INFO - [2025-03-13T17:49:41.574+0000] {dag.py:4180} INFO - Setting next_dagrun for example_dynamic_task_mapping_with_no_taskflow_operators to None, run_after=None
[2025-03-13T17:49:41.607+0000] {processor.py:208} INFO - Processing /root/venv/lib/python3.12/site-packages/airflow/example_dags/example_dynamic_task_mapping_with_no_taskflow_operators.py took 0.117 seconds
[2025-03-13T17:50:45.602+0000] {processor.py:186} INFO - Started process (PID=1660172) to work on /root/venv/lib/python3.12/site-packages/airflow/example_dags/example_dynamic_task_mapping_with_no_taskflow_operators.py
[2025-03-13T17:50:45.604+0000] {processor.py:914} INFO - Processing file /root/venv/lib/python3.12/site-packages/airflow/example_dags/example_dynamic_task_mapping_with_no_taskflow_operators.py for tasks to queue
[2025-03-13T17:50:45.606+0000] {logging_mixin.py:190} INFO - [2025-03-13T17:50:45.606+0000] {dagbag.py:588} INFO - Filling up the DagBag from /root/venv/lib/python3.12/site-packages/airflow/example_dags/example_dynamic_task_mapping_with_no_taskflow_operators.py
[2025-03-13T17:50:45.619+0000] {processor.py:925} INFO - DAG(s) 'example_dynamic_task_mapping_with_no_taskflow_operators' retrieved from /root/venv/lib/python3.12/site-packages/airflow/example_dags/example_dynamic_task_mapping_with_no_taskflow_operators.py
[2025-03-13T17:50:45.642+0000] {logging_mixin.py:190} INFO - [2025-03-13T17:50:45.642+0000] {dag.py:3239} INFO - Sync 1 DAGs
[2025-03-13T17:50:45.655+0000] {logging_mixin.py:190} INFO - [2025-03-13T17:50:45.655+0000] {dag.py:4180} INFO - Setting next_dagrun for example_dynamic_task_mapping_with_no_taskflow_operators to None, run_after=None
[2025-03-13T17:50:45.683+0000] {processor.py:208} INFO - Processing /root/venv/lib/python3.12/site-packages/airflow/example_dags/example_dynamic_task_mapping_with_no_taskflow_operators.py took 0.087 seconds
[2025-03-13T17:51:49.529+0000] {processor.py:186} INFO - Started process (PID=1660234) to work on /root/venv/lib/python3.12/site-packages/airflow/example_dags/example_dynamic_task_mapping_with_no_taskflow_operators.py
[2025-03-13T17:51:49.531+0000] {processor.py:914} INFO - Processing file /root/venv/lib/python3.12/site-packages/airflow/example_dags/example_dynamic_task_mapping_with_no_taskflow_operators.py for tasks to queue
[2025-03-13T17:51:49.535+0000] {logging_mixin.py:190} INFO - [2025-03-13T17:51:49.534+0000] {dagbag.py:588} INFO - Filling up the DagBag from /root/venv/lib/python3.12/site-packages/airflow/example_dags/example_dynamic_task_mapping_with_no_taskflow_operators.py
[2025-03-13T17:51:49.548+0000] {processor.py:925} INFO - DAG(s) 'example_dynamic_task_mapping_with_no_taskflow_operators' retrieved from /root/venv/lib/python3.12/site-packages/airflow/example_dags/example_dynamic_task_mapping_with_no_taskflow_operators.py
[2025-03-13T17:51:49.575+0000] {logging_mixin.py:190} INFO - [2025-03-13T17:51:49.575+0000] {dag.py:3239} INFO - Sync 1 DAGs
[2025-03-13T17:51:49.592+0000] {logging_mixin.py:190} INFO - [2025-03-13T17:51:49.592+0000] {dag.py:4180} INFO - Setting next_dagrun for example_dynamic_task_mapping_with_no_taskflow_operators to None, run_after=None
[2025-03-13T17:51:49.616+0000] {processor.py:208} INFO - Processing /root/venv/lib/python3.12/site-packages/airflow/example_dags/example_dynamic_task_mapping_with_no_taskflow_operators.py took 0.095 seconds
[2025-03-13T17:52:52.296+0000] {processor.py:186} INFO - Started process (PID=1660297) to work on /root/venv/lib/python3.12/site-packages/airflow/example_dags/example_dynamic_task_mapping_with_no_taskflow_operators.py
[2025-03-13T17:52:52.298+0000] {processor.py:914} INFO - Processing file /root/venv/lib/python3.12/site-packages/airflow/example_dags/example_dynamic_task_mapping_with_no_taskflow_operators.py for tasks to queue
[2025-03-13T17:52:52.304+0000] {logging_mixin.py:190} INFO - [2025-03-13T17:52:52.303+0000] {dagbag.py:588} INFO - Filling up the DagBag from /root/venv/lib/python3.12/site-packages/airflow/example_dags/example_dynamic_task_mapping_with_no_taskflow_operators.py
[2025-03-13T17:52:52.322+0000] {processor.py:925} INFO - DAG(s) 'example_dynamic_task_mapping_with_no_taskflow_operators' retrieved from /root/venv/lib/python3.12/site-packages/airflow/example_dags/example_dynamic_task_mapping_with_no_taskflow_operators.py
[2025-03-13T17:52:52.354+0000] {logging_mixin.py:190} INFO - [2025-03-13T17:52:52.354+0000] {dag.py:3239} INFO - Sync 1 DAGs
[2025-03-13T17:52:52.381+0000] {logging_mixin.py:190} INFO - [2025-03-13T17:52:52.381+0000] {dag.py:4180} INFO - Setting next_dagrun for example_dynamic_task_mapping_with_no_taskflow_operators to None, run_after=None
[2025-03-13T17:52:52.422+0000] {processor.py:208} INFO - Processing /root/venv/lib/python3.12/site-packages/airflow/example_dags/example_dynamic_task_mapping_with_no_taskflow_operators.py took 0.135 seconds
[2025-03-13T17:53:54.402+0000] {processor.py:186} INFO - Started process (PID=1660360) to work on /root/venv/lib/python3.12/site-packages/airflow/example_dags/example_dynamic_task_mapping_with_no_taskflow_operators.py
[2025-03-13T17:53:54.404+0000] {processor.py:914} INFO - Processing file /root/venv/lib/python3.12/site-packages/airflow/example_dags/example_dynamic_task_mapping_with_no_taskflow_operators.py for tasks to queue
[2025-03-13T17:53:54.407+0000] {logging_mixin.py:190} INFO - [2025-03-13T17:53:54.407+0000] {dagbag.py:588} INFO - Filling up the DagBag from /root/venv/lib/python3.12/site-packages/airflow/example_dags/example_dynamic_task_mapping_with_no_taskflow_operators.py
[2025-03-13T17:53:54.418+0000] {processor.py:925} INFO - DAG(s) 'example_dynamic_task_mapping_with_no_taskflow_operators' retrieved from /root/venv/lib/python3.12/site-packages/airflow/example_dags/example_dynamic_task_mapping_with_no_taskflow_operators.py
[2025-03-13T17:53:54.438+0000] {logging_mixin.py:190} INFO - [2025-03-13T17:53:54.438+0000] {dag.py:3239} INFO - Sync 1 DAGs
[2025-03-13T17:53:54.453+0000] {logging_mixin.py:190} INFO - [2025-03-13T17:53:54.453+0000] {dag.py:4180} INFO - Setting next_dagrun for example_dynamic_task_mapping_with_no_taskflow_operators to None, run_after=None
[2025-03-13T17:53:54.476+0000] {processor.py:208} INFO - Processing /root/venv/lib/python3.12/site-packages/airflow/example_dags/example_dynamic_task_mapping_with_no_taskflow_operators.py took 0.084 seconds
[2025-03-13T17:54:57.884+0000] {processor.py:186} INFO - Started process (PID=1660422) to work on /root/venv/lib/python3.12/site-packages/airflow/example_dags/example_dynamic_task_mapping_with_no_taskflow_operators.py
[2025-03-13T17:54:57.886+0000] {processor.py:914} INFO - Processing file /root/venv/lib/python3.12/site-packages/airflow/example_dags/example_dynamic_task_mapping_with_no_taskflow_operators.py for tasks to queue
[2025-03-13T17:54:57.890+0000] {logging_mixin.py:190} INFO - [2025-03-13T17:54:57.889+0000] {dagbag.py:588} INFO - Filling up the DagBag from /root/venv/lib/python3.12/site-packages/airflow/example_dags/example_dynamic_task_mapping_with_no_taskflow_operators.py
[2025-03-13T17:54:57.907+0000] {processor.py:925} INFO - DAG(s) 'example_dynamic_task_mapping_with_no_taskflow_operators' retrieved from /root/venv/lib/python3.12/site-packages/airflow/example_dags/example_dynamic_task_mapping_with_no_taskflow_operators.py
[2025-03-13T17:54:57.935+0000] {logging_mixin.py:190} INFO - [2025-03-13T17:54:57.935+0000] {dag.py:3239} INFO - Sync 1 DAGs
[2025-03-13T17:54:57.957+0000] {logging_mixin.py:190} INFO - [2025-03-13T17:54:57.957+0000] {dag.py:4180} INFO - Setting next_dagrun for example_dynamic_task_mapping_with_no_taskflow_operators to None, run_after=None
[2025-03-13T17:54:57.986+0000] {processor.py:208} INFO - Processing /root/venv/lib/python3.12/site-packages/airflow/example_dags/example_dynamic_task_mapping_with_no_taskflow_operators.py took 0.112 seconds
[2025-03-13T17:56:12.089+0000] {processor.py:186} INFO - Started process (PID=1660512) to work on /root/venv/lib/python3.12/site-packages/airflow/example_dags/example_dynamic_task_mapping_with_no_taskflow_operators.py
[2025-03-13T17:56:12.091+0000] {processor.py:914} INFO - Processing file /root/venv/lib/python3.12/site-packages/airflow/example_dags/example_dynamic_task_mapping_with_no_taskflow_operators.py for tasks to queue
[2025-03-13T17:56:12.095+0000] {logging_mixin.py:190} INFO - [2025-03-13T17:56:12.094+0000] {dagbag.py:588} INFO - Filling up the DagBag from /root/venv/lib/python3.12/site-packages/airflow/example_dags/example_dynamic_task_mapping_with_no_taskflow_operators.py
[2025-03-13T17:56:12.106+0000] {processor.py:925} INFO - DAG(s) 'example_dynamic_task_mapping_with_no_taskflow_operators' retrieved from /root/venv/lib/python3.12/site-packages/airflow/example_dags/example_dynamic_task_mapping_with_no_taskflow_operators.py
[2025-03-13T17:56:12.130+0000] {logging_mixin.py:190} INFO - [2025-03-13T17:56:12.130+0000] {dag.py:3239} INFO - Sync 1 DAGs
[2025-03-13T17:56:12.148+0000] {logging_mixin.py:190} INFO - [2025-03-13T17:56:12.148+0000] {dag.py:4180} INFO - Setting next_dagrun for example_dynamic_task_mapping_with_no_taskflow_operators to None, run_after=None
[2025-03-13T17:56:12.180+0000] {processor.py:208} INFO - Processing /root/venv/lib/python3.12/site-packages/airflow/example_dags/example_dynamic_task_mapping_with_no_taskflow_operators.py took 0.101 seconds
[2025-03-13T17:57:04.040+0000] {processor.py:186} INFO - Started process (PID=1660582) to work on /root/venv/lib/python3.12/site-packages/airflow/example_dags/example_dynamic_task_mapping_with_no_taskflow_operators.py
[2025-03-13T17:57:04.042+0000] {processor.py:914} INFO - Processing file /root/venv/lib/python3.12/site-packages/airflow/example_dags/example_dynamic_task_mapping_with_no_taskflow_operators.py for tasks to queue
[2025-03-13T17:57:04.047+0000] {logging_mixin.py:190} INFO - [2025-03-13T17:57:04.046+0000] {dagbag.py:588} INFO - Filling up the DagBag from /root/venv/lib/python3.12/site-packages/airflow/example_dags/example_dynamic_task_mapping_with_no_taskflow_operators.py
[2025-03-13T17:57:04.062+0000] {processor.py:925} INFO - DAG(s) 'example_dynamic_task_mapping_with_no_taskflow_operators' retrieved from /root/venv/lib/python3.12/site-packages/airflow/example_dags/example_dynamic_task_mapping_with_no_taskflow_operators.py
[2025-03-13T17:57:04.092+0000] {logging_mixin.py:190} INFO - [2025-03-13T17:57:04.092+0000] {dag.py:3239} INFO - Sync 1 DAGs
[2025-03-13T17:57:04.113+0000] {logging_mixin.py:190} INFO - [2025-03-13T17:57:04.113+0000] {dag.py:4180} INFO - Setting next_dagrun for example_dynamic_task_mapping_with_no_taskflow_operators to None, run_after=None
[2025-03-13T17:57:04.144+0000] {processor.py:208} INFO - Processing /root/venv/lib/python3.12/site-packages/airflow/example_dags/example_dynamic_task_mapping_with_no_taskflow_operators.py took 0.113 seconds
[2025-03-13T17:58:03.368+0000] {processor.py:186} INFO - Started process (PID=1660644) to work on /root/venv/lib/python3.12/site-packages/airflow/example_dags/example_dynamic_task_mapping_with_no_taskflow_operators.py
[2025-03-13T17:58:03.370+0000] {processor.py:914} INFO - Processing file /root/venv/lib/python3.12/site-packages/airflow/example_dags/example_dynamic_task_mapping_with_no_taskflow_operators.py for tasks to queue
[2025-03-13T17:58:03.373+0000] {logging_mixin.py:190} INFO - [2025-03-13T17:58:03.372+0000] {dagbag.py:588} INFO - Filling up the DagBag from /root/venv/lib/python3.12/site-packages/airflow/example_dags/example_dynamic_task_mapping_with_no_taskflow_operators.py
[2025-03-13T17:58:03.387+0000] {processor.py:925} INFO - DAG(s) 'example_dynamic_task_mapping_with_no_taskflow_operators' retrieved from /root/venv/lib/python3.12/site-packages/airflow/example_dags/example_dynamic_task_mapping_with_no_taskflow_operators.py
[2025-03-13T17:58:03.412+0000] {logging_mixin.py:190} INFO - [2025-03-13T17:58:03.412+0000] {dag.py:3239} INFO - Sync 1 DAGs
[2025-03-13T17:58:03.434+0000] {logging_mixin.py:190} INFO - [2025-03-13T17:58:03.434+0000] {dag.py:4180} INFO - Setting next_dagrun for example_dynamic_task_mapping_with_no_taskflow_operators to None, run_after=None
[2025-03-13T17:58:03.465+0000] {processor.py:208} INFO - Processing /root/venv/lib/python3.12/site-packages/airflow/example_dags/example_dynamic_task_mapping_with_no_taskflow_operators.py took 0.108 seconds
[2025-03-13T17:59:02.284+0000] {processor.py:186} INFO - Started process (PID=1660713) to work on /root/venv/lib/python3.12/site-packages/airflow/example_dags/example_dynamic_task_mapping_with_no_taskflow_operators.py
[2025-03-13T17:59:02.286+0000] {processor.py:914} INFO - Processing file /root/venv/lib/python3.12/site-packages/airflow/example_dags/example_dynamic_task_mapping_with_no_taskflow_operators.py for tasks to queue
[2025-03-13T17:59:02.290+0000] {logging_mixin.py:190} INFO - [2025-03-13T17:59:02.289+0000] {dagbag.py:588} INFO - Filling up the DagBag from /root/venv/lib/python3.12/site-packages/airflow/example_dags/example_dynamic_task_mapping_with_no_taskflow_operators.py
[2025-03-13T17:59:02.306+0000] {processor.py:925} INFO - DAG(s) 'example_dynamic_task_mapping_with_no_taskflow_operators' retrieved from /root/venv/lib/python3.12/site-packages/airflow/example_dags/example_dynamic_task_mapping_with_no_taskflow_operators.py
[2025-03-13T17:59:02.333+0000] {logging_mixin.py:190} INFO - [2025-03-13T17:59:02.333+0000] {dag.py:3239} INFO - Sync 1 DAGs
[2025-03-13T17:59:02.354+0000] {logging_mixin.py:190} INFO - [2025-03-13T17:59:02.354+0000] {dag.py:4180} INFO - Setting next_dagrun for example_dynamic_task_mapping_with_no_taskflow_operators to None, run_after=None
[2025-03-13T17:59:02.384+0000] {processor.py:208} INFO - Processing /root/venv/lib/python3.12/site-packages/airflow/example_dags/example_dynamic_task_mapping_with_no_taskflow_operators.py took 0.110 seconds
[2025-03-13T18:00:03.766+0000] {processor.py:186} INFO - Started process (PID=1660775) to work on /root/venv/lib/python3.12/site-packages/airflow/example_dags/example_dynamic_task_mapping_with_no_taskflow_operators.py
[2025-03-13T18:00:03.768+0000] {processor.py:914} INFO - Processing file /root/venv/lib/python3.12/site-packages/airflow/example_dags/example_dynamic_task_mapping_with_no_taskflow_operators.py for tasks to queue
[2025-03-13T18:00:03.772+0000] {logging_mixin.py:190} INFO - [2025-03-13T18:00:03.771+0000] {dagbag.py:588} INFO - Filling up the DagBag from /root/venv/lib/python3.12/site-packages/airflow/example_dags/example_dynamic_task_mapping_with_no_taskflow_operators.py
[2025-03-13T18:00:03.789+0000] {processor.py:925} INFO - DAG(s) 'example_dynamic_task_mapping_with_no_taskflow_operators' retrieved from /root/venv/lib/python3.12/site-packages/airflow/example_dags/example_dynamic_task_mapping_with_no_taskflow_operators.py
[2025-03-13T18:00:03.821+0000] {logging_mixin.py:190} INFO - [2025-03-13T18:00:03.820+0000] {dag.py:3239} INFO - Sync 1 DAGs
[2025-03-13T18:00:03.844+0000] {logging_mixin.py:190} INFO - [2025-03-13T18:00:03.843+0000] {dag.py:4180} INFO - Setting next_dagrun for example_dynamic_task_mapping_with_no_taskflow_operators to None, run_after=None
[2025-03-13T18:00:03.883+0000] {processor.py:208} INFO - Processing /root/venv/lib/python3.12/site-packages/airflow/example_dags/example_dynamic_task_mapping_with_no_taskflow_operators.py took 0.127 seconds
[2025-03-13T18:01:37.825+0000] {processor.py:186} INFO - Started process (PID=1660878) to work on /root/venv/lib/python3.12/site-packages/airflow/example_dags/example_dynamic_task_mapping_with_no_taskflow_operators.py
[2025-03-13T18:01:37.827+0000] {processor.py:914} INFO - Processing file /root/venv/lib/python3.12/site-packages/airflow/example_dags/example_dynamic_task_mapping_with_no_taskflow_operators.py for tasks to queue
[2025-03-13T18:01:37.830+0000] {logging_mixin.py:190} INFO - [2025-03-13T18:01:37.829+0000] {dagbag.py:588} INFO - Filling up the DagBag from /root/venv/lib/python3.12/site-packages/airflow/example_dags/example_dynamic_task_mapping_with_no_taskflow_operators.py
[2025-03-13T18:01:37.844+0000] {processor.py:925} INFO - DAG(s) 'example_dynamic_task_mapping_with_no_taskflow_operators' retrieved from /root/venv/lib/python3.12/site-packages/airflow/example_dags/example_dynamic_task_mapping_with_no_taskflow_operators.py
[2025-03-13T18:01:37.867+0000] {logging_mixin.py:190} INFO - [2025-03-13T18:01:37.867+0000] {dag.py:3239} INFO - Sync 1 DAGs
[2025-03-13T18:01:37.885+0000] {logging_mixin.py:190} INFO - [2025-03-13T18:01:37.885+0000] {dag.py:4180} INFO - Setting next_dagrun for example_dynamic_task_mapping_with_no_taskflow_operators to None, run_after=None
[2025-03-13T18:01:37.912+0000] {processor.py:208} INFO - Processing /root/venv/lib/python3.12/site-packages/airflow/example_dags/example_dynamic_task_mapping_with_no_taskflow_operators.py took 0.097 seconds
[2025-03-13T18:02:38.928+0000] {processor.py:186} INFO - Started process (PID=1660953) to work on /root/venv/lib/python3.12/site-packages/airflow/example_dags/example_dynamic_task_mapping_with_no_taskflow_operators.py
[2025-03-13T18:02:38.930+0000] {processor.py:914} INFO - Processing file /root/venv/lib/python3.12/site-packages/airflow/example_dags/example_dynamic_task_mapping_with_no_taskflow_operators.py for tasks to queue
[2025-03-13T18:02:38.933+0000] {logging_mixin.py:190} INFO - [2025-03-13T18:02:38.933+0000] {dagbag.py:588} INFO - Filling up the DagBag from /root/venv/lib/python3.12/site-packages/airflow/example_dags/example_dynamic_task_mapping_with_no_taskflow_operators.py
[2025-03-13T18:02:38.945+0000] {processor.py:925} INFO - DAG(s) 'example_dynamic_task_mapping_with_no_taskflow_operators' retrieved from /root/venv/lib/python3.12/site-packages/airflow/example_dags/example_dynamic_task_mapping_with_no_taskflow_operators.py
[2025-03-13T18:02:38.966+0000] {logging_mixin.py:190} INFO - [2025-03-13T18:02:38.965+0000] {dag.py:3239} INFO - Sync 1 DAGs
[2025-03-13T18:02:38.983+0000] {logging_mixin.py:190} INFO - [2025-03-13T18:02:38.983+0000] {dag.py:4180} INFO - Setting next_dagrun for example_dynamic_task_mapping_with_no_taskflow_operators to None, run_after=None
[2025-03-13T18:02:39.007+0000] {processor.py:208} INFO - Processing /root/venv/lib/python3.12/site-packages/airflow/example_dags/example_dynamic_task_mapping_with_no_taskflow_operators.py took 0.086 seconds
[2025-03-13T18:03:44.449+0000] {processor.py:186} INFO - Started process (PID=1661021) to work on /root/venv/lib/python3.12/site-packages/airflow/example_dags/example_dynamic_task_mapping_with_no_taskflow_operators.py
[2025-03-13T18:03:44.450+0000] {processor.py:914} INFO - Processing file /root/venv/lib/python3.12/site-packages/airflow/example_dags/example_dynamic_task_mapping_with_no_taskflow_operators.py for tasks to queue
[2025-03-13T18:03:44.453+0000] {logging_mixin.py:190} INFO - [2025-03-13T18:03:44.453+0000] {dagbag.py:588} INFO - Filling up the DagBag from /root/venv/lib/python3.12/site-packages/airflow/example_dags/example_dynamic_task_mapping_with_no_taskflow_operators.py
[2025-03-13T18:03:44.463+0000] {processor.py:925} INFO - DAG(s) 'example_dynamic_task_mapping_with_no_taskflow_operators' retrieved from /root/venv/lib/python3.12/site-packages/airflow/example_dags/example_dynamic_task_mapping_with_no_taskflow_operators.py
[2025-03-13T18:03:44.482+0000] {logging_mixin.py:190} INFO - [2025-03-13T18:03:44.481+0000] {dag.py:3239} INFO - Sync 1 DAGs
[2025-03-13T18:03:44.495+0000] {logging_mixin.py:190} INFO - [2025-03-13T18:03:44.495+0000] {dag.py:4180} INFO - Setting next_dagrun for example_dynamic_task_mapping_with_no_taskflow_operators to None, run_after=None
[2025-03-13T18:03:44.651+0000] {processor.py:208} INFO - Processing /root/venv/lib/python3.12/site-packages/airflow/example_dags/example_dynamic_task_mapping_with_no_taskflow_operators.py took 0.209 seconds
[2025-03-13T18:05:06.004+0000] {processor.py:186} INFO - Started process (PID=1661096) to work on /root/venv/lib/python3.12/site-packages/airflow/example_dags/example_dynamic_task_mapping_with_no_taskflow_operators.py
[2025-03-13T18:05:06.006+0000] {processor.py:914} INFO - Processing file /root/venv/lib/python3.12/site-packages/airflow/example_dags/example_dynamic_task_mapping_with_no_taskflow_operators.py for tasks to queue
[2025-03-13T18:05:06.010+0000] {logging_mixin.py:190} INFO - [2025-03-13T18:05:06.009+0000] {dagbag.py:588} INFO - Filling up the DagBag from /root/venv/lib/python3.12/site-packages/airflow/example_dags/example_dynamic_task_mapping_with_no_taskflow_operators.py
[2025-03-13T18:05:06.026+0000] {processor.py:925} INFO - DAG(s) 'example_dynamic_task_mapping_with_no_taskflow_operators' retrieved from /root/venv/lib/python3.12/site-packages/airflow/example_dags/example_dynamic_task_mapping_with_no_taskflow_operators.py
[2025-03-13T18:05:06.052+0000] {logging_mixin.py:190} INFO - [2025-03-13T18:05:06.051+0000] {dag.py:3239} INFO - Sync 1 DAGs
[2025-03-13T18:05:06.072+0000] {logging_mixin.py:190} INFO - [2025-03-13T18:05:06.072+0000] {dag.py:4180} INFO - Setting next_dagrun for example_dynamic_task_mapping_with_no_taskflow_operators to None, run_after=None
[2025-03-13T18:05:06.108+0000] {processor.py:208} INFO - Processing /root/venv/lib/python3.12/site-packages/airflow/example_dags/example_dynamic_task_mapping_with_no_taskflow_operators.py took 0.113 seconds
[2025-03-13T18:06:13.444+0000] {processor.py:186} INFO - Started process (PID=1661165) to work on /root/venv/lib/python3.12/site-packages/airflow/example_dags/example_dynamic_task_mapping_with_no_taskflow_operators.py
[2025-03-13T18:06:13.446+0000] {processor.py:914} INFO - Processing file /root/venv/lib/python3.12/site-packages/airflow/example_dags/example_dynamic_task_mapping_with_no_taskflow_operators.py for tasks to queue
[2025-03-13T18:06:13.449+0000] {logging_mixin.py:190} INFO - [2025-03-13T18:06:13.449+0000] {dagbag.py:588} INFO - Filling up the DagBag from /root/venv/lib/python3.12/site-packages/airflow/example_dags/example_dynamic_task_mapping_with_no_taskflow_operators.py
[2025-03-13T18:06:13.462+0000] {processor.py:925} INFO - DAG(s) 'example_dynamic_task_mapping_with_no_taskflow_operators' retrieved from /root/venv/lib/python3.12/site-packages/airflow/example_dags/example_dynamic_task_mapping_with_no_taskflow_operators.py
[2025-03-13T18:06:13.483+0000] {logging_mixin.py:190} INFO - [2025-03-13T18:06:13.483+0000] {dag.py:3239} INFO - Sync 1 DAGs
[2025-03-13T18:06:13.500+0000] {logging_mixin.py:190} INFO - [2025-03-13T18:06:13.500+0000] {dag.py:4180} INFO - Setting next_dagrun for example_dynamic_task_mapping_with_no_taskflow_operators to None, run_after=None
[2025-03-13T18:06:13.526+0000] {processor.py:208} INFO - Processing /root/venv/lib/python3.12/site-packages/airflow/example_dags/example_dynamic_task_mapping_with_no_taskflow_operators.py took 0.091 seconds
[2025-03-13T18:07:24.392+0000] {processor.py:186} INFO - Started process (PID=1661242) to work on /root/venv/lib/python3.12/site-packages/airflow/example_dags/example_dynamic_task_mapping_with_no_taskflow_operators.py
[2025-03-13T18:07:24.394+0000] {processor.py:914} INFO - Processing file /root/venv/lib/python3.12/site-packages/airflow/example_dags/example_dynamic_task_mapping_with_no_taskflow_operators.py for tasks to queue
[2025-03-13T18:07:24.397+0000] {logging_mixin.py:190} INFO - [2025-03-13T18:07:24.397+0000] {dagbag.py:588} INFO - Filling up the DagBag from /root/venv/lib/python3.12/site-packages/airflow/example_dags/example_dynamic_task_mapping_with_no_taskflow_operators.py
[2025-03-13T18:07:24.411+0000] {processor.py:925} INFO - DAG(s) 'example_dynamic_task_mapping_with_no_taskflow_operators' retrieved from /root/venv/lib/python3.12/site-packages/airflow/example_dags/example_dynamic_task_mapping_with_no_taskflow_operators.py
[2025-03-13T18:07:24.432+0000] {logging_mixin.py:190} INFO - [2025-03-13T18:07:24.432+0000] {dag.py:3239} INFO - Sync 1 DAGs
[2025-03-13T18:07:24.447+0000] {logging_mixin.py:190} INFO - [2025-03-13T18:07:24.447+0000] {dag.py:4180} INFO - Setting next_dagrun for example_dynamic_task_mapping_with_no_taskflow_operators to None, run_after=None
[2025-03-13T18:07:24.472+0000] {processor.py:208} INFO - Processing /root/venv/lib/python3.12/site-packages/airflow/example_dags/example_dynamic_task_mapping_with_no_taskflow_operators.py took 0.090 seconds
[2025-03-13T18:08:29.948+0000] {processor.py:186} INFO - Started process (PID=1661320) to work on /root/venv/lib/python3.12/site-packages/airflow/example_dags/example_dynamic_task_mapping_with_no_taskflow_operators.py
[2025-03-13T18:08:29.950+0000] {processor.py:914} INFO - Processing file /root/venv/lib/python3.12/site-packages/airflow/example_dags/example_dynamic_task_mapping_with_no_taskflow_operators.py for tasks to queue
[2025-03-13T18:08:29.953+0000] {logging_mixin.py:190} INFO - [2025-03-13T18:08:29.952+0000] {dagbag.py:588} INFO - Filling up the DagBag from /root/venv/lib/python3.12/site-packages/airflow/example_dags/example_dynamic_task_mapping_with_no_taskflow_operators.py
[2025-03-13T18:08:29.966+0000] {processor.py:925} INFO - DAG(s) 'example_dynamic_task_mapping_with_no_taskflow_operators' retrieved from /root/venv/lib/python3.12/site-packages/airflow/example_dags/example_dynamic_task_mapping_with_no_taskflow_operators.py
[2025-03-13T18:08:29.993+0000] {logging_mixin.py:190} INFO - [2025-03-13T18:08:29.992+0000] {dag.py:3239} INFO - Sync 1 DAGs
[2025-03-13T18:08:30.008+0000] {logging_mixin.py:190} INFO - [2025-03-13T18:08:30.008+0000] {dag.py:4180} INFO - Setting next_dagrun for example_dynamic_task_mapping_with_no_taskflow_operators to None, run_after=None
[2025-03-13T18:08:30.032+0000] {processor.py:208} INFO - Processing /root/venv/lib/python3.12/site-packages/airflow/example_dags/example_dynamic_task_mapping_with_no_taskflow_operators.py took 0.092 seconds
[2025-03-13T18:09:32.950+0000] {processor.py:186} INFO - Started process (PID=1661389) to work on /root/venv/lib/python3.12/site-packages/airflow/example_dags/example_dynamic_task_mapping_with_no_taskflow_operators.py
[2025-03-13T18:09:32.952+0000] {processor.py:914} INFO - Processing file /root/venv/lib/python3.12/site-packages/airflow/example_dags/example_dynamic_task_mapping_with_no_taskflow_operators.py for tasks to queue
[2025-03-13T18:09:32.955+0000] {logging_mixin.py:190} INFO - [2025-03-13T18:09:32.954+0000] {dagbag.py:588} INFO - Filling up the DagBag from /root/venv/lib/python3.12/site-packages/airflow/example_dags/example_dynamic_task_mapping_with_no_taskflow_operators.py
[2025-03-13T18:09:32.967+0000] {processor.py:925} INFO - DAG(s) 'example_dynamic_task_mapping_with_no_taskflow_operators' retrieved from /root/venv/lib/python3.12/site-packages/airflow/example_dags/example_dynamic_task_mapping_with_no_taskflow_operators.py
[2025-03-13T18:09:32.987+0000] {logging_mixin.py:190} INFO - [2025-03-13T18:09:32.987+0000] {dag.py:3239} INFO - Sync 1 DAGs
[2025-03-13T18:09:33.004+0000] {logging_mixin.py:190} INFO - [2025-03-13T18:09:33.003+0000] {dag.py:4180} INFO - Setting next_dagrun for example_dynamic_task_mapping_with_no_taskflow_operators to None, run_after=None
[2025-03-13T18:09:33.034+0000] {processor.py:208} INFO - Processing /root/venv/lib/python3.12/site-packages/airflow/example_dags/example_dynamic_task_mapping_with_no_taskflow_operators.py took 0.092 seconds
[2025-03-13T18:10:35.203+0000] {processor.py:186} INFO - Started process (PID=1661457) to work on /root/venv/lib/python3.12/site-packages/airflow/example_dags/example_dynamic_task_mapping_with_no_taskflow_operators.py
[2025-03-13T18:10:35.205+0000] {processor.py:914} INFO - Processing file /root/venv/lib/python3.12/site-packages/airflow/example_dags/example_dynamic_task_mapping_with_no_taskflow_operators.py for tasks to queue
[2025-03-13T18:10:35.210+0000] {logging_mixin.py:190} INFO - [2025-03-13T18:10:35.209+0000] {dagbag.py:588} INFO - Filling up the DagBag from /root/venv/lib/python3.12/site-packages/airflow/example_dags/example_dynamic_task_mapping_with_no_taskflow_operators.py
[2025-03-13T18:10:35.229+0000] {processor.py:925} INFO - DAG(s) 'example_dynamic_task_mapping_with_no_taskflow_operators' retrieved from /root/venv/lib/python3.12/site-packages/airflow/example_dags/example_dynamic_task_mapping_with_no_taskflow_operators.py
[2025-03-13T18:10:35.262+0000] {logging_mixin.py:190} INFO - [2025-03-13T18:10:35.262+0000] {dag.py:3239} INFO - Sync 1 DAGs
[2025-03-13T18:10:35.287+0000] {logging_mixin.py:190} INFO - [2025-03-13T18:10:35.287+0000] {dag.py:4180} INFO - Setting next_dagrun for example_dynamic_task_mapping_with_no_taskflow_operators to None, run_after=None
[2025-03-13T18:10:35.322+0000] {processor.py:208} INFO - Processing /root/venv/lib/python3.12/site-packages/airflow/example_dags/example_dynamic_task_mapping_with_no_taskflow_operators.py took 0.128 seconds
[2025-03-13T18:11:42.845+0000] {processor.py:186} INFO - Started process (PID=1661525) to work on /root/venv/lib/python3.12/site-packages/airflow/example_dags/example_dynamic_task_mapping_with_no_taskflow_operators.py
[2025-03-13T18:11:42.847+0000] {processor.py:914} INFO - Processing file /root/venv/lib/python3.12/site-packages/airflow/example_dags/example_dynamic_task_mapping_with_no_taskflow_operators.py for tasks to queue
[2025-03-13T18:11:42.848+0000] {logging_mixin.py:190} INFO - [2025-03-13T18:11:42.848+0000] {dagbag.py:588} INFO - Filling up the DagBag from /root/venv/lib/python3.12/site-packages/airflow/example_dags/example_dynamic_task_mapping_with_no_taskflow_operators.py
[2025-03-13T18:11:42.859+0000] {processor.py:925} INFO - DAG(s) 'example_dynamic_task_mapping_with_no_taskflow_operators' retrieved from /root/venv/lib/python3.12/site-packages/airflow/example_dags/example_dynamic_task_mapping_with_no_taskflow_operators.py
[2025-03-13T18:11:42.878+0000] {logging_mixin.py:190} INFO - [2025-03-13T18:11:42.878+0000] {dag.py:3239} INFO - Sync 1 DAGs
[2025-03-13T18:11:42.897+0000] {logging_mixin.py:190} INFO - [2025-03-13T18:11:42.897+0000] {dag.py:4180} INFO - Setting next_dagrun for example_dynamic_task_mapping_with_no_taskflow_operators to None, run_after=None
[2025-03-13T18:11:42.943+0000] {processor.py:208} INFO - Processing /root/venv/lib/python3.12/site-packages/airflow/example_dags/example_dynamic_task_mapping_with_no_taskflow_operators.py took 0.106 seconds
[2025-03-13T18:12:48.513+0000] {processor.py:186} INFO - Started process (PID=1661604) to work on /root/venv/lib/python3.12/site-packages/airflow/example_dags/example_dynamic_task_mapping_with_no_taskflow_operators.py
[2025-03-13T18:12:48.515+0000] {processor.py:914} INFO - Processing file /root/venv/lib/python3.12/site-packages/airflow/example_dags/example_dynamic_task_mapping_with_no_taskflow_operators.py for tasks to queue
[2025-03-13T18:12:48.517+0000] {logging_mixin.py:190} INFO - [2025-03-13T18:12:48.516+0000] {dagbag.py:588} INFO - Filling up the DagBag from /root/venv/lib/python3.12/site-packages/airflow/example_dags/example_dynamic_task_mapping_with_no_taskflow_operators.py
[2025-03-13T18:12:48.530+0000] {processor.py:925} INFO - DAG(s) 'example_dynamic_task_mapping_with_no_taskflow_operators' retrieved from /root/venv/lib/python3.12/site-packages/airflow/example_dags/example_dynamic_task_mapping_with_no_taskflow_operators.py
[2025-03-13T18:12:48.551+0000] {logging_mixin.py:190} INFO - [2025-03-13T18:12:48.551+0000] {dag.py:3239} INFO - Sync 1 DAGs
[2025-03-13T18:12:48.566+0000] {logging_mixin.py:190} INFO - [2025-03-13T18:12:48.566+0000] {dag.py:4180} INFO - Setting next_dagrun for example_dynamic_task_mapping_with_no_taskflow_operators to None, run_after=None
[2025-03-13T18:12:48.591+0000] {processor.py:208} INFO - Processing /root/venv/lib/python3.12/site-packages/airflow/example_dags/example_dynamic_task_mapping_with_no_taskflow_operators.py took 0.087 seconds
[2025-03-13T18:13:55.688+0000] {processor.py:186} INFO - Started process (PID=1661670) to work on /root/venv/lib/python3.12/site-packages/airflow/example_dags/example_dynamic_task_mapping_with_no_taskflow_operators.py
[2025-03-13T18:13:55.690+0000] {processor.py:914} INFO - Processing file /root/venv/lib/python3.12/site-packages/airflow/example_dags/example_dynamic_task_mapping_with_no_taskflow_operators.py for tasks to queue
[2025-03-13T18:13:55.693+0000] {logging_mixin.py:190} INFO - [2025-03-13T18:13:55.692+0000] {dagbag.py:588} INFO - Filling up the DagBag from /root/venv/lib/python3.12/site-packages/airflow/example_dags/example_dynamic_task_mapping_with_no_taskflow_operators.py
[2025-03-13T18:13:55.710+0000] {processor.py:925} INFO - DAG(s) 'example_dynamic_task_mapping_with_no_taskflow_operators' retrieved from /root/venv/lib/python3.12/site-packages/airflow/example_dags/example_dynamic_task_mapping_with_no_taskflow_operators.py
[2025-03-13T18:13:55.734+0000] {logging_mixin.py:190} INFO - [2025-03-13T18:13:55.734+0000] {dag.py:3239} INFO - Sync 1 DAGs
[2025-03-13T18:13:55.750+0000] {logging_mixin.py:190} INFO - [2025-03-13T18:13:55.749+0000] {dag.py:4180} INFO - Setting next_dagrun for example_dynamic_task_mapping_with_no_taskflow_operators to None, run_after=None
[2025-03-13T18:13:55.777+0000] {processor.py:208} INFO - Processing /root/venv/lib/python3.12/site-packages/airflow/example_dags/example_dynamic_task_mapping_with_no_taskflow_operators.py took 0.097 seconds
[2025-03-13T18:15:05.937+0000] {processor.py:186} INFO - Started process (PID=1661750) to work on /root/venv/lib/python3.12/site-packages/airflow/example_dags/example_dynamic_task_mapping_with_no_taskflow_operators.py
[2025-03-13T18:15:05.939+0000] {processor.py:914} INFO - Processing file /root/venv/lib/python3.12/site-packages/airflow/example_dags/example_dynamic_task_mapping_with_no_taskflow_operators.py for tasks to queue
[2025-03-13T18:15:05.942+0000] {logging_mixin.py:190} INFO - [2025-03-13T18:15:05.941+0000] {dagbag.py:588} INFO - Filling up the DagBag from /root/venv/lib/python3.12/site-packages/airflow/example_dags/example_dynamic_task_mapping_with_no_taskflow_operators.py
[2025-03-13T18:15:05.961+0000] {processor.py:925} INFO - DAG(s) 'example_dynamic_task_mapping_with_no_taskflow_operators' retrieved from /root/venv/lib/python3.12/site-packages/airflow/example_dags/example_dynamic_task_mapping_with_no_taskflow_operators.py
[2025-03-13T18:15:05.991+0000] {logging_mixin.py:190} INFO - [2025-03-13T18:15:05.991+0000] {dag.py:3239} INFO - Sync 1 DAGs
[2025-03-13T18:15:06.015+0000] {logging_mixin.py:190} INFO - [2025-03-13T18:15:06.015+0000] {dag.py:4180} INFO - Setting next_dagrun for example_dynamic_task_mapping_with_no_taskflow_operators to None, run_after=None
[2025-03-13T18:15:06.047+0000] {processor.py:208} INFO - Processing /root/venv/lib/python3.12/site-packages/airflow/example_dags/example_dynamic_task_mapping_with_no_taskflow_operators.py took 0.118 seconds
[2025-03-13T19:39:43.559+0000] {processor.py:186} INFO - Started process (PID=1662407) to work on /root/venv/lib/python3.12/site-packages/airflow/example_dags/example_dynamic_task_mapping_with_no_taskflow_operators.py
[2025-03-13T19:39:43.561+0000] {processor.py:914} INFO - Processing file /root/venv/lib/python3.12/site-packages/airflow/example_dags/example_dynamic_task_mapping_with_no_taskflow_operators.py for tasks to queue
[2025-03-13T19:39:43.565+0000] {logging_mixin.py:190} INFO - [2025-03-13T19:39:43.564+0000] {dagbag.py:588} INFO - Filling up the DagBag from /root/venv/lib/python3.12/site-packages/airflow/example_dags/example_dynamic_task_mapping_with_no_taskflow_operators.py
[2025-03-13T19:39:43.576+0000] {processor.py:925} INFO - DAG(s) 'example_dynamic_task_mapping_with_no_taskflow_operators' retrieved from /root/venv/lib/python3.12/site-packages/airflow/example_dags/example_dynamic_task_mapping_with_no_taskflow_operators.py
[2025-03-13T19:39:43.599+0000] {logging_mixin.py:190} INFO - [2025-03-13T19:39:43.599+0000] {dag.py:3239} INFO - Sync 1 DAGs
[2025-03-13T19:39:43.614+0000] {logging_mixin.py:190} INFO - [2025-03-13T19:39:43.614+0000] {dag.py:4180} INFO - Setting next_dagrun for example_dynamic_task_mapping_with_no_taskflow_operators to None, run_after=None
[2025-03-13T19:39:43.642+0000] {processor.py:208} INFO - Processing /root/venv/lib/python3.12/site-packages/airflow/example_dags/example_dynamic_task_mapping_with_no_taskflow_operators.py took 0.093 seconds
