[2025-03-13T17:31:32.308+0000] {processor.py:186} INFO - Started process (PID=1658884) to work on /root/venv/lib/python3.12/site-packages/airflow/example_dags/example_dataset_alias_with_no_taskflow.py
[2025-03-13T17:31:32.309+0000] {processor.py:914} INFO - Processing file /root/venv/lib/python3.12/site-packages/airflow/example_dags/example_dataset_alias_with_no_taskflow.py for tasks to queue
[2025-03-13T17:31:32.313+0000] {logging_mixin.py:190} INFO - [2025-03-13T17:31:32.312+0000] {dagbag.py:588} INFO - Filling up the DagBag from /root/venv/lib/python3.12/site-packages/airflow/example_dags/example_dataset_alias_with_no_taskflow.py
[2025-03-13T17:31:32.347+0000] {processor.py:925} INFO - DAG(s) 'dataset_alias_example_alias_consumer_with_no_taskflow', 'dataset_s3_bucket_producer_with_no_taskflow', 'dataset_alias_example_alias_producer_with_no_taskflow', 'dataset_s3_bucket_consumer_with_no_taskflow' retrieved from /root/venv/lib/python3.12/site-packages/airflow/example_dags/example_dataset_alias_with_no_taskflow.py
[2025-03-13T17:31:32.511+0000] {logging_mixin.py:190} INFO - [2025-03-13T17:31:32.510+0000] {dag.py:3239} INFO - Sync 4 DAGs
[2025-03-13T17:31:32.540+0000] {logging_mixin.py:190} INFO - [2025-03-13T17:31:32.539+0000] {dag.py:4180} INFO - Setting next_dagrun for dataset_alias_example_alias_consumer_with_no_taskflow to None, run_after=None
[2025-03-13T17:31:32.543+0000] {logging_mixin.py:190} INFO - [2025-03-13T17:31:32.543+0000] {dag.py:4180} INFO - Setting next_dagrun for dataset_alias_example_alias_producer_with_no_taskflow to None, run_after=None
[2025-03-13T17:31:32.544+0000] {logging_mixin.py:190} INFO - [2025-03-13T17:31:32.544+0000] {dag.py:4180} INFO - Setting next_dagrun for dataset_s3_bucket_consumer_with_no_taskflow to None, run_after=None
[2025-03-13T17:31:32.545+0000] {logging_mixin.py:190} INFO - [2025-03-13T17:31:32.545+0000] {dag.py:4180} INFO - Setting next_dagrun for dataset_s3_bucket_producer_with_no_taskflow to None, run_after=None
[2025-03-13T17:31:32.577+0000] {processor.py:208} INFO - Processing /root/venv/lib/python3.12/site-packages/airflow/example_dags/example_dataset_alias_with_no_taskflow.py took 0.277 seconds
[2025-03-13T17:32:37.702+0000] {processor.py:186} INFO - Started process (PID=1658948) to work on /root/venv/lib/python3.12/site-packages/airflow/example_dags/example_dataset_alias_with_no_taskflow.py
[2025-03-13T17:32:37.704+0000] {processor.py:914} INFO - Processing file /root/venv/lib/python3.12/site-packages/airflow/example_dags/example_dataset_alias_with_no_taskflow.py for tasks to queue
[2025-03-13T17:32:37.707+0000] {logging_mixin.py:190} INFO - [2025-03-13T17:32:37.706+0000] {dagbag.py:588} INFO - Filling up the DagBag from /root/venv/lib/python3.12/site-packages/airflow/example_dags/example_dataset_alias_with_no_taskflow.py
[2025-03-13T17:32:37.741+0000] {processor.py:925} INFO - DAG(s) 'dataset_alias_example_alias_producer_with_no_taskflow', 'dataset_s3_bucket_producer_with_no_taskflow', 'dataset_s3_bucket_consumer_with_no_taskflow', 'dataset_alias_example_alias_consumer_with_no_taskflow' retrieved from /root/venv/lib/python3.12/site-packages/airflow/example_dags/example_dataset_alias_with_no_taskflow.py
[2025-03-13T17:32:37.768+0000] {logging_mixin.py:190} INFO - [2025-03-13T17:32:37.767+0000] {dag.py:3239} INFO - Sync 4 DAGs
[2025-03-13T17:32:37.792+0000] {logging_mixin.py:190} INFO - [2025-03-13T17:32:37.792+0000] {dag.py:4180} INFO - Setting next_dagrun for dataset_alias_example_alias_consumer_with_no_taskflow to None, run_after=None
[2025-03-13T17:32:37.795+0000] {logging_mixin.py:190} INFO - [2025-03-13T17:32:37.795+0000] {dag.py:4180} INFO - Setting next_dagrun for dataset_alias_example_alias_producer_with_no_taskflow to None, run_after=None
[2025-03-13T17:32:37.797+0000] {logging_mixin.py:190} INFO - [2025-03-13T17:32:37.796+0000] {dag.py:4180} INFO - Setting next_dagrun for dataset_s3_bucket_consumer_with_no_taskflow to None, run_after=None
[2025-03-13T17:32:37.798+0000] {logging_mixin.py:190} INFO - [2025-03-13T17:32:37.797+0000] {dag.py:4180} INFO - Setting next_dagrun for dataset_s3_bucket_producer_with_no_taskflow to None, run_after=None
[2025-03-13T17:32:37.829+0000] {processor.py:208} INFO - Processing /root/venv/lib/python3.12/site-packages/airflow/example_dags/example_dataset_alias_with_no_taskflow.py took 0.135 seconds
[2025-03-13T17:33:37.743+0000] {processor.py:186} INFO - Started process (PID=1659079) to work on /root/venv/lib/python3.12/site-packages/airflow/example_dags/example_dataset_alias_with_no_taskflow.py
[2025-03-13T17:33:37.745+0000] {processor.py:914} INFO - Processing file /root/venv/lib/python3.12/site-packages/airflow/example_dags/example_dataset_alias_with_no_taskflow.py for tasks to queue
[2025-03-13T17:33:37.747+0000] {logging_mixin.py:190} INFO - [2025-03-13T17:33:37.747+0000] {dagbag.py:588} INFO - Filling up the DagBag from /root/venv/lib/python3.12/site-packages/airflow/example_dags/example_dataset_alias_with_no_taskflow.py
[2025-03-13T17:33:37.776+0000] {processor.py:925} INFO - DAG(s) 'dataset_alias_example_alias_producer_with_no_taskflow', 'dataset_s3_bucket_consumer_with_no_taskflow', 'dataset_alias_example_alias_consumer_with_no_taskflow', 'dataset_s3_bucket_producer_with_no_taskflow' retrieved from /root/venv/lib/python3.12/site-packages/airflow/example_dags/example_dataset_alias_with_no_taskflow.py
[2025-03-13T17:33:37.799+0000] {logging_mixin.py:190} INFO - [2025-03-13T17:33:37.799+0000] {dag.py:3239} INFO - Sync 4 DAGs
[2025-03-13T17:33:37.824+0000] {logging_mixin.py:190} INFO - [2025-03-13T17:33:37.823+0000] {dag.py:4180} INFO - Setting next_dagrun for dataset_alias_example_alias_consumer_with_no_taskflow to None, run_after=None
[2025-03-13T17:33:37.827+0000] {logging_mixin.py:190} INFO - [2025-03-13T17:33:37.826+0000] {dag.py:4180} INFO - Setting next_dagrun for dataset_alias_example_alias_producer_with_no_taskflow to None, run_after=None
[2025-03-13T17:33:37.828+0000] {logging_mixin.py:190} INFO - [2025-03-13T17:33:37.828+0000] {dag.py:4180} INFO - Setting next_dagrun for dataset_s3_bucket_consumer_with_no_taskflow to None, run_after=None
[2025-03-13T17:33:37.829+0000] {logging_mixin.py:190} INFO - [2025-03-13T17:33:37.829+0000] {dag.py:4180} INFO - Setting next_dagrun for dataset_s3_bucket_producer_with_no_taskflow to None, run_after=None
[2025-03-13T17:33:37.858+0000] {processor.py:208} INFO - Processing /root/venv/lib/python3.12/site-packages/airflow/example_dags/example_dataset_alias_with_no_taskflow.py took 0.125 seconds
[2025-03-13T17:35:20.923+0000] {processor.py:186} INFO - Started process (PID=1659193) to work on /root/venv/lib/python3.12/site-packages/airflow/example_dags/example_dataset_alias_with_no_taskflow.py
[2025-03-13T17:35:20.924+0000] {processor.py:914} INFO - Processing file /root/venv/lib/python3.12/site-packages/airflow/example_dags/example_dataset_alias_with_no_taskflow.py for tasks to queue
[2025-03-13T17:35:20.927+0000] {logging_mixin.py:190} INFO - [2025-03-13T17:35:20.927+0000] {dagbag.py:588} INFO - Filling up the DagBag from /root/venv/lib/python3.12/site-packages/airflow/example_dags/example_dataset_alias_with_no_taskflow.py
[2025-03-13T17:35:20.963+0000] {processor.py:925} INFO - DAG(s) 'dataset_alias_example_alias_consumer_with_no_taskflow', 'dataset_s3_bucket_consumer_with_no_taskflow', 'dataset_s3_bucket_producer_with_no_taskflow', 'dataset_alias_example_alias_producer_with_no_taskflow' retrieved from /root/venv/lib/python3.12/site-packages/airflow/example_dags/example_dataset_alias_with_no_taskflow.py
[2025-03-13T17:35:20.988+0000] {logging_mixin.py:190} INFO - [2025-03-13T17:35:20.988+0000] {dag.py:3239} INFO - Sync 4 DAGs
[2025-03-13T17:35:21.013+0000] {logging_mixin.py:190} INFO - [2025-03-13T17:35:21.012+0000] {dag.py:4180} INFO - Setting next_dagrun for dataset_alias_example_alias_consumer_with_no_taskflow to None, run_after=None
[2025-03-13T17:35:21.016+0000] {logging_mixin.py:190} INFO - [2025-03-13T17:35:21.016+0000] {dag.py:4180} INFO - Setting next_dagrun for dataset_alias_example_alias_producer_with_no_taskflow to None, run_after=None
[2025-03-13T17:35:21.018+0000] {logging_mixin.py:190} INFO - [2025-03-13T17:35:21.017+0000] {dag.py:4180} INFO - Setting next_dagrun for dataset_s3_bucket_consumer_with_no_taskflow to None, run_after=None
[2025-03-13T17:35:21.019+0000] {logging_mixin.py:190} INFO - [2025-03-13T17:35:21.019+0000] {dag.py:4180} INFO - Setting next_dagrun for dataset_s3_bucket_producer_with_no_taskflow to None, run_after=None
[2025-03-13T17:35:21.050+0000] {processor.py:208} INFO - Processing /root/venv/lib/python3.12/site-packages/airflow/example_dags/example_dataset_alias_with_no_taskflow.py took 0.135 seconds
[2025-03-13T17:36:19.001+0000] {processor.py:186} INFO - Started process (PID=1659254) to work on /root/venv/lib/python3.12/site-packages/airflow/example_dags/example_dataset_alias_with_no_taskflow.py
[2025-03-13T17:36:19.002+0000] {processor.py:914} INFO - Processing file /root/venv/lib/python3.12/site-packages/airflow/example_dags/example_dataset_alias_with_no_taskflow.py for tasks to queue
[2025-03-13T17:36:19.005+0000] {logging_mixin.py:190} INFO - [2025-03-13T17:36:19.004+0000] {dagbag.py:588} INFO - Filling up the DagBag from /root/venv/lib/python3.12/site-packages/airflow/example_dags/example_dataset_alias_with_no_taskflow.py
[2025-03-13T17:36:19.037+0000] {processor.py:925} INFO - DAG(s) 'dataset_s3_bucket_consumer_with_no_taskflow', 'dataset_alias_example_alias_consumer_with_no_taskflow', 'dataset_s3_bucket_producer_with_no_taskflow', 'dataset_alias_example_alias_producer_with_no_taskflow' retrieved from /root/venv/lib/python3.12/site-packages/airflow/example_dags/example_dataset_alias_with_no_taskflow.py
[2025-03-13T17:36:19.063+0000] {logging_mixin.py:190} INFO - [2025-03-13T17:36:19.063+0000] {dag.py:3239} INFO - Sync 4 DAGs
[2025-03-13T17:36:19.086+0000] {logging_mixin.py:190} INFO - [2025-03-13T17:36:19.085+0000] {dag.py:4180} INFO - Setting next_dagrun for dataset_alias_example_alias_consumer_with_no_taskflow to None, run_after=None
[2025-03-13T17:36:19.088+0000] {logging_mixin.py:190} INFO - [2025-03-13T17:36:19.088+0000] {dag.py:4180} INFO - Setting next_dagrun for dataset_alias_example_alias_producer_with_no_taskflow to None, run_after=None
[2025-03-13T17:36:19.090+0000] {logging_mixin.py:190} INFO - [2025-03-13T17:36:19.089+0000] {dag.py:4180} INFO - Setting next_dagrun for dataset_s3_bucket_consumer_with_no_taskflow to None, run_after=None
[2025-03-13T17:36:19.090+0000] {logging_mixin.py:190} INFO - [2025-03-13T17:36:19.090+0000] {dag.py:4180} INFO - Setting next_dagrun for dataset_s3_bucket_producer_with_no_taskflow to None, run_after=None
[2025-03-13T17:36:19.118+0000] {processor.py:208} INFO - Processing /root/venv/lib/python3.12/site-packages/airflow/example_dags/example_dataset_alias_with_no_taskflow.py took 0.125 seconds
[2025-03-13T17:37:21.963+0000] {processor.py:186} INFO - Started process (PID=1659322) to work on /root/venv/lib/python3.12/site-packages/airflow/example_dags/example_dataset_alias_with_no_taskflow.py
[2025-03-13T17:37:21.965+0000] {processor.py:914} INFO - Processing file /root/venv/lib/python3.12/site-packages/airflow/example_dags/example_dataset_alias_with_no_taskflow.py for tasks to queue
[2025-03-13T17:37:21.967+0000] {logging_mixin.py:190} INFO - [2025-03-13T17:37:21.967+0000] {dagbag.py:588} INFO - Filling up the DagBag from /root/venv/lib/python3.12/site-packages/airflow/example_dags/example_dataset_alias_with_no_taskflow.py
[2025-03-13T17:37:21.995+0000] {processor.py:925} INFO - DAG(s) 'dataset_alias_example_alias_consumer_with_no_taskflow', 'dataset_s3_bucket_consumer_with_no_taskflow', 'dataset_alias_example_alias_producer_with_no_taskflow', 'dataset_s3_bucket_producer_with_no_taskflow' retrieved from /root/venv/lib/python3.12/site-packages/airflow/example_dags/example_dataset_alias_with_no_taskflow.py
[2025-03-13T17:37:22.016+0000] {logging_mixin.py:190} INFO - [2025-03-13T17:37:22.016+0000] {dag.py:3239} INFO - Sync 4 DAGs
[2025-03-13T17:37:22.038+0000] {logging_mixin.py:190} INFO - [2025-03-13T17:37:22.038+0000] {dag.py:4180} INFO - Setting next_dagrun for dataset_alias_example_alias_consumer_with_no_taskflow to None, run_after=None
[2025-03-13T17:37:22.041+0000] {logging_mixin.py:190} INFO - [2025-03-13T17:37:22.041+0000] {dag.py:4180} INFO - Setting next_dagrun for dataset_alias_example_alias_producer_with_no_taskflow to None, run_after=None
[2025-03-13T17:37:22.042+0000] {logging_mixin.py:190} INFO - [2025-03-13T17:37:22.042+0000] {dag.py:4180} INFO - Setting next_dagrun for dataset_s3_bucket_consumer_with_no_taskflow to None, run_after=None
[2025-03-13T17:37:22.043+0000] {logging_mixin.py:190} INFO - [2025-03-13T17:37:22.043+0000] {dag.py:4180} INFO - Setting next_dagrun for dataset_s3_bucket_producer_with_no_taskflow to None, run_after=None
[2025-03-13T17:37:22.069+0000] {processor.py:208} INFO - Processing /root/venv/lib/python3.12/site-packages/airflow/example_dags/example_dataset_alias_with_no_taskflow.py took 0.112 seconds
[2025-03-13T17:38:25.237+0000] {processor.py:186} INFO - Started process (PID=1659385) to work on /root/venv/lib/python3.12/site-packages/airflow/example_dags/example_dataset_alias_with_no_taskflow.py
[2025-03-13T17:38:25.239+0000] {processor.py:914} INFO - Processing file /root/venv/lib/python3.12/site-packages/airflow/example_dags/example_dataset_alias_with_no_taskflow.py for tasks to queue
[2025-03-13T17:38:25.241+0000] {logging_mixin.py:190} INFO - [2025-03-13T17:38:25.241+0000] {dagbag.py:588} INFO - Filling up the DagBag from /root/venv/lib/python3.12/site-packages/airflow/example_dags/example_dataset_alias_with_no_taskflow.py
[2025-03-13T17:38:25.277+0000] {processor.py:925} INFO - DAG(s) 'dataset_s3_bucket_producer_with_no_taskflow', 'dataset_alias_example_alias_consumer_with_no_taskflow', 'dataset_s3_bucket_consumer_with_no_taskflow', 'dataset_alias_example_alias_producer_with_no_taskflow' retrieved from /root/venv/lib/python3.12/site-packages/airflow/example_dags/example_dataset_alias_with_no_taskflow.py
[2025-03-13T17:38:25.302+0000] {logging_mixin.py:190} INFO - [2025-03-13T17:38:25.301+0000] {dag.py:3239} INFO - Sync 4 DAGs
[2025-03-13T17:38:25.328+0000] {logging_mixin.py:190} INFO - [2025-03-13T17:38:25.328+0000] {dag.py:4180} INFO - Setting next_dagrun for dataset_alias_example_alias_consumer_with_no_taskflow to None, run_after=None
[2025-03-13T17:38:25.330+0000] {logging_mixin.py:190} INFO - [2025-03-13T17:38:25.330+0000] {dag.py:4180} INFO - Setting next_dagrun for dataset_alias_example_alias_producer_with_no_taskflow to None, run_after=None
[2025-03-13T17:38:25.333+0000] {logging_mixin.py:190} INFO - [2025-03-13T17:38:25.333+0000] {dag.py:4180} INFO - Setting next_dagrun for dataset_s3_bucket_consumer_with_no_taskflow to None, run_after=None
[2025-03-13T17:38:25.334+0000] {logging_mixin.py:190} INFO - [2025-03-13T17:38:25.334+0000] {dag.py:4180} INFO - Setting next_dagrun for dataset_s3_bucket_producer_with_no_taskflow to None, run_after=None
[2025-03-13T17:38:25.363+0000] {processor.py:208} INFO - Processing /root/venv/lib/python3.12/site-packages/airflow/example_dags/example_dataset_alias_with_no_taskflow.py took 0.134 seconds
[2025-03-13T17:39:26.494+0000] {processor.py:186} INFO - Started process (PID=1659446) to work on /root/venv/lib/python3.12/site-packages/airflow/example_dags/example_dataset_alias_with_no_taskflow.py
[2025-03-13T17:39:26.496+0000] {processor.py:914} INFO - Processing file /root/venv/lib/python3.12/site-packages/airflow/example_dags/example_dataset_alias_with_no_taskflow.py for tasks to queue
[2025-03-13T17:39:26.498+0000] {logging_mixin.py:190} INFO - [2025-03-13T17:39:26.498+0000] {dagbag.py:588} INFO - Filling up the DagBag from /root/venv/lib/python3.12/site-packages/airflow/example_dags/example_dataset_alias_with_no_taskflow.py
[2025-03-13T17:39:26.530+0000] {processor.py:925} INFO - DAG(s) 'dataset_alias_example_alias_consumer_with_no_taskflow', 'dataset_s3_bucket_consumer_with_no_taskflow', 'dataset_alias_example_alias_producer_with_no_taskflow', 'dataset_s3_bucket_producer_with_no_taskflow' retrieved from /root/venv/lib/python3.12/site-packages/airflow/example_dags/example_dataset_alias_with_no_taskflow.py
[2025-03-13T17:39:26.552+0000] {logging_mixin.py:190} INFO - [2025-03-13T17:39:26.552+0000] {dag.py:3239} INFO - Sync 4 DAGs
[2025-03-13T17:39:26.574+0000] {logging_mixin.py:190} INFO - [2025-03-13T17:39:26.573+0000] {dag.py:4180} INFO - Setting next_dagrun for dataset_alias_example_alias_consumer_with_no_taskflow to None, run_after=None
[2025-03-13T17:39:26.576+0000] {logging_mixin.py:190} INFO - [2025-03-13T17:39:26.575+0000] {dag.py:4180} INFO - Setting next_dagrun for dataset_alias_example_alias_producer_with_no_taskflow to None, run_after=None
[2025-03-13T17:39:26.577+0000] {logging_mixin.py:190} INFO - [2025-03-13T17:39:26.576+0000] {dag.py:4180} INFO - Setting next_dagrun for dataset_s3_bucket_consumer_with_no_taskflow to None, run_after=None
[2025-03-13T17:39:26.577+0000] {logging_mixin.py:190} INFO - [2025-03-13T17:39:26.577+0000] {dag.py:4180} INFO - Setting next_dagrun for dataset_s3_bucket_producer_with_no_taskflow to None, run_after=None
[2025-03-13T17:39:26.601+0000] {processor.py:208} INFO - Processing /root/venv/lib/python3.12/site-packages/airflow/example_dags/example_dataset_alias_with_no_taskflow.py took 0.115 seconds
[2025-03-13T17:40:25.077+0000] {processor.py:186} INFO - Started process (PID=1659512) to work on /root/venv/lib/python3.12/site-packages/airflow/example_dags/example_dataset_alias_with_no_taskflow.py
[2025-03-13T17:40:25.079+0000] {processor.py:914} INFO - Processing file /root/venv/lib/python3.12/site-packages/airflow/example_dags/example_dataset_alias_with_no_taskflow.py for tasks to queue
[2025-03-13T17:40:25.083+0000] {logging_mixin.py:190} INFO - [2025-03-13T17:40:25.082+0000] {dagbag.py:588} INFO - Filling up the DagBag from /root/venv/lib/python3.12/site-packages/airflow/example_dags/example_dataset_alias_with_no_taskflow.py
[2025-03-13T17:40:25.118+0000] {processor.py:925} INFO - DAG(s) 'dataset_alias_example_alias_consumer_with_no_taskflow', 'dataset_s3_bucket_consumer_with_no_taskflow', 'dataset_s3_bucket_producer_with_no_taskflow', 'dataset_alias_example_alias_producer_with_no_taskflow' retrieved from /root/venv/lib/python3.12/site-packages/airflow/example_dags/example_dataset_alias_with_no_taskflow.py
[2025-03-13T17:40:25.142+0000] {logging_mixin.py:190} INFO - [2025-03-13T17:40:25.142+0000] {dag.py:3239} INFO - Sync 4 DAGs
[2025-03-13T17:40:25.165+0000] {logging_mixin.py:190} INFO - [2025-03-13T17:40:25.165+0000] {dag.py:4180} INFO - Setting next_dagrun for dataset_alias_example_alias_consumer_with_no_taskflow to None, run_after=None
[2025-03-13T17:40:25.168+0000] {logging_mixin.py:190} INFO - [2025-03-13T17:40:25.167+0000] {dag.py:4180} INFO - Setting next_dagrun for dataset_alias_example_alias_producer_with_no_taskflow to None, run_after=None
[2025-03-13T17:40:25.169+0000] {logging_mixin.py:190} INFO - [2025-03-13T17:40:25.169+0000] {dag.py:4180} INFO - Setting next_dagrun for dataset_s3_bucket_consumer_with_no_taskflow to None, run_after=None
[2025-03-13T17:40:25.170+0000] {logging_mixin.py:190} INFO - [2025-03-13T17:40:25.170+0000] {dag.py:4180} INFO - Setting next_dagrun for dataset_s3_bucket_producer_with_no_taskflow to None, run_after=None
[2025-03-13T17:40:25.198+0000] {processor.py:208} INFO - Processing /root/venv/lib/python3.12/site-packages/airflow/example_dags/example_dataset_alias_with_no_taskflow.py took 0.130 seconds
[2025-03-13T17:41:25.783+0000] {processor.py:186} INFO - Started process (PID=1659577) to work on /root/venv/lib/python3.12/site-packages/airflow/example_dags/example_dataset_alias_with_no_taskflow.py
[2025-03-13T17:41:25.785+0000] {processor.py:914} INFO - Processing file /root/venv/lib/python3.12/site-packages/airflow/example_dags/example_dataset_alias_with_no_taskflow.py for tasks to queue
[2025-03-13T17:41:25.788+0000] {logging_mixin.py:190} INFO - [2025-03-13T17:41:25.787+0000] {dagbag.py:588} INFO - Filling up the DagBag from /root/venv/lib/python3.12/site-packages/airflow/example_dags/example_dataset_alias_with_no_taskflow.py
[2025-03-13T17:41:25.820+0000] {processor.py:925} INFO - DAG(s) 'dataset_alias_example_alias_consumer_with_no_taskflow', 'dataset_s3_bucket_producer_with_no_taskflow', 'dataset_alias_example_alias_producer_with_no_taskflow', 'dataset_s3_bucket_consumer_with_no_taskflow' retrieved from /root/venv/lib/python3.12/site-packages/airflow/example_dags/example_dataset_alias_with_no_taskflow.py
[2025-03-13T17:41:25.845+0000] {logging_mixin.py:190} INFO - [2025-03-13T17:41:25.845+0000] {dag.py:3239} INFO - Sync 4 DAGs
[2025-03-13T17:41:26.029+0000] {logging_mixin.py:190} INFO - [2025-03-13T17:41:26.029+0000] {dag.py:4180} INFO - Setting next_dagrun for dataset_alias_example_alias_consumer_with_no_taskflow to None, run_after=None
[2025-03-13T17:41:26.031+0000] {logging_mixin.py:190} INFO - [2025-03-13T17:41:26.031+0000] {dag.py:4180} INFO - Setting next_dagrun for dataset_alias_example_alias_producer_with_no_taskflow to None, run_after=None
[2025-03-13T17:41:26.032+0000] {logging_mixin.py:190} INFO - [2025-03-13T17:41:26.032+0000] {dag.py:4180} INFO - Setting next_dagrun for dataset_s3_bucket_consumer_with_no_taskflow to None, run_after=None
[2025-03-13T17:41:26.033+0000] {logging_mixin.py:190} INFO - [2025-03-13T17:41:26.033+0000] {dag.py:4180} INFO - Setting next_dagrun for dataset_s3_bucket_producer_with_no_taskflow to None, run_after=None
[2025-03-13T17:41:26.060+0000] {processor.py:208} INFO - Processing /root/venv/lib/python3.12/site-packages/airflow/example_dags/example_dataset_alias_with_no_taskflow.py took 0.284 seconds
[2025-03-13T17:42:34.860+0000] {processor.py:186} INFO - Started process (PID=1659647) to work on /root/venv/lib/python3.12/site-packages/airflow/example_dags/example_dataset_alias_with_no_taskflow.py
[2025-03-13T17:42:34.861+0000] {processor.py:914} INFO - Processing file /root/venv/lib/python3.12/site-packages/airflow/example_dags/example_dataset_alias_with_no_taskflow.py for tasks to queue
[2025-03-13T17:42:34.864+0000] {logging_mixin.py:190} INFO - [2025-03-13T17:42:34.864+0000] {dagbag.py:588} INFO - Filling up the DagBag from /root/venv/lib/python3.12/site-packages/airflow/example_dags/example_dataset_alias_with_no_taskflow.py
[2025-03-13T17:42:34.898+0000] {processor.py:925} INFO - DAG(s) 'dataset_s3_bucket_producer_with_no_taskflow', 'dataset_alias_example_alias_consumer_with_no_taskflow', 'dataset_s3_bucket_consumer_with_no_taskflow', 'dataset_alias_example_alias_producer_with_no_taskflow' retrieved from /root/venv/lib/python3.12/site-packages/airflow/example_dags/example_dataset_alias_with_no_taskflow.py
[2025-03-13T17:42:34.924+0000] {logging_mixin.py:190} INFO - [2025-03-13T17:42:34.924+0000] {dag.py:3239} INFO - Sync 4 DAGs
[2025-03-13T17:42:34.951+0000] {logging_mixin.py:190} INFO - [2025-03-13T17:42:34.950+0000] {dag.py:4180} INFO - Setting next_dagrun for dataset_alias_example_alias_consumer_with_no_taskflow to None, run_after=None
[2025-03-13T17:42:34.953+0000] {logging_mixin.py:190} INFO - [2025-03-13T17:42:34.953+0000] {dag.py:4180} INFO - Setting next_dagrun for dataset_alias_example_alias_producer_with_no_taskflow to None, run_after=None
[2025-03-13T17:42:34.954+0000] {logging_mixin.py:190} INFO - [2025-03-13T17:42:34.954+0000] {dag.py:4180} INFO - Setting next_dagrun for dataset_s3_bucket_consumer_with_no_taskflow to None, run_after=None
[2025-03-13T17:42:34.955+0000] {logging_mixin.py:190} INFO - [2025-03-13T17:42:34.955+0000] {dag.py:4180} INFO - Setting next_dagrun for dataset_s3_bucket_producer_with_no_taskflow to None, run_after=None
[2025-03-13T17:42:34.984+0000] {processor.py:208} INFO - Processing /root/venv/lib/python3.12/site-packages/airflow/example_dags/example_dataset_alias_with_no_taskflow.py took 0.131 seconds
[2025-03-13T17:43:33.579+0000] {processor.py:186} INFO - Started process (PID=1659707) to work on /root/venv/lib/python3.12/site-packages/airflow/example_dags/example_dataset_alias_with_no_taskflow.py
[2025-03-13T17:43:33.580+0000] {processor.py:914} INFO - Processing file /root/venv/lib/python3.12/site-packages/airflow/example_dags/example_dataset_alias_with_no_taskflow.py for tasks to queue
[2025-03-13T17:43:33.583+0000] {logging_mixin.py:190} INFO - [2025-03-13T17:43:33.583+0000] {dagbag.py:588} INFO - Filling up the DagBag from /root/venv/lib/python3.12/site-packages/airflow/example_dags/example_dataset_alias_with_no_taskflow.py
[2025-03-13T17:43:33.617+0000] {processor.py:925} INFO - DAG(s) 'dataset_s3_bucket_consumer_with_no_taskflow', 'dataset_alias_example_alias_producer_with_no_taskflow', 'dataset_s3_bucket_producer_with_no_taskflow', 'dataset_alias_example_alias_consumer_with_no_taskflow' retrieved from /root/venv/lib/python3.12/site-packages/airflow/example_dags/example_dataset_alias_with_no_taskflow.py
[2025-03-13T17:43:33.645+0000] {logging_mixin.py:190} INFO - [2025-03-13T17:43:33.645+0000] {dag.py:3239} INFO - Sync 4 DAGs
[2025-03-13T17:43:33.671+0000] {logging_mixin.py:190} INFO - [2025-03-13T17:43:33.670+0000] {dag.py:4180} INFO - Setting next_dagrun for dataset_alias_example_alias_consumer_with_no_taskflow to None, run_after=None
[2025-03-13T17:43:33.676+0000] {logging_mixin.py:190} INFO - [2025-03-13T17:43:33.675+0000] {dag.py:4180} INFO - Setting next_dagrun for dataset_alias_example_alias_producer_with_no_taskflow to None, run_after=None
[2025-03-13T17:43:33.677+0000] {logging_mixin.py:190} INFO - [2025-03-13T17:43:33.677+0000] {dag.py:4180} INFO - Setting next_dagrun for dataset_s3_bucket_consumer_with_no_taskflow to None, run_after=None
[2025-03-13T17:43:33.678+0000] {logging_mixin.py:190} INFO - [2025-03-13T17:43:33.678+0000] {dag.py:4180} INFO - Setting next_dagrun for dataset_s3_bucket_producer_with_no_taskflow to None, run_after=None
[2025-03-13T17:43:33.709+0000] {processor.py:208} INFO - Processing /root/venv/lib/python3.12/site-packages/airflow/example_dags/example_dataset_alias_with_no_taskflow.py took 0.138 seconds
[2025-03-13T17:44:35.795+0000] {processor.py:186} INFO - Started process (PID=1659787) to work on /root/venv/lib/python3.12/site-packages/airflow/example_dags/example_dataset_alias_with_no_taskflow.py
[2025-03-13T17:44:35.797+0000] {processor.py:914} INFO - Processing file /root/venv/lib/python3.12/site-packages/airflow/example_dags/example_dataset_alias_with_no_taskflow.py for tasks to queue
[2025-03-13T17:44:35.799+0000] {logging_mixin.py:190} INFO - [2025-03-13T17:44:35.799+0000] {dagbag.py:588} INFO - Filling up the DagBag from /root/venv/lib/python3.12/site-packages/airflow/example_dags/example_dataset_alias_with_no_taskflow.py
[2025-03-13T17:44:35.832+0000] {processor.py:925} INFO - DAG(s) 'dataset_alias_example_alias_consumer_with_no_taskflow', 'dataset_s3_bucket_producer_with_no_taskflow', 'dataset_alias_example_alias_producer_with_no_taskflow', 'dataset_s3_bucket_consumer_with_no_taskflow' retrieved from /root/venv/lib/python3.12/site-packages/airflow/example_dags/example_dataset_alias_with_no_taskflow.py
[2025-03-13T17:44:35.855+0000] {logging_mixin.py:190} INFO - [2025-03-13T17:44:35.855+0000] {dag.py:3239} INFO - Sync 4 DAGs
[2025-03-13T17:44:35.879+0000] {logging_mixin.py:190} INFO - [2025-03-13T17:44:35.878+0000] {dag.py:4180} INFO - Setting next_dagrun for dataset_alias_example_alias_consumer_with_no_taskflow to None, run_after=None
[2025-03-13T17:44:35.881+0000] {logging_mixin.py:190} INFO - [2025-03-13T17:44:35.881+0000] {dag.py:4180} INFO - Setting next_dagrun for dataset_alias_example_alias_producer_with_no_taskflow to None, run_after=None
[2025-03-13T17:44:35.882+0000] {logging_mixin.py:190} INFO - [2025-03-13T17:44:35.882+0000] {dag.py:4180} INFO - Setting next_dagrun for dataset_s3_bucket_consumer_with_no_taskflow to None, run_after=None
[2025-03-13T17:44:35.883+0000] {logging_mixin.py:190} INFO - [2025-03-13T17:44:35.883+0000] {dag.py:4180} INFO - Setting next_dagrun for dataset_s3_bucket_producer_with_no_taskflow to None, run_after=None
[2025-03-13T17:44:35.905+0000] {processor.py:208} INFO - Processing /root/venv/lib/python3.12/site-packages/airflow/example_dags/example_dataset_alias_with_no_taskflow.py took 0.117 seconds
[2025-03-13T17:45:39.659+0000] {processor.py:186} INFO - Started process (PID=1659853) to work on /root/venv/lib/python3.12/site-packages/airflow/example_dags/example_dataset_alias_with_no_taskflow.py
[2025-03-13T17:45:39.661+0000] {processor.py:914} INFO - Processing file /root/venv/lib/python3.12/site-packages/airflow/example_dags/example_dataset_alias_with_no_taskflow.py for tasks to queue
[2025-03-13T17:45:39.664+0000] {logging_mixin.py:190} INFO - [2025-03-13T17:45:39.664+0000] {dagbag.py:588} INFO - Filling up the DagBag from /root/venv/lib/python3.12/site-packages/airflow/example_dags/example_dataset_alias_with_no_taskflow.py
[2025-03-13T17:45:39.698+0000] {processor.py:925} INFO - DAG(s) 'dataset_alias_example_alias_consumer_with_no_taskflow', 'dataset_s3_bucket_producer_with_no_taskflow', 'dataset_alias_example_alias_producer_with_no_taskflow', 'dataset_s3_bucket_consumer_with_no_taskflow' retrieved from /root/venv/lib/python3.12/site-packages/airflow/example_dags/example_dataset_alias_with_no_taskflow.py
[2025-03-13T17:45:39.724+0000] {logging_mixin.py:190} INFO - [2025-03-13T17:45:39.723+0000] {dag.py:3239} INFO - Sync 4 DAGs
[2025-03-13T17:45:39.750+0000] {logging_mixin.py:190} INFO - [2025-03-13T17:45:39.750+0000] {dag.py:4180} INFO - Setting next_dagrun for dataset_alias_example_alias_consumer_with_no_taskflow to None, run_after=None
[2025-03-13T17:45:39.753+0000] {logging_mixin.py:190} INFO - [2025-03-13T17:45:39.753+0000] {dag.py:4180} INFO - Setting next_dagrun for dataset_alias_example_alias_producer_with_no_taskflow to None, run_after=None
[2025-03-13T17:45:39.755+0000] {logging_mixin.py:190} INFO - [2025-03-13T17:45:39.755+0000] {dag.py:4180} INFO - Setting next_dagrun for dataset_s3_bucket_consumer_with_no_taskflow to None, run_after=None
[2025-03-13T17:45:39.756+0000] {logging_mixin.py:190} INFO - [2025-03-13T17:45:39.756+0000] {dag.py:4180} INFO - Setting next_dagrun for dataset_s3_bucket_producer_with_no_taskflow to None, run_after=None
[2025-03-13T17:45:39.787+0000] {processor.py:208} INFO - Processing /root/venv/lib/python3.12/site-packages/airflow/example_dags/example_dataset_alias_with_no_taskflow.py took 0.140 seconds
[2025-03-13T17:46:44.825+0000] {processor.py:186} INFO - Started process (PID=1659918) to work on /root/venv/lib/python3.12/site-packages/airflow/example_dags/example_dataset_alias_with_no_taskflow.py
[2025-03-13T17:46:44.827+0000] {processor.py:914} INFO - Processing file /root/venv/lib/python3.12/site-packages/airflow/example_dags/example_dataset_alias_with_no_taskflow.py for tasks to queue
[2025-03-13T17:46:44.830+0000] {logging_mixin.py:190} INFO - [2025-03-13T17:46:44.829+0000] {dagbag.py:588} INFO - Filling up the DagBag from /root/venv/lib/python3.12/site-packages/airflow/example_dags/example_dataset_alias_with_no_taskflow.py
[2025-03-13T17:46:44.861+0000] {processor.py:925} INFO - DAG(s) 'dataset_s3_bucket_consumer_with_no_taskflow', 'dataset_alias_example_alias_producer_with_no_taskflow', 'dataset_alias_example_alias_consumer_with_no_taskflow', 'dataset_s3_bucket_producer_with_no_taskflow' retrieved from /root/venv/lib/python3.12/site-packages/airflow/example_dags/example_dataset_alias_with_no_taskflow.py
[2025-03-13T17:46:44.886+0000] {logging_mixin.py:190} INFO - [2025-03-13T17:46:44.885+0000] {dag.py:3239} INFO - Sync 4 DAGs
[2025-03-13T17:46:44.912+0000] {logging_mixin.py:190} INFO - [2025-03-13T17:46:44.911+0000] {dag.py:4180} INFO - Setting next_dagrun for dataset_alias_example_alias_consumer_with_no_taskflow to None, run_after=None
[2025-03-13T17:46:44.914+0000] {logging_mixin.py:190} INFO - [2025-03-13T17:46:44.913+0000] {dag.py:4180} INFO - Setting next_dagrun for dataset_alias_example_alias_producer_with_no_taskflow to None, run_after=None
[2025-03-13T17:46:44.914+0000] {logging_mixin.py:190} INFO - [2025-03-13T17:46:44.914+0000] {dag.py:4180} INFO - Setting next_dagrun for dataset_s3_bucket_consumer_with_no_taskflow to None, run_after=None
[2025-03-13T17:46:44.915+0000] {logging_mixin.py:190} INFO - [2025-03-13T17:46:44.915+0000] {dag.py:4180} INFO - Setting next_dagrun for dataset_s3_bucket_producer_with_no_taskflow to None, run_after=None
[2025-03-13T17:46:44.938+0000] {processor.py:208} INFO - Processing /root/venv/lib/python3.12/site-packages/airflow/example_dags/example_dataset_alias_with_no_taskflow.py took 0.120 seconds
[2025-03-13T17:47:43.587+0000] {processor.py:186} INFO - Started process (PID=1659980) to work on /root/venv/lib/python3.12/site-packages/airflow/example_dags/example_dataset_alias_with_no_taskflow.py
[2025-03-13T17:47:43.589+0000] {processor.py:914} INFO - Processing file /root/venv/lib/python3.12/site-packages/airflow/example_dags/example_dataset_alias_with_no_taskflow.py for tasks to queue
[2025-03-13T17:47:43.593+0000] {logging_mixin.py:190} INFO - [2025-03-13T17:47:43.592+0000] {dagbag.py:588} INFO - Filling up the DagBag from /root/venv/lib/python3.12/site-packages/airflow/example_dags/example_dataset_alias_with_no_taskflow.py
[2025-03-13T17:47:43.629+0000] {processor.py:925} INFO - DAG(s) 'dataset_s3_bucket_consumer_with_no_taskflow', 'dataset_s3_bucket_producer_with_no_taskflow', 'dataset_alias_example_alias_producer_with_no_taskflow', 'dataset_alias_example_alias_consumer_with_no_taskflow' retrieved from /root/venv/lib/python3.12/site-packages/airflow/example_dags/example_dataset_alias_with_no_taskflow.py
[2025-03-13T17:47:43.658+0000] {logging_mixin.py:190} INFO - [2025-03-13T17:47:43.658+0000] {dag.py:3239} INFO - Sync 4 DAGs
[2025-03-13T17:47:43.683+0000] {logging_mixin.py:190} INFO - [2025-03-13T17:47:43.682+0000] {dag.py:4180} INFO - Setting next_dagrun for dataset_alias_example_alias_consumer_with_no_taskflow to None, run_after=None
[2025-03-13T17:47:43.685+0000] {logging_mixin.py:190} INFO - [2025-03-13T17:47:43.685+0000] {dag.py:4180} INFO - Setting next_dagrun for dataset_alias_example_alias_producer_with_no_taskflow to None, run_after=None
[2025-03-13T17:47:43.686+0000] {logging_mixin.py:190} INFO - [2025-03-13T17:47:43.686+0000] {dag.py:4180} INFO - Setting next_dagrun for dataset_s3_bucket_consumer_with_no_taskflow to None, run_after=None
[2025-03-13T17:47:43.687+0000] {logging_mixin.py:190} INFO - [2025-03-13T17:47:43.687+0000] {dag.py:4180} INFO - Setting next_dagrun for dataset_s3_bucket_producer_with_no_taskflow to None, run_after=None
[2025-03-13T17:47:43.713+0000] {processor.py:208} INFO - Processing /root/venv/lib/python3.12/site-packages/airflow/example_dags/example_dataset_alias_with_no_taskflow.py took 0.137 seconds
[2025-03-13T17:48:44.867+0000] {processor.py:186} INFO - Started process (PID=1660045) to work on /root/venv/lib/python3.12/site-packages/airflow/example_dags/example_dataset_alias_with_no_taskflow.py
[2025-03-13T17:48:44.869+0000] {processor.py:914} INFO - Processing file /root/venv/lib/python3.12/site-packages/airflow/example_dags/example_dataset_alias_with_no_taskflow.py for tasks to queue
[2025-03-13T17:48:44.873+0000] {logging_mixin.py:190} INFO - [2025-03-13T17:48:44.872+0000] {dagbag.py:588} INFO - Filling up the DagBag from /root/venv/lib/python3.12/site-packages/airflow/example_dags/example_dataset_alias_with_no_taskflow.py
[2025-03-13T17:48:44.912+0000] {processor.py:925} INFO - DAG(s) 'dataset_s3_bucket_consumer_with_no_taskflow', 'dataset_s3_bucket_producer_with_no_taskflow', 'dataset_alias_example_alias_producer_with_no_taskflow', 'dataset_alias_example_alias_consumer_with_no_taskflow' retrieved from /root/venv/lib/python3.12/site-packages/airflow/example_dags/example_dataset_alias_with_no_taskflow.py
[2025-03-13T17:48:44.938+0000] {logging_mixin.py:190} INFO - [2025-03-13T17:48:44.937+0000] {dag.py:3239} INFO - Sync 4 DAGs
[2025-03-13T17:48:44.969+0000] {logging_mixin.py:190} INFO - [2025-03-13T17:48:44.969+0000] {dag.py:4180} INFO - Setting next_dagrun for dataset_alias_example_alias_consumer_with_no_taskflow to None, run_after=None
[2025-03-13T17:48:44.972+0000] {logging_mixin.py:190} INFO - [2025-03-13T17:48:44.972+0000] {dag.py:4180} INFO - Setting next_dagrun for dataset_alias_example_alias_producer_with_no_taskflow to None, run_after=None
[2025-03-13T17:48:44.973+0000] {logging_mixin.py:190} INFO - [2025-03-13T17:48:44.973+0000] {dag.py:4180} INFO - Setting next_dagrun for dataset_s3_bucket_consumer_with_no_taskflow to None, run_after=None
[2025-03-13T17:48:44.974+0000] {logging_mixin.py:190} INFO - [2025-03-13T17:48:44.974+0000] {dag.py:4180} INFO - Setting next_dagrun for dataset_s3_bucket_producer_with_no_taskflow to None, run_after=None
[2025-03-13T17:48:45.004+0000] {processor.py:208} INFO - Processing /root/venv/lib/python3.12/site-packages/airflow/example_dags/example_dataset_alias_with_no_taskflow.py took 0.146 seconds
[2025-03-13T17:49:47.158+0000] {processor.py:186} INFO - Started process (PID=1660107) to work on /root/venv/lib/python3.12/site-packages/airflow/example_dags/example_dataset_alias_with_no_taskflow.py
[2025-03-13T17:49:47.159+0000] {processor.py:914} INFO - Processing file /root/venv/lib/python3.12/site-packages/airflow/example_dags/example_dataset_alias_with_no_taskflow.py for tasks to queue
[2025-03-13T17:49:47.162+0000] {logging_mixin.py:190} INFO - [2025-03-13T17:49:47.162+0000] {dagbag.py:588} INFO - Filling up the DagBag from /root/venv/lib/python3.12/site-packages/airflow/example_dags/example_dataset_alias_with_no_taskflow.py
[2025-03-13T17:49:47.198+0000] {processor.py:925} INFO - DAG(s) 'dataset_s3_bucket_consumer_with_no_taskflow', 'dataset_alias_example_alias_producer_with_no_taskflow', 'dataset_alias_example_alias_consumer_with_no_taskflow', 'dataset_s3_bucket_producer_with_no_taskflow' retrieved from /root/venv/lib/python3.12/site-packages/airflow/example_dags/example_dataset_alias_with_no_taskflow.py
[2025-03-13T17:49:47.234+0000] {logging_mixin.py:190} INFO - [2025-03-13T17:49:47.234+0000] {dag.py:3239} INFO - Sync 4 DAGs
[2025-03-13T17:49:47.261+0000] {logging_mixin.py:190} INFO - [2025-03-13T17:49:47.260+0000] {dag.py:4180} INFO - Setting next_dagrun for dataset_alias_example_alias_consumer_with_no_taskflow to None, run_after=None
[2025-03-13T17:49:47.263+0000] {logging_mixin.py:190} INFO - [2025-03-13T17:49:47.262+0000] {dag.py:4180} INFO - Setting next_dagrun for dataset_alias_example_alias_producer_with_no_taskflow to None, run_after=None
[2025-03-13T17:49:47.264+0000] {logging_mixin.py:190} INFO - [2025-03-13T17:49:47.263+0000] {dag.py:4180} INFO - Setting next_dagrun for dataset_s3_bucket_consumer_with_no_taskflow to None, run_after=None
[2025-03-13T17:49:47.265+0000] {logging_mixin.py:190} INFO - [2025-03-13T17:49:47.265+0000] {dag.py:4180} INFO - Setting next_dagrun for dataset_s3_bucket_producer_with_no_taskflow to None, run_after=None
[2025-03-13T17:49:47.294+0000] {processor.py:208} INFO - Processing /root/venv/lib/python3.12/site-packages/airflow/example_dags/example_dataset_alias_with_no_taskflow.py took 0.144 seconds
[2025-03-13T17:50:50.431+0000] {processor.py:186} INFO - Started process (PID=1660177) to work on /root/venv/lib/python3.12/site-packages/airflow/example_dags/example_dataset_alias_with_no_taskflow.py
[2025-03-13T17:50:50.432+0000] {processor.py:914} INFO - Processing file /root/venv/lib/python3.12/site-packages/airflow/example_dags/example_dataset_alias_with_no_taskflow.py for tasks to queue
[2025-03-13T17:50:50.435+0000] {logging_mixin.py:190} INFO - [2025-03-13T17:50:50.435+0000] {dagbag.py:588} INFO - Filling up the DagBag from /root/venv/lib/python3.12/site-packages/airflow/example_dags/example_dataset_alias_with_no_taskflow.py
[2025-03-13T17:50:50.469+0000] {processor.py:925} INFO - DAG(s) 'dataset_s3_bucket_producer_with_no_taskflow', 'dataset_s3_bucket_consumer_with_no_taskflow', 'dataset_alias_example_alias_producer_with_no_taskflow', 'dataset_alias_example_alias_consumer_with_no_taskflow' retrieved from /root/venv/lib/python3.12/site-packages/airflow/example_dags/example_dataset_alias_with_no_taskflow.py
[2025-03-13T17:50:50.490+0000] {logging_mixin.py:190} INFO - [2025-03-13T17:50:50.490+0000] {dag.py:3239} INFO - Sync 4 DAGs
[2025-03-13T17:50:50.513+0000] {logging_mixin.py:190} INFO - [2025-03-13T17:50:50.512+0000] {dag.py:4180} INFO - Setting next_dagrun for dataset_alias_example_alias_consumer_with_no_taskflow to None, run_after=None
[2025-03-13T17:50:50.515+0000] {logging_mixin.py:190} INFO - [2025-03-13T17:50:50.515+0000] {dag.py:4180} INFO - Setting next_dagrun for dataset_alias_example_alias_producer_with_no_taskflow to None, run_after=None
[2025-03-13T17:50:50.516+0000] {logging_mixin.py:190} INFO - [2025-03-13T17:50:50.516+0000] {dag.py:4180} INFO - Setting next_dagrun for dataset_s3_bucket_consumer_with_no_taskflow to None, run_after=None
[2025-03-13T17:50:50.519+0000] {logging_mixin.py:190} INFO - [2025-03-13T17:50:50.519+0000] {dag.py:4180} INFO - Setting next_dagrun for dataset_s3_bucket_producer_with_no_taskflow to None, run_after=None
[2025-03-13T17:50:50.550+0000] {processor.py:208} INFO - Processing /root/venv/lib/python3.12/site-packages/airflow/example_dags/example_dataset_alias_with_no_taskflow.py took 0.130 seconds
[2025-03-13T17:51:54.492+0000] {processor.py:186} INFO - Started process (PID=1660239) to work on /root/venv/lib/python3.12/site-packages/airflow/example_dags/example_dataset_alias_with_no_taskflow.py
[2025-03-13T17:51:54.493+0000] {processor.py:914} INFO - Processing file /root/venv/lib/python3.12/site-packages/airflow/example_dags/example_dataset_alias_with_no_taskflow.py for tasks to queue
[2025-03-13T17:51:54.497+0000] {logging_mixin.py:190} INFO - [2025-03-13T17:51:54.496+0000] {dagbag.py:588} INFO - Filling up the DagBag from /root/venv/lib/python3.12/site-packages/airflow/example_dags/example_dataset_alias_with_no_taskflow.py
[2025-03-13T17:51:54.532+0000] {processor.py:925} INFO - DAG(s) 'dataset_s3_bucket_producer_with_no_taskflow', 'dataset_alias_example_alias_producer_with_no_taskflow', 'dataset_alias_example_alias_consumer_with_no_taskflow', 'dataset_s3_bucket_consumer_with_no_taskflow' retrieved from /root/venv/lib/python3.12/site-packages/airflow/example_dags/example_dataset_alias_with_no_taskflow.py
[2025-03-13T17:51:54.561+0000] {logging_mixin.py:190} INFO - [2025-03-13T17:51:54.561+0000] {dag.py:3239} INFO - Sync 4 DAGs
[2025-03-13T17:51:54.588+0000] {logging_mixin.py:190} INFO - [2025-03-13T17:51:54.588+0000] {dag.py:4180} INFO - Setting next_dagrun for dataset_alias_example_alias_consumer_with_no_taskflow to None, run_after=None
[2025-03-13T17:51:54.591+0000] {logging_mixin.py:190} INFO - [2025-03-13T17:51:54.591+0000] {dag.py:4180} INFO - Setting next_dagrun for dataset_alias_example_alias_producer_with_no_taskflow to None, run_after=None
[2025-03-13T17:51:54.592+0000] {logging_mixin.py:190} INFO - [2025-03-13T17:51:54.592+0000] {dag.py:4180} INFO - Setting next_dagrun for dataset_s3_bucket_consumer_with_no_taskflow to None, run_after=None
[2025-03-13T17:51:54.593+0000] {logging_mixin.py:190} INFO - [2025-03-13T17:51:54.593+0000] {dag.py:4180} INFO - Setting next_dagrun for dataset_s3_bucket_producer_with_no_taskflow to None, run_after=None
[2025-03-13T17:51:54.624+0000] {processor.py:208} INFO - Processing /root/venv/lib/python3.12/site-packages/airflow/example_dags/example_dataset_alias_with_no_taskflow.py took 0.141 seconds
[2025-03-13T17:52:58.129+0000] {processor.py:186} INFO - Started process (PID=1660302) to work on /root/venv/lib/python3.12/site-packages/airflow/example_dags/example_dataset_alias_with_no_taskflow.py
[2025-03-13T17:52:58.131+0000] {processor.py:914} INFO - Processing file /root/venv/lib/python3.12/site-packages/airflow/example_dags/example_dataset_alias_with_no_taskflow.py for tasks to queue
[2025-03-13T17:52:58.134+0000] {logging_mixin.py:190} INFO - [2025-03-13T17:52:58.134+0000] {dagbag.py:588} INFO - Filling up the DagBag from /root/venv/lib/python3.12/site-packages/airflow/example_dags/example_dataset_alias_with_no_taskflow.py
[2025-03-13T17:52:58.171+0000] {processor.py:925} INFO - DAG(s) 'dataset_alias_example_alias_consumer_with_no_taskflow', 'dataset_alias_example_alias_producer_with_no_taskflow', 'dataset_s3_bucket_consumer_with_no_taskflow', 'dataset_s3_bucket_producer_with_no_taskflow' retrieved from /root/venv/lib/python3.12/site-packages/airflow/example_dags/example_dataset_alias_with_no_taskflow.py
[2025-03-13T17:52:58.199+0000] {logging_mixin.py:190} INFO - [2025-03-13T17:52:58.199+0000] {dag.py:3239} INFO - Sync 4 DAGs
[2025-03-13T17:52:58.228+0000] {logging_mixin.py:190} INFO - [2025-03-13T17:52:58.228+0000] {dag.py:4180} INFO - Setting next_dagrun for dataset_alias_example_alias_consumer_with_no_taskflow to None, run_after=None
[2025-03-13T17:52:58.231+0000] {logging_mixin.py:190} INFO - [2025-03-13T17:52:58.231+0000] {dag.py:4180} INFO - Setting next_dagrun for dataset_alias_example_alias_producer_with_no_taskflow to None, run_after=None
[2025-03-13T17:52:58.232+0000] {logging_mixin.py:190} INFO - [2025-03-13T17:52:58.232+0000] {dag.py:4180} INFO - Setting next_dagrun for dataset_s3_bucket_consumer_with_no_taskflow to None, run_after=None
[2025-03-13T17:52:58.233+0000] {logging_mixin.py:190} INFO - [2025-03-13T17:52:58.233+0000] {dag.py:4180} INFO - Setting next_dagrun for dataset_s3_bucket_producer_with_no_taskflow to None, run_after=None
[2025-03-13T17:52:58.266+0000] {processor.py:208} INFO - Processing /root/venv/lib/python3.12/site-packages/airflow/example_dags/example_dataset_alias_with_no_taskflow.py took 0.146 seconds
[2025-03-13T17:53:59.665+0000] {processor.py:186} INFO - Started process (PID=1660365) to work on /root/venv/lib/python3.12/site-packages/airflow/example_dags/example_dataset_alias_with_no_taskflow.py
[2025-03-13T17:53:59.666+0000] {processor.py:914} INFO - Processing file /root/venv/lib/python3.12/site-packages/airflow/example_dags/example_dataset_alias_with_no_taskflow.py for tasks to queue
[2025-03-13T17:53:59.669+0000] {logging_mixin.py:190} INFO - [2025-03-13T17:53:59.669+0000] {dagbag.py:588} INFO - Filling up the DagBag from /root/venv/lib/python3.12/site-packages/airflow/example_dags/example_dataset_alias_with_no_taskflow.py
[2025-03-13T17:53:59.701+0000] {processor.py:925} INFO - DAG(s) 'dataset_s3_bucket_consumer_with_no_taskflow', 'dataset_alias_example_alias_consumer_with_no_taskflow', 'dataset_s3_bucket_producer_with_no_taskflow', 'dataset_alias_example_alias_producer_with_no_taskflow' retrieved from /root/venv/lib/python3.12/site-packages/airflow/example_dags/example_dataset_alias_with_no_taskflow.py
[2025-03-13T17:53:59.726+0000] {logging_mixin.py:190} INFO - [2025-03-13T17:53:59.726+0000] {dag.py:3239} INFO - Sync 4 DAGs
[2025-03-13T17:53:59.751+0000] {logging_mixin.py:190} INFO - [2025-03-13T17:53:59.751+0000] {dag.py:4180} INFO - Setting next_dagrun for dataset_alias_example_alias_consumer_with_no_taskflow to None, run_after=None
[2025-03-13T17:53:59.754+0000] {logging_mixin.py:190} INFO - [2025-03-13T17:53:59.753+0000] {dag.py:4180} INFO - Setting next_dagrun for dataset_alias_example_alias_producer_with_no_taskflow to None, run_after=None
[2025-03-13T17:53:59.755+0000] {logging_mixin.py:190} INFO - [2025-03-13T17:53:59.754+0000] {dag.py:4180} INFO - Setting next_dagrun for dataset_s3_bucket_consumer_with_no_taskflow to None, run_after=None
[2025-03-13T17:53:59.757+0000] {logging_mixin.py:190} INFO - [2025-03-13T17:53:59.757+0000] {dag.py:4180} INFO - Setting next_dagrun for dataset_s3_bucket_producer_with_no_taskflow to None, run_after=None
[2025-03-13T17:53:59.789+0000] {processor.py:208} INFO - Processing /root/venv/lib/python3.12/site-packages/airflow/example_dags/example_dataset_alias_with_no_taskflow.py took 0.132 seconds
[2025-03-13T17:55:02.357+0000] {processor.py:186} INFO - Started process (PID=1660430) to work on /root/venv/lib/python3.12/site-packages/airflow/example_dags/example_dataset_alias_with_no_taskflow.py
[2025-03-13T17:55:02.359+0000] {processor.py:914} INFO - Processing file /root/venv/lib/python3.12/site-packages/airflow/example_dags/example_dataset_alias_with_no_taskflow.py for tasks to queue
[2025-03-13T17:55:02.363+0000] {logging_mixin.py:190} INFO - [2025-03-13T17:55:02.362+0000] {dagbag.py:588} INFO - Filling up the DagBag from /root/venv/lib/python3.12/site-packages/airflow/example_dags/example_dataset_alias_with_no_taskflow.py
[2025-03-13T17:55:02.408+0000] {processor.py:925} INFO - DAG(s) 'dataset_alias_example_alias_producer_with_no_taskflow', 'dataset_alias_example_alias_consumer_with_no_taskflow', 'dataset_s3_bucket_producer_with_no_taskflow', 'dataset_s3_bucket_consumer_with_no_taskflow' retrieved from /root/venv/lib/python3.12/site-packages/airflow/example_dags/example_dataset_alias_with_no_taskflow.py
[2025-03-13T17:55:02.438+0000] {logging_mixin.py:190} INFO - [2025-03-13T17:55:02.437+0000] {dag.py:3239} INFO - Sync 4 DAGs
[2025-03-13T17:55:02.466+0000] {logging_mixin.py:190} INFO - [2025-03-13T17:55:02.465+0000] {dag.py:4180} INFO - Setting next_dagrun for dataset_alias_example_alias_consumer_with_no_taskflow to None, run_after=None
[2025-03-13T17:55:02.468+0000] {logging_mixin.py:190} INFO - [2025-03-13T17:55:02.468+0000] {dag.py:4180} INFO - Setting next_dagrun for dataset_alias_example_alias_producer_with_no_taskflow to None, run_after=None
[2025-03-13T17:55:02.469+0000] {logging_mixin.py:190} INFO - [2025-03-13T17:55:02.469+0000] {dag.py:4180} INFO - Setting next_dagrun for dataset_s3_bucket_consumer_with_no_taskflow to None, run_after=None
[2025-03-13T17:55:02.470+0000] {logging_mixin.py:190} INFO - [2025-03-13T17:55:02.470+0000] {dag.py:4180} INFO - Setting next_dagrun for dataset_s3_bucket_producer_with_no_taskflow to None, run_after=None
[2025-03-13T17:55:02.503+0000] {processor.py:208} INFO - Processing /root/venv/lib/python3.12/site-packages/airflow/example_dags/example_dataset_alias_with_no_taskflow.py took 0.156 seconds
[2025-03-13T17:57:09.030+0000] {processor.py:186} INFO - Started process (PID=1660587) to work on /root/venv/lib/python3.12/site-packages/airflow/example_dags/example_dataset_alias_with_no_taskflow.py
[2025-03-13T17:57:09.032+0000] {processor.py:914} INFO - Processing file /root/venv/lib/python3.12/site-packages/airflow/example_dags/example_dataset_alias_with_no_taskflow.py for tasks to queue
[2025-03-13T17:57:09.036+0000] {logging_mixin.py:190} INFO - [2025-03-13T17:57:09.035+0000] {dagbag.py:588} INFO - Filling up the DagBag from /root/venv/lib/python3.12/site-packages/airflow/example_dags/example_dataset_alias_with_no_taskflow.py
[2025-03-13T17:57:09.069+0000] {processor.py:925} INFO - DAG(s) 'dataset_alias_example_alias_consumer_with_no_taskflow', 'dataset_s3_bucket_consumer_with_no_taskflow', 'dataset_s3_bucket_producer_with_no_taskflow', 'dataset_alias_example_alias_producer_with_no_taskflow' retrieved from /root/venv/lib/python3.12/site-packages/airflow/example_dags/example_dataset_alias_with_no_taskflow.py
[2025-03-13T17:57:09.097+0000] {logging_mixin.py:190} INFO - [2025-03-13T17:57:09.096+0000] {dag.py:3239} INFO - Sync 4 DAGs
[2025-03-13T17:57:09.128+0000] {logging_mixin.py:190} INFO - [2025-03-13T17:57:09.127+0000] {dag.py:4180} INFO - Setting next_dagrun for dataset_alias_example_alias_consumer_with_no_taskflow to None, run_after=None
[2025-03-13T17:57:09.132+0000] {logging_mixin.py:190} INFO - [2025-03-13T17:57:09.131+0000] {dag.py:4180} INFO - Setting next_dagrun for dataset_alias_example_alias_producer_with_no_taskflow to None, run_after=None
[2025-03-13T17:57:09.133+0000] {logging_mixin.py:190} INFO - [2025-03-13T17:57:09.133+0000] {dag.py:4180} INFO - Setting next_dagrun for dataset_s3_bucket_consumer_with_no_taskflow to None, run_after=None
[2025-03-13T17:57:09.135+0000] {logging_mixin.py:190} INFO - [2025-03-13T17:57:09.134+0000] {dag.py:4180} INFO - Setting next_dagrun for dataset_s3_bucket_producer_with_no_taskflow to None, run_after=None
[2025-03-13T17:57:09.172+0000] {processor.py:208} INFO - Processing /root/venv/lib/python3.12/site-packages/airflow/example_dags/example_dataset_alias_with_no_taskflow.py took 0.150 seconds
[2025-03-13T17:58:08.620+0000] {processor.py:186} INFO - Started process (PID=1660650) to work on /root/venv/lib/python3.12/site-packages/airflow/example_dags/example_dataset_alias_with_no_taskflow.py
[2025-03-13T17:58:08.622+0000] {processor.py:914} INFO - Processing file /root/venv/lib/python3.12/site-packages/airflow/example_dags/example_dataset_alias_with_no_taskflow.py for tasks to queue
[2025-03-13T17:58:08.625+0000] {logging_mixin.py:190} INFO - [2025-03-13T17:58:08.624+0000] {dagbag.py:588} INFO - Filling up the DagBag from /root/venv/lib/python3.12/site-packages/airflow/example_dags/example_dataset_alias_with_no_taskflow.py
[2025-03-13T17:58:08.662+0000] {processor.py:925} INFO - DAG(s) 'dataset_alias_example_alias_consumer_with_no_taskflow', 'dataset_alias_example_alias_producer_with_no_taskflow', 'dataset_s3_bucket_producer_with_no_taskflow', 'dataset_s3_bucket_consumer_with_no_taskflow' retrieved from /root/venv/lib/python3.12/site-packages/airflow/example_dags/example_dataset_alias_with_no_taskflow.py
[2025-03-13T17:58:08.687+0000] {logging_mixin.py:190} INFO - [2025-03-13T17:58:08.686+0000] {dag.py:3239} INFO - Sync 4 DAGs
[2025-03-13T17:58:08.711+0000] {logging_mixin.py:190} INFO - [2025-03-13T17:58:08.710+0000] {dag.py:4180} INFO - Setting next_dagrun for dataset_alias_example_alias_consumer_with_no_taskflow to None, run_after=None
[2025-03-13T17:58:08.713+0000] {logging_mixin.py:190} INFO - [2025-03-13T17:58:08.713+0000] {dag.py:4180} INFO - Setting next_dagrun for dataset_alias_example_alias_producer_with_no_taskflow to None, run_after=None
[2025-03-13T17:58:08.714+0000] {logging_mixin.py:190} INFO - [2025-03-13T17:58:08.714+0000] {dag.py:4180} INFO - Setting next_dagrun for dataset_s3_bucket_consumer_with_no_taskflow to None, run_after=None
[2025-03-13T17:58:08.714+0000] {logging_mixin.py:190} INFO - [2025-03-13T17:58:08.714+0000] {dag.py:4180} INFO - Setting next_dagrun for dataset_s3_bucket_producer_with_no_taskflow to None, run_after=None
[2025-03-13T17:58:08.742+0000] {processor.py:208} INFO - Processing /root/venv/lib/python3.12/site-packages/airflow/example_dags/example_dataset_alias_with_no_taskflow.py took 0.131 seconds
[2025-03-13T17:59:06.624+0000] {processor.py:186} INFO - Started process (PID=1660718) to work on /root/venv/lib/python3.12/site-packages/airflow/example_dags/example_dataset_alias_with_no_taskflow.py
[2025-03-13T17:59:06.626+0000] {processor.py:914} INFO - Processing file /root/venv/lib/python3.12/site-packages/airflow/example_dags/example_dataset_alias_with_no_taskflow.py for tasks to queue
[2025-03-13T17:59:06.628+0000] {logging_mixin.py:190} INFO - [2025-03-13T17:59:06.628+0000] {dagbag.py:588} INFO - Filling up the DagBag from /root/venv/lib/python3.12/site-packages/airflow/example_dags/example_dataset_alias_with_no_taskflow.py
[2025-03-13T17:59:06.659+0000] {processor.py:925} INFO - DAG(s) 'dataset_s3_bucket_consumer_with_no_taskflow', 'dataset_alias_example_alias_consumer_with_no_taskflow', 'dataset_alias_example_alias_producer_with_no_taskflow', 'dataset_s3_bucket_producer_with_no_taskflow' retrieved from /root/venv/lib/python3.12/site-packages/airflow/example_dags/example_dataset_alias_with_no_taskflow.py
[2025-03-13T17:59:06.682+0000] {logging_mixin.py:190} INFO - [2025-03-13T17:59:06.682+0000] {dag.py:3239} INFO - Sync 4 DAGs
[2025-03-13T17:59:06.705+0000] {logging_mixin.py:190} INFO - [2025-03-13T17:59:06.705+0000] {dag.py:4180} INFO - Setting next_dagrun for dataset_alias_example_alias_consumer_with_no_taskflow to None, run_after=None
[2025-03-13T17:59:06.708+0000] {logging_mixin.py:190} INFO - [2025-03-13T17:59:06.707+0000] {dag.py:4180} INFO - Setting next_dagrun for dataset_alias_example_alias_producer_with_no_taskflow to None, run_after=None
[2025-03-13T17:59:06.708+0000] {logging_mixin.py:190} INFO - [2025-03-13T17:59:06.708+0000] {dag.py:4180} INFO - Setting next_dagrun for dataset_s3_bucket_consumer_with_no_taskflow to None, run_after=None
[2025-03-13T17:59:06.709+0000] {logging_mixin.py:190} INFO - [2025-03-13T17:59:06.709+0000] {dag.py:4180} INFO - Setting next_dagrun for dataset_s3_bucket_producer_with_no_taskflow to None, run_after=None
[2025-03-13T17:59:06.737+0000] {processor.py:208} INFO - Processing /root/venv/lib/python3.12/site-packages/airflow/example_dags/example_dataset_alias_with_no_taskflow.py took 0.120 seconds
[2025-03-13T18:00:09.056+0000] {processor.py:186} INFO - Started process (PID=1660785) to work on /root/venv/lib/python3.12/site-packages/airflow/example_dags/example_dataset_alias_with_no_taskflow.py
[2025-03-13T18:00:09.058+0000] {processor.py:914} INFO - Processing file /root/venv/lib/python3.12/site-packages/airflow/example_dags/example_dataset_alias_with_no_taskflow.py for tasks to queue
[2025-03-13T18:00:09.063+0000] {logging_mixin.py:190} INFO - [2025-03-13T18:00:09.062+0000] {dagbag.py:588} INFO - Filling up the DagBag from /root/venv/lib/python3.12/site-packages/airflow/example_dags/example_dataset_alias_with_no_taskflow.py
[2025-03-13T18:00:09.108+0000] {processor.py:925} INFO - DAG(s) 'dataset_alias_example_alias_consumer_with_no_taskflow', 'dataset_alias_example_alias_producer_with_no_taskflow', 'dataset_s3_bucket_consumer_with_no_taskflow', 'dataset_s3_bucket_producer_with_no_taskflow' retrieved from /root/venv/lib/python3.12/site-packages/airflow/example_dags/example_dataset_alias_with_no_taskflow.py
[2025-03-13T18:00:09.147+0000] {logging_mixin.py:190} INFO - [2025-03-13T18:00:09.147+0000] {dag.py:3239} INFO - Sync 4 DAGs
[2025-03-13T18:00:09.185+0000] {logging_mixin.py:190} INFO - [2025-03-13T18:00:09.185+0000] {dag.py:4180} INFO - Setting next_dagrun for dataset_alias_example_alias_consumer_with_no_taskflow to None, run_after=None
[2025-03-13T18:00:09.189+0000] {logging_mixin.py:190} INFO - [2025-03-13T18:00:09.189+0000] {dag.py:4180} INFO - Setting next_dagrun for dataset_alias_example_alias_producer_with_no_taskflow to None, run_after=None
[2025-03-13T18:00:09.193+0000] {logging_mixin.py:190} INFO - [2025-03-13T18:00:09.193+0000] {dag.py:4180} INFO - Setting next_dagrun for dataset_s3_bucket_consumer_with_no_taskflow to None, run_after=None
[2025-03-13T18:00:09.195+0000] {logging_mixin.py:190} INFO - [2025-03-13T18:00:09.195+0000] {dag.py:4180} INFO - Setting next_dagrun for dataset_s3_bucket_producer_with_no_taskflow to None, run_after=None
[2025-03-13T18:00:09.232+0000] {processor.py:208} INFO - Processing /root/venv/lib/python3.12/site-packages/airflow/example_dags/example_dataset_alias_with_no_taskflow.py took 0.187 seconds
[2025-03-13T18:01:42.991+0000] {processor.py:186} INFO - Started process (PID=1660884) to work on /root/venv/lib/python3.12/site-packages/airflow/example_dags/example_dataset_alias_with_no_taskflow.py
[2025-03-13T18:01:42.993+0000] {processor.py:914} INFO - Processing file /root/venv/lib/python3.12/site-packages/airflow/example_dags/example_dataset_alias_with_no_taskflow.py for tasks to queue
[2025-03-13T18:01:42.996+0000] {logging_mixin.py:190} INFO - [2025-03-13T18:01:42.995+0000] {dagbag.py:588} INFO - Filling up the DagBag from /root/venv/lib/python3.12/site-packages/airflow/example_dags/example_dataset_alias_with_no_taskflow.py
[2025-03-13T18:01:43.029+0000] {processor.py:925} INFO - DAG(s) 'dataset_s3_bucket_producer_with_no_taskflow', 'dataset_alias_example_alias_consumer_with_no_taskflow', 'dataset_alias_example_alias_producer_with_no_taskflow', 'dataset_s3_bucket_consumer_with_no_taskflow' retrieved from /root/venv/lib/python3.12/site-packages/airflow/example_dags/example_dataset_alias_with_no_taskflow.py
[2025-03-13T18:01:43.055+0000] {logging_mixin.py:190} INFO - [2025-03-13T18:01:43.054+0000] {dag.py:3239} INFO - Sync 4 DAGs
[2025-03-13T18:01:43.080+0000] {logging_mixin.py:190} INFO - [2025-03-13T18:01:43.079+0000] {dag.py:4180} INFO - Setting next_dagrun for dataset_alias_example_alias_consumer_with_no_taskflow to None, run_after=None
[2025-03-13T18:01:43.083+0000] {logging_mixin.py:190} INFO - [2025-03-13T18:01:43.083+0000] {dag.py:4180} INFO - Setting next_dagrun for dataset_alias_example_alias_producer_with_no_taskflow to None, run_after=None
[2025-03-13T18:01:43.084+0000] {logging_mixin.py:190} INFO - [2025-03-13T18:01:43.084+0000] {dag.py:4180} INFO - Setting next_dagrun for dataset_s3_bucket_consumer_with_no_taskflow to None, run_after=None
[2025-03-13T18:01:43.086+0000] {logging_mixin.py:190} INFO - [2025-03-13T18:01:43.086+0000] {dag.py:4180} INFO - Setting next_dagrun for dataset_s3_bucket_producer_with_no_taskflow to None, run_after=None
[2025-03-13T18:01:43.121+0000] {processor.py:208} INFO - Processing /root/venv/lib/python3.12/site-packages/airflow/example_dags/example_dataset_alias_with_no_taskflow.py took 0.140 seconds
[2025-03-13T18:02:44.092+0000] {processor.py:186} INFO - Started process (PID=1660958) to work on /root/venv/lib/python3.12/site-packages/airflow/example_dags/example_dataset_alias_with_no_taskflow.py
[2025-03-13T18:02:44.093+0000] {processor.py:914} INFO - Processing file /root/venv/lib/python3.12/site-packages/airflow/example_dags/example_dataset_alias_with_no_taskflow.py for tasks to queue
[2025-03-13T18:02:44.096+0000] {logging_mixin.py:190} INFO - [2025-03-13T18:02:44.096+0000] {dagbag.py:588} INFO - Filling up the DagBag from /root/venv/lib/python3.12/site-packages/airflow/example_dags/example_dataset_alias_with_no_taskflow.py
[2025-03-13T18:02:44.128+0000] {processor.py:925} INFO - DAG(s) 'dataset_alias_example_alias_producer_with_no_taskflow', 'dataset_s3_bucket_producer_with_no_taskflow', 'dataset_alias_example_alias_consumer_with_no_taskflow', 'dataset_s3_bucket_consumer_with_no_taskflow' retrieved from /root/venv/lib/python3.12/site-packages/airflow/example_dags/example_dataset_alias_with_no_taskflow.py
[2025-03-13T18:02:44.152+0000] {logging_mixin.py:190} INFO - [2025-03-13T18:02:44.151+0000] {dag.py:3239} INFO - Sync 4 DAGs
[2025-03-13T18:02:44.174+0000] {logging_mixin.py:190} INFO - [2025-03-13T18:02:44.174+0000] {dag.py:4180} INFO - Setting next_dagrun for dataset_alias_example_alias_consumer_with_no_taskflow to None, run_after=None
[2025-03-13T18:02:44.176+0000] {logging_mixin.py:190} INFO - [2025-03-13T18:02:44.176+0000] {dag.py:4180} INFO - Setting next_dagrun for dataset_alias_example_alias_producer_with_no_taskflow to None, run_after=None
[2025-03-13T18:02:44.177+0000] {logging_mixin.py:190} INFO - [2025-03-13T18:02:44.177+0000] {dag.py:4180} INFO - Setting next_dagrun for dataset_s3_bucket_consumer_with_no_taskflow to None, run_after=None
[2025-03-13T18:02:44.178+0000] {logging_mixin.py:190} INFO - [2025-03-13T18:02:44.178+0000] {dag.py:4180} INFO - Setting next_dagrun for dataset_s3_bucket_producer_with_no_taskflow to None, run_after=None
[2025-03-13T18:02:44.205+0000] {processor.py:208} INFO - Processing /root/venv/lib/python3.12/site-packages/airflow/example_dags/example_dataset_alias_with_no_taskflow.py took 0.120 seconds
[2025-03-13T18:03:50.908+0000] {processor.py:186} INFO - Started process (PID=1661026) to work on /root/venv/lib/python3.12/site-packages/airflow/example_dags/example_dataset_alias_with_no_taskflow.py
[2025-03-13T18:03:50.910+0000] {processor.py:914} INFO - Processing file /root/venv/lib/python3.12/site-packages/airflow/example_dags/example_dataset_alias_with_no_taskflow.py for tasks to queue
[2025-03-13T18:03:50.913+0000] {logging_mixin.py:190} INFO - [2025-03-13T18:03:50.913+0000] {dagbag.py:588} INFO - Filling up the DagBag from /root/venv/lib/python3.12/site-packages/airflow/example_dags/example_dataset_alias_with_no_taskflow.py
[2025-03-13T18:03:50.947+0000] {processor.py:925} INFO - DAG(s) 'dataset_alias_example_alias_consumer_with_no_taskflow', 'dataset_alias_example_alias_producer_with_no_taskflow', 'dataset_s3_bucket_producer_with_no_taskflow', 'dataset_s3_bucket_consumer_with_no_taskflow' retrieved from /root/venv/lib/python3.12/site-packages/airflow/example_dags/example_dataset_alias_with_no_taskflow.py
[2025-03-13T18:03:50.974+0000] {logging_mixin.py:190} INFO - [2025-03-13T18:03:50.973+0000] {dag.py:3239} INFO - Sync 4 DAGs
[2025-03-13T18:03:51.156+0000] {logging_mixin.py:190} INFO - [2025-03-13T18:03:51.155+0000] {dag.py:4180} INFO - Setting next_dagrun for dataset_alias_example_alias_consumer_with_no_taskflow to None, run_after=None
[2025-03-13T18:03:51.158+0000] {logging_mixin.py:190} INFO - [2025-03-13T18:03:51.158+0000] {dag.py:4180} INFO - Setting next_dagrun for dataset_alias_example_alias_producer_with_no_taskflow to None, run_after=None
[2025-03-13T18:03:51.159+0000] {logging_mixin.py:190} INFO - [2025-03-13T18:03:51.159+0000] {dag.py:4180} INFO - Setting next_dagrun for dataset_s3_bucket_consumer_with_no_taskflow to None, run_after=None
[2025-03-13T18:03:51.160+0000] {logging_mixin.py:190} INFO - [2025-03-13T18:03:51.159+0000] {dag.py:4180} INFO - Setting next_dagrun for dataset_s3_bucket_producer_with_no_taskflow to None, run_after=None
[2025-03-13T18:03:51.182+0000] {processor.py:208} INFO - Processing /root/venv/lib/python3.12/site-packages/airflow/example_dags/example_dataset_alias_with_no_taskflow.py took 0.283 seconds
[2025-03-13T18:05:11.263+0000] {processor.py:186} INFO - Started process (PID=1661101) to work on /root/venv/lib/python3.12/site-packages/airflow/example_dags/example_dataset_alias_with_no_taskflow.py
[2025-03-13T18:05:11.264+0000] {processor.py:914} INFO - Processing file /root/venv/lib/python3.12/site-packages/airflow/example_dags/example_dataset_alias_with_no_taskflow.py for tasks to queue
[2025-03-13T18:05:11.267+0000] {logging_mixin.py:190} INFO - [2025-03-13T18:05:11.267+0000] {dagbag.py:588} INFO - Filling up the DagBag from /root/venv/lib/python3.12/site-packages/airflow/example_dags/example_dataset_alias_with_no_taskflow.py
[2025-03-13T18:05:11.296+0000] {processor.py:925} INFO - DAG(s) 'dataset_alias_example_alias_consumer_with_no_taskflow', 'dataset_s3_bucket_producer_with_no_taskflow', 'dataset_s3_bucket_consumer_with_no_taskflow', 'dataset_alias_example_alias_producer_with_no_taskflow' retrieved from /root/venv/lib/python3.12/site-packages/airflow/example_dags/example_dataset_alias_with_no_taskflow.py
[2025-03-13T18:05:11.319+0000] {logging_mixin.py:190} INFO - [2025-03-13T18:05:11.318+0000] {dag.py:3239} INFO - Sync 4 DAGs
[2025-03-13T18:05:11.343+0000] {logging_mixin.py:190} INFO - [2025-03-13T18:05:11.343+0000] {dag.py:4180} INFO - Setting next_dagrun for dataset_alias_example_alias_consumer_with_no_taskflow to None, run_after=None
[2025-03-13T18:05:11.346+0000] {logging_mixin.py:190} INFO - [2025-03-13T18:05:11.346+0000] {dag.py:4180} INFO - Setting next_dagrun for dataset_alias_example_alias_producer_with_no_taskflow to None, run_after=None
[2025-03-13T18:05:11.347+0000] {logging_mixin.py:190} INFO - [2025-03-13T18:05:11.347+0000] {dag.py:4180} INFO - Setting next_dagrun for dataset_s3_bucket_consumer_with_no_taskflow to None, run_after=None
[2025-03-13T18:05:11.348+0000] {logging_mixin.py:190} INFO - [2025-03-13T18:05:11.348+0000] {dag.py:4180} INFO - Setting next_dagrun for dataset_s3_bucket_producer_with_no_taskflow to None, run_after=None
[2025-03-13T18:05:11.376+0000] {processor.py:208} INFO - Processing /root/venv/lib/python3.12/site-packages/airflow/example_dags/example_dataset_alias_with_no_taskflow.py took 0.121 seconds
[2025-03-13T18:06:17.908+0000] {processor.py:186} INFO - Started process (PID=1661170) to work on /root/venv/lib/python3.12/site-packages/airflow/example_dags/example_dataset_alias_with_no_taskflow.py
[2025-03-13T18:06:17.910+0000] {processor.py:914} INFO - Processing file /root/venv/lib/python3.12/site-packages/airflow/example_dags/example_dataset_alias_with_no_taskflow.py for tasks to queue
[2025-03-13T18:06:17.913+0000] {logging_mixin.py:190} INFO - [2025-03-13T18:06:17.912+0000] {dagbag.py:588} INFO - Filling up the DagBag from /root/venv/lib/python3.12/site-packages/airflow/example_dags/example_dataset_alias_with_no_taskflow.py
[2025-03-13T18:06:17.945+0000] {processor.py:925} INFO - DAG(s) 'dataset_s3_bucket_consumer_with_no_taskflow', 'dataset_s3_bucket_producer_with_no_taskflow', 'dataset_alias_example_alias_consumer_with_no_taskflow', 'dataset_alias_example_alias_producer_with_no_taskflow' retrieved from /root/venv/lib/python3.12/site-packages/airflow/example_dags/example_dataset_alias_with_no_taskflow.py
[2025-03-13T18:06:17.969+0000] {logging_mixin.py:190} INFO - [2025-03-13T18:06:17.968+0000] {dag.py:3239} INFO - Sync 4 DAGs
[2025-03-13T18:06:17.992+0000] {logging_mixin.py:190} INFO - [2025-03-13T18:06:17.992+0000] {dag.py:4180} INFO - Setting next_dagrun for dataset_alias_example_alias_consumer_with_no_taskflow to None, run_after=None
[2025-03-13T18:06:17.996+0000] {logging_mixin.py:190} INFO - [2025-03-13T18:06:17.996+0000] {dag.py:4180} INFO - Setting next_dagrun for dataset_alias_example_alias_producer_with_no_taskflow to None, run_after=None
[2025-03-13T18:06:17.997+0000] {logging_mixin.py:190} INFO - [2025-03-13T18:06:17.997+0000] {dag.py:4180} INFO - Setting next_dagrun for dataset_s3_bucket_consumer_with_no_taskflow to None, run_after=None
[2025-03-13T18:06:17.998+0000] {logging_mixin.py:190} INFO - [2025-03-13T18:06:17.998+0000] {dag.py:4180} INFO - Setting next_dagrun for dataset_s3_bucket_producer_with_no_taskflow to None, run_after=None
[2025-03-13T18:06:18.027+0000] {processor.py:208} INFO - Processing /root/venv/lib/python3.12/site-packages/airflow/example_dags/example_dataset_alias_with_no_taskflow.py took 0.129 seconds
[2025-03-13T18:07:29.659+0000] {processor.py:186} INFO - Started process (PID=1661250) to work on /root/venv/lib/python3.12/site-packages/airflow/example_dags/example_dataset_alias_with_no_taskflow.py
[2025-03-13T18:07:29.661+0000] {processor.py:914} INFO - Processing file /root/venv/lib/python3.12/site-packages/airflow/example_dags/example_dataset_alias_with_no_taskflow.py for tasks to queue
[2025-03-13T18:07:29.665+0000] {logging_mixin.py:190} INFO - [2025-03-13T18:07:29.664+0000] {dagbag.py:588} INFO - Filling up the DagBag from /root/venv/lib/python3.12/site-packages/airflow/example_dags/example_dataset_alias_with_no_taskflow.py
[2025-03-13T18:07:29.702+0000] {processor.py:925} INFO - DAG(s) 'dataset_s3_bucket_consumer_with_no_taskflow', 'dataset_alias_example_alias_producer_with_no_taskflow', 'dataset_s3_bucket_producer_with_no_taskflow', 'dataset_alias_example_alias_consumer_with_no_taskflow' retrieved from /root/venv/lib/python3.12/site-packages/airflow/example_dags/example_dataset_alias_with_no_taskflow.py
[2025-03-13T18:07:29.731+0000] {logging_mixin.py:190} INFO - [2025-03-13T18:07:29.731+0000] {dag.py:3239} INFO - Sync 4 DAGs
[2025-03-13T18:07:29.754+0000] {logging_mixin.py:190} INFO - [2025-03-13T18:07:29.754+0000] {dag.py:4180} INFO - Setting next_dagrun for dataset_alias_example_alias_consumer_with_no_taskflow to None, run_after=None
[2025-03-13T18:07:29.756+0000] {logging_mixin.py:190} INFO - [2025-03-13T18:07:29.756+0000] {dag.py:4180} INFO - Setting next_dagrun for dataset_alias_example_alias_producer_with_no_taskflow to None, run_after=None
[2025-03-13T18:07:29.758+0000] {logging_mixin.py:190} INFO - [2025-03-13T18:07:29.757+0000] {dag.py:4180} INFO - Setting next_dagrun for dataset_s3_bucket_consumer_with_no_taskflow to None, run_after=None
[2025-03-13T18:07:29.758+0000] {logging_mixin.py:190} INFO - [2025-03-13T18:07:29.758+0000] {dag.py:4180} INFO - Setting next_dagrun for dataset_s3_bucket_producer_with_no_taskflow to None, run_after=None
[2025-03-13T18:07:29.785+0000] {processor.py:208} INFO - Processing /root/venv/lib/python3.12/site-packages/airflow/example_dags/example_dataset_alias_with_no_taskflow.py took 0.135 seconds
[2025-03-13T18:08:34.883+0000] {processor.py:186} INFO - Started process (PID=1661327) to work on /root/venv/lib/python3.12/site-packages/airflow/example_dags/example_dataset_alias_with_no_taskflow.py
[2025-03-13T18:08:34.885+0000] {processor.py:914} INFO - Processing file /root/venv/lib/python3.12/site-packages/airflow/example_dags/example_dataset_alias_with_no_taskflow.py for tasks to queue
[2025-03-13T18:08:34.888+0000] {logging_mixin.py:190} INFO - [2025-03-13T18:08:34.888+0000] {dagbag.py:588} INFO - Filling up the DagBag from /root/venv/lib/python3.12/site-packages/airflow/example_dags/example_dataset_alias_with_no_taskflow.py
[2025-03-13T18:08:34.929+0000] {processor.py:925} INFO - DAG(s) 'dataset_s3_bucket_consumer_with_no_taskflow', 'dataset_alias_example_alias_producer_with_no_taskflow', 'dataset_s3_bucket_producer_with_no_taskflow', 'dataset_alias_example_alias_consumer_with_no_taskflow' retrieved from /root/venv/lib/python3.12/site-packages/airflow/example_dags/example_dataset_alias_with_no_taskflow.py
[2025-03-13T18:08:34.959+0000] {logging_mixin.py:190} INFO - [2025-03-13T18:08:34.958+0000] {dag.py:3239} INFO - Sync 4 DAGs
[2025-03-13T18:08:34.990+0000] {logging_mixin.py:190} INFO - [2025-03-13T18:08:34.989+0000] {dag.py:4180} INFO - Setting next_dagrun for dataset_alias_example_alias_consumer_with_no_taskflow to None, run_after=None
[2025-03-13T18:08:34.993+0000] {logging_mixin.py:190} INFO - [2025-03-13T18:08:34.993+0000] {dag.py:4180} INFO - Setting next_dagrun for dataset_alias_example_alias_producer_with_no_taskflow to None, run_after=None
[2025-03-13T18:08:34.995+0000] {logging_mixin.py:190} INFO - [2025-03-13T18:08:34.995+0000] {dag.py:4180} INFO - Setting next_dagrun for dataset_s3_bucket_consumer_with_no_taskflow to None, run_after=None
[2025-03-13T18:08:34.996+0000] {logging_mixin.py:190} INFO - [2025-03-13T18:08:34.996+0000] {dag.py:4180} INFO - Setting next_dagrun for dataset_s3_bucket_producer_with_no_taskflow to None, run_after=None
[2025-03-13T18:08:35.028+0000] {processor.py:208} INFO - Processing /root/venv/lib/python3.12/site-packages/airflow/example_dags/example_dataset_alias_with_no_taskflow.py took 0.155 seconds
[2025-03-13T18:09:38.145+0000] {processor.py:186} INFO - Started process (PID=1661394) to work on /root/venv/lib/python3.12/site-packages/airflow/example_dags/example_dataset_alias_with_no_taskflow.py
[2025-03-13T18:09:38.147+0000] {processor.py:914} INFO - Processing file /root/venv/lib/python3.12/site-packages/airflow/example_dags/example_dataset_alias_with_no_taskflow.py for tasks to queue
[2025-03-13T18:09:38.150+0000] {logging_mixin.py:190} INFO - [2025-03-13T18:09:38.149+0000] {dagbag.py:588} INFO - Filling up the DagBag from /root/venv/lib/python3.12/site-packages/airflow/example_dags/example_dataset_alias_with_no_taskflow.py
[2025-03-13T18:09:38.186+0000] {processor.py:925} INFO - DAG(s) 'dataset_s3_bucket_producer_with_no_taskflow', 'dataset_s3_bucket_consumer_with_no_taskflow', 'dataset_alias_example_alias_producer_with_no_taskflow', 'dataset_alias_example_alias_consumer_with_no_taskflow' retrieved from /root/venv/lib/python3.12/site-packages/airflow/example_dags/example_dataset_alias_with_no_taskflow.py
[2025-03-13T18:09:38.211+0000] {logging_mixin.py:190} INFO - [2025-03-13T18:09:38.211+0000] {dag.py:3239} INFO - Sync 4 DAGs
[2025-03-13T18:09:38.235+0000] {logging_mixin.py:190} INFO - [2025-03-13T18:09:38.234+0000] {dag.py:4180} INFO - Setting next_dagrun for dataset_alias_example_alias_consumer_with_no_taskflow to None, run_after=None
[2025-03-13T18:09:38.237+0000] {logging_mixin.py:190} INFO - [2025-03-13T18:09:38.237+0000] {dag.py:4180} INFO - Setting next_dagrun for dataset_alias_example_alias_producer_with_no_taskflow to None, run_after=None
[2025-03-13T18:09:38.238+0000] {logging_mixin.py:190} INFO - [2025-03-13T18:09:38.238+0000] {dag.py:4180} INFO - Setting next_dagrun for dataset_s3_bucket_consumer_with_no_taskflow to None, run_after=None
[2025-03-13T18:09:38.239+0000] {logging_mixin.py:190} INFO - [2025-03-13T18:09:38.239+0000] {dag.py:4180} INFO - Setting next_dagrun for dataset_s3_bucket_producer_with_no_taskflow to None, run_after=None
[2025-03-13T18:09:38.264+0000] {processor.py:208} INFO - Processing /root/venv/lib/python3.12/site-packages/airflow/example_dags/example_dataset_alias_with_no_taskflow.py took 0.130 seconds
[2025-03-13T18:10:40.487+0000] {processor.py:186} INFO - Started process (PID=1661463) to work on /root/venv/lib/python3.12/site-packages/airflow/example_dags/example_dataset_alias_with_no_taskflow.py
[2025-03-13T18:10:40.489+0000] {processor.py:914} INFO - Processing file /root/venv/lib/python3.12/site-packages/airflow/example_dags/example_dataset_alias_with_no_taskflow.py for tasks to queue
[2025-03-13T18:10:40.494+0000] {logging_mixin.py:190} INFO - [2025-03-13T18:10:40.493+0000] {dagbag.py:588} INFO - Filling up the DagBag from /root/venv/lib/python3.12/site-packages/airflow/example_dags/example_dataset_alias_with_no_taskflow.py
[2025-03-13T18:10:40.541+0000] {processor.py:925} INFO - DAG(s) 'dataset_alias_example_alias_producer_with_no_taskflow', 'dataset_alias_example_alias_consumer_with_no_taskflow', 'dataset_s3_bucket_producer_with_no_taskflow', 'dataset_s3_bucket_consumer_with_no_taskflow' retrieved from /root/venv/lib/python3.12/site-packages/airflow/example_dags/example_dataset_alias_with_no_taskflow.py
[2025-03-13T18:10:40.580+0000] {logging_mixin.py:190} INFO - [2025-03-13T18:10:40.580+0000] {dag.py:3239} INFO - Sync 4 DAGs
[2025-03-13T18:10:40.618+0000] {logging_mixin.py:190} INFO - [2025-03-13T18:10:40.618+0000] {dag.py:4180} INFO - Setting next_dagrun for dataset_alias_example_alias_consumer_with_no_taskflow to None, run_after=None
[2025-03-13T18:10:40.623+0000] {logging_mixin.py:190} INFO - [2025-03-13T18:10:40.622+0000] {dag.py:4180} INFO - Setting next_dagrun for dataset_alias_example_alias_producer_with_no_taskflow to None, run_after=None
[2025-03-13T18:10:40.625+0000] {logging_mixin.py:190} INFO - [2025-03-13T18:10:40.624+0000] {dag.py:4180} INFO - Setting next_dagrun for dataset_s3_bucket_consumer_with_no_taskflow to None, run_after=None
[2025-03-13T18:10:40.627+0000] {logging_mixin.py:190} INFO - [2025-03-13T18:10:40.626+0000] {dag.py:4180} INFO - Setting next_dagrun for dataset_s3_bucket_producer_with_no_taskflow to None, run_after=None
[2025-03-13T18:10:40.667+0000] {processor.py:208} INFO - Processing /root/venv/lib/python3.12/site-packages/airflow/example_dags/example_dataset_alias_with_no_taskflow.py took 0.192 seconds
[2025-03-13T18:11:47.250+0000] {processor.py:186} INFO - Started process (PID=1661530) to work on /root/venv/lib/python3.12/site-packages/airflow/example_dags/example_dataset_alias_with_no_taskflow.py
[2025-03-13T18:11:47.252+0000] {processor.py:914} INFO - Processing file /root/venv/lib/python3.12/site-packages/airflow/example_dags/example_dataset_alias_with_no_taskflow.py for tasks to queue
[2025-03-13T18:11:47.255+0000] {logging_mixin.py:190} INFO - [2025-03-13T18:11:47.254+0000] {dagbag.py:588} INFO - Filling up the DagBag from /root/venv/lib/python3.12/site-packages/airflow/example_dags/example_dataset_alias_with_no_taskflow.py
[2025-03-13T18:11:47.295+0000] {processor.py:925} INFO - DAG(s) 'dataset_s3_bucket_consumer_with_no_taskflow', 'dataset_alias_example_alias_consumer_with_no_taskflow', 'dataset_alias_example_alias_producer_with_no_taskflow', 'dataset_s3_bucket_producer_with_no_taskflow' retrieved from /root/venv/lib/python3.12/site-packages/airflow/example_dags/example_dataset_alias_with_no_taskflow.py
[2025-03-13T18:11:47.323+0000] {logging_mixin.py:190} INFO - [2025-03-13T18:11:47.322+0000] {dag.py:3239} INFO - Sync 4 DAGs
[2025-03-13T18:11:47.351+0000] {logging_mixin.py:190} INFO - [2025-03-13T18:11:47.350+0000] {dag.py:4180} INFO - Setting next_dagrun for dataset_alias_example_alias_consumer_with_no_taskflow to None, run_after=None
[2025-03-13T18:11:47.354+0000] {logging_mixin.py:190} INFO - [2025-03-13T18:11:47.354+0000] {dag.py:4180} INFO - Setting next_dagrun for dataset_alias_example_alias_producer_with_no_taskflow to None, run_after=None
[2025-03-13T18:11:47.356+0000] {logging_mixin.py:190} INFO - [2025-03-13T18:11:47.355+0000] {dag.py:4180} INFO - Setting next_dagrun for dataset_s3_bucket_consumer_with_no_taskflow to None, run_after=None
[2025-03-13T18:11:47.357+0000] {logging_mixin.py:190} INFO - [2025-03-13T18:11:47.357+0000] {dag.py:4180} INFO - Setting next_dagrun for dataset_s3_bucket_producer_with_no_taskflow to None, run_after=None
[2025-03-13T18:11:47.392+0000] {processor.py:208} INFO - Processing /root/venv/lib/python3.12/site-packages/airflow/example_dags/example_dataset_alias_with_no_taskflow.py took 0.153 seconds
[2025-03-13T18:12:53.205+0000] {processor.py:186} INFO - Started process (PID=1661609) to work on /root/venv/lib/python3.12/site-packages/airflow/example_dags/example_dataset_alias_with_no_taskflow.py
[2025-03-13T18:12:53.207+0000] {processor.py:914} INFO - Processing file /root/venv/lib/python3.12/site-packages/airflow/example_dags/example_dataset_alias_with_no_taskflow.py for tasks to queue
[2025-03-13T18:12:53.209+0000] {logging_mixin.py:190} INFO - [2025-03-13T18:12:53.209+0000] {dagbag.py:588} INFO - Filling up the DagBag from /root/venv/lib/python3.12/site-packages/airflow/example_dags/example_dataset_alias_with_no_taskflow.py
[2025-03-13T18:12:53.243+0000] {processor.py:925} INFO - DAG(s) 'dataset_alias_example_alias_producer_with_no_taskflow', 'dataset_s3_bucket_producer_with_no_taskflow', 'dataset_s3_bucket_consumer_with_no_taskflow', 'dataset_alias_example_alias_consumer_with_no_taskflow' retrieved from /root/venv/lib/python3.12/site-packages/airflow/example_dags/example_dataset_alias_with_no_taskflow.py
[2025-03-13T18:12:53.270+0000] {logging_mixin.py:190} INFO - [2025-03-13T18:12:53.269+0000] {dag.py:3239} INFO - Sync 4 DAGs
[2025-03-13T18:12:53.301+0000] {logging_mixin.py:190} INFO - [2025-03-13T18:12:53.301+0000] {dag.py:4180} INFO - Setting next_dagrun for dataset_alias_example_alias_consumer_with_no_taskflow to None, run_after=None
[2025-03-13T18:12:53.304+0000] {logging_mixin.py:190} INFO - [2025-03-13T18:12:53.304+0000] {dag.py:4180} INFO - Setting next_dagrun for dataset_alias_example_alias_producer_with_no_taskflow to None, run_after=None
[2025-03-13T18:12:53.306+0000] {logging_mixin.py:190} INFO - [2025-03-13T18:12:53.305+0000] {dag.py:4180} INFO - Setting next_dagrun for dataset_s3_bucket_consumer_with_no_taskflow to None, run_after=None
[2025-03-13T18:12:53.306+0000] {logging_mixin.py:190} INFO - [2025-03-13T18:12:53.306+0000] {dag.py:4180} INFO - Setting next_dagrun for dataset_s3_bucket_producer_with_no_taskflow to None, run_after=None
[2025-03-13T18:12:53.336+0000] {processor.py:208} INFO - Processing /root/venv/lib/python3.12/site-packages/airflow/example_dags/example_dataset_alias_with_no_taskflow.py took 0.139 seconds
[2025-03-13T18:14:00.944+0000] {processor.py:186} INFO - Started process (PID=1661678) to work on /root/venv/lib/python3.12/site-packages/airflow/example_dags/example_dataset_alias_with_no_taskflow.py
[2025-03-13T18:14:00.945+0000] {processor.py:914} INFO - Processing file /root/venv/lib/python3.12/site-packages/airflow/example_dags/example_dataset_alias_with_no_taskflow.py for tasks to queue
[2025-03-13T18:14:00.947+0000] {logging_mixin.py:190} INFO - [2025-03-13T18:14:00.946+0000] {dagbag.py:588} INFO - Filling up the DagBag from /root/venv/lib/python3.12/site-packages/airflow/example_dags/example_dataset_alias_with_no_taskflow.py
[2025-03-13T18:14:00.977+0000] {processor.py:925} INFO - DAG(s) 'dataset_alias_example_alias_consumer_with_no_taskflow', 'dataset_s3_bucket_producer_with_no_taskflow', 'dataset_s3_bucket_consumer_with_no_taskflow', 'dataset_alias_example_alias_producer_with_no_taskflow' retrieved from /root/venv/lib/python3.12/site-packages/airflow/example_dags/example_dataset_alias_with_no_taskflow.py
[2025-03-13T18:14:01.001+0000] {logging_mixin.py:190} INFO - [2025-03-13T18:14:01.000+0000] {dag.py:3239} INFO - Sync 4 DAGs
[2025-03-13T18:14:01.026+0000] {logging_mixin.py:190} INFO - [2025-03-13T18:14:01.026+0000] {dag.py:4180} INFO - Setting next_dagrun for dataset_alias_example_alias_consumer_with_no_taskflow to None, run_after=None
[2025-03-13T18:14:01.029+0000] {logging_mixin.py:190} INFO - [2025-03-13T18:14:01.029+0000] {dag.py:4180} INFO - Setting next_dagrun for dataset_alias_example_alias_producer_with_no_taskflow to None, run_after=None
[2025-03-13T18:14:01.031+0000] {logging_mixin.py:190} INFO - [2025-03-13T18:14:01.031+0000] {dag.py:4180} INFO - Setting next_dagrun for dataset_s3_bucket_consumer_with_no_taskflow to None, run_after=None
[2025-03-13T18:14:01.032+0000] {logging_mixin.py:190} INFO - [2025-03-13T18:14:01.032+0000] {dag.py:4180} INFO - Setting next_dagrun for dataset_s3_bucket_producer_with_no_taskflow to None, run_after=None
[2025-03-13T18:14:01.067+0000] {processor.py:208} INFO - Processing /root/venv/lib/python3.12/site-packages/airflow/example_dags/example_dataset_alias_with_no_taskflow.py took 0.132 seconds
[2025-03-13T18:15:11.208+0000] {processor.py:186} INFO - Started process (PID=1661755) to work on /root/venv/lib/python3.12/site-packages/airflow/example_dags/example_dataset_alias_with_no_taskflow.py
[2025-03-13T18:15:11.210+0000] {processor.py:914} INFO - Processing file /root/venv/lib/python3.12/site-packages/airflow/example_dags/example_dataset_alias_with_no_taskflow.py for tasks to queue
[2025-03-13T18:15:11.213+0000] {logging_mixin.py:190} INFO - [2025-03-13T18:15:11.212+0000] {dagbag.py:588} INFO - Filling up the DagBag from /root/venv/lib/python3.12/site-packages/airflow/example_dags/example_dataset_alias_with_no_taskflow.py
[2025-03-13T18:15:11.253+0000] {processor.py:925} INFO - DAG(s) 'dataset_s3_bucket_consumer_with_no_taskflow', 'dataset_alias_example_alias_consumer_with_no_taskflow', 'dataset_s3_bucket_producer_with_no_taskflow', 'dataset_alias_example_alias_producer_with_no_taskflow' retrieved from /root/venv/lib/python3.12/site-packages/airflow/example_dags/example_dataset_alias_with_no_taskflow.py
[2025-03-13T18:15:11.290+0000] {logging_mixin.py:190} INFO - [2025-03-13T18:15:11.289+0000] {dag.py:3239} INFO - Sync 4 DAGs
[2025-03-13T18:15:11.336+0000] {logging_mixin.py:190} INFO - [2025-03-13T18:15:11.335+0000] {dag.py:4180} INFO - Setting next_dagrun for dataset_alias_example_alias_consumer_with_no_taskflow to None, run_after=None
[2025-03-13T18:15:11.339+0000] {logging_mixin.py:190} INFO - [2025-03-13T18:15:11.339+0000] {dag.py:4180} INFO - Setting next_dagrun for dataset_alias_example_alias_producer_with_no_taskflow to None, run_after=None
[2025-03-13T18:15:11.341+0000] {logging_mixin.py:190} INFO - [2025-03-13T18:15:11.341+0000] {dag.py:4180} INFO - Setting next_dagrun for dataset_s3_bucket_consumer_with_no_taskflow to None, run_after=None
[2025-03-13T18:15:11.343+0000] {logging_mixin.py:190} INFO - [2025-03-13T18:15:11.343+0000] {dag.py:4180} INFO - Setting next_dagrun for dataset_s3_bucket_producer_with_no_taskflow to None, run_after=None
[2025-03-13T18:15:11.384+0000] {processor.py:208} INFO - Processing /root/venv/lib/python3.12/site-packages/airflow/example_dags/example_dataset_alias_with_no_taskflow.py took 0.186 seconds
[2025-03-13T19:39:48.826+0000] {processor.py:186} INFO - Started process (PID=1662412) to work on /root/venv/lib/python3.12/site-packages/airflow/example_dags/example_dataset_alias_with_no_taskflow.py
[2025-03-13T19:39:48.828+0000] {processor.py:914} INFO - Processing file /root/venv/lib/python3.12/site-packages/airflow/example_dags/example_dataset_alias_with_no_taskflow.py for tasks to queue
[2025-03-13T19:39:48.831+0000] {logging_mixin.py:190} INFO - [2025-03-13T19:39:48.830+0000] {dagbag.py:588} INFO - Filling up the DagBag from /root/venv/lib/python3.12/site-packages/airflow/example_dags/example_dataset_alias_with_no_taskflow.py
[2025-03-13T19:39:48.867+0000] {processor.py:925} INFO - DAG(s) 'dataset_alias_example_alias_consumer_with_no_taskflow', 'dataset_alias_example_alias_producer_with_no_taskflow', 'dataset_s3_bucket_consumer_with_no_taskflow', 'dataset_s3_bucket_producer_with_no_taskflow' retrieved from /root/venv/lib/python3.12/site-packages/airflow/example_dags/example_dataset_alias_with_no_taskflow.py
[2025-03-13T19:39:48.899+0000] {logging_mixin.py:190} INFO - [2025-03-13T19:39:48.899+0000] {dag.py:3239} INFO - Sync 4 DAGs
[2025-03-13T19:39:48.929+0000] {logging_mixin.py:190} INFO - [2025-03-13T19:39:48.929+0000] {dag.py:4180} INFO - Setting next_dagrun for dataset_alias_example_alias_consumer_with_no_taskflow to None, run_after=None
[2025-03-13T19:39:48.931+0000] {logging_mixin.py:190} INFO - [2025-03-13T19:39:48.931+0000] {dag.py:4180} INFO - Setting next_dagrun for dataset_alias_example_alias_producer_with_no_taskflow to None, run_after=None
[2025-03-13T19:39:48.932+0000] {logging_mixin.py:190} INFO - [2025-03-13T19:39:48.932+0000] {dag.py:4180} INFO - Setting next_dagrun for dataset_s3_bucket_consumer_with_no_taskflow to None, run_after=None
[2025-03-13T19:39:48.933+0000] {logging_mixin.py:190} INFO - [2025-03-13T19:39:48.933+0000] {dag.py:4180} INFO - Setting next_dagrun for dataset_s3_bucket_producer_with_no_taskflow to None, run_after=None
[2025-03-13T19:39:48.959+0000] {processor.py:208} INFO - Processing /root/venv/lib/python3.12/site-packages/airflow/example_dags/example_dataset_alias_with_no_taskflow.py took 0.143 seconds
