[2025-03-13T17:31:37.674+0000] {processor.py:186} INFO - Started process (PID=1658889) to work on /root/venv/lib/python3.12/site-packages/airflow/example_dags/example_dataset_alias.py
[2025-03-13T17:31:37.675+0000] {processor.py:914} INFO - Processing file /root/venv/lib/python3.12/site-packages/airflow/example_dags/example_dataset_alias.py for tasks to queue
[2025-03-13T17:31:37.682+0000] {logging_mixin.py:190} INFO - [2025-03-13T17:31:37.681+0000] {dagbag.py:588} INFO - Filling up the DagBag from /root/venv/lib/python3.12/site-packages/airflow/example_dags/example_dataset_alias.py
[2025-03-13T17:31:37.722+0000] {processor.py:925} INFO - DAG(s) 'dataset_s3_bucket_producer', 'dataset_alias_example_alias_consumer', 'dataset_alias_example_alias_producer', 'dataset_s3_bucket_consumer' retrieved from /root/venv/lib/python3.12/site-packages/airflow/example_dags/example_dataset_alias.py
[2025-03-13T17:31:37.905+0000] {logging_mixin.py:190} INFO - [2025-03-13T17:31:37.905+0000] {dag.py:3239} INFO - Sync 4 DAGs
[2025-03-13T17:31:37.927+0000] {logging_mixin.py:190} INFO - [2025-03-13T17:31:37.926+0000] {dag.py:4180} INFO - Setting next_dagrun for dataset_alias_example_alias_consumer to None, run_after=None
[2025-03-13T17:31:37.929+0000] {logging_mixin.py:190} INFO - [2025-03-13T17:31:37.929+0000] {dag.py:4180} INFO - Setting next_dagrun for dataset_alias_example_alias_producer to None, run_after=None
[2025-03-13T17:31:37.930+0000] {logging_mixin.py:190} INFO - [2025-03-13T17:31:37.930+0000] {dag.py:4180} INFO - Setting next_dagrun for dataset_s3_bucket_consumer to None, run_after=None
[2025-03-13T17:31:37.931+0000] {logging_mixin.py:190} INFO - [2025-03-13T17:31:37.931+0000] {dag.py:4180} INFO - Setting next_dagrun for dataset_s3_bucket_producer to None, run_after=None
[2025-03-13T17:31:37.956+0000] {processor.py:208} INFO - Processing /root/venv/lib/python3.12/site-packages/airflow/example_dags/example_dataset_alias.py took 0.291 seconds
[2025-03-13T17:32:41.701+0000] {processor.py:186} INFO - Started process (PID=1658952) to work on /root/venv/lib/python3.12/site-packages/airflow/example_dags/example_dataset_alias.py
[2025-03-13T17:32:41.703+0000] {processor.py:914} INFO - Processing file /root/venv/lib/python3.12/site-packages/airflow/example_dags/example_dataset_alias.py for tasks to queue
[2025-03-13T17:32:41.707+0000] {logging_mixin.py:190} INFO - [2025-03-13T17:32:41.706+0000] {dagbag.py:588} INFO - Filling up the DagBag from /root/venv/lib/python3.12/site-packages/airflow/example_dags/example_dataset_alias.py
[2025-03-13T17:32:41.743+0000] {processor.py:925} INFO - DAG(s) 'dataset_alias_example_alias_producer', 'dataset_s3_bucket_producer', 'dataset_s3_bucket_consumer', 'dataset_alias_example_alias_consumer' retrieved from /root/venv/lib/python3.12/site-packages/airflow/example_dags/example_dataset_alias.py
[2025-03-13T17:32:41.770+0000] {logging_mixin.py:190} INFO - [2025-03-13T17:32:41.770+0000] {dag.py:3239} INFO - Sync 4 DAGs
[2025-03-13T17:32:41.795+0000] {logging_mixin.py:190} INFO - [2025-03-13T17:32:41.795+0000] {dag.py:4180} INFO - Setting next_dagrun for dataset_alias_example_alias_consumer to None, run_after=None
[2025-03-13T17:32:41.797+0000] {logging_mixin.py:190} INFO - [2025-03-13T17:32:41.797+0000] {dag.py:4180} INFO - Setting next_dagrun for dataset_alias_example_alias_producer to None, run_after=None
[2025-03-13T17:32:41.799+0000] {logging_mixin.py:190} INFO - [2025-03-13T17:32:41.798+0000] {dag.py:4180} INFO - Setting next_dagrun for dataset_s3_bucket_consumer to None, run_after=None
[2025-03-13T17:32:41.799+0000] {logging_mixin.py:190} INFO - [2025-03-13T17:32:41.799+0000] {dag.py:4180} INFO - Setting next_dagrun for dataset_s3_bucket_producer to None, run_after=None
[2025-03-13T17:32:41.830+0000] {processor.py:208} INFO - Processing /root/venv/lib/python3.12/site-packages/airflow/example_dags/example_dataset_alias.py took 0.136 seconds
[2025-03-13T17:33:42.282+0000] {processor.py:186} INFO - Started process (PID=1659084) to work on /root/venv/lib/python3.12/site-packages/airflow/example_dags/example_dataset_alias.py
[2025-03-13T17:33:42.284+0000] {processor.py:914} INFO - Processing file /root/venv/lib/python3.12/site-packages/airflow/example_dags/example_dataset_alias.py for tasks to queue
[2025-03-13T17:33:42.286+0000] {logging_mixin.py:190} INFO - [2025-03-13T17:33:42.286+0000] {dagbag.py:588} INFO - Filling up the DagBag from /root/venv/lib/python3.12/site-packages/airflow/example_dags/example_dataset_alias.py
[2025-03-13T17:33:42.321+0000] {processor.py:925} INFO - DAG(s) 'dataset_s3_bucket_producer', 'dataset_alias_example_alias_producer', 'dataset_s3_bucket_consumer', 'dataset_alias_example_alias_consumer' retrieved from /root/venv/lib/python3.12/site-packages/airflow/example_dags/example_dataset_alias.py
[2025-03-13T17:33:42.348+0000] {logging_mixin.py:190} INFO - [2025-03-13T17:33:42.348+0000] {dag.py:3239} INFO - Sync 4 DAGs
[2025-03-13T17:33:42.369+0000] {logging_mixin.py:190} INFO - [2025-03-13T17:33:42.368+0000] {dag.py:4180} INFO - Setting next_dagrun for dataset_alias_example_alias_consumer to None, run_after=None
[2025-03-13T17:33:42.371+0000] {logging_mixin.py:190} INFO - [2025-03-13T17:33:42.370+0000] {dag.py:4180} INFO - Setting next_dagrun for dataset_alias_example_alias_producer to None, run_after=None
[2025-03-13T17:33:42.371+0000] {logging_mixin.py:190} INFO - [2025-03-13T17:33:42.371+0000] {dag.py:4180} INFO - Setting next_dagrun for dataset_s3_bucket_consumer to None, run_after=None
[2025-03-13T17:33:42.372+0000] {logging_mixin.py:190} INFO - [2025-03-13T17:33:42.372+0000] {dag.py:4180} INFO - Setting next_dagrun for dataset_s3_bucket_producer to None, run_after=None
[2025-03-13T17:33:42.394+0000] {processor.py:208} INFO - Processing /root/venv/lib/python3.12/site-packages/airflow/example_dags/example_dataset_alias.py took 0.118 seconds
[2025-03-13T17:35:25.776+0000] {processor.py:186} INFO - Started process (PID=1659197) to work on /root/venv/lib/python3.12/site-packages/airflow/example_dags/example_dataset_alias.py
[2025-03-13T17:35:25.777+0000] {processor.py:914} INFO - Processing file /root/venv/lib/python3.12/site-packages/airflow/example_dags/example_dataset_alias.py for tasks to queue
[2025-03-13T17:35:25.785+0000] {logging_mixin.py:190} INFO - [2025-03-13T17:35:25.784+0000] {dagbag.py:588} INFO - Filling up the DagBag from /root/venv/lib/python3.12/site-packages/airflow/example_dags/example_dataset_alias.py
[2025-03-13T17:35:25.824+0000] {processor.py:925} INFO - DAG(s) 'dataset_alias_example_alias_producer', 'dataset_s3_bucket_consumer', 'dataset_s3_bucket_producer', 'dataset_alias_example_alias_consumer' retrieved from /root/venv/lib/python3.12/site-packages/airflow/example_dags/example_dataset_alias.py
[2025-03-13T17:35:25.851+0000] {logging_mixin.py:190} INFO - [2025-03-13T17:35:25.850+0000] {dag.py:3239} INFO - Sync 4 DAGs
[2025-03-13T17:35:25.875+0000] {logging_mixin.py:190} INFO - [2025-03-13T17:35:25.875+0000] {dag.py:4180} INFO - Setting next_dagrun for dataset_alias_example_alias_consumer to None, run_after=None
[2025-03-13T17:35:25.879+0000] {logging_mixin.py:190} INFO - [2025-03-13T17:35:25.878+0000] {dag.py:4180} INFO - Setting next_dagrun for dataset_alias_example_alias_producer to None, run_after=None
[2025-03-13T17:35:25.880+0000] {logging_mixin.py:190} INFO - [2025-03-13T17:35:25.880+0000] {dag.py:4180} INFO - Setting next_dagrun for dataset_s3_bucket_consumer to None, run_after=None
[2025-03-13T17:35:25.881+0000] {logging_mixin.py:190} INFO - [2025-03-13T17:35:25.881+0000] {dag.py:4180} INFO - Setting next_dagrun for dataset_s3_bucket_producer to None, run_after=None
[2025-03-13T17:35:25.908+0000] {processor.py:208} INFO - Processing /root/venv/lib/python3.12/site-packages/airflow/example_dags/example_dataset_alias.py took 0.139 seconds
[2025-03-13T17:36:23.206+0000] {processor.py:186} INFO - Started process (PID=1659258) to work on /root/venv/lib/python3.12/site-packages/airflow/example_dags/example_dataset_alias.py
[2025-03-13T17:36:23.208+0000] {processor.py:914} INFO - Processing file /root/venv/lib/python3.12/site-packages/airflow/example_dags/example_dataset_alias.py for tasks to queue
[2025-03-13T17:36:23.211+0000] {logging_mixin.py:190} INFO - [2025-03-13T17:36:23.211+0000] {dagbag.py:588} INFO - Filling up the DagBag from /root/venv/lib/python3.12/site-packages/airflow/example_dags/example_dataset_alias.py
[2025-03-13T17:36:23.253+0000] {processor.py:925} INFO - DAG(s) 'dataset_alias_example_alias_producer', 'dataset_s3_bucket_consumer', 'dataset_s3_bucket_producer', 'dataset_alias_example_alias_consumer' retrieved from /root/venv/lib/python3.12/site-packages/airflow/example_dags/example_dataset_alias.py
[2025-03-13T17:36:23.286+0000] {logging_mixin.py:190} INFO - [2025-03-13T17:36:23.285+0000] {dag.py:3239} INFO - Sync 4 DAGs
[2025-03-13T17:36:23.316+0000] {logging_mixin.py:190} INFO - [2025-03-13T17:36:23.315+0000] {dag.py:4180} INFO - Setting next_dagrun for dataset_alias_example_alias_consumer to None, run_after=None
[2025-03-13T17:36:23.319+0000] {logging_mixin.py:190} INFO - [2025-03-13T17:36:23.319+0000] {dag.py:4180} INFO - Setting next_dagrun for dataset_alias_example_alias_producer to None, run_after=None
[2025-03-13T17:36:23.320+0000] {logging_mixin.py:190} INFO - [2025-03-13T17:36:23.320+0000] {dag.py:4180} INFO - Setting next_dagrun for dataset_s3_bucket_consumer to None, run_after=None
[2025-03-13T17:36:23.322+0000] {logging_mixin.py:190} INFO - [2025-03-13T17:36:23.321+0000] {dag.py:4180} INFO - Setting next_dagrun for dataset_s3_bucket_producer to None, run_after=None
[2025-03-13T17:36:23.352+0000] {processor.py:208} INFO - Processing /root/venv/lib/python3.12/site-packages/airflow/example_dags/example_dataset_alias.py took 0.155 seconds
[2025-03-13T17:37:26.472+0000] {processor.py:186} INFO - Started process (PID=1659326) to work on /root/venv/lib/python3.12/site-packages/airflow/example_dags/example_dataset_alias.py
[2025-03-13T17:37:26.473+0000] {processor.py:914} INFO - Processing file /root/venv/lib/python3.12/site-packages/airflow/example_dags/example_dataset_alias.py for tasks to queue
[2025-03-13T17:37:26.476+0000] {logging_mixin.py:190} INFO - [2025-03-13T17:37:26.475+0000] {dagbag.py:588} INFO - Filling up the DagBag from /root/venv/lib/python3.12/site-packages/airflow/example_dags/example_dataset_alias.py
[2025-03-13T17:37:26.506+0000] {processor.py:925} INFO - DAG(s) 'dataset_s3_bucket_consumer', 'dataset_alias_example_alias_consumer', 'dataset_alias_example_alias_producer', 'dataset_s3_bucket_producer' retrieved from /root/venv/lib/python3.12/site-packages/airflow/example_dags/example_dataset_alias.py
[2025-03-13T17:37:26.530+0000] {logging_mixin.py:190} INFO - [2025-03-13T17:37:26.529+0000] {dag.py:3239} INFO - Sync 4 DAGs
[2025-03-13T17:37:26.558+0000] {logging_mixin.py:190} INFO - [2025-03-13T17:37:26.557+0000] {dag.py:4180} INFO - Setting next_dagrun for dataset_alias_example_alias_consumer to None, run_after=None
[2025-03-13T17:37:26.560+0000] {logging_mixin.py:190} INFO - [2025-03-13T17:37:26.560+0000] {dag.py:4180} INFO - Setting next_dagrun for dataset_alias_example_alias_producer to None, run_after=None
[2025-03-13T17:37:26.561+0000] {logging_mixin.py:190} INFO - [2025-03-13T17:37:26.561+0000] {dag.py:4180} INFO - Setting next_dagrun for dataset_s3_bucket_consumer to None, run_after=None
[2025-03-13T17:37:26.562+0000] {logging_mixin.py:190} INFO - [2025-03-13T17:37:26.562+0000] {dag.py:4180} INFO - Setting next_dagrun for dataset_s3_bucket_producer to None, run_after=None
[2025-03-13T17:37:26.589+0000] {processor.py:208} INFO - Processing /root/venv/lib/python3.12/site-packages/airflow/example_dags/example_dataset_alias.py took 0.124 seconds
[2025-03-13T17:38:29.239+0000] {processor.py:186} INFO - Started process (PID=1659389) to work on /root/venv/lib/python3.12/site-packages/airflow/example_dags/example_dataset_alias.py
[2025-03-13T17:38:29.240+0000] {processor.py:914} INFO - Processing file /root/venv/lib/python3.12/site-packages/airflow/example_dags/example_dataset_alias.py for tasks to queue
[2025-03-13T17:38:29.243+0000] {logging_mixin.py:190} INFO - [2025-03-13T17:38:29.242+0000] {dagbag.py:588} INFO - Filling up the DagBag from /root/venv/lib/python3.12/site-packages/airflow/example_dags/example_dataset_alias.py
[2025-03-13T17:38:29.273+0000] {processor.py:925} INFO - DAG(s) 'dataset_alias_example_alias_producer', 'dataset_s3_bucket_consumer', 'dataset_s3_bucket_producer', 'dataset_alias_example_alias_consumer' retrieved from /root/venv/lib/python3.12/site-packages/airflow/example_dags/example_dataset_alias.py
[2025-03-13T17:38:29.296+0000] {logging_mixin.py:190} INFO - [2025-03-13T17:38:29.296+0000] {dag.py:3239} INFO - Sync 4 DAGs
[2025-03-13T17:38:29.319+0000] {logging_mixin.py:190} INFO - [2025-03-13T17:38:29.318+0000] {dag.py:4180} INFO - Setting next_dagrun for dataset_alias_example_alias_consumer to None, run_after=None
[2025-03-13T17:38:29.322+0000] {logging_mixin.py:190} INFO - [2025-03-13T17:38:29.322+0000] {dag.py:4180} INFO - Setting next_dagrun for dataset_alias_example_alias_producer to None, run_after=None
[2025-03-13T17:38:29.323+0000] {logging_mixin.py:190} INFO - [2025-03-13T17:38:29.323+0000] {dag.py:4180} INFO - Setting next_dagrun for dataset_s3_bucket_consumer to None, run_after=None
[2025-03-13T17:38:29.324+0000] {logging_mixin.py:190} INFO - [2025-03-13T17:38:29.323+0000] {dag.py:4180} INFO - Setting next_dagrun for dataset_s3_bucket_producer to None, run_after=None
[2025-03-13T17:38:29.347+0000] {processor.py:208} INFO - Processing /root/venv/lib/python3.12/site-packages/airflow/example_dags/example_dataset_alias.py took 0.115 seconds
[2025-03-13T17:39:31.623+0000] {processor.py:186} INFO - Started process (PID=1659450) to work on /root/venv/lib/python3.12/site-packages/airflow/example_dags/example_dataset_alias.py
[2025-03-13T17:39:31.625+0000] {processor.py:914} INFO - Processing file /root/venv/lib/python3.12/site-packages/airflow/example_dags/example_dataset_alias.py for tasks to queue
[2025-03-13T17:39:31.629+0000] {logging_mixin.py:190} INFO - [2025-03-13T17:39:31.628+0000] {dagbag.py:588} INFO - Filling up the DagBag from /root/venv/lib/python3.12/site-packages/airflow/example_dags/example_dataset_alias.py
[2025-03-13T17:39:31.674+0000] {processor.py:925} INFO - DAG(s) 'dataset_alias_example_alias_producer', 'dataset_s3_bucket_producer', 'dataset_s3_bucket_consumer', 'dataset_alias_example_alias_consumer' retrieved from /root/venv/lib/python3.12/site-packages/airflow/example_dags/example_dataset_alias.py
[2025-03-13T17:39:31.707+0000] {logging_mixin.py:190} INFO - [2025-03-13T17:39:31.707+0000] {dag.py:3239} INFO - Sync 4 DAGs
[2025-03-13T17:39:31.739+0000] {logging_mixin.py:190} INFO - [2025-03-13T17:39:31.739+0000] {dag.py:4180} INFO - Setting next_dagrun for dataset_alias_example_alias_consumer to None, run_after=None
[2025-03-13T17:39:31.743+0000] {logging_mixin.py:190} INFO - [2025-03-13T17:39:31.742+0000] {dag.py:4180} INFO - Setting next_dagrun for dataset_alias_example_alias_producer to None, run_after=None
[2025-03-13T17:39:31.744+0000] {logging_mixin.py:190} INFO - [2025-03-13T17:39:31.744+0000] {dag.py:4180} INFO - Setting next_dagrun for dataset_s3_bucket_consumer to None, run_after=None
[2025-03-13T17:39:31.745+0000] {logging_mixin.py:190} INFO - [2025-03-13T17:39:31.745+0000] {dag.py:4180} INFO - Setting next_dagrun for dataset_s3_bucket_producer to None, run_after=None
[2025-03-13T17:39:31.783+0000] {processor.py:208} INFO - Processing /root/venv/lib/python3.12/site-packages/airflow/example_dags/example_dataset_alias.py took 0.170 seconds
[2025-03-13T17:40:30.299+0000] {processor.py:186} INFO - Started process (PID=1659516) to work on /root/venv/lib/python3.12/site-packages/airflow/example_dags/example_dataset_alias.py
[2025-03-13T17:40:30.300+0000] {processor.py:914} INFO - Processing file /root/venv/lib/python3.12/site-packages/airflow/example_dags/example_dataset_alias.py for tasks to queue
[2025-03-13T17:40:30.303+0000] {logging_mixin.py:190} INFO - [2025-03-13T17:40:30.302+0000] {dagbag.py:588} INFO - Filling up the DagBag from /root/venv/lib/python3.12/site-packages/airflow/example_dags/example_dataset_alias.py
[2025-03-13T17:40:30.335+0000] {processor.py:925} INFO - DAG(s) 'dataset_alias_example_alias_producer', 'dataset_s3_bucket_consumer', 'dataset_alias_example_alias_consumer', 'dataset_s3_bucket_producer' retrieved from /root/venv/lib/python3.12/site-packages/airflow/example_dags/example_dataset_alias.py
[2025-03-13T17:40:30.362+0000] {logging_mixin.py:190} INFO - [2025-03-13T17:40:30.361+0000] {dag.py:3239} INFO - Sync 4 DAGs
[2025-03-13T17:40:30.387+0000] {logging_mixin.py:190} INFO - [2025-03-13T17:40:30.386+0000] {dag.py:4180} INFO - Setting next_dagrun for dataset_alias_example_alias_consumer to None, run_after=None
[2025-03-13T17:40:30.389+0000] {logging_mixin.py:190} INFO - [2025-03-13T17:40:30.388+0000] {dag.py:4180} INFO - Setting next_dagrun for dataset_alias_example_alias_producer to None, run_after=None
[2025-03-13T17:40:30.390+0000] {logging_mixin.py:190} INFO - [2025-03-13T17:40:30.389+0000] {dag.py:4180} INFO - Setting next_dagrun for dataset_s3_bucket_consumer to None, run_after=None
[2025-03-13T17:40:30.390+0000] {logging_mixin.py:190} INFO - [2025-03-13T17:40:30.390+0000] {dag.py:4180} INFO - Setting next_dagrun for dataset_s3_bucket_producer to None, run_after=None
[2025-03-13T17:40:30.415+0000] {processor.py:208} INFO - Processing /root/venv/lib/python3.12/site-packages/airflow/example_dags/example_dataset_alias.py took 0.123 seconds
[2025-03-13T17:41:31.294+0000] {processor.py:186} INFO - Started process (PID=1659582) to work on /root/venv/lib/python3.12/site-packages/airflow/example_dags/example_dataset_alias.py
[2025-03-13T17:41:31.296+0000] {processor.py:914} INFO - Processing file /root/venv/lib/python3.12/site-packages/airflow/example_dags/example_dataset_alias.py for tasks to queue
[2025-03-13T17:41:31.300+0000] {logging_mixin.py:190} INFO - [2025-03-13T17:41:31.299+0000] {dagbag.py:588} INFO - Filling up the DagBag from /root/venv/lib/python3.12/site-packages/airflow/example_dags/example_dataset_alias.py
[2025-03-13T17:41:31.347+0000] {processor.py:925} INFO - DAG(s) 'dataset_alias_example_alias_consumer', 'dataset_s3_bucket_producer', 'dataset_s3_bucket_consumer', 'dataset_alias_example_alias_producer' retrieved from /root/venv/lib/python3.12/site-packages/airflow/example_dags/example_dataset_alias.py
[2025-03-13T17:41:31.380+0000] {logging_mixin.py:190} INFO - [2025-03-13T17:41:31.380+0000] {dag.py:3239} INFO - Sync 4 DAGs
[2025-03-13T17:41:31.604+0000] {logging_mixin.py:190} INFO - [2025-03-13T17:41:31.604+0000] {dag.py:4180} INFO - Setting next_dagrun for dataset_alias_example_alias_consumer to None, run_after=None
[2025-03-13T17:41:31.607+0000] {logging_mixin.py:190} INFO - [2025-03-13T17:41:31.606+0000] {dag.py:4180} INFO - Setting next_dagrun for dataset_alias_example_alias_producer to None, run_after=None
[2025-03-13T17:41:31.608+0000] {logging_mixin.py:190} INFO - [2025-03-13T17:41:31.608+0000] {dag.py:4180} INFO - Setting next_dagrun for dataset_s3_bucket_consumer to None, run_after=None
[2025-03-13T17:41:31.609+0000] {logging_mixin.py:190} INFO - [2025-03-13T17:41:31.608+0000] {dag.py:4180} INFO - Setting next_dagrun for dataset_s3_bucket_producer to None, run_after=None
[2025-03-13T17:41:31.638+0000] {processor.py:208} INFO - Processing /root/venv/lib/python3.12/site-packages/airflow/example_dags/example_dataset_alias.py took 0.354 seconds
[2025-03-13T17:42:38.510+0000] {processor.py:186} INFO - Started process (PID=1659651) to work on /root/venv/lib/python3.12/site-packages/airflow/example_dags/example_dataset_alias.py
[2025-03-13T17:42:38.512+0000] {processor.py:914} INFO - Processing file /root/venv/lib/python3.12/site-packages/airflow/example_dags/example_dataset_alias.py for tasks to queue
[2025-03-13T17:42:38.515+0000] {logging_mixin.py:190} INFO - [2025-03-13T17:42:38.514+0000] {dagbag.py:588} INFO - Filling up the DagBag from /root/venv/lib/python3.12/site-packages/airflow/example_dags/example_dataset_alias.py
[2025-03-13T17:42:38.546+0000] {processor.py:925} INFO - DAG(s) 'dataset_alias_example_alias_producer', 'dataset_s3_bucket_producer', 'dataset_s3_bucket_consumer', 'dataset_alias_example_alias_consumer' retrieved from /root/venv/lib/python3.12/site-packages/airflow/example_dags/example_dataset_alias.py
[2025-03-13T17:42:38.569+0000] {logging_mixin.py:190} INFO - [2025-03-13T17:42:38.568+0000] {dag.py:3239} INFO - Sync 4 DAGs
[2025-03-13T17:42:38.594+0000] {logging_mixin.py:190} INFO - [2025-03-13T17:42:38.593+0000] {dag.py:4180} INFO - Setting next_dagrun for dataset_alias_example_alias_consumer to None, run_after=None
[2025-03-13T17:42:38.596+0000] {logging_mixin.py:190} INFO - [2025-03-13T17:42:38.596+0000] {dag.py:4180} INFO - Setting next_dagrun for dataset_alias_example_alias_producer to None, run_after=None
[2025-03-13T17:42:38.598+0000] {logging_mixin.py:190} INFO - [2025-03-13T17:42:38.597+0000] {dag.py:4180} INFO - Setting next_dagrun for dataset_s3_bucket_consumer to None, run_after=None
[2025-03-13T17:42:38.599+0000] {logging_mixin.py:190} INFO - [2025-03-13T17:42:38.598+0000] {dag.py:4180} INFO - Setting next_dagrun for dataset_s3_bucket_producer to None, run_after=None
[2025-03-13T17:42:38.626+0000] {processor.py:208} INFO - Processing /root/venv/lib/python3.12/site-packages/airflow/example_dags/example_dataset_alias.py took 0.123 seconds
[2025-03-13T17:43:37.507+0000] {processor.py:186} INFO - Started process (PID=1659711) to work on /root/venv/lib/python3.12/site-packages/airflow/example_dags/example_dataset_alias.py
[2025-03-13T17:43:37.509+0000] {processor.py:914} INFO - Processing file /root/venv/lib/python3.12/site-packages/airflow/example_dags/example_dataset_alias.py for tasks to queue
[2025-03-13T17:43:37.512+0000] {logging_mixin.py:190} INFO - [2025-03-13T17:43:37.512+0000] {dagbag.py:588} INFO - Filling up the DagBag from /root/venv/lib/python3.12/site-packages/airflow/example_dags/example_dataset_alias.py
[2025-03-13T17:43:37.546+0000] {processor.py:925} INFO - DAG(s) 'dataset_alias_example_alias_consumer', 'dataset_alias_example_alias_producer', 'dataset_s3_bucket_producer', 'dataset_s3_bucket_consumer' retrieved from /root/venv/lib/python3.12/site-packages/airflow/example_dags/example_dataset_alias.py
[2025-03-13T17:43:37.569+0000] {logging_mixin.py:190} INFO - [2025-03-13T17:43:37.569+0000] {dag.py:3239} INFO - Sync 4 DAGs
[2025-03-13T17:43:37.591+0000] {logging_mixin.py:190} INFO - [2025-03-13T17:43:37.591+0000] {dag.py:4180} INFO - Setting next_dagrun for dataset_alias_example_alias_consumer to None, run_after=None
[2025-03-13T17:43:37.595+0000] {logging_mixin.py:190} INFO - [2025-03-13T17:43:37.595+0000] {dag.py:4180} INFO - Setting next_dagrun for dataset_alias_example_alias_producer to None, run_after=None
[2025-03-13T17:43:37.596+0000] {logging_mixin.py:190} INFO - [2025-03-13T17:43:37.596+0000] {dag.py:4180} INFO - Setting next_dagrun for dataset_s3_bucket_consumer to None, run_after=None
[2025-03-13T17:43:37.597+0000] {logging_mixin.py:190} INFO - [2025-03-13T17:43:37.597+0000] {dag.py:4180} INFO - Setting next_dagrun for dataset_s3_bucket_producer to None, run_after=None
[2025-03-13T17:43:37.622+0000] {processor.py:208} INFO - Processing /root/venv/lib/python3.12/site-packages/airflow/example_dags/example_dataset_alias.py took 0.124 seconds
[2025-03-13T17:44:39.126+0000] {processor.py:186} INFO - Started process (PID=1659791) to work on /root/venv/lib/python3.12/site-packages/airflow/example_dags/example_dataset_alias.py
[2025-03-13T17:44:39.128+0000] {processor.py:914} INFO - Processing file /root/venv/lib/python3.12/site-packages/airflow/example_dags/example_dataset_alias.py for tasks to queue
[2025-03-13T17:44:39.132+0000] {logging_mixin.py:190} INFO - [2025-03-13T17:44:39.131+0000] {dagbag.py:588} INFO - Filling up the DagBag from /root/venv/lib/python3.12/site-packages/airflow/example_dags/example_dataset_alias.py
[2025-03-13T17:44:39.175+0000] {processor.py:925} INFO - DAG(s) 'dataset_alias_example_alias_producer', 'dataset_s3_bucket_consumer', 'dataset_s3_bucket_producer', 'dataset_alias_example_alias_consumer' retrieved from /root/venv/lib/python3.12/site-packages/airflow/example_dags/example_dataset_alias.py
[2025-03-13T17:44:39.208+0000] {logging_mixin.py:190} INFO - [2025-03-13T17:44:39.207+0000] {dag.py:3239} INFO - Sync 4 DAGs
[2025-03-13T17:44:39.237+0000] {logging_mixin.py:190} INFO - [2025-03-13T17:44:39.237+0000] {dag.py:4180} INFO - Setting next_dagrun for dataset_alias_example_alias_consumer to None, run_after=None
[2025-03-13T17:44:39.240+0000] {logging_mixin.py:190} INFO - [2025-03-13T17:44:39.240+0000] {dag.py:4180} INFO - Setting next_dagrun for dataset_alias_example_alias_producer to None, run_after=None
[2025-03-13T17:44:39.242+0000] {logging_mixin.py:190} INFO - [2025-03-13T17:44:39.242+0000] {dag.py:4180} INFO - Setting next_dagrun for dataset_s3_bucket_consumer to None, run_after=None
[2025-03-13T17:44:39.243+0000] {logging_mixin.py:190} INFO - [2025-03-13T17:44:39.242+0000] {dag.py:4180} INFO - Setting next_dagrun for dataset_s3_bucket_producer to None, run_after=None
[2025-03-13T17:44:39.276+0000] {processor.py:208} INFO - Processing /root/venv/lib/python3.12/site-packages/airflow/example_dags/example_dataset_alias.py took 0.164 seconds
[2025-03-13T17:45:43.650+0000] {processor.py:186} INFO - Started process (PID=1659857) to work on /root/venv/lib/python3.12/site-packages/airflow/example_dags/example_dataset_alias.py
[2025-03-13T17:45:43.652+0000] {processor.py:914} INFO - Processing file /root/venv/lib/python3.12/site-packages/airflow/example_dags/example_dataset_alias.py for tasks to queue
[2025-03-13T17:45:43.654+0000] {logging_mixin.py:190} INFO - [2025-03-13T17:45:43.654+0000] {dagbag.py:588} INFO - Filling up the DagBag from /root/venv/lib/python3.12/site-packages/airflow/example_dags/example_dataset_alias.py
[2025-03-13T17:45:43.684+0000] {processor.py:925} INFO - DAG(s) 'dataset_s3_bucket_producer', 'dataset_alias_example_alias_producer', 'dataset_s3_bucket_consumer', 'dataset_alias_example_alias_consumer' retrieved from /root/venv/lib/python3.12/site-packages/airflow/example_dags/example_dataset_alias.py
[2025-03-13T17:45:43.706+0000] {logging_mixin.py:190} INFO - [2025-03-13T17:45:43.706+0000] {dag.py:3239} INFO - Sync 4 DAGs
[2025-03-13T17:45:43.729+0000] {logging_mixin.py:190} INFO - [2025-03-13T17:45:43.729+0000] {dag.py:4180} INFO - Setting next_dagrun for dataset_alias_example_alias_consumer to None, run_after=None
[2025-03-13T17:45:43.732+0000] {logging_mixin.py:190} INFO - [2025-03-13T17:45:43.731+0000] {dag.py:4180} INFO - Setting next_dagrun for dataset_alias_example_alias_producer to None, run_after=None
[2025-03-13T17:45:43.733+0000] {logging_mixin.py:190} INFO - [2025-03-13T17:45:43.732+0000] {dag.py:4180} INFO - Setting next_dagrun for dataset_s3_bucket_consumer to None, run_after=None
[2025-03-13T17:45:43.733+0000] {logging_mixin.py:190} INFO - [2025-03-13T17:45:43.733+0000] {dag.py:4180} INFO - Setting next_dagrun for dataset_s3_bucket_producer to None, run_after=None
[2025-03-13T17:45:43.758+0000] {processor.py:208} INFO - Processing /root/venv/lib/python3.12/site-packages/airflow/example_dags/example_dataset_alias.py took 0.116 seconds
[2025-03-13T17:46:48.454+0000] {processor.py:186} INFO - Started process (PID=1659922) to work on /root/venv/lib/python3.12/site-packages/airflow/example_dags/example_dataset_alias.py
[2025-03-13T17:46:48.456+0000] {processor.py:914} INFO - Processing file /root/venv/lib/python3.12/site-packages/airflow/example_dags/example_dataset_alias.py for tasks to queue
[2025-03-13T17:46:48.459+0000] {logging_mixin.py:190} INFO - [2025-03-13T17:46:48.458+0000] {dagbag.py:588} INFO - Filling up the DagBag from /root/venv/lib/python3.12/site-packages/airflow/example_dags/example_dataset_alias.py
[2025-03-13T17:46:48.496+0000] {processor.py:925} INFO - DAG(s) 'dataset_alias_example_alias_producer', 'dataset_s3_bucket_producer', 'dataset_s3_bucket_consumer', 'dataset_alias_example_alias_consumer' retrieved from /root/venv/lib/python3.12/site-packages/airflow/example_dags/example_dataset_alias.py
[2025-03-13T17:46:48.521+0000] {logging_mixin.py:190} INFO - [2025-03-13T17:46:48.521+0000] {dag.py:3239} INFO - Sync 4 DAGs
[2025-03-13T17:46:48.547+0000] {logging_mixin.py:190} INFO - [2025-03-13T17:46:48.546+0000] {dag.py:4180} INFO - Setting next_dagrun for dataset_alias_example_alias_consumer to None, run_after=None
[2025-03-13T17:46:48.550+0000] {logging_mixin.py:190} INFO - [2025-03-13T17:46:48.549+0000] {dag.py:4180} INFO - Setting next_dagrun for dataset_alias_example_alias_producer to None, run_after=None
[2025-03-13T17:46:48.551+0000] {logging_mixin.py:190} INFO - [2025-03-13T17:46:48.551+0000] {dag.py:4180} INFO - Setting next_dagrun for dataset_s3_bucket_consumer to None, run_after=None
[2025-03-13T17:46:48.552+0000] {logging_mixin.py:190} INFO - [2025-03-13T17:46:48.552+0000] {dag.py:4180} INFO - Setting next_dagrun for dataset_s3_bucket_producer to None, run_after=None
[2025-03-13T17:46:48.588+0000] {processor.py:208} INFO - Processing /root/venv/lib/python3.12/site-packages/airflow/example_dags/example_dataset_alias.py took 0.142 seconds
[2025-03-13T17:47:47.730+0000] {processor.py:186} INFO - Started process (PID=1659984) to work on /root/venv/lib/python3.12/site-packages/airflow/example_dags/example_dataset_alias.py
[2025-03-13T17:47:47.731+0000] {processor.py:914} INFO - Processing file /root/venv/lib/python3.12/site-packages/airflow/example_dags/example_dataset_alias.py for tasks to queue
[2025-03-13T17:47:47.734+0000] {logging_mixin.py:190} INFO - [2025-03-13T17:47:47.734+0000] {dagbag.py:588} INFO - Filling up the DagBag from /root/venv/lib/python3.12/site-packages/airflow/example_dags/example_dataset_alias.py
[2025-03-13T17:47:47.766+0000] {processor.py:925} INFO - DAG(s) 'dataset_s3_bucket_consumer', 'dataset_s3_bucket_producer', 'dataset_alias_example_alias_consumer', 'dataset_alias_example_alias_producer' retrieved from /root/venv/lib/python3.12/site-packages/airflow/example_dags/example_dataset_alias.py
[2025-03-13T17:47:47.791+0000] {logging_mixin.py:190} INFO - [2025-03-13T17:47:47.791+0000] {dag.py:3239} INFO - Sync 4 DAGs
[2025-03-13T17:47:47.818+0000] {logging_mixin.py:190} INFO - [2025-03-13T17:47:47.818+0000] {dag.py:4180} INFO - Setting next_dagrun for dataset_alias_example_alias_consumer to None, run_after=None
[2025-03-13T17:47:47.820+0000] {logging_mixin.py:190} INFO - [2025-03-13T17:47:47.820+0000] {dag.py:4180} INFO - Setting next_dagrun for dataset_alias_example_alias_producer to None, run_after=None
[2025-03-13T17:47:47.821+0000] {logging_mixin.py:190} INFO - [2025-03-13T17:47:47.821+0000] {dag.py:4180} INFO - Setting next_dagrun for dataset_s3_bucket_consumer to None, run_after=None
[2025-03-13T17:47:47.822+0000] {logging_mixin.py:190} INFO - [2025-03-13T17:47:47.822+0000] {dag.py:4180} INFO - Setting next_dagrun for dataset_s3_bucket_producer to None, run_after=None
[2025-03-13T17:47:47.856+0000] {processor.py:208} INFO - Processing /root/venv/lib/python3.12/site-packages/airflow/example_dags/example_dataset_alias.py took 0.136 seconds
[2025-03-13T17:48:48.717+0000] {processor.py:186} INFO - Started process (PID=1660049) to work on /root/venv/lib/python3.12/site-packages/airflow/example_dags/example_dataset_alias.py
[2025-03-13T17:48:48.719+0000] {processor.py:914} INFO - Processing file /root/venv/lib/python3.12/site-packages/airflow/example_dags/example_dataset_alias.py for tasks to queue
[2025-03-13T17:48:48.723+0000] {logging_mixin.py:190} INFO - [2025-03-13T17:48:48.722+0000] {dagbag.py:588} INFO - Filling up the DagBag from /root/venv/lib/python3.12/site-packages/airflow/example_dags/example_dataset_alias.py
[2025-03-13T17:48:48.765+0000] {processor.py:925} INFO - DAG(s) 'dataset_alias_example_alias_consumer', 'dataset_alias_example_alias_producer', 'dataset_s3_bucket_producer', 'dataset_s3_bucket_consumer' retrieved from /root/venv/lib/python3.12/site-packages/airflow/example_dags/example_dataset_alias.py
[2025-03-13T17:48:48.799+0000] {logging_mixin.py:190} INFO - [2025-03-13T17:48:48.798+0000] {dag.py:3239} INFO - Sync 4 DAGs
[2025-03-13T17:48:48.827+0000] {logging_mixin.py:190} INFO - [2025-03-13T17:48:48.827+0000] {dag.py:4180} INFO - Setting next_dagrun for dataset_alias_example_alias_consumer to None, run_after=None
[2025-03-13T17:48:48.830+0000] {logging_mixin.py:190} INFO - [2025-03-13T17:48:48.830+0000] {dag.py:4180} INFO - Setting next_dagrun for dataset_alias_example_alias_producer to None, run_after=None
[2025-03-13T17:48:48.831+0000] {logging_mixin.py:190} INFO - [2025-03-13T17:48:48.831+0000] {dag.py:4180} INFO - Setting next_dagrun for dataset_s3_bucket_consumer to None, run_after=None
[2025-03-13T17:48:48.833+0000] {logging_mixin.py:190} INFO - [2025-03-13T17:48:48.832+0000] {dag.py:4180} INFO - Setting next_dagrun for dataset_s3_bucket_producer to None, run_after=None
[2025-03-13T17:48:48.865+0000] {processor.py:208} INFO - Processing /root/venv/lib/python3.12/site-packages/airflow/example_dags/example_dataset_alias.py took 0.158 seconds
[2025-03-13T17:49:51.144+0000] {processor.py:186} INFO - Started process (PID=1660111) to work on /root/venv/lib/python3.12/site-packages/airflow/example_dags/example_dataset_alias.py
[2025-03-13T17:49:51.146+0000] {processor.py:914} INFO - Processing file /root/venv/lib/python3.12/site-packages/airflow/example_dags/example_dataset_alias.py for tasks to queue
[2025-03-13T17:49:51.149+0000] {logging_mixin.py:190} INFO - [2025-03-13T17:49:51.149+0000] {dagbag.py:588} INFO - Filling up the DagBag from /root/venv/lib/python3.12/site-packages/airflow/example_dags/example_dataset_alias.py
[2025-03-13T17:49:51.184+0000] {processor.py:925} INFO - DAG(s) 'dataset_alias_example_alias_producer', 'dataset_alias_example_alias_consumer', 'dataset_s3_bucket_producer', 'dataset_s3_bucket_consumer' retrieved from /root/venv/lib/python3.12/site-packages/airflow/example_dags/example_dataset_alias.py
[2025-03-13T17:49:51.208+0000] {logging_mixin.py:190} INFO - [2025-03-13T17:49:51.208+0000] {dag.py:3239} INFO - Sync 4 DAGs
[2025-03-13T17:49:51.237+0000] {logging_mixin.py:190} INFO - [2025-03-13T17:49:51.237+0000] {dag.py:4180} INFO - Setting next_dagrun for dataset_alias_example_alias_consumer to None, run_after=None
[2025-03-13T17:49:51.239+0000] {logging_mixin.py:190} INFO - [2025-03-13T17:49:51.239+0000] {dag.py:4180} INFO - Setting next_dagrun for dataset_alias_example_alias_producer to None, run_after=None
[2025-03-13T17:49:51.240+0000] {logging_mixin.py:190} INFO - [2025-03-13T17:49:51.240+0000] {dag.py:4180} INFO - Setting next_dagrun for dataset_s3_bucket_consumer to None, run_after=None
[2025-03-13T17:49:51.241+0000] {logging_mixin.py:190} INFO - [2025-03-13T17:49:51.241+0000] {dag.py:4180} INFO - Setting next_dagrun for dataset_s3_bucket_producer to None, run_after=None
[2025-03-13T17:49:51.271+0000] {processor.py:208} INFO - Processing /root/venv/lib/python3.12/site-packages/airflow/example_dags/example_dataset_alias.py took 0.135 seconds
[2025-03-13T17:50:54.984+0000] {processor.py:186} INFO - Started process (PID=1660181) to work on /root/venv/lib/python3.12/site-packages/airflow/example_dags/example_dataset_alias.py
[2025-03-13T17:50:54.986+0000] {processor.py:914} INFO - Processing file /root/venv/lib/python3.12/site-packages/airflow/example_dags/example_dataset_alias.py for tasks to queue
[2025-03-13T17:50:54.990+0000] {logging_mixin.py:190} INFO - [2025-03-13T17:50:54.990+0000] {dagbag.py:588} INFO - Filling up the DagBag from /root/venv/lib/python3.12/site-packages/airflow/example_dags/example_dataset_alias.py
[2025-03-13T17:50:55.031+0000] {processor.py:925} INFO - DAG(s) 'dataset_s3_bucket_producer', 'dataset_alias_example_alias_consumer', 'dataset_alias_example_alias_producer', 'dataset_s3_bucket_consumer' retrieved from /root/venv/lib/python3.12/site-packages/airflow/example_dags/example_dataset_alias.py
[2025-03-13T17:50:55.062+0000] {logging_mixin.py:190} INFO - [2025-03-13T17:50:55.062+0000] {dag.py:3239} INFO - Sync 4 DAGs
[2025-03-13T17:50:55.092+0000] {logging_mixin.py:190} INFO - [2025-03-13T17:50:55.092+0000] {dag.py:4180} INFO - Setting next_dagrun for dataset_alias_example_alias_consumer to None, run_after=None
[2025-03-13T17:50:55.095+0000] {logging_mixin.py:190} INFO - [2025-03-13T17:50:55.095+0000] {dag.py:4180} INFO - Setting next_dagrun for dataset_alias_example_alias_producer to None, run_after=None
[2025-03-13T17:50:55.099+0000] {logging_mixin.py:190} INFO - [2025-03-13T17:50:55.099+0000] {dag.py:4180} INFO - Setting next_dagrun for dataset_s3_bucket_consumer to None, run_after=None
[2025-03-13T17:50:55.101+0000] {logging_mixin.py:190} INFO - [2025-03-13T17:50:55.100+0000] {dag.py:4180} INFO - Setting next_dagrun for dataset_s3_bucket_producer to None, run_after=None
[2025-03-13T17:50:55.135+0000] {processor.py:208} INFO - Processing /root/venv/lib/python3.12/site-packages/airflow/example_dags/example_dataset_alias.py took 0.161 seconds
[2025-03-13T17:51:59.549+0000] {processor.py:186} INFO - Started process (PID=1660243) to work on /root/venv/lib/python3.12/site-packages/airflow/example_dags/example_dataset_alias.py
[2025-03-13T17:51:59.551+0000] {processor.py:914} INFO - Processing file /root/venv/lib/python3.12/site-packages/airflow/example_dags/example_dataset_alias.py for tasks to queue
[2025-03-13T17:51:59.554+0000] {logging_mixin.py:190} INFO - [2025-03-13T17:51:59.554+0000] {dagbag.py:588} INFO - Filling up the DagBag from /root/venv/lib/python3.12/site-packages/airflow/example_dags/example_dataset_alias.py
[2025-03-13T17:51:59.592+0000] {processor.py:925} INFO - DAG(s) 'dataset_s3_bucket_consumer', 'dataset_s3_bucket_producer', 'dataset_alias_example_alias_consumer', 'dataset_alias_example_alias_producer' retrieved from /root/venv/lib/python3.12/site-packages/airflow/example_dags/example_dataset_alias.py
[2025-03-13T17:51:59.620+0000] {logging_mixin.py:190} INFO - [2025-03-13T17:51:59.620+0000] {dag.py:3239} INFO - Sync 4 DAGs
[2025-03-13T17:51:59.647+0000] {logging_mixin.py:190} INFO - [2025-03-13T17:51:59.647+0000] {dag.py:4180} INFO - Setting next_dagrun for dataset_alias_example_alias_consumer to None, run_after=None
[2025-03-13T17:51:59.650+0000] {logging_mixin.py:190} INFO - [2025-03-13T17:51:59.650+0000] {dag.py:4180} INFO - Setting next_dagrun for dataset_alias_example_alias_producer to None, run_after=None
[2025-03-13T17:51:59.652+0000] {logging_mixin.py:190} INFO - [2025-03-13T17:51:59.651+0000] {dag.py:4180} INFO - Setting next_dagrun for dataset_s3_bucket_consumer to None, run_after=None
[2025-03-13T17:51:59.653+0000] {logging_mixin.py:190} INFO - [2025-03-13T17:51:59.653+0000] {dag.py:4180} INFO - Setting next_dagrun for dataset_s3_bucket_producer to None, run_after=None
[2025-03-13T17:51:59.689+0000] {processor.py:208} INFO - Processing /root/venv/lib/python3.12/site-packages/airflow/example_dags/example_dataset_alias.py took 0.152 seconds
[2025-03-13T17:53:02.146+0000] {processor.py:186} INFO - Started process (PID=1660306) to work on /root/venv/lib/python3.12/site-packages/airflow/example_dags/example_dataset_alias.py
[2025-03-13T17:53:02.148+0000] {processor.py:914} INFO - Processing file /root/venv/lib/python3.12/site-packages/airflow/example_dags/example_dataset_alias.py for tasks to queue
[2025-03-13T17:53:02.152+0000] {logging_mixin.py:190} INFO - [2025-03-13T17:53:02.151+0000] {dagbag.py:588} INFO - Filling up the DagBag from /root/venv/lib/python3.12/site-packages/airflow/example_dags/example_dataset_alias.py
[2025-03-13T17:53:02.197+0000] {processor.py:925} INFO - DAG(s) 'dataset_alias_example_alias_producer', 'dataset_s3_bucket_consumer', 'dataset_s3_bucket_producer', 'dataset_alias_example_alias_consumer' retrieved from /root/venv/lib/python3.12/site-packages/airflow/example_dags/example_dataset_alias.py
[2025-03-13T17:53:02.235+0000] {logging_mixin.py:190} INFO - [2025-03-13T17:53:02.235+0000] {dag.py:3239} INFO - Sync 4 DAGs
[2025-03-13T17:53:02.262+0000] {logging_mixin.py:190} INFO - [2025-03-13T17:53:02.262+0000] {dag.py:4180} INFO - Setting next_dagrun for dataset_alias_example_alias_consumer to None, run_after=None
[2025-03-13T17:53:02.265+0000] {logging_mixin.py:190} INFO - [2025-03-13T17:53:02.265+0000] {dag.py:4180} INFO - Setting next_dagrun for dataset_alias_example_alias_producer to None, run_after=None
[2025-03-13T17:53:02.266+0000] {logging_mixin.py:190} INFO - [2025-03-13T17:53:02.266+0000] {dag.py:4180} INFO - Setting next_dagrun for dataset_s3_bucket_consumer to None, run_after=None
[2025-03-13T17:53:02.267+0000] {logging_mixin.py:190} INFO - [2025-03-13T17:53:02.266+0000] {dag.py:4180} INFO - Setting next_dagrun for dataset_s3_bucket_producer to None, run_after=None
[2025-03-13T17:53:02.296+0000] {processor.py:208} INFO - Processing /root/venv/lib/python3.12/site-packages/airflow/example_dags/example_dataset_alias.py took 0.160 seconds
[2025-03-13T17:54:03.653+0000] {processor.py:186} INFO - Started process (PID=1660369) to work on /root/venv/lib/python3.12/site-packages/airflow/example_dags/example_dataset_alias.py
[2025-03-13T17:54:03.655+0000] {processor.py:914} INFO - Processing file /root/venv/lib/python3.12/site-packages/airflow/example_dags/example_dataset_alias.py for tasks to queue
[2025-03-13T17:54:03.659+0000] {logging_mixin.py:190} INFO - [2025-03-13T17:54:03.658+0000] {dagbag.py:588} INFO - Filling up the DagBag from /root/venv/lib/python3.12/site-packages/airflow/example_dags/example_dataset_alias.py
[2025-03-13T17:54:03.705+0000] {processor.py:925} INFO - DAG(s) 'dataset_s3_bucket_producer', 'dataset_alias_example_alias_producer', 'dataset_alias_example_alias_consumer', 'dataset_s3_bucket_consumer' retrieved from /root/venv/lib/python3.12/site-packages/airflow/example_dags/example_dataset_alias.py
[2025-03-13T17:54:03.822+0000] {logging_mixin.py:190} INFO - [2025-03-13T17:54:03.821+0000] {dag.py:3239} INFO - Sync 4 DAGs
[2025-03-13T17:54:03.858+0000] {logging_mixin.py:190} INFO - [2025-03-13T17:54:03.858+0000] {dag.py:4180} INFO - Setting next_dagrun for dataset_alias_example_alias_consumer to None, run_after=None
[2025-03-13T17:54:03.861+0000] {logging_mixin.py:190} INFO - [2025-03-13T17:54:03.861+0000] {dag.py:4180} INFO - Setting next_dagrun for dataset_alias_example_alias_producer to None, run_after=None
[2025-03-13T17:54:03.865+0000] {logging_mixin.py:190} INFO - [2025-03-13T17:54:03.864+0000] {dag.py:4180} INFO - Setting next_dagrun for dataset_s3_bucket_consumer to None, run_after=None
[2025-03-13T17:54:03.866+0000] {logging_mixin.py:190} INFO - [2025-03-13T17:54:03.866+0000] {dag.py:4180} INFO - Setting next_dagrun for dataset_s3_bucket_producer to None, run_after=None
[2025-03-13T17:54:03.901+0000] {processor.py:208} INFO - Processing /root/venv/lib/python3.12/site-packages/airflow/example_dags/example_dataset_alias.py took 0.259 seconds
[2025-03-13T17:55:07.253+0000] {processor.py:186} INFO - Started process (PID=1660434) to work on /root/venv/lib/python3.12/site-packages/airflow/example_dags/example_dataset_alias.py
[2025-03-13T17:55:07.254+0000] {processor.py:914} INFO - Processing file /root/venv/lib/python3.12/site-packages/airflow/example_dags/example_dataset_alias.py for tasks to queue
[2025-03-13T17:55:07.257+0000] {logging_mixin.py:190} INFO - [2025-03-13T17:55:07.257+0000] {dagbag.py:588} INFO - Filling up the DagBag from /root/venv/lib/python3.12/site-packages/airflow/example_dags/example_dataset_alias.py
[2025-03-13T17:55:07.294+0000] {processor.py:925} INFO - DAG(s) 'dataset_s3_bucket_consumer', 'dataset_alias_example_alias_producer', 'dataset_alias_example_alias_consumer', 'dataset_s3_bucket_producer' retrieved from /root/venv/lib/python3.12/site-packages/airflow/example_dags/example_dataset_alias.py
[2025-03-13T17:55:07.325+0000] {logging_mixin.py:190} INFO - [2025-03-13T17:55:07.324+0000] {dag.py:3239} INFO - Sync 4 DAGs
[2025-03-13T17:55:07.352+0000] {logging_mixin.py:190} INFO - [2025-03-13T17:55:07.352+0000] {dag.py:4180} INFO - Setting next_dagrun for dataset_alias_example_alias_consumer to None, run_after=None
[2025-03-13T17:55:07.355+0000] {logging_mixin.py:190} INFO - [2025-03-13T17:55:07.355+0000] {dag.py:4180} INFO - Setting next_dagrun for dataset_alias_example_alias_producer to None, run_after=None
[2025-03-13T17:55:07.356+0000] {logging_mixin.py:190} INFO - [2025-03-13T17:55:07.356+0000] {dag.py:4180} INFO - Setting next_dagrun for dataset_s3_bucket_consumer to None, run_after=None
[2025-03-13T17:55:07.358+0000] {logging_mixin.py:190} INFO - [2025-03-13T17:55:07.357+0000] {dag.py:4180} INFO - Setting next_dagrun for dataset_s3_bucket_producer to None, run_after=None
[2025-03-13T17:55:07.390+0000] {processor.py:208} INFO - Processing /root/venv/lib/python3.12/site-packages/airflow/example_dags/example_dataset_alias.py took 0.148 seconds
[2025-03-13T17:57:13.968+0000] {processor.py:186} INFO - Started process (PID=1660591) to work on /root/venv/lib/python3.12/site-packages/airflow/example_dags/example_dataset_alias.py
[2025-03-13T17:57:13.970+0000] {processor.py:914} INFO - Processing file /root/venv/lib/python3.12/site-packages/airflow/example_dags/example_dataset_alias.py for tasks to queue
[2025-03-13T17:57:13.974+0000] {logging_mixin.py:190} INFO - [2025-03-13T17:57:13.973+0000] {dagbag.py:588} INFO - Filling up the DagBag from /root/venv/lib/python3.12/site-packages/airflow/example_dags/example_dataset_alias.py
[2025-03-13T17:57:14.010+0000] {processor.py:925} INFO - DAG(s) 'dataset_alias_example_alias_producer', 'dataset_alias_example_alias_consumer', 'dataset_s3_bucket_consumer', 'dataset_s3_bucket_producer' retrieved from /root/venv/lib/python3.12/site-packages/airflow/example_dags/example_dataset_alias.py
[2025-03-13T17:57:14.037+0000] {logging_mixin.py:190} INFO - [2025-03-13T17:57:14.037+0000] {dag.py:3239} INFO - Sync 4 DAGs
[2025-03-13T17:57:14.062+0000] {logging_mixin.py:190} INFO - [2025-03-13T17:57:14.061+0000] {dag.py:4180} INFO - Setting next_dagrun for dataset_alias_example_alias_consumer to None, run_after=None
[2025-03-13T17:57:14.064+0000] {logging_mixin.py:190} INFO - [2025-03-13T17:57:14.064+0000] {dag.py:4180} INFO - Setting next_dagrun for dataset_alias_example_alias_producer to None, run_after=None
[2025-03-13T17:57:14.066+0000] {logging_mixin.py:190} INFO - [2025-03-13T17:57:14.065+0000] {dag.py:4180} INFO - Setting next_dagrun for dataset_s3_bucket_consumer to None, run_after=None
[2025-03-13T17:57:14.067+0000] {logging_mixin.py:190} INFO - [2025-03-13T17:57:14.066+0000] {dag.py:4180} INFO - Setting next_dagrun for dataset_s3_bucket_producer to None, run_after=None
[2025-03-13T17:57:14.098+0000] {processor.py:208} INFO - Processing /root/venv/lib/python3.12/site-packages/airflow/example_dags/example_dataset_alias.py took 0.138 seconds
[2025-03-13T17:58:12.615+0000] {processor.py:186} INFO - Started process (PID=1660656) to work on /root/venv/lib/python3.12/site-packages/airflow/example_dags/example_dataset_alias.py
[2025-03-13T17:58:12.617+0000] {processor.py:914} INFO - Processing file /root/venv/lib/python3.12/site-packages/airflow/example_dags/example_dataset_alias.py for tasks to queue
[2025-03-13T17:58:12.619+0000] {logging_mixin.py:190} INFO - [2025-03-13T17:58:12.619+0000] {dagbag.py:588} INFO - Filling up the DagBag from /root/venv/lib/python3.12/site-packages/airflow/example_dags/example_dataset_alias.py
[2025-03-13T17:58:12.651+0000] {processor.py:925} INFO - DAG(s) 'dataset_alias_example_alias_consumer', 'dataset_s3_bucket_consumer', 'dataset_alias_example_alias_producer', 'dataset_s3_bucket_producer' retrieved from /root/venv/lib/python3.12/site-packages/airflow/example_dags/example_dataset_alias.py
[2025-03-13T17:58:12.674+0000] {logging_mixin.py:190} INFO - [2025-03-13T17:58:12.674+0000] {dag.py:3239} INFO - Sync 4 DAGs
[2025-03-13T17:58:12.698+0000] {logging_mixin.py:190} INFO - [2025-03-13T17:58:12.697+0000] {dag.py:4180} INFO - Setting next_dagrun for dataset_alias_example_alias_consumer to None, run_after=None
[2025-03-13T17:58:12.701+0000] {logging_mixin.py:190} INFO - [2025-03-13T17:58:12.700+0000] {dag.py:4180} INFO - Setting next_dagrun for dataset_alias_example_alias_producer to None, run_after=None
[2025-03-13T17:58:12.702+0000] {logging_mixin.py:190} INFO - [2025-03-13T17:58:12.702+0000] {dag.py:4180} INFO - Setting next_dagrun for dataset_s3_bucket_consumer to None, run_after=None
[2025-03-13T17:58:12.703+0000] {logging_mixin.py:190} INFO - [2025-03-13T17:58:12.702+0000] {dag.py:4180} INFO - Setting next_dagrun for dataset_s3_bucket_producer to None, run_after=None
[2025-03-13T17:58:12.730+0000] {processor.py:208} INFO - Processing /root/venv/lib/python3.12/site-packages/airflow/example_dags/example_dataset_alias.py took 0.121 seconds
[2025-03-13T17:59:11.646+0000] {processor.py:186} INFO - Started process (PID=1660722) to work on /root/venv/lib/python3.12/site-packages/airflow/example_dags/example_dataset_alias.py
[2025-03-13T17:59:11.648+0000] {processor.py:914} INFO - Processing file /root/venv/lib/python3.12/site-packages/airflow/example_dags/example_dataset_alias.py for tasks to queue
[2025-03-13T17:59:11.651+0000] {logging_mixin.py:190} INFO - [2025-03-13T17:59:11.651+0000] {dagbag.py:588} INFO - Filling up the DagBag from /root/venv/lib/python3.12/site-packages/airflow/example_dags/example_dataset_alias.py
[2025-03-13T17:59:11.685+0000] {processor.py:925} INFO - DAG(s) 'dataset_s3_bucket_producer', 'dataset_alias_example_alias_producer', 'dataset_alias_example_alias_consumer', 'dataset_s3_bucket_consumer' retrieved from /root/venv/lib/python3.12/site-packages/airflow/example_dags/example_dataset_alias.py
[2025-03-13T17:59:11.711+0000] {logging_mixin.py:190} INFO - [2025-03-13T17:59:11.711+0000] {dag.py:3239} INFO - Sync 4 DAGs
[2025-03-13T17:59:11.733+0000] {logging_mixin.py:190} INFO - [2025-03-13T17:59:11.732+0000] {dag.py:4180} INFO - Setting next_dagrun for dataset_alias_example_alias_consumer to None, run_after=None
[2025-03-13T17:59:11.735+0000] {logging_mixin.py:190} INFO - [2025-03-13T17:59:11.734+0000] {dag.py:4180} INFO - Setting next_dagrun for dataset_alias_example_alias_producer to None, run_after=None
[2025-03-13T17:59:11.735+0000] {logging_mixin.py:190} INFO - [2025-03-13T17:59:11.735+0000] {dag.py:4180} INFO - Setting next_dagrun for dataset_s3_bucket_consumer to None, run_after=None
[2025-03-13T17:59:11.736+0000] {logging_mixin.py:190} INFO - [2025-03-13T17:59:11.736+0000] {dag.py:4180} INFO - Setting next_dagrun for dataset_s3_bucket_producer to None, run_after=None
[2025-03-13T17:59:11.760+0000] {processor.py:208} INFO - Processing /root/venv/lib/python3.12/site-packages/airflow/example_dags/example_dataset_alias.py took 0.120 seconds
[2025-03-13T18:00:13.043+0000] {processor.py:186} INFO - Started process (PID=1660789) to work on /root/venv/lib/python3.12/site-packages/airflow/example_dags/example_dataset_alias.py
[2025-03-13T18:00:13.045+0000] {processor.py:914} INFO - Processing file /root/venv/lib/python3.12/site-packages/airflow/example_dags/example_dataset_alias.py for tasks to queue
[2025-03-13T18:00:13.048+0000] {logging_mixin.py:190} INFO - [2025-03-13T18:00:13.047+0000] {dagbag.py:588} INFO - Filling up the DagBag from /root/venv/lib/python3.12/site-packages/airflow/example_dags/example_dataset_alias.py
[2025-03-13T18:00:13.080+0000] {processor.py:925} INFO - DAG(s) 'dataset_alias_example_alias_producer', 'dataset_alias_example_alias_consumer', 'dataset_s3_bucket_consumer', 'dataset_s3_bucket_producer' retrieved from /root/venv/lib/python3.12/site-packages/airflow/example_dags/example_dataset_alias.py
[2025-03-13T18:00:13.109+0000] {logging_mixin.py:190} INFO - [2025-03-13T18:00:13.108+0000] {dag.py:3239} INFO - Sync 4 DAGs
[2025-03-13T18:00:13.132+0000] {logging_mixin.py:190} INFO - [2025-03-13T18:00:13.132+0000] {dag.py:4180} INFO - Setting next_dagrun for dataset_alias_example_alias_consumer to None, run_after=None
[2025-03-13T18:00:13.136+0000] {logging_mixin.py:190} INFO - [2025-03-13T18:00:13.136+0000] {dag.py:4180} INFO - Setting next_dagrun for dataset_alias_example_alias_producer to None, run_after=None
[2025-03-13T18:00:13.137+0000] {logging_mixin.py:190} INFO - [2025-03-13T18:00:13.137+0000] {dag.py:4180} INFO - Setting next_dagrun for dataset_s3_bucket_consumer to None, run_after=None
[2025-03-13T18:00:13.138+0000] {logging_mixin.py:190} INFO - [2025-03-13T18:00:13.138+0000] {dag.py:4180} INFO - Setting next_dagrun for dataset_s3_bucket_producer to None, run_after=None
[2025-03-13T18:00:13.162+0000] {processor.py:208} INFO - Processing /root/venv/lib/python3.12/site-packages/airflow/example_dags/example_dataset_alias.py took 0.128 seconds
[2025-03-13T18:01:46.827+0000] {processor.py:186} INFO - Started process (PID=1660888) to work on /root/venv/lib/python3.12/site-packages/airflow/example_dags/example_dataset_alias.py
[2025-03-13T18:01:46.829+0000] {processor.py:914} INFO - Processing file /root/venv/lib/python3.12/site-packages/airflow/example_dags/example_dataset_alias.py for tasks to queue
[2025-03-13T18:01:46.832+0000] {logging_mixin.py:190} INFO - [2025-03-13T18:01:46.831+0000] {dagbag.py:588} INFO - Filling up the DagBag from /root/venv/lib/python3.12/site-packages/airflow/example_dags/example_dataset_alias.py
[2025-03-13T18:01:46.863+0000] {processor.py:925} INFO - DAG(s) 'dataset_alias_example_alias_consumer', 'dataset_s3_bucket_consumer', 'dataset_alias_example_alias_producer', 'dataset_s3_bucket_producer' retrieved from /root/venv/lib/python3.12/site-packages/airflow/example_dags/example_dataset_alias.py
[2025-03-13T18:01:46.885+0000] {logging_mixin.py:190} INFO - [2025-03-13T18:01:46.884+0000] {dag.py:3239} INFO - Sync 4 DAGs
[2025-03-13T18:01:46.905+0000] {logging_mixin.py:190} INFO - [2025-03-13T18:01:46.905+0000] {dag.py:4180} INFO - Setting next_dagrun for dataset_alias_example_alias_consumer to None, run_after=None
[2025-03-13T18:01:46.907+0000] {logging_mixin.py:190} INFO - [2025-03-13T18:01:46.907+0000] {dag.py:4180} INFO - Setting next_dagrun for dataset_alias_example_alias_producer to None, run_after=None
[2025-03-13T18:01:46.908+0000] {logging_mixin.py:190} INFO - [2025-03-13T18:01:46.908+0000] {dag.py:4180} INFO - Setting next_dagrun for dataset_s3_bucket_consumer to None, run_after=None
[2025-03-13T18:01:46.909+0000] {logging_mixin.py:190} INFO - [2025-03-13T18:01:46.909+0000] {dag.py:4180} INFO - Setting next_dagrun for dataset_s3_bucket_producer to None, run_after=None
[2025-03-13T18:01:46.936+0000] {processor.py:208} INFO - Processing /root/venv/lib/python3.12/site-packages/airflow/example_dags/example_dataset_alias.py took 0.118 seconds
[2025-03-13T18:02:48.373+0000] {processor.py:186} INFO - Started process (PID=1660962) to work on /root/venv/lib/python3.12/site-packages/airflow/example_dags/example_dataset_alias.py
[2025-03-13T18:02:48.375+0000] {processor.py:914} INFO - Processing file /root/venv/lib/python3.12/site-packages/airflow/example_dags/example_dataset_alias.py for tasks to queue
[2025-03-13T18:02:48.377+0000] {logging_mixin.py:190} INFO - [2025-03-13T18:02:48.377+0000] {dagbag.py:588} INFO - Filling up the DagBag from /root/venv/lib/python3.12/site-packages/airflow/example_dags/example_dataset_alias.py
[2025-03-13T18:02:48.407+0000] {processor.py:925} INFO - DAG(s) 'dataset_alias_example_alias_consumer', 'dataset_alias_example_alias_producer', 'dataset_s3_bucket_producer', 'dataset_s3_bucket_consumer' retrieved from /root/venv/lib/python3.12/site-packages/airflow/example_dags/example_dataset_alias.py
[2025-03-13T18:02:48.426+0000] {logging_mixin.py:190} INFO - [2025-03-13T18:02:48.426+0000] {dag.py:3239} INFO - Sync 4 DAGs
[2025-03-13T18:02:48.446+0000] {logging_mixin.py:190} INFO - [2025-03-13T18:02:48.445+0000] {dag.py:4180} INFO - Setting next_dagrun for dataset_alias_example_alias_consumer to None, run_after=None
[2025-03-13T18:02:48.447+0000] {logging_mixin.py:190} INFO - [2025-03-13T18:02:48.447+0000] {dag.py:4180} INFO - Setting next_dagrun for dataset_alias_example_alias_producer to None, run_after=None
[2025-03-13T18:02:48.448+0000] {logging_mixin.py:190} INFO - [2025-03-13T18:02:48.448+0000] {dag.py:4180} INFO - Setting next_dagrun for dataset_s3_bucket_consumer to None, run_after=None
[2025-03-13T18:02:48.449+0000] {logging_mixin.py:190} INFO - [2025-03-13T18:02:48.449+0000] {dag.py:4180} INFO - Setting next_dagrun for dataset_s3_bucket_producer to None, run_after=None
[2025-03-13T18:02:48.472+0000] {processor.py:208} INFO - Processing /root/venv/lib/python3.12/site-packages/airflow/example_dags/example_dataset_alias.py took 0.107 seconds
[2025-03-13T18:03:56.474+0000] {processor.py:186} INFO - Started process (PID=1661030) to work on /root/venv/lib/python3.12/site-packages/airflow/example_dags/example_dataset_alias.py
[2025-03-13T18:03:56.476+0000] {processor.py:914} INFO - Processing file /root/venv/lib/python3.12/site-packages/airflow/example_dags/example_dataset_alias.py for tasks to queue
[2025-03-13T18:03:56.479+0000] {logging_mixin.py:190} INFO - [2025-03-13T18:03:56.478+0000] {dagbag.py:588} INFO - Filling up the DagBag from /root/venv/lib/python3.12/site-packages/airflow/example_dags/example_dataset_alias.py
[2025-03-13T18:03:56.518+0000] {processor.py:925} INFO - DAG(s) 'dataset_alias_example_alias_producer', 'dataset_s3_bucket_consumer', 'dataset_s3_bucket_producer', 'dataset_alias_example_alias_consumer' retrieved from /root/venv/lib/python3.12/site-packages/airflow/example_dags/example_dataset_alias.py
[2025-03-13T18:03:56.548+0000] {logging_mixin.py:190} INFO - [2025-03-13T18:03:56.548+0000] {dag.py:3239} INFO - Sync 4 DAGs
[2025-03-13T18:03:56.769+0000] {logging_mixin.py:190} INFO - [2025-03-13T18:03:56.768+0000] {dag.py:4180} INFO - Setting next_dagrun for dataset_alias_example_alias_consumer to None, run_after=None
[2025-03-13T18:03:56.772+0000] {logging_mixin.py:190} INFO - [2025-03-13T18:03:56.772+0000] {dag.py:4180} INFO - Setting next_dagrun for dataset_alias_example_alias_producer to None, run_after=None
[2025-03-13T18:03:56.773+0000] {logging_mixin.py:190} INFO - [2025-03-13T18:03:56.773+0000] {dag.py:4180} INFO - Setting next_dagrun for dataset_s3_bucket_consumer to None, run_after=None
[2025-03-13T18:03:56.774+0000] {logging_mixin.py:190} INFO - [2025-03-13T18:03:56.774+0000] {dag.py:4180} INFO - Setting next_dagrun for dataset_s3_bucket_producer to None, run_after=None
[2025-03-13T18:03:56.805+0000] {processor.py:208} INFO - Processing /root/venv/lib/python3.12/site-packages/airflow/example_dags/example_dataset_alias.py took 0.341 seconds
[2025-03-13T18:05:16.128+0000] {processor.py:186} INFO - Started process (PID=1661105) to work on /root/venv/lib/python3.12/site-packages/airflow/example_dags/example_dataset_alias.py
[2025-03-13T18:05:16.130+0000] {processor.py:914} INFO - Processing file /root/venv/lib/python3.12/site-packages/airflow/example_dags/example_dataset_alias.py for tasks to queue
[2025-03-13T18:05:16.132+0000] {logging_mixin.py:190} INFO - [2025-03-13T18:05:16.132+0000] {dagbag.py:588} INFO - Filling up the DagBag from /root/venv/lib/python3.12/site-packages/airflow/example_dags/example_dataset_alias.py
[2025-03-13T18:05:16.163+0000] {processor.py:925} INFO - DAG(s) 'dataset_alias_example_alias_consumer', 'dataset_s3_bucket_producer', 'dataset_alias_example_alias_producer', 'dataset_s3_bucket_consumer' retrieved from /root/venv/lib/python3.12/site-packages/airflow/example_dags/example_dataset_alias.py
[2025-03-13T18:05:16.182+0000] {logging_mixin.py:190} INFO - [2025-03-13T18:05:16.182+0000] {dag.py:3239} INFO - Sync 4 DAGs
[2025-03-13T18:05:16.204+0000] {logging_mixin.py:190} INFO - [2025-03-13T18:05:16.203+0000] {dag.py:4180} INFO - Setting next_dagrun for dataset_alias_example_alias_consumer to None, run_after=None
[2025-03-13T18:05:16.206+0000] {logging_mixin.py:190} INFO - [2025-03-13T18:05:16.205+0000] {dag.py:4180} INFO - Setting next_dagrun for dataset_alias_example_alias_producer to None, run_after=None
[2025-03-13T18:05:16.206+0000] {logging_mixin.py:190} INFO - [2025-03-13T18:05:16.206+0000] {dag.py:4180} INFO - Setting next_dagrun for dataset_s3_bucket_consumer to None, run_after=None
[2025-03-13T18:05:16.207+0000] {logging_mixin.py:190} INFO - [2025-03-13T18:05:16.207+0000] {dag.py:4180} INFO - Setting next_dagrun for dataset_s3_bucket_producer to None, run_after=None
[2025-03-13T18:05:16.229+0000] {processor.py:208} INFO - Processing /root/venv/lib/python3.12/site-packages/airflow/example_dags/example_dataset_alias.py took 0.108 seconds
[2025-03-13T18:06:22.549+0000] {processor.py:186} INFO - Started process (PID=1661174) to work on /root/venv/lib/python3.12/site-packages/airflow/example_dags/example_dataset_alias.py
[2025-03-13T18:06:22.550+0000] {processor.py:914} INFO - Processing file /root/venv/lib/python3.12/site-packages/airflow/example_dags/example_dataset_alias.py for tasks to queue
[2025-03-13T18:06:22.553+0000] {logging_mixin.py:190} INFO - [2025-03-13T18:06:22.552+0000] {dagbag.py:588} INFO - Filling up the DagBag from /root/venv/lib/python3.12/site-packages/airflow/example_dags/example_dataset_alias.py
[2025-03-13T18:06:22.584+0000] {processor.py:925} INFO - DAG(s) 'dataset_alias_example_alias_consumer', 'dataset_s3_bucket_consumer', 'dataset_s3_bucket_producer', 'dataset_alias_example_alias_producer' retrieved from /root/venv/lib/python3.12/site-packages/airflow/example_dags/example_dataset_alias.py
[2025-03-13T18:06:22.606+0000] {logging_mixin.py:190} INFO - [2025-03-13T18:06:22.606+0000] {dag.py:3239} INFO - Sync 4 DAGs
[2025-03-13T18:06:22.630+0000] {logging_mixin.py:190} INFO - [2025-03-13T18:06:22.629+0000] {dag.py:4180} INFO - Setting next_dagrun for dataset_alias_example_alias_consumer to None, run_after=None
[2025-03-13T18:06:22.634+0000] {logging_mixin.py:190} INFO - [2025-03-13T18:06:22.633+0000] {dag.py:4180} INFO - Setting next_dagrun for dataset_alias_example_alias_producer to None, run_after=None
[2025-03-13T18:06:22.635+0000] {logging_mixin.py:190} INFO - [2025-03-13T18:06:22.634+0000] {dag.py:4180} INFO - Setting next_dagrun for dataset_s3_bucket_consumer to None, run_after=None
[2025-03-13T18:06:22.635+0000] {logging_mixin.py:190} INFO - [2025-03-13T18:06:22.635+0000] {dag.py:4180} INFO - Setting next_dagrun for dataset_s3_bucket_producer to None, run_after=None
[2025-03-13T18:06:22.662+0000] {processor.py:208} INFO - Processing /root/venv/lib/python3.12/site-packages/airflow/example_dags/example_dataset_alias.py took 0.123 seconds
[2025-03-13T18:07:33.658+0000] {processor.py:186} INFO - Started process (PID=1661255) to work on /root/venv/lib/python3.12/site-packages/airflow/example_dags/example_dataset_alias.py
[2025-03-13T18:07:33.660+0000] {processor.py:914} INFO - Processing file /root/venv/lib/python3.12/site-packages/airflow/example_dags/example_dataset_alias.py for tasks to queue
[2025-03-13T18:07:33.663+0000] {logging_mixin.py:190} INFO - [2025-03-13T18:07:33.662+0000] {dagbag.py:588} INFO - Filling up the DagBag from /root/venv/lib/python3.12/site-packages/airflow/example_dags/example_dataset_alias.py
[2025-03-13T18:07:33.700+0000] {processor.py:925} INFO - DAG(s) 'dataset_alias_example_alias_consumer', 'dataset_s3_bucket_consumer', 'dataset_alias_example_alias_producer', 'dataset_s3_bucket_producer' retrieved from /root/venv/lib/python3.12/site-packages/airflow/example_dags/example_dataset_alias.py
[2025-03-13T18:07:33.724+0000] {logging_mixin.py:190} INFO - [2025-03-13T18:07:33.724+0000] {dag.py:3239} INFO - Sync 4 DAGs
[2025-03-13T18:07:33.748+0000] {logging_mixin.py:190} INFO - [2025-03-13T18:07:33.748+0000] {dag.py:4180} INFO - Setting next_dagrun for dataset_alias_example_alias_consumer to None, run_after=None
[2025-03-13T18:07:33.750+0000] {logging_mixin.py:190} INFO - [2025-03-13T18:07:33.750+0000] {dag.py:4180} INFO - Setting next_dagrun for dataset_alias_example_alias_producer to None, run_after=None
[2025-03-13T18:07:33.751+0000] {logging_mixin.py:190} INFO - [2025-03-13T18:07:33.751+0000] {dag.py:4180} INFO - Setting next_dagrun for dataset_s3_bucket_consumer to None, run_after=None
[2025-03-13T18:07:33.752+0000] {logging_mixin.py:190} INFO - [2025-03-13T18:07:33.752+0000] {dag.py:4180} INFO - Setting next_dagrun for dataset_s3_bucket_producer to None, run_after=None
[2025-03-13T18:07:33.783+0000] {processor.py:208} INFO - Processing /root/venv/lib/python3.12/site-packages/airflow/example_dags/example_dataset_alias.py took 0.133 seconds
[2025-03-13T18:08:39.863+0000] {processor.py:186} INFO - Started process (PID=1661333) to work on /root/venv/lib/python3.12/site-packages/airflow/example_dags/example_dataset_alias.py
[2025-03-13T18:08:39.865+0000] {processor.py:914} INFO - Processing file /root/venv/lib/python3.12/site-packages/airflow/example_dags/example_dataset_alias.py for tasks to queue
[2025-03-13T18:08:39.869+0000] {logging_mixin.py:190} INFO - [2025-03-13T18:08:39.868+0000] {dagbag.py:588} INFO - Filling up the DagBag from /root/venv/lib/python3.12/site-packages/airflow/example_dags/example_dataset_alias.py
[2025-03-13T18:08:39.902+0000] {processor.py:925} INFO - DAG(s) 'dataset_alias_example_alias_consumer', 'dataset_s3_bucket_consumer', 'dataset_s3_bucket_producer', 'dataset_alias_example_alias_producer' retrieved from /root/venv/lib/python3.12/site-packages/airflow/example_dags/example_dataset_alias.py
[2025-03-13T18:08:39.925+0000] {logging_mixin.py:190} INFO - [2025-03-13T18:08:39.925+0000] {dag.py:3239} INFO - Sync 4 DAGs
[2025-03-13T18:08:39.949+0000] {logging_mixin.py:190} INFO - [2025-03-13T18:08:39.948+0000] {dag.py:4180} INFO - Setting next_dagrun for dataset_alias_example_alias_consumer to None, run_after=None
[2025-03-13T18:08:39.951+0000] {logging_mixin.py:190} INFO - [2025-03-13T18:08:39.951+0000] {dag.py:4180} INFO - Setting next_dagrun for dataset_alias_example_alias_producer to None, run_after=None
[2025-03-13T18:08:39.952+0000] {logging_mixin.py:190} INFO - [2025-03-13T18:08:39.952+0000] {dag.py:4180} INFO - Setting next_dagrun for dataset_s3_bucket_consumer to None, run_after=None
[2025-03-13T18:08:39.953+0000] {logging_mixin.py:190} INFO - [2025-03-13T18:08:39.953+0000] {dag.py:4180} INFO - Setting next_dagrun for dataset_s3_bucket_producer to None, run_after=None
[2025-03-13T18:08:39.978+0000] {processor.py:208} INFO - Processing /root/venv/lib/python3.12/site-packages/airflow/example_dags/example_dataset_alias.py took 0.123 seconds
[2025-03-13T18:09:42.966+0000] {processor.py:186} INFO - Started process (PID=1661398) to work on /root/venv/lib/python3.12/site-packages/airflow/example_dags/example_dataset_alias.py
[2025-03-13T18:09:42.967+0000] {processor.py:914} INFO - Processing file /root/venv/lib/python3.12/site-packages/airflow/example_dags/example_dataset_alias.py for tasks to queue
[2025-03-13T18:09:42.970+0000] {logging_mixin.py:190} INFO - [2025-03-13T18:09:42.969+0000] {dagbag.py:588} INFO - Filling up the DagBag from /root/venv/lib/python3.12/site-packages/airflow/example_dags/example_dataset_alias.py
[2025-03-13T18:09:43.000+0000] {processor.py:925} INFO - DAG(s) 'dataset_alias_example_alias_consumer', 'dataset_alias_example_alias_producer', 'dataset_s3_bucket_consumer', 'dataset_s3_bucket_producer' retrieved from /root/venv/lib/python3.12/site-packages/airflow/example_dags/example_dataset_alias.py
[2025-03-13T18:09:43.022+0000] {logging_mixin.py:190} INFO - [2025-03-13T18:09:43.022+0000] {dag.py:3239} INFO - Sync 4 DAGs
[2025-03-13T18:09:43.045+0000] {logging_mixin.py:190} INFO - [2025-03-13T18:09:43.044+0000] {dag.py:4180} INFO - Setting next_dagrun for dataset_alias_example_alias_consumer to None, run_after=None
[2025-03-13T18:09:43.048+0000] {logging_mixin.py:190} INFO - [2025-03-13T18:09:43.047+0000] {dag.py:4180} INFO - Setting next_dagrun for dataset_alias_example_alias_producer to None, run_after=None
[2025-03-13T18:09:43.049+0000] {logging_mixin.py:190} INFO - [2025-03-13T18:09:43.049+0000] {dag.py:4180} INFO - Setting next_dagrun for dataset_s3_bucket_consumer to None, run_after=None
[2025-03-13T18:09:43.050+0000] {logging_mixin.py:190} INFO - [2025-03-13T18:09:43.050+0000] {dag.py:4180} INFO - Setting next_dagrun for dataset_s3_bucket_producer to None, run_after=None
[2025-03-13T18:09:43.077+0000] {processor.py:208} INFO - Processing /root/venv/lib/python3.12/site-packages/airflow/example_dags/example_dataset_alias.py took 0.119 seconds
[2025-03-13T18:10:45.547+0000] {processor.py:186} INFO - Started process (PID=1661468) to work on /root/venv/lib/python3.12/site-packages/airflow/example_dags/example_dataset_alias.py
[2025-03-13T18:10:45.549+0000] {processor.py:914} INFO - Processing file /root/venv/lib/python3.12/site-packages/airflow/example_dags/example_dataset_alias.py for tasks to queue
[2025-03-13T18:10:45.552+0000] {logging_mixin.py:190} INFO - [2025-03-13T18:10:45.552+0000] {dagbag.py:588} INFO - Filling up the DagBag from /root/venv/lib/python3.12/site-packages/airflow/example_dags/example_dataset_alias.py
[2025-03-13T18:10:45.586+0000] {processor.py:925} INFO - DAG(s) 'dataset_s3_bucket_consumer', 'dataset_alias_example_alias_producer', 'dataset_s3_bucket_producer', 'dataset_alias_example_alias_consumer' retrieved from /root/venv/lib/python3.12/site-packages/airflow/example_dags/example_dataset_alias.py
[2025-03-13T18:10:45.610+0000] {logging_mixin.py:190} INFO - [2025-03-13T18:10:45.610+0000] {dag.py:3239} INFO - Sync 4 DAGs
[2025-03-13T18:10:45.634+0000] {logging_mixin.py:190} INFO - [2025-03-13T18:10:45.634+0000] {dag.py:4180} INFO - Setting next_dagrun for dataset_alias_example_alias_consumer to None, run_after=None
[2025-03-13T18:10:45.637+0000] {logging_mixin.py:190} INFO - [2025-03-13T18:10:45.637+0000] {dag.py:4180} INFO - Setting next_dagrun for dataset_alias_example_alias_producer to None, run_after=None
[2025-03-13T18:10:45.638+0000] {logging_mixin.py:190} INFO - [2025-03-13T18:10:45.638+0000] {dag.py:4180} INFO - Setting next_dagrun for dataset_s3_bucket_consumer to None, run_after=None
[2025-03-13T18:10:45.639+0000] {logging_mixin.py:190} INFO - [2025-03-13T18:10:45.639+0000] {dag.py:4180} INFO - Setting next_dagrun for dataset_s3_bucket_producer to None, run_after=None
[2025-03-13T18:10:45.680+0000] {processor.py:208} INFO - Processing /root/venv/lib/python3.12/site-packages/airflow/example_dags/example_dataset_alias.py took 0.144 seconds
[2025-03-13T18:11:52.282+0000] {processor.py:186} INFO - Started process (PID=1661534) to work on /root/venv/lib/python3.12/site-packages/airflow/example_dags/example_dataset_alias.py
[2025-03-13T18:11:52.284+0000] {processor.py:914} INFO - Processing file /root/venv/lib/python3.12/site-packages/airflow/example_dags/example_dataset_alias.py for tasks to queue
[2025-03-13T18:11:52.286+0000] {logging_mixin.py:190} INFO - [2025-03-13T18:11:52.285+0000] {dagbag.py:588} INFO - Filling up the DagBag from /root/venv/lib/python3.12/site-packages/airflow/example_dags/example_dataset_alias.py
[2025-03-13T18:11:52.325+0000] {processor.py:925} INFO - DAG(s) 'dataset_s3_bucket_producer', 'dataset_alias_example_alias_producer', 'dataset_alias_example_alias_consumer', 'dataset_s3_bucket_consumer' retrieved from /root/venv/lib/python3.12/site-packages/airflow/example_dags/example_dataset_alias.py
[2025-03-13T18:11:52.359+0000] {logging_mixin.py:190} INFO - [2025-03-13T18:11:52.358+0000] {dag.py:3239} INFO - Sync 4 DAGs
[2025-03-13T18:11:52.394+0000] {logging_mixin.py:190} INFO - [2025-03-13T18:11:52.394+0000] {dag.py:4180} INFO - Setting next_dagrun for dataset_alias_example_alias_consumer to None, run_after=None
[2025-03-13T18:11:52.397+0000] {logging_mixin.py:190} INFO - [2025-03-13T18:11:52.397+0000] {dag.py:4180} INFO - Setting next_dagrun for dataset_alias_example_alias_producer to None, run_after=None
[2025-03-13T18:11:52.399+0000] {logging_mixin.py:190} INFO - [2025-03-13T18:11:52.398+0000] {dag.py:4180} INFO - Setting next_dagrun for dataset_s3_bucket_consumer to None, run_after=None
[2025-03-13T18:11:52.400+0000] {logging_mixin.py:190} INFO - [2025-03-13T18:11:52.399+0000] {dag.py:4180} INFO - Setting next_dagrun for dataset_s3_bucket_producer to None, run_after=None
[2025-03-13T18:11:52.436+0000] {processor.py:208} INFO - Processing /root/venv/lib/python3.12/site-packages/airflow/example_dags/example_dataset_alias.py took 0.161 seconds
[2025-03-13T18:12:57.312+0000] {processor.py:186} INFO - Started process (PID=1661613) to work on /root/venv/lib/python3.12/site-packages/airflow/example_dags/example_dataset_alias.py
[2025-03-13T18:12:57.313+0000] {processor.py:914} INFO - Processing file /root/venv/lib/python3.12/site-packages/airflow/example_dags/example_dataset_alias.py for tasks to queue
[2025-03-13T18:12:57.316+0000] {logging_mixin.py:190} INFO - [2025-03-13T18:12:57.315+0000] {dagbag.py:588} INFO - Filling up the DagBag from /root/venv/lib/python3.12/site-packages/airflow/example_dags/example_dataset_alias.py
[2025-03-13T18:12:57.346+0000] {processor.py:925} INFO - DAG(s) 'dataset_alias_example_alias_consumer', 'dataset_alias_example_alias_producer', 'dataset_s3_bucket_consumer', 'dataset_s3_bucket_producer' retrieved from /root/venv/lib/python3.12/site-packages/airflow/example_dags/example_dataset_alias.py
[2025-03-13T18:12:57.367+0000] {logging_mixin.py:190} INFO - [2025-03-13T18:12:57.366+0000] {dag.py:3239} INFO - Sync 4 DAGs
[2025-03-13T18:12:57.389+0000] {logging_mixin.py:190} INFO - [2025-03-13T18:12:57.388+0000] {dag.py:4180} INFO - Setting next_dagrun for dataset_alias_example_alias_consumer to None, run_after=None
[2025-03-13T18:12:57.391+0000] {logging_mixin.py:190} INFO - [2025-03-13T18:12:57.390+0000] {dag.py:4180} INFO - Setting next_dagrun for dataset_alias_example_alias_producer to None, run_after=None
[2025-03-13T18:12:57.391+0000] {logging_mixin.py:190} INFO - [2025-03-13T18:12:57.391+0000] {dag.py:4180} INFO - Setting next_dagrun for dataset_s3_bucket_consumer to None, run_after=None
[2025-03-13T18:12:57.392+0000] {logging_mixin.py:190} INFO - [2025-03-13T18:12:57.392+0000] {dag.py:4180} INFO - Setting next_dagrun for dataset_s3_bucket_producer to None, run_after=None
[2025-03-13T18:12:57.416+0000] {processor.py:208} INFO - Processing /root/venv/lib/python3.12/site-packages/airflow/example_dags/example_dataset_alias.py took 0.113 seconds
[2025-03-13T18:14:05.058+0000] {processor.py:186} INFO - Started process (PID=1661682) to work on /root/venv/lib/python3.12/site-packages/airflow/example_dags/example_dataset_alias.py
[2025-03-13T18:14:05.060+0000] {processor.py:914} INFO - Processing file /root/venv/lib/python3.12/site-packages/airflow/example_dags/example_dataset_alias.py for tasks to queue
[2025-03-13T18:14:05.063+0000] {logging_mixin.py:190} INFO - [2025-03-13T18:14:05.062+0000] {dagbag.py:588} INFO - Filling up the DagBag from /root/venv/lib/python3.12/site-packages/airflow/example_dags/example_dataset_alias.py
[2025-03-13T18:14:05.104+0000] {processor.py:925} INFO - DAG(s) 'dataset_alias_example_alias_consumer', 'dataset_s3_bucket_consumer', 'dataset_alias_example_alias_producer', 'dataset_s3_bucket_producer' retrieved from /root/venv/lib/python3.12/site-packages/airflow/example_dags/example_dataset_alias.py
[2025-03-13T18:14:05.131+0000] {logging_mixin.py:190} INFO - [2025-03-13T18:14:05.130+0000] {dag.py:3239} INFO - Sync 4 DAGs
[2025-03-13T18:14:05.160+0000] {logging_mixin.py:190} INFO - [2025-03-13T18:14:05.159+0000] {dag.py:4180} INFO - Setting next_dagrun for dataset_alias_example_alias_consumer to None, run_after=None
[2025-03-13T18:14:05.163+0000] {logging_mixin.py:190} INFO - [2025-03-13T18:14:05.162+0000] {dag.py:4180} INFO - Setting next_dagrun for dataset_alias_example_alias_producer to None, run_after=None
[2025-03-13T18:14:05.164+0000] {logging_mixin.py:190} INFO - [2025-03-13T18:14:05.163+0000] {dag.py:4180} INFO - Setting next_dagrun for dataset_s3_bucket_consumer to None, run_after=None
[2025-03-13T18:14:05.164+0000] {logging_mixin.py:190} INFO - [2025-03-13T18:14:05.164+0000] {dag.py:4180} INFO - Setting next_dagrun for dataset_s3_bucket_producer to None, run_after=None
[2025-03-13T18:14:05.193+0000] {processor.py:208} INFO - Processing /root/venv/lib/python3.12/site-packages/airflow/example_dags/example_dataset_alias.py took 0.147 seconds
[2025-03-13T18:15:15.201+0000] {processor.py:186} INFO - Started process (PID=1661759) to work on /root/venv/lib/python3.12/site-packages/airflow/example_dags/example_dataset_alias.py
[2025-03-13T18:15:15.203+0000] {processor.py:914} INFO - Processing file /root/venv/lib/python3.12/site-packages/airflow/example_dags/example_dataset_alias.py for tasks to queue
[2025-03-13T18:15:15.205+0000] {logging_mixin.py:190} INFO - [2025-03-13T18:15:15.204+0000] {dagbag.py:588} INFO - Filling up the DagBag from /root/venv/lib/python3.12/site-packages/airflow/example_dags/example_dataset_alias.py
[2025-03-13T18:15:15.236+0000] {processor.py:925} INFO - DAG(s) 'dataset_s3_bucket_consumer', 'dataset_alias_example_alias_producer', 'dataset_s3_bucket_producer', 'dataset_alias_example_alias_consumer' retrieved from /root/venv/lib/python3.12/site-packages/airflow/example_dags/example_dataset_alias.py
[2025-03-13T18:15:15.259+0000] {logging_mixin.py:190} INFO - [2025-03-13T18:15:15.259+0000] {dag.py:3239} INFO - Sync 4 DAGs
[2025-03-13T18:15:15.285+0000] {logging_mixin.py:190} INFO - [2025-03-13T18:15:15.285+0000] {dag.py:4180} INFO - Setting next_dagrun for dataset_alias_example_alias_consumer to None, run_after=None
[2025-03-13T18:15:15.288+0000] {logging_mixin.py:190} INFO - [2025-03-13T18:15:15.287+0000] {dag.py:4180} INFO - Setting next_dagrun for dataset_alias_example_alias_producer to None, run_after=None
[2025-03-13T18:15:15.289+0000] {logging_mixin.py:190} INFO - [2025-03-13T18:15:15.288+0000] {dag.py:4180} INFO - Setting next_dagrun for dataset_s3_bucket_consumer to None, run_after=None
[2025-03-13T18:15:15.289+0000] {logging_mixin.py:190} INFO - [2025-03-13T18:15:15.289+0000] {dag.py:4180} INFO - Setting next_dagrun for dataset_s3_bucket_producer to None, run_after=None
[2025-03-13T18:15:15.314+0000] {processor.py:208} INFO - Processing /root/venv/lib/python3.12/site-packages/airflow/example_dags/example_dataset_alias.py took 0.122 seconds
[2025-03-13T19:39:52.820+0000] {processor.py:186} INFO - Started process (PID=1662416) to work on /root/venv/lib/python3.12/site-packages/airflow/example_dags/example_dataset_alias.py
[2025-03-13T19:39:52.821+0000] {processor.py:914} INFO - Processing file /root/venv/lib/python3.12/site-packages/airflow/example_dags/example_dataset_alias.py for tasks to queue
[2025-03-13T19:39:52.824+0000] {logging_mixin.py:190} INFO - [2025-03-13T19:39:52.824+0000] {dagbag.py:588} INFO - Filling up the DagBag from /root/venv/lib/python3.12/site-packages/airflow/example_dags/example_dataset_alias.py
[2025-03-13T19:39:52.859+0000] {processor.py:925} INFO - DAG(s) 'dataset_alias_example_alias_consumer', 'dataset_s3_bucket_producer', 'dataset_s3_bucket_consumer', 'dataset_alias_example_alias_producer' retrieved from /root/venv/lib/python3.12/site-packages/airflow/example_dags/example_dataset_alias.py
[2025-03-13T19:39:52.888+0000] {logging_mixin.py:190} INFO - [2025-03-13T19:39:52.888+0000] {dag.py:3239} INFO - Sync 4 DAGs
[2025-03-13T19:39:52.920+0000] {logging_mixin.py:190} INFO - [2025-03-13T19:39:52.920+0000] {dag.py:4180} INFO - Setting next_dagrun for dataset_alias_example_alias_consumer to None, run_after=None
[2025-03-13T19:39:52.924+0000] {logging_mixin.py:190} INFO - [2025-03-13T19:39:52.923+0000] {dag.py:4180} INFO - Setting next_dagrun for dataset_alias_example_alias_producer to None, run_after=None
[2025-03-13T19:39:52.926+0000] {logging_mixin.py:190} INFO - [2025-03-13T19:39:52.925+0000] {dag.py:4180} INFO - Setting next_dagrun for dataset_s3_bucket_consumer to None, run_after=None
[2025-03-13T19:39:52.927+0000] {logging_mixin.py:190} INFO - [2025-03-13T19:39:52.927+0000] {dag.py:4180} INFO - Setting next_dagrun for dataset_s3_bucket_producer to None, run_after=None
[2025-03-13T19:39:52.961+0000] {processor.py:208} INFO - Processing /root/venv/lib/python3.12/site-packages/airflow/example_dags/example_dataset_alias.py took 0.149 seconds
