[2025-03-13T17:31:01.904+0000] {processor.py:186} INFO - Started process (PID=1658855) to work on /root/venv/lib/python3.12/site-packages/airflow/example_dags/example_task_group.py
[2025-03-13T17:31:01.905+0000] {processor.py:914} INFO - Processing file /root/venv/lib/python3.12/site-packages/airflow/example_dags/example_task_group.py for tasks to queue
[2025-03-13T17:31:01.910+0000] {logging_mixin.py:190} INFO - [2025-03-13T17:31:01.909+0000] {dagbag.py:588} INFO - Filling up the DagBag from /root/venv/lib/python3.12/site-packages/airflow/example_dags/example_task_group.py
[2025-03-13T17:31:01.925+0000] {processor.py:925} INFO - DAG(s) 'example_task_group' retrieved from /root/venv/lib/python3.12/site-packages/airflow/example_dags/example_task_group.py
[2025-03-13T17:31:02.095+0000] {logging_mixin.py:190} INFO - [2025-03-13T17:31:02.095+0000] {dag.py:3239} INFO - Sync 1 DAGs
[2025-03-13T17:31:02.115+0000] {logging_mixin.py:190} INFO - [2025-03-13T17:31:02.115+0000] {dag.py:4180} INFO - Setting next_dagrun for example_task_group to None, run_after=None
[2025-03-13T17:31:02.150+0000] {processor.py:208} INFO - Processing /root/venv/lib/python3.12/site-packages/airflow/example_dags/example_task_group.py took 0.254 seconds
[2025-03-13T17:32:07.474+0000] {processor.py:186} INFO - Started process (PID=1658919) to work on /root/venv/lib/python3.12/site-packages/airflow/example_dags/example_task_group.py
[2025-03-13T17:32:07.476+0000] {processor.py:914} INFO - Processing file /root/venv/lib/python3.12/site-packages/airflow/example_dags/example_task_group.py for tasks to queue
[2025-03-13T17:32:07.479+0000] {logging_mixin.py:190} INFO - [2025-03-13T17:32:07.479+0000] {dagbag.py:588} INFO - Filling up the DagBag from /root/venv/lib/python3.12/site-packages/airflow/example_dags/example_task_group.py
[2025-03-13T17:32:07.490+0000] {processor.py:925} INFO - DAG(s) 'example_task_group' retrieved from /root/venv/lib/python3.12/site-packages/airflow/example_dags/example_task_group.py
[2025-03-13T17:32:07.512+0000] {logging_mixin.py:190} INFO - [2025-03-13T17:32:07.511+0000] {dag.py:3239} INFO - Sync 1 DAGs
[2025-03-13T17:32:07.525+0000] {logging_mixin.py:190} INFO - [2025-03-13T17:32:07.525+0000] {dag.py:4180} INFO - Setting next_dagrun for example_task_group to None, run_after=None
[2025-03-13T17:32:07.547+0000] {processor.py:208} INFO - Processing /root/venv/lib/python3.12/site-packages/airflow/example_dags/example_task_group.py took 0.083 seconds
[2025-03-13T17:33:07.895+0000] {processor.py:186} INFO - Started process (PID=1659046) to work on /root/venv/lib/python3.12/site-packages/airflow/example_dags/example_task_group.py
[2025-03-13T17:33:07.897+0000] {processor.py:914} INFO - Processing file /root/venv/lib/python3.12/site-packages/airflow/example_dags/example_task_group.py for tasks to queue
[2025-03-13T17:33:07.901+0000] {logging_mixin.py:190} INFO - [2025-03-13T17:33:07.901+0000] {dagbag.py:588} INFO - Filling up the DagBag from /root/venv/lib/python3.12/site-packages/airflow/example_dags/example_task_group.py
[2025-03-13T17:33:07.914+0000] {processor.py:925} INFO - DAG(s) 'example_task_group' retrieved from /root/venv/lib/python3.12/site-packages/airflow/example_dags/example_task_group.py
[2025-03-13T17:33:07.939+0000] {logging_mixin.py:190} INFO - [2025-03-13T17:33:07.939+0000] {dag.py:3239} INFO - Sync 1 DAGs
[2025-03-13T17:33:07.957+0000] {logging_mixin.py:190} INFO - [2025-03-13T17:33:07.957+0000] {dag.py:4180} INFO - Setting next_dagrun for example_task_group to None, run_after=None
[2025-03-13T17:33:07.988+0000] {processor.py:208} INFO - Processing /root/venv/lib/python3.12/site-packages/airflow/example_dags/example_task_group.py took 0.101 seconds
[2025-03-13T17:34:09.105+0000] {processor.py:186} INFO - Started process (PID=1659109) to work on /root/venv/lib/python3.12/site-packages/airflow/example_dags/example_task_group.py
[2025-03-13T17:34:09.107+0000] {processor.py:914} INFO - Processing file /root/venv/lib/python3.12/site-packages/airflow/example_dags/example_task_group.py for tasks to queue
[2025-03-13T17:34:09.112+0000] {logging_mixin.py:190} INFO - [2025-03-13T17:34:09.110+0000] {dagbag.py:588} INFO - Filling up the DagBag from /root/venv/lib/python3.12/site-packages/airflow/example_dags/example_task_group.py
[2025-03-13T17:34:09.126+0000] {processor.py:925} INFO - DAG(s) 'example_task_group' retrieved from /root/venv/lib/python3.12/site-packages/airflow/example_dags/example_task_group.py
[2025-03-13T17:34:09.153+0000] {logging_mixin.py:190} INFO - [2025-03-13T17:34:09.153+0000] {dag.py:3239} INFO - Sync 1 DAGs
[2025-03-13T17:34:09.173+0000] {logging_mixin.py:190} INFO - [2025-03-13T17:34:09.172+0000] {dag.py:4180} INFO - Setting next_dagrun for example_task_group to None, run_after=None
[2025-03-13T17:34:09.201+0000] {processor.py:208} INFO - Processing /root/venv/lib/python3.12/site-packages/airflow/example_dags/example_task_group.py took 0.106 seconds
[2025-03-13T17:34:55.757+0000] {processor.py:186} INFO - Started process (PID=1659163) to work on /root/venv/lib/python3.12/site-packages/airflow/example_dags/example_task_group.py
[2025-03-13T17:34:55.758+0000] {processor.py:914} INFO - Processing file /root/venv/lib/python3.12/site-packages/airflow/example_dags/example_task_group.py for tasks to queue
[2025-03-13T17:34:55.761+0000] {logging_mixin.py:190} INFO - [2025-03-13T17:34:55.761+0000] {dagbag.py:588} INFO - Filling up the DagBag from /root/venv/lib/python3.12/site-packages/airflow/example_dags/example_task_group.py
[2025-03-13T17:34:55.774+0000] {processor.py:925} INFO - DAG(s) 'example_task_group' retrieved from /root/venv/lib/python3.12/site-packages/airflow/example_dags/example_task_group.py
[2025-03-13T17:34:55.801+0000] {logging_mixin.py:190} INFO - [2025-03-13T17:34:55.801+0000] {dag.py:3239} INFO - Sync 1 DAGs
[2025-03-13T17:34:55.818+0000] {logging_mixin.py:190} INFO - [2025-03-13T17:34:55.817+0000] {dag.py:4180} INFO - Setting next_dagrun for example_task_group to None, run_after=None
[2025-03-13T17:34:55.843+0000] {processor.py:208} INFO - Processing /root/venv/lib/python3.12/site-packages/airflow/example_dags/example_task_group.py took 0.094 seconds
[2025-03-13T17:35:54.257+0000] {processor.py:186} INFO - Started process (PID=1659229) to work on /root/venv/lib/python3.12/site-packages/airflow/example_dags/example_task_group.py
[2025-03-13T17:35:54.259+0000] {processor.py:914} INFO - Processing file /root/venv/lib/python3.12/site-packages/airflow/example_dags/example_task_group.py for tasks to queue
[2025-03-13T17:35:54.263+0000] {logging_mixin.py:190} INFO - [2025-03-13T17:35:54.262+0000] {dagbag.py:588} INFO - Filling up the DagBag from /root/venv/lib/python3.12/site-packages/airflow/example_dags/example_task_group.py
[2025-03-13T17:35:54.275+0000] {processor.py:925} INFO - DAG(s) 'example_task_group' retrieved from /root/venv/lib/python3.12/site-packages/airflow/example_dags/example_task_group.py
[2025-03-13T17:35:54.296+0000] {logging_mixin.py:190} INFO - [2025-03-13T17:35:54.296+0000] {dag.py:3239} INFO - Sync 1 DAGs
[2025-03-13T17:35:54.310+0000] {logging_mixin.py:190} INFO - [2025-03-13T17:35:54.309+0000] {dag.py:4180} INFO - Setting next_dagrun for example_task_group to None, run_after=None
[2025-03-13T17:35:54.332+0000] {processor.py:208} INFO - Processing /root/venv/lib/python3.12/site-packages/airflow/example_dags/example_task_group.py took 0.086 seconds
[2025-03-13T17:36:53.605+0000] {processor.py:186} INFO - Started process (PID=1659293) to work on /root/venv/lib/python3.12/site-packages/airflow/example_dags/example_task_group.py
[2025-03-13T17:36:53.606+0000] {processor.py:914} INFO - Processing file /root/venv/lib/python3.12/site-packages/airflow/example_dags/example_task_group.py for tasks to queue
[2025-03-13T17:36:53.610+0000] {logging_mixin.py:190} INFO - [2025-03-13T17:36:53.609+0000] {dagbag.py:588} INFO - Filling up the DagBag from /root/venv/lib/python3.12/site-packages/airflow/example_dags/example_task_group.py
[2025-03-13T17:36:53.623+0000] {processor.py:925} INFO - DAG(s) 'example_task_group' retrieved from /root/venv/lib/python3.12/site-packages/airflow/example_dags/example_task_group.py
[2025-03-13T17:36:53.646+0000] {logging_mixin.py:190} INFO - [2025-03-13T17:36:53.645+0000] {dag.py:3239} INFO - Sync 1 DAGs
[2025-03-13T17:36:53.662+0000] {logging_mixin.py:190} INFO - [2025-03-13T17:36:53.662+0000] {dag.py:4180} INFO - Setting next_dagrun for example_task_group to None, run_after=None
[2025-03-13T17:36:53.687+0000] {processor.py:208} INFO - Processing /root/venv/lib/python3.12/site-packages/airflow/example_dags/example_task_group.py took 0.090 seconds
[2025-03-13T17:37:54.295+0000] {processor.py:186} INFO - Started process (PID=1659357) to work on /root/venv/lib/python3.12/site-packages/airflow/example_dags/example_task_group.py
[2025-03-13T17:37:54.298+0000] {processor.py:914} INFO - Processing file /root/venv/lib/python3.12/site-packages/airflow/example_dags/example_task_group.py for tasks to queue
[2025-03-13T17:37:54.302+0000] {logging_mixin.py:190} INFO - [2025-03-13T17:37:54.301+0000] {dagbag.py:588} INFO - Filling up the DagBag from /root/venv/lib/python3.12/site-packages/airflow/example_dags/example_task_group.py
[2025-03-13T17:37:54.321+0000] {processor.py:925} INFO - DAG(s) 'example_task_group' retrieved from /root/venv/lib/python3.12/site-packages/airflow/example_dags/example_task_group.py
[2025-03-13T17:37:54.357+0000] {logging_mixin.py:190} INFO - [2025-03-13T17:37:54.356+0000] {dag.py:3239} INFO - Sync 1 DAGs
[2025-03-13T17:37:54.382+0000] {logging_mixin.py:190} INFO - [2025-03-13T17:37:54.381+0000] {dag.py:4180} INFO - Setting next_dagrun for example_task_group to None, run_after=None
[2025-03-13T17:37:54.416+0000] {processor.py:208} INFO - Processing /root/venv/lib/python3.12/site-packages/airflow/example_dags/example_task_group.py took 0.132 seconds
[2025-03-13T17:38:58.771+0000] {processor.py:186} INFO - Started process (PID=1659419) to work on /root/venv/lib/python3.12/site-packages/airflow/example_dags/example_task_group.py
[2025-03-13T17:38:58.773+0000] {processor.py:914} INFO - Processing file /root/venv/lib/python3.12/site-packages/airflow/example_dags/example_task_group.py for tasks to queue
[2025-03-13T17:38:58.776+0000] {logging_mixin.py:190} INFO - [2025-03-13T17:38:58.775+0000] {dagbag.py:588} INFO - Filling up the DagBag from /root/venv/lib/python3.12/site-packages/airflow/example_dags/example_task_group.py
[2025-03-13T17:38:58.789+0000] {processor.py:925} INFO - DAG(s) 'example_task_group' retrieved from /root/venv/lib/python3.12/site-packages/airflow/example_dags/example_task_group.py
[2025-03-13T17:38:58.813+0000] {logging_mixin.py:190} INFO - [2025-03-13T17:38:58.813+0000] {dag.py:3239} INFO - Sync 1 DAGs
[2025-03-13T17:38:58.831+0000] {logging_mixin.py:190} INFO - [2025-03-13T17:38:58.830+0000] {dag.py:4180} INFO - Setting next_dagrun for example_task_group to None, run_after=None
[2025-03-13T17:38:58.856+0000] {processor.py:208} INFO - Processing /root/venv/lib/python3.12/site-packages/airflow/example_dags/example_task_group.py took 0.095 seconds
[2025-03-13T17:39:58.936+0000] {processor.py:186} INFO - Started process (PID=1659479) to work on /root/venv/lib/python3.12/site-packages/airflow/example_dags/example_task_group.py
[2025-03-13T17:39:58.938+0000] {processor.py:914} INFO - Processing file /root/venv/lib/python3.12/site-packages/airflow/example_dags/example_task_group.py for tasks to queue
[2025-03-13T17:39:58.942+0000] {logging_mixin.py:190} INFO - [2025-03-13T17:39:58.941+0000] {dagbag.py:588} INFO - Filling up the DagBag from /root/venv/lib/python3.12/site-packages/airflow/example_dags/example_task_group.py
[2025-03-13T17:39:58.958+0000] {processor.py:925} INFO - DAG(s) 'example_task_group' retrieved from /root/venv/lib/python3.12/site-packages/airflow/example_dags/example_task_group.py
[2025-03-13T17:39:58.987+0000] {logging_mixin.py:190} INFO - [2025-03-13T17:39:58.987+0000] {dag.py:3239} INFO - Sync 1 DAGs
[2025-03-13T17:39:59.006+0000] {logging_mixin.py:190} INFO - [2025-03-13T17:39:59.006+0000] {dag.py:4180} INFO - Setting next_dagrun for example_task_group to None, run_after=None
[2025-03-13T17:39:59.037+0000] {processor.py:208} INFO - Processing /root/venv/lib/python3.12/site-packages/airflow/example_dags/example_task_group.py took 0.109 seconds
[2025-03-13T17:40:58.188+0000] {processor.py:186} INFO - Started process (PID=1659545) to work on /root/venv/lib/python3.12/site-packages/airflow/example_dags/example_task_group.py
[2025-03-13T17:40:58.189+0000] {processor.py:914} INFO - Processing file /root/venv/lib/python3.12/site-packages/airflow/example_dags/example_task_group.py for tasks to queue
[2025-03-13T17:40:58.192+0000] {logging_mixin.py:190} INFO - [2025-03-13T17:40:58.192+0000] {dagbag.py:588} INFO - Filling up the DagBag from /root/venv/lib/python3.12/site-packages/airflow/example_dags/example_task_group.py
[2025-03-13T17:40:58.205+0000] {processor.py:925} INFO - DAG(s) 'example_task_group' retrieved from /root/venv/lib/python3.12/site-packages/airflow/example_dags/example_task_group.py
[2025-03-13T17:40:58.228+0000] {logging_mixin.py:190} INFO - [2025-03-13T17:40:58.228+0000] {dag.py:3239} INFO - Sync 1 DAGs
[2025-03-13T17:40:58.243+0000] {logging_mixin.py:190} INFO - [2025-03-13T17:40:58.243+0000] {dag.py:4180} INFO - Setting next_dagrun for example_task_group to None, run_after=None
[2025-03-13T17:40:58.270+0000] {processor.py:208} INFO - Processing /root/venv/lib/python3.12/site-packages/airflow/example_dags/example_task_group.py took 0.091 seconds
[2025-03-13T17:42:03.564+0000] {processor.py:186} INFO - Started process (PID=1659612) to work on /root/venv/lib/python3.12/site-packages/airflow/example_dags/example_task_group.py
[2025-03-13T17:42:03.566+0000] {processor.py:914} INFO - Processing file /root/venv/lib/python3.12/site-packages/airflow/example_dags/example_task_group.py for tasks to queue
[2025-03-13T17:42:03.569+0000] {logging_mixin.py:190} INFO - [2025-03-13T17:42:03.569+0000] {dagbag.py:588} INFO - Filling up the DagBag from /root/venv/lib/python3.12/site-packages/airflow/example_dags/example_task_group.py
[2025-03-13T17:42:03.749+0000] {processor.py:925} INFO - DAG(s) 'example_task_group' retrieved from /root/venv/lib/python3.12/site-packages/airflow/example_dags/example_task_group.py
[2025-03-13T17:42:03.765+0000] {logging_mixin.py:190} INFO - [2025-03-13T17:42:03.764+0000] {dag.py:3239} INFO - Sync 1 DAGs
[2025-03-13T17:42:03.776+0000] {logging_mixin.py:190} INFO - [2025-03-13T17:42:03.776+0000] {dag.py:4180} INFO - Setting next_dagrun for example_task_group to None, run_after=None
[2025-03-13T17:42:03.797+0000] {processor.py:208} INFO - Processing /root/venv/lib/python3.12/site-packages/airflow/example_dags/example_task_group.py took 0.242 seconds
[2025-03-13T17:43:05.040+0000] {processor.py:186} INFO - Started process (PID=1659677) to work on /root/venv/lib/python3.12/site-packages/airflow/example_dags/example_task_group.py
[2025-03-13T17:43:05.042+0000] {processor.py:914} INFO - Processing file /root/venv/lib/python3.12/site-packages/airflow/example_dags/example_task_group.py for tasks to queue
[2025-03-13T17:43:05.046+0000] {logging_mixin.py:190} INFO - [2025-03-13T17:43:05.046+0000] {dagbag.py:588} INFO - Filling up the DagBag from /root/venv/lib/python3.12/site-packages/airflow/example_dags/example_task_group.py
[2025-03-13T17:43:05.060+0000] {processor.py:925} INFO - DAG(s) 'example_task_group' retrieved from /root/venv/lib/python3.12/site-packages/airflow/example_dags/example_task_group.py
[2025-03-13T17:43:05.088+0000] {logging_mixin.py:190} INFO - [2025-03-13T17:43:05.087+0000] {dag.py:3239} INFO - Sync 1 DAGs
[2025-03-13T17:43:05.106+0000] {logging_mixin.py:190} INFO - [2025-03-13T17:43:05.105+0000] {dag.py:4180} INFO - Setting next_dagrun for example_task_group to None, run_after=None
[2025-03-13T17:43:05.134+0000] {processor.py:208} INFO - Processing /root/venv/lib/python3.12/site-packages/airflow/example_dags/example_task_group.py took 0.106 seconds
[2025-03-13T17:44:04.850+0000] {processor.py:186} INFO - Started process (PID=1659744) to work on /root/venv/lib/python3.12/site-packages/airflow/example_dags/example_task_group.py
[2025-03-13T17:44:04.852+0000] {processor.py:914} INFO - Processing file /root/venv/lib/python3.12/site-packages/airflow/example_dags/example_task_group.py for tasks to queue
[2025-03-13T17:44:04.856+0000] {logging_mixin.py:190} INFO - [2025-03-13T17:44:04.855+0000] {dagbag.py:588} INFO - Filling up the DagBag from /root/venv/lib/python3.12/site-packages/airflow/example_dags/example_task_group.py
[2025-03-13T17:44:04.869+0000] {processor.py:925} INFO - DAG(s) 'example_task_group' retrieved from /root/venv/lib/python3.12/site-packages/airflow/example_dags/example_task_group.py
[2025-03-13T17:44:04.892+0000] {logging_mixin.py:190} INFO - [2025-03-13T17:44:04.892+0000] {dag.py:3239} INFO - Sync 1 DAGs
[2025-03-13T17:44:04.910+0000] {logging_mixin.py:190} INFO - [2025-03-13T17:44:04.909+0000] {dag.py:4180} INFO - Setting next_dagrun for example_task_group to None, run_after=None
[2025-03-13T17:44:04.937+0000] {processor.py:208} INFO - Processing /root/venv/lib/python3.12/site-packages/airflow/example_dags/example_task_group.py took 0.097 seconds
[2025-03-13T17:45:09.608+0000] {processor.py:186} INFO - Started process (PID=1659821) to work on /root/venv/lib/python3.12/site-packages/airflow/example_dags/example_task_group.py
[2025-03-13T17:45:09.610+0000] {processor.py:914} INFO - Processing file /root/venv/lib/python3.12/site-packages/airflow/example_dags/example_task_group.py for tasks to queue
[2025-03-13T17:45:09.614+0000] {logging_mixin.py:190} INFO - [2025-03-13T17:45:09.614+0000] {dagbag.py:588} INFO - Filling up the DagBag from /root/venv/lib/python3.12/site-packages/airflow/example_dags/example_task_group.py
[2025-03-13T17:45:09.627+0000] {processor.py:925} INFO - DAG(s) 'example_task_group' retrieved from /root/venv/lib/python3.12/site-packages/airflow/example_dags/example_task_group.py
[2025-03-13T17:45:09.654+0000] {logging_mixin.py:190} INFO - [2025-03-13T17:45:09.653+0000] {dag.py:3239} INFO - Sync 1 DAGs
[2025-03-13T17:45:09.673+0000] {logging_mixin.py:190} INFO - [2025-03-13T17:45:09.672+0000] {dag.py:4180} INFO - Setting next_dagrun for example_task_group to None, run_after=None
[2025-03-13T17:45:09.704+0000] {processor.py:208} INFO - Processing /root/venv/lib/python3.12/site-packages/airflow/example_dags/example_task_group.py took 0.103 seconds
[2025-03-13T17:46:14.463+0000] {processor.py:186} INFO - Started process (PID=1659887) to work on /root/venv/lib/python3.12/site-packages/airflow/example_dags/example_task_group.py
[2025-03-13T17:46:14.464+0000] {processor.py:914} INFO - Processing file /root/venv/lib/python3.12/site-packages/airflow/example_dags/example_task_group.py for tasks to queue
[2025-03-13T17:46:14.469+0000] {logging_mixin.py:190} INFO - [2025-03-13T17:46:14.468+0000] {dagbag.py:588} INFO - Filling up the DagBag from /root/venv/lib/python3.12/site-packages/airflow/example_dags/example_task_group.py
[2025-03-13T17:46:14.483+0000] {processor.py:925} INFO - DAG(s) 'example_task_group' retrieved from /root/venv/lib/python3.12/site-packages/airflow/example_dags/example_task_group.py
[2025-03-13T17:46:14.506+0000] {logging_mixin.py:190} INFO - [2025-03-13T17:46:14.506+0000] {dag.py:3239} INFO - Sync 1 DAGs
[2025-03-13T17:46:14.522+0000] {logging_mixin.py:190} INFO - [2025-03-13T17:46:14.522+0000] {dag.py:4180} INFO - Setting next_dagrun for example_task_group to None, run_after=None
[2025-03-13T17:46:14.552+0000] {processor.py:208} INFO - Processing /root/venv/lib/python3.12/site-packages/airflow/example_dags/example_task_group.py took 0.097 seconds
[2025-03-13T17:47:16.049+0000] {processor.py:186} INFO - Started process (PID=1659951) to work on /root/venv/lib/python3.12/site-packages/airflow/example_dags/example_task_group.py
[2025-03-13T17:47:16.050+0000] {processor.py:914} INFO - Processing file /root/venv/lib/python3.12/site-packages/airflow/example_dags/example_task_group.py for tasks to queue
[2025-03-13T17:47:16.053+0000] {logging_mixin.py:190} INFO - [2025-03-13T17:47:16.053+0000] {dagbag.py:588} INFO - Filling up the DagBag from /root/venv/lib/python3.12/site-packages/airflow/example_dags/example_task_group.py
[2025-03-13T17:47:16.064+0000] {processor.py:925} INFO - DAG(s) 'example_task_group' retrieved from /root/venv/lib/python3.12/site-packages/airflow/example_dags/example_task_group.py
[2025-03-13T17:47:16.084+0000] {logging_mixin.py:190} INFO - [2025-03-13T17:47:16.084+0000] {dag.py:3239} INFO - Sync 1 DAGs
[2025-03-13T17:47:16.098+0000] {logging_mixin.py:190} INFO - [2025-03-13T17:47:16.097+0000] {dag.py:4180} INFO - Setting next_dagrun for example_task_group to None, run_after=None
[2025-03-13T17:47:16.119+0000] {processor.py:208} INFO - Processing /root/venv/lib/python3.12/site-packages/airflow/example_dags/example_task_group.py took 0.077 seconds
[2025-03-13T17:48:15.658+0000] {processor.py:186} INFO - Started process (PID=1660015) to work on /root/venv/lib/python3.12/site-packages/airflow/example_dags/example_task_group.py
[2025-03-13T17:48:15.660+0000] {processor.py:914} INFO - Processing file /root/venv/lib/python3.12/site-packages/airflow/example_dags/example_task_group.py for tasks to queue
[2025-03-13T17:48:15.664+0000] {logging_mixin.py:190} INFO - [2025-03-13T17:48:15.664+0000] {dagbag.py:588} INFO - Filling up the DagBag from /root/venv/lib/python3.12/site-packages/airflow/example_dags/example_task_group.py
[2025-03-13T17:48:15.676+0000] {processor.py:925} INFO - DAG(s) 'example_task_group' retrieved from /root/venv/lib/python3.12/site-packages/airflow/example_dags/example_task_group.py
[2025-03-13T17:48:15.699+0000] {logging_mixin.py:190} INFO - [2025-03-13T17:48:15.699+0000] {dag.py:3239} INFO - Sync 1 DAGs
[2025-03-13T17:48:15.716+0000] {logging_mixin.py:190} INFO - [2025-03-13T17:48:15.715+0000] {dag.py:4180} INFO - Setting next_dagrun for example_task_group to None, run_after=None
[2025-03-13T17:48:15.746+0000] {processor.py:208} INFO - Processing /root/venv/lib/python3.12/site-packages/airflow/example_dags/example_task_group.py took 0.097 seconds
[2025-03-13T17:49:17.873+0000] {processor.py:186} INFO - Started process (PID=1660078) to work on /root/venv/lib/python3.12/site-packages/airflow/example_dags/example_task_group.py
[2025-03-13T17:49:17.875+0000] {processor.py:914} INFO - Processing file /root/venv/lib/python3.12/site-packages/airflow/example_dags/example_task_group.py for tasks to queue
[2025-03-13T17:49:17.879+0000] {logging_mixin.py:190} INFO - [2025-03-13T17:49:17.879+0000] {dagbag.py:588} INFO - Filling up the DagBag from /root/venv/lib/python3.12/site-packages/airflow/example_dags/example_task_group.py
[2025-03-13T17:49:17.892+0000] {processor.py:925} INFO - DAG(s) 'example_task_group' retrieved from /root/venv/lib/python3.12/site-packages/airflow/example_dags/example_task_group.py
[2025-03-13T17:49:17.914+0000] {logging_mixin.py:190} INFO - [2025-03-13T17:49:17.914+0000] {dag.py:3239} INFO - Sync 1 DAGs
[2025-03-13T17:49:17.930+0000] {logging_mixin.py:190} INFO - [2025-03-13T17:49:17.929+0000] {dag.py:4180} INFO - Setting next_dagrun for example_task_group to None, run_after=None
[2025-03-13T17:49:17.956+0000] {processor.py:208} INFO - Processing /root/venv/lib/python3.12/site-packages/airflow/example_dags/example_task_group.py took 0.093 seconds
[2025-03-13T17:50:22.109+0000] {processor.py:186} INFO - Started process (PID=1660140) to work on /root/venv/lib/python3.12/site-packages/airflow/example_dags/example_task_group.py
[2025-03-13T17:50:22.111+0000] {processor.py:914} INFO - Processing file /root/venv/lib/python3.12/site-packages/airflow/example_dags/example_task_group.py for tasks to queue
[2025-03-13T17:50:22.114+0000] {logging_mixin.py:190} INFO - [2025-03-13T17:50:22.113+0000] {dagbag.py:588} INFO - Filling up the DagBag from /root/venv/lib/python3.12/site-packages/airflow/example_dags/example_task_group.py
[2025-03-13T17:50:22.125+0000] {processor.py:925} INFO - DAG(s) 'example_task_group' retrieved from /root/venv/lib/python3.12/site-packages/airflow/example_dags/example_task_group.py
[2025-03-13T17:50:22.144+0000] {logging_mixin.py:190} INFO - [2025-03-13T17:50:22.144+0000] {dag.py:3239} INFO - Sync 1 DAGs
[2025-03-13T17:50:22.158+0000] {logging_mixin.py:190} INFO - [2025-03-13T17:50:22.158+0000] {dag.py:4180} INFO - Setting next_dagrun for example_task_group to None, run_after=None
[2025-03-13T17:50:22.183+0000] {processor.py:208} INFO - Processing /root/venv/lib/python3.12/site-packages/airflow/example_dags/example_task_group.py took 0.082 seconds
[2025-03-13T17:51:24.838+0000] {processor.py:186} INFO - Started process (PID=1660209) to work on /root/venv/lib/python3.12/site-packages/airflow/example_dags/example_task_group.py
[2025-03-13T17:51:24.840+0000] {processor.py:914} INFO - Processing file /root/venv/lib/python3.12/site-packages/airflow/example_dags/example_task_group.py for tasks to queue
[2025-03-13T17:51:24.847+0000] {logging_mixin.py:190} INFO - [2025-03-13T17:51:24.846+0000] {dagbag.py:588} INFO - Filling up the DagBag from /root/venv/lib/python3.12/site-packages/airflow/example_dags/example_task_group.py
[2025-03-13T17:51:24.866+0000] {processor.py:925} INFO - DAG(s) 'example_task_group' retrieved from /root/venv/lib/python3.12/site-packages/airflow/example_dags/example_task_group.py
[2025-03-13T17:51:24.903+0000] {logging_mixin.py:190} INFO - [2025-03-13T17:51:24.902+0000] {dag.py:3239} INFO - Sync 1 DAGs
[2025-03-13T17:51:24.930+0000] {logging_mixin.py:190} INFO - [2025-03-13T17:51:24.930+0000] {dag.py:4180} INFO - Setting next_dagrun for example_task_group to None, run_after=None
[2025-03-13T17:51:24.969+0000] {processor.py:208} INFO - Processing /root/venv/lib/python3.12/site-packages/airflow/example_dags/example_task_group.py took 0.143 seconds
[2025-03-13T17:52:27.988+0000] {processor.py:186} INFO - Started process (PID=1660274) to work on /root/venv/lib/python3.12/site-packages/airflow/example_dags/example_task_group.py
[2025-03-13T17:52:27.989+0000] {processor.py:914} INFO - Processing file /root/venv/lib/python3.12/site-packages/airflow/example_dags/example_task_group.py for tasks to queue
[2025-03-13T17:52:27.994+0000] {logging_mixin.py:190} INFO - [2025-03-13T17:52:27.993+0000] {dagbag.py:588} INFO - Filling up the DagBag from /root/venv/lib/python3.12/site-packages/airflow/example_dags/example_task_group.py
[2025-03-13T17:52:28.006+0000] {processor.py:925} INFO - DAG(s) 'example_task_group' retrieved from /root/venv/lib/python3.12/site-packages/airflow/example_dags/example_task_group.py
[2025-03-13T17:52:28.030+0000] {logging_mixin.py:190} INFO - [2025-03-13T17:52:28.030+0000] {dag.py:3239} INFO - Sync 1 DAGs
[2025-03-13T17:52:28.047+0000] {logging_mixin.py:190} INFO - [2025-03-13T17:52:28.047+0000] {dag.py:4180} INFO - Setting next_dagrun for example_task_group to None, run_after=None
[2025-03-13T17:52:28.073+0000] {processor.py:208} INFO - Processing /root/venv/lib/python3.12/site-packages/airflow/example_dags/example_task_group.py took 0.094 seconds
[2025-03-13T17:53:31.623+0000] {processor.py:186} INFO - Started process (PID=1660338) to work on /root/venv/lib/python3.12/site-packages/airflow/example_dags/example_task_group.py
[2025-03-13T17:53:31.625+0000] {processor.py:914} INFO - Processing file /root/venv/lib/python3.12/site-packages/airflow/example_dags/example_task_group.py for tasks to queue
[2025-03-13T17:53:31.629+0000] {logging_mixin.py:190} INFO - [2025-03-13T17:53:31.628+0000] {dagbag.py:588} INFO - Filling up the DagBag from /root/venv/lib/python3.12/site-packages/airflow/example_dags/example_task_group.py
[2025-03-13T17:53:31.641+0000] {processor.py:925} INFO - DAG(s) 'example_task_group' retrieved from /root/venv/lib/python3.12/site-packages/airflow/example_dags/example_task_group.py
[2025-03-13T17:53:31.665+0000] {logging_mixin.py:190} INFO - [2025-03-13T17:53:31.665+0000] {dag.py:3239} INFO - Sync 1 DAGs
[2025-03-13T17:53:31.682+0000] {logging_mixin.py:190} INFO - [2025-03-13T17:53:31.682+0000] {dag.py:4180} INFO - Setting next_dagrun for example_task_group to None, run_after=None
[2025-03-13T17:53:31.710+0000] {processor.py:208} INFO - Processing /root/venv/lib/python3.12/site-packages/airflow/example_dags/example_task_group.py took 0.095 seconds
[2025-03-13T17:54:34.098+0000] {processor.py:186} INFO - Started process (PID=1660399) to work on /root/venv/lib/python3.12/site-packages/airflow/example_dags/example_task_group.py
[2025-03-13T17:54:34.100+0000] {processor.py:914} INFO - Processing file /root/venv/lib/python3.12/site-packages/airflow/example_dags/example_task_group.py for tasks to queue
[2025-03-13T17:54:34.105+0000] {logging_mixin.py:190} INFO - [2025-03-13T17:54:34.104+0000] {dagbag.py:588} INFO - Filling up the DagBag from /root/venv/lib/python3.12/site-packages/airflow/example_dags/example_task_group.py
[2025-03-13T17:54:34.121+0000] {processor.py:925} INFO - DAG(s) 'example_task_group' retrieved from /root/venv/lib/python3.12/site-packages/airflow/example_dags/example_task_group.py
[2025-03-13T17:54:34.145+0000] {logging_mixin.py:190} INFO - [2025-03-13T17:54:34.145+0000] {dag.py:3239} INFO - Sync 1 DAGs
[2025-03-13T17:54:34.162+0000] {logging_mixin.py:190} INFO - [2025-03-13T17:54:34.162+0000] {dag.py:4180} INFO - Setting next_dagrun for example_task_group to None, run_after=None
[2025-03-13T17:54:34.188+0000] {processor.py:208} INFO - Processing /root/venv/lib/python3.12/site-packages/airflow/example_dags/example_task_group.py took 0.100 seconds
[2025-03-13T17:55:50.227+0000] {processor.py:186} INFO - Started process (PID=1660491) to work on /root/venv/lib/python3.12/site-packages/airflow/example_dags/example_task_group.py
[2025-03-13T17:55:50.229+0000] {processor.py:914} INFO - Processing file /root/venv/lib/python3.12/site-packages/airflow/example_dags/example_task_group.py for tasks to queue
[2025-03-13T17:55:50.231+0000] {logging_mixin.py:190} INFO - [2025-03-13T17:55:50.231+0000] {dagbag.py:588} INFO - Filling up the DagBag from /root/venv/lib/python3.12/site-packages/airflow/example_dags/example_task_group.py
[2025-03-13T17:55:50.242+0000] {processor.py:925} INFO - DAG(s) 'example_task_group' retrieved from /root/venv/lib/python3.12/site-packages/airflow/example_dags/example_task_group.py
[2025-03-13T17:55:50.267+0000] {logging_mixin.py:190} INFO - [2025-03-13T17:55:50.266+0000] {dag.py:3239} INFO - Sync 1 DAGs
[2025-03-13T17:55:50.282+0000] {logging_mixin.py:190} INFO - [2025-03-13T17:55:50.282+0000] {dag.py:4180} INFO - Setting next_dagrun for example_task_group to None, run_after=None
[2025-03-13T17:55:50.308+0000] {processor.py:208} INFO - Processing /root/venv/lib/python3.12/site-packages/airflow/example_dags/example_task_group.py took 0.088 seconds
[2025-03-13T17:56:43.714+0000] {processor.py:186} INFO - Started process (PID=1660557) to work on /root/venv/lib/python3.12/site-packages/airflow/example_dags/example_task_group.py
[2025-03-13T17:56:43.715+0000] {processor.py:914} INFO - Processing file /root/venv/lib/python3.12/site-packages/airflow/example_dags/example_task_group.py for tasks to queue
[2025-03-13T17:56:43.719+0000] {logging_mixin.py:190} INFO - [2025-03-13T17:56:43.718+0000] {dagbag.py:588} INFO - Filling up the DagBag from /root/venv/lib/python3.12/site-packages/airflow/example_dags/example_task_group.py
[2025-03-13T17:56:43.733+0000] {processor.py:925} INFO - DAG(s) 'example_task_group' retrieved from /root/venv/lib/python3.12/site-packages/airflow/example_dags/example_task_group.py
[2025-03-13T17:56:43.761+0000] {logging_mixin.py:190} INFO - [2025-03-13T17:56:43.760+0000] {dag.py:3239} INFO - Sync 1 DAGs
[2025-03-13T17:56:43.779+0000] {logging_mixin.py:190} INFO - [2025-03-13T17:56:43.779+0000] {dag.py:4180} INFO - Setting next_dagrun for example_task_group to None, run_after=None
[2025-03-13T17:56:43.807+0000] {processor.py:208} INFO - Processing /root/venv/lib/python3.12/site-packages/airflow/example_dags/example_task_group.py took 0.103 seconds
[2025-03-13T17:57:42.734+0000] {processor.py:186} INFO - Started process (PID=1660622) to work on /root/venv/lib/python3.12/site-packages/airflow/example_dags/example_task_group.py
[2025-03-13T17:57:42.736+0000] {processor.py:914} INFO - Processing file /root/venv/lib/python3.12/site-packages/airflow/example_dags/example_task_group.py for tasks to queue
[2025-03-13T17:57:42.739+0000] {logging_mixin.py:190} INFO - [2025-03-13T17:57:42.738+0000] {dagbag.py:588} INFO - Filling up the DagBag from /root/venv/lib/python3.12/site-packages/airflow/example_dags/example_task_group.py
[2025-03-13T17:57:42.750+0000] {processor.py:925} INFO - DAG(s) 'example_task_group' retrieved from /root/venv/lib/python3.12/site-packages/airflow/example_dags/example_task_group.py
[2025-03-13T17:57:42.772+0000] {logging_mixin.py:190} INFO - [2025-03-13T17:57:42.772+0000] {dag.py:3239} INFO - Sync 1 DAGs
[2025-03-13T17:57:42.788+0000] {logging_mixin.py:190} INFO - [2025-03-13T17:57:42.788+0000] {dag.py:4180} INFO - Setting next_dagrun for example_task_group to None, run_after=None
[2025-03-13T17:57:42.811+0000] {processor.py:208} INFO - Processing /root/venv/lib/python3.12/site-packages/airflow/example_dags/example_task_group.py took 0.084 seconds
[2025-03-13T17:58:41.319+0000] {processor.py:186} INFO - Started process (PID=1660693) to work on /root/venv/lib/python3.12/site-packages/airflow/example_dags/example_task_group.py
[2025-03-13T17:58:41.321+0000] {processor.py:914} INFO - Processing file /root/venv/lib/python3.12/site-packages/airflow/example_dags/example_task_group.py for tasks to queue
[2025-03-13T17:58:41.324+0000] {logging_mixin.py:190} INFO - [2025-03-13T17:58:41.323+0000] {dagbag.py:588} INFO - Filling up the DagBag from /root/venv/lib/python3.12/site-packages/airflow/example_dags/example_task_group.py
[2025-03-13T17:58:41.335+0000] {processor.py:925} INFO - DAG(s) 'example_task_group' retrieved from /root/venv/lib/python3.12/site-packages/airflow/example_dags/example_task_group.py
[2025-03-13T17:58:41.357+0000] {logging_mixin.py:190} INFO - [2025-03-13T17:58:41.356+0000] {dag.py:3239} INFO - Sync 1 DAGs
[2025-03-13T17:58:41.371+0000] {logging_mixin.py:190} INFO - [2025-03-13T17:58:41.370+0000] {dag.py:4180} INFO - Setting next_dagrun for example_task_group to None, run_after=None
[2025-03-13T17:58:41.391+0000] {processor.py:208} INFO - Processing /root/venv/lib/python3.12/site-packages/airflow/example_dags/example_task_group.py took 0.081 seconds
[2025-03-13T17:59:39.708+0000] {processor.py:186} INFO - Started process (PID=1660752) to work on /root/venv/lib/python3.12/site-packages/airflow/example_dags/example_task_group.py
[2025-03-13T17:59:39.710+0000] {processor.py:914} INFO - Processing file /root/venv/lib/python3.12/site-packages/airflow/example_dags/example_task_group.py for tasks to queue
[2025-03-13T17:59:39.713+0000] {logging_mixin.py:190} INFO - [2025-03-13T17:59:39.713+0000] {dagbag.py:588} INFO - Filling up the DagBag from /root/venv/lib/python3.12/site-packages/airflow/example_dags/example_task_group.py
[2025-03-13T17:59:39.728+0000] {processor.py:925} INFO - DAG(s) 'example_task_group' retrieved from /root/venv/lib/python3.12/site-packages/airflow/example_dags/example_task_group.py
[2025-03-13T17:59:39.753+0000] {logging_mixin.py:190} INFO - [2025-03-13T17:59:39.752+0000] {dag.py:3239} INFO - Sync 1 DAGs
[2025-03-13T17:59:39.770+0000] {logging_mixin.py:190} INFO - [2025-03-13T17:59:39.770+0000] {dag.py:4180} INFO - Setting next_dagrun for example_task_group to None, run_after=None
[2025-03-13T17:59:39.804+0000] {processor.py:208} INFO - Processing /root/venv/lib/python3.12/site-packages/airflow/example_dags/example_task_group.py took 0.105 seconds
[2025-03-13T18:01:06.452+0000] {processor.py:186} INFO - Started process (PID=1660847) to work on /root/venv/lib/python3.12/site-packages/airflow/example_dags/example_task_group.py
[2025-03-13T18:01:06.454+0000] {processor.py:914} INFO - Processing file /root/venv/lib/python3.12/site-packages/airflow/example_dags/example_task_group.py for tasks to queue
[2025-03-13T18:01:06.458+0000] {logging_mixin.py:190} INFO - [2025-03-13T18:01:06.457+0000] {dagbag.py:588} INFO - Filling up the DagBag from /root/venv/lib/python3.12/site-packages/airflow/example_dags/example_task_group.py
[2025-03-13T18:01:06.475+0000] {processor.py:925} INFO - DAG(s) 'example_task_group' retrieved from /root/venv/lib/python3.12/site-packages/airflow/example_dags/example_task_group.py
[2025-03-13T18:01:06.506+0000] {logging_mixin.py:190} INFO - [2025-03-13T18:01:06.506+0000] {dag.py:3239} INFO - Sync 1 DAGs
[2025-03-13T18:01:06.528+0000] {logging_mixin.py:190} INFO - [2025-03-13T18:01:06.527+0000] {dag.py:4180} INFO - Setting next_dagrun for example_task_group to None, run_after=None
[2025-03-13T18:01:06.565+0000] {processor.py:208} INFO - Processing /root/venv/lib/python3.12/site-packages/airflow/example_dags/example_task_group.py took 0.122 seconds
[2025-03-13T18:02:15.305+0000] {processor.py:186} INFO - Started process (PID=1660929) to work on /root/venv/lib/python3.12/site-packages/airflow/example_dags/example_task_group.py
[2025-03-13T18:02:15.307+0000] {processor.py:914} INFO - Processing file /root/venv/lib/python3.12/site-packages/airflow/example_dags/example_task_group.py for tasks to queue
[2025-03-13T18:02:15.312+0000] {logging_mixin.py:190} INFO - [2025-03-13T18:02:15.311+0000] {dagbag.py:588} INFO - Filling up the DagBag from /root/venv/lib/python3.12/site-packages/airflow/example_dags/example_task_group.py
[2025-03-13T18:02:15.328+0000] {processor.py:925} INFO - DAG(s) 'example_task_group' retrieved from /root/venv/lib/python3.12/site-packages/airflow/example_dags/example_task_group.py
[2025-03-13T18:02:15.354+0000] {logging_mixin.py:190} INFO - [2025-03-13T18:02:15.354+0000] {dag.py:3239} INFO - Sync 1 DAGs
[2025-03-13T18:02:15.371+0000] {logging_mixin.py:190} INFO - [2025-03-13T18:02:15.371+0000] {dag.py:4180} INFO - Setting next_dagrun for example_task_group to None, run_after=None
[2025-03-13T18:02:15.404+0000] {processor.py:208} INFO - Processing /root/venv/lib/python3.12/site-packages/airflow/example_dags/example_task_group.py took 0.108 seconds
[2025-03-13T18:03:16.842+0000] {processor.py:186} INFO - Started process (PID=1660995) to work on /root/venv/lib/python3.12/site-packages/airflow/example_dags/example_task_group.py
[2025-03-13T18:03:16.844+0000] {processor.py:914} INFO - Processing file /root/venv/lib/python3.12/site-packages/airflow/example_dags/example_task_group.py for tasks to queue
[2025-03-13T18:03:16.847+0000] {logging_mixin.py:190} INFO - [2025-03-13T18:03:16.846+0000] {dagbag.py:588} INFO - Filling up the DagBag from /root/venv/lib/python3.12/site-packages/airflow/example_dags/example_task_group.py
[2025-03-13T18:03:16.858+0000] {processor.py:925} INFO - DAG(s) 'example_task_group' retrieved from /root/venv/lib/python3.12/site-packages/airflow/example_dags/example_task_group.py
[2025-03-13T18:03:16.879+0000] {logging_mixin.py:190} INFO - [2025-03-13T18:03:16.879+0000] {dag.py:3239} INFO - Sync 1 DAGs
[2025-03-13T18:03:16.893+0000] {logging_mixin.py:190} INFO - [2025-03-13T18:03:16.893+0000] {dag.py:4180} INFO - Setting next_dagrun for example_task_group to None, run_after=None
[2025-03-13T18:03:16.915+0000] {processor.py:208} INFO - Processing /root/venv/lib/python3.12/site-packages/airflow/example_dags/example_task_group.py took 0.079 seconds
[2025-03-13T18:04:28.973+0000] {processor.py:186} INFO - Started process (PID=1661061) to work on /root/venv/lib/python3.12/site-packages/airflow/example_dags/example_task_group.py
[2025-03-13T18:04:28.975+0000] {processor.py:914} INFO - Processing file /root/venv/lib/python3.12/site-packages/airflow/example_dags/example_task_group.py for tasks to queue
[2025-03-13T18:04:28.977+0000] {logging_mixin.py:190} INFO - [2025-03-13T18:04:28.977+0000] {dagbag.py:588} INFO - Filling up the DagBag from /root/venv/lib/python3.12/site-packages/airflow/example_dags/example_task_group.py
[2025-03-13T18:04:28.989+0000] {processor.py:925} INFO - DAG(s) 'example_task_group' retrieved from /root/venv/lib/python3.12/site-packages/airflow/example_dags/example_task_group.py
[2025-03-13T18:04:29.156+0000] {logging_mixin.py:190} INFO - [2025-03-13T18:04:29.156+0000] {dag.py:3239} INFO - Sync 1 DAGs
[2025-03-13T18:04:29.168+0000] {logging_mixin.py:190} INFO - [2025-03-13T18:04:29.167+0000] {dag.py:4180} INFO - Setting next_dagrun for example_task_group to None, run_after=None
[2025-03-13T18:04:29.188+0000] {processor.py:208} INFO - Processing /root/venv/lib/python3.12/site-packages/airflow/example_dags/example_task_group.py took 0.222 seconds
[2025-03-13T18:05:42.675+0000] {processor.py:186} INFO - Started process (PID=1661136) to work on /root/venv/lib/python3.12/site-packages/airflow/example_dags/example_task_group.py
[2025-03-13T18:05:42.677+0000] {processor.py:914} INFO - Processing file /root/venv/lib/python3.12/site-packages/airflow/example_dags/example_task_group.py for tasks to queue
[2025-03-13T18:05:42.680+0000] {logging_mixin.py:190} INFO - [2025-03-13T18:05:42.679+0000] {dagbag.py:588} INFO - Filling up the DagBag from /root/venv/lib/python3.12/site-packages/airflow/example_dags/example_task_group.py
[2025-03-13T18:05:42.691+0000] {processor.py:925} INFO - DAG(s) 'example_task_group' retrieved from /root/venv/lib/python3.12/site-packages/airflow/example_dags/example_task_group.py
[2025-03-13T18:05:42.714+0000] {logging_mixin.py:190} INFO - [2025-03-13T18:05:42.713+0000] {dag.py:3239} INFO - Sync 1 DAGs
[2025-03-13T18:05:42.728+0000] {logging_mixin.py:190} INFO - [2025-03-13T18:05:42.727+0000] {dag.py:4180} INFO - Setting next_dagrun for example_task_group to None, run_after=None
[2025-03-13T18:05:42.753+0000] {processor.py:208} INFO - Processing /root/venv/lib/python3.12/site-packages/airflow/example_dags/example_task_group.py took 0.085 seconds
[2025-03-13T18:06:50.406+0000] {processor.py:186} INFO - Started process (PID=1661206) to work on /root/venv/lib/python3.12/site-packages/airflow/example_dags/example_task_group.py
[2025-03-13T18:06:50.407+0000] {processor.py:914} INFO - Processing file /root/venv/lib/python3.12/site-packages/airflow/example_dags/example_task_group.py for tasks to queue
[2025-03-13T18:06:50.409+0000] {logging_mixin.py:190} INFO - [2025-03-13T18:06:50.409+0000] {dagbag.py:588} INFO - Filling up the DagBag from /root/venv/lib/python3.12/site-packages/airflow/example_dags/example_task_group.py
[2025-03-13T18:06:50.421+0000] {processor.py:925} INFO - DAG(s) 'example_task_group' retrieved from /root/venv/lib/python3.12/site-packages/airflow/example_dags/example_task_group.py
[2025-03-13T18:06:50.441+0000] {logging_mixin.py:190} INFO - [2025-03-13T18:06:50.441+0000] {dag.py:3239} INFO - Sync 1 DAGs
[2025-03-13T18:06:50.456+0000] {logging_mixin.py:190} INFO - [2025-03-13T18:06:50.456+0000] {dag.py:4180} INFO - Setting next_dagrun for example_task_group to None, run_after=None
[2025-03-13T18:06:50.492+0000] {processor.py:208} INFO - Processing /root/venv/lib/python3.12/site-packages/airflow/example_dags/example_task_group.py took 0.094 seconds
[2025-03-13T18:07:59.636+0000] {processor.py:186} INFO - Started process (PID=1661290) to work on /root/venv/lib/python3.12/site-packages/airflow/example_dags/example_task_group.py
[2025-03-13T18:07:59.638+0000] {processor.py:914} INFO - Processing file /root/venv/lib/python3.12/site-packages/airflow/example_dags/example_task_group.py for tasks to queue
[2025-03-13T18:07:59.642+0000] {logging_mixin.py:190} INFO - [2025-03-13T18:07:59.641+0000] {dagbag.py:588} INFO - Filling up the DagBag from /root/venv/lib/python3.12/site-packages/airflow/example_dags/example_task_group.py
[2025-03-13T18:07:59.654+0000] {processor.py:925} INFO - DAG(s) 'example_task_group' retrieved from /root/venv/lib/python3.12/site-packages/airflow/example_dags/example_task_group.py
[2025-03-13T18:07:59.677+0000] {logging_mixin.py:190} INFO - [2025-03-13T18:07:59.677+0000] {dag.py:3239} INFO - Sync 1 DAGs
[2025-03-13T18:07:59.693+0000] {logging_mixin.py:190} INFO - [2025-03-13T18:07:59.692+0000] {dag.py:4180} INFO - Setting next_dagrun for example_task_group to None, run_after=None
[2025-03-13T18:07:59.719+0000] {processor.py:208} INFO - Processing /root/venv/lib/python3.12/site-packages/airflow/example_dags/example_task_group.py took 0.093 seconds
[2025-03-13T18:09:05.564+0000] {processor.py:186} INFO - Started process (PID=1661358) to work on /root/venv/lib/python3.12/site-packages/airflow/example_dags/example_task_group.py
[2025-03-13T18:09:05.566+0000] {processor.py:914} INFO - Processing file /root/venv/lib/python3.12/site-packages/airflow/example_dags/example_task_group.py for tasks to queue
[2025-03-13T18:09:05.570+0000] {logging_mixin.py:190} INFO - [2025-03-13T18:09:05.570+0000] {dagbag.py:588} INFO - Filling up the DagBag from /root/venv/lib/python3.12/site-packages/airflow/example_dags/example_task_group.py
[2025-03-13T18:09:05.583+0000] {processor.py:925} INFO - DAG(s) 'example_task_group' retrieved from /root/venv/lib/python3.12/site-packages/airflow/example_dags/example_task_group.py
[2025-03-13T18:09:05.609+0000] {logging_mixin.py:190} INFO - [2025-03-13T18:09:05.608+0000] {dag.py:3239} INFO - Sync 1 DAGs
[2025-03-13T18:09:05.627+0000] {logging_mixin.py:190} INFO - [2025-03-13T18:09:05.626+0000] {dag.py:4180} INFO - Setting next_dagrun for example_task_group to None, run_after=None
[2025-03-13T18:09:05.651+0000] {processor.py:208} INFO - Processing /root/venv/lib/python3.12/site-packages/airflow/example_dags/example_task_group.py took 0.098 seconds
[2025-03-13T18:10:04.292+0000] {processor.py:186} INFO - Started process (PID=1661427) to work on /root/venv/lib/python3.12/site-packages/airflow/example_dags/example_task_group.py
[2025-03-13T18:10:04.294+0000] {processor.py:914} INFO - Processing file /root/venv/lib/python3.12/site-packages/airflow/example_dags/example_task_group.py for tasks to queue
[2025-03-13T18:10:04.299+0000] {logging_mixin.py:190} INFO - [2025-03-13T18:10:04.298+0000] {dagbag.py:588} INFO - Filling up the DagBag from /root/venv/lib/python3.12/site-packages/airflow/example_dags/example_task_group.py
[2025-03-13T18:10:04.313+0000] {processor.py:925} INFO - DAG(s) 'example_task_group' retrieved from /root/venv/lib/python3.12/site-packages/airflow/example_dags/example_task_group.py
[2025-03-13T18:10:04.337+0000] {logging_mixin.py:190} INFO - [2025-03-13T18:10:04.337+0000] {dag.py:3239} INFO - Sync 1 DAGs
[2025-03-13T18:10:04.353+0000] {logging_mixin.py:190} INFO - [2025-03-13T18:10:04.352+0000] {dag.py:4180} INFO - Setting next_dagrun for example_task_group to None, run_after=None
[2025-03-13T18:10:04.383+0000] {processor.py:208} INFO - Processing /root/venv/lib/python3.12/site-packages/airflow/example_dags/example_task_group.py took 0.100 seconds
[2025-03-13T18:11:12.955+0000] {processor.py:186} INFO - Started process (PID=1661494) to work on /root/venv/lib/python3.12/site-packages/airflow/example_dags/example_task_group.py
[2025-03-13T18:11:12.956+0000] {processor.py:914} INFO - Processing file /root/venv/lib/python3.12/site-packages/airflow/example_dags/example_task_group.py for tasks to queue
[2025-03-13T18:11:12.960+0000] {logging_mixin.py:190} INFO - [2025-03-13T18:11:12.959+0000] {dagbag.py:588} INFO - Filling up the DagBag from /root/venv/lib/python3.12/site-packages/airflow/example_dags/example_task_group.py
[2025-03-13T18:11:12.971+0000] {processor.py:925} INFO - DAG(s) 'example_task_group' retrieved from /root/venv/lib/python3.12/site-packages/airflow/example_dags/example_task_group.py
[2025-03-13T18:11:12.992+0000] {logging_mixin.py:190} INFO - [2025-03-13T18:11:12.991+0000] {dag.py:3239} INFO - Sync 1 DAGs
[2025-03-13T18:11:13.007+0000] {logging_mixin.py:190} INFO - [2025-03-13T18:11:13.006+0000] {dag.py:4180} INFO - Setting next_dagrun for example_task_group to None, run_after=None
[2025-03-13T18:11:13.035+0000] {processor.py:208} INFO - Processing /root/venv/lib/python3.12/site-packages/airflow/example_dags/example_task_group.py took 0.087 seconds
[2025-03-13T18:12:19.438+0000] {processor.py:186} INFO - Started process (PID=1661560) to work on /root/venv/lib/python3.12/site-packages/airflow/example_dags/example_task_group.py
[2025-03-13T18:12:19.440+0000] {processor.py:914} INFO - Processing file /root/venv/lib/python3.12/site-packages/airflow/example_dags/example_task_group.py for tasks to queue
[2025-03-13T18:12:19.442+0000] {logging_mixin.py:190} INFO - [2025-03-13T18:12:19.441+0000] {dagbag.py:588} INFO - Filling up the DagBag from /root/venv/lib/python3.12/site-packages/airflow/example_dags/example_task_group.py
[2025-03-13T18:12:19.458+0000] {processor.py:925} INFO - DAG(s) 'example_task_group' retrieved from /root/venv/lib/python3.12/site-packages/airflow/example_dags/example_task_group.py
[2025-03-13T18:12:19.486+0000] {logging_mixin.py:190} INFO - [2025-03-13T18:12:19.486+0000] {dag.py:3239} INFO - Sync 1 DAGs
[2025-03-13T18:12:19.505+0000] {logging_mixin.py:190} INFO - [2025-03-13T18:12:19.505+0000] {dag.py:4180} INFO - Setting next_dagrun for example_task_group to None, run_after=None
[2025-03-13T18:12:19.533+0000] {processor.py:208} INFO - Processing /root/venv/lib/python3.12/site-packages/airflow/example_dags/example_task_group.py took 0.103 seconds
[2025-03-13T18:13:27.104+0000] {processor.py:186} INFO - Started process (PID=1661641) to work on /root/venv/lib/python3.12/site-packages/airflow/example_dags/example_task_group.py
[2025-03-13T18:13:27.105+0000] {processor.py:914} INFO - Processing file /root/venv/lib/python3.12/site-packages/airflow/example_dags/example_task_group.py for tasks to queue
[2025-03-13T18:13:27.107+0000] {logging_mixin.py:190} INFO - [2025-03-13T18:13:27.107+0000] {dagbag.py:588} INFO - Filling up the DagBag from /root/venv/lib/python3.12/site-packages/airflow/example_dags/example_task_group.py
[2025-03-13T18:13:27.122+0000] {processor.py:925} INFO - DAG(s) 'example_task_group' retrieved from /root/venv/lib/python3.12/site-packages/airflow/example_dags/example_task_group.py
[2025-03-13T18:13:27.146+0000] {logging_mixin.py:190} INFO - [2025-03-13T18:13:27.145+0000] {dag.py:3239} INFO - Sync 1 DAGs
[2025-03-13T18:13:27.165+0000] {logging_mixin.py:190} INFO - [2025-03-13T18:13:27.164+0000] {dag.py:4180} INFO - Setting next_dagrun for example_task_group to None, run_after=None
[2025-03-13T18:13:27.205+0000] {processor.py:208} INFO - Processing /root/venv/lib/python3.12/site-packages/airflow/example_dags/example_task_group.py took 0.110 seconds
[2025-03-13T18:14:31.610+0000] {processor.py:186} INFO - Started process (PID=1661711) to work on /root/venv/lib/python3.12/site-packages/airflow/example_dags/example_task_group.py
[2025-03-13T18:14:31.612+0000] {processor.py:914} INFO - Processing file /root/venv/lib/python3.12/site-packages/airflow/example_dags/example_task_group.py for tasks to queue
[2025-03-13T18:14:31.613+0000] {logging_mixin.py:190} INFO - [2025-03-13T18:14:31.613+0000] {dagbag.py:588} INFO - Filling up the DagBag from /root/venv/lib/python3.12/site-packages/airflow/example_dags/example_task_group.py
[2025-03-13T18:14:31.626+0000] {processor.py:925} INFO - DAG(s) 'example_task_group' retrieved from /root/venv/lib/python3.12/site-packages/airflow/example_dags/example_task_group.py
[2025-03-13T18:14:31.652+0000] {logging_mixin.py:190} INFO - [2025-03-13T18:14:31.652+0000] {dag.py:3239} INFO - Sync 1 DAGs
[2025-03-13T18:14:31.669+0000] {logging_mixin.py:190} INFO - [2025-03-13T18:14:31.669+0000] {dag.py:4180} INFO - Setting next_dagrun for example_task_group to None, run_after=None
[2025-03-13T18:14:31.698+0000] {processor.py:208} INFO - Processing /root/venv/lib/python3.12/site-packages/airflow/example_dags/example_task_group.py took 0.095 seconds
[2025-03-13T18:15:41.908+0000] {processor.py:186} INFO - Started process (PID=1661788) to work on /root/venv/lib/python3.12/site-packages/airflow/example_dags/example_task_group.py
[2025-03-13T18:15:41.909+0000] {processor.py:914} INFO - Processing file /root/venv/lib/python3.12/site-packages/airflow/example_dags/example_task_group.py for tasks to queue
[2025-03-13T18:15:41.911+0000] {logging_mixin.py:190} INFO - [2025-03-13T18:15:41.911+0000] {dagbag.py:588} INFO - Filling up the DagBag from /root/venv/lib/python3.12/site-packages/airflow/example_dags/example_task_group.py
[2025-03-13T18:15:41.926+0000] {processor.py:925} INFO - DAG(s) 'example_task_group' retrieved from /root/venv/lib/python3.12/site-packages/airflow/example_dags/example_task_group.py
[2025-03-13T18:15:41.949+0000] {logging_mixin.py:190} INFO - [2025-03-13T18:15:41.948+0000] {dag.py:3239} INFO - Sync 1 DAGs
[2025-03-13T18:15:41.965+0000] {logging_mixin.py:190} INFO - [2025-03-13T18:15:41.965+0000] {dag.py:4180} INFO - Setting next_dagrun for example_task_group to None, run_after=None
[2025-03-13T18:15:41.991+0000] {processor.py:208} INFO - Processing /root/venv/lib/python3.12/site-packages/airflow/example_dags/example_task_group.py took 0.093 seconds
[2025-03-13T19:39:20.050+0000] {processor.py:186} INFO - Started process (PID=1662382) to work on /root/venv/lib/python3.12/site-packages/airflow/example_dags/example_task_group.py
[2025-03-13T19:39:20.051+0000] {processor.py:914} INFO - Processing file /root/venv/lib/python3.12/site-packages/airflow/example_dags/example_task_group.py for tasks to queue
[2025-03-13T19:39:20.054+0000] {logging_mixin.py:190} INFO - [2025-03-13T19:39:20.053+0000] {dagbag.py:588} INFO - Filling up the DagBag from /root/venv/lib/python3.12/site-packages/airflow/example_dags/example_task_group.py
[2025-03-13T19:39:20.064+0000] {processor.py:925} INFO - DAG(s) 'example_task_group' retrieved from /root/venv/lib/python3.12/site-packages/airflow/example_dags/example_task_group.py
[2025-03-13T19:39:20.086+0000] {logging_mixin.py:190} INFO - [2025-03-13T19:39:20.086+0000] {dag.py:3239} INFO - Sync 1 DAGs
[2025-03-13T19:39:20.099+0000] {logging_mixin.py:190} INFO - [2025-03-13T19:39:20.099+0000] {dag.py:4180} INFO - Setting next_dagrun for example_task_group to None, run_after=None
[2025-03-13T19:39:20.133+0000] {processor.py:208} INFO - Processing /root/venv/lib/python3.12/site-packages/airflow/example_dags/example_task_group.py took 0.089 seconds
