[2025-03-13T17:31:20.144+0000] {processor.py:186} INFO - Started process (PID=1658870) to work on /root/venv/lib/python3.12/site-packages/airflow/example_dags/example_outlet_event_extra.py
[2025-03-13T17:31:20.146+0000] {processor.py:914} INFO - Processing file /root/venv/lib/python3.12/site-packages/airflow/example_dags/example_outlet_event_extra.py for tasks to queue
[2025-03-13T17:31:20.148+0000] {logging_mixin.py:190} INFO - [2025-03-13T17:31:20.148+0000] {dagbag.py:588} INFO - Filling up the DagBag from /root/venv/lib/python3.12/site-packages/airflow/example_dags/example_outlet_event_extra.py
[2025-03-13T17:31:20.166+0000] {processor.py:925} INFO - DAG(s) 'dataset_with_extra_by_context', 'dataset_with_extra_from_classic_operator', 'dataset_with_extra_by_yield' retrieved from /root/venv/lib/python3.12/site-packages/airflow/example_dags/example_outlet_event_extra.py
[2025-03-13T17:31:20.298+0000] {logging_mixin.py:190} INFO - [2025-03-13T17:31:20.298+0000] {dag.py:3239} INFO - Sync 3 DAGs
[2025-03-13T17:31:20.318+0000] {logging_mixin.py:190} INFO - [2025-03-13T17:31:20.318+0000] {dag.py:4180} INFO - Setting next_dagrun for dataset_with_extra_by_context to 2025-03-12 00:00:00+00:00, run_after=2025-03-13 00:00:00+00:00
[2025-03-13T17:31:20.322+0000] {logging_mixin.py:190} INFO - [2025-03-13T17:31:20.322+0000] {dag.py:4180} INFO - Setting next_dagrun for dataset_with_extra_by_yield to 2025-03-12 00:00:00+00:00, run_after=2025-03-13 00:00:00+00:00
[2025-03-13T17:31:20.324+0000] {logging_mixin.py:190} INFO - [2025-03-13T17:31:20.324+0000] {dag.py:4180} INFO - Setting next_dagrun for dataset_with_extra_from_classic_operator to 2025-03-12 00:00:00+00:00, run_after=2025-03-13 00:00:00+00:00
[2025-03-13T17:31:20.354+0000] {processor.py:208} INFO - Processing /root/venv/lib/python3.12/site-packages/airflow/example_dags/example_outlet_event_extra.py took 0.216 seconds
[2025-03-13T17:32:23.267+0000] {processor.py:186} INFO - Started process (PID=1658934) to work on /root/venv/lib/python3.12/site-packages/airflow/example_dags/example_outlet_event_extra.py
[2025-03-13T17:32:23.270+0000] {processor.py:914} INFO - Processing file /root/venv/lib/python3.12/site-packages/airflow/example_dags/example_outlet_event_extra.py for tasks to queue
[2025-03-13T17:32:23.273+0000] {logging_mixin.py:190} INFO - [2025-03-13T17:32:23.272+0000] {dagbag.py:588} INFO - Filling up the DagBag from /root/venv/lib/python3.12/site-packages/airflow/example_dags/example_outlet_event_extra.py
[2025-03-13T17:32:23.290+0000] {processor.py:925} INFO - DAG(s) 'dataset_with_extra_by_context', 'dataset_with_extra_by_yield', 'dataset_with_extra_from_classic_operator' retrieved from /root/venv/lib/python3.12/site-packages/airflow/example_dags/example_outlet_event_extra.py
[2025-03-13T17:32:23.314+0000] {logging_mixin.py:190} INFO - [2025-03-13T17:32:23.314+0000] {dag.py:3239} INFO - Sync 3 DAGs
[2025-03-13T17:32:23.340+0000] {logging_mixin.py:190} INFO - [2025-03-13T17:32:23.340+0000] {dag.py:4180} INFO - Setting next_dagrun for dataset_with_extra_by_context to 2025-03-12 00:00:00+00:00, run_after=2025-03-13 00:00:00+00:00
[2025-03-13T17:32:23.344+0000] {logging_mixin.py:190} INFO - [2025-03-13T17:32:23.344+0000] {dag.py:4180} INFO - Setting next_dagrun for dataset_with_extra_by_yield to 2025-03-12 00:00:00+00:00, run_after=2025-03-13 00:00:00+00:00
[2025-03-13T17:32:23.346+0000] {logging_mixin.py:190} INFO - [2025-03-13T17:32:23.346+0000] {dag.py:4180} INFO - Setting next_dagrun for dataset_with_extra_from_classic_operator to 2025-03-12 00:00:00+00:00, run_after=2025-03-13 00:00:00+00:00
[2025-03-13T17:32:23.368+0000] {processor.py:208} INFO - Processing /root/venv/lib/python3.12/site-packages/airflow/example_dags/example_outlet_event_extra.py took 0.108 seconds
[2025-03-13T17:33:23.257+0000] {processor.py:186} INFO - Started process (PID=1659063) to work on /root/venv/lib/python3.12/site-packages/airflow/example_dags/example_outlet_event_extra.py
[2025-03-13T17:33:23.259+0000] {processor.py:914} INFO - Processing file /root/venv/lib/python3.12/site-packages/airflow/example_dags/example_outlet_event_extra.py for tasks to queue
[2025-03-13T17:33:23.263+0000] {logging_mixin.py:190} INFO - [2025-03-13T17:33:23.263+0000] {dagbag.py:588} INFO - Filling up the DagBag from /root/venv/lib/python3.12/site-packages/airflow/example_dags/example_outlet_event_extra.py
[2025-03-13T17:33:23.289+0000] {processor.py:925} INFO - DAG(s) 'dataset_with_extra_by_yield', 'dataset_with_extra_by_context', 'dataset_with_extra_from_classic_operator' retrieved from /root/venv/lib/python3.12/site-packages/airflow/example_dags/example_outlet_event_extra.py
[2025-03-13T17:33:23.322+0000] {logging_mixin.py:190} INFO - [2025-03-13T17:33:23.322+0000] {dag.py:3239} INFO - Sync 3 DAGs
[2025-03-13T17:33:23.352+0000] {logging_mixin.py:190} INFO - [2025-03-13T17:33:23.351+0000] {dag.py:4180} INFO - Setting next_dagrun for dataset_with_extra_by_context to 2025-03-12 00:00:00+00:00, run_after=2025-03-13 00:00:00+00:00
[2025-03-13T17:33:23.357+0000] {logging_mixin.py:190} INFO - [2025-03-13T17:33:23.357+0000] {dag.py:4180} INFO - Setting next_dagrun for dataset_with_extra_by_yield to 2025-03-12 00:00:00+00:00, run_after=2025-03-13 00:00:00+00:00
[2025-03-13T17:33:23.360+0000] {logging_mixin.py:190} INFO - [2025-03-13T17:33:23.360+0000] {dag.py:4180} INFO - Setting next_dagrun for dataset_with_extra_from_classic_operator to 2025-03-12 00:00:00+00:00, run_after=2025-03-13 00:00:00+00:00
[2025-03-13T17:33:23.388+0000] {processor.py:208} INFO - Processing /root/venv/lib/python3.12/site-packages/airflow/example_dags/example_outlet_event_extra.py took 0.142 seconds
[2025-03-13T17:34:24.642+0000] {processor.py:186} INFO - Started process (PID=1659124) to work on /root/venv/lib/python3.12/site-packages/airflow/example_dags/example_outlet_event_extra.py
[2025-03-13T17:34:24.643+0000] {processor.py:914} INFO - Processing file /root/venv/lib/python3.12/site-packages/airflow/example_dags/example_outlet_event_extra.py for tasks to queue
[2025-03-13T17:34:24.647+0000] {logging_mixin.py:190} INFO - [2025-03-13T17:34:24.646+0000] {dagbag.py:588} INFO - Filling up the DagBag from /root/venv/lib/python3.12/site-packages/airflow/example_dags/example_outlet_event_extra.py
[2025-03-13T17:34:24.672+0000] {processor.py:925} INFO - DAG(s) 'dataset_with_extra_from_classic_operator', 'dataset_with_extra_by_yield', 'dataset_with_extra_by_context' retrieved from /root/venv/lib/python3.12/site-packages/airflow/example_dags/example_outlet_event_extra.py
[2025-03-13T17:34:24.700+0000] {logging_mixin.py:190} INFO - [2025-03-13T17:34:24.699+0000] {dag.py:3239} INFO - Sync 3 DAGs
[2025-03-13T17:34:24.725+0000] {logging_mixin.py:190} INFO - [2025-03-13T17:34:24.724+0000] {dag.py:4180} INFO - Setting next_dagrun for dataset_with_extra_by_context to 2025-03-12 00:00:00+00:00, run_after=2025-03-13 00:00:00+00:00
[2025-03-13T17:34:24.729+0000] {logging_mixin.py:190} INFO - [2025-03-13T17:34:24.729+0000] {dag.py:4180} INFO - Setting next_dagrun for dataset_with_extra_by_yield to 2025-03-12 00:00:00+00:00, run_after=2025-03-13 00:00:00+00:00
[2025-03-13T17:34:24.732+0000] {logging_mixin.py:190} INFO - [2025-03-13T17:34:24.732+0000] {dag.py:4180} INFO - Setting next_dagrun for dataset_with_extra_from_classic_operator to 2025-03-12 00:00:00+00:00, run_after=2025-03-13 00:00:00+00:00
[2025-03-13T17:34:24.766+0000] {processor.py:208} INFO - Processing /root/venv/lib/python3.12/site-packages/airflow/example_dags/example_outlet_event_extra.py took 0.134 seconds
[2025-03-13T17:35:11.308+0000] {processor.py:186} INFO - Started process (PID=1659183) to work on /root/venv/lib/python3.12/site-packages/airflow/example_dags/example_outlet_event_extra.py
[2025-03-13T17:35:11.310+0000] {processor.py:914} INFO - Processing file /root/venv/lib/python3.12/site-packages/airflow/example_dags/example_outlet_event_extra.py for tasks to queue
[2025-03-13T17:35:11.312+0000] {logging_mixin.py:190} INFO - [2025-03-13T17:35:11.312+0000] {dagbag.py:588} INFO - Filling up the DagBag from /root/venv/lib/python3.12/site-packages/airflow/example_dags/example_outlet_event_extra.py
[2025-03-13T17:35:11.328+0000] {processor.py:925} INFO - DAG(s) 'dataset_with_extra_by_context', 'dataset_with_extra_by_yield', 'dataset_with_extra_from_classic_operator' retrieved from /root/venv/lib/python3.12/site-packages/airflow/example_dags/example_outlet_event_extra.py
[2025-03-13T17:35:11.354+0000] {logging_mixin.py:190} INFO - [2025-03-13T17:35:11.354+0000] {dag.py:3239} INFO - Sync 3 DAGs
[2025-03-13T17:35:11.376+0000] {logging_mixin.py:190} INFO - [2025-03-13T17:35:11.376+0000] {dag.py:4180} INFO - Setting next_dagrun for dataset_with_extra_by_context to 2025-03-12 00:00:00+00:00, run_after=2025-03-13 00:00:00+00:00
[2025-03-13T17:35:11.381+0000] {logging_mixin.py:190} INFO - [2025-03-13T17:35:11.381+0000] {dag.py:4180} INFO - Setting next_dagrun for dataset_with_extra_by_yield to 2025-03-12 00:00:00+00:00, run_after=2025-03-13 00:00:00+00:00
[2025-03-13T17:35:11.383+0000] {logging_mixin.py:190} INFO - [2025-03-13T17:35:11.383+0000] {dag.py:4180} INFO - Setting next_dagrun for dataset_with_extra_from_classic_operator to 2025-03-12 00:00:00+00:00, run_after=2025-03-13 00:00:00+00:00
[2025-03-13T17:35:11.405+0000] {processor.py:208} INFO - Processing /root/venv/lib/python3.12/site-packages/airflow/example_dags/example_outlet_event_extra.py took 0.103 seconds
[2025-03-13T17:36:08.591+0000] {processor.py:186} INFO - Started process (PID=1659244) to work on /root/venv/lib/python3.12/site-packages/airflow/example_dags/example_outlet_event_extra.py
[2025-03-13T17:36:08.592+0000] {processor.py:914} INFO - Processing file /root/venv/lib/python3.12/site-packages/airflow/example_dags/example_outlet_event_extra.py for tasks to queue
[2025-03-13T17:36:08.594+0000] {logging_mixin.py:190} INFO - [2025-03-13T17:36:08.594+0000] {dagbag.py:588} INFO - Filling up the DagBag from /root/venv/lib/python3.12/site-packages/airflow/example_dags/example_outlet_event_extra.py
[2025-03-13T17:36:08.611+0000] {processor.py:925} INFO - DAG(s) 'dataset_with_extra_by_context', 'dataset_with_extra_by_yield', 'dataset_with_extra_from_classic_operator' retrieved from /root/venv/lib/python3.12/site-packages/airflow/example_dags/example_outlet_event_extra.py
[2025-03-13T17:36:08.633+0000] {logging_mixin.py:190} INFO - [2025-03-13T17:36:08.633+0000] {dag.py:3239} INFO - Sync 3 DAGs
[2025-03-13T17:36:08.662+0000] {logging_mixin.py:190} INFO - [2025-03-13T17:36:08.662+0000] {dag.py:4180} INFO - Setting next_dagrun for dataset_with_extra_by_context to 2025-03-12 00:00:00+00:00, run_after=2025-03-13 00:00:00+00:00
[2025-03-13T17:36:08.667+0000] {logging_mixin.py:190} INFO - [2025-03-13T17:36:08.667+0000] {dag.py:4180} INFO - Setting next_dagrun for dataset_with_extra_by_yield to 2025-03-12 00:00:00+00:00, run_after=2025-03-13 00:00:00+00:00
[2025-03-13T17:36:08.669+0000] {logging_mixin.py:190} INFO - [2025-03-13T17:36:08.669+0000] {dag.py:4180} INFO - Setting next_dagrun for dataset_with_extra_from_classic_operator to 2025-03-12 00:00:00+00:00, run_after=2025-03-13 00:00:00+00:00
[2025-03-13T17:36:08.692+0000] {processor.py:208} INFO - Processing /root/venv/lib/python3.12/site-packages/airflow/example_dags/example_outlet_event_extra.py took 0.108 seconds
[2025-03-13T17:37:11.540+0000] {processor.py:186} INFO - Started process (PID=1659312) to work on /root/venv/lib/python3.12/site-packages/airflow/example_dags/example_outlet_event_extra.py
[2025-03-13T17:37:11.542+0000] {processor.py:914} INFO - Processing file /root/venv/lib/python3.12/site-packages/airflow/example_dags/example_outlet_event_extra.py for tasks to queue
[2025-03-13T17:37:11.544+0000] {logging_mixin.py:190} INFO - [2025-03-13T17:37:11.544+0000] {dagbag.py:588} INFO - Filling up the DagBag from /root/venv/lib/python3.12/site-packages/airflow/example_dags/example_outlet_event_extra.py
[2025-03-13T17:37:11.560+0000] {processor.py:925} INFO - DAG(s) 'dataset_with_extra_by_yield', 'dataset_with_extra_by_context', 'dataset_with_extra_from_classic_operator' retrieved from /root/venv/lib/python3.12/site-packages/airflow/example_dags/example_outlet_event_extra.py
[2025-03-13T17:37:11.586+0000] {logging_mixin.py:190} INFO - [2025-03-13T17:37:11.586+0000] {dag.py:3239} INFO - Sync 3 DAGs
[2025-03-13T17:37:11.614+0000] {logging_mixin.py:190} INFO - [2025-03-13T17:37:11.614+0000] {dag.py:4180} INFO - Setting next_dagrun for dataset_with_extra_by_context to 2025-03-12 00:00:00+00:00, run_after=2025-03-13 00:00:00+00:00
[2025-03-13T17:37:11.620+0000] {logging_mixin.py:190} INFO - [2025-03-13T17:37:11.620+0000] {dag.py:4180} INFO - Setting next_dagrun for dataset_with_extra_by_yield to 2025-03-12 00:00:00+00:00, run_after=2025-03-13 00:00:00+00:00
[2025-03-13T17:37:11.624+0000] {logging_mixin.py:190} INFO - [2025-03-13T17:37:11.624+0000] {dag.py:4180} INFO - Setting next_dagrun for dataset_with_extra_from_classic_operator to 2025-03-12 00:00:00+00:00, run_after=2025-03-13 00:00:00+00:00
[2025-03-13T17:37:11.650+0000] {processor.py:208} INFO - Processing /root/venv/lib/python3.12/site-packages/airflow/example_dags/example_outlet_event_extra.py took 0.116 seconds
[2025-03-13T17:38:13.680+0000] {processor.py:186} INFO - Started process (PID=1659375) to work on /root/venv/lib/python3.12/site-packages/airflow/example_dags/example_outlet_event_extra.py
[2025-03-13T17:38:13.682+0000] {processor.py:914} INFO - Processing file /root/venv/lib/python3.12/site-packages/airflow/example_dags/example_outlet_event_extra.py for tasks to queue
[2025-03-13T17:38:13.684+0000] {logging_mixin.py:190} INFO - [2025-03-13T17:38:13.684+0000] {dagbag.py:588} INFO - Filling up the DagBag from /root/venv/lib/python3.12/site-packages/airflow/example_dags/example_outlet_event_extra.py
[2025-03-13T17:38:13.701+0000] {processor.py:925} INFO - DAG(s) 'dataset_with_extra_from_classic_operator', 'dataset_with_extra_by_context', 'dataset_with_extra_by_yield' retrieved from /root/venv/lib/python3.12/site-packages/airflow/example_dags/example_outlet_event_extra.py
[2025-03-13T17:38:13.726+0000] {logging_mixin.py:190} INFO - [2025-03-13T17:38:13.726+0000] {dag.py:3239} INFO - Sync 3 DAGs
[2025-03-13T17:38:13.749+0000] {logging_mixin.py:190} INFO - [2025-03-13T17:38:13.748+0000] {dag.py:4180} INFO - Setting next_dagrun for dataset_with_extra_by_context to 2025-03-12 00:00:00+00:00, run_after=2025-03-13 00:00:00+00:00
[2025-03-13T17:38:13.753+0000] {logging_mixin.py:190} INFO - [2025-03-13T17:38:13.753+0000] {dag.py:4180} INFO - Setting next_dagrun for dataset_with_extra_by_yield to 2025-03-12 00:00:00+00:00, run_after=2025-03-13 00:00:00+00:00
[2025-03-13T17:38:13.755+0000] {logging_mixin.py:190} INFO - [2025-03-13T17:38:13.755+0000] {dag.py:4180} INFO - Setting next_dagrun for dataset_with_extra_from_classic_operator to 2025-03-12 00:00:00+00:00, run_after=2025-03-13 00:00:00+00:00
[2025-03-13T17:38:13.780+0000] {processor.py:208} INFO - Processing /root/venv/lib/python3.12/site-packages/airflow/example_dags/example_outlet_event_extra.py took 0.107 seconds
[2025-03-13T17:39:16.085+0000] {processor.py:186} INFO - Started process (PID=1659436) to work on /root/venv/lib/python3.12/site-packages/airflow/example_dags/example_outlet_event_extra.py
[2025-03-13T17:39:16.086+0000] {processor.py:914} INFO - Processing file /root/venv/lib/python3.12/site-packages/airflow/example_dags/example_outlet_event_extra.py for tasks to queue
[2025-03-13T17:39:16.089+0000] {logging_mixin.py:190} INFO - [2025-03-13T17:39:16.089+0000] {dagbag.py:588} INFO - Filling up the DagBag from /root/venv/lib/python3.12/site-packages/airflow/example_dags/example_outlet_event_extra.py
[2025-03-13T17:39:16.106+0000] {processor.py:925} INFO - DAG(s) 'dataset_with_extra_by_yield', 'dataset_with_extra_by_context', 'dataset_with_extra_from_classic_operator' retrieved from /root/venv/lib/python3.12/site-packages/airflow/example_dags/example_outlet_event_extra.py
[2025-03-13T17:39:16.130+0000] {logging_mixin.py:190} INFO - [2025-03-13T17:39:16.130+0000] {dag.py:3239} INFO - Sync 3 DAGs
[2025-03-13T17:39:16.154+0000] {logging_mixin.py:190} INFO - [2025-03-13T17:39:16.153+0000] {dag.py:4180} INFO - Setting next_dagrun for dataset_with_extra_by_context to 2025-03-12 00:00:00+00:00, run_after=2025-03-13 00:00:00+00:00
[2025-03-13T17:39:16.159+0000] {logging_mixin.py:190} INFO - [2025-03-13T17:39:16.159+0000] {dag.py:4180} INFO - Setting next_dagrun for dataset_with_extra_by_yield to 2025-03-12 00:00:00+00:00, run_after=2025-03-13 00:00:00+00:00
[2025-03-13T17:39:16.162+0000] {logging_mixin.py:190} INFO - [2025-03-13T17:39:16.161+0000] {dag.py:4180} INFO - Setting next_dagrun for dataset_with_extra_from_classic_operator to 2025-03-12 00:00:00+00:00, run_after=2025-03-13 00:00:00+00:00
[2025-03-13T17:39:16.187+0000] {processor.py:208} INFO - Processing /root/venv/lib/python3.12/site-packages/airflow/example_dags/example_outlet_event_extra.py took 0.111 seconds
[2025-03-13T17:40:15.455+0000] {processor.py:186} INFO - Started process (PID=1659495) to work on /root/venv/lib/python3.12/site-packages/airflow/example_dags/example_outlet_event_extra.py
[2025-03-13T17:40:15.457+0000] {processor.py:914} INFO - Processing file /root/venv/lib/python3.12/site-packages/airflow/example_dags/example_outlet_event_extra.py for tasks to queue
[2025-03-13T17:40:15.459+0000] {logging_mixin.py:190} INFO - [2025-03-13T17:40:15.459+0000] {dagbag.py:588} INFO - Filling up the DagBag from /root/venv/lib/python3.12/site-packages/airflow/example_dags/example_outlet_event_extra.py
[2025-03-13T17:40:15.476+0000] {processor.py:925} INFO - DAG(s) 'dataset_with_extra_by_yield', 'dataset_with_extra_from_classic_operator', 'dataset_with_extra_by_context' retrieved from /root/venv/lib/python3.12/site-packages/airflow/example_dags/example_outlet_event_extra.py
[2025-03-13T17:40:15.500+0000] {logging_mixin.py:190} INFO - [2025-03-13T17:40:15.499+0000] {dag.py:3239} INFO - Sync 3 DAGs
[2025-03-13T17:40:15.522+0000] {logging_mixin.py:190} INFO - [2025-03-13T17:40:15.522+0000] {dag.py:4180} INFO - Setting next_dagrun for dataset_with_extra_by_context to 2025-03-12 00:00:00+00:00, run_after=2025-03-13 00:00:00+00:00
[2025-03-13T17:40:15.526+0000] {logging_mixin.py:190} INFO - [2025-03-13T17:40:15.526+0000] {dag.py:4180} INFO - Setting next_dagrun for dataset_with_extra_by_yield to 2025-03-12 00:00:00+00:00, run_after=2025-03-13 00:00:00+00:00
[2025-03-13T17:40:15.528+0000] {logging_mixin.py:190} INFO - [2025-03-13T17:40:15.528+0000] {dag.py:4180} INFO - Setting next_dagrun for dataset_with_extra_from_classic_operator to 2025-03-12 00:00:00+00:00, run_after=2025-03-13 00:00:00+00:00
[2025-03-13T17:40:15.550+0000] {processor.py:208} INFO - Processing /root/venv/lib/python3.12/site-packages/airflow/example_dags/example_outlet_event_extra.py took 0.101 seconds
[2025-03-13T17:41:14.653+0000] {processor.py:186} INFO - Started process (PID=1659567) to work on /root/venv/lib/python3.12/site-packages/airflow/example_dags/example_outlet_event_extra.py
[2025-03-13T17:41:14.655+0000] {processor.py:914} INFO - Processing file /root/venv/lib/python3.12/site-packages/airflow/example_dags/example_outlet_event_extra.py for tasks to queue
[2025-03-13T17:41:14.658+0000] {logging_mixin.py:190} INFO - [2025-03-13T17:41:14.657+0000] {dagbag.py:588} INFO - Filling up the DagBag from /root/venv/lib/python3.12/site-packages/airflow/example_dags/example_outlet_event_extra.py
[2025-03-13T17:41:14.681+0000] {processor.py:925} INFO - DAG(s) 'dataset_with_extra_by_context', 'dataset_with_extra_by_yield', 'dataset_with_extra_from_classic_operator' retrieved from /root/venv/lib/python3.12/site-packages/airflow/example_dags/example_outlet_event_extra.py
[2025-03-13T17:41:14.714+0000] {logging_mixin.py:190} INFO - [2025-03-13T17:41:14.714+0000] {dag.py:3239} INFO - Sync 3 DAGs
[2025-03-13T17:41:14.905+0000] {logging_mixin.py:190} INFO - [2025-03-13T17:41:14.904+0000] {dag.py:4180} INFO - Setting next_dagrun for dataset_with_extra_by_context to 2025-03-12 00:00:00+00:00, run_after=2025-03-13 00:00:00+00:00
[2025-03-13T17:41:14.910+0000] {logging_mixin.py:190} INFO - [2025-03-13T17:41:14.910+0000] {dag.py:4180} INFO - Setting next_dagrun for dataset_with_extra_by_yield to 2025-03-12 00:00:00+00:00, run_after=2025-03-13 00:00:00+00:00
[2025-03-13T17:41:14.913+0000] {logging_mixin.py:190} INFO - [2025-03-13T17:41:14.913+0000] {dag.py:4180} INFO - Setting next_dagrun for dataset_with_extra_from_classic_operator to 2025-03-12 00:00:00+00:00, run_after=2025-03-13 00:00:00+00:00
[2025-03-13T17:41:14.944+0000] {processor.py:208} INFO - Processing /root/venv/lib/python3.12/site-packages/airflow/example_dags/example_outlet_event_extra.py took 0.300 seconds
[2025-03-13T17:42:24.326+0000] {processor.py:186} INFO - Started process (PID=1659637) to work on /root/venv/lib/python3.12/site-packages/airflow/example_dags/example_outlet_event_extra.py
[2025-03-13T17:42:24.328+0000] {processor.py:914} INFO - Processing file /root/venv/lib/python3.12/site-packages/airflow/example_dags/example_outlet_event_extra.py for tasks to queue
[2025-03-13T17:42:24.331+0000] {logging_mixin.py:190} INFO - [2025-03-13T17:42:24.330+0000] {dagbag.py:588} INFO - Filling up the DagBag from /root/venv/lib/python3.12/site-packages/airflow/example_dags/example_outlet_event_extra.py
[2025-03-13T17:42:24.351+0000] {processor.py:925} INFO - DAG(s) 'dataset_with_extra_from_classic_operator', 'dataset_with_extra_by_context', 'dataset_with_extra_by_yield' retrieved from /root/venv/lib/python3.12/site-packages/airflow/example_dags/example_outlet_event_extra.py
[2025-03-13T17:42:24.379+0000] {logging_mixin.py:190} INFO - [2025-03-13T17:42:24.378+0000] {dag.py:3239} INFO - Sync 3 DAGs
[2025-03-13T17:42:24.409+0000] {logging_mixin.py:190} INFO - [2025-03-13T17:42:24.409+0000] {dag.py:4180} INFO - Setting next_dagrun for dataset_with_extra_by_context to 2025-03-12 00:00:00+00:00, run_after=2025-03-13 00:00:00+00:00
[2025-03-13T17:42:24.415+0000] {logging_mixin.py:190} INFO - [2025-03-13T17:42:24.415+0000] {dag.py:4180} INFO - Setting next_dagrun for dataset_with_extra_by_yield to 2025-03-12 00:00:00+00:00, run_after=2025-03-13 00:00:00+00:00
[2025-03-13T17:42:24.418+0000] {logging_mixin.py:190} INFO - [2025-03-13T17:42:24.418+0000] {dag.py:4180} INFO - Setting next_dagrun for dataset_with_extra_from_classic_operator to 2025-03-12 00:00:00+00:00, run_after=2025-03-13 00:00:00+00:00
[2025-03-13T17:42:24.453+0000] {processor.py:208} INFO - Processing /root/venv/lib/python3.12/site-packages/airflow/example_dags/example_outlet_event_extra.py took 0.136 seconds
[2025-03-13T17:43:23.385+0000] {processor.py:186} INFO - Started process (PID=1659695) to work on /root/venv/lib/python3.12/site-packages/airflow/example_dags/example_outlet_event_extra.py
[2025-03-13T17:43:23.387+0000] {processor.py:914} INFO - Processing file /root/venv/lib/python3.12/site-packages/airflow/example_dags/example_outlet_event_extra.py for tasks to queue
[2025-03-13T17:43:23.390+0000] {logging_mixin.py:190} INFO - [2025-03-13T17:43:23.389+0000] {dagbag.py:588} INFO - Filling up the DagBag from /root/venv/lib/python3.12/site-packages/airflow/example_dags/example_outlet_event_extra.py
[2025-03-13T17:43:23.412+0000] {processor.py:925} INFO - DAG(s) 'dataset_with_extra_by_context', 'dataset_with_extra_by_yield', 'dataset_with_extra_from_classic_operator' retrieved from /root/venv/lib/python3.12/site-packages/airflow/example_dags/example_outlet_event_extra.py
[2025-03-13T17:43:23.449+0000] {logging_mixin.py:190} INFO - [2025-03-13T17:43:23.448+0000] {dag.py:3239} INFO - Sync 3 DAGs
[2025-03-13T17:43:23.482+0000] {logging_mixin.py:190} INFO - [2025-03-13T17:43:23.481+0000] {dag.py:4180} INFO - Setting next_dagrun for dataset_with_extra_by_context to 2025-03-12 00:00:00+00:00, run_after=2025-03-13 00:00:00+00:00
[2025-03-13T17:43:23.487+0000] {logging_mixin.py:190} INFO - [2025-03-13T17:43:23.487+0000] {dag.py:4180} INFO - Setting next_dagrun for dataset_with_extra_by_yield to 2025-03-12 00:00:00+00:00, run_after=2025-03-13 00:00:00+00:00
[2025-03-13T17:43:23.490+0000] {logging_mixin.py:190} INFO - [2025-03-13T17:43:23.489+0000] {dag.py:4180} INFO - Setting next_dagrun for dataset_with_extra_from_classic_operator to 2025-03-12 00:00:00+00:00, run_after=2025-03-13 00:00:00+00:00
[2025-03-13T17:43:23.517+0000] {processor.py:208} INFO - Processing /root/venv/lib/python3.12/site-packages/airflow/example_dags/example_outlet_event_extra.py took 0.144 seconds
[2025-03-13T17:44:25.362+0000] {processor.py:186} INFO - Started process (PID=1659775) to work on /root/venv/lib/python3.12/site-packages/airflow/example_dags/example_outlet_event_extra.py
[2025-03-13T17:44:25.364+0000] {processor.py:914} INFO - Processing file /root/venv/lib/python3.12/site-packages/airflow/example_dags/example_outlet_event_extra.py for tasks to queue
[2025-03-13T17:44:25.367+0000] {logging_mixin.py:190} INFO - [2025-03-13T17:44:25.366+0000] {dagbag.py:588} INFO - Filling up the DagBag from /root/venv/lib/python3.12/site-packages/airflow/example_dags/example_outlet_event_extra.py
[2025-03-13T17:44:25.384+0000] {processor.py:925} INFO - DAG(s) 'dataset_with_extra_from_classic_operator', 'dataset_with_extra_by_context', 'dataset_with_extra_by_yield' retrieved from /root/venv/lib/python3.12/site-packages/airflow/example_dags/example_outlet_event_extra.py
[2025-03-13T17:44:25.410+0000] {logging_mixin.py:190} INFO - [2025-03-13T17:44:25.410+0000] {dag.py:3239} INFO - Sync 3 DAGs
[2025-03-13T17:44:25.435+0000] {logging_mixin.py:190} INFO - [2025-03-13T17:44:25.435+0000] {dag.py:4180} INFO - Setting next_dagrun for dataset_with_extra_by_context to 2025-03-12 00:00:00+00:00, run_after=2025-03-13 00:00:00+00:00
[2025-03-13T17:44:25.440+0000] {logging_mixin.py:190} INFO - [2025-03-13T17:44:25.440+0000] {dag.py:4180} INFO - Setting next_dagrun for dataset_with_extra_by_yield to 2025-03-12 00:00:00+00:00, run_after=2025-03-13 00:00:00+00:00
[2025-03-13T17:44:25.443+0000] {logging_mixin.py:190} INFO - [2025-03-13T17:44:25.442+0000] {dag.py:4180} INFO - Setting next_dagrun for dataset_with_extra_from_classic_operator to 2025-03-12 00:00:00+00:00, run_after=2025-03-13 00:00:00+00:00
[2025-03-13T17:44:25.470+0000] {processor.py:208} INFO - Processing /root/venv/lib/python3.12/site-packages/airflow/example_dags/example_outlet_event_extra.py took 0.115 seconds
[2025-03-13T17:45:29.117+0000] {processor.py:186} INFO - Started process (PID=1659842) to work on /root/venv/lib/python3.12/site-packages/airflow/example_dags/example_outlet_event_extra.py
[2025-03-13T17:45:29.119+0000] {processor.py:914} INFO - Processing file /root/venv/lib/python3.12/site-packages/airflow/example_dags/example_outlet_event_extra.py for tasks to queue
[2025-03-13T17:45:29.122+0000] {logging_mixin.py:190} INFO - [2025-03-13T17:45:29.121+0000] {dagbag.py:588} INFO - Filling up the DagBag from /root/venv/lib/python3.12/site-packages/airflow/example_dags/example_outlet_event_extra.py
[2025-03-13T17:45:29.142+0000] {processor.py:925} INFO - DAG(s) 'dataset_with_extra_from_classic_operator', 'dataset_with_extra_by_yield', 'dataset_with_extra_by_context' retrieved from /root/venv/lib/python3.12/site-packages/airflow/example_dags/example_outlet_event_extra.py
[2025-03-13T17:45:29.174+0000] {logging_mixin.py:190} INFO - [2025-03-13T17:45:29.174+0000] {dag.py:3239} INFO - Sync 3 DAGs
[2025-03-13T17:45:29.208+0000] {logging_mixin.py:190} INFO - [2025-03-13T17:45:29.208+0000] {dag.py:4180} INFO - Setting next_dagrun for dataset_with_extra_by_context to 2025-03-12 00:00:00+00:00, run_after=2025-03-13 00:00:00+00:00
[2025-03-13T17:45:29.214+0000] {logging_mixin.py:190} INFO - [2025-03-13T17:45:29.214+0000] {dag.py:4180} INFO - Setting next_dagrun for dataset_with_extra_by_yield to 2025-03-12 00:00:00+00:00, run_after=2025-03-13 00:00:00+00:00
[2025-03-13T17:45:29.217+0000] {logging_mixin.py:190} INFO - [2025-03-13T17:45:29.216+0000] {dag.py:4180} INFO - Setting next_dagrun for dataset_with_extra_from_classic_operator to 2025-03-12 00:00:00+00:00, run_after=2025-03-13 00:00:00+00:00
[2025-03-13T17:45:29.250+0000] {processor.py:208} INFO - Processing /root/venv/lib/python3.12/site-packages/airflow/example_dags/example_outlet_event_extra.py took 0.141 seconds
[2025-03-13T17:46:34.682+0000] {processor.py:186} INFO - Started process (PID=1659908) to work on /root/venv/lib/python3.12/site-packages/airflow/example_dags/example_outlet_event_extra.py
[2025-03-13T17:46:34.684+0000] {processor.py:914} INFO - Processing file /root/venv/lib/python3.12/site-packages/airflow/example_dags/example_outlet_event_extra.py for tasks to queue
[2025-03-13T17:46:34.687+0000] {logging_mixin.py:190} INFO - [2025-03-13T17:46:34.686+0000] {dagbag.py:588} INFO - Filling up the DagBag from /root/venv/lib/python3.12/site-packages/airflow/example_dags/example_outlet_event_extra.py
[2025-03-13T17:46:34.708+0000] {processor.py:925} INFO - DAG(s) 'dataset_with_extra_by_context', 'dataset_with_extra_from_classic_operator', 'dataset_with_extra_by_yield' retrieved from /root/venv/lib/python3.12/site-packages/airflow/example_dags/example_outlet_event_extra.py
[2025-03-13T17:46:34.739+0000] {logging_mixin.py:190} INFO - [2025-03-13T17:46:34.739+0000] {dag.py:3239} INFO - Sync 3 DAGs
[2025-03-13T17:46:34.771+0000] {logging_mixin.py:190} INFO - [2025-03-13T17:46:34.770+0000] {dag.py:4180} INFO - Setting next_dagrun for dataset_with_extra_by_context to 2025-03-12 00:00:00+00:00, run_after=2025-03-13 00:00:00+00:00
[2025-03-13T17:46:34.779+0000] {logging_mixin.py:190} INFO - [2025-03-13T17:46:34.778+0000] {dag.py:4180} INFO - Setting next_dagrun for dataset_with_extra_by_yield to 2025-03-12 00:00:00+00:00, run_after=2025-03-13 00:00:00+00:00
[2025-03-13T17:46:34.783+0000] {logging_mixin.py:190} INFO - [2025-03-13T17:46:34.782+0000] {dag.py:4180} INFO - Setting next_dagrun for dataset_with_extra_from_classic_operator to 2025-03-12 00:00:00+00:00, run_after=2025-03-13 00:00:00+00:00
[2025-03-13T17:46:34.821+0000] {processor.py:208} INFO - Processing /root/venv/lib/python3.12/site-packages/airflow/example_dags/example_outlet_event_extra.py took 0.151 seconds
[2025-03-13T17:47:33.332+0000] {processor.py:186} INFO - Started process (PID=1659970) to work on /root/venv/lib/python3.12/site-packages/airflow/example_dags/example_outlet_event_extra.py
[2025-03-13T17:47:33.333+0000] {processor.py:914} INFO - Processing file /root/venv/lib/python3.12/site-packages/airflow/example_dags/example_outlet_event_extra.py for tasks to queue
[2025-03-13T17:47:33.336+0000] {logging_mixin.py:190} INFO - [2025-03-13T17:47:33.336+0000] {dagbag.py:588} INFO - Filling up the DagBag from /root/venv/lib/python3.12/site-packages/airflow/example_dags/example_outlet_event_extra.py
[2025-03-13T17:47:33.354+0000] {processor.py:925} INFO - DAG(s) 'dataset_with_extra_by_yield', 'dataset_with_extra_by_context', 'dataset_with_extra_from_classic_operator' retrieved from /root/venv/lib/python3.12/site-packages/airflow/example_dags/example_outlet_event_extra.py
[2025-03-13T17:47:33.379+0000] {logging_mixin.py:190} INFO - [2025-03-13T17:47:33.379+0000] {dag.py:3239} INFO - Sync 3 DAGs
[2025-03-13T17:47:33.405+0000] {logging_mixin.py:190} INFO - [2025-03-13T17:47:33.405+0000] {dag.py:4180} INFO - Setting next_dagrun for dataset_with_extra_by_context to 2025-03-12 00:00:00+00:00, run_after=2025-03-13 00:00:00+00:00
[2025-03-13T17:47:33.410+0000] {logging_mixin.py:190} INFO - [2025-03-13T17:47:33.410+0000] {dag.py:4180} INFO - Setting next_dagrun for dataset_with_extra_by_yield to 2025-03-12 00:00:00+00:00, run_after=2025-03-13 00:00:00+00:00
[2025-03-13T17:47:33.412+0000] {logging_mixin.py:190} INFO - [2025-03-13T17:47:33.411+0000] {dag.py:4180} INFO - Setting next_dagrun for dataset_with_extra_from_classic_operator to 2025-03-12 00:00:00+00:00, run_after=2025-03-13 00:00:00+00:00
[2025-03-13T17:47:33.438+0000] {processor.py:208} INFO - Processing /root/venv/lib/python3.12/site-packages/airflow/example_dags/example_outlet_event_extra.py took 0.113 seconds
[2025-03-13T17:48:34.613+0000] {processor.py:186} INFO - Started process (PID=1660033) to work on /root/venv/lib/python3.12/site-packages/airflow/example_dags/example_outlet_event_extra.py
[2025-03-13T17:48:34.615+0000] {processor.py:914} INFO - Processing file /root/venv/lib/python3.12/site-packages/airflow/example_dags/example_outlet_event_extra.py for tasks to queue
[2025-03-13T17:48:34.619+0000] {logging_mixin.py:190} INFO - [2025-03-13T17:48:34.618+0000] {dagbag.py:588} INFO - Filling up the DagBag from /root/venv/lib/python3.12/site-packages/airflow/example_dags/example_outlet_event_extra.py
[2025-03-13T17:48:34.646+0000] {processor.py:925} INFO - DAG(s) 'dataset_with_extra_by_yield', 'dataset_with_extra_from_classic_operator', 'dataset_with_extra_by_context' retrieved from /root/venv/lib/python3.12/site-packages/airflow/example_dags/example_outlet_event_extra.py
[2025-03-13T17:48:34.678+0000] {logging_mixin.py:190} INFO - [2025-03-13T17:48:34.678+0000] {dag.py:3239} INFO - Sync 3 DAGs
[2025-03-13T17:48:34.721+0000] {logging_mixin.py:190} INFO - [2025-03-13T17:48:34.720+0000] {dag.py:4180} INFO - Setting next_dagrun for dataset_with_extra_by_context to 2025-03-12 00:00:00+00:00, run_after=2025-03-13 00:00:00+00:00
[2025-03-13T17:48:34.729+0000] {logging_mixin.py:190} INFO - [2025-03-13T17:48:34.729+0000] {dag.py:4180} INFO - Setting next_dagrun for dataset_with_extra_by_yield to 2025-03-12 00:00:00+00:00, run_after=2025-03-13 00:00:00+00:00
[2025-03-13T17:48:34.733+0000] {logging_mixin.py:190} INFO - [2025-03-13T17:48:34.733+0000] {dag.py:4180} INFO - Setting next_dagrun for dataset_with_extra_from_classic_operator to 2025-03-12 00:00:00+00:00, run_after=2025-03-13 00:00:00+00:00
[2025-03-13T17:48:34.771+0000] {processor.py:208} INFO - Processing /root/venv/lib/python3.12/site-packages/airflow/example_dags/example_outlet_event_extra.py took 0.169 seconds
[2025-03-13T17:49:35.877+0000] {processor.py:186} INFO - Started process (PID=1660097) to work on /root/venv/lib/python3.12/site-packages/airflow/example_dags/example_outlet_event_extra.py
[2025-03-13T17:49:35.878+0000] {processor.py:914} INFO - Processing file /root/venv/lib/python3.12/site-packages/airflow/example_dags/example_outlet_event_extra.py for tasks to queue
[2025-03-13T17:49:35.882+0000] {logging_mixin.py:190} INFO - [2025-03-13T17:49:35.881+0000] {dagbag.py:588} INFO - Filling up the DagBag from /root/venv/lib/python3.12/site-packages/airflow/example_dags/example_outlet_event_extra.py
[2025-03-13T17:49:35.904+0000] {processor.py:925} INFO - DAG(s) 'dataset_with_extra_from_classic_operator', 'dataset_with_extra_by_yield', 'dataset_with_extra_by_context' retrieved from /root/venv/lib/python3.12/site-packages/airflow/example_dags/example_outlet_event_extra.py
[2025-03-13T17:49:35.929+0000] {logging_mixin.py:190} INFO - [2025-03-13T17:49:35.929+0000] {dag.py:3239} INFO - Sync 3 DAGs
[2025-03-13T17:49:35.953+0000] {logging_mixin.py:190} INFO - [2025-03-13T17:49:35.953+0000] {dag.py:4180} INFO - Setting next_dagrun for dataset_with_extra_by_context to 2025-03-12 00:00:00+00:00, run_after=2025-03-13 00:00:00+00:00
[2025-03-13T17:49:35.958+0000] {logging_mixin.py:190} INFO - [2025-03-13T17:49:35.957+0000] {dag.py:4180} INFO - Setting next_dagrun for dataset_with_extra_by_yield to 2025-03-12 00:00:00+00:00, run_after=2025-03-13 00:00:00+00:00
[2025-03-13T17:49:35.960+0000] {logging_mixin.py:190} INFO - [2025-03-13T17:49:35.959+0000] {dag.py:4180} INFO - Setting next_dagrun for dataset_with_extra_from_classic_operator to 2025-03-12 00:00:00+00:00, run_after=2025-03-13 00:00:00+00:00
[2025-03-13T17:49:35.984+0000] {processor.py:208} INFO - Processing /root/venv/lib/python3.12/site-packages/airflow/example_dags/example_outlet_event_extra.py took 0.114 seconds
[2025-03-13T17:50:40.496+0000] {processor.py:186} INFO - Started process (PID=1660167) to work on /root/venv/lib/python3.12/site-packages/airflow/example_dags/example_outlet_event_extra.py
[2025-03-13T17:50:40.497+0000] {processor.py:914} INFO - Processing file /root/venv/lib/python3.12/site-packages/airflow/example_dags/example_outlet_event_extra.py for tasks to queue
[2025-03-13T17:50:40.501+0000] {logging_mixin.py:190} INFO - [2025-03-13T17:50:40.501+0000] {dagbag.py:588} INFO - Filling up the DagBag from /root/venv/lib/python3.12/site-packages/airflow/example_dags/example_outlet_event_extra.py
[2025-03-13T17:50:40.524+0000] {processor.py:925} INFO - DAG(s) 'dataset_with_extra_by_yield', 'dataset_with_extra_from_classic_operator', 'dataset_with_extra_by_context' retrieved from /root/venv/lib/python3.12/site-packages/airflow/example_dags/example_outlet_event_extra.py
[2025-03-13T17:50:40.548+0000] {logging_mixin.py:190} INFO - [2025-03-13T17:50:40.548+0000] {dag.py:3239} INFO - Sync 3 DAGs
[2025-03-13T17:50:40.573+0000] {logging_mixin.py:190} INFO - [2025-03-13T17:50:40.573+0000] {dag.py:4180} INFO - Setting next_dagrun for dataset_with_extra_by_context to 2025-03-12 00:00:00+00:00, run_after=2025-03-13 00:00:00+00:00
[2025-03-13T17:50:40.578+0000] {logging_mixin.py:190} INFO - [2025-03-13T17:50:40.577+0000] {dag.py:4180} INFO - Setting next_dagrun for dataset_with_extra_by_yield to 2025-03-12 00:00:00+00:00, run_after=2025-03-13 00:00:00+00:00
[2025-03-13T17:50:40.580+0000] {logging_mixin.py:190} INFO - [2025-03-13T17:50:40.580+0000] {dag.py:4180} INFO - Setting next_dagrun for dataset_with_extra_from_classic_operator to 2025-03-12 00:00:00+00:00, run_after=2025-03-13 00:00:00+00:00
[2025-03-13T17:50:40.606+0000] {processor.py:208} INFO - Processing /root/venv/lib/python3.12/site-packages/airflow/example_dags/example_outlet_event_extra.py took 0.118 seconds
[2025-03-13T17:51:44.210+0000] {processor.py:186} INFO - Started process (PID=1660229) to work on /root/venv/lib/python3.12/site-packages/airflow/example_dags/example_outlet_event_extra.py
[2025-03-13T17:51:44.211+0000] {processor.py:914} INFO - Processing file /root/venv/lib/python3.12/site-packages/airflow/example_dags/example_outlet_event_extra.py for tasks to queue
[2025-03-13T17:51:44.214+0000] {logging_mixin.py:190} INFO - [2025-03-13T17:51:44.214+0000] {dagbag.py:588} INFO - Filling up the DagBag from /root/venv/lib/python3.12/site-packages/airflow/example_dags/example_outlet_event_extra.py
[2025-03-13T17:51:44.234+0000] {processor.py:925} INFO - DAG(s) 'dataset_with_extra_by_context', 'dataset_with_extra_by_yield', 'dataset_with_extra_from_classic_operator' retrieved from /root/venv/lib/python3.12/site-packages/airflow/example_dags/example_outlet_event_extra.py
[2025-03-13T17:51:44.264+0000] {logging_mixin.py:190} INFO - [2025-03-13T17:51:44.263+0000] {dag.py:3239} INFO - Sync 3 DAGs
[2025-03-13T17:51:44.293+0000] {logging_mixin.py:190} INFO - [2025-03-13T17:51:44.293+0000] {dag.py:4180} INFO - Setting next_dagrun for dataset_with_extra_by_context to 2025-03-12 00:00:00+00:00, run_after=2025-03-13 00:00:00+00:00
[2025-03-13T17:51:44.299+0000] {logging_mixin.py:190} INFO - [2025-03-13T17:51:44.299+0000] {dag.py:4180} INFO - Setting next_dagrun for dataset_with_extra_by_yield to 2025-03-12 00:00:00+00:00, run_after=2025-03-13 00:00:00+00:00
[2025-03-13T17:51:44.301+0000] {logging_mixin.py:190} INFO - [2025-03-13T17:51:44.301+0000] {dag.py:4180} INFO - Setting next_dagrun for dataset_with_extra_from_classic_operator to 2025-03-12 00:00:00+00:00, run_after=2025-03-13 00:00:00+00:00
[2025-03-13T17:51:44.327+0000] {processor.py:208} INFO - Processing /root/venv/lib/python3.12/site-packages/airflow/example_dags/example_outlet_event_extra.py took 0.126 seconds
[2025-03-13T17:52:47.573+0000] {processor.py:186} INFO - Started process (PID=1660292) to work on /root/venv/lib/python3.12/site-packages/airflow/example_dags/example_outlet_event_extra.py
[2025-03-13T17:52:47.575+0000] {processor.py:914} INFO - Processing file /root/venv/lib/python3.12/site-packages/airflow/example_dags/example_outlet_event_extra.py for tasks to queue
[2025-03-13T17:52:47.577+0000] {logging_mixin.py:190} INFO - [2025-03-13T17:52:47.577+0000] {dagbag.py:588} INFO - Filling up the DagBag from /root/venv/lib/python3.12/site-packages/airflow/example_dags/example_outlet_event_extra.py
[2025-03-13T17:52:47.596+0000] {processor.py:925} INFO - DAG(s) 'dataset_with_extra_by_context', 'dataset_with_extra_from_classic_operator', 'dataset_with_extra_by_yield' retrieved from /root/venv/lib/python3.12/site-packages/airflow/example_dags/example_outlet_event_extra.py
[2025-03-13T17:52:47.621+0000] {logging_mixin.py:190} INFO - [2025-03-13T17:52:47.621+0000] {dag.py:3239} INFO - Sync 3 DAGs
[2025-03-13T17:52:47.647+0000] {logging_mixin.py:190} INFO - [2025-03-13T17:52:47.647+0000] {dag.py:4180} INFO - Setting next_dagrun for dataset_with_extra_by_context to 2025-03-12 00:00:00+00:00, run_after=2025-03-13 00:00:00+00:00
[2025-03-13T17:52:47.652+0000] {logging_mixin.py:190} INFO - [2025-03-13T17:52:47.652+0000] {dag.py:4180} INFO - Setting next_dagrun for dataset_with_extra_by_yield to 2025-03-12 00:00:00+00:00, run_after=2025-03-13 00:00:00+00:00
[2025-03-13T17:52:47.654+0000] {logging_mixin.py:190} INFO - [2025-03-13T17:52:47.654+0000] {dag.py:4180} INFO - Setting next_dagrun for dataset_with_extra_from_classic_operator to 2025-03-12 00:00:00+00:00, run_after=2025-03-13 00:00:00+00:00
[2025-03-13T17:52:47.682+0000] {processor.py:208} INFO - Processing /root/venv/lib/python3.12/site-packages/airflow/example_dags/example_outlet_event_extra.py took 0.117 seconds
[2025-03-13T17:53:49.306+0000] {processor.py:186} INFO - Started process (PID=1660355) to work on /root/venv/lib/python3.12/site-packages/airflow/example_dags/example_outlet_event_extra.py
[2025-03-13T17:53:49.308+0000] {processor.py:914} INFO - Processing file /root/venv/lib/python3.12/site-packages/airflow/example_dags/example_outlet_event_extra.py for tasks to queue
[2025-03-13T17:53:49.310+0000] {logging_mixin.py:190} INFO - [2025-03-13T17:53:49.310+0000] {dagbag.py:588} INFO - Filling up the DagBag from /root/venv/lib/python3.12/site-packages/airflow/example_dags/example_outlet_event_extra.py
[2025-03-13T17:53:49.327+0000] {processor.py:925} INFO - DAG(s) 'dataset_with_extra_from_classic_operator', 'dataset_with_extra_by_yield', 'dataset_with_extra_by_context' retrieved from /root/venv/lib/python3.12/site-packages/airflow/example_dags/example_outlet_event_extra.py
[2025-03-13T17:53:49.350+0000] {logging_mixin.py:190} INFO - [2025-03-13T17:53:49.350+0000] {dag.py:3239} INFO - Sync 3 DAGs
[2025-03-13T17:53:49.374+0000] {logging_mixin.py:190} INFO - [2025-03-13T17:53:49.373+0000] {dag.py:4180} INFO - Setting next_dagrun for dataset_with_extra_by_context to 2025-03-12 00:00:00+00:00, run_after=2025-03-13 00:00:00+00:00
[2025-03-13T17:53:49.378+0000] {logging_mixin.py:190} INFO - [2025-03-13T17:53:49.378+0000] {dag.py:4180} INFO - Setting next_dagrun for dataset_with_extra_by_yield to 2025-03-12 00:00:00+00:00, run_after=2025-03-13 00:00:00+00:00
[2025-03-13T17:53:49.380+0000] {logging_mixin.py:190} INFO - [2025-03-13T17:53:49.379+0000] {dag.py:4180} INFO - Setting next_dagrun for dataset_with_extra_from_classic_operator to 2025-03-12 00:00:00+00:00, run_after=2025-03-13 00:00:00+00:00
[2025-03-13T17:53:49.403+0000] {processor.py:208} INFO - Processing /root/venv/lib/python3.12/site-packages/airflow/example_dags/example_outlet_event_extra.py took 0.106 seconds
[2025-03-13T17:54:52.099+0000] {processor.py:186} INFO - Started process (PID=1660417) to work on /root/venv/lib/python3.12/site-packages/airflow/example_dags/example_outlet_event_extra.py
[2025-03-13T17:54:52.100+0000] {processor.py:914} INFO - Processing file /root/venv/lib/python3.12/site-packages/airflow/example_dags/example_outlet_event_extra.py for tasks to queue
[2025-03-13T17:54:52.103+0000] {logging_mixin.py:190} INFO - [2025-03-13T17:54:52.103+0000] {dagbag.py:588} INFO - Filling up the DagBag from /root/venv/lib/python3.12/site-packages/airflow/example_dags/example_outlet_event_extra.py
[2025-03-13T17:54:52.121+0000] {processor.py:925} INFO - DAG(s) 'dataset_with_extra_from_classic_operator', 'dataset_with_extra_by_context', 'dataset_with_extra_by_yield' retrieved from /root/venv/lib/python3.12/site-packages/airflow/example_dags/example_outlet_event_extra.py
[2025-03-13T17:54:52.146+0000] {logging_mixin.py:190} INFO - [2025-03-13T17:54:52.145+0000] {dag.py:3239} INFO - Sync 3 DAGs
[2025-03-13T17:54:52.170+0000] {logging_mixin.py:190} INFO - [2025-03-13T17:54:52.170+0000] {dag.py:4180} INFO - Setting next_dagrun for dataset_with_extra_by_context to 2025-03-12 00:00:00+00:00, run_after=2025-03-13 00:00:00+00:00
[2025-03-13T17:54:52.174+0000] {logging_mixin.py:190} INFO - [2025-03-13T17:54:52.174+0000] {dag.py:4180} INFO - Setting next_dagrun for dataset_with_extra_by_yield to 2025-03-12 00:00:00+00:00, run_after=2025-03-13 00:00:00+00:00
[2025-03-13T17:54:52.176+0000] {logging_mixin.py:190} INFO - [2025-03-13T17:54:52.176+0000] {dag.py:4180} INFO - Setting next_dagrun for dataset_with_extra_from_classic_operator to 2025-03-12 00:00:00+00:00, run_after=2025-03-13 00:00:00+00:00
[2025-03-13T17:54:52.199+0000] {processor.py:208} INFO - Processing /root/venv/lib/python3.12/site-packages/airflow/example_dags/example_outlet_event_extra.py took 0.108 seconds
[2025-03-13T17:56:06.926+0000] {processor.py:186} INFO - Started process (PID=1660507) to work on /root/venv/lib/python3.12/site-packages/airflow/example_dags/example_outlet_event_extra.py
[2025-03-13T17:56:06.928+0000] {processor.py:914} INFO - Processing file /root/venv/lib/python3.12/site-packages/airflow/example_dags/example_outlet_event_extra.py for tasks to queue
[2025-03-13T17:56:06.932+0000] {logging_mixin.py:190} INFO - [2025-03-13T17:56:06.931+0000] {dagbag.py:588} INFO - Filling up the DagBag from /root/venv/lib/python3.12/site-packages/airflow/example_dags/example_outlet_event_extra.py
[2025-03-13T17:56:06.958+0000] {processor.py:925} INFO - DAG(s) 'dataset_with_extra_by_context', 'dataset_with_extra_from_classic_operator', 'dataset_with_extra_by_yield' retrieved from /root/venv/lib/python3.12/site-packages/airflow/example_dags/example_outlet_event_extra.py
[2025-03-13T17:56:06.997+0000] {logging_mixin.py:190} INFO - [2025-03-13T17:56:06.997+0000] {dag.py:3239} INFO - Sync 3 DAGs
[2025-03-13T17:56:07.043+0000] {logging_mixin.py:190} INFO - [2025-03-13T17:56:07.043+0000] {dag.py:4180} INFO - Setting next_dagrun for dataset_with_extra_by_context to 2025-03-12 00:00:00+00:00, run_after=2025-03-13 00:00:00+00:00
[2025-03-13T17:56:07.051+0000] {logging_mixin.py:190} INFO - [2025-03-13T17:56:07.050+0000] {dag.py:4180} INFO - Setting next_dagrun for dataset_with_extra_by_yield to 2025-03-12 00:00:00+00:00, run_after=2025-03-13 00:00:00+00:00
[2025-03-13T17:56:07.055+0000] {logging_mixin.py:190} INFO - [2025-03-13T17:56:07.054+0000] {dag.py:4180} INFO - Setting next_dagrun for dataset_with_extra_from_classic_operator to 2025-03-12 00:00:00+00:00, run_after=2025-03-13 00:00:00+00:00
[2025-03-13T17:56:07.212+0000] {processor.py:208} INFO - Processing /root/venv/lib/python3.12/site-packages/airflow/example_dags/example_outlet_event_extra.py took 0.297 seconds
[2025-03-13T17:56:59.446+0000] {processor.py:186} INFO - Started process (PID=1660575) to work on /root/venv/lib/python3.12/site-packages/airflow/example_dags/example_outlet_event_extra.py
[2025-03-13T17:56:59.448+0000] {processor.py:914} INFO - Processing file /root/venv/lib/python3.12/site-packages/airflow/example_dags/example_outlet_event_extra.py for tasks to queue
[2025-03-13T17:56:59.452+0000] {logging_mixin.py:190} INFO - [2025-03-13T17:56:59.451+0000] {dagbag.py:588} INFO - Filling up the DagBag from /root/venv/lib/python3.12/site-packages/airflow/example_dags/example_outlet_event_extra.py
[2025-03-13T17:56:59.478+0000] {processor.py:925} INFO - DAG(s) 'dataset_with_extra_from_classic_operator', 'dataset_with_extra_by_context', 'dataset_with_extra_by_yield' retrieved from /root/venv/lib/python3.12/site-packages/airflow/example_dags/example_outlet_event_extra.py
[2025-03-13T17:56:59.515+0000] {logging_mixin.py:190} INFO - [2025-03-13T17:56:59.514+0000] {dag.py:3239} INFO - Sync 3 DAGs
[2025-03-13T17:56:59.550+0000] {logging_mixin.py:190} INFO - [2025-03-13T17:56:59.550+0000] {dag.py:4180} INFO - Setting next_dagrun for dataset_with_extra_by_context to 2025-03-12 00:00:00+00:00, run_after=2025-03-13 00:00:00+00:00
[2025-03-13T17:56:59.558+0000] {logging_mixin.py:190} INFO - [2025-03-13T17:56:59.557+0000] {dag.py:4180} INFO - Setting next_dagrun for dataset_with_extra_by_yield to 2025-03-12 00:00:00+00:00, run_after=2025-03-13 00:00:00+00:00
[2025-03-13T17:56:59.560+0000] {logging_mixin.py:190} INFO - [2025-03-13T17:56:59.560+0000] {dag.py:4180} INFO - Setting next_dagrun for dataset_with_extra_from_classic_operator to 2025-03-12 00:00:00+00:00, run_after=2025-03-13 00:00:00+00:00
[2025-03-13T17:56:59.592+0000] {processor.py:208} INFO - Processing /root/venv/lib/python3.12/site-packages/airflow/example_dags/example_outlet_event_extra.py took 0.154 seconds
[2025-03-13T17:57:57.049+0000] {processor.py:186} INFO - Started process (PID=1660639) to work on /root/venv/lib/python3.12/site-packages/airflow/example_dags/example_outlet_event_extra.py
[2025-03-13T17:57:57.051+0000] {processor.py:914} INFO - Processing file /root/venv/lib/python3.12/site-packages/airflow/example_dags/example_outlet_event_extra.py for tasks to queue
[2025-03-13T17:57:57.054+0000] {logging_mixin.py:190} INFO - [2025-03-13T17:57:57.054+0000] {dagbag.py:588} INFO - Filling up the DagBag from /root/venv/lib/python3.12/site-packages/airflow/example_dags/example_outlet_event_extra.py
[2025-03-13T17:57:57.078+0000] {processor.py:925} INFO - DAG(s) 'dataset_with_extra_from_classic_operator', 'dataset_with_extra_by_yield', 'dataset_with_extra_by_context' retrieved from /root/venv/lib/python3.12/site-packages/airflow/example_dags/example_outlet_event_extra.py
[2025-03-13T17:57:57.111+0000] {logging_mixin.py:190} INFO - [2025-03-13T17:57:57.111+0000] {dag.py:3239} INFO - Sync 3 DAGs
[2025-03-13T17:57:57.138+0000] {logging_mixin.py:190} INFO - [2025-03-13T17:57:57.138+0000] {dag.py:4180} INFO - Setting next_dagrun for dataset_with_extra_by_context to 2025-03-12 00:00:00+00:00, run_after=2025-03-13 00:00:00+00:00
[2025-03-13T17:57:57.143+0000] {logging_mixin.py:190} INFO - [2025-03-13T17:57:57.143+0000] {dag.py:4180} INFO - Setting next_dagrun for dataset_with_extra_by_yield to 2025-03-12 00:00:00+00:00, run_after=2025-03-13 00:00:00+00:00
[2025-03-13T17:57:57.146+0000] {logging_mixin.py:190} INFO - [2025-03-13T17:57:57.146+0000] {dag.py:4180} INFO - Setting next_dagrun for dataset_with_extra_from_classic_operator to 2025-03-12 00:00:00+00:00, run_after=2025-03-13 00:00:00+00:00
[2025-03-13T17:57:57.174+0000] {processor.py:208} INFO - Processing /root/venv/lib/python3.12/site-packages/airflow/example_dags/example_outlet_event_extra.py took 0.132 seconds
[2025-03-13T17:58:56.363+0000] {processor.py:186} INFO - Started process (PID=1660708) to work on /root/venv/lib/python3.12/site-packages/airflow/example_dags/example_outlet_event_extra.py
[2025-03-13T17:58:56.364+0000] {processor.py:914} INFO - Processing file /root/venv/lib/python3.12/site-packages/airflow/example_dags/example_outlet_event_extra.py for tasks to queue
[2025-03-13T17:58:56.367+0000] {logging_mixin.py:190} INFO - [2025-03-13T17:58:56.367+0000] {dagbag.py:588} INFO - Filling up the DagBag from /root/venv/lib/python3.12/site-packages/airflow/example_dags/example_outlet_event_extra.py
[2025-03-13T17:58:56.389+0000] {processor.py:925} INFO - DAG(s) 'dataset_with_extra_by_yield', 'dataset_with_extra_from_classic_operator', 'dataset_with_extra_by_context' retrieved from /root/venv/lib/python3.12/site-packages/airflow/example_dags/example_outlet_event_extra.py
[2025-03-13T17:58:56.418+0000] {logging_mixin.py:190} INFO - [2025-03-13T17:58:56.418+0000] {dag.py:3239} INFO - Sync 3 DAGs
[2025-03-13T17:58:56.452+0000] {logging_mixin.py:190} INFO - [2025-03-13T17:58:56.452+0000] {dag.py:4180} INFO - Setting next_dagrun for dataset_with_extra_by_context to 2025-03-12 00:00:00+00:00, run_after=2025-03-13 00:00:00+00:00
[2025-03-13T17:58:56.458+0000] {logging_mixin.py:190} INFO - [2025-03-13T17:58:56.457+0000] {dag.py:4180} INFO - Setting next_dagrun for dataset_with_extra_by_yield to 2025-03-12 00:00:00+00:00, run_after=2025-03-13 00:00:00+00:00
[2025-03-13T17:58:56.462+0000] {logging_mixin.py:190} INFO - [2025-03-13T17:58:56.462+0000] {dag.py:4180} INFO - Setting next_dagrun for dataset_with_extra_from_classic_operator to 2025-03-12 00:00:00+00:00, run_after=2025-03-13 00:00:00+00:00
[2025-03-13T17:58:56.492+0000] {processor.py:208} INFO - Processing /root/venv/lib/python3.12/site-packages/airflow/example_dags/example_outlet_event_extra.py took 0.138 seconds
[2025-03-13T17:59:57.608+0000] {processor.py:186} INFO - Started process (PID=1660770) to work on /root/venv/lib/python3.12/site-packages/airflow/example_dags/example_outlet_event_extra.py
[2025-03-13T17:59:57.610+0000] {processor.py:914} INFO - Processing file /root/venv/lib/python3.12/site-packages/airflow/example_dags/example_outlet_event_extra.py for tasks to queue
[2025-03-13T17:59:57.613+0000] {logging_mixin.py:190} INFO - [2025-03-13T17:59:57.612+0000] {dagbag.py:588} INFO - Filling up the DagBag from /root/venv/lib/python3.12/site-packages/airflow/example_dags/example_outlet_event_extra.py
[2025-03-13T17:59:57.630+0000] {processor.py:925} INFO - DAG(s) 'dataset_with_extra_from_classic_operator', 'dataset_with_extra_by_context', 'dataset_with_extra_by_yield' retrieved from /root/venv/lib/python3.12/site-packages/airflow/example_dags/example_outlet_event_extra.py
[2025-03-13T17:59:57.654+0000] {logging_mixin.py:190} INFO - [2025-03-13T17:59:57.654+0000] {dag.py:3239} INFO - Sync 3 DAGs
[2025-03-13T17:59:57.681+0000] {logging_mixin.py:190} INFO - [2025-03-13T17:59:57.681+0000] {dag.py:4180} INFO - Setting next_dagrun for dataset_with_extra_by_context to 2025-03-12 00:00:00+00:00, run_after=2025-03-13 00:00:00+00:00
[2025-03-13T17:59:57.686+0000] {logging_mixin.py:190} INFO - [2025-03-13T17:59:57.686+0000] {dag.py:4180} INFO - Setting next_dagrun for dataset_with_extra_by_yield to 2025-03-12 00:00:00+00:00, run_after=2025-03-13 00:00:00+00:00
[2025-03-13T17:59:57.688+0000] {logging_mixin.py:190} INFO - [2025-03-13T17:59:57.688+0000] {dag.py:4180} INFO - Setting next_dagrun for dataset_with_extra_from_classic_operator to 2025-03-12 00:00:00+00:00, run_after=2025-03-13 00:00:00+00:00
[2025-03-13T17:59:57.714+0000] {processor.py:208} INFO - Processing /root/venv/lib/python3.12/site-packages/airflow/example_dags/example_outlet_event_extra.py took 0.113 seconds
[2025-03-13T18:01:32.590+0000] {processor.py:186} INFO - Started process (PID=1660873) to work on /root/venv/lib/python3.12/site-packages/airflow/example_dags/example_outlet_event_extra.py
[2025-03-13T18:01:32.592+0000] {processor.py:914} INFO - Processing file /root/venv/lib/python3.12/site-packages/airflow/example_dags/example_outlet_event_extra.py for tasks to queue
[2025-03-13T18:01:32.596+0000] {logging_mixin.py:190} INFO - [2025-03-13T18:01:32.595+0000] {dagbag.py:588} INFO - Filling up the DagBag from /root/venv/lib/python3.12/site-packages/airflow/example_dags/example_outlet_event_extra.py
[2025-03-13T18:01:32.622+0000] {processor.py:925} INFO - DAG(s) 'dataset_with_extra_from_classic_operator', 'dataset_with_extra_by_context', 'dataset_with_extra_by_yield' retrieved from /root/venv/lib/python3.12/site-packages/airflow/example_dags/example_outlet_event_extra.py
[2025-03-13T18:01:32.653+0000] {logging_mixin.py:190} INFO - [2025-03-13T18:01:32.653+0000] {dag.py:3239} INFO - Sync 3 DAGs
[2025-03-13T18:01:32.684+0000] {logging_mixin.py:190} INFO - [2025-03-13T18:01:32.683+0000] {dag.py:4180} INFO - Setting next_dagrun for dataset_with_extra_by_context to 2025-03-12 00:00:00+00:00, run_after=2025-03-13 00:00:00+00:00
[2025-03-13T18:01:32.690+0000] {logging_mixin.py:190} INFO - [2025-03-13T18:01:32.689+0000] {dag.py:4180} INFO - Setting next_dagrun for dataset_with_extra_by_yield to 2025-03-12 00:00:00+00:00, run_after=2025-03-13 00:00:00+00:00
[2025-03-13T18:01:32.692+0000] {logging_mixin.py:190} INFO - [2025-03-13T18:01:32.692+0000] {dag.py:4180} INFO - Setting next_dagrun for dataset_with_extra_from_classic_operator to 2025-03-12 00:00:00+00:00, run_after=2025-03-13 00:00:00+00:00
[2025-03-13T18:01:32.725+0000] {processor.py:208} INFO - Processing /root/venv/lib/python3.12/site-packages/airflow/example_dags/example_outlet_event_extra.py took 0.142 seconds
[2025-03-13T18:02:33.666+0000] {processor.py:186} INFO - Started process (PID=1660948) to work on /root/venv/lib/python3.12/site-packages/airflow/example_dags/example_outlet_event_extra.py
[2025-03-13T18:02:33.667+0000] {processor.py:914} INFO - Processing file /root/venv/lib/python3.12/site-packages/airflow/example_dags/example_outlet_event_extra.py for tasks to queue
[2025-03-13T18:02:33.670+0000] {logging_mixin.py:190} INFO - [2025-03-13T18:02:33.670+0000] {dagbag.py:588} INFO - Filling up the DagBag from /root/venv/lib/python3.12/site-packages/airflow/example_dags/example_outlet_event_extra.py
[2025-03-13T18:02:33.688+0000] {processor.py:925} INFO - DAG(s) 'dataset_with_extra_from_classic_operator', 'dataset_with_extra_by_context', 'dataset_with_extra_by_yield' retrieved from /root/venv/lib/python3.12/site-packages/airflow/example_dags/example_outlet_event_extra.py
[2025-03-13T18:02:33.716+0000] {logging_mixin.py:190} INFO - [2025-03-13T18:02:33.716+0000] {dag.py:3239} INFO - Sync 3 DAGs
[2025-03-13T18:02:33.742+0000] {logging_mixin.py:190} INFO - [2025-03-13T18:02:33.741+0000] {dag.py:4180} INFO - Setting next_dagrun for dataset_with_extra_by_context to 2025-03-12 00:00:00+00:00, run_after=2025-03-13 00:00:00+00:00
[2025-03-13T18:02:33.746+0000] {logging_mixin.py:190} INFO - [2025-03-13T18:02:33.746+0000] {dag.py:4180} INFO - Setting next_dagrun for dataset_with_extra_by_yield to 2025-03-12 00:00:00+00:00, run_after=2025-03-13 00:00:00+00:00
[2025-03-13T18:02:33.749+0000] {logging_mixin.py:190} INFO - [2025-03-13T18:02:33.748+0000] {dag.py:4180} INFO - Setting next_dagrun for dataset_with_extra_from_classic_operator to 2025-03-12 00:00:00+00:00, run_after=2025-03-13 00:00:00+00:00
[2025-03-13T18:02:33.777+0000] {processor.py:208} INFO - Processing /root/venv/lib/python3.12/site-packages/airflow/example_dags/example_outlet_event_extra.py took 0.119 seconds
[2025-03-13T18:03:37.737+0000] {processor.py:186} INFO - Started process (PID=1661015) to work on /root/venv/lib/python3.12/site-packages/airflow/example_dags/example_outlet_event_extra.py
[2025-03-13T18:03:37.739+0000] {processor.py:914} INFO - Processing file /root/venv/lib/python3.12/site-packages/airflow/example_dags/example_outlet_event_extra.py for tasks to queue
[2025-03-13T18:03:37.742+0000] {logging_mixin.py:190} INFO - [2025-03-13T18:03:37.741+0000] {dagbag.py:588} INFO - Filling up the DagBag from /root/venv/lib/python3.12/site-packages/airflow/example_dags/example_outlet_event_extra.py
[2025-03-13T18:03:37.761+0000] {processor.py:925} INFO - DAG(s) 'dataset_with_extra_by_yield', 'dataset_with_extra_by_context', 'dataset_with_extra_from_classic_operator' retrieved from /root/venv/lib/python3.12/site-packages/airflow/example_dags/example_outlet_event_extra.py
[2025-03-13T18:03:37.785+0000] {logging_mixin.py:190} INFO - [2025-03-13T18:03:37.785+0000] {dag.py:3239} INFO - Sync 3 DAGs
[2025-03-13T18:03:37.811+0000] {logging_mixin.py:190} INFO - [2025-03-13T18:03:37.811+0000] {dag.py:4180} INFO - Setting next_dagrun for dataset_with_extra_by_context to 2025-03-12 00:00:00+00:00, run_after=2025-03-13 00:00:00+00:00
[2025-03-13T18:03:37.818+0000] {logging_mixin.py:190} INFO - [2025-03-13T18:03:37.817+0000] {dag.py:4180} INFO - Setting next_dagrun for dataset_with_extra_by_yield to 2025-03-12 00:00:00+00:00, run_after=2025-03-13 00:00:00+00:00
[2025-03-13T18:03:37.821+0000] {logging_mixin.py:190} INFO - [2025-03-13T18:03:37.821+0000] {dag.py:4180} INFO - Setting next_dagrun for dataset_with_extra_from_classic_operator to 2025-03-12 00:00:00+00:00, run_after=2025-03-13 00:00:00+00:00
[2025-03-13T18:03:37.985+0000] {processor.py:208} INFO - Processing /root/venv/lib/python3.12/site-packages/airflow/example_dags/example_outlet_event_extra.py took 0.257 seconds
[2025-03-13T18:04:58.377+0000] {processor.py:186} INFO - Started process (PID=1661087) to work on /root/venv/lib/python3.12/site-packages/airflow/example_dags/example_outlet_event_extra.py
[2025-03-13T18:04:58.379+0000] {processor.py:914} INFO - Processing file /root/venv/lib/python3.12/site-packages/airflow/example_dags/example_outlet_event_extra.py for tasks to queue
[2025-03-13T18:04:58.383+0000] {logging_mixin.py:190} INFO - [2025-03-13T18:04:58.382+0000] {dagbag.py:588} INFO - Filling up the DagBag from /root/venv/lib/python3.12/site-packages/airflow/example_dags/example_outlet_event_extra.py
[2025-03-13T18:04:58.411+0000] {processor.py:925} INFO - DAG(s) 'dataset_with_extra_by_context', 'dataset_with_extra_from_classic_operator', 'dataset_with_extra_by_yield' retrieved from /root/venv/lib/python3.12/site-packages/airflow/example_dags/example_outlet_event_extra.py
[2025-03-13T18:04:58.449+0000] {logging_mixin.py:190} INFO - [2025-03-13T18:04:58.449+0000] {dag.py:3239} INFO - Sync 3 DAGs
[2025-03-13T18:04:58.491+0000] {logging_mixin.py:190} INFO - [2025-03-13T18:04:58.491+0000] {dag.py:4180} INFO - Setting next_dagrun for dataset_with_extra_by_context to 2025-03-12 00:00:00+00:00, run_after=2025-03-13 00:00:00+00:00
[2025-03-13T18:04:58.499+0000] {logging_mixin.py:190} INFO - [2025-03-13T18:04:58.499+0000] {dag.py:4180} INFO - Setting next_dagrun for dataset_with_extra_by_yield to 2025-03-12 00:00:00+00:00, run_after=2025-03-13 00:00:00+00:00
[2025-03-13T18:04:58.503+0000] {logging_mixin.py:190} INFO - [2025-03-13T18:04:58.502+0000] {dag.py:4180} INFO - Setting next_dagrun for dataset_with_extra_from_classic_operator to 2025-03-12 00:00:00+00:00, run_after=2025-03-13 00:00:00+00:00
[2025-03-13T18:04:58.542+0000] {processor.py:208} INFO - Processing /root/venv/lib/python3.12/site-packages/airflow/example_dags/example_outlet_event_extra.py took 0.176 seconds
[2025-03-13T18:06:07.106+0000] {processor.py:186} INFO - Started process (PID=1661160) to work on /root/venv/lib/python3.12/site-packages/airflow/example_dags/example_outlet_event_extra.py
[2025-03-13T18:06:07.108+0000] {processor.py:914} INFO - Processing file /root/venv/lib/python3.12/site-packages/airflow/example_dags/example_outlet_event_extra.py for tasks to queue
[2025-03-13T18:06:07.112+0000] {logging_mixin.py:190} INFO - [2025-03-13T18:06:07.111+0000] {dagbag.py:588} INFO - Filling up the DagBag from /root/venv/lib/python3.12/site-packages/airflow/example_dags/example_outlet_event_extra.py
[2025-03-13T18:06:07.134+0000] {processor.py:925} INFO - DAG(s) 'dataset_with_extra_from_classic_operator', 'dataset_with_extra_by_yield', 'dataset_with_extra_by_context' retrieved from /root/venv/lib/python3.12/site-packages/airflow/example_dags/example_outlet_event_extra.py
[2025-03-13T18:06:07.166+0000] {logging_mixin.py:190} INFO - [2025-03-13T18:06:07.166+0000] {dag.py:3239} INFO - Sync 3 DAGs
[2025-03-13T18:06:07.198+0000] {logging_mixin.py:190} INFO - [2025-03-13T18:06:07.198+0000] {dag.py:4180} INFO - Setting next_dagrun for dataset_with_extra_by_context to 2025-03-12 00:00:00+00:00, run_after=2025-03-13 00:00:00+00:00
[2025-03-13T18:06:07.205+0000] {logging_mixin.py:190} INFO - [2025-03-13T18:06:07.205+0000] {dag.py:4180} INFO - Setting next_dagrun for dataset_with_extra_by_yield to 2025-03-12 00:00:00+00:00, run_after=2025-03-13 00:00:00+00:00
[2025-03-13T18:06:07.209+0000] {logging_mixin.py:190} INFO - [2025-03-13T18:06:07.209+0000] {dag.py:4180} INFO - Setting next_dagrun for dataset_with_extra_from_classic_operator to 2025-03-12 00:00:00+00:00, run_after=2025-03-13 00:00:00+00:00
[2025-03-13T18:06:07.245+0000] {processor.py:208} INFO - Processing /root/venv/lib/python3.12/site-packages/airflow/example_dags/example_outlet_event_extra.py took 0.149 seconds
[2025-03-13T18:07:19.113+0000] {processor.py:186} INFO - Started process (PID=1661235) to work on /root/venv/lib/python3.12/site-packages/airflow/example_dags/example_outlet_event_extra.py
[2025-03-13T18:07:19.115+0000] {processor.py:914} INFO - Processing file /root/venv/lib/python3.12/site-packages/airflow/example_dags/example_outlet_event_extra.py for tasks to queue
[2025-03-13T18:07:19.119+0000] {logging_mixin.py:190} INFO - [2025-03-13T18:07:19.119+0000] {dagbag.py:588} INFO - Filling up the DagBag from /root/venv/lib/python3.12/site-packages/airflow/example_dags/example_outlet_event_extra.py
[2025-03-13T18:07:19.148+0000] {processor.py:925} INFO - DAG(s) 'dataset_with_extra_by_context', 'dataset_with_extra_from_classic_operator', 'dataset_with_extra_by_yield' retrieved from /root/venv/lib/python3.12/site-packages/airflow/example_dags/example_outlet_event_extra.py
[2025-03-13T18:07:19.188+0000] {logging_mixin.py:190} INFO - [2025-03-13T18:07:19.188+0000] {dag.py:3239} INFO - Sync 3 DAGs
[2025-03-13T18:07:19.230+0000] {logging_mixin.py:190} INFO - [2025-03-13T18:07:19.229+0000] {dag.py:4180} INFO - Setting next_dagrun for dataset_with_extra_by_context to 2025-03-12 00:00:00+00:00, run_after=2025-03-13 00:00:00+00:00
[2025-03-13T18:07:19.238+0000] {logging_mixin.py:190} INFO - [2025-03-13T18:07:19.238+0000] {dag.py:4180} INFO - Setting next_dagrun for dataset_with_extra_by_yield to 2025-03-12 00:00:00+00:00, run_after=2025-03-13 00:00:00+00:00
[2025-03-13T18:07:19.242+0000] {logging_mixin.py:190} INFO - [2025-03-13T18:07:19.242+0000] {dag.py:4180} INFO - Setting next_dagrun for dataset_with_extra_from_classic_operator to 2025-03-12 00:00:00+00:00, run_after=2025-03-13 00:00:00+00:00
[2025-03-13T18:07:19.280+0000] {processor.py:208} INFO - Processing /root/venv/lib/python3.12/site-packages/airflow/example_dags/example_outlet_event_extra.py took 0.178 seconds
[2025-03-13T18:08:24.515+0000] {processor.py:186} INFO - Started process (PID=1661315) to work on /root/venv/lib/python3.12/site-packages/airflow/example_dags/example_outlet_event_extra.py
[2025-03-13T18:08:24.516+0000] {processor.py:914} INFO - Processing file /root/venv/lib/python3.12/site-packages/airflow/example_dags/example_outlet_event_extra.py for tasks to queue
[2025-03-13T18:08:24.520+0000] {logging_mixin.py:190} INFO - [2025-03-13T18:08:24.520+0000] {dagbag.py:588} INFO - Filling up the DagBag from /root/venv/lib/python3.12/site-packages/airflow/example_dags/example_outlet_event_extra.py
[2025-03-13T18:08:24.543+0000] {processor.py:925} INFO - DAG(s) 'dataset_with_extra_from_classic_operator', 'dataset_with_extra_by_context', 'dataset_with_extra_by_yield' retrieved from /root/venv/lib/python3.12/site-packages/airflow/example_dags/example_outlet_event_extra.py
[2025-03-13T18:08:24.575+0000] {logging_mixin.py:190} INFO - [2025-03-13T18:08:24.575+0000] {dag.py:3239} INFO - Sync 3 DAGs
[2025-03-13T18:08:24.603+0000] {logging_mixin.py:190} INFO - [2025-03-13T18:08:24.603+0000] {dag.py:4180} INFO - Setting next_dagrun for dataset_with_extra_by_context to 2025-03-12 00:00:00+00:00, run_after=2025-03-13 00:00:00+00:00
[2025-03-13T18:08:24.608+0000] {logging_mixin.py:190} INFO - [2025-03-13T18:08:24.608+0000] {dag.py:4180} INFO - Setting next_dagrun for dataset_with_extra_by_yield to 2025-03-12 00:00:00+00:00, run_after=2025-03-13 00:00:00+00:00
[2025-03-13T18:08:24.610+0000] {logging_mixin.py:190} INFO - [2025-03-13T18:08:24.610+0000] {dag.py:4180} INFO - Setting next_dagrun for dataset_with_extra_from_classic_operator to 2025-03-12 00:00:00+00:00, run_after=2025-03-13 00:00:00+00:00
[2025-03-13T18:08:24.637+0000] {processor.py:208} INFO - Processing /root/venv/lib/python3.12/site-packages/airflow/example_dags/example_outlet_event_extra.py took 0.131 seconds
[2025-03-13T18:09:27.689+0000] {processor.py:186} INFO - Started process (PID=1661382) to work on /root/venv/lib/python3.12/site-packages/airflow/example_dags/example_outlet_event_extra.py
[2025-03-13T18:09:27.691+0000] {processor.py:914} INFO - Processing file /root/venv/lib/python3.12/site-packages/airflow/example_dags/example_outlet_event_extra.py for tasks to queue
[2025-03-13T18:09:27.694+0000] {logging_mixin.py:190} INFO - [2025-03-13T18:09:27.694+0000] {dagbag.py:588} INFO - Filling up the DagBag from /root/venv/lib/python3.12/site-packages/airflow/example_dags/example_outlet_event_extra.py
[2025-03-13T18:09:27.713+0000] {processor.py:925} INFO - DAG(s) 'dataset_with_extra_by_yield', 'dataset_with_extra_from_classic_operator', 'dataset_with_extra_by_context' retrieved from /root/venv/lib/python3.12/site-packages/airflow/example_dags/example_outlet_event_extra.py
[2025-03-13T18:09:27.739+0000] {logging_mixin.py:190} INFO - [2025-03-13T18:09:27.739+0000] {dag.py:3239} INFO - Sync 3 DAGs
[2025-03-13T18:09:27.768+0000] {logging_mixin.py:190} INFO - [2025-03-13T18:09:27.767+0000] {dag.py:4180} INFO - Setting next_dagrun for dataset_with_extra_by_context to 2025-03-12 00:00:00+00:00, run_after=2025-03-13 00:00:00+00:00
[2025-03-13T18:09:27.773+0000] {logging_mixin.py:190} INFO - [2025-03-13T18:09:27.773+0000] {dag.py:4180} INFO - Setting next_dagrun for dataset_with_extra_by_yield to 2025-03-12 00:00:00+00:00, run_after=2025-03-13 00:00:00+00:00
[2025-03-13T18:09:27.775+0000] {logging_mixin.py:190} INFO - [2025-03-13T18:09:27.775+0000] {dag.py:4180} INFO - Setting next_dagrun for dataset_with_extra_from_classic_operator to 2025-03-12 00:00:00+00:00, run_after=2025-03-13 00:00:00+00:00
[2025-03-13T18:09:27.812+0000] {processor.py:208} INFO - Processing /root/venv/lib/python3.12/site-packages/airflow/example_dags/example_outlet_event_extra.py took 0.130 seconds
[2025-03-13T18:10:29.934+0000] {processor.py:186} INFO - Started process (PID=1661452) to work on /root/venv/lib/python3.12/site-packages/airflow/example_dags/example_outlet_event_extra.py
[2025-03-13T18:10:29.935+0000] {processor.py:914} INFO - Processing file /root/venv/lib/python3.12/site-packages/airflow/example_dags/example_outlet_event_extra.py for tasks to queue
[2025-03-13T18:10:29.939+0000] {logging_mixin.py:190} INFO - [2025-03-13T18:10:29.938+0000] {dagbag.py:588} INFO - Filling up the DagBag from /root/venv/lib/python3.12/site-packages/airflow/example_dags/example_outlet_event_extra.py
[2025-03-13T18:10:29.957+0000] {processor.py:925} INFO - DAG(s) 'dataset_with_extra_by_yield', 'dataset_with_extra_by_context', 'dataset_with_extra_from_classic_operator' retrieved from /root/venv/lib/python3.12/site-packages/airflow/example_dags/example_outlet_event_extra.py
[2025-03-13T18:10:29.981+0000] {logging_mixin.py:190} INFO - [2025-03-13T18:10:29.980+0000] {dag.py:3239} INFO - Sync 3 DAGs
[2025-03-13T18:10:30.005+0000] {logging_mixin.py:190} INFO - [2025-03-13T18:10:30.005+0000] {dag.py:4180} INFO - Setting next_dagrun for dataset_with_extra_by_context to 2025-03-12 00:00:00+00:00, run_after=2025-03-13 00:00:00+00:00
[2025-03-13T18:10:30.009+0000] {logging_mixin.py:190} INFO - [2025-03-13T18:10:30.009+0000] {dag.py:4180} INFO - Setting next_dagrun for dataset_with_extra_by_yield to 2025-03-12 00:00:00+00:00, run_after=2025-03-13 00:00:00+00:00
[2025-03-13T18:10:30.011+0000] {logging_mixin.py:190} INFO - [2025-03-13T18:10:30.011+0000] {dag.py:4180} INFO - Setting next_dagrun for dataset_with_extra_from_classic_operator to 2025-03-12 00:00:00+00:00, run_after=2025-03-13 00:00:00+00:00
[2025-03-13T18:10:30.042+0000] {processor.py:208} INFO - Processing /root/venv/lib/python3.12/site-packages/airflow/example_dags/example_outlet_event_extra.py took 0.117 seconds
[2025-03-13T18:11:36.988+0000] {processor.py:186} INFO - Started process (PID=1661520) to work on /root/venv/lib/python3.12/site-packages/airflow/example_dags/example_outlet_event_extra.py
[2025-03-13T18:11:36.990+0000] {processor.py:914} INFO - Processing file /root/venv/lib/python3.12/site-packages/airflow/example_dags/example_outlet_event_extra.py for tasks to queue
[2025-03-13T18:11:36.991+0000] {logging_mixin.py:190} INFO - [2025-03-13T18:11:36.991+0000] {dagbag.py:588} INFO - Filling up the DagBag from /root/venv/lib/python3.12/site-packages/airflow/example_dags/example_outlet_event_extra.py
[2025-03-13T18:11:37.010+0000] {processor.py:925} INFO - DAG(s) 'dataset_with_extra_by_context', 'dataset_with_extra_by_yield', 'dataset_with_extra_from_classic_operator' retrieved from /root/venv/lib/python3.12/site-packages/airflow/example_dags/example_outlet_event_extra.py
[2025-03-13T18:11:37.036+0000] {logging_mixin.py:190} INFO - [2025-03-13T18:11:37.036+0000] {dag.py:3239} INFO - Sync 3 DAGs
[2025-03-13T18:11:37.064+0000] {logging_mixin.py:190} INFO - [2025-03-13T18:11:37.063+0000] {dag.py:4180} INFO - Setting next_dagrun for dataset_with_extra_by_context to 2025-03-12 00:00:00+00:00, run_after=2025-03-13 00:00:00+00:00
[2025-03-13T18:11:37.070+0000] {logging_mixin.py:190} INFO - [2025-03-13T18:11:37.070+0000] {dag.py:4180} INFO - Setting next_dagrun for dataset_with_extra_by_yield to 2025-03-12 00:00:00+00:00, run_after=2025-03-13 00:00:00+00:00
[2025-03-13T18:11:37.073+0000] {logging_mixin.py:190} INFO - [2025-03-13T18:11:37.073+0000] {dag.py:4180} INFO - Setting next_dagrun for dataset_with_extra_from_classic_operator to 2025-03-12 00:00:00+00:00, run_after=2025-03-13 00:00:00+00:00
[2025-03-13T18:11:37.100+0000] {processor.py:208} INFO - Processing /root/venv/lib/python3.12/site-packages/airflow/example_dags/example_outlet_event_extra.py took 0.121 seconds
[2025-03-13T18:12:44.062+0000] {processor.py:186} INFO - Started process (PID=1661597) to work on /root/venv/lib/python3.12/site-packages/airflow/example_dags/example_outlet_event_extra.py
[2025-03-13T18:12:44.063+0000] {processor.py:914} INFO - Processing file /root/venv/lib/python3.12/site-packages/airflow/example_dags/example_outlet_event_extra.py for tasks to queue
[2025-03-13T18:12:44.065+0000] {logging_mixin.py:190} INFO - [2025-03-13T18:12:44.065+0000] {dagbag.py:588} INFO - Filling up the DagBag from /root/venv/lib/python3.12/site-packages/airflow/example_dags/example_outlet_event_extra.py
[2025-03-13T18:12:44.085+0000] {processor.py:925} INFO - DAG(s) 'dataset_with_extra_by_yield', 'dataset_with_extra_from_classic_operator', 'dataset_with_extra_by_context' retrieved from /root/venv/lib/python3.12/site-packages/airflow/example_dags/example_outlet_event_extra.py
[2025-03-13T18:12:44.112+0000] {logging_mixin.py:190} INFO - [2025-03-13T18:12:44.112+0000] {dag.py:3239} INFO - Sync 3 DAGs
[2025-03-13T18:12:44.141+0000] {logging_mixin.py:190} INFO - [2025-03-13T18:12:44.141+0000] {dag.py:4180} INFO - Setting next_dagrun for dataset_with_extra_by_context to 2025-03-12 00:00:00+00:00, run_after=2025-03-13 00:00:00+00:00
[2025-03-13T18:12:44.147+0000] {logging_mixin.py:190} INFO - [2025-03-13T18:12:44.146+0000] {dag.py:4180} INFO - Setting next_dagrun for dataset_with_extra_by_yield to 2025-03-12 00:00:00+00:00, run_after=2025-03-13 00:00:00+00:00
[2025-03-13T18:12:44.149+0000] {logging_mixin.py:190} INFO - [2025-03-13T18:12:44.149+0000] {dag.py:4180} INFO - Setting next_dagrun for dataset_with_extra_from_classic_operator to 2025-03-12 00:00:00+00:00, run_after=2025-03-13 00:00:00+00:00
[2025-03-13T18:12:44.176+0000] {processor.py:208} INFO - Processing /root/venv/lib/python3.12/site-packages/airflow/example_dags/example_outlet_event_extra.py took 0.123 seconds
[2025-03-13T18:13:50.409+0000] {processor.py:186} INFO - Started process (PID=1661665) to work on /root/venv/lib/python3.12/site-packages/airflow/example_dags/example_outlet_event_extra.py
[2025-03-13T18:13:50.411+0000] {processor.py:914} INFO - Processing file /root/venv/lib/python3.12/site-packages/airflow/example_dags/example_outlet_event_extra.py for tasks to queue
[2025-03-13T18:13:50.413+0000] {logging_mixin.py:190} INFO - [2025-03-13T18:13:50.413+0000] {dagbag.py:588} INFO - Filling up the DagBag from /root/venv/lib/python3.12/site-packages/airflow/example_dags/example_outlet_event_extra.py
[2025-03-13T18:13:50.433+0000] {processor.py:925} INFO - DAG(s) 'dataset_with_extra_by_yield', 'dataset_with_extra_from_classic_operator', 'dataset_with_extra_by_context' retrieved from /root/venv/lib/python3.12/site-packages/airflow/example_dags/example_outlet_event_extra.py
[2025-03-13T18:13:50.465+0000] {logging_mixin.py:190} INFO - [2025-03-13T18:13:50.464+0000] {dag.py:3239} INFO - Sync 3 DAGs
[2025-03-13T18:13:50.498+0000] {logging_mixin.py:190} INFO - [2025-03-13T18:13:50.498+0000] {dag.py:4180} INFO - Setting next_dagrun for dataset_with_extra_by_context to 2025-03-12 00:00:00+00:00, run_after=2025-03-13 00:00:00+00:00
[2025-03-13T18:13:50.504+0000] {logging_mixin.py:190} INFO - [2025-03-13T18:13:50.504+0000] {dag.py:4180} INFO - Setting next_dagrun for dataset_with_extra_by_yield to 2025-03-12 00:00:00+00:00, run_after=2025-03-13 00:00:00+00:00
[2025-03-13T18:13:50.507+0000] {logging_mixin.py:190} INFO - [2025-03-13T18:13:50.507+0000] {dag.py:4180} INFO - Setting next_dagrun for dataset_with_extra_from_classic_operator to 2025-03-12 00:00:00+00:00, run_after=2025-03-13 00:00:00+00:00
[2025-03-13T18:13:50.535+0000] {processor.py:208} INFO - Processing /root/venv/lib/python3.12/site-packages/airflow/example_dags/example_outlet_event_extra.py took 0.135 seconds
[2025-03-13T18:15:00.662+0000] {processor.py:186} INFO - Started process (PID=1661740) to work on /root/venv/lib/python3.12/site-packages/airflow/example_dags/example_outlet_event_extra.py
[2025-03-13T18:15:00.665+0000] {processor.py:914} INFO - Processing file /root/venv/lib/python3.12/site-packages/airflow/example_dags/example_outlet_event_extra.py for tasks to queue
[2025-03-13T18:15:00.668+0000] {logging_mixin.py:190} INFO - [2025-03-13T18:15:00.667+0000] {dagbag.py:588} INFO - Filling up the DagBag from /root/venv/lib/python3.12/site-packages/airflow/example_dags/example_outlet_event_extra.py
[2025-03-13T18:15:00.692+0000] {processor.py:925} INFO - DAG(s) 'dataset_with_extra_from_classic_operator', 'dataset_with_extra_by_yield', 'dataset_with_extra_by_context' retrieved from /root/venv/lib/python3.12/site-packages/airflow/example_dags/example_outlet_event_extra.py
[2025-03-13T18:15:00.728+0000] {logging_mixin.py:190} INFO - [2025-03-13T18:15:00.727+0000] {dag.py:3239} INFO - Sync 3 DAGs
[2025-03-13T18:15:00.763+0000] {logging_mixin.py:190} INFO - [2025-03-13T18:15:00.763+0000] {dag.py:4180} INFO - Setting next_dagrun for dataset_with_extra_by_context to 2025-03-12 00:00:00+00:00, run_after=2025-03-13 00:00:00+00:00
[2025-03-13T18:15:00.770+0000] {logging_mixin.py:190} INFO - [2025-03-13T18:15:00.770+0000] {dag.py:4180} INFO - Setting next_dagrun for dataset_with_extra_by_yield to 2025-03-12 00:00:00+00:00, run_after=2025-03-13 00:00:00+00:00
[2025-03-13T18:15:00.773+0000] {logging_mixin.py:190} INFO - [2025-03-13T18:15:00.773+0000] {dag.py:4180} INFO - Setting next_dagrun for dataset_with_extra_from_classic_operator to 2025-03-12 00:00:00+00:00, run_after=2025-03-13 00:00:00+00:00
[2025-03-13T18:15:00.811+0000] {processor.py:208} INFO - Processing /root/venv/lib/python3.12/site-packages/airflow/example_dags/example_outlet_event_extra.py took 0.158 seconds
[2025-03-13T19:39:38.284+0000] {processor.py:186} INFO - Started process (PID=1662402) to work on /root/venv/lib/python3.12/site-packages/airflow/example_dags/example_outlet_event_extra.py
[2025-03-13T19:39:38.285+0000] {processor.py:914} INFO - Processing file /root/venv/lib/python3.12/site-packages/airflow/example_dags/example_outlet_event_extra.py for tasks to queue
[2025-03-13T19:39:38.289+0000] {logging_mixin.py:190} INFO - [2025-03-13T19:39:38.288+0000] {dagbag.py:588} INFO - Filling up the DagBag from /root/venv/lib/python3.12/site-packages/airflow/example_dags/example_outlet_event_extra.py
[2025-03-13T19:39:38.307+0000] {processor.py:925} INFO - DAG(s) 'dataset_with_extra_by_context', 'dataset_with_extra_from_classic_operator', 'dataset_with_extra_by_yield' retrieved from /root/venv/lib/python3.12/site-packages/airflow/example_dags/example_outlet_event_extra.py
[2025-03-13T19:39:38.335+0000] {logging_mixin.py:190} INFO - [2025-03-13T19:39:38.334+0000] {dag.py:3239} INFO - Sync 3 DAGs
[2025-03-13T19:39:38.356+0000] {logging_mixin.py:190} INFO - [2025-03-13T19:39:38.356+0000] {dag.py:4180} INFO - Setting next_dagrun for dataset_with_extra_by_context to 2025-03-12 00:00:00+00:00, run_after=2025-03-13 00:00:00+00:00
[2025-03-13T19:39:38.360+0000] {logging_mixin.py:190} INFO - [2025-03-13T19:39:38.360+0000] {dag.py:4180} INFO - Setting next_dagrun for dataset_with_extra_by_yield to 2025-03-12 00:00:00+00:00, run_after=2025-03-13 00:00:00+00:00
[2025-03-13T19:39:38.362+0000] {logging_mixin.py:190} INFO - [2025-03-13T19:39:38.362+0000] {dag.py:4180} INFO - Setting next_dagrun for dataset_with_extra_from_classic_operator to 2025-03-12 00:00:00+00:00, run_after=2025-03-13 00:00:00+00:00
[2025-03-13T19:39:38.390+0000] {processor.py:208} INFO - Processing /root/venv/lib/python3.12/site-packages/airflow/example_dags/example_outlet_event_extra.py took 0.116 seconds
