[2025-03-13T17:31:42.549+0000] {processor.py:186} INFO - Started process (PID=1658894) to work on /root/venv/lib/python3.12/site-packages/airflow/example_dags/example_branch_operator_decorator.py
[2025-03-13T17:31:42.550+0000] {processor.py:914} INFO - Processing file /root/venv/lib/python3.12/site-packages/airflow/example_dags/example_branch_operator_decorator.py for tasks to queue
[2025-03-13T17:31:42.554+0000] {logging_mixin.py:190} INFO - [2025-03-13T17:31:42.553+0000] {dagbag.py:588} INFO - Filling up the DagBag from /root/venv/lib/python3.12/site-packages/airflow/example_dags/example_branch_operator_decorator.py
[2025-03-13T17:31:42.561+0000] {processor.py:927} WARNING - No viable dags retrieved from /root/venv/lib/python3.12/site-packages/airflow/example_dags/example_branch_operator_decorator.py
[2025-03-13T17:31:42.580+0000] {processor.py:208} INFO - Processing /root/venv/lib/python3.12/site-packages/airflow/example_dags/example_branch_operator_decorator.py took 0.040 seconds
[2025-03-13T17:32:47.080+0000] {processor.py:186} INFO - Started process (PID=1658978) to work on /root/venv/lib/python3.12/site-packages/airflow/example_dags/example_branch_operator_decorator.py
[2025-03-13T17:32:47.082+0000] {processor.py:914} INFO - Processing file /root/venv/lib/python3.12/site-packages/airflow/example_dags/example_branch_operator_decorator.py for tasks to queue
[2025-03-13T17:32:47.085+0000] {logging_mixin.py:190} INFO - [2025-03-13T17:32:47.084+0000] {dagbag.py:588} INFO - Filling up the DagBag from /root/venv/lib/python3.12/site-packages/airflow/example_dags/example_branch_operator_decorator.py
[2025-03-13T17:32:47.090+0000] {processor.py:927} WARNING - No viable dags retrieved from /root/venv/lib/python3.12/site-packages/airflow/example_dags/example_branch_operator_decorator.py
[2025-03-13T17:32:47.109+0000] {processor.py:208} INFO - Processing /root/venv/lib/python3.12/site-packages/airflow/example_dags/example_branch_operator_decorator.py took 0.037 seconds
[2025-03-13T17:33:47.336+0000] {processor.py:186} INFO - Started process (PID=1659089) to work on /root/venv/lib/python3.12/site-packages/airflow/example_dags/example_branch_operator_decorator.py
[2025-03-13T17:33:47.338+0000] {processor.py:914} INFO - Processing file /root/venv/lib/python3.12/site-packages/airflow/example_dags/example_branch_operator_decorator.py for tasks to queue
[2025-03-13T17:33:47.342+0000] {logging_mixin.py:190} INFO - [2025-03-13T17:33:47.341+0000] {dagbag.py:588} INFO - Filling up the DagBag from /root/venv/lib/python3.12/site-packages/airflow/example_dags/example_branch_operator_decorator.py
[2025-03-13T17:33:47.347+0000] {processor.py:927} WARNING - No viable dags retrieved from /root/venv/lib/python3.12/site-packages/airflow/example_dags/example_branch_operator_decorator.py
[2025-03-13T17:33:47.369+0000] {processor.py:208} INFO - Processing /root/venv/lib/python3.12/site-packages/airflow/example_dags/example_branch_operator_decorator.py took 0.043 seconds
[2025-03-13T17:35:30.894+0000] {processor.py:186} INFO - Started process (PID=1659202) to work on /root/venv/lib/python3.12/site-packages/airflow/example_dags/example_branch_operator_decorator.py
[2025-03-13T17:35:30.896+0000] {processor.py:914} INFO - Processing file /root/venv/lib/python3.12/site-packages/airflow/example_dags/example_branch_operator_decorator.py for tasks to queue
[2025-03-13T17:35:30.899+0000] {logging_mixin.py:190} INFO - [2025-03-13T17:35:30.899+0000] {dagbag.py:588} INFO - Filling up the DagBag from /root/venv/lib/python3.12/site-packages/airflow/example_dags/example_branch_operator_decorator.py
[2025-03-13T17:35:30.904+0000] {processor.py:927} WARNING - No viable dags retrieved from /root/venv/lib/python3.12/site-packages/airflow/example_dags/example_branch_operator_decorator.py
[2025-03-13T17:35:30.922+0000] {processor.py:208} INFO - Processing /root/venv/lib/python3.12/site-packages/airflow/example_dags/example_branch_operator_decorator.py took 0.035 seconds
[2025-03-13T17:36:31.409+0000] {processor.py:186} INFO - Started process (PID=1659270) to work on /root/venv/lib/python3.12/site-packages/airflow/example_dags/example_branch_operator_decorator.py
[2025-03-13T17:36:31.411+0000] {processor.py:914} INFO - Processing file /root/venv/lib/python3.12/site-packages/airflow/example_dags/example_branch_operator_decorator.py for tasks to queue
[2025-03-13T17:36:31.414+0000] {logging_mixin.py:190} INFO - [2025-03-13T17:36:31.413+0000] {dagbag.py:588} INFO - Filling up the DagBag from /root/venv/lib/python3.12/site-packages/airflow/example_dags/example_branch_operator_decorator.py
[2025-03-13T17:36:31.417+0000] {processor.py:927} WARNING - No viable dags retrieved from /root/venv/lib/python3.12/site-packages/airflow/example_dags/example_branch_operator_decorator.py
[2025-03-13T17:36:31.432+0000] {processor.py:208} INFO - Processing /root/venv/lib/python3.12/site-packages/airflow/example_dags/example_branch_operator_decorator.py took 0.030 seconds
[2025-03-13T17:37:32.322+0000] {processor.py:186} INFO - Started process (PID=1659331) to work on /root/venv/lib/python3.12/site-packages/airflow/example_dags/example_branch_operator_decorator.py
[2025-03-13T17:37:32.323+0000] {processor.py:914} INFO - Processing file /root/venv/lib/python3.12/site-packages/airflow/example_dags/example_branch_operator_decorator.py for tasks to queue
[2025-03-13T17:37:32.327+0000] {logging_mixin.py:190} INFO - [2025-03-13T17:37:32.326+0000] {dagbag.py:588} INFO - Filling up the DagBag from /root/venv/lib/python3.12/site-packages/airflow/example_dags/example_branch_operator_decorator.py
[2025-03-13T17:37:32.332+0000] {processor.py:927} WARNING - No viable dags retrieved from /root/venv/lib/python3.12/site-packages/airflow/example_dags/example_branch_operator_decorator.py
[2025-03-13T17:37:32.351+0000] {processor.py:208} INFO - Processing /root/venv/lib/python3.12/site-packages/airflow/example_dags/example_branch_operator_decorator.py took 0.037 seconds
[2025-03-13T17:38:34.503+0000] {processor.py:186} INFO - Started process (PID=1659394) to work on /root/venv/lib/python3.12/site-packages/airflow/example_dags/example_branch_operator_decorator.py
[2025-03-13T17:38:34.505+0000] {processor.py:914} INFO - Processing file /root/venv/lib/python3.12/site-packages/airflow/example_dags/example_branch_operator_decorator.py for tasks to queue
[2025-03-13T17:38:34.507+0000] {logging_mixin.py:190} INFO - [2025-03-13T17:38:34.507+0000] {dagbag.py:588} INFO - Filling up the DagBag from /root/venv/lib/python3.12/site-packages/airflow/example_dags/example_branch_operator_decorator.py
[2025-03-13T17:38:34.511+0000] {processor.py:927} WARNING - No viable dags retrieved from /root/venv/lib/python3.12/site-packages/airflow/example_dags/example_branch_operator_decorator.py
[2025-03-13T17:38:34.527+0000] {processor.py:208} INFO - Processing /root/venv/lib/python3.12/site-packages/airflow/example_dags/example_branch_operator_decorator.py took 0.031 seconds
[2025-03-13T17:39:36.590+0000] {processor.py:186} INFO - Started process (PID=1659456) to work on /root/venv/lib/python3.12/site-packages/airflow/example_dags/example_branch_operator_decorator.py
[2025-03-13T17:39:36.592+0000] {processor.py:914} INFO - Processing file /root/venv/lib/python3.12/site-packages/airflow/example_dags/example_branch_operator_decorator.py for tasks to queue
[2025-03-13T17:39:36.594+0000] {logging_mixin.py:190} INFO - [2025-03-13T17:39:36.594+0000] {dagbag.py:588} INFO - Filling up the DagBag from /root/venv/lib/python3.12/site-packages/airflow/example_dags/example_branch_operator_decorator.py
[2025-03-13T17:39:36.598+0000] {processor.py:927} WARNING - No viable dags retrieved from /root/venv/lib/python3.12/site-packages/airflow/example_dags/example_branch_operator_decorator.py
[2025-03-13T17:39:36.611+0000] {processor.py:208} INFO - Processing /root/venv/lib/python3.12/site-packages/airflow/example_dags/example_branch_operator_decorator.py took 0.028 seconds
[2025-03-13T17:40:34.624+0000] {processor.py:186} INFO - Started process (PID=1659521) to work on /root/venv/lib/python3.12/site-packages/airflow/example_dags/example_branch_operator_decorator.py
[2025-03-13T17:40:34.626+0000] {processor.py:914} INFO - Processing file /root/venv/lib/python3.12/site-packages/airflow/example_dags/example_branch_operator_decorator.py for tasks to queue
[2025-03-13T17:40:34.629+0000] {logging_mixin.py:190} INFO - [2025-03-13T17:40:34.629+0000] {dagbag.py:588} INFO - Filling up the DagBag from /root/venv/lib/python3.12/site-packages/airflow/example_dags/example_branch_operator_decorator.py
[2025-03-13T17:40:34.634+0000] {processor.py:927} WARNING - No viable dags retrieved from /root/venv/lib/python3.12/site-packages/airflow/example_dags/example_branch_operator_decorator.py
[2025-03-13T17:40:34.655+0000] {processor.py:208} INFO - Processing /root/venv/lib/python3.12/site-packages/airflow/example_dags/example_branch_operator_decorator.py took 0.042 seconds
[2025-03-13T17:41:36.993+0000] {processor.py:186} INFO - Started process (PID=1659587) to work on /root/venv/lib/python3.12/site-packages/airflow/example_dags/example_branch_operator_decorator.py
[2025-03-13T17:41:36.995+0000] {processor.py:914} INFO - Processing file /root/venv/lib/python3.12/site-packages/airflow/example_dags/example_branch_operator_decorator.py for tasks to queue
[2025-03-13T17:41:36.999+0000] {logging_mixin.py:190} INFO - [2025-03-13T17:41:36.998+0000] {dagbag.py:588} INFO - Filling up the DagBag from /root/venv/lib/python3.12/site-packages/airflow/example_dags/example_branch_operator_decorator.py
[2025-03-13T17:41:37.004+0000] {processor.py:927} WARNING - No viable dags retrieved from /root/venv/lib/python3.12/site-packages/airflow/example_dags/example_branch_operator_decorator.py
[2025-03-13T17:41:37.019+0000] {processor.py:208} INFO - Processing /root/venv/lib/python3.12/site-packages/airflow/example_dags/example_branch_operator_decorator.py took 0.035 seconds
[2025-03-13T17:42:43.408+0000] {processor.py:186} INFO - Started process (PID=1659656) to work on /root/venv/lib/python3.12/site-packages/airflow/example_dags/example_branch_operator_decorator.py
[2025-03-13T17:42:43.410+0000] {processor.py:914} INFO - Processing file /root/venv/lib/python3.12/site-packages/airflow/example_dags/example_branch_operator_decorator.py for tasks to queue
[2025-03-13T17:42:43.413+0000] {logging_mixin.py:190} INFO - [2025-03-13T17:42:43.413+0000] {dagbag.py:588} INFO - Filling up the DagBag from /root/venv/lib/python3.12/site-packages/airflow/example_dags/example_branch_operator_decorator.py
[2025-03-13T17:42:43.417+0000] {processor.py:927} WARNING - No viable dags retrieved from /root/venv/lib/python3.12/site-packages/airflow/example_dags/example_branch_operator_decorator.py
[2025-03-13T17:42:43.435+0000] {processor.py:208} INFO - Processing /root/venv/lib/python3.12/site-packages/airflow/example_dags/example_branch_operator_decorator.py took 0.036 seconds
[2025-03-13T17:43:42.610+0000] {processor.py:186} INFO - Started process (PID=1659716) to work on /root/venv/lib/python3.12/site-packages/airflow/example_dags/example_branch_operator_decorator.py
[2025-03-13T17:43:42.611+0000] {processor.py:914} INFO - Processing file /root/venv/lib/python3.12/site-packages/airflow/example_dags/example_branch_operator_decorator.py for tasks to queue
[2025-03-13T17:43:42.614+0000] {logging_mixin.py:190} INFO - [2025-03-13T17:43:42.614+0000] {dagbag.py:588} INFO - Filling up the DagBag from /root/venv/lib/python3.12/site-packages/airflow/example_dags/example_branch_operator_decorator.py
[2025-03-13T17:43:42.618+0000] {processor.py:927} WARNING - No viable dags retrieved from /root/venv/lib/python3.12/site-packages/airflow/example_dags/example_branch_operator_decorator.py
[2025-03-13T17:43:42.633+0000] {processor.py:208} INFO - Processing /root/venv/lib/python3.12/site-packages/airflow/example_dags/example_branch_operator_decorator.py took 0.031 seconds
[2025-03-13T17:44:44.023+0000] {processor.py:186} INFO - Started process (PID=1659796) to work on /root/venv/lib/python3.12/site-packages/airflow/example_dags/example_branch_operator_decorator.py
[2025-03-13T17:44:44.025+0000] {processor.py:914} INFO - Processing file /root/venv/lib/python3.12/site-packages/airflow/example_dags/example_branch_operator_decorator.py for tasks to queue
[2025-03-13T17:44:44.028+0000] {logging_mixin.py:190} INFO - [2025-03-13T17:44:44.028+0000] {dagbag.py:588} INFO - Filling up the DagBag from /root/venv/lib/python3.12/site-packages/airflow/example_dags/example_branch_operator_decorator.py
[2025-03-13T17:44:44.033+0000] {processor.py:927} WARNING - No viable dags retrieved from /root/venv/lib/python3.12/site-packages/airflow/example_dags/example_branch_operator_decorator.py
[2025-03-13T17:44:44.049+0000] {processor.py:208} INFO - Processing /root/venv/lib/python3.12/site-packages/airflow/example_dags/example_branch_operator_decorator.py took 0.033 seconds
[2025-03-13T17:45:48.915+0000] {processor.py:186} INFO - Started process (PID=1659862) to work on /root/venv/lib/python3.12/site-packages/airflow/example_dags/example_branch_operator_decorator.py
[2025-03-13T17:45:48.917+0000] {processor.py:914} INFO - Processing file /root/venv/lib/python3.12/site-packages/airflow/example_dags/example_branch_operator_decorator.py for tasks to queue
[2025-03-13T17:45:48.920+0000] {logging_mixin.py:190} INFO - [2025-03-13T17:45:48.919+0000] {dagbag.py:588} INFO - Filling up the DagBag from /root/venv/lib/python3.12/site-packages/airflow/example_dags/example_branch_operator_decorator.py
[2025-03-13T17:45:48.925+0000] {processor.py:927} WARNING - No viable dags retrieved from /root/venv/lib/python3.12/site-packages/airflow/example_dags/example_branch_operator_decorator.py
[2025-03-13T17:45:48.943+0000] {processor.py:208} INFO - Processing /root/venv/lib/python3.12/site-packages/airflow/example_dags/example_branch_operator_decorator.py took 0.036 seconds
[2025-03-13T17:46:53.932+0000] {processor.py:186} INFO - Started process (PID=1659927) to work on /root/venv/lib/python3.12/site-packages/airflow/example_dags/example_branch_operator_decorator.py
[2025-03-13T17:46:53.935+0000] {processor.py:914} INFO - Processing file /root/venv/lib/python3.12/site-packages/airflow/example_dags/example_branch_operator_decorator.py for tasks to queue
[2025-03-13T17:46:53.938+0000] {logging_mixin.py:190} INFO - [2025-03-13T17:46:53.937+0000] {dagbag.py:588} INFO - Filling up the DagBag from /root/venv/lib/python3.12/site-packages/airflow/example_dags/example_branch_operator_decorator.py
[2025-03-13T17:46:53.942+0000] {processor.py:927} WARNING - No viable dags retrieved from /root/venv/lib/python3.12/site-packages/airflow/example_dags/example_branch_operator_decorator.py
[2025-03-13T17:46:53.958+0000] {processor.py:208} INFO - Processing /root/venv/lib/python3.12/site-packages/airflow/example_dags/example_branch_operator_decorator.py took 0.037 seconds
[2025-03-13T17:47:52.982+0000] {processor.py:186} INFO - Started process (PID=1659991) to work on /root/venv/lib/python3.12/site-packages/airflow/example_dags/example_branch_operator_decorator.py
[2025-03-13T17:47:52.984+0000] {processor.py:914} INFO - Processing file /root/venv/lib/python3.12/site-packages/airflow/example_dags/example_branch_operator_decorator.py for tasks to queue
[2025-03-13T17:47:52.987+0000] {logging_mixin.py:190} INFO - [2025-03-13T17:47:52.986+0000] {dagbag.py:588} INFO - Filling up the DagBag from /root/venv/lib/python3.12/site-packages/airflow/example_dags/example_branch_operator_decorator.py
[2025-03-13T17:47:52.992+0000] {processor.py:927} WARNING - No viable dags retrieved from /root/venv/lib/python3.12/site-packages/airflow/example_dags/example_branch_operator_decorator.py
[2025-03-13T17:47:53.021+0000] {processor.py:208} INFO - Processing /root/venv/lib/python3.12/site-packages/airflow/example_dags/example_branch_operator_decorator.py took 0.049 seconds
[2025-03-13T17:48:54.619+0000] {processor.py:186} INFO - Started process (PID=1660054) to work on /root/venv/lib/python3.12/site-packages/airflow/example_dags/example_branch_operator_decorator.py
[2025-03-13T17:48:54.621+0000] {processor.py:914} INFO - Processing file /root/venv/lib/python3.12/site-packages/airflow/example_dags/example_branch_operator_decorator.py for tasks to queue
[2025-03-13T17:48:54.626+0000] {logging_mixin.py:190} INFO - [2025-03-13T17:48:54.625+0000] {dagbag.py:588} INFO - Filling up the DagBag from /root/venv/lib/python3.12/site-packages/airflow/example_dags/example_branch_operator_decorator.py
[2025-03-13T17:48:54.631+0000] {processor.py:927} WARNING - No viable dags retrieved from /root/venv/lib/python3.12/site-packages/airflow/example_dags/example_branch_operator_decorator.py
[2025-03-13T17:48:54.651+0000] {processor.py:208} INFO - Processing /root/venv/lib/python3.12/site-packages/airflow/example_dags/example_branch_operator_decorator.py took 0.042 seconds
[2025-03-13T17:49:57.309+0000] {processor.py:186} INFO - Started process (PID=1660116) to work on /root/venv/lib/python3.12/site-packages/airflow/example_dags/example_branch_operator_decorator.py
[2025-03-13T17:49:57.311+0000] {processor.py:914} INFO - Processing file /root/venv/lib/python3.12/site-packages/airflow/example_dags/example_branch_operator_decorator.py for tasks to queue
[2025-03-13T17:49:57.314+0000] {logging_mixin.py:190} INFO - [2025-03-13T17:49:57.313+0000] {dagbag.py:588} INFO - Filling up the DagBag from /root/venv/lib/python3.12/site-packages/airflow/example_dags/example_branch_operator_decorator.py
[2025-03-13T17:49:57.318+0000] {processor.py:927} WARNING - No viable dags retrieved from /root/venv/lib/python3.12/site-packages/airflow/example_dags/example_branch_operator_decorator.py
[2025-03-13T17:49:57.333+0000] {processor.py:208} INFO - Processing /root/venv/lib/python3.12/site-packages/airflow/example_dags/example_branch_operator_decorator.py took 0.032 seconds
[2025-03-13T17:51:00.975+0000] {processor.py:186} INFO - Started process (PID=1660186) to work on /root/venv/lib/python3.12/site-packages/airflow/example_dags/example_branch_operator_decorator.py
[2025-03-13T17:51:00.977+0000] {processor.py:914} INFO - Processing file /root/venv/lib/python3.12/site-packages/airflow/example_dags/example_branch_operator_decorator.py for tasks to queue
[2025-03-13T17:51:00.981+0000] {logging_mixin.py:190} INFO - [2025-03-13T17:51:00.981+0000] {dagbag.py:588} INFO - Filling up the DagBag from /root/venv/lib/python3.12/site-packages/airflow/example_dags/example_branch_operator_decorator.py
[2025-03-13T17:51:00.987+0000] {processor.py:927} WARNING - No viable dags retrieved from /root/venv/lib/python3.12/site-packages/airflow/example_dags/example_branch_operator_decorator.py
[2025-03-13T17:51:01.009+0000] {processor.py:208} INFO - Processing /root/venv/lib/python3.12/site-packages/airflow/example_dags/example_branch_operator_decorator.py took 0.045 seconds
[2025-03-13T17:52:04.820+0000] {processor.py:186} INFO - Started process (PID=1660248) to work on /root/venv/lib/python3.12/site-packages/airflow/example_dags/example_branch_operator_decorator.py
[2025-03-13T17:52:04.822+0000] {processor.py:914} INFO - Processing file /root/venv/lib/python3.12/site-packages/airflow/example_dags/example_branch_operator_decorator.py for tasks to queue
[2025-03-13T17:52:04.827+0000] {logging_mixin.py:190} INFO - [2025-03-13T17:52:04.826+0000] {dagbag.py:588} INFO - Filling up the DagBag from /root/venv/lib/python3.12/site-packages/airflow/example_dags/example_branch_operator_decorator.py
[2025-03-13T17:52:04.833+0000] {processor.py:927} WARNING - No viable dags retrieved from /root/venv/lib/python3.12/site-packages/airflow/example_dags/example_branch_operator_decorator.py
[2025-03-13T17:52:04.856+0000] {processor.py:208} INFO - Processing /root/venv/lib/python3.12/site-packages/airflow/example_dags/example_branch_operator_decorator.py took 0.047 seconds
[2025-03-13T17:53:07.419+0000] {processor.py:186} INFO - Started process (PID=1660311) to work on /root/venv/lib/python3.12/site-packages/airflow/example_dags/example_branch_operator_decorator.py
[2025-03-13T17:53:07.421+0000] {processor.py:914} INFO - Processing file /root/venv/lib/python3.12/site-packages/airflow/example_dags/example_branch_operator_decorator.py for tasks to queue
[2025-03-13T17:53:07.424+0000] {logging_mixin.py:190} INFO - [2025-03-13T17:53:07.423+0000] {dagbag.py:588} INFO - Filling up the DagBag from /root/venv/lib/python3.12/site-packages/airflow/example_dags/example_branch_operator_decorator.py
[2025-03-13T17:53:07.429+0000] {processor.py:927} WARNING - No viable dags retrieved from /root/venv/lib/python3.12/site-packages/airflow/example_dags/example_branch_operator_decorator.py
[2025-03-13T17:53:07.445+0000] {processor.py:208} INFO - Processing /root/venv/lib/python3.12/site-packages/airflow/example_dags/example_branch_operator_decorator.py took 0.035 seconds
[2025-03-13T17:54:09.017+0000] {processor.py:186} INFO - Started process (PID=1660374) to work on /root/venv/lib/python3.12/site-packages/airflow/example_dags/example_branch_operator_decorator.py
[2025-03-13T17:54:09.019+0000] {processor.py:914} INFO - Processing file /root/venv/lib/python3.12/site-packages/airflow/example_dags/example_branch_operator_decorator.py for tasks to queue
[2025-03-13T17:54:09.022+0000] {logging_mixin.py:190} INFO - [2025-03-13T17:54:09.021+0000] {dagbag.py:588} INFO - Filling up the DagBag from /root/venv/lib/python3.12/site-packages/airflow/example_dags/example_branch_operator_decorator.py
[2025-03-13T17:54:09.026+0000] {processor.py:927} WARNING - No viable dags retrieved from /root/venv/lib/python3.12/site-packages/airflow/example_dags/example_branch_operator_decorator.py
[2025-03-13T17:54:09.040+0000] {processor.py:208} INFO - Processing /root/venv/lib/python3.12/site-packages/airflow/example_dags/example_branch_operator_decorator.py took 0.032 seconds
[2025-03-13T17:55:12.530+0000] {processor.py:186} INFO - Started process (PID=1660439) to work on /root/venv/lib/python3.12/site-packages/airflow/example_dags/example_branch_operator_decorator.py
[2025-03-13T17:55:12.532+0000] {processor.py:914} INFO - Processing file /root/venv/lib/python3.12/site-packages/airflow/example_dags/example_branch_operator_decorator.py for tasks to queue
[2025-03-13T17:55:12.535+0000] {logging_mixin.py:190} INFO - [2025-03-13T17:55:12.534+0000] {dagbag.py:588} INFO - Filling up the DagBag from /root/venv/lib/python3.12/site-packages/airflow/example_dags/example_branch_operator_decorator.py
[2025-03-13T17:55:12.539+0000] {processor.py:927} WARNING - No viable dags retrieved from /root/venv/lib/python3.12/site-packages/airflow/example_dags/example_branch_operator_decorator.py
[2025-03-13T17:55:12.555+0000] {processor.py:208} INFO - Processing /root/venv/lib/python3.12/site-packages/airflow/example_dags/example_branch_operator_decorator.py took 0.036 seconds
[2025-03-13T17:57:19.130+0000] {processor.py:186} INFO - Started process (PID=1660597) to work on /root/venv/lib/python3.12/site-packages/airflow/example_dags/example_branch_operator_decorator.py
[2025-03-13T17:57:19.132+0000] {processor.py:914} INFO - Processing file /root/venv/lib/python3.12/site-packages/airflow/example_dags/example_branch_operator_decorator.py for tasks to queue
[2025-03-13T17:57:19.135+0000] {logging_mixin.py:190} INFO - [2025-03-13T17:57:19.134+0000] {dagbag.py:588} INFO - Filling up the DagBag from /root/venv/lib/python3.12/site-packages/airflow/example_dags/example_branch_operator_decorator.py
[2025-03-13T17:57:19.139+0000] {processor.py:927} WARNING - No viable dags retrieved from /root/venv/lib/python3.12/site-packages/airflow/example_dags/example_branch_operator_decorator.py
[2025-03-13T17:57:19.154+0000] {processor.py:208} INFO - Processing /root/venv/lib/python3.12/site-packages/airflow/example_dags/example_branch_operator_decorator.py took 0.031 seconds
[2025-03-13T17:58:17.873+0000] {processor.py:186} INFO - Started process (PID=1660667) to work on /root/venv/lib/python3.12/site-packages/airflow/example_dags/example_branch_operator_decorator.py
[2025-03-13T17:58:17.875+0000] {processor.py:914} INFO - Processing file /root/venv/lib/python3.12/site-packages/airflow/example_dags/example_branch_operator_decorator.py for tasks to queue
[2025-03-13T17:58:17.878+0000] {logging_mixin.py:190} INFO - [2025-03-13T17:58:17.877+0000] {dagbag.py:588} INFO - Filling up the DagBag from /root/venv/lib/python3.12/site-packages/airflow/example_dags/example_branch_operator_decorator.py
[2025-03-13T17:58:17.881+0000] {processor.py:927} WARNING - No viable dags retrieved from /root/venv/lib/python3.12/site-packages/airflow/example_dags/example_branch_operator_decorator.py
[2025-03-13T17:58:17.896+0000] {processor.py:208} INFO - Processing /root/venv/lib/python3.12/site-packages/airflow/example_dags/example_branch_operator_decorator.py took 0.029 seconds
[2025-03-13T17:59:16.881+0000] {processor.py:186} INFO - Started process (PID=1660727) to work on /root/venv/lib/python3.12/site-packages/airflow/example_dags/example_branch_operator_decorator.py
[2025-03-13T17:59:16.883+0000] {processor.py:914} INFO - Processing file /root/venv/lib/python3.12/site-packages/airflow/example_dags/example_branch_operator_decorator.py for tasks to queue
[2025-03-13T17:59:16.886+0000] {logging_mixin.py:190} INFO - [2025-03-13T17:59:16.886+0000] {dagbag.py:588} INFO - Filling up the DagBag from /root/venv/lib/python3.12/site-packages/airflow/example_dags/example_branch_operator_decorator.py
[2025-03-13T17:59:16.890+0000] {processor.py:927} WARNING - No viable dags retrieved from /root/venv/lib/python3.12/site-packages/airflow/example_dags/example_branch_operator_decorator.py
[2025-03-13T17:59:16.907+0000] {processor.py:208} INFO - Processing /root/venv/lib/python3.12/site-packages/airflow/example_dags/example_branch_operator_decorator.py took 0.034 seconds
[2025-03-13T18:00:18.307+0000] {processor.py:186} INFO - Started process (PID=1660794) to work on /root/venv/lib/python3.12/site-packages/airflow/example_dags/example_branch_operator_decorator.py
[2025-03-13T18:00:18.309+0000] {processor.py:914} INFO - Processing file /root/venv/lib/python3.12/site-packages/airflow/example_dags/example_branch_operator_decorator.py for tasks to queue
[2025-03-13T18:00:18.313+0000] {logging_mixin.py:190} INFO - [2025-03-13T18:00:18.312+0000] {dagbag.py:588} INFO - Filling up the DagBag from /root/venv/lib/python3.12/site-packages/airflow/example_dags/example_branch_operator_decorator.py
[2025-03-13T18:00:18.319+0000] {processor.py:927} WARNING - No viable dags retrieved from /root/venv/lib/python3.12/site-packages/airflow/example_dags/example_branch_operator_decorator.py
[2025-03-13T18:00:18.340+0000] {processor.py:208} INFO - Processing /root/venv/lib/python3.12/site-packages/airflow/example_dags/example_branch_operator_decorator.py took 0.040 seconds
[2025-03-13T18:01:52.091+0000] {processor.py:186} INFO - Started process (PID=1660898) to work on /root/venv/lib/python3.12/site-packages/airflow/example_dags/example_branch_operator_decorator.py
[2025-03-13T18:01:52.092+0000] {processor.py:914} INFO - Processing file /root/venv/lib/python3.12/site-packages/airflow/example_dags/example_branch_operator_decorator.py for tasks to queue
[2025-03-13T18:01:52.095+0000] {logging_mixin.py:190} INFO - [2025-03-13T18:01:52.094+0000] {dagbag.py:588} INFO - Filling up the DagBag from /root/venv/lib/python3.12/site-packages/airflow/example_dags/example_branch_operator_decorator.py
[2025-03-13T18:01:52.099+0000] {processor.py:927} WARNING - No viable dags retrieved from /root/venv/lib/python3.12/site-packages/airflow/example_dags/example_branch_operator_decorator.py
[2025-03-13T18:01:52.113+0000] {processor.py:208} INFO - Processing /root/venv/lib/python3.12/site-packages/airflow/example_dags/example_branch_operator_decorator.py took 0.029 seconds
[2025-03-13T18:02:54.272+0000] {processor.py:186} INFO - Started process (PID=1660967) to work on /root/venv/lib/python3.12/site-packages/airflow/example_dags/example_branch_operator_decorator.py
[2025-03-13T18:02:54.273+0000] {processor.py:914} INFO - Processing file /root/venv/lib/python3.12/site-packages/airflow/example_dags/example_branch_operator_decorator.py for tasks to queue
[2025-03-13T18:02:54.277+0000] {logging_mixin.py:190} INFO - [2025-03-13T18:02:54.276+0000] {dagbag.py:588} INFO - Filling up the DagBag from /root/venv/lib/python3.12/site-packages/airflow/example_dags/example_branch_operator_decorator.py
[2025-03-13T18:02:54.281+0000] {processor.py:927} WARNING - No viable dags retrieved from /root/venv/lib/python3.12/site-packages/airflow/example_dags/example_branch_operator_decorator.py
[2025-03-13T18:02:54.294+0000] {processor.py:208} INFO - Processing /root/venv/lib/python3.12/site-packages/airflow/example_dags/example_branch_operator_decorator.py took 0.032 seconds
[2025-03-13T18:04:00.950+0000] {processor.py:186} INFO - Started process (PID=1661035) to work on /root/venv/lib/python3.12/site-packages/airflow/example_dags/example_branch_operator_decorator.py
[2025-03-13T18:04:00.952+0000] {processor.py:914} INFO - Processing file /root/venv/lib/python3.12/site-packages/airflow/example_dags/example_branch_operator_decorator.py for tasks to queue
[2025-03-13T18:04:00.955+0000] {logging_mixin.py:190} INFO - [2025-03-13T18:04:00.954+0000] {dagbag.py:588} INFO - Filling up the DagBag from /root/venv/lib/python3.12/site-packages/airflow/example_dags/example_branch_operator_decorator.py
[2025-03-13T18:04:00.959+0000] {processor.py:927} WARNING - No viable dags retrieved from /root/venv/lib/python3.12/site-packages/airflow/example_dags/example_branch_operator_decorator.py
[2025-03-13T18:04:00.973+0000] {processor.py:208} INFO - Processing /root/venv/lib/python3.12/site-packages/airflow/example_dags/example_branch_operator_decorator.py took 0.032 seconds
[2025-03-13T18:05:21.306+0000] {processor.py:186} INFO - Started process (PID=1661110) to work on /root/venv/lib/python3.12/site-packages/airflow/example_dags/example_branch_operator_decorator.py
[2025-03-13T18:05:21.308+0000] {processor.py:914} INFO - Processing file /root/venv/lib/python3.12/site-packages/airflow/example_dags/example_branch_operator_decorator.py for tasks to queue
[2025-03-13T18:05:21.312+0000] {logging_mixin.py:190} INFO - [2025-03-13T18:05:21.311+0000] {dagbag.py:588} INFO - Filling up the DagBag from /root/venv/lib/python3.12/site-packages/airflow/example_dags/example_branch_operator_decorator.py
[2025-03-13T18:05:21.316+0000] {processor.py:927} WARNING - No viable dags retrieved from /root/venv/lib/python3.12/site-packages/airflow/example_dags/example_branch_operator_decorator.py
[2025-03-13T18:05:21.333+0000] {processor.py:208} INFO - Processing /root/venv/lib/python3.12/site-packages/airflow/example_dags/example_branch_operator_decorator.py took 0.036 seconds
[2025-03-13T18:06:25.847+0000] {processor.py:186} INFO - Started process (PID=1661179) to work on /root/venv/lib/python3.12/site-packages/airflow/example_dags/example_branch_operator_decorator.py
[2025-03-13T18:06:25.849+0000] {processor.py:914} INFO - Processing file /root/venv/lib/python3.12/site-packages/airflow/example_dags/example_branch_operator_decorator.py for tasks to queue
[2025-03-13T18:06:25.853+0000] {logging_mixin.py:190} INFO - [2025-03-13T18:06:25.852+0000] {dagbag.py:588} INFO - Filling up the DagBag from /root/venv/lib/python3.12/site-packages/airflow/example_dags/example_branch_operator_decorator.py
[2025-03-13T18:06:25.858+0000] {processor.py:927} WARNING - No viable dags retrieved from /root/venv/lib/python3.12/site-packages/airflow/example_dags/example_branch_operator_decorator.py
[2025-03-13T18:06:25.876+0000] {processor.py:208} INFO - Processing /root/venv/lib/python3.12/site-packages/airflow/example_dags/example_branch_operator_decorator.py took 0.037 seconds
[2025-03-13T18:07:38.918+0000] {processor.py:186} INFO - Started process (PID=1661261) to work on /root/venv/lib/python3.12/site-packages/airflow/example_dags/example_branch_operator_decorator.py
[2025-03-13T18:07:38.919+0000] {processor.py:914} INFO - Processing file /root/venv/lib/python3.12/site-packages/airflow/example_dags/example_branch_operator_decorator.py for tasks to queue
[2025-03-13T18:07:38.922+0000] {logging_mixin.py:190} INFO - [2025-03-13T18:07:38.922+0000] {dagbag.py:588} INFO - Filling up the DagBag from /root/venv/lib/python3.12/site-packages/airflow/example_dags/example_branch_operator_decorator.py
[2025-03-13T18:07:38.926+0000] {processor.py:927} WARNING - No viable dags retrieved from /root/venv/lib/python3.12/site-packages/airflow/example_dags/example_branch_operator_decorator.py
[2025-03-13T18:07:38.941+0000] {processor.py:208} INFO - Processing /root/venv/lib/python3.12/site-packages/airflow/example_dags/example_branch_operator_decorator.py took 0.030 seconds
[2025-03-13T18:08:45.131+0000] {processor.py:186} INFO - Started process (PID=1661338) to work on /root/venv/lib/python3.12/site-packages/airflow/example_dags/example_branch_operator_decorator.py
[2025-03-13T18:08:45.133+0000] {processor.py:914} INFO - Processing file /root/venv/lib/python3.12/site-packages/airflow/example_dags/example_branch_operator_decorator.py for tasks to queue
[2025-03-13T18:08:45.136+0000] {logging_mixin.py:190} INFO - [2025-03-13T18:08:45.135+0000] {dagbag.py:588} INFO - Filling up the DagBag from /root/venv/lib/python3.12/site-packages/airflow/example_dags/example_branch_operator_decorator.py
[2025-03-13T18:08:45.139+0000] {processor.py:927} WARNING - No viable dags retrieved from /root/venv/lib/python3.12/site-packages/airflow/example_dags/example_branch_operator_decorator.py
[2025-03-13T18:08:45.153+0000] {processor.py:208} INFO - Processing /root/venv/lib/python3.12/site-packages/airflow/example_dags/example_branch_operator_decorator.py took 0.032 seconds
[2025-03-13T18:09:46.711+0000] {processor.py:186} INFO - Started process (PID=1661403) to work on /root/venv/lib/python3.12/site-packages/airflow/example_dags/example_branch_operator_decorator.py
[2025-03-13T18:09:46.712+0000] {processor.py:914} INFO - Processing file /root/venv/lib/python3.12/site-packages/airflow/example_dags/example_branch_operator_decorator.py for tasks to queue
[2025-03-13T18:09:46.715+0000] {logging_mixin.py:190} INFO - [2025-03-13T18:09:46.715+0000] {dagbag.py:588} INFO - Filling up the DagBag from /root/venv/lib/python3.12/site-packages/airflow/example_dags/example_branch_operator_decorator.py
[2025-03-13T18:09:46.721+0000] {processor.py:927} WARNING - No viable dags retrieved from /root/venv/lib/python3.12/site-packages/airflow/example_dags/example_branch_operator_decorator.py
[2025-03-13T18:09:46.742+0000] {processor.py:208} INFO - Processing /root/venv/lib/python3.12/site-packages/airflow/example_dags/example_branch_operator_decorator.py took 0.040 seconds
[2025-03-13T18:10:50.824+0000] {processor.py:186} INFO - Started process (PID=1661473) to work on /root/venv/lib/python3.12/site-packages/airflow/example_dags/example_branch_operator_decorator.py
[2025-03-13T18:10:50.827+0000] {processor.py:914} INFO - Processing file /root/venv/lib/python3.12/site-packages/airflow/example_dags/example_branch_operator_decorator.py for tasks to queue
[2025-03-13T18:10:50.830+0000] {logging_mixin.py:190} INFO - [2025-03-13T18:10:50.829+0000] {dagbag.py:588} INFO - Filling up the DagBag from /root/venv/lib/python3.12/site-packages/airflow/example_dags/example_branch_operator_decorator.py
[2025-03-13T18:10:50.834+0000] {processor.py:927} WARNING - No viable dags retrieved from /root/venv/lib/python3.12/site-packages/airflow/example_dags/example_branch_operator_decorator.py
[2025-03-13T18:10:50.849+0000] {processor.py:208} INFO - Processing /root/venv/lib/python3.12/site-packages/airflow/example_dags/example_branch_operator_decorator.py took 0.033 seconds
[2025-03-13T18:11:57.510+0000] {processor.py:186} INFO - Started process (PID=1661539) to work on /root/venv/lib/python3.12/site-packages/airflow/example_dags/example_branch_operator_decorator.py
[2025-03-13T18:11:57.511+0000] {processor.py:914} INFO - Processing file /root/venv/lib/python3.12/site-packages/airflow/example_dags/example_branch_operator_decorator.py for tasks to queue
[2025-03-13T18:11:57.513+0000] {logging_mixin.py:190} INFO - [2025-03-13T18:11:57.512+0000] {dagbag.py:588} INFO - Filling up the DagBag from /root/venv/lib/python3.12/site-packages/airflow/example_dags/example_branch_operator_decorator.py
[2025-03-13T18:11:57.517+0000] {processor.py:927} WARNING - No viable dags retrieved from /root/venv/lib/python3.12/site-packages/airflow/example_dags/example_branch_operator_decorator.py
[2025-03-13T18:11:57.531+0000] {processor.py:208} INFO - Processing /root/venv/lib/python3.12/site-packages/airflow/example_dags/example_branch_operator_decorator.py took 0.029 seconds
[2025-03-13T18:13:04.748+0000] {processor.py:186} INFO - Started process (PID=1661619) to work on /root/venv/lib/python3.12/site-packages/airflow/example_dags/example_branch_operator_decorator.py
[2025-03-13T18:13:04.751+0000] {processor.py:914} INFO - Processing file /root/venv/lib/python3.12/site-packages/airflow/example_dags/example_branch_operator_decorator.py for tasks to queue
[2025-03-13T18:13:04.756+0000] {logging_mixin.py:190} INFO - [2025-03-13T18:13:04.755+0000] {dagbag.py:588} INFO - Filling up the DagBag from /root/venv/lib/python3.12/site-packages/airflow/example_dags/example_branch_operator_decorator.py
[2025-03-13T18:13:04.762+0000] {processor.py:927} WARNING - No viable dags retrieved from /root/venv/lib/python3.12/site-packages/airflow/example_dags/example_branch_operator_decorator.py
[2025-03-13T18:13:04.828+0000] {processor.py:208} INFO - Processing /root/venv/lib/python3.12/site-packages/airflow/example_dags/example_branch_operator_decorator.py took 0.103 seconds
[2025-03-13T18:14:09.951+0000] {processor.py:186} INFO - Started process (PID=1661687) to work on /root/venv/lib/python3.12/site-packages/airflow/example_dags/example_branch_operator_decorator.py
[2025-03-13T18:14:09.953+0000] {processor.py:914} INFO - Processing file /root/venv/lib/python3.12/site-packages/airflow/example_dags/example_branch_operator_decorator.py for tasks to queue
[2025-03-13T18:14:09.955+0000] {logging_mixin.py:190} INFO - [2025-03-13T18:14:09.954+0000] {dagbag.py:588} INFO - Filling up the DagBag from /root/venv/lib/python3.12/site-packages/airflow/example_dags/example_branch_operator_decorator.py
[2025-03-13T18:14:09.960+0000] {processor.py:927} WARNING - No viable dags retrieved from /root/venv/lib/python3.12/site-packages/airflow/example_dags/example_branch_operator_decorator.py
[2025-03-13T18:14:09.977+0000] {processor.py:208} INFO - Processing /root/venv/lib/python3.12/site-packages/airflow/example_dags/example_branch_operator_decorator.py took 0.037 seconds
[2025-03-13T18:15:20.468+0000] {processor.py:186} INFO - Started process (PID=1661764) to work on /root/venv/lib/python3.12/site-packages/airflow/example_dags/example_branch_operator_decorator.py
[2025-03-13T18:15:20.469+0000] {processor.py:914} INFO - Processing file /root/venv/lib/python3.12/site-packages/airflow/example_dags/example_branch_operator_decorator.py for tasks to queue
[2025-03-13T18:15:20.471+0000] {logging_mixin.py:190} INFO - [2025-03-13T18:15:20.471+0000] {dagbag.py:588} INFO - Filling up the DagBag from /root/venv/lib/python3.12/site-packages/airflow/example_dags/example_branch_operator_decorator.py
[2025-03-13T18:15:20.475+0000] {processor.py:927} WARNING - No viable dags retrieved from /root/venv/lib/python3.12/site-packages/airflow/example_dags/example_branch_operator_decorator.py
[2025-03-13T18:15:20.491+0000] {processor.py:208} INFO - Processing /root/venv/lib/python3.12/site-packages/airflow/example_dags/example_branch_operator_decorator.py took 0.033 seconds
[2025-03-13T19:39:58.079+0000] {processor.py:186} INFO - Started process (PID=1662421) to work on /root/venv/lib/python3.12/site-packages/airflow/example_dags/example_branch_operator_decorator.py
[2025-03-13T19:39:58.080+0000] {processor.py:914} INFO - Processing file /root/venv/lib/python3.12/site-packages/airflow/example_dags/example_branch_operator_decorator.py for tasks to queue
[2025-03-13T19:39:58.083+0000] {logging_mixin.py:190} INFO - [2025-03-13T19:39:58.082+0000] {dagbag.py:588} INFO - Filling up the DagBag from /root/venv/lib/python3.12/site-packages/airflow/example_dags/example_branch_operator_decorator.py
[2025-03-13T19:39:58.086+0000] {processor.py:927} WARNING - No viable dags retrieved from /root/venv/lib/python3.12/site-packages/airflow/example_dags/example_branch_operator_decorator.py
[2025-03-13T19:39:58.099+0000] {processor.py:208} INFO - Processing /root/venv/lib/python3.12/site-packages/airflow/example_dags/example_branch_operator_decorator.py took 0.026 seconds
