[2025-03-13T17:31:48.419+0000] {processor.py:186} INFO - Started process (PID=1658899) to work on /root/venv/lib/python3.12/site-packages/airflow/example_dags/example_bash_decorator.py
[2025-03-13T17:31:48.420+0000] {processor.py:914} INFO - Processing file /root/venv/lib/python3.12/site-packages/airflow/example_dags/example_bash_decorator.py for tasks to queue
[2025-03-13T17:31:48.423+0000] {logging_mixin.py:190} INFO - [2025-03-13T17:31:48.422+0000] {dagbag.py:588} INFO - Filling up the DagBag from /root/venv/lib/python3.12/site-packages/airflow/example_dags/example_bash_decorator.py
[2025-03-13T17:31:48.440+0000] {processor.py:925} INFO - DAG(s) 'example_bash_decorator' retrieved from /root/venv/lib/python3.12/site-packages/airflow/example_dags/example_bash_decorator.py
[2025-03-13T17:31:48.558+0000] {logging_mixin.py:190} INFO - [2025-03-13T17:31:48.558+0000] {dag.py:3239} INFO - Sync 1 DAGs
[2025-03-13T17:31:48.570+0000] {logging_mixin.py:190} INFO - [2025-03-13T17:31:48.570+0000] {dag.py:4180} INFO - Setting next_dagrun for example_bash_decorator to None, run_after=None
[2025-03-13T17:31:48.598+0000] {processor.py:208} INFO - Processing /root/venv/lib/python3.12/site-packages/airflow/example_dags/example_bash_decorator.py took 0.186 seconds
[2025-03-13T17:32:52.350+0000] {processor.py:186} INFO - Started process (PID=1659028) to work on /root/venv/lib/python3.12/site-packages/airflow/example_dags/example_bash_decorator.py
[2025-03-13T17:32:52.352+0000] {processor.py:914} INFO - Processing file /root/venv/lib/python3.12/site-packages/airflow/example_dags/example_bash_decorator.py for tasks to queue
[2025-03-13T17:32:52.354+0000] {logging_mixin.py:190} INFO - [2025-03-13T17:32:52.354+0000] {dagbag.py:588} INFO - Filling up the DagBag from /root/venv/lib/python3.12/site-packages/airflow/example_dags/example_bash_decorator.py
[2025-03-13T17:32:52.375+0000] {processor.py:925} INFO - DAG(s) 'example_bash_decorator' retrieved from /root/venv/lib/python3.12/site-packages/airflow/example_dags/example_bash_decorator.py
[2025-03-13T17:32:52.400+0000] {logging_mixin.py:190} INFO - [2025-03-13T17:32:52.400+0000] {dag.py:3239} INFO - Sync 1 DAGs
[2025-03-13T17:32:52.415+0000] {logging_mixin.py:190} INFO - [2025-03-13T17:32:52.414+0000] {dag.py:4180} INFO - Setting next_dagrun for example_bash_decorator to None, run_after=None
[2025-03-13T17:32:52.436+0000] {processor.py:208} INFO - Processing /root/venv/lib/python3.12/site-packages/airflow/example_dags/example_bash_decorator.py took 0.095 seconds
[2025-03-13T17:33:53.295+0000] {processor.py:186} INFO - Started process (PID=1659094) to work on /root/venv/lib/python3.12/site-packages/airflow/example_dags/example_bash_decorator.py
[2025-03-13T17:33:53.297+0000] {processor.py:914} INFO - Processing file /root/venv/lib/python3.12/site-packages/airflow/example_dags/example_bash_decorator.py for tasks to queue
[2025-03-13T17:33:53.300+0000] {logging_mixin.py:190} INFO - [2025-03-13T17:33:53.300+0000] {dagbag.py:588} INFO - Filling up the DagBag from /root/venv/lib/python3.12/site-packages/airflow/example_dags/example_bash_decorator.py
[2025-03-13T17:33:53.322+0000] {processor.py:925} INFO - DAG(s) 'example_bash_decorator' retrieved from /root/venv/lib/python3.12/site-packages/airflow/example_dags/example_bash_decorator.py
[2025-03-13T17:33:53.347+0000] {logging_mixin.py:190} INFO - [2025-03-13T17:33:53.347+0000] {dag.py:3239} INFO - Sync 1 DAGs
[2025-03-13T17:33:53.362+0000] {logging_mixin.py:190} INFO - [2025-03-13T17:33:53.361+0000] {dag.py:4180} INFO - Setting next_dagrun for example_bash_decorator to None, run_after=None
[2025-03-13T17:33:53.385+0000] {processor.py:208} INFO - Processing /root/venv/lib/python3.12/site-packages/airflow/example_dags/example_bash_decorator.py took 0.098 seconds
[2025-03-13T17:35:35.643+0000] {processor.py:186} INFO - Started process (PID=1659209) to work on /root/venv/lib/python3.12/site-packages/airflow/example_dags/example_bash_decorator.py
[2025-03-13T17:35:35.645+0000] {processor.py:914} INFO - Processing file /root/venv/lib/python3.12/site-packages/airflow/example_dags/example_bash_decorator.py for tasks to queue
[2025-03-13T17:35:35.647+0000] {logging_mixin.py:190} INFO - [2025-03-13T17:35:35.647+0000] {dagbag.py:588} INFO - Filling up the DagBag from /root/venv/lib/python3.12/site-packages/airflow/example_dags/example_bash_decorator.py
[2025-03-13T17:35:35.664+0000] {processor.py:925} INFO - DAG(s) 'example_bash_decorator' retrieved from /root/venv/lib/python3.12/site-packages/airflow/example_dags/example_bash_decorator.py
[2025-03-13T17:35:35.773+0000] {logging_mixin.py:190} INFO - [2025-03-13T17:35:35.773+0000] {dag.py:3239} INFO - Sync 1 DAGs
[2025-03-13T17:35:35.785+0000] {logging_mixin.py:190} INFO - [2025-03-13T17:35:35.784+0000] {dag.py:4180} INFO - Setting next_dagrun for example_bash_decorator to None, run_after=None
[2025-03-13T17:35:35.808+0000] {processor.py:208} INFO - Processing /root/venv/lib/python3.12/site-packages/airflow/example_dags/example_bash_decorator.py took 0.172 seconds
[2025-03-13T17:37:05.936+0000] {processor.py:186} INFO - Started process (PID=1659306) to work on /root/venv/lib/python3.12/site-packages/airflow/example_dags/example_bash_decorator.py
[2025-03-13T17:37:05.938+0000] {processor.py:914} INFO - Processing file /root/venv/lib/python3.12/site-packages/airflow/example_dags/example_bash_decorator.py for tasks to queue
[2025-03-13T17:37:05.942+0000] {logging_mixin.py:190} INFO - [2025-03-13T17:37:05.941+0000] {dagbag.py:588} INFO - Filling up the DagBag from /root/venv/lib/python3.12/site-packages/airflow/example_dags/example_bash_decorator.py
[2025-03-13T17:37:05.967+0000] {processor.py:925} INFO - DAG(s) 'example_bash_decorator' retrieved from /root/venv/lib/python3.12/site-packages/airflow/example_dags/example_bash_decorator.py
[2025-03-13T17:37:06.001+0000] {logging_mixin.py:190} INFO - [2025-03-13T17:37:06.001+0000] {dag.py:3239} INFO - Sync 1 DAGs
[2025-03-13T17:37:06.021+0000] {logging_mixin.py:190} INFO - [2025-03-13T17:37:06.020+0000] {dag.py:4180} INFO - Setting next_dagrun for example_bash_decorator to None, run_after=None
[2025-03-13T17:37:06.049+0000] {processor.py:208} INFO - Processing /root/venv/lib/python3.12/site-packages/airflow/example_dags/example_bash_decorator.py took 0.122 seconds
[2025-03-13T17:38:06.820+0000] {processor.py:186} INFO - Started process (PID=1659368) to work on /root/venv/lib/python3.12/site-packages/airflow/example_dags/example_bash_decorator.py
[2025-03-13T17:38:06.821+0000] {processor.py:914} INFO - Processing file /root/venv/lib/python3.12/site-packages/airflow/example_dags/example_bash_decorator.py for tasks to queue
[2025-03-13T17:38:06.824+0000] {logging_mixin.py:190} INFO - [2025-03-13T17:38:06.823+0000] {dagbag.py:588} INFO - Filling up the DagBag from /root/venv/lib/python3.12/site-packages/airflow/example_dags/example_bash_decorator.py
[2025-03-13T17:38:06.843+0000] {processor.py:925} INFO - DAG(s) 'example_bash_decorator' retrieved from /root/venv/lib/python3.12/site-packages/airflow/example_dags/example_bash_decorator.py
[2025-03-13T17:38:06.869+0000] {logging_mixin.py:190} INFO - [2025-03-13T17:38:06.868+0000] {dag.py:3239} INFO - Sync 1 DAGs
[2025-03-13T17:38:06.887+0000] {logging_mixin.py:190} INFO - [2025-03-13T17:38:06.886+0000] {dag.py:4180} INFO - Setting next_dagrun for example_bash_decorator to None, run_after=None
[2025-03-13T17:38:06.918+0000] {processor.py:208} INFO - Processing /root/venv/lib/python3.12/site-packages/airflow/example_dags/example_bash_decorator.py took 0.106 seconds
[2025-03-13T17:39:10.269+0000] {processor.py:186} INFO - Started process (PID=1659430) to work on /root/venv/lib/python3.12/site-packages/airflow/example_dags/example_bash_decorator.py
[2025-03-13T17:39:10.270+0000] {processor.py:914} INFO - Processing file /root/venv/lib/python3.12/site-packages/airflow/example_dags/example_bash_decorator.py for tasks to queue
[2025-03-13T17:39:10.273+0000] {logging_mixin.py:190} INFO - [2025-03-13T17:39:10.273+0000] {dagbag.py:588} INFO - Filling up the DagBag from /root/venv/lib/python3.12/site-packages/airflow/example_dags/example_bash_decorator.py
[2025-03-13T17:39:10.296+0000] {processor.py:925} INFO - DAG(s) 'example_bash_decorator' retrieved from /root/venv/lib/python3.12/site-packages/airflow/example_dags/example_bash_decorator.py
[2025-03-13T17:39:10.325+0000] {logging_mixin.py:190} INFO - [2025-03-13T17:39:10.324+0000] {dag.py:3239} INFO - Sync 1 DAGs
[2025-03-13T17:39:10.342+0000] {logging_mixin.py:190} INFO - [2025-03-13T17:39:10.342+0000] {dag.py:4180} INFO - Setting next_dagrun for example_bash_decorator to None, run_after=None
[2025-03-13T17:39:10.369+0000] {processor.py:208} INFO - Processing /root/venv/lib/python3.12/site-packages/airflow/example_dags/example_bash_decorator.py took 0.109 seconds
[2025-03-13T17:40:09.818+0000] {processor.py:186} INFO - Started process (PID=1659490) to work on /root/venv/lib/python3.12/site-packages/airflow/example_dags/example_bash_decorator.py
[2025-03-13T17:40:09.820+0000] {processor.py:914} INFO - Processing file /root/venv/lib/python3.12/site-packages/airflow/example_dags/example_bash_decorator.py for tasks to queue
[2025-03-13T17:40:09.824+0000] {logging_mixin.py:190} INFO - [2025-03-13T17:40:09.823+0000] {dagbag.py:588} INFO - Filling up the DagBag from /root/venv/lib/python3.12/site-packages/airflow/example_dags/example_bash_decorator.py
[2025-03-13T17:40:09.850+0000] {processor.py:925} INFO - DAG(s) 'example_bash_decorator' retrieved from /root/venv/lib/python3.12/site-packages/airflow/example_dags/example_bash_decorator.py
[2025-03-13T17:40:09.883+0000] {logging_mixin.py:190} INFO - [2025-03-13T17:40:09.882+0000] {dag.py:3239} INFO - Sync 1 DAGs
[2025-03-13T17:40:09.904+0000] {logging_mixin.py:190} INFO - [2025-03-13T17:40:09.904+0000] {dag.py:4180} INFO - Setting next_dagrun for example_bash_decorator to None, run_after=None
[2025-03-13T17:40:09.936+0000] {processor.py:208} INFO - Processing /root/venv/lib/python3.12/site-packages/airflow/example_dags/example_bash_decorator.py took 0.126 seconds
[2025-03-13T17:41:42.496+0000] {processor.py:186} INFO - Started process (PID=1659592) to work on /root/venv/lib/python3.12/site-packages/airflow/example_dags/example_bash_decorator.py
[2025-03-13T17:41:42.498+0000] {processor.py:914} INFO - Processing file /root/venv/lib/python3.12/site-packages/airflow/example_dags/example_bash_decorator.py for tasks to queue
[2025-03-13T17:41:42.502+0000] {logging_mixin.py:190} INFO - [2025-03-13T17:41:42.501+0000] {dagbag.py:588} INFO - Filling up the DagBag from /root/venv/lib/python3.12/site-packages/airflow/example_dags/example_bash_decorator.py
[2025-03-13T17:41:42.526+0000] {processor.py:925} INFO - DAG(s) 'example_bash_decorator' retrieved from /root/venv/lib/python3.12/site-packages/airflow/example_dags/example_bash_decorator.py
[2025-03-13T17:41:42.748+0000] {logging_mixin.py:190} INFO - [2025-03-13T17:41:42.748+0000] {dag.py:3239} INFO - Sync 1 DAGs
[2025-03-13T17:41:42.761+0000] {logging_mixin.py:190} INFO - [2025-03-13T17:41:42.760+0000] {dag.py:4180} INFO - Setting next_dagrun for example_bash_decorator to None, run_after=None
[2025-03-13T17:41:42.783+0000] {processor.py:208} INFO - Processing /root/venv/lib/python3.12/site-packages/airflow/example_dags/example_bash_decorator.py took 0.296 seconds
[2025-03-13T17:42:48.772+0000] {processor.py:186} INFO - Started process (PID=1659661) to work on /root/venv/lib/python3.12/site-packages/airflow/example_dags/example_bash_decorator.py
[2025-03-13T17:42:48.774+0000] {processor.py:914} INFO - Processing file /root/venv/lib/python3.12/site-packages/airflow/example_dags/example_bash_decorator.py for tasks to queue
[2025-03-13T17:42:48.779+0000] {logging_mixin.py:190} INFO - [2025-03-13T17:42:48.778+0000] {dagbag.py:588} INFO - Filling up the DagBag from /root/venv/lib/python3.12/site-packages/airflow/example_dags/example_bash_decorator.py
[2025-03-13T17:42:48.809+0000] {processor.py:925} INFO - DAG(s) 'example_bash_decorator' retrieved from /root/venv/lib/python3.12/site-packages/airflow/example_dags/example_bash_decorator.py
[2025-03-13T17:42:48.846+0000] {logging_mixin.py:190} INFO - [2025-03-13T17:42:48.846+0000] {dag.py:3239} INFO - Sync 1 DAGs
[2025-03-13T17:42:48.868+0000] {logging_mixin.py:190} INFO - [2025-03-13T17:42:48.867+0000] {dag.py:4180} INFO - Setting next_dagrun for example_bash_decorator to None, run_after=None
[2025-03-13T17:42:48.901+0000] {processor.py:208} INFO - Processing /root/venv/lib/python3.12/site-packages/airflow/example_dags/example_bash_decorator.py took 0.137 seconds
[2025-03-13T17:43:48.013+0000] {processor.py:186} INFO - Started process (PID=1659721) to work on /root/venv/lib/python3.12/site-packages/airflow/example_dags/example_bash_decorator.py
[2025-03-13T17:43:48.015+0000] {processor.py:914} INFO - Processing file /root/venv/lib/python3.12/site-packages/airflow/example_dags/example_bash_decorator.py for tasks to queue
[2025-03-13T17:43:48.017+0000] {logging_mixin.py:190} INFO - [2025-03-13T17:43:48.017+0000] {dagbag.py:588} INFO - Filling up the DagBag from /root/venv/lib/python3.12/site-packages/airflow/example_dags/example_bash_decorator.py
[2025-03-13T17:43:48.036+0000] {processor.py:925} INFO - DAG(s) 'example_bash_decorator' retrieved from /root/venv/lib/python3.12/site-packages/airflow/example_dags/example_bash_decorator.py
[2025-03-13T17:43:48.064+0000] {logging_mixin.py:190} INFO - [2025-03-13T17:43:48.063+0000] {dag.py:3239} INFO - Sync 1 DAGs
[2025-03-13T17:43:48.078+0000] {logging_mixin.py:190} INFO - [2025-03-13T17:43:48.077+0000] {dag.py:4180} INFO - Setting next_dagrun for example_bash_decorator to None, run_after=None
[2025-03-13T17:43:48.102+0000] {processor.py:208} INFO - Processing /root/venv/lib/python3.12/site-packages/airflow/example_dags/example_bash_decorator.py took 0.097 seconds
[2025-03-13T17:44:50.207+0000] {processor.py:186} INFO - Started process (PID=1659801) to work on /root/venv/lib/python3.12/site-packages/airflow/example_dags/example_bash_decorator.py
[2025-03-13T17:44:50.209+0000] {processor.py:914} INFO - Processing file /root/venv/lib/python3.12/site-packages/airflow/example_dags/example_bash_decorator.py for tasks to queue
[2025-03-13T17:44:50.213+0000] {logging_mixin.py:190} INFO - [2025-03-13T17:44:50.213+0000] {dagbag.py:588} INFO - Filling up the DagBag from /root/venv/lib/python3.12/site-packages/airflow/example_dags/example_bash_decorator.py
[2025-03-13T17:44:50.242+0000] {processor.py:925} INFO - DAG(s) 'example_bash_decorator' retrieved from /root/venv/lib/python3.12/site-packages/airflow/example_dags/example_bash_decorator.py
[2025-03-13T17:44:50.272+0000] {logging_mixin.py:190} INFO - [2025-03-13T17:44:50.271+0000] {dag.py:3239} INFO - Sync 1 DAGs
[2025-03-13T17:44:50.289+0000] {logging_mixin.py:190} INFO - [2025-03-13T17:44:50.288+0000] {dag.py:4180} INFO - Setting next_dagrun for example_bash_decorator to None, run_after=None
[2025-03-13T17:44:50.321+0000] {processor.py:208} INFO - Processing /root/venv/lib/python3.12/site-packages/airflow/example_dags/example_bash_decorator.py took 0.123 seconds
[2025-03-13T17:45:55.197+0000] {processor.py:186} INFO - Started process (PID=1659867) to work on /root/venv/lib/python3.12/site-packages/airflow/example_dags/example_bash_decorator.py
[2025-03-13T17:45:55.199+0000] {processor.py:914} INFO - Processing file /root/venv/lib/python3.12/site-packages/airflow/example_dags/example_bash_decorator.py for tasks to queue
[2025-03-13T17:45:55.203+0000] {logging_mixin.py:190} INFO - [2025-03-13T17:45:55.202+0000] {dagbag.py:588} INFO - Filling up the DagBag from /root/venv/lib/python3.12/site-packages/airflow/example_dags/example_bash_decorator.py
[2025-03-13T17:45:55.232+0000] {processor.py:925} INFO - DAG(s) 'example_bash_decorator' retrieved from /root/venv/lib/python3.12/site-packages/airflow/example_dags/example_bash_decorator.py
[2025-03-13T17:45:55.268+0000] {logging_mixin.py:190} INFO - [2025-03-13T17:45:55.267+0000] {dag.py:3239} INFO - Sync 1 DAGs
[2025-03-13T17:45:55.289+0000] {logging_mixin.py:190} INFO - [2025-03-13T17:45:55.289+0000] {dag.py:4180} INFO - Setting next_dagrun for example_bash_decorator to None, run_after=None
[2025-03-13T17:45:55.316+0000] {processor.py:208} INFO - Processing /root/venv/lib/python3.12/site-packages/airflow/example_dags/example_bash_decorator.py took 0.127 seconds
[2025-03-13T17:46:59.986+0000] {processor.py:186} INFO - Started process (PID=1659932) to work on /root/venv/lib/python3.12/site-packages/airflow/example_dags/example_bash_decorator.py
[2025-03-13T17:46:59.988+0000] {processor.py:914} INFO - Processing file /root/venv/lib/python3.12/site-packages/airflow/example_dags/example_bash_decorator.py for tasks to queue
[2025-03-13T17:46:59.992+0000] {logging_mixin.py:190} INFO - [2025-03-13T17:46:59.992+0000] {dagbag.py:588} INFO - Filling up the DagBag from /root/venv/lib/python3.12/site-packages/airflow/example_dags/example_bash_decorator.py
[2025-03-13T17:47:00.021+0000] {processor.py:925} INFO - DAG(s) 'example_bash_decorator' retrieved from /root/venv/lib/python3.12/site-packages/airflow/example_dags/example_bash_decorator.py
[2025-03-13T17:47:00.055+0000] {logging_mixin.py:190} INFO - [2025-03-13T17:47:00.055+0000] {dag.py:3239} INFO - Sync 1 DAGs
[2025-03-13T17:47:00.077+0000] {logging_mixin.py:190} INFO - [2025-03-13T17:47:00.076+0000] {dag.py:4180} INFO - Setting next_dagrun for example_bash_decorator to None, run_after=None
[2025-03-13T17:47:00.110+0000] {processor.py:208} INFO - Processing /root/venv/lib/python3.12/site-packages/airflow/example_dags/example_bash_decorator.py took 0.134 seconds
[2025-03-13T17:47:57.580+0000] {processor.py:186} INFO - Started process (PID=1659998) to work on /root/venv/lib/python3.12/site-packages/airflow/example_dags/example_bash_decorator.py
[2025-03-13T17:47:57.581+0000] {processor.py:914} INFO - Processing file /root/venv/lib/python3.12/site-packages/airflow/example_dags/example_bash_decorator.py for tasks to queue
[2025-03-13T17:47:57.585+0000] {logging_mixin.py:190} INFO - [2025-03-13T17:47:57.584+0000] {dagbag.py:588} INFO - Filling up the DagBag from /root/venv/lib/python3.12/site-packages/airflow/example_dags/example_bash_decorator.py
[2025-03-13T17:47:57.606+0000] {processor.py:925} INFO - DAG(s) 'example_bash_decorator' retrieved from /root/venv/lib/python3.12/site-packages/airflow/example_dags/example_bash_decorator.py
[2025-03-13T17:47:57.630+0000] {logging_mixin.py:190} INFO - [2025-03-13T17:47:57.630+0000] {dag.py:3239} INFO - Sync 1 DAGs
[2025-03-13T17:47:57.645+0000] {logging_mixin.py:190} INFO - [2025-03-13T17:47:57.645+0000] {dag.py:4180} INFO - Setting next_dagrun for example_bash_decorator to None, run_after=None
[2025-03-13T17:47:57.673+0000] {processor.py:208} INFO - Processing /root/venv/lib/python3.12/site-packages/airflow/example_dags/example_bash_decorator.py took 0.101 seconds
[2025-03-13T17:49:00.011+0000] {processor.py:186} INFO - Started process (PID=1660059) to work on /root/venv/lib/python3.12/site-packages/airflow/example_dags/example_bash_decorator.py
[2025-03-13T17:49:00.013+0000] {processor.py:914} INFO - Processing file /root/venv/lib/python3.12/site-packages/airflow/example_dags/example_bash_decorator.py for tasks to queue
[2025-03-13T17:49:00.016+0000] {logging_mixin.py:190} INFO - [2025-03-13T17:49:00.016+0000] {dagbag.py:588} INFO - Filling up the DagBag from /root/venv/lib/python3.12/site-packages/airflow/example_dags/example_bash_decorator.py
[2025-03-13T17:49:00.040+0000] {processor.py:925} INFO - DAG(s) 'example_bash_decorator' retrieved from /root/venv/lib/python3.12/site-packages/airflow/example_dags/example_bash_decorator.py
[2025-03-13T17:49:00.074+0000] {logging_mixin.py:190} INFO - [2025-03-13T17:49:00.074+0000] {dag.py:3239} INFO - Sync 1 DAGs
[2025-03-13T17:49:00.092+0000] {logging_mixin.py:190} INFO - [2025-03-13T17:49:00.092+0000] {dag.py:4180} INFO - Setting next_dagrun for example_bash_decorator to None, run_after=None
[2025-03-13T17:49:00.122+0000] {processor.py:208} INFO - Processing /root/venv/lib/python3.12/site-packages/airflow/example_dags/example_bash_decorator.py took 0.120 seconds
[2025-03-13T17:50:02.679+0000] {processor.py:186} INFO - Started process (PID=1660121) to work on /root/venv/lib/python3.12/site-packages/airflow/example_dags/example_bash_decorator.py
[2025-03-13T17:50:02.680+0000] {processor.py:914} INFO - Processing file /root/venv/lib/python3.12/site-packages/airflow/example_dags/example_bash_decorator.py for tasks to queue
[2025-03-13T17:50:02.683+0000] {logging_mixin.py:190} INFO - [2025-03-13T17:50:02.683+0000] {dagbag.py:588} INFO - Filling up the DagBag from /root/venv/lib/python3.12/site-packages/airflow/example_dags/example_bash_decorator.py
[2025-03-13T17:50:02.706+0000] {processor.py:925} INFO - DAG(s) 'example_bash_decorator' retrieved from /root/venv/lib/python3.12/site-packages/airflow/example_dags/example_bash_decorator.py
[2025-03-13T17:50:02.732+0000] {logging_mixin.py:190} INFO - [2025-03-13T17:50:02.732+0000] {dag.py:3239} INFO - Sync 1 DAGs
[2025-03-13T17:50:02.748+0000] {logging_mixin.py:190} INFO - [2025-03-13T17:50:02.748+0000] {dag.py:4180} INFO - Setting next_dagrun for example_bash_decorator to None, run_after=None
[2025-03-13T17:50:02.774+0000] {processor.py:208} INFO - Processing /root/venv/lib/python3.12/site-packages/airflow/example_dags/example_bash_decorator.py took 0.104 seconds
[2025-03-13T17:51:05.705+0000] {processor.py:186} INFO - Started process (PID=1660191) to work on /root/venv/lib/python3.12/site-packages/airflow/example_dags/example_bash_decorator.py
[2025-03-13T17:51:05.707+0000] {processor.py:914} INFO - Processing file /root/venv/lib/python3.12/site-packages/airflow/example_dags/example_bash_decorator.py for tasks to queue
[2025-03-13T17:51:05.711+0000] {logging_mixin.py:190} INFO - [2025-03-13T17:51:05.710+0000] {dagbag.py:588} INFO - Filling up the DagBag from /root/venv/lib/python3.12/site-packages/airflow/example_dags/example_bash_decorator.py
[2025-03-13T17:51:05.738+0000] {processor.py:925} INFO - DAG(s) 'example_bash_decorator' retrieved from /root/venv/lib/python3.12/site-packages/airflow/example_dags/example_bash_decorator.py
[2025-03-13T17:51:05.763+0000] {logging_mixin.py:190} INFO - [2025-03-13T17:51:05.763+0000] {dag.py:3239} INFO - Sync 1 DAGs
[2025-03-13T17:51:05.781+0000] {logging_mixin.py:190} INFO - [2025-03-13T17:51:05.780+0000] {dag.py:4180} INFO - Setting next_dagrun for example_bash_decorator to None, run_after=None
[2025-03-13T17:51:05.813+0000] {processor.py:208} INFO - Processing /root/venv/lib/python3.12/site-packages/airflow/example_dags/example_bash_decorator.py took 0.120 seconds
[2025-03-13T17:52:08.816+0000] {processor.py:186} INFO - Started process (PID=1660253) to work on /root/venv/lib/python3.12/site-packages/airflow/example_dags/example_bash_decorator.py
[2025-03-13T17:52:08.818+0000] {processor.py:914} INFO - Processing file /root/venv/lib/python3.12/site-packages/airflow/example_dags/example_bash_decorator.py for tasks to queue
[2025-03-13T17:52:08.821+0000] {logging_mixin.py:190} INFO - [2025-03-13T17:52:08.820+0000] {dagbag.py:588} INFO - Filling up the DagBag from /root/venv/lib/python3.12/site-packages/airflow/example_dags/example_bash_decorator.py
[2025-03-13T17:52:08.844+0000] {processor.py:925} INFO - DAG(s) 'example_bash_decorator' retrieved from /root/venv/lib/python3.12/site-packages/airflow/example_dags/example_bash_decorator.py
[2025-03-13T17:52:08.872+0000] {logging_mixin.py:190} INFO - [2025-03-13T17:52:08.872+0000] {dag.py:3239} INFO - Sync 1 DAGs
[2025-03-13T17:52:08.891+0000] {logging_mixin.py:190} INFO - [2025-03-13T17:52:08.891+0000] {dag.py:4180} INFO - Setting next_dagrun for example_bash_decorator to None, run_after=None
[2025-03-13T17:52:08.922+0000] {processor.py:208} INFO - Processing /root/venv/lib/python3.12/site-packages/airflow/example_dags/example_bash_decorator.py took 0.114 seconds
[2025-03-13T17:53:12.619+0000] {processor.py:186} INFO - Started process (PID=1660316) to work on /root/venv/lib/python3.12/site-packages/airflow/example_dags/example_bash_decorator.py
[2025-03-13T17:53:12.621+0000] {processor.py:914} INFO - Processing file /root/venv/lib/python3.12/site-packages/airflow/example_dags/example_bash_decorator.py for tasks to queue
[2025-03-13T17:53:12.626+0000] {logging_mixin.py:190} INFO - [2025-03-13T17:53:12.625+0000] {dagbag.py:588} INFO - Filling up the DagBag from /root/venv/lib/python3.12/site-packages/airflow/example_dags/example_bash_decorator.py
[2025-03-13T17:53:12.654+0000] {processor.py:925} INFO - DAG(s) 'example_bash_decorator' retrieved from /root/venv/lib/python3.12/site-packages/airflow/example_dags/example_bash_decorator.py
[2025-03-13T17:53:12.684+0000] {logging_mixin.py:190} INFO - [2025-03-13T17:53:12.684+0000] {dag.py:3239} INFO - Sync 1 DAGs
[2025-03-13T17:53:12.701+0000] {logging_mixin.py:190} INFO - [2025-03-13T17:53:12.701+0000] {dag.py:4180} INFO - Setting next_dagrun for example_bash_decorator to None, run_after=None
[2025-03-13T17:53:12.724+0000] {processor.py:208} INFO - Processing /root/venv/lib/python3.12/site-packages/airflow/example_dags/example_bash_decorator.py took 0.115 seconds
[2025-03-13T17:54:14.174+0000] {processor.py:186} INFO - Started process (PID=1660379) to work on /root/venv/lib/python3.12/site-packages/airflow/example_dags/example_bash_decorator.py
[2025-03-13T17:54:14.176+0000] {processor.py:914} INFO - Processing file /root/venv/lib/python3.12/site-packages/airflow/example_dags/example_bash_decorator.py for tasks to queue
[2025-03-13T17:54:14.179+0000] {logging_mixin.py:190} INFO - [2025-03-13T17:54:14.178+0000] {dagbag.py:588} INFO - Filling up the DagBag from /root/venv/lib/python3.12/site-packages/airflow/example_dags/example_bash_decorator.py
[2025-03-13T17:54:14.198+0000] {processor.py:925} INFO - DAG(s) 'example_bash_decorator' retrieved from /root/venv/lib/python3.12/site-packages/airflow/example_dags/example_bash_decorator.py
[2025-03-13T17:54:14.221+0000] {logging_mixin.py:190} INFO - [2025-03-13T17:54:14.220+0000] {dag.py:3239} INFO - Sync 1 DAGs
[2025-03-13T17:54:14.236+0000] {logging_mixin.py:190} INFO - [2025-03-13T17:54:14.236+0000] {dag.py:4180} INFO - Setting next_dagrun for example_bash_decorator to None, run_after=None
[2025-03-13T17:54:14.261+0000] {processor.py:208} INFO - Processing /root/venv/lib/python3.12/site-packages/airflow/example_dags/example_bash_decorator.py took 0.097 seconds
[2025-03-13T17:55:17.806+0000] {processor.py:186} INFO - Started process (PID=1660446) to work on /root/venv/lib/python3.12/site-packages/airflow/example_dags/example_bash_decorator.py
[2025-03-13T17:55:17.808+0000] {processor.py:914} INFO - Processing file /root/venv/lib/python3.12/site-packages/airflow/example_dags/example_bash_decorator.py for tasks to queue
[2025-03-13T17:55:17.810+0000] {logging_mixin.py:190} INFO - [2025-03-13T17:55:17.810+0000] {dagbag.py:588} INFO - Filling up the DagBag from /root/venv/lib/python3.12/site-packages/airflow/example_dags/example_bash_decorator.py
[2025-03-13T17:55:17.831+0000] {processor.py:925} INFO - DAG(s) 'example_bash_decorator' retrieved from /root/venv/lib/python3.12/site-packages/airflow/example_dags/example_bash_decorator.py
[2025-03-13T17:55:17.857+0000] {logging_mixin.py:190} INFO - [2025-03-13T17:55:17.857+0000] {dag.py:3239} INFO - Sync 1 DAGs
[2025-03-13T17:55:17.875+0000] {logging_mixin.py:190} INFO - [2025-03-13T17:55:17.875+0000] {dag.py:4180} INFO - Setting next_dagrun for example_bash_decorator to None, run_after=None
[2025-03-13T17:55:17.900+0000] {processor.py:208} INFO - Processing /root/venv/lib/python3.12/site-packages/airflow/example_dags/example_bash_decorator.py took 0.102 seconds
[2025-03-13T17:57:23.611+0000] {processor.py:186} INFO - Started process (PID=1660602) to work on /root/venv/lib/python3.12/site-packages/airflow/example_dags/example_bash_decorator.py
[2025-03-13T17:57:23.613+0000] {processor.py:914} INFO - Processing file /root/venv/lib/python3.12/site-packages/airflow/example_dags/example_bash_decorator.py for tasks to queue
[2025-03-13T17:57:23.616+0000] {logging_mixin.py:190} INFO - [2025-03-13T17:57:23.615+0000] {dagbag.py:588} INFO - Filling up the DagBag from /root/venv/lib/python3.12/site-packages/airflow/example_dags/example_bash_decorator.py
[2025-03-13T17:57:23.637+0000] {processor.py:925} INFO - DAG(s) 'example_bash_decorator' retrieved from /root/venv/lib/python3.12/site-packages/airflow/example_dags/example_bash_decorator.py
[2025-03-13T17:57:23.755+0000] {logging_mixin.py:190} INFO - [2025-03-13T17:57:23.755+0000] {dag.py:3239} INFO - Sync 1 DAGs
[2025-03-13T17:57:23.766+0000] {logging_mixin.py:190} INFO - [2025-03-13T17:57:23.766+0000] {dag.py:4180} INFO - Setting next_dagrun for example_bash_decorator to None, run_after=None
[2025-03-13T17:57:23.790+0000] {processor.py:208} INFO - Processing /root/venv/lib/python3.12/site-packages/airflow/example_dags/example_bash_decorator.py took 0.187 seconds
[2025-03-13T17:58:23.026+0000] {processor.py:186} INFO - Started process (PID=1660672) to work on /root/venv/lib/python3.12/site-packages/airflow/example_dags/example_bash_decorator.py
[2025-03-13T17:58:23.028+0000] {processor.py:914} INFO - Processing file /root/venv/lib/python3.12/site-packages/airflow/example_dags/example_bash_decorator.py for tasks to queue
[2025-03-13T17:58:23.030+0000] {logging_mixin.py:190} INFO - [2025-03-13T17:58:23.030+0000] {dagbag.py:588} INFO - Filling up the DagBag from /root/venv/lib/python3.12/site-packages/airflow/example_dags/example_bash_decorator.py
[2025-03-13T17:58:23.051+0000] {processor.py:925} INFO - DAG(s) 'example_bash_decorator' retrieved from /root/venv/lib/python3.12/site-packages/airflow/example_dags/example_bash_decorator.py
[2025-03-13T17:58:23.084+0000] {logging_mixin.py:190} INFO - [2025-03-13T17:58:23.084+0000] {dag.py:3239} INFO - Sync 1 DAGs
[2025-03-13T17:58:23.099+0000] {logging_mixin.py:190} INFO - [2025-03-13T17:58:23.099+0000] {dag.py:4180} INFO - Setting next_dagrun for example_bash_decorator to None, run_after=None
[2025-03-13T17:58:23.127+0000] {processor.py:208} INFO - Processing /root/venv/lib/python3.12/site-packages/airflow/example_dags/example_bash_decorator.py took 0.107 seconds
[2025-03-13T17:59:51.002+0000] {processor.py:186} INFO - Started process (PID=1660763) to work on /root/venv/lib/python3.12/site-packages/airflow/example_dags/example_bash_decorator.py
[2025-03-13T17:59:51.004+0000] {processor.py:914} INFO - Processing file /root/venv/lib/python3.12/site-packages/airflow/example_dags/example_bash_decorator.py for tasks to queue
[2025-03-13T17:59:51.006+0000] {logging_mixin.py:190} INFO - [2025-03-13T17:59:51.006+0000] {dagbag.py:588} INFO - Filling up the DagBag from /root/venv/lib/python3.12/site-packages/airflow/example_dags/example_bash_decorator.py
[2025-03-13T17:59:51.026+0000] {processor.py:925} INFO - DAG(s) 'example_bash_decorator' retrieved from /root/venv/lib/python3.12/site-packages/airflow/example_dags/example_bash_decorator.py
[2025-03-13T17:59:51.049+0000] {logging_mixin.py:190} INFO - [2025-03-13T17:59:51.048+0000] {dag.py:3239} INFO - Sync 1 DAGs
[2025-03-13T17:59:51.066+0000] {logging_mixin.py:190} INFO - [2025-03-13T17:59:51.066+0000] {dag.py:4180} INFO - Setting next_dagrun for example_bash_decorator to None, run_after=None
[2025-03-13T17:59:51.093+0000] {processor.py:208} INFO - Processing /root/venv/lib/python3.12/site-packages/airflow/example_dags/example_bash_decorator.py took 0.099 seconds
[2025-03-13T18:01:18.133+0000] {processor.py:186} INFO - Started process (PID=1660858) to work on /root/venv/lib/python3.12/site-packages/airflow/example_dags/example_bash_decorator.py
[2025-03-13T18:01:18.135+0000] {processor.py:914} INFO - Processing file /root/venv/lib/python3.12/site-packages/airflow/example_dags/example_bash_decorator.py for tasks to queue
[2025-03-13T18:01:18.138+0000] {logging_mixin.py:190} INFO - [2025-03-13T18:01:18.137+0000] {dagbag.py:588} INFO - Filling up the DagBag from /root/venv/lib/python3.12/site-packages/airflow/example_dags/example_bash_decorator.py
[2025-03-13T18:01:18.157+0000] {processor.py:925} INFO - DAG(s) 'example_bash_decorator' retrieved from /root/venv/lib/python3.12/site-packages/airflow/example_dags/example_bash_decorator.py
[2025-03-13T18:01:18.182+0000] {logging_mixin.py:190} INFO - [2025-03-13T18:01:18.182+0000] {dag.py:3239} INFO - Sync 1 DAGs
[2025-03-13T18:01:18.198+0000] {logging_mixin.py:190} INFO - [2025-03-13T18:01:18.197+0000] {dag.py:4180} INFO - Setting next_dagrun for example_bash_decorator to None, run_after=None
[2025-03-13T18:01:18.222+0000] {processor.py:208} INFO - Processing /root/venv/lib/python3.12/site-packages/airflow/example_dags/example_bash_decorator.py took 0.095 seconds
[2025-03-13T18:02:25.974+0000] {processor.py:186} INFO - Started process (PID=1660940) to work on /root/venv/lib/python3.12/site-packages/airflow/example_dags/example_bash_decorator.py
[2025-03-13T18:02:25.975+0000] {processor.py:914} INFO - Processing file /root/venv/lib/python3.12/site-packages/airflow/example_dags/example_bash_decorator.py for tasks to queue
[2025-03-13T18:02:25.978+0000] {logging_mixin.py:190} INFO - [2025-03-13T18:02:25.977+0000] {dagbag.py:588} INFO - Filling up the DagBag from /root/venv/lib/python3.12/site-packages/airflow/example_dags/example_bash_decorator.py
[2025-03-13T18:02:25.996+0000] {processor.py:925} INFO - DAG(s) 'example_bash_decorator' retrieved from /root/venv/lib/python3.12/site-packages/airflow/example_dags/example_bash_decorator.py
[2025-03-13T18:02:26.019+0000] {logging_mixin.py:190} INFO - [2025-03-13T18:02:26.019+0000] {dag.py:3239} INFO - Sync 1 DAGs
[2025-03-13T18:02:26.034+0000] {logging_mixin.py:190} INFO - [2025-03-13T18:02:26.034+0000] {dag.py:4180} INFO - Setting next_dagrun for example_bash_decorator to None, run_after=None
[2025-03-13T18:02:26.054+0000] {processor.py:208} INFO - Processing /root/venv/lib/python3.12/site-packages/airflow/example_dags/example_bash_decorator.py took 0.088 seconds
[2025-03-13T18:03:27.805+0000] {processor.py:186} INFO - Started process (PID=1661006) to work on /root/venv/lib/python3.12/site-packages/airflow/example_dags/example_bash_decorator.py
[2025-03-13T18:03:27.807+0000] {processor.py:914} INFO - Processing file /root/venv/lib/python3.12/site-packages/airflow/example_dags/example_bash_decorator.py for tasks to queue
[2025-03-13T18:03:27.810+0000] {logging_mixin.py:190} INFO - [2025-03-13T18:03:27.810+0000] {dagbag.py:588} INFO - Filling up the DagBag from /root/venv/lib/python3.12/site-packages/airflow/example_dags/example_bash_decorator.py
[2025-03-13T18:03:27.832+0000] {processor.py:925} INFO - DAG(s) 'example_bash_decorator' retrieved from /root/venv/lib/python3.12/site-packages/airflow/example_dags/example_bash_decorator.py
[2025-03-13T18:03:27.862+0000] {logging_mixin.py:190} INFO - [2025-03-13T18:03:27.862+0000] {dag.py:3239} INFO - Sync 1 DAGs
[2025-03-13T18:03:27.885+0000] {logging_mixin.py:190} INFO - [2025-03-13T18:03:27.885+0000] {dag.py:4180} INFO - Setting next_dagrun for example_bash_decorator to None, run_after=None
[2025-03-13T18:03:27.919+0000] {processor.py:208} INFO - Processing /root/venv/lib/python3.12/site-packages/airflow/example_dags/example_bash_decorator.py took 0.121 seconds
[2025-03-13T18:04:44.430+0000] {processor.py:186} INFO - Started process (PID=1661075) to work on /root/venv/lib/python3.12/site-packages/airflow/example_dags/example_bash_decorator.py
[2025-03-13T18:04:44.432+0000] {processor.py:914} INFO - Processing file /root/venv/lib/python3.12/site-packages/airflow/example_dags/example_bash_decorator.py for tasks to queue
[2025-03-13T18:04:44.435+0000] {logging_mixin.py:190} INFO - [2025-03-13T18:04:44.434+0000] {dagbag.py:588} INFO - Filling up the DagBag from /root/venv/lib/python3.12/site-packages/airflow/example_dags/example_bash_decorator.py
[2025-03-13T18:04:44.587+0000] {processor.py:925} INFO - DAG(s) 'example_bash_decorator' retrieved from /root/venv/lib/python3.12/site-packages/airflow/example_dags/example_bash_decorator.py
[2025-03-13T18:04:44.603+0000] {logging_mixin.py:190} INFO - [2025-03-13T18:04:44.603+0000] {dag.py:3239} INFO - Sync 1 DAGs
[2025-03-13T18:04:44.614+0000] {logging_mixin.py:190} INFO - [2025-03-13T18:04:44.613+0000] {dag.py:4180} INFO - Setting next_dagrun for example_bash_decorator to None, run_after=None
[2025-03-13T18:04:44.637+0000] {processor.py:208} INFO - Processing /root/venv/lib/python3.12/site-packages/airflow/example_dags/example_bash_decorator.py took 0.213 seconds
[2025-03-13T18:05:58.164+0000] {processor.py:186} INFO - Started process (PID=1661151) to work on /root/venv/lib/python3.12/site-packages/airflow/example_dags/example_bash_decorator.py
[2025-03-13T18:05:58.165+0000] {processor.py:914} INFO - Processing file /root/venv/lib/python3.12/site-packages/airflow/example_dags/example_bash_decorator.py for tasks to queue
[2025-03-13T18:05:58.169+0000] {logging_mixin.py:190} INFO - [2025-03-13T18:05:58.169+0000] {dagbag.py:588} INFO - Filling up the DagBag from /root/venv/lib/python3.12/site-packages/airflow/example_dags/example_bash_decorator.py
[2025-03-13T18:05:58.197+0000] {processor.py:925} INFO - DAG(s) 'example_bash_decorator' retrieved from /root/venv/lib/python3.12/site-packages/airflow/example_dags/example_bash_decorator.py
[2025-03-13T18:05:58.225+0000] {logging_mixin.py:190} INFO - [2025-03-13T18:05:58.225+0000] {dag.py:3239} INFO - Sync 1 DAGs
[2025-03-13T18:05:58.241+0000] {logging_mixin.py:190} INFO - [2025-03-13T18:05:58.241+0000] {dag.py:4180} INFO - Setting next_dagrun for example_bash_decorator to None, run_after=None
[2025-03-13T18:05:58.266+0000] {processor.py:208} INFO - Processing /root/venv/lib/python3.12/site-packages/airflow/example_dags/example_bash_decorator.py took 0.113 seconds
[2025-03-13T18:07:07.071+0000] {processor.py:186} INFO - Started process (PID=1661220) to work on /root/venv/lib/python3.12/site-packages/airflow/example_dags/example_bash_decorator.py
[2025-03-13T18:07:07.073+0000] {processor.py:914} INFO - Processing file /root/venv/lib/python3.12/site-packages/airflow/example_dags/example_bash_decorator.py for tasks to queue
[2025-03-13T18:07:07.077+0000] {logging_mixin.py:190} INFO - [2025-03-13T18:07:07.076+0000] {dagbag.py:588} INFO - Filling up the DagBag from /root/venv/lib/python3.12/site-packages/airflow/example_dags/example_bash_decorator.py
[2025-03-13T18:07:07.105+0000] {processor.py:925} INFO - DAG(s) 'example_bash_decorator' retrieved from /root/venv/lib/python3.12/site-packages/airflow/example_dags/example_bash_decorator.py
[2025-03-13T18:07:07.139+0000] {logging_mixin.py:190} INFO - [2025-03-13T18:07:07.139+0000] {dag.py:3239} INFO - Sync 1 DAGs
[2025-03-13T18:07:07.162+0000] {logging_mixin.py:190} INFO - [2025-03-13T18:07:07.161+0000] {dag.py:4180} INFO - Setting next_dagrun for example_bash_decorator to None, run_after=None
[2025-03-13T18:07:07.191+0000] {processor.py:208} INFO - Processing /root/venv/lib/python3.12/site-packages/airflow/example_dags/example_bash_decorator.py took 0.129 seconds
[2025-03-13T18:08:15.132+0000] {processor.py:186} INFO - Started process (PID=1661305) to work on /root/venv/lib/python3.12/site-packages/airflow/example_dags/example_bash_decorator.py
[2025-03-13T18:08:15.133+0000] {processor.py:914} INFO - Processing file /root/venv/lib/python3.12/site-packages/airflow/example_dags/example_bash_decorator.py for tasks to queue
[2025-03-13T18:08:15.136+0000] {logging_mixin.py:190} INFO - [2025-03-13T18:08:15.136+0000] {dagbag.py:588} INFO - Filling up the DagBag from /root/venv/lib/python3.12/site-packages/airflow/example_dags/example_bash_decorator.py
[2025-03-13T18:08:15.162+0000] {processor.py:925} INFO - DAG(s) 'example_bash_decorator' retrieved from /root/venv/lib/python3.12/site-packages/airflow/example_dags/example_bash_decorator.py
[2025-03-13T18:08:15.187+0000] {logging_mixin.py:190} INFO - [2025-03-13T18:08:15.187+0000] {dag.py:3239} INFO - Sync 1 DAGs
[2025-03-13T18:08:15.205+0000] {logging_mixin.py:190} INFO - [2025-03-13T18:08:15.205+0000] {dag.py:4180} INFO - Setting next_dagrun for example_bash_decorator to None, run_after=None
[2025-03-13T18:08:15.231+0000] {processor.py:208} INFO - Processing /root/venv/lib/python3.12/site-packages/airflow/example_dags/example_bash_decorator.py took 0.108 seconds
[2025-03-13T18:09:19.974+0000] {processor.py:186} INFO - Started process (PID=1661374) to work on /root/venv/lib/python3.12/site-packages/airflow/example_dags/example_bash_decorator.py
[2025-03-13T18:09:19.976+0000] {processor.py:914} INFO - Processing file /root/venv/lib/python3.12/site-packages/airflow/example_dags/example_bash_decorator.py for tasks to queue
[2025-03-13T18:09:19.980+0000] {logging_mixin.py:190} INFO - [2025-03-13T18:09:19.979+0000] {dagbag.py:588} INFO - Filling up the DagBag from /root/venv/lib/python3.12/site-packages/airflow/example_dags/example_bash_decorator.py
[2025-03-13T18:09:20.003+0000] {processor.py:925} INFO - DAG(s) 'example_bash_decorator' retrieved from /root/venv/lib/python3.12/site-packages/airflow/example_dags/example_bash_decorator.py
[2025-03-13T18:09:20.026+0000] {logging_mixin.py:190} INFO - [2025-03-13T18:09:20.026+0000] {dag.py:3239} INFO - Sync 1 DAGs
[2025-03-13T18:09:20.040+0000] {logging_mixin.py:190} INFO - [2025-03-13T18:09:20.040+0000] {dag.py:4180} INFO - Setting next_dagrun for example_bash_decorator to None, run_after=None
[2025-03-13T18:09:20.060+0000] {processor.py:208} INFO - Processing /root/venv/lib/python3.12/site-packages/airflow/example_dags/example_bash_decorator.py took 0.094 seconds
[2025-03-13T18:10:20.788+0000] {processor.py:186} INFO - Started process (PID=1661441) to work on /root/venv/lib/python3.12/site-packages/airflow/example_dags/example_bash_decorator.py
[2025-03-13T18:10:20.790+0000] {processor.py:914} INFO - Processing file /root/venv/lib/python3.12/site-packages/airflow/example_dags/example_bash_decorator.py for tasks to queue
[2025-03-13T18:10:20.793+0000] {logging_mixin.py:190} INFO - [2025-03-13T18:10:20.793+0000] {dagbag.py:588} INFO - Filling up the DagBag from /root/venv/lib/python3.12/site-packages/airflow/example_dags/example_bash_decorator.py
[2025-03-13T18:10:20.818+0000] {processor.py:925} INFO - DAG(s) 'example_bash_decorator' retrieved from /root/venv/lib/python3.12/site-packages/airflow/example_dags/example_bash_decorator.py
[2025-03-13T18:10:20.847+0000] {logging_mixin.py:190} INFO - [2025-03-13T18:10:20.847+0000] {dag.py:3239} INFO - Sync 1 DAGs
[2025-03-13T18:10:20.865+0000] {logging_mixin.py:190} INFO - [2025-03-13T18:10:20.865+0000] {dag.py:4180} INFO - Setting next_dagrun for example_bash_decorator to None, run_after=None
[2025-03-13T18:10:20.891+0000] {processor.py:208} INFO - Processing /root/venv/lib/python3.12/site-packages/airflow/example_dags/example_bash_decorator.py took 0.112 seconds
[2025-03-13T18:11:27.408+0000] {processor.py:186} INFO - Started process (PID=1661509) to work on /root/venv/lib/python3.12/site-packages/airflow/example_dags/example_bash_decorator.py
[2025-03-13T18:11:27.409+0000] {processor.py:914} INFO - Processing file /root/venv/lib/python3.12/site-packages/airflow/example_dags/example_bash_decorator.py for tasks to queue
[2025-03-13T18:11:27.411+0000] {logging_mixin.py:190} INFO - [2025-03-13T18:11:27.411+0000] {dagbag.py:588} INFO - Filling up the DagBag from /root/venv/lib/python3.12/site-packages/airflow/example_dags/example_bash_decorator.py
[2025-03-13T18:11:27.434+0000] {processor.py:925} INFO - DAG(s) 'example_bash_decorator' retrieved from /root/venv/lib/python3.12/site-packages/airflow/example_dags/example_bash_decorator.py
[2025-03-13T18:11:27.461+0000] {logging_mixin.py:190} INFO - [2025-03-13T18:11:27.461+0000] {dag.py:3239} INFO - Sync 1 DAGs
[2025-03-13T18:11:27.482+0000] {logging_mixin.py:190} INFO - [2025-03-13T18:11:27.482+0000] {dag.py:4180} INFO - Setting next_dagrun for example_bash_decorator to None, run_after=None
[2025-03-13T18:11:27.509+0000] {processor.py:208} INFO - Processing /root/venv/lib/python3.12/site-packages/airflow/example_dags/example_bash_decorator.py took 0.111 seconds
[2025-03-13T18:12:34.219+0000] {processor.py:186} INFO - Started process (PID=1661574) to work on /root/venv/lib/python3.12/site-packages/airflow/example_dags/example_bash_decorator.py
[2025-03-13T18:12:34.221+0000] {processor.py:914} INFO - Processing file /root/venv/lib/python3.12/site-packages/airflow/example_dags/example_bash_decorator.py for tasks to queue
[2025-03-13T18:12:34.223+0000] {logging_mixin.py:190} INFO - [2025-03-13T18:12:34.222+0000] {dagbag.py:588} INFO - Filling up the DagBag from /root/venv/lib/python3.12/site-packages/airflow/example_dags/example_bash_decorator.py
[2025-03-13T18:12:34.245+0000] {processor.py:925} INFO - DAG(s) 'example_bash_decorator' retrieved from /root/venv/lib/python3.12/site-packages/airflow/example_dags/example_bash_decorator.py
[2025-03-13T18:12:34.272+0000] {logging_mixin.py:190} INFO - [2025-03-13T18:12:34.272+0000] {dag.py:3239} INFO - Sync 1 DAGs
[2025-03-13T18:12:34.294+0000] {logging_mixin.py:190} INFO - [2025-03-13T18:12:34.293+0000] {dag.py:4180} INFO - Setting next_dagrun for example_bash_decorator to None, run_after=None
[2025-03-13T18:12:34.336+0000] {processor.py:208} INFO - Processing /root/venv/lib/python3.12/site-packages/airflow/example_dags/example_bash_decorator.py took 0.125 seconds
[2025-03-13T18:13:41.874+0000] {processor.py:186} INFO - Started process (PID=1661656) to work on /root/venv/lib/python3.12/site-packages/airflow/example_dags/example_bash_decorator.py
[2025-03-13T18:13:41.876+0000] {processor.py:914} INFO - Processing file /root/venv/lib/python3.12/site-packages/airflow/example_dags/example_bash_decorator.py for tasks to queue
[2025-03-13T18:13:41.878+0000] {logging_mixin.py:190} INFO - [2025-03-13T18:13:41.877+0000] {dagbag.py:588} INFO - Filling up the DagBag from /root/venv/lib/python3.12/site-packages/airflow/example_dags/example_bash_decorator.py
[2025-03-13T18:13:41.903+0000] {processor.py:925} INFO - DAG(s) 'example_bash_decorator' retrieved from /root/venv/lib/python3.12/site-packages/airflow/example_dags/example_bash_decorator.py
[2025-03-13T18:13:41.928+0000] {logging_mixin.py:190} INFO - [2025-03-13T18:13:41.928+0000] {dag.py:3239} INFO - Sync 1 DAGs
[2025-03-13T18:13:41.944+0000] {logging_mixin.py:190} INFO - [2025-03-13T18:13:41.943+0000] {dag.py:4180} INFO - Setting next_dagrun for example_bash_decorator to None, run_after=None
[2025-03-13T18:13:41.966+0000] {processor.py:208} INFO - Processing /root/venv/lib/python3.12/site-packages/airflow/example_dags/example_bash_decorator.py took 0.100 seconds
[2025-03-13T18:14:49.190+0000] {processor.py:186} INFO - Started process (PID=1661729) to work on /root/venv/lib/python3.12/site-packages/airflow/example_dags/example_bash_decorator.py
[2025-03-13T18:14:49.192+0000] {processor.py:914} INFO - Processing file /root/venv/lib/python3.12/site-packages/airflow/example_dags/example_bash_decorator.py for tasks to queue
[2025-03-13T18:14:49.194+0000] {logging_mixin.py:190} INFO - [2025-03-13T18:14:49.193+0000] {dagbag.py:588} INFO - Filling up the DagBag from /root/venv/lib/python3.12/site-packages/airflow/example_dags/example_bash_decorator.py
[2025-03-13T18:14:49.216+0000] {processor.py:925} INFO - DAG(s) 'example_bash_decorator' retrieved from /root/venv/lib/python3.12/site-packages/airflow/example_dags/example_bash_decorator.py
[2025-03-13T18:14:49.241+0000] {logging_mixin.py:190} INFO - [2025-03-13T18:14:49.241+0000] {dag.py:3239} INFO - Sync 1 DAGs
[2025-03-13T18:14:49.258+0000] {logging_mixin.py:190} INFO - [2025-03-13T18:14:49.258+0000] {dag.py:4180} INFO - Setting next_dagrun for example_bash_decorator to None, run_after=None
[2025-03-13T18:14:49.283+0000] {processor.py:208} INFO - Processing /root/venv/lib/python3.12/site-packages/airflow/example_dags/example_bash_decorator.py took 0.105 seconds
