[2025-03-13T17:31:30.944+0000] {processor.py:186} INFO - Started process (PID=1658881) to work on /root/venv/lib/python3.12/site-packages/airflow/example_dags/example_latest_only.py
[2025-03-13T17:31:30.946+0000] {processor.py:914} INFO - Processing file /root/venv/lib/python3.12/site-packages/airflow/example_dags/example_latest_only.py for tasks to queue
[2025-03-13T17:31:30.950+0000] {logging_mixin.py:190} INFO - [2025-03-13T17:31:30.949+0000] {dagbag.py:588} INFO - Filling up the DagBag from /root/venv/lib/python3.12/site-packages/airflow/example_dags/example_latest_only.py
[2025-03-13T17:31:30.964+0000] {processor.py:925} INFO - DAG(s) 'latest_only' retrieved from /root/venv/lib/python3.12/site-packages/airflow/example_dags/example_latest_only.py
[2025-03-13T17:31:31.097+0000] {logging_mixin.py:190} INFO - [2025-03-13T17:31:31.097+0000] {dag.py:3239} INFO - Sync 1 DAGs
[2025-03-13T17:31:31.121+0000] {logging_mixin.py:190} INFO - [2025-03-13T17:31:31.121+0000] {dag.py:4180} INFO - Setting next_dagrun for latest_only to 2025-03-13 12:00:00+00:00, run_after=2025-03-13 16:00:00+00:00
[2025-03-13T17:31:31.151+0000] {processor.py:208} INFO - Processing /root/venv/lib/python3.12/site-packages/airflow/example_dags/example_latest_only.py took 0.217 seconds
[2025-03-13T17:32:36.553+0000] {processor.py:186} INFO - Started process (PID=1658947) to work on /root/venv/lib/python3.12/site-packages/airflow/example_dags/example_latest_only.py
[2025-03-13T17:32:36.555+0000] {processor.py:914} INFO - Processing file /root/venv/lib/python3.12/site-packages/airflow/example_dags/example_latest_only.py for tasks to queue
[2025-03-13T17:32:36.558+0000] {logging_mixin.py:190} INFO - [2025-03-13T17:32:36.557+0000] {dagbag.py:588} INFO - Filling up the DagBag from /root/venv/lib/python3.12/site-packages/airflow/example_dags/example_latest_only.py
[2025-03-13T17:32:36.567+0000] {processor.py:925} INFO - DAG(s) 'latest_only' retrieved from /root/venv/lib/python3.12/site-packages/airflow/example_dags/example_latest_only.py
[2025-03-13T17:32:36.587+0000] {logging_mixin.py:190} INFO - [2025-03-13T17:32:36.587+0000] {dag.py:3239} INFO - Sync 1 DAGs
[2025-03-13T17:32:36.609+0000] {logging_mixin.py:190} INFO - [2025-03-13T17:32:36.609+0000] {dag.py:4180} INFO - Setting next_dagrun for latest_only to 2025-03-13 12:00:00+00:00, run_after=2025-03-13 16:00:00+00:00
[2025-03-13T17:32:36.634+0000] {processor.py:208} INFO - Processing /root/venv/lib/python3.12/site-packages/airflow/example_dags/example_latest_only.py took 0.089 seconds
[2025-03-13T17:33:37.065+0000] {processor.py:186} INFO - Started process (PID=1659078) to work on /root/venv/lib/python3.12/site-packages/airflow/example_dags/example_latest_only.py
[2025-03-13T17:33:37.067+0000] {processor.py:914} INFO - Processing file /root/venv/lib/python3.12/site-packages/airflow/example_dags/example_latest_only.py for tasks to queue
[2025-03-13T17:33:37.069+0000] {logging_mixin.py:190} INFO - [2025-03-13T17:33:37.069+0000] {dagbag.py:588} INFO - Filling up the DagBag from /root/venv/lib/python3.12/site-packages/airflow/example_dags/example_latest_only.py
[2025-03-13T17:33:37.079+0000] {processor.py:925} INFO - DAG(s) 'latest_only' retrieved from /root/venv/lib/python3.12/site-packages/airflow/example_dags/example_latest_only.py
[2025-03-13T17:33:37.100+0000] {logging_mixin.py:190} INFO - [2025-03-13T17:33:37.100+0000] {dag.py:3239} INFO - Sync 1 DAGs
[2025-03-13T17:33:37.122+0000] {logging_mixin.py:190} INFO - [2025-03-13T17:33:37.122+0000] {dag.py:4180} INFO - Setting next_dagrun for latest_only to 2025-03-13 12:00:00+00:00, run_after=2025-03-13 16:00:00+00:00
[2025-03-13T17:33:37.143+0000] {processor.py:208} INFO - Processing /root/venv/lib/python3.12/site-packages/airflow/example_dags/example_latest_only.py took 0.085 seconds
[2025-03-13T17:35:20.377+0000] {processor.py:186} INFO - Started process (PID=1659192) to work on /root/venv/lib/python3.12/site-packages/airflow/example_dags/example_latest_only.py
[2025-03-13T17:35:20.382+0000] {processor.py:914} INFO - Processing file /root/venv/lib/python3.12/site-packages/airflow/example_dags/example_latest_only.py for tasks to queue
[2025-03-13T17:35:20.387+0000] {logging_mixin.py:190} INFO - [2025-03-13T17:35:20.386+0000] {dagbag.py:588} INFO - Filling up the DagBag from /root/venv/lib/python3.12/site-packages/airflow/example_dags/example_latest_only.py
[2025-03-13T17:35:20.401+0000] {processor.py:925} INFO - DAG(s) 'latest_only' retrieved from /root/venv/lib/python3.12/site-packages/airflow/example_dags/example_latest_only.py
[2025-03-13T17:35:20.427+0000] {logging_mixin.py:190} INFO - [2025-03-13T17:35:20.426+0000] {dag.py:3239} INFO - Sync 1 DAGs
[2025-03-13T17:35:20.451+0000] {logging_mixin.py:190} INFO - [2025-03-13T17:35:20.450+0000] {dag.py:4180} INFO - Setting next_dagrun for latest_only to 2025-03-13 12:00:00+00:00, run_after=2025-03-13 16:00:00+00:00
[2025-03-13T17:35:20.475+0000] {processor.py:208} INFO - Processing /root/venv/lib/python3.12/site-packages/airflow/example_dags/example_latest_only.py took 0.107 seconds
[2025-03-13T17:36:18.366+0000] {processor.py:186} INFO - Started process (PID=1659253) to work on /root/venv/lib/python3.12/site-packages/airflow/example_dags/example_latest_only.py
[2025-03-13T17:36:18.367+0000] {processor.py:914} INFO - Processing file /root/venv/lib/python3.12/site-packages/airflow/example_dags/example_latest_only.py for tasks to queue
[2025-03-13T17:36:18.369+0000] {logging_mixin.py:190} INFO - [2025-03-13T17:36:18.369+0000] {dagbag.py:588} INFO - Filling up the DagBag from /root/venv/lib/python3.12/site-packages/airflow/example_dags/example_latest_only.py
[2025-03-13T17:36:18.378+0000] {processor.py:925} INFO - DAG(s) 'latest_only' retrieved from /root/venv/lib/python3.12/site-packages/airflow/example_dags/example_latest_only.py
[2025-03-13T17:36:18.396+0000] {logging_mixin.py:190} INFO - [2025-03-13T17:36:18.396+0000] {dag.py:3239} INFO - Sync 1 DAGs
[2025-03-13T17:36:18.416+0000] {logging_mixin.py:190} INFO - [2025-03-13T17:36:18.416+0000] {dag.py:4180} INFO - Setting next_dagrun for latest_only to 2025-03-13 12:00:00+00:00, run_after=2025-03-13 16:00:00+00:00
[2025-03-13T17:36:18.439+0000] {processor.py:208} INFO - Processing /root/venv/lib/python3.12/site-packages/airflow/example_dags/example_latest_only.py took 0.080 seconds
[2025-03-13T17:37:20.853+0000] {processor.py:186} INFO - Started process (PID=1659321) to work on /root/venv/lib/python3.12/site-packages/airflow/example_dags/example_latest_only.py
[2025-03-13T17:37:20.854+0000] {processor.py:914} INFO - Processing file /root/venv/lib/python3.12/site-packages/airflow/example_dags/example_latest_only.py for tasks to queue
[2025-03-13T17:37:20.858+0000] {logging_mixin.py:190} INFO - [2025-03-13T17:37:20.857+0000] {dagbag.py:588} INFO - Filling up the DagBag from /root/venv/lib/python3.12/site-packages/airflow/example_dags/example_latest_only.py
[2025-03-13T17:37:20.869+0000] {processor.py:925} INFO - DAG(s) 'latest_only' retrieved from /root/venv/lib/python3.12/site-packages/airflow/example_dags/example_latest_only.py
[2025-03-13T17:37:20.887+0000] {logging_mixin.py:190} INFO - [2025-03-13T17:37:20.887+0000] {dag.py:3239} INFO - Sync 1 DAGs
[2025-03-13T17:37:20.909+0000] {logging_mixin.py:190} INFO - [2025-03-13T17:37:20.909+0000] {dag.py:4180} INFO - Setting next_dagrun for latest_only to 2025-03-13 12:00:00+00:00, run_after=2025-03-13 16:00:00+00:00
[2025-03-13T17:37:20.933+0000] {processor.py:208} INFO - Processing /root/venv/lib/python3.12/site-packages/airflow/example_dags/example_latest_only.py took 0.089 seconds
[2025-03-13T17:38:23.971+0000] {processor.py:186} INFO - Started process (PID=1659384) to work on /root/venv/lib/python3.12/site-packages/airflow/example_dags/example_latest_only.py
[2025-03-13T17:38:23.973+0000] {processor.py:914} INFO - Processing file /root/venv/lib/python3.12/site-packages/airflow/example_dags/example_latest_only.py for tasks to queue
[2025-03-13T17:38:23.977+0000] {logging_mixin.py:190} INFO - [2025-03-13T17:38:23.976+0000] {dagbag.py:588} INFO - Filling up the DagBag from /root/venv/lib/python3.12/site-packages/airflow/example_dags/example_latest_only.py
[2025-03-13T17:38:23.990+0000] {processor.py:925} INFO - DAG(s) 'latest_only' retrieved from /root/venv/lib/python3.12/site-packages/airflow/example_dags/example_latest_only.py
[2025-03-13T17:38:24.015+0000] {logging_mixin.py:190} INFO - [2025-03-13T17:38:24.015+0000] {dag.py:3239} INFO - Sync 1 DAGs
[2025-03-13T17:38:24.042+0000] {logging_mixin.py:190} INFO - [2025-03-13T17:38:24.041+0000] {dag.py:4180} INFO - Setting next_dagrun for latest_only to 2025-03-13 12:00:00+00:00, run_after=2025-03-13 16:00:00+00:00
[2025-03-13T17:38:24.066+0000] {processor.py:208} INFO - Processing /root/venv/lib/python3.12/site-packages/airflow/example_dags/example_latest_only.py took 0.103 seconds
[2025-03-13T17:39:25.518+0000] {processor.py:186} INFO - Started process (PID=1659445) to work on /root/venv/lib/python3.12/site-packages/airflow/example_dags/example_latest_only.py
[2025-03-13T17:39:25.520+0000] {processor.py:914} INFO - Processing file /root/venv/lib/python3.12/site-packages/airflow/example_dags/example_latest_only.py for tasks to queue
[2025-03-13T17:39:25.522+0000] {logging_mixin.py:190} INFO - [2025-03-13T17:39:25.522+0000] {dagbag.py:588} INFO - Filling up the DagBag from /root/venv/lib/python3.12/site-packages/airflow/example_dags/example_latest_only.py
[2025-03-13T17:39:25.532+0000] {processor.py:925} INFO - DAG(s) 'latest_only' retrieved from /root/venv/lib/python3.12/site-packages/airflow/example_dags/example_latest_only.py
[2025-03-13T17:39:25.550+0000] {logging_mixin.py:190} INFO - [2025-03-13T17:39:25.550+0000] {dag.py:3239} INFO - Sync 1 DAGs
[2025-03-13T17:39:25.571+0000] {logging_mixin.py:190} INFO - [2025-03-13T17:39:25.571+0000] {dag.py:4180} INFO - Setting next_dagrun for latest_only to 2025-03-13 12:00:00+00:00, run_after=2025-03-13 16:00:00+00:00
[2025-03-13T17:39:25.597+0000] {processor.py:208} INFO - Processing /root/venv/lib/python3.12/site-packages/airflow/example_dags/example_latest_only.py took 0.086 seconds
[2025-03-13T17:40:24.458+0000] {processor.py:186} INFO - Started process (PID=1659511) to work on /root/venv/lib/python3.12/site-packages/airflow/example_dags/example_latest_only.py
[2025-03-13T17:40:24.460+0000] {processor.py:914} INFO - Processing file /root/venv/lib/python3.12/site-packages/airflow/example_dags/example_latest_only.py for tasks to queue
[2025-03-13T17:40:24.464+0000] {logging_mixin.py:190} INFO - [2025-03-13T17:40:24.463+0000] {dagbag.py:588} INFO - Filling up the DagBag from /root/venv/lib/python3.12/site-packages/airflow/example_dags/example_latest_only.py
[2025-03-13T17:40:24.474+0000] {processor.py:925} INFO - DAG(s) 'latest_only' retrieved from /root/venv/lib/python3.12/site-packages/airflow/example_dags/example_latest_only.py
[2025-03-13T17:40:24.496+0000] {logging_mixin.py:190} INFO - [2025-03-13T17:40:24.496+0000] {dag.py:3239} INFO - Sync 1 DAGs
[2025-03-13T17:40:24.521+0000] {logging_mixin.py:190} INFO - [2025-03-13T17:40:24.521+0000] {dag.py:4180} INFO - Setting next_dagrun for latest_only to 2025-03-13 12:00:00+00:00, run_after=2025-03-13 16:00:00+00:00
[2025-03-13T17:40:24.548+0000] {processor.py:208} INFO - Processing /root/venv/lib/python3.12/site-packages/airflow/example_dags/example_latest_only.py took 0.097 seconds
[2025-03-13T17:41:25.365+0000] {processor.py:186} INFO - Started process (PID=1659576) to work on /root/venv/lib/python3.12/site-packages/airflow/example_dags/example_latest_only.py
[2025-03-13T17:41:25.366+0000] {processor.py:914} INFO - Processing file /root/venv/lib/python3.12/site-packages/airflow/example_dags/example_latest_only.py for tasks to queue
[2025-03-13T17:41:25.370+0000] {logging_mixin.py:190} INFO - [2025-03-13T17:41:25.369+0000] {dagbag.py:588} INFO - Filling up the DagBag from /root/venv/lib/python3.12/site-packages/airflow/example_dags/example_latest_only.py
[2025-03-13T17:41:25.383+0000] {processor.py:925} INFO - DAG(s) 'latest_only' retrieved from /root/venv/lib/python3.12/site-packages/airflow/example_dags/example_latest_only.py
[2025-03-13T17:41:25.410+0000] {logging_mixin.py:190} INFO - [2025-03-13T17:41:25.410+0000] {dag.py:3239} INFO - Sync 1 DAGs
[2025-03-13T17:41:25.603+0000] {logging_mixin.py:190} INFO - [2025-03-13T17:41:25.603+0000] {dag.py:4180} INFO - Setting next_dagrun for latest_only to 2025-03-13 12:00:00+00:00, run_after=2025-03-13 16:00:00+00:00
[2025-03-13T17:41:25.626+0000] {processor.py:208} INFO - Processing /root/venv/lib/python3.12/site-packages/airflow/example_dags/example_latest_only.py took 0.269 seconds
[2025-03-13T17:42:33.605+0000] {processor.py:186} INFO - Started process (PID=1659646) to work on /root/venv/lib/python3.12/site-packages/airflow/example_dags/example_latest_only.py
[2025-03-13T17:42:33.607+0000] {processor.py:914} INFO - Processing file /root/venv/lib/python3.12/site-packages/airflow/example_dags/example_latest_only.py for tasks to queue
[2025-03-13T17:42:33.612+0000] {logging_mixin.py:190} INFO - [2025-03-13T17:42:33.611+0000] {dagbag.py:588} INFO - Filling up the DagBag from /root/venv/lib/python3.12/site-packages/airflow/example_dags/example_latest_only.py
[2025-03-13T17:42:33.627+0000] {processor.py:925} INFO - DAG(s) 'latest_only' retrieved from /root/venv/lib/python3.12/site-packages/airflow/example_dags/example_latest_only.py
[2025-03-13T17:42:33.658+0000] {logging_mixin.py:190} INFO - [2025-03-13T17:42:33.657+0000] {dag.py:3239} INFO - Sync 1 DAGs
[2025-03-13T17:42:33.697+0000] {logging_mixin.py:190} INFO - [2025-03-13T17:42:33.697+0000] {dag.py:4180} INFO - Setting next_dagrun for latest_only to 2025-03-13 12:00:00+00:00, run_after=2025-03-13 16:00:00+00:00
[2025-03-13T17:42:33.733+0000] {processor.py:208} INFO - Processing /root/venv/lib/python3.12/site-packages/airflow/example_dags/example_latest_only.py took 0.138 seconds
[2025-03-13T17:43:32.329+0000] {processor.py:186} INFO - Started process (PID=1659706) to work on /root/venv/lib/python3.12/site-packages/airflow/example_dags/example_latest_only.py
[2025-03-13T17:43:32.331+0000] {processor.py:914} INFO - Processing file /root/venv/lib/python3.12/site-packages/airflow/example_dags/example_latest_only.py for tasks to queue
[2025-03-13T17:43:32.334+0000] {logging_mixin.py:190} INFO - [2025-03-13T17:43:32.334+0000] {dagbag.py:588} INFO - Filling up the DagBag from /root/venv/lib/python3.12/site-packages/airflow/example_dags/example_latest_only.py
[2025-03-13T17:43:32.345+0000] {processor.py:925} INFO - DAG(s) 'latest_only' retrieved from /root/venv/lib/python3.12/site-packages/airflow/example_dags/example_latest_only.py
[2025-03-13T17:43:32.367+0000] {logging_mixin.py:190} INFO - [2025-03-13T17:43:32.367+0000] {dag.py:3239} INFO - Sync 1 DAGs
[2025-03-13T17:43:32.393+0000] {logging_mixin.py:190} INFO - [2025-03-13T17:43:32.392+0000] {dag.py:4180} INFO - Setting next_dagrun for latest_only to 2025-03-13 12:00:00+00:00, run_after=2025-03-13 16:00:00+00:00
[2025-03-13T17:43:32.419+0000] {processor.py:208} INFO - Processing /root/venv/lib/python3.12/site-packages/airflow/example_dags/example_latest_only.py took 0.099 seconds
[2025-03-13T17:44:34.544+0000] {processor.py:186} INFO - Started process (PID=1659786) to work on /root/venv/lib/python3.12/site-packages/airflow/example_dags/example_latest_only.py
[2025-03-13T17:44:34.546+0000] {processor.py:914} INFO - Processing file /root/venv/lib/python3.12/site-packages/airflow/example_dags/example_latest_only.py for tasks to queue
[2025-03-13T17:44:34.550+0000] {logging_mixin.py:190} INFO - [2025-03-13T17:44:34.549+0000] {dagbag.py:588} INFO - Filling up the DagBag from /root/venv/lib/python3.12/site-packages/airflow/example_dags/example_latest_only.py
[2025-03-13T17:44:34.563+0000] {processor.py:925} INFO - DAG(s) 'latest_only' retrieved from /root/venv/lib/python3.12/site-packages/airflow/example_dags/example_latest_only.py
[2025-03-13T17:44:34.590+0000] {logging_mixin.py:190} INFO - [2025-03-13T17:44:34.589+0000] {dag.py:3239} INFO - Sync 1 DAGs
[2025-03-13T17:44:34.619+0000] {logging_mixin.py:190} INFO - [2025-03-13T17:44:34.619+0000] {dag.py:4180} INFO - Setting next_dagrun for latest_only to 2025-03-13 12:00:00+00:00, run_after=2025-03-13 16:00:00+00:00
[2025-03-13T17:44:34.648+0000] {processor.py:208} INFO - Processing /root/venv/lib/python3.12/site-packages/airflow/example_dags/example_latest_only.py took 0.115 seconds
[2025-03-13T17:45:38.390+0000] {processor.py:186} INFO - Started process (PID=1659852) to work on /root/venv/lib/python3.12/site-packages/airflow/example_dags/example_latest_only.py
[2025-03-13T17:45:38.392+0000] {processor.py:914} INFO - Processing file /root/venv/lib/python3.12/site-packages/airflow/example_dags/example_latest_only.py for tasks to queue
[2025-03-13T17:45:38.396+0000] {logging_mixin.py:190} INFO - [2025-03-13T17:45:38.395+0000] {dagbag.py:588} INFO - Filling up the DagBag from /root/venv/lib/python3.12/site-packages/airflow/example_dags/example_latest_only.py
[2025-03-13T17:45:38.410+0000] {processor.py:925} INFO - DAG(s) 'latest_only' retrieved from /root/venv/lib/python3.12/site-packages/airflow/example_dags/example_latest_only.py
[2025-03-13T17:45:38.440+0000] {logging_mixin.py:190} INFO - [2025-03-13T17:45:38.440+0000] {dag.py:3239} INFO - Sync 1 DAGs
[2025-03-13T17:45:38.467+0000] {logging_mixin.py:190} INFO - [2025-03-13T17:45:38.467+0000] {dag.py:4180} INFO - Setting next_dagrun for latest_only to 2025-03-13 12:00:00+00:00, run_after=2025-03-13 16:00:00+00:00
[2025-03-13T17:45:38.498+0000] {processor.py:208} INFO - Processing /root/venv/lib/python3.12/site-packages/airflow/example_dags/example_latest_only.py took 0.118 seconds
[2025-03-13T17:46:43.673+0000] {processor.py:186} INFO - Started process (PID=1659917) to work on /root/venv/lib/python3.12/site-packages/airflow/example_dags/example_latest_only.py
[2025-03-13T17:46:43.674+0000] {processor.py:914} INFO - Processing file /root/venv/lib/python3.12/site-packages/airflow/example_dags/example_latest_only.py for tasks to queue
[2025-03-13T17:46:43.677+0000] {logging_mixin.py:190} INFO - [2025-03-13T17:46:43.677+0000] {dagbag.py:588} INFO - Filling up the DagBag from /root/venv/lib/python3.12/site-packages/airflow/example_dags/example_latest_only.py
[2025-03-13T17:46:43.687+0000] {processor.py:925} INFO - DAG(s) 'latest_only' retrieved from /root/venv/lib/python3.12/site-packages/airflow/example_dags/example_latest_only.py
[2025-03-13T17:46:43.708+0000] {logging_mixin.py:190} INFO - [2025-03-13T17:46:43.708+0000] {dag.py:3239} INFO - Sync 1 DAGs
[2025-03-13T17:46:43.734+0000] {logging_mixin.py:190} INFO - [2025-03-13T17:46:43.734+0000] {dag.py:4180} INFO - Setting next_dagrun for latest_only to 2025-03-13 12:00:00+00:00, run_after=2025-03-13 16:00:00+00:00
[2025-03-13T17:46:43.758+0000] {processor.py:208} INFO - Processing /root/venv/lib/python3.12/site-packages/airflow/example_dags/example_latest_only.py took 0.094 seconds
[2025-03-13T17:47:42.781+0000] {processor.py:186} INFO - Started process (PID=1659979) to work on /root/venv/lib/python3.12/site-packages/airflow/example_dags/example_latest_only.py
[2025-03-13T17:47:42.783+0000] {processor.py:914} INFO - Processing file /root/venv/lib/python3.12/site-packages/airflow/example_dags/example_latest_only.py for tasks to queue
[2025-03-13T17:47:42.786+0000] {logging_mixin.py:190} INFO - [2025-03-13T17:47:42.786+0000] {dagbag.py:588} INFO - Filling up the DagBag from /root/venv/lib/python3.12/site-packages/airflow/example_dags/example_latest_only.py
[2025-03-13T17:47:42.797+0000] {processor.py:925} INFO - DAG(s) 'latest_only' retrieved from /root/venv/lib/python3.12/site-packages/airflow/example_dags/example_latest_only.py
[2025-03-13T17:47:42.818+0000] {logging_mixin.py:190} INFO - [2025-03-13T17:47:42.818+0000] {dag.py:3239} INFO - Sync 1 DAGs
[2025-03-13T17:47:42.847+0000] {logging_mixin.py:190} INFO - [2025-03-13T17:47:42.846+0000] {dag.py:4180} INFO - Setting next_dagrun for latest_only to 2025-03-13 12:00:00+00:00, run_after=2025-03-13 16:00:00+00:00
[2025-03-13T17:47:42.875+0000] {processor.py:208} INFO - Processing /root/venv/lib/python3.12/site-packages/airflow/example_dags/example_latest_only.py took 0.101 seconds
[2025-03-13T17:48:44.191+0000] {processor.py:186} INFO - Started process (PID=1660042) to work on /root/venv/lib/python3.12/site-packages/airflow/example_dags/example_latest_only.py
[2025-03-13T17:48:44.192+0000] {processor.py:914} INFO - Processing file /root/venv/lib/python3.12/site-packages/airflow/example_dags/example_latest_only.py for tasks to queue
[2025-03-13T17:48:44.196+0000] {logging_mixin.py:190} INFO - [2025-03-13T17:48:44.195+0000] {dagbag.py:588} INFO - Filling up the DagBag from /root/venv/lib/python3.12/site-packages/airflow/example_dags/example_latest_only.py
[2025-03-13T17:48:44.205+0000] {processor.py:925} INFO - DAG(s) 'latest_only' retrieved from /root/venv/lib/python3.12/site-packages/airflow/example_dags/example_latest_only.py
[2025-03-13T17:48:44.226+0000] {logging_mixin.py:190} INFO - [2025-03-13T17:48:44.226+0000] {dag.py:3239} INFO - Sync 1 DAGs
[2025-03-13T17:48:44.253+0000] {logging_mixin.py:190} INFO - [2025-03-13T17:48:44.253+0000] {dag.py:4180} INFO - Setting next_dagrun for latest_only to 2025-03-13 12:00:00+00:00, run_after=2025-03-13 16:00:00+00:00
[2025-03-13T17:48:44.283+0000] {processor.py:208} INFO - Processing /root/venv/lib/python3.12/site-packages/airflow/example_dags/example_latest_only.py took 0.100 seconds
[2025-03-13T17:49:45.895+0000] {processor.py:186} INFO - Started process (PID=1660106) to work on /root/venv/lib/python3.12/site-packages/airflow/example_dags/example_latest_only.py
[2025-03-13T17:49:45.896+0000] {processor.py:914} INFO - Processing file /root/venv/lib/python3.12/site-packages/airflow/example_dags/example_latest_only.py for tasks to queue
[2025-03-13T17:49:45.900+0000] {logging_mixin.py:190} INFO - [2025-03-13T17:49:45.899+0000] {dagbag.py:588} INFO - Filling up the DagBag from /root/venv/lib/python3.12/site-packages/airflow/example_dags/example_latest_only.py
[2025-03-13T17:49:45.911+0000] {processor.py:925} INFO - DAG(s) 'latest_only' retrieved from /root/venv/lib/python3.12/site-packages/airflow/example_dags/example_latest_only.py
[2025-03-13T17:49:45.935+0000] {logging_mixin.py:190} INFO - [2025-03-13T17:49:45.935+0000] {dag.py:3239} INFO - Sync 1 DAGs
[2025-03-13T17:49:45.965+0000] {logging_mixin.py:190} INFO - [2025-03-13T17:49:45.965+0000] {dag.py:4180} INFO - Setting next_dagrun for latest_only to 2025-03-13 12:00:00+00:00, run_after=2025-03-13 16:00:00+00:00
[2025-03-13T17:49:45.995+0000] {processor.py:208} INFO - Processing /root/venv/lib/python3.12/site-packages/airflow/example_dags/example_latest_only.py took 0.110 seconds
[2025-03-13T17:50:49.174+0000] {processor.py:186} INFO - Started process (PID=1660176) to work on /root/venv/lib/python3.12/site-packages/airflow/example_dags/example_latest_only.py
[2025-03-13T17:50:49.176+0000] {processor.py:914} INFO - Processing file /root/venv/lib/python3.12/site-packages/airflow/example_dags/example_latest_only.py for tasks to queue
[2025-03-13T17:50:49.178+0000] {logging_mixin.py:190} INFO - [2025-03-13T17:50:49.178+0000] {dagbag.py:588} INFO - Filling up the DagBag from /root/venv/lib/python3.12/site-packages/airflow/example_dags/example_latest_only.py
[2025-03-13T17:50:49.189+0000] {processor.py:925} INFO - DAG(s) 'latest_only' retrieved from /root/venv/lib/python3.12/site-packages/airflow/example_dags/example_latest_only.py
[2025-03-13T17:50:49.210+0000] {logging_mixin.py:190} INFO - [2025-03-13T17:50:49.209+0000] {dag.py:3239} INFO - Sync 1 DAGs
[2025-03-13T17:50:49.232+0000] {logging_mixin.py:190} INFO - [2025-03-13T17:50:49.232+0000] {dag.py:4180} INFO - Setting next_dagrun for latest_only to 2025-03-13 12:00:00+00:00, run_after=2025-03-13 16:00:00+00:00
[2025-03-13T17:50:49.264+0000] {processor.py:208} INFO - Processing /root/venv/lib/python3.12/site-packages/airflow/example_dags/example_latest_only.py took 0.097 seconds
[2025-03-13T17:51:53.226+0000] {processor.py:186} INFO - Started process (PID=1660238) to work on /root/venv/lib/python3.12/site-packages/airflow/example_dags/example_latest_only.py
[2025-03-13T17:51:53.227+0000] {processor.py:914} INFO - Processing file /root/venv/lib/python3.12/site-packages/airflow/example_dags/example_latest_only.py for tasks to queue
[2025-03-13T17:51:53.231+0000] {logging_mixin.py:190} INFO - [2025-03-13T17:51:53.230+0000] {dagbag.py:588} INFO - Filling up the DagBag from /root/venv/lib/python3.12/site-packages/airflow/example_dags/example_latest_only.py
[2025-03-13T17:51:53.242+0000] {processor.py:925} INFO - DAG(s) 'latest_only' retrieved from /root/venv/lib/python3.12/site-packages/airflow/example_dags/example_latest_only.py
[2025-03-13T17:51:53.264+0000] {logging_mixin.py:190} INFO - [2025-03-13T17:51:53.264+0000] {dag.py:3239} INFO - Sync 1 DAGs
[2025-03-13T17:51:53.290+0000] {logging_mixin.py:190} INFO - [2025-03-13T17:51:53.290+0000] {dag.py:4180} INFO - Setting next_dagrun for latest_only to 2025-03-13 12:00:00+00:00, run_after=2025-03-13 16:00:00+00:00
[2025-03-13T17:51:53.317+0000] {processor.py:208} INFO - Processing /root/venv/lib/python3.12/site-packages/airflow/example_dags/example_latest_only.py took 0.101 seconds
[2025-03-13T17:52:56.875+0000] {processor.py:186} INFO - Started process (PID=1660301) to work on /root/venv/lib/python3.12/site-packages/airflow/example_dags/example_latest_only.py
[2025-03-13T17:52:56.877+0000] {processor.py:914} INFO - Processing file /root/venv/lib/python3.12/site-packages/airflow/example_dags/example_latest_only.py for tasks to queue
[2025-03-13T17:52:56.881+0000] {logging_mixin.py:190} INFO - [2025-03-13T17:52:56.880+0000] {dagbag.py:588} INFO - Filling up the DagBag from /root/venv/lib/python3.12/site-packages/airflow/example_dags/example_latest_only.py
[2025-03-13T17:52:56.894+0000] {processor.py:925} INFO - DAG(s) 'latest_only' retrieved from /root/venv/lib/python3.12/site-packages/airflow/example_dags/example_latest_only.py
[2025-03-13T17:52:56.923+0000] {logging_mixin.py:190} INFO - [2025-03-13T17:52:56.923+0000] {dag.py:3239} INFO - Sync 1 DAGs
[2025-03-13T17:52:56.958+0000] {logging_mixin.py:190} INFO - [2025-03-13T17:52:56.958+0000] {dag.py:4180} INFO - Setting next_dagrun for latest_only to 2025-03-13 12:00:00+00:00, run_after=2025-03-13 16:00:00+00:00
[2025-03-13T17:52:56.987+0000] {processor.py:208} INFO - Processing /root/venv/lib/python3.12/site-packages/airflow/example_dags/example_latest_only.py took 0.123 seconds
[2025-03-13T17:53:58.402+0000] {processor.py:186} INFO - Started process (PID=1660364) to work on /root/venv/lib/python3.12/site-packages/airflow/example_dags/example_latest_only.py
[2025-03-13T17:53:58.404+0000] {processor.py:914} INFO - Processing file /root/venv/lib/python3.12/site-packages/airflow/example_dags/example_latest_only.py for tasks to queue
[2025-03-13T17:53:58.407+0000] {logging_mixin.py:190} INFO - [2025-03-13T17:53:58.406+0000] {dagbag.py:588} INFO - Filling up the DagBag from /root/venv/lib/python3.12/site-packages/airflow/example_dags/example_latest_only.py
[2025-03-13T17:53:58.417+0000] {processor.py:925} INFO - DAG(s) 'latest_only' retrieved from /root/venv/lib/python3.12/site-packages/airflow/example_dags/example_latest_only.py
[2025-03-13T17:53:58.440+0000] {logging_mixin.py:190} INFO - [2025-03-13T17:53:58.439+0000] {dag.py:3239} INFO - Sync 1 DAGs
[2025-03-13T17:53:58.466+0000] {logging_mixin.py:190} INFO - [2025-03-13T17:53:58.465+0000] {dag.py:4180} INFO - Setting next_dagrun for latest_only to 2025-03-13 12:00:00+00:00, run_after=2025-03-13 16:00:00+00:00
[2025-03-13T17:53:58.494+0000] {processor.py:208} INFO - Processing /root/venv/lib/python3.12/site-packages/airflow/example_dags/example_latest_only.py took 0.100 seconds
[2025-03-13T17:55:01.899+0000] {processor.py:186} INFO - Started process (PID=1660429) to work on /root/venv/lib/python3.12/site-packages/airflow/example_dags/example_latest_only.py
[2025-03-13T17:55:01.902+0000] {processor.py:914} INFO - Processing file /root/venv/lib/python3.12/site-packages/airflow/example_dags/example_latest_only.py for tasks to queue
[2025-03-13T17:55:01.905+0000] {logging_mixin.py:190} INFO - [2025-03-13T17:55:01.905+0000] {dagbag.py:588} INFO - Filling up the DagBag from /root/venv/lib/python3.12/site-packages/airflow/example_dags/example_latest_only.py
[2025-03-13T17:55:01.918+0000] {processor.py:925} INFO - DAG(s) 'latest_only' retrieved from /root/venv/lib/python3.12/site-packages/airflow/example_dags/example_latest_only.py
[2025-03-13T17:55:01.942+0000] {logging_mixin.py:190} INFO - [2025-03-13T17:55:01.941+0000] {dag.py:3239} INFO - Sync 1 DAGs
[2025-03-13T17:55:01.970+0000] {logging_mixin.py:190} INFO - [2025-03-13T17:55:01.970+0000] {dag.py:4180} INFO - Setting next_dagrun for latest_only to 2025-03-13 12:00:00+00:00, run_after=2025-03-13 16:00:00+00:00
[2025-03-13T17:55:01.998+0000] {processor.py:208} INFO - Processing /root/venv/lib/python3.12/site-packages/airflow/example_dags/example_latest_only.py took 0.111 seconds
[2025-03-13T17:56:16.086+0000] {processor.py:186} INFO - Started process (PID=1660516) to work on /root/venv/lib/python3.12/site-packages/airflow/example_dags/example_latest_only.py
[2025-03-13T17:56:16.088+0000] {processor.py:914} INFO - Processing file /root/venv/lib/python3.12/site-packages/airflow/example_dags/example_latest_only.py for tasks to queue
[2025-03-13T17:56:16.092+0000] {logging_mixin.py:190} INFO - [2025-03-13T17:56:16.091+0000] {dagbag.py:588} INFO - Filling up the DagBag from /root/venv/lib/python3.12/site-packages/airflow/example_dags/example_latest_only.py
[2025-03-13T17:56:16.104+0000] {processor.py:925} INFO - DAG(s) 'latest_only' retrieved from /root/venv/lib/python3.12/site-packages/airflow/example_dags/example_latest_only.py
[2025-03-13T17:56:16.134+0000] {logging_mixin.py:190} INFO - [2025-03-13T17:56:16.133+0000] {dag.py:3239} INFO - Sync 1 DAGs
[2025-03-13T17:56:16.169+0000] {logging_mixin.py:190} INFO - [2025-03-13T17:56:16.169+0000] {dag.py:4180} INFO - Setting next_dagrun for latest_only to 2025-03-13 12:00:00+00:00, run_after=2025-03-13 16:00:00+00:00
[2025-03-13T17:56:16.200+0000] {processor.py:208} INFO - Processing /root/venv/lib/python3.12/site-packages/airflow/example_dags/example_latest_only.py took 0.124 seconds
[2025-03-13T17:57:08.678+0000] {processor.py:186} INFO - Started process (PID=1660586) to work on /root/venv/lib/python3.12/site-packages/airflow/example_dags/example_latest_only.py
[2025-03-13T17:57:08.679+0000] {processor.py:914} INFO - Processing file /root/venv/lib/python3.12/site-packages/airflow/example_dags/example_latest_only.py for tasks to queue
[2025-03-13T17:57:08.682+0000] {logging_mixin.py:190} INFO - [2025-03-13T17:57:08.682+0000] {dagbag.py:588} INFO - Filling up the DagBag from /root/venv/lib/python3.12/site-packages/airflow/example_dags/example_latest_only.py
[2025-03-13T17:57:08.692+0000] {processor.py:925} INFO - DAG(s) 'latest_only' retrieved from /root/venv/lib/python3.12/site-packages/airflow/example_dags/example_latest_only.py
[2025-03-13T17:57:08.713+0000] {logging_mixin.py:190} INFO - [2025-03-13T17:57:08.713+0000] {dag.py:3239} INFO - Sync 1 DAGs
[2025-03-13T17:57:08.736+0000] {logging_mixin.py:190} INFO - [2025-03-13T17:57:08.736+0000] {dag.py:4180} INFO - Setting next_dagrun for latest_only to 2025-03-13 12:00:00+00:00, run_after=2025-03-13 16:00:00+00:00
[2025-03-13T17:57:08.760+0000] {processor.py:208} INFO - Processing /root/venv/lib/python3.12/site-packages/airflow/example_dags/example_latest_only.py took 0.090 seconds
[2025-03-13T17:58:07.353+0000] {processor.py:186} INFO - Started process (PID=1660649) to work on /root/venv/lib/python3.12/site-packages/airflow/example_dags/example_latest_only.py
[2025-03-13T17:58:07.355+0000] {processor.py:914} INFO - Processing file /root/venv/lib/python3.12/site-packages/airflow/example_dags/example_latest_only.py for tasks to queue
[2025-03-13T17:58:07.358+0000] {logging_mixin.py:190} INFO - [2025-03-13T17:58:07.357+0000] {dagbag.py:588} INFO - Filling up the DagBag from /root/venv/lib/python3.12/site-packages/airflow/example_dags/example_latest_only.py
[2025-03-13T17:58:07.367+0000] {processor.py:925} INFO - DAG(s) 'latest_only' retrieved from /root/venv/lib/python3.12/site-packages/airflow/example_dags/example_latest_only.py
[2025-03-13T17:58:07.387+0000] {logging_mixin.py:190} INFO - [2025-03-13T17:58:07.387+0000] {dag.py:3239} INFO - Sync 1 DAGs
[2025-03-13T17:58:07.411+0000] {logging_mixin.py:190} INFO - [2025-03-13T17:58:07.411+0000] {dag.py:4180} INFO - Setting next_dagrun for latest_only to 2025-03-13 12:00:00+00:00, run_after=2025-03-13 16:00:00+00:00
[2025-03-13T17:58:07.446+0000] {processor.py:208} INFO - Processing /root/venv/lib/python3.12/site-packages/airflow/example_dags/example_latest_only.py took 0.100 seconds
[2025-03-13T17:59:06.289+0000] {processor.py:186} INFO - Started process (PID=1660717) to work on /root/venv/lib/python3.12/site-packages/airflow/example_dags/example_latest_only.py
[2025-03-13T17:59:06.291+0000] {processor.py:914} INFO - Processing file /root/venv/lib/python3.12/site-packages/airflow/example_dags/example_latest_only.py for tasks to queue
[2025-03-13T17:59:06.293+0000] {logging_mixin.py:190} INFO - [2025-03-13T17:59:06.293+0000] {dagbag.py:588} INFO - Filling up the DagBag from /root/venv/lib/python3.12/site-packages/airflow/example_dags/example_latest_only.py
[2025-03-13T17:59:06.303+0000] {processor.py:925} INFO - DAG(s) 'latest_only' retrieved from /root/venv/lib/python3.12/site-packages/airflow/example_dags/example_latest_only.py
[2025-03-13T17:59:06.323+0000] {logging_mixin.py:190} INFO - [2025-03-13T17:59:06.322+0000] {dag.py:3239} INFO - Sync 1 DAGs
[2025-03-13T17:59:06.349+0000] {logging_mixin.py:190} INFO - [2025-03-13T17:59:06.348+0000] {dag.py:4180} INFO - Setting next_dagrun for latest_only to 2025-03-13 12:00:00+00:00, run_after=2025-03-13 16:00:00+00:00
[2025-03-13T17:59:06.371+0000] {processor.py:208} INFO - Processing /root/venv/lib/python3.12/site-packages/airflow/example_dags/example_latest_only.py took 0.089 seconds
[2025-03-13T18:00:07.769+0000] {processor.py:186} INFO - Started process (PID=1660784) to work on /root/venv/lib/python3.12/site-packages/airflow/example_dags/example_latest_only.py
[2025-03-13T18:00:07.771+0000] {processor.py:914} INFO - Processing file /root/venv/lib/python3.12/site-packages/airflow/example_dags/example_latest_only.py for tasks to queue
[2025-03-13T18:00:07.776+0000] {logging_mixin.py:190} INFO - [2025-03-13T18:00:07.775+0000] {dagbag.py:588} INFO - Filling up the DagBag from /root/venv/lib/python3.12/site-packages/airflow/example_dags/example_latest_only.py
[2025-03-13T18:00:07.791+0000] {processor.py:925} INFO - DAG(s) 'latest_only' retrieved from /root/venv/lib/python3.12/site-packages/airflow/example_dags/example_latest_only.py
[2025-03-13T18:00:07.822+0000] {logging_mixin.py:190} INFO - [2025-03-13T18:00:07.822+0000] {dag.py:3239} INFO - Sync 1 DAGs
[2025-03-13T18:00:07.864+0000] {logging_mixin.py:190} INFO - [2025-03-13T18:00:07.864+0000] {dag.py:4180} INFO - Setting next_dagrun for latest_only to 2025-03-13 12:00:00+00:00, run_after=2025-03-13 16:00:00+00:00
[2025-03-13T18:00:07.903+0000] {processor.py:208} INFO - Processing /root/venv/lib/python3.12/site-packages/airflow/example_dags/example_latest_only.py took 0.144 seconds
[2025-03-13T18:01:41.821+0000] {processor.py:186} INFO - Started process (PID=1660883) to work on /root/venv/lib/python3.12/site-packages/airflow/example_dags/example_latest_only.py
[2025-03-13T18:01:41.823+0000] {processor.py:914} INFO - Processing file /root/venv/lib/python3.12/site-packages/airflow/example_dags/example_latest_only.py for tasks to queue
[2025-03-13T18:01:41.826+0000] {logging_mixin.py:190} INFO - [2025-03-13T18:01:41.825+0000] {dagbag.py:588} INFO - Filling up the DagBag from /root/venv/lib/python3.12/site-packages/airflow/example_dags/example_latest_only.py
[2025-03-13T18:01:41.836+0000] {processor.py:925} INFO - DAG(s) 'latest_only' retrieved from /root/venv/lib/python3.12/site-packages/airflow/example_dags/example_latest_only.py
[2025-03-13T18:01:41.857+0000] {logging_mixin.py:190} INFO - [2025-03-13T18:01:41.857+0000] {dag.py:3239} INFO - Sync 1 DAGs
[2025-03-13T18:01:41.880+0000] {logging_mixin.py:190} INFO - [2025-03-13T18:01:41.880+0000] {dag.py:4180} INFO - Setting next_dagrun for latest_only to 2025-03-13 12:00:00+00:00, run_after=2025-03-13 16:00:00+00:00
[2025-03-13T18:01:41.901+0000] {processor.py:208} INFO - Processing /root/venv/lib/python3.12/site-packages/airflow/example_dags/example_latest_only.py took 0.090 seconds
[2025-03-13T18:02:43.530+0000] {processor.py:186} INFO - Started process (PID=1660957) to work on /root/venv/lib/python3.12/site-packages/airflow/example_dags/example_latest_only.py
[2025-03-13T18:02:43.534+0000] {processor.py:914} INFO - Processing file /root/venv/lib/python3.12/site-packages/airflow/example_dags/example_latest_only.py for tasks to queue
[2025-03-13T18:02:43.538+0000] {logging_mixin.py:190} INFO - [2025-03-13T18:02:43.537+0000] {dagbag.py:588} INFO - Filling up the DagBag from /root/venv/lib/python3.12/site-packages/airflow/example_dags/example_latest_only.py
[2025-03-13T18:02:43.551+0000] {processor.py:925} INFO - DAG(s) 'latest_only' retrieved from /root/venv/lib/python3.12/site-packages/airflow/example_dags/example_latest_only.py
[2025-03-13T18:02:43.579+0000] {logging_mixin.py:190} INFO - [2025-03-13T18:02:43.579+0000] {dag.py:3239} INFO - Sync 1 DAGs
[2025-03-13T18:02:43.600+0000] {logging_mixin.py:190} INFO - [2025-03-13T18:02:43.600+0000] {dag.py:4180} INFO - Setting next_dagrun for latest_only to 2025-03-13 12:00:00+00:00, run_after=2025-03-13 16:00:00+00:00
[2025-03-13T18:02:43.647+0000] {processor.py:208} INFO - Processing /root/venv/lib/python3.12/site-packages/airflow/example_dags/example_latest_only.py took 0.127 seconds
[2025-03-13T18:03:49.449+0000] {processor.py:186} INFO - Started process (PID=1661025) to work on /root/venv/lib/python3.12/site-packages/airflow/example_dags/example_latest_only.py
[2025-03-13T18:03:49.451+0000] {processor.py:914} INFO - Processing file /root/venv/lib/python3.12/site-packages/airflow/example_dags/example_latest_only.py for tasks to queue
[2025-03-13T18:03:49.455+0000] {logging_mixin.py:190} INFO - [2025-03-13T18:03:49.454+0000] {dagbag.py:588} INFO - Filling up the DagBag from /root/venv/lib/python3.12/site-packages/airflow/example_dags/example_latest_only.py
[2025-03-13T18:03:49.469+0000] {processor.py:925} INFO - DAG(s) 'latest_only' retrieved from /root/venv/lib/python3.12/site-packages/airflow/example_dags/example_latest_only.py
[2025-03-13T18:03:49.498+0000] {logging_mixin.py:190} INFO - [2025-03-13T18:03:49.498+0000] {dag.py:3239} INFO - Sync 1 DAGs
[2025-03-13T18:03:49.743+0000] {logging_mixin.py:190} INFO - [2025-03-13T18:03:49.743+0000] {dag.py:4180} INFO - Setting next_dagrun for latest_only to 2025-03-13 12:00:00+00:00, run_after=2025-03-13 16:00:00+00:00
[2025-03-13T18:03:49.772+0000] {processor.py:208} INFO - Processing /root/venv/lib/python3.12/site-packages/airflow/example_dags/example_latest_only.py took 0.333 seconds
[2025-03-13T18:05:10.949+0000] {processor.py:186} INFO - Started process (PID=1661100) to work on /root/venv/lib/python3.12/site-packages/airflow/example_dags/example_latest_only.py
[2025-03-13T18:05:10.951+0000] {processor.py:914} INFO - Processing file /root/venv/lib/python3.12/site-packages/airflow/example_dags/example_latest_only.py for tasks to queue
[2025-03-13T18:05:10.954+0000] {logging_mixin.py:190} INFO - [2025-03-13T18:05:10.954+0000] {dagbag.py:588} INFO - Filling up the DagBag from /root/venv/lib/python3.12/site-packages/airflow/example_dags/example_latest_only.py
[2025-03-13T18:05:10.964+0000] {processor.py:925} INFO - DAG(s) 'latest_only' retrieved from /root/venv/lib/python3.12/site-packages/airflow/example_dags/example_latest_only.py
[2025-03-13T18:05:10.984+0000] {logging_mixin.py:190} INFO - [2025-03-13T18:05:10.984+0000] {dag.py:3239} INFO - Sync 1 DAGs
[2025-03-13T18:05:11.011+0000] {logging_mixin.py:190} INFO - [2025-03-13T18:05:11.011+0000] {dag.py:4180} INFO - Setting next_dagrun for latest_only to 2025-03-13 12:00:00+00:00, run_after=2025-03-13 16:00:00+00:00
[2025-03-13T18:05:11.034+0000] {processor.py:208} INFO - Processing /root/venv/lib/python3.12/site-packages/airflow/example_dags/example_latest_only.py took 0.092 seconds
[2025-03-13T18:06:16.658+0000] {processor.py:186} INFO - Started process (PID=1661169) to work on /root/venv/lib/python3.12/site-packages/airflow/example_dags/example_latest_only.py
[2025-03-13T18:06:16.660+0000] {processor.py:914} INFO - Processing file /root/venv/lib/python3.12/site-packages/airflow/example_dags/example_latest_only.py for tasks to queue
[2025-03-13T18:06:16.663+0000] {logging_mixin.py:190} INFO - [2025-03-13T18:06:16.663+0000] {dagbag.py:588} INFO - Filling up the DagBag from /root/venv/lib/python3.12/site-packages/airflow/example_dags/example_latest_only.py
[2025-03-13T18:06:16.676+0000] {processor.py:925} INFO - DAG(s) 'latest_only' retrieved from /root/venv/lib/python3.12/site-packages/airflow/example_dags/example_latest_only.py
[2025-03-13T18:06:16.700+0000] {logging_mixin.py:190} INFO - [2025-03-13T18:06:16.700+0000] {dag.py:3239} INFO - Sync 1 DAGs
[2025-03-13T18:06:16.730+0000] {logging_mixin.py:190} INFO - [2025-03-13T18:06:16.730+0000] {dag.py:4180} INFO - Setting next_dagrun for latest_only to 2025-03-13 12:00:00+00:00, run_after=2025-03-13 16:00:00+00:00
[2025-03-13T18:06:16.760+0000] {processor.py:208} INFO - Processing /root/venv/lib/python3.12/site-packages/airflow/example_dags/example_latest_only.py took 0.111 seconds
[2025-03-13T18:07:28.392+0000] {processor.py:186} INFO - Started process (PID=1661248) to work on /root/venv/lib/python3.12/site-packages/airflow/example_dags/example_latest_only.py
[2025-03-13T18:07:28.394+0000] {processor.py:914} INFO - Processing file /root/venv/lib/python3.12/site-packages/airflow/example_dags/example_latest_only.py for tasks to queue
[2025-03-13T18:07:28.398+0000] {logging_mixin.py:190} INFO - [2025-03-13T18:07:28.397+0000] {dagbag.py:588} INFO - Filling up the DagBag from /root/venv/lib/python3.12/site-packages/airflow/example_dags/example_latest_only.py
[2025-03-13T18:07:28.411+0000] {processor.py:925} INFO - DAG(s) 'latest_only' retrieved from /root/venv/lib/python3.12/site-packages/airflow/example_dags/example_latest_only.py
[2025-03-13T18:07:28.440+0000] {logging_mixin.py:190} INFO - [2025-03-13T18:07:28.440+0000] {dag.py:3239} INFO - Sync 1 DAGs
[2025-03-13T18:07:28.463+0000] {logging_mixin.py:190} INFO - [2025-03-13T18:07:28.463+0000] {dag.py:4180} INFO - Setting next_dagrun for latest_only to 2025-03-13 12:00:00+00:00, run_after=2025-03-13 16:00:00+00:00
[2025-03-13T18:07:28.492+0000] {processor.py:208} INFO - Processing /root/venv/lib/python3.12/site-packages/airflow/example_dags/example_latest_only.py took 0.110 seconds
[2025-03-13T18:08:33.624+0000] {processor.py:186} INFO - Started process (PID=1661326) to work on /root/venv/lib/python3.12/site-packages/airflow/example_dags/example_latest_only.py
[2025-03-13T18:08:33.626+0000] {processor.py:914} INFO - Processing file /root/venv/lib/python3.12/site-packages/airflow/example_dags/example_latest_only.py for tasks to queue
[2025-03-13T18:08:33.629+0000] {logging_mixin.py:190} INFO - [2025-03-13T18:08:33.628+0000] {dagbag.py:588} INFO - Filling up the DagBag from /root/venv/lib/python3.12/site-packages/airflow/example_dags/example_latest_only.py
[2025-03-13T18:08:33.641+0000] {processor.py:925} INFO - DAG(s) 'latest_only' retrieved from /root/venv/lib/python3.12/site-packages/airflow/example_dags/example_latest_only.py
[2025-03-13T18:08:33.670+0000] {logging_mixin.py:190} INFO - [2025-03-13T18:08:33.670+0000] {dag.py:3239} INFO - Sync 1 DAGs
[2025-03-13T18:08:33.712+0000] {logging_mixin.py:190} INFO - [2025-03-13T18:08:33.712+0000] {dag.py:4180} INFO - Setting next_dagrun for latest_only to 2025-03-13 12:00:00+00:00, run_after=2025-03-13 16:00:00+00:00
[2025-03-13T18:08:33.748+0000] {processor.py:208} INFO - Processing /root/venv/lib/python3.12/site-packages/airflow/example_dags/example_latest_only.py took 0.132 seconds
[2025-03-13T18:09:37.309+0000] {processor.py:186} INFO - Started process (PID=1661393) to work on /root/venv/lib/python3.12/site-packages/airflow/example_dags/example_latest_only.py
[2025-03-13T18:09:37.312+0000] {processor.py:914} INFO - Processing file /root/venv/lib/python3.12/site-packages/airflow/example_dags/example_latest_only.py for tasks to queue
[2025-03-13T18:09:37.316+0000] {logging_mixin.py:190} INFO - [2025-03-13T18:09:37.315+0000] {dagbag.py:588} INFO - Filling up the DagBag from /root/venv/lib/python3.12/site-packages/airflow/example_dags/example_latest_only.py
[2025-03-13T18:09:37.329+0000] {processor.py:925} INFO - DAG(s) 'latest_only' retrieved from /root/venv/lib/python3.12/site-packages/airflow/example_dags/example_latest_only.py
[2025-03-13T18:09:37.357+0000] {logging_mixin.py:190} INFO - [2025-03-13T18:09:37.356+0000] {dag.py:3239} INFO - Sync 1 DAGs
[2025-03-13T18:09:37.390+0000] {logging_mixin.py:190} INFO - [2025-03-13T18:09:37.389+0000] {dag.py:4180} INFO - Setting next_dagrun for latest_only to 2025-03-13 12:00:00+00:00, run_after=2025-03-13 16:00:00+00:00
[2025-03-13T18:09:37.425+0000] {processor.py:208} INFO - Processing /root/venv/lib/python3.12/site-packages/airflow/example_dags/example_latest_only.py took 0.124 seconds
[2025-03-13T18:10:39.884+0000] {processor.py:186} INFO - Started process (PID=1661462) to work on /root/venv/lib/python3.12/site-packages/airflow/example_dags/example_latest_only.py
[2025-03-13T18:10:39.887+0000] {processor.py:914} INFO - Processing file /root/venv/lib/python3.12/site-packages/airflow/example_dags/example_latest_only.py for tasks to queue
[2025-03-13T18:10:39.891+0000] {logging_mixin.py:190} INFO - [2025-03-13T18:10:39.890+0000] {dagbag.py:588} INFO - Filling up the DagBag from /root/venv/lib/python3.12/site-packages/airflow/example_dags/example_latest_only.py
[2025-03-13T18:10:39.905+0000] {processor.py:925} INFO - DAG(s) 'latest_only' retrieved from /root/venv/lib/python3.12/site-packages/airflow/example_dags/example_latest_only.py
[2025-03-13T18:10:39.934+0000] {logging_mixin.py:190} INFO - [2025-03-13T18:10:39.933+0000] {dag.py:3239} INFO - Sync 1 DAGs
[2025-03-13T18:10:39.968+0000] {logging_mixin.py:190} INFO - [2025-03-13T18:10:39.968+0000] {dag.py:4180} INFO - Setting next_dagrun for latest_only to 2025-03-13 12:00:00+00:00, run_after=2025-03-13 16:00:00+00:00
[2025-03-13T18:10:40.005+0000] {processor.py:208} INFO - Processing /root/venv/lib/python3.12/site-packages/airflow/example_dags/example_latest_only.py took 0.133 seconds
[2025-03-13T18:11:46.891+0000] {processor.py:186} INFO - Started process (PID=1661529) to work on /root/venv/lib/python3.12/site-packages/airflow/example_dags/example_latest_only.py
[2025-03-13T18:11:46.893+0000] {processor.py:914} INFO - Processing file /root/venv/lib/python3.12/site-packages/airflow/example_dags/example_latest_only.py for tasks to queue
[2025-03-13T18:11:46.896+0000] {logging_mixin.py:190} INFO - [2025-03-13T18:11:46.895+0000] {dagbag.py:588} INFO - Filling up the DagBag from /root/venv/lib/python3.12/site-packages/airflow/example_dags/example_latest_only.py
[2025-03-13T18:11:46.910+0000] {processor.py:925} INFO - DAG(s) 'latest_only' retrieved from /root/venv/lib/python3.12/site-packages/airflow/example_dags/example_latest_only.py
[2025-03-13T18:11:46.938+0000] {logging_mixin.py:190} INFO - [2025-03-13T18:11:46.938+0000] {dag.py:3239} INFO - Sync 1 DAGs
[2025-03-13T18:11:46.973+0000] {logging_mixin.py:190} INFO - [2025-03-13T18:11:46.972+0000] {dag.py:4180} INFO - Setting next_dagrun for latest_only to 2025-03-13 12:00:00+00:00, run_after=2025-03-13 16:00:00+00:00
[2025-03-13T18:11:47.004+0000] {processor.py:208} INFO - Processing /root/venv/lib/python3.12/site-packages/airflow/example_dags/example_latest_only.py took 0.124 seconds
[2025-03-13T18:12:52.052+0000] {processor.py:186} INFO - Started process (PID=1661608) to work on /root/venv/lib/python3.12/site-packages/airflow/example_dags/example_latest_only.py
[2025-03-13T18:12:52.053+0000] {processor.py:914} INFO - Processing file /root/venv/lib/python3.12/site-packages/airflow/example_dags/example_latest_only.py for tasks to queue
[2025-03-13T18:12:52.055+0000] {logging_mixin.py:190} INFO - [2025-03-13T18:12:52.055+0000] {dagbag.py:588} INFO - Filling up the DagBag from /root/venv/lib/python3.12/site-packages/airflow/example_dags/example_latest_only.py
[2025-03-13T18:12:52.065+0000] {processor.py:925} INFO - DAG(s) 'latest_only' retrieved from /root/venv/lib/python3.12/site-packages/airflow/example_dags/example_latest_only.py
[2025-03-13T18:12:52.085+0000] {logging_mixin.py:190} INFO - [2025-03-13T18:12:52.085+0000] {dag.py:3239} INFO - Sync 1 DAGs
[2025-03-13T18:12:52.108+0000] {logging_mixin.py:190} INFO - [2025-03-13T18:12:52.108+0000] {dag.py:4180} INFO - Setting next_dagrun for latest_only to 2025-03-13 12:00:00+00:00, run_after=2025-03-13 16:00:00+00:00
[2025-03-13T18:12:52.134+0000] {processor.py:208} INFO - Processing /root/venv/lib/python3.12/site-packages/airflow/example_dags/example_latest_only.py took 0.089 seconds
[2025-03-13T18:13:59.693+0000] {processor.py:186} INFO - Started process (PID=1661675) to work on /root/venv/lib/python3.12/site-packages/airflow/example_dags/example_latest_only.py
[2025-03-13T18:13:59.695+0000] {processor.py:914} INFO - Processing file /root/venv/lib/python3.12/site-packages/airflow/example_dags/example_latest_only.py for tasks to queue
[2025-03-13T18:13:59.697+0000] {logging_mixin.py:190} INFO - [2025-03-13T18:13:59.696+0000] {dagbag.py:588} INFO - Filling up the DagBag from /root/venv/lib/python3.12/site-packages/airflow/example_dags/example_latest_only.py
[2025-03-13T18:13:59.712+0000] {processor.py:925} INFO - DAG(s) 'latest_only' retrieved from /root/venv/lib/python3.12/site-packages/airflow/example_dags/example_latest_only.py
[2025-03-13T18:13:59.741+0000] {logging_mixin.py:190} INFO - [2025-03-13T18:13:59.741+0000] {dag.py:3239} INFO - Sync 1 DAGs
[2025-03-13T18:13:59.770+0000] {logging_mixin.py:190} INFO - [2025-03-13T18:13:59.770+0000] {dag.py:4180} INFO - Setting next_dagrun for latest_only to 2025-03-13 12:00:00+00:00, run_after=2025-03-13 16:00:00+00:00
[2025-03-13T18:13:59.797+0000] {processor.py:208} INFO - Processing /root/venv/lib/python3.12/site-packages/airflow/example_dags/example_latest_only.py took 0.113 seconds
[2025-03-13T18:15:09.943+0000] {processor.py:186} INFO - Started process (PID=1661754) to work on /root/venv/lib/python3.12/site-packages/airflow/example_dags/example_latest_only.py
[2025-03-13T18:15:09.945+0000] {processor.py:914} INFO - Processing file /root/venv/lib/python3.12/site-packages/airflow/example_dags/example_latest_only.py for tasks to queue
[2025-03-13T18:15:09.947+0000] {logging_mixin.py:190} INFO - [2025-03-13T18:15:09.946+0000] {dagbag.py:588} INFO - Filling up the DagBag from /root/venv/lib/python3.12/site-packages/airflow/example_dags/example_latest_only.py
[2025-03-13T18:15:09.962+0000] {processor.py:925} INFO - DAG(s) 'latest_only' retrieved from /root/venv/lib/python3.12/site-packages/airflow/example_dags/example_latest_only.py
[2025-03-13T18:15:09.993+0000] {logging_mixin.py:190} INFO - [2025-03-13T18:15:09.992+0000] {dag.py:3239} INFO - Sync 1 DAGs
[2025-03-13T18:15:10.030+0000] {logging_mixin.py:190} INFO - [2025-03-13T18:15:10.030+0000] {dag.py:4180} INFO - Setting next_dagrun for latest_only to 2025-03-13 12:00:00+00:00, run_after=2025-03-13 16:00:00+00:00
[2025-03-13T18:15:10.066+0000] {processor.py:208} INFO - Processing /root/venv/lib/python3.12/site-packages/airflow/example_dags/example_latest_only.py took 0.135 seconds
[2025-03-13T19:39:47.556+0000] {processor.py:186} INFO - Started process (PID=1662411) to work on /root/venv/lib/python3.12/site-packages/airflow/example_dags/example_latest_only.py
[2025-03-13T19:39:47.558+0000] {processor.py:914} INFO - Processing file /root/venv/lib/python3.12/site-packages/airflow/example_dags/example_latest_only.py for tasks to queue
[2025-03-13T19:39:47.561+0000] {logging_mixin.py:190} INFO - [2025-03-13T19:39:47.561+0000] {dagbag.py:588} INFO - Filling up the DagBag from /root/venv/lib/python3.12/site-packages/airflow/example_dags/example_latest_only.py
[2025-03-13T19:39:47.572+0000] {processor.py:925} INFO - DAG(s) 'latest_only' retrieved from /root/venv/lib/python3.12/site-packages/airflow/example_dags/example_latest_only.py
[2025-03-13T19:39:47.596+0000] {logging_mixin.py:190} INFO - [2025-03-13T19:39:47.596+0000] {dag.py:3239} INFO - Sync 1 DAGs
[2025-03-13T19:39:47.620+0000] {logging_mixin.py:190} INFO - [2025-03-13T19:39:47.620+0000] {dag.py:4180} INFO - Setting next_dagrun for latest_only to 2025-03-13 12:00:00+00:00, run_after=2025-03-13 16:00:00+00:00
[2025-03-13T19:39:47.646+0000] {processor.py:208} INFO - Processing /root/venv/lib/python3.12/site-packages/airflow/example_dags/example_latest_only.py took 0.098 seconds
