[2025-03-13T17:31:15.152+0000] {processor.py:186} INFO - Started process (PID=1658866) to work on /root/venv/lib/python3.12/site-packages/airflow/example_dags/example_short_circuit_decorator.py
[2025-03-13T17:31:15.154+0000] {processor.py:914} INFO - Processing file /root/venv/lib/python3.12/site-packages/airflow/example_dags/example_short_circuit_decorator.py for tasks to queue
[2025-03-13T17:31:15.157+0000] {logging_mixin.py:190} INFO - [2025-03-13T17:31:15.157+0000] {dagbag.py:588} INFO - Filling up the DagBag from /root/venv/lib/python3.12/site-packages/airflow/example_dags/example_short_circuit_decorator.py
[2025-03-13T17:31:15.175+0000] {processor.py:925} INFO - DAG(s) 'example_short_circuit_decorator' retrieved from /root/venv/lib/python3.12/site-packages/airflow/example_dags/example_short_circuit_decorator.py
[2025-03-13T17:31:15.306+0000] {logging_mixin.py:190} INFO - [2025-03-13T17:31:15.306+0000] {dag.py:3239} INFO - Sync 1 DAGs
[2025-03-13T17:31:15.321+0000] {logging_mixin.py:190} INFO - [2025-03-13T17:31:15.321+0000] {dag.py:4180} INFO - Setting next_dagrun for example_short_circuit_decorator to None, run_after=None
[2025-03-13T17:31:15.348+0000] {processor.py:208} INFO - Processing /root/venv/lib/python3.12/site-packages/airflow/example_dags/example_short_circuit_decorator.py took 0.205 seconds
[2025-03-13T17:32:19.388+0000] {processor.py:186} INFO - Started process (PID=1658930) to work on /root/venv/lib/python3.12/site-packages/airflow/example_dags/example_short_circuit_decorator.py
[2025-03-13T17:32:19.389+0000] {processor.py:914} INFO - Processing file /root/venv/lib/python3.12/site-packages/airflow/example_dags/example_short_circuit_decorator.py for tasks to queue
[2025-03-13T17:32:19.392+0000] {logging_mixin.py:190} INFO - [2025-03-13T17:32:19.392+0000] {dagbag.py:588} INFO - Filling up the DagBag from /root/venv/lib/python3.12/site-packages/airflow/example_dags/example_short_circuit_decorator.py
[2025-03-13T17:32:19.406+0000] {processor.py:925} INFO - DAG(s) 'example_short_circuit_decorator' retrieved from /root/venv/lib/python3.12/site-packages/airflow/example_dags/example_short_circuit_decorator.py
[2025-03-13T17:32:19.430+0000] {logging_mixin.py:190} INFO - [2025-03-13T17:32:19.430+0000] {dag.py:3239} INFO - Sync 1 DAGs
[2025-03-13T17:32:19.444+0000] {logging_mixin.py:190} INFO - [2025-03-13T17:32:19.444+0000] {dag.py:4180} INFO - Setting next_dagrun for example_short_circuit_decorator to None, run_after=None
[2025-03-13T17:32:19.468+0000] {processor.py:208} INFO - Processing /root/venv/lib/python3.12/site-packages/airflow/example_dags/example_short_circuit_decorator.py took 0.089 seconds
[2025-03-13T17:33:19.417+0000] {processor.py:186} INFO - Started process (PID=1659059) to work on /root/venv/lib/python3.12/site-packages/airflow/example_dags/example_short_circuit_decorator.py
[2025-03-13T17:33:19.419+0000] {processor.py:914} INFO - Processing file /root/venv/lib/python3.12/site-packages/airflow/example_dags/example_short_circuit_decorator.py for tasks to queue
[2025-03-13T17:33:19.422+0000] {logging_mixin.py:190} INFO - [2025-03-13T17:33:19.421+0000] {dagbag.py:588} INFO - Filling up the DagBag from /root/venv/lib/python3.12/site-packages/airflow/example_dags/example_short_circuit_decorator.py
[2025-03-13T17:33:19.439+0000] {processor.py:925} INFO - DAG(s) 'example_short_circuit_decorator' retrieved from /root/venv/lib/python3.12/site-packages/airflow/example_dags/example_short_circuit_decorator.py
[2025-03-13T17:33:19.469+0000] {logging_mixin.py:190} INFO - [2025-03-13T17:33:19.469+0000] {dag.py:3239} INFO - Sync 1 DAGs
[2025-03-13T17:33:19.487+0000] {logging_mixin.py:190} INFO - [2025-03-13T17:33:19.487+0000] {dag.py:4180} INFO - Setting next_dagrun for example_short_circuit_decorator to None, run_after=None
[2025-03-13T17:33:19.518+0000] {processor.py:208} INFO - Processing /root/venv/lib/python3.12/site-packages/airflow/example_dags/example_short_circuit_decorator.py took 0.108 seconds
[2025-03-13T17:34:20.799+0000] {processor.py:186} INFO - Started process (PID=1659120) to work on /root/venv/lib/python3.12/site-packages/airflow/example_dags/example_short_circuit_decorator.py
[2025-03-13T17:34:20.801+0000] {processor.py:914} INFO - Processing file /root/venv/lib/python3.12/site-packages/airflow/example_dags/example_short_circuit_decorator.py for tasks to queue
[2025-03-13T17:34:20.804+0000] {logging_mixin.py:190} INFO - [2025-03-13T17:34:20.803+0000] {dagbag.py:588} INFO - Filling up the DagBag from /root/venv/lib/python3.12/site-packages/airflow/example_dags/example_short_circuit_decorator.py
[2025-03-13T17:34:20.819+0000] {processor.py:925} INFO - DAG(s) 'example_short_circuit_decorator' retrieved from /root/venv/lib/python3.12/site-packages/airflow/example_dags/example_short_circuit_decorator.py
[2025-03-13T17:34:20.845+0000] {logging_mixin.py:190} INFO - [2025-03-13T17:34:20.844+0000] {dag.py:3239} INFO - Sync 1 DAGs
[2025-03-13T17:34:20.860+0000] {logging_mixin.py:190} INFO - [2025-03-13T17:34:20.859+0000] {dag.py:4180} INFO - Setting next_dagrun for example_short_circuit_decorator to None, run_after=None
[2025-03-13T17:34:20.883+0000] {processor.py:208} INFO - Processing /root/venv/lib/python3.12/site-packages/airflow/example_dags/example_short_circuit_decorator.py took 0.092 seconds
[2025-03-13T17:35:06.396+0000] {processor.py:186} INFO - Started process (PID=1659179) to work on /root/venv/lib/python3.12/site-packages/airflow/example_dags/example_short_circuit_decorator.py
[2025-03-13T17:35:06.398+0000] {processor.py:914} INFO - Processing file /root/venv/lib/python3.12/site-packages/airflow/example_dags/example_short_circuit_decorator.py for tasks to queue
[2025-03-13T17:35:06.401+0000] {logging_mixin.py:190} INFO - [2025-03-13T17:35:06.400+0000] {dagbag.py:588} INFO - Filling up the DagBag from /root/venv/lib/python3.12/site-packages/airflow/example_dags/example_short_circuit_decorator.py
[2025-03-13T17:35:06.414+0000] {processor.py:925} INFO - DAG(s) 'example_short_circuit_decorator' retrieved from /root/venv/lib/python3.12/site-packages/airflow/example_dags/example_short_circuit_decorator.py
[2025-03-13T17:35:06.443+0000] {logging_mixin.py:190} INFO - [2025-03-13T17:35:06.442+0000] {dag.py:3239} INFO - Sync 1 DAGs
[2025-03-13T17:35:06.461+0000] {logging_mixin.py:190} INFO - [2025-03-13T17:35:06.461+0000] {dag.py:4180} INFO - Setting next_dagrun for example_short_circuit_decorator to None, run_after=None
[2025-03-13T17:35:06.486+0000] {processor.py:208} INFO - Processing /root/venv/lib/python3.12/site-packages/airflow/example_dags/example_short_circuit_decorator.py took 0.097 seconds
[2025-03-13T17:36:05.753+0000] {processor.py:186} INFO - Started process (PID=1659240) to work on /root/venv/lib/python3.12/site-packages/airflow/example_dags/example_short_circuit_decorator.py
[2025-03-13T17:36:05.755+0000] {processor.py:914} INFO - Processing file /root/venv/lib/python3.12/site-packages/airflow/example_dags/example_short_circuit_decorator.py for tasks to queue
[2025-03-13T17:36:05.758+0000] {logging_mixin.py:190} INFO - [2025-03-13T17:36:05.758+0000] {dagbag.py:588} INFO - Filling up the DagBag from /root/venv/lib/python3.12/site-packages/airflow/example_dags/example_short_circuit_decorator.py
[2025-03-13T17:36:05.775+0000] {processor.py:925} INFO - DAG(s) 'example_short_circuit_decorator' retrieved from /root/venv/lib/python3.12/site-packages/airflow/example_dags/example_short_circuit_decorator.py
[2025-03-13T17:36:05.803+0000] {logging_mixin.py:190} INFO - [2025-03-13T17:36:05.803+0000] {dag.py:3239} INFO - Sync 1 DAGs
[2025-03-13T17:36:05.820+0000] {logging_mixin.py:190} INFO - [2025-03-13T17:36:05.819+0000] {dag.py:4180} INFO - Setting next_dagrun for example_short_circuit_decorator to None, run_after=None
[2025-03-13T17:36:05.850+0000] {processor.py:208} INFO - Processing /root/venv/lib/python3.12/site-packages/airflow/example_dags/example_short_circuit_decorator.py took 0.106 seconds
[2025-03-13T17:37:07.551+0000] {processor.py:186} INFO - Started process (PID=1659308) to work on /root/venv/lib/python3.12/site-packages/airflow/example_dags/example_short_circuit_decorator.py
[2025-03-13T17:37:07.553+0000] {processor.py:914} INFO - Processing file /root/venv/lib/python3.12/site-packages/airflow/example_dags/example_short_circuit_decorator.py for tasks to queue
[2025-03-13T17:37:07.558+0000] {logging_mixin.py:190} INFO - [2025-03-13T17:37:07.557+0000] {dagbag.py:588} INFO - Filling up the DagBag from /root/venv/lib/python3.12/site-packages/airflow/example_dags/example_short_circuit_decorator.py
[2025-03-13T17:37:07.578+0000] {processor.py:925} INFO - DAG(s) 'example_short_circuit_decorator' retrieved from /root/venv/lib/python3.12/site-packages/airflow/example_dags/example_short_circuit_decorator.py
[2025-03-13T17:37:07.615+0000] {logging_mixin.py:190} INFO - [2025-03-13T17:37:07.615+0000] {dag.py:3239} INFO - Sync 1 DAGs
[2025-03-13T17:37:07.640+0000] {logging_mixin.py:190} INFO - [2025-03-13T17:37:07.639+0000] {dag.py:4180} INFO - Setting next_dagrun for example_short_circuit_decorator to None, run_after=None
[2025-03-13T17:37:07.675+0000] {processor.py:208} INFO - Processing /root/venv/lib/python3.12/site-packages/airflow/example_dags/example_short_circuit_decorator.py took 0.132 seconds
[2025-03-13T17:38:09.688+0000] {processor.py:186} INFO - Started process (PID=1659371) to work on /root/venv/lib/python3.12/site-packages/airflow/example_dags/example_short_circuit_decorator.py
[2025-03-13T17:38:09.690+0000] {processor.py:914} INFO - Processing file /root/venv/lib/python3.12/site-packages/airflow/example_dags/example_short_circuit_decorator.py for tasks to queue
[2025-03-13T17:38:09.694+0000] {logging_mixin.py:190} INFO - [2025-03-13T17:38:09.693+0000] {dagbag.py:588} INFO - Filling up the DagBag from /root/venv/lib/python3.12/site-packages/airflow/example_dags/example_short_circuit_decorator.py
[2025-03-13T17:38:09.713+0000] {processor.py:925} INFO - DAG(s) 'example_short_circuit_decorator' retrieved from /root/venv/lib/python3.12/site-packages/airflow/example_dags/example_short_circuit_decorator.py
[2025-03-13T17:38:09.743+0000] {logging_mixin.py:190} INFO - [2025-03-13T17:38:09.743+0000] {dag.py:3239} INFO - Sync 1 DAGs
[2025-03-13T17:38:09.764+0000] {logging_mixin.py:190} INFO - [2025-03-13T17:38:09.763+0000] {dag.py:4180} INFO - Setting next_dagrun for example_short_circuit_decorator to None, run_after=None
[2025-03-13T17:38:09.796+0000] {processor.py:208} INFO - Processing /root/venv/lib/python3.12/site-packages/airflow/example_dags/example_short_circuit_decorator.py took 0.118 seconds
[2025-03-13T17:39:12.090+0000] {processor.py:186} INFO - Started process (PID=1659432) to work on /root/venv/lib/python3.12/site-packages/airflow/example_dags/example_short_circuit_decorator.py
[2025-03-13T17:39:12.093+0000] {processor.py:914} INFO - Processing file /root/venv/lib/python3.12/site-packages/airflow/example_dags/example_short_circuit_decorator.py for tasks to queue
[2025-03-13T17:39:12.097+0000] {logging_mixin.py:190} INFO - [2025-03-13T17:39:12.096+0000] {dagbag.py:588} INFO - Filling up the DagBag from /root/venv/lib/python3.12/site-packages/airflow/example_dags/example_short_circuit_decorator.py
[2025-03-13T17:39:12.113+0000] {processor.py:925} INFO - DAG(s) 'example_short_circuit_decorator' retrieved from /root/venv/lib/python3.12/site-packages/airflow/example_dags/example_short_circuit_decorator.py
[2025-03-13T17:39:12.141+0000] {logging_mixin.py:190} INFO - [2025-03-13T17:39:12.141+0000] {dag.py:3239} INFO - Sync 1 DAGs
[2025-03-13T17:39:12.164+0000] {logging_mixin.py:190} INFO - [2025-03-13T17:39:12.163+0000] {dag.py:4180} INFO - Setting next_dagrun for example_short_circuit_decorator to None, run_after=None
[2025-03-13T17:39:12.193+0000] {processor.py:208} INFO - Processing /root/venv/lib/python3.12/site-packages/airflow/example_dags/example_short_circuit_decorator.py took 0.113 seconds
[2025-03-13T17:40:11.080+0000] {processor.py:186} INFO - Started process (PID=1659491) to work on /root/venv/lib/python3.12/site-packages/airflow/example_dags/example_short_circuit_decorator.py
[2025-03-13T17:40:11.082+0000] {processor.py:914} INFO - Processing file /root/venv/lib/python3.12/site-packages/airflow/example_dags/example_short_circuit_decorator.py for tasks to queue
[2025-03-13T17:40:11.086+0000] {logging_mixin.py:190} INFO - [2025-03-13T17:40:11.085+0000] {dagbag.py:588} INFO - Filling up the DagBag from /root/venv/lib/python3.12/site-packages/airflow/example_dags/example_short_circuit_decorator.py
[2025-03-13T17:40:11.103+0000] {processor.py:925} INFO - DAG(s) 'example_short_circuit_decorator' retrieved from /root/venv/lib/python3.12/site-packages/airflow/example_dags/example_short_circuit_decorator.py
[2025-03-13T17:40:11.134+0000] {logging_mixin.py:190} INFO - [2025-03-13T17:40:11.134+0000] {dag.py:3239} INFO - Sync 1 DAGs
[2025-03-13T17:40:11.153+0000] {logging_mixin.py:190} INFO - [2025-03-13T17:40:11.153+0000] {dag.py:4180} INFO - Setting next_dagrun for example_short_circuit_decorator to None, run_after=None
[2025-03-13T17:40:11.181+0000] {processor.py:208} INFO - Processing /root/venv/lib/python3.12/site-packages/airflow/example_dags/example_short_circuit_decorator.py took 0.110 seconds
[2025-03-13T17:41:10.631+0000] {processor.py:186} INFO - Started process (PID=1659563) to work on /root/venv/lib/python3.12/site-packages/airflow/example_dags/example_short_circuit_decorator.py
[2025-03-13T17:41:10.632+0000] {processor.py:914} INFO - Processing file /root/venv/lib/python3.12/site-packages/airflow/example_dags/example_short_circuit_decorator.py for tasks to queue
[2025-03-13T17:41:10.635+0000] {logging_mixin.py:190} INFO - [2025-03-13T17:41:10.634+0000] {dagbag.py:588} INFO - Filling up the DagBag from /root/venv/lib/python3.12/site-packages/airflow/example_dags/example_short_circuit_decorator.py
[2025-03-13T17:41:10.647+0000] {processor.py:925} INFO - DAG(s) 'example_short_circuit_decorator' retrieved from /root/venv/lib/python3.12/site-packages/airflow/example_dags/example_short_circuit_decorator.py
[2025-03-13T17:41:10.669+0000] {logging_mixin.py:190} INFO - [2025-03-13T17:41:10.669+0000] {dag.py:3239} INFO - Sync 1 DAGs
[2025-03-13T17:41:10.684+0000] {logging_mixin.py:190} INFO - [2025-03-13T17:41:10.684+0000] {dag.py:4180} INFO - Setting next_dagrun for example_short_circuit_decorator to None, run_after=None
[2025-03-13T17:41:10.711+0000] {processor.py:208} INFO - Processing /root/venv/lib/python3.12/site-packages/airflow/example_dags/example_short_circuit_decorator.py took 0.088 seconds
[2025-03-13T17:42:15.492+0000] {processor.py:186} INFO - Started process (PID=1659625) to work on /root/venv/lib/python3.12/site-packages/airflow/example_dags/example_short_circuit_decorator.py
[2025-03-13T17:42:15.494+0000] {processor.py:914} INFO - Processing file /root/venv/lib/python3.12/site-packages/airflow/example_dags/example_short_circuit_decorator.py for tasks to queue
[2025-03-13T17:42:15.498+0000] {logging_mixin.py:190} INFO - [2025-03-13T17:42:15.498+0000] {dagbag.py:588} INFO - Filling up the DagBag from /root/venv/lib/python3.12/site-packages/airflow/example_dags/example_short_circuit_decorator.py
[2025-03-13T17:42:15.517+0000] {processor.py:925} INFO - DAG(s) 'example_short_circuit_decorator' retrieved from /root/venv/lib/python3.12/site-packages/airflow/example_dags/example_short_circuit_decorator.py
[2025-03-13T17:42:15.549+0000] {logging_mixin.py:190} INFO - [2025-03-13T17:42:15.549+0000] {dag.py:3239} INFO - Sync 1 DAGs
[2025-03-13T17:42:15.572+0000] {logging_mixin.py:190} INFO - [2025-03-13T17:42:15.571+0000] {dag.py:4180} INFO - Setting next_dagrun for example_short_circuit_decorator to None, run_after=None
[2025-03-13T17:42:15.603+0000] {processor.py:208} INFO - Processing /root/venv/lib/python3.12/site-packages/airflow/example_dags/example_short_circuit_decorator.py took 0.121 seconds
[2025-03-13T17:43:16.505+0000] {processor.py:186} INFO - Started process (PID=1659688) to work on /root/venv/lib/python3.12/site-packages/airflow/example_dags/example_short_circuit_decorator.py
[2025-03-13T17:43:16.507+0000] {processor.py:914} INFO - Processing file /root/venv/lib/python3.12/site-packages/airflow/example_dags/example_short_circuit_decorator.py for tasks to queue
[2025-03-13T17:43:16.509+0000] {logging_mixin.py:190} INFO - [2025-03-13T17:43:16.509+0000] {dagbag.py:588} INFO - Filling up the DagBag from /root/venv/lib/python3.12/site-packages/airflow/example_dags/example_short_circuit_decorator.py
[2025-03-13T17:43:16.523+0000] {processor.py:925} INFO - DAG(s) 'example_short_circuit_decorator' retrieved from /root/venv/lib/python3.12/site-packages/airflow/example_dags/example_short_circuit_decorator.py
[2025-03-13T17:43:16.547+0000] {logging_mixin.py:190} INFO - [2025-03-13T17:43:16.547+0000] {dag.py:3239} INFO - Sync 1 DAGs
[2025-03-13T17:43:16.563+0000] {logging_mixin.py:190} INFO - [2025-03-13T17:43:16.563+0000] {dag.py:4180} INFO - Setting next_dagrun for example_short_circuit_decorator to None, run_after=None
[2025-03-13T17:43:16.584+0000] {processor.py:208} INFO - Processing /root/venv/lib/python3.12/site-packages/airflow/example_dags/example_short_circuit_decorator.py took 0.086 seconds
[2025-03-13T17:44:16.657+0000] {processor.py:186} INFO - Started process (PID=1659765) to work on /root/venv/lib/python3.12/site-packages/airflow/example_dags/example_short_circuit_decorator.py
[2025-03-13T17:44:16.659+0000] {processor.py:914} INFO - Processing file /root/venv/lib/python3.12/site-packages/airflow/example_dags/example_short_circuit_decorator.py for tasks to queue
[2025-03-13T17:44:16.664+0000] {logging_mixin.py:190} INFO - [2025-03-13T17:44:16.663+0000] {dagbag.py:588} INFO - Filling up the DagBag from /root/venv/lib/python3.12/site-packages/airflow/example_dags/example_short_circuit_decorator.py
[2025-03-13T17:44:16.686+0000] {processor.py:925} INFO - DAG(s) 'example_short_circuit_decorator' retrieved from /root/venv/lib/python3.12/site-packages/airflow/example_dags/example_short_circuit_decorator.py
[2025-03-13T17:44:16.729+0000] {logging_mixin.py:190} INFO - [2025-03-13T17:44:16.729+0000] {dag.py:3239} INFO - Sync 1 DAGs
[2025-03-13T17:44:16.752+0000] {logging_mixin.py:190} INFO - [2025-03-13T17:44:16.752+0000] {dag.py:4180} INFO - Setting next_dagrun for example_short_circuit_decorator to None, run_after=None
[2025-03-13T17:44:16.790+0000] {processor.py:208} INFO - Processing /root/venv/lib/python3.12/site-packages/airflow/example_dags/example_short_circuit_decorator.py took 0.142 seconds
[2025-03-13T17:45:20.820+0000] {processor.py:186} INFO - Started process (PID=1659834) to work on /root/venv/lib/python3.12/site-packages/airflow/example_dags/example_short_circuit_decorator.py
[2025-03-13T17:45:20.821+0000] {processor.py:914} INFO - Processing file /root/venv/lib/python3.12/site-packages/airflow/example_dags/example_short_circuit_decorator.py for tasks to queue
[2025-03-13T17:45:20.824+0000] {logging_mixin.py:190} INFO - [2025-03-13T17:45:20.824+0000] {dagbag.py:588} INFO - Filling up the DagBag from /root/venv/lib/python3.12/site-packages/airflow/example_dags/example_short_circuit_decorator.py
[2025-03-13T17:45:20.839+0000] {processor.py:925} INFO - DAG(s) 'example_short_circuit_decorator' retrieved from /root/venv/lib/python3.12/site-packages/airflow/example_dags/example_short_circuit_decorator.py
[2025-03-13T17:45:20.865+0000] {logging_mixin.py:190} INFO - [2025-03-13T17:45:20.864+0000] {dag.py:3239} INFO - Sync 1 DAGs
[2025-03-13T17:45:20.879+0000] {logging_mixin.py:190} INFO - [2025-03-13T17:45:20.879+0000] {dag.py:4180} INFO - Setting next_dagrun for example_short_circuit_decorator to None, run_after=None
[2025-03-13T17:45:20.905+0000] {processor.py:208} INFO - Processing /root/venv/lib/python3.12/site-packages/airflow/example_dags/example_short_circuit_decorator.py took 0.093 seconds
[2025-03-13T17:46:26.256+0000] {processor.py:186} INFO - Started process (PID=1659898) to work on /root/venv/lib/python3.12/site-packages/airflow/example_dags/example_short_circuit_decorator.py
[2025-03-13T17:46:26.258+0000] {processor.py:914} INFO - Processing file /root/venv/lib/python3.12/site-packages/airflow/example_dags/example_short_circuit_decorator.py for tasks to queue
[2025-03-13T17:46:26.263+0000] {logging_mixin.py:190} INFO - [2025-03-13T17:46:26.262+0000] {dagbag.py:588} INFO - Filling up the DagBag from /root/venv/lib/python3.12/site-packages/airflow/example_dags/example_short_circuit_decorator.py
[2025-03-13T17:46:26.279+0000] {processor.py:925} INFO - DAG(s) 'example_short_circuit_decorator' retrieved from /root/venv/lib/python3.12/site-packages/airflow/example_dags/example_short_circuit_decorator.py
[2025-03-13T17:46:26.305+0000] {logging_mixin.py:190} INFO - [2025-03-13T17:46:26.305+0000] {dag.py:3239} INFO - Sync 1 DAGs
[2025-03-13T17:46:26.322+0000] {logging_mixin.py:190} INFO - [2025-03-13T17:46:26.321+0000] {dag.py:4180} INFO - Setting next_dagrun for example_short_circuit_decorator to None, run_after=None
[2025-03-13T17:46:26.347+0000] {processor.py:208} INFO - Processing /root/venv/lib/python3.12/site-packages/airflow/example_dags/example_short_circuit_decorator.py took 0.099 seconds
[2025-03-13T17:47:27.165+0000] {processor.py:186} INFO - Started process (PID=1659964) to work on /root/venv/lib/python3.12/site-packages/airflow/example_dags/example_short_circuit_decorator.py
[2025-03-13T17:47:27.166+0000] {processor.py:914} INFO - Processing file /root/venv/lib/python3.12/site-packages/airflow/example_dags/example_short_circuit_decorator.py for tasks to queue
[2025-03-13T17:47:27.170+0000] {logging_mixin.py:190} INFO - [2025-03-13T17:47:27.169+0000] {dagbag.py:588} INFO - Filling up the DagBag from /root/venv/lib/python3.12/site-packages/airflow/example_dags/example_short_circuit_decorator.py
[2025-03-13T17:47:27.186+0000] {processor.py:925} INFO - DAG(s) 'example_short_circuit_decorator' retrieved from /root/venv/lib/python3.12/site-packages/airflow/example_dags/example_short_circuit_decorator.py
[2025-03-13T17:47:27.211+0000] {logging_mixin.py:190} INFO - [2025-03-13T17:47:27.211+0000] {dag.py:3239} INFO - Sync 1 DAGs
[2025-03-13T17:47:27.227+0000] {logging_mixin.py:190} INFO - [2025-03-13T17:47:27.227+0000] {dag.py:4180} INFO - Setting next_dagrun for example_short_circuit_decorator to None, run_after=None
[2025-03-13T17:47:27.256+0000] {processor.py:208} INFO - Processing /root/venv/lib/python3.12/site-packages/airflow/example_dags/example_short_circuit_decorator.py took 0.098 seconds
[2025-03-13T17:48:27.227+0000] {processor.py:186} INFO - Started process (PID=1660026) to work on /root/venv/lib/python3.12/site-packages/airflow/example_dags/example_short_circuit_decorator.py
[2025-03-13T17:48:27.229+0000] {processor.py:914} INFO - Processing file /root/venv/lib/python3.12/site-packages/airflow/example_dags/example_short_circuit_decorator.py for tasks to queue
[2025-03-13T17:48:27.233+0000] {logging_mixin.py:190} INFO - [2025-03-13T17:48:27.232+0000] {dagbag.py:588} INFO - Filling up the DagBag from /root/venv/lib/python3.12/site-packages/airflow/example_dags/example_short_circuit_decorator.py
[2025-03-13T17:48:27.252+0000] {processor.py:925} INFO - DAG(s) 'example_short_circuit_decorator' retrieved from /root/venv/lib/python3.12/site-packages/airflow/example_dags/example_short_circuit_decorator.py
[2025-03-13T17:48:27.283+0000] {logging_mixin.py:190} INFO - [2025-03-13T17:48:27.283+0000] {dag.py:3239} INFO - Sync 1 DAGs
[2025-03-13T17:48:27.298+0000] {logging_mixin.py:190} INFO - [2025-03-13T17:48:27.298+0000] {dag.py:4180} INFO - Setting next_dagrun for example_short_circuit_decorator to None, run_after=None
[2025-03-13T17:48:27.328+0000] {processor.py:208} INFO - Processing /root/venv/lib/python3.12/site-packages/airflow/example_dags/example_short_circuit_decorator.py took 0.110 seconds
[2025-03-13T17:49:30.045+0000] {processor.py:186} INFO - Started process (PID=1660089) to work on /root/venv/lib/python3.12/site-packages/airflow/example_dags/example_short_circuit_decorator.py
[2025-03-13T17:49:30.047+0000] {processor.py:914} INFO - Processing file /root/venv/lib/python3.12/site-packages/airflow/example_dags/example_short_circuit_decorator.py for tasks to queue
[2025-03-13T17:49:30.051+0000] {logging_mixin.py:190} INFO - [2025-03-13T17:49:30.050+0000] {dagbag.py:588} INFO - Filling up the DagBag from /root/venv/lib/python3.12/site-packages/airflow/example_dags/example_short_circuit_decorator.py
[2025-03-13T17:49:30.070+0000] {processor.py:925} INFO - DAG(s) 'example_short_circuit_decorator' retrieved from /root/venv/lib/python3.12/site-packages/airflow/example_dags/example_short_circuit_decorator.py
[2025-03-13T17:49:30.096+0000] {logging_mixin.py:190} INFO - [2025-03-13T17:49:30.096+0000] {dag.py:3239} INFO - Sync 1 DAGs
[2025-03-13T17:49:30.116+0000] {logging_mixin.py:190} INFO - [2025-03-13T17:49:30.115+0000] {dag.py:4180} INFO - Setting next_dagrun for example_short_circuit_decorator to None, run_after=None
[2025-03-13T17:49:30.144+0000] {processor.py:208} INFO - Processing /root/venv/lib/python3.12/site-packages/airflow/example_dags/example_short_circuit_decorator.py took 0.107 seconds
[2025-03-13T17:50:33.928+0000] {processor.py:186} INFO - Started process (PID=1660160) to work on /root/venv/lib/python3.12/site-packages/airflow/example_dags/example_short_circuit_decorator.py
[2025-03-13T17:50:33.930+0000] {processor.py:914} INFO - Processing file /root/venv/lib/python3.12/site-packages/airflow/example_dags/example_short_circuit_decorator.py for tasks to queue
[2025-03-13T17:50:33.935+0000] {logging_mixin.py:190} INFO - [2025-03-13T17:50:33.934+0000] {dagbag.py:588} INFO - Filling up the DagBag from /root/venv/lib/python3.12/site-packages/airflow/example_dags/example_short_circuit_decorator.py
[2025-03-13T17:50:33.955+0000] {processor.py:925} INFO - DAG(s) 'example_short_circuit_decorator' retrieved from /root/venv/lib/python3.12/site-packages/airflow/example_dags/example_short_circuit_decorator.py
[2025-03-13T17:50:33.992+0000] {logging_mixin.py:190} INFO - [2025-03-13T17:50:33.992+0000] {dag.py:3239} INFO - Sync 1 DAGs
[2025-03-13T17:50:34.016+0000] {logging_mixin.py:190} INFO - [2025-03-13T17:50:34.016+0000] {dag.py:4180} INFO - Setting next_dagrun for example_short_circuit_decorator to None, run_after=None
[2025-03-13T17:50:34.052+0000] {processor.py:208} INFO - Processing /root/venv/lib/python3.12/site-packages/airflow/example_dags/example_short_circuit_decorator.py took 0.135 seconds
[2025-03-13T17:51:37.351+0000] {processor.py:186} INFO - Started process (PID=1660220) to work on /root/venv/lib/python3.12/site-packages/airflow/example_dags/example_short_circuit_decorator.py
[2025-03-13T17:51:37.353+0000] {processor.py:914} INFO - Processing file /root/venv/lib/python3.12/site-packages/airflow/example_dags/example_short_circuit_decorator.py for tasks to queue
[2025-03-13T17:51:37.355+0000] {logging_mixin.py:190} INFO - [2025-03-13T17:51:37.355+0000] {dagbag.py:588} INFO - Filling up the DagBag from /root/venv/lib/python3.12/site-packages/airflow/example_dags/example_short_circuit_decorator.py
[2025-03-13T17:51:37.367+0000] {processor.py:925} INFO - DAG(s) 'example_short_circuit_decorator' retrieved from /root/venv/lib/python3.12/site-packages/airflow/example_dags/example_short_circuit_decorator.py
[2025-03-13T17:51:37.390+0000] {logging_mixin.py:190} INFO - [2025-03-13T17:51:37.390+0000] {dag.py:3239} INFO - Sync 1 DAGs
[2025-03-13T17:51:37.407+0000] {logging_mixin.py:190} INFO - [2025-03-13T17:51:37.407+0000] {dag.py:4180} INFO - Setting next_dagrun for example_short_circuit_decorator to None, run_after=None
[2025-03-13T17:51:37.431+0000] {processor.py:208} INFO - Processing /root/venv/lib/python3.12/site-packages/airflow/example_dags/example_short_circuit_decorator.py took 0.087 seconds
[2025-03-13T17:52:39.787+0000] {processor.py:186} INFO - Started process (PID=1660285) to work on /root/venv/lib/python3.12/site-packages/airflow/example_dags/example_short_circuit_decorator.py
[2025-03-13T17:52:39.789+0000] {processor.py:914} INFO - Processing file /root/venv/lib/python3.12/site-packages/airflow/example_dags/example_short_circuit_decorator.py for tasks to queue
[2025-03-13T17:52:39.793+0000] {logging_mixin.py:190} INFO - [2025-03-13T17:52:39.792+0000] {dagbag.py:588} INFO - Filling up the DagBag from /root/venv/lib/python3.12/site-packages/airflow/example_dags/example_short_circuit_decorator.py
[2025-03-13T17:52:39.812+0000] {processor.py:925} INFO - DAG(s) 'example_short_circuit_decorator' retrieved from /root/venv/lib/python3.12/site-packages/airflow/example_dags/example_short_circuit_decorator.py
[2025-03-13T17:52:39.846+0000] {logging_mixin.py:190} INFO - [2025-03-13T17:52:39.845+0000] {dag.py:3239} INFO - Sync 1 DAGs
[2025-03-13T17:52:39.869+0000] {logging_mixin.py:190} INFO - [2025-03-13T17:52:39.869+0000] {dag.py:4180} INFO - Setting next_dagrun for example_short_circuit_decorator to None, run_after=None
[2025-03-13T17:52:39.906+0000] {processor.py:208} INFO - Processing /root/venv/lib/python3.12/site-packages/airflow/example_dags/example_short_circuit_decorator.py took 0.129 seconds
[2025-03-13T17:53:42.756+0000] {processor.py:186} INFO - Started process (PID=1660349) to work on /root/venv/lib/python3.12/site-packages/airflow/example_dags/example_short_circuit_decorator.py
[2025-03-13T17:53:42.758+0000] {processor.py:914} INFO - Processing file /root/venv/lib/python3.12/site-packages/airflow/example_dags/example_short_circuit_decorator.py for tasks to queue
[2025-03-13T17:53:42.763+0000] {logging_mixin.py:190} INFO - [2025-03-13T17:53:42.762+0000] {dagbag.py:588} INFO - Filling up the DagBag from /root/venv/lib/python3.12/site-packages/airflow/example_dags/example_short_circuit_decorator.py
[2025-03-13T17:53:42.782+0000] {processor.py:925} INFO - DAG(s) 'example_short_circuit_decorator' retrieved from /root/venv/lib/python3.12/site-packages/airflow/example_dags/example_short_circuit_decorator.py
[2025-03-13T17:53:42.816+0000] {logging_mixin.py:190} INFO - [2025-03-13T17:53:42.816+0000] {dag.py:3239} INFO - Sync 1 DAGs
[2025-03-13T17:53:42.839+0000] {logging_mixin.py:190} INFO - [2025-03-13T17:53:42.839+0000] {dag.py:4180} INFO - Setting next_dagrun for example_short_circuit_decorator to None, run_after=None
[2025-03-13T17:53:42.880+0000] {processor.py:208} INFO - Processing /root/venv/lib/python3.12/site-packages/airflow/example_dags/example_short_circuit_decorator.py took 0.133 seconds
[2025-03-13T17:54:45.102+0000] {processor.py:186} INFO - Started process (PID=1660410) to work on /root/venv/lib/python3.12/site-packages/airflow/example_dags/example_short_circuit_decorator.py
[2025-03-13T17:54:45.104+0000] {processor.py:914} INFO - Processing file /root/venv/lib/python3.12/site-packages/airflow/example_dags/example_short_circuit_decorator.py for tasks to queue
[2025-03-13T17:54:45.107+0000] {logging_mixin.py:190} INFO - [2025-03-13T17:54:45.106+0000] {dagbag.py:588} INFO - Filling up the DagBag from /root/venv/lib/python3.12/site-packages/airflow/example_dags/example_short_circuit_decorator.py
[2025-03-13T17:54:45.121+0000] {processor.py:925} INFO - DAG(s) 'example_short_circuit_decorator' retrieved from /root/venv/lib/python3.12/site-packages/airflow/example_dags/example_short_circuit_decorator.py
[2025-03-13T17:54:45.145+0000] {logging_mixin.py:190} INFO - [2025-03-13T17:54:45.145+0000] {dag.py:3239} INFO - Sync 1 DAGs
[2025-03-13T17:54:45.161+0000] {logging_mixin.py:190} INFO - [2025-03-13T17:54:45.161+0000] {dag.py:4180} INFO - Setting next_dagrun for example_short_circuit_decorator to None, run_after=None
[2025-03-13T17:54:45.182+0000] {processor.py:208} INFO - Processing /root/venv/lib/python3.12/site-packages/airflow/example_dags/example_short_circuit_decorator.py took 0.091 seconds
[2025-03-13T17:56:01.835+0000] {processor.py:186} INFO - Started process (PID=1660503) to work on /root/venv/lib/python3.12/site-packages/airflow/example_dags/example_short_circuit_decorator.py
[2025-03-13T17:56:01.837+0000] {processor.py:914} INFO - Processing file /root/venv/lib/python3.12/site-packages/airflow/example_dags/example_short_circuit_decorator.py for tasks to queue
[2025-03-13T17:56:01.840+0000] {logging_mixin.py:190} INFO - [2025-03-13T17:56:01.840+0000] {dagbag.py:588} INFO - Filling up the DagBag from /root/venv/lib/python3.12/site-packages/airflow/example_dags/example_short_circuit_decorator.py
[2025-03-13T17:56:01.856+0000] {processor.py:925} INFO - DAG(s) 'example_short_circuit_decorator' retrieved from /root/venv/lib/python3.12/site-packages/airflow/example_dags/example_short_circuit_decorator.py
[2025-03-13T17:56:01.886+0000] {logging_mixin.py:190} INFO - [2025-03-13T17:56:01.886+0000] {dag.py:3239} INFO - Sync 1 DAGs
[2025-03-13T17:56:01.918+0000] {logging_mixin.py:190} INFO - [2025-03-13T17:56:01.918+0000] {dag.py:4180} INFO - Setting next_dagrun for example_short_circuit_decorator to None, run_after=None
[2025-03-13T17:56:01.954+0000] {processor.py:208} INFO - Processing /root/venv/lib/python3.12/site-packages/airflow/example_dags/example_short_circuit_decorator.py took 0.129 seconds
[2025-03-13T17:56:54.473+0000] {processor.py:186} INFO - Started process (PID=1660571) to work on /root/venv/lib/python3.12/site-packages/airflow/example_dags/example_short_circuit_decorator.py
[2025-03-13T17:56:54.475+0000] {processor.py:914} INFO - Processing file /root/venv/lib/python3.12/site-packages/airflow/example_dags/example_short_circuit_decorator.py for tasks to queue
[2025-03-13T17:56:54.480+0000] {logging_mixin.py:190} INFO - [2025-03-13T17:56:54.479+0000] {dagbag.py:588} INFO - Filling up the DagBag from /root/venv/lib/python3.12/site-packages/airflow/example_dags/example_short_circuit_decorator.py
[2025-03-13T17:56:54.498+0000] {processor.py:925} INFO - DAG(s) 'example_short_circuit_decorator' retrieved from /root/venv/lib/python3.12/site-packages/airflow/example_dags/example_short_circuit_decorator.py
[2025-03-13T17:56:54.528+0000] {logging_mixin.py:190} INFO - [2025-03-13T17:56:54.527+0000] {dag.py:3239} INFO - Sync 1 DAGs
[2025-03-13T17:56:54.547+0000] {logging_mixin.py:190} INFO - [2025-03-13T17:56:54.546+0000] {dag.py:4180} INFO - Setting next_dagrun for example_short_circuit_decorator to None, run_after=None
[2025-03-13T17:56:54.573+0000] {processor.py:208} INFO - Processing /root/venv/lib/python3.12/site-packages/airflow/example_dags/example_short_circuit_decorator.py took 0.109 seconds
[2025-03-13T17:57:54.201+0000] {processor.py:186} INFO - Started process (PID=1660635) to work on /root/venv/lib/python3.12/site-packages/airflow/example_dags/example_short_circuit_decorator.py
[2025-03-13T17:57:54.203+0000] {processor.py:914} INFO - Processing file /root/venv/lib/python3.12/site-packages/airflow/example_dags/example_short_circuit_decorator.py for tasks to queue
[2025-03-13T17:57:54.206+0000] {logging_mixin.py:190} INFO - [2025-03-13T17:57:54.206+0000] {dagbag.py:588} INFO - Filling up the DagBag from /root/venv/lib/python3.12/site-packages/airflow/example_dags/example_short_circuit_decorator.py
[2025-03-13T17:57:54.221+0000] {processor.py:925} INFO - DAG(s) 'example_short_circuit_decorator' retrieved from /root/venv/lib/python3.12/site-packages/airflow/example_dags/example_short_circuit_decorator.py
[2025-03-13T17:57:54.244+0000] {logging_mixin.py:190} INFO - [2025-03-13T17:57:54.244+0000] {dag.py:3239} INFO - Sync 1 DAGs
[2025-03-13T17:57:54.259+0000] {logging_mixin.py:190} INFO - [2025-03-13T17:57:54.259+0000] {dag.py:4180} INFO - Setting next_dagrun for example_short_circuit_decorator to None, run_after=None
[2025-03-13T17:57:54.288+0000] {processor.py:208} INFO - Processing /root/venv/lib/python3.12/site-packages/airflow/example_dags/example_short_circuit_decorator.py took 0.093 seconds
[2025-03-13T17:58:52.764+0000] {processor.py:186} INFO - Started process (PID=1660704) to work on /root/venv/lib/python3.12/site-packages/airflow/example_dags/example_short_circuit_decorator.py
[2025-03-13T17:58:52.766+0000] {processor.py:914} INFO - Processing file /root/venv/lib/python3.12/site-packages/airflow/example_dags/example_short_circuit_decorator.py for tasks to queue
[2025-03-13T17:58:52.770+0000] {logging_mixin.py:190} INFO - [2025-03-13T17:58:52.770+0000] {dagbag.py:588} INFO - Filling up the DagBag from /root/venv/lib/python3.12/site-packages/airflow/example_dags/example_short_circuit_decorator.py
[2025-03-13T17:58:52.790+0000] {processor.py:925} INFO - DAG(s) 'example_short_circuit_decorator' retrieved from /root/venv/lib/python3.12/site-packages/airflow/example_dags/example_short_circuit_decorator.py
[2025-03-13T17:58:52.824+0000] {logging_mixin.py:190} INFO - [2025-03-13T17:58:52.823+0000] {dag.py:3239} INFO - Sync 1 DAGs
[2025-03-13T17:58:52.847+0000] {logging_mixin.py:190} INFO - [2025-03-13T17:58:52.847+0000] {dag.py:4180} INFO - Setting next_dagrun for example_short_circuit_decorator to None, run_after=None
[2025-03-13T17:58:52.881+0000] {processor.py:208} INFO - Processing /root/venv/lib/python3.12/site-packages/airflow/example_dags/example_short_circuit_decorator.py took 0.124 seconds
[2025-03-13T17:59:54.428+0000] {processor.py:186} INFO - Started process (PID=1660766) to work on /root/venv/lib/python3.12/site-packages/airflow/example_dags/example_short_circuit_decorator.py
[2025-03-13T17:59:54.429+0000] {processor.py:914} INFO - Processing file /root/venv/lib/python3.12/site-packages/airflow/example_dags/example_short_circuit_decorator.py for tasks to queue
[2025-03-13T17:59:54.432+0000] {logging_mixin.py:190} INFO - [2025-03-13T17:59:54.431+0000] {dagbag.py:588} INFO - Filling up the DagBag from /root/venv/lib/python3.12/site-packages/airflow/example_dags/example_short_circuit_decorator.py
[2025-03-13T17:59:54.445+0000] {processor.py:925} INFO - DAG(s) 'example_short_circuit_decorator' retrieved from /root/venv/lib/python3.12/site-packages/airflow/example_dags/example_short_circuit_decorator.py
[2025-03-13T17:59:54.469+0000] {logging_mixin.py:190} INFO - [2025-03-13T17:59:54.468+0000] {dag.py:3239} INFO - Sync 1 DAGs
[2025-03-13T17:59:54.484+0000] {logging_mixin.py:190} INFO - [2025-03-13T17:59:54.483+0000] {dag.py:4180} INFO - Setting next_dagrun for example_short_circuit_decorator to None, run_after=None
[2025-03-13T17:59:54.509+0000] {processor.py:208} INFO - Processing /root/venv/lib/python3.12/site-packages/airflow/example_dags/example_short_circuit_decorator.py took 0.089 seconds
[2025-03-13T18:01:28.596+0000] {processor.py:186} INFO - Started process (PID=1660869) to work on /root/venv/lib/python3.12/site-packages/airflow/example_dags/example_short_circuit_decorator.py
[2025-03-13T18:01:28.598+0000] {processor.py:914} INFO - Processing file /root/venv/lib/python3.12/site-packages/airflow/example_dags/example_short_circuit_decorator.py for tasks to queue
[2025-03-13T18:01:28.602+0000] {logging_mixin.py:190} INFO - [2025-03-13T18:01:28.601+0000] {dagbag.py:588} INFO - Filling up the DagBag from /root/venv/lib/python3.12/site-packages/airflow/example_dags/example_short_circuit_decorator.py
[2025-03-13T18:01:28.617+0000] {processor.py:925} INFO - DAG(s) 'example_short_circuit_decorator' retrieved from /root/venv/lib/python3.12/site-packages/airflow/example_dags/example_short_circuit_decorator.py
[2025-03-13T18:01:28.645+0000] {logging_mixin.py:190} INFO - [2025-03-13T18:01:28.645+0000] {dag.py:3239} INFO - Sync 1 DAGs
[2025-03-13T18:01:28.664+0000] {logging_mixin.py:190} INFO - [2025-03-13T18:01:28.663+0000] {dag.py:4180} INFO - Setting next_dagrun for example_short_circuit_decorator to None, run_after=None
[2025-03-13T18:01:28.693+0000] {processor.py:208} INFO - Processing /root/venv/lib/python3.12/site-packages/airflow/example_dags/example_short_circuit_decorator.py took 0.111 seconds
[2025-03-13T18:02:29.666+0000] {processor.py:186} INFO - Started process (PID=1660944) to work on /root/venv/lib/python3.12/site-packages/airflow/example_dags/example_short_circuit_decorator.py
[2025-03-13T18:02:29.668+0000] {processor.py:914} INFO - Processing file /root/venv/lib/python3.12/site-packages/airflow/example_dags/example_short_circuit_decorator.py for tasks to queue
[2025-03-13T18:02:29.671+0000] {logging_mixin.py:190} INFO - [2025-03-13T18:02:29.670+0000] {dagbag.py:588} INFO - Filling up the DagBag from /root/venv/lib/python3.12/site-packages/airflow/example_dags/example_short_circuit_decorator.py
[2025-03-13T18:02:29.686+0000] {processor.py:925} INFO - DAG(s) 'example_short_circuit_decorator' retrieved from /root/venv/lib/python3.12/site-packages/airflow/example_dags/example_short_circuit_decorator.py
[2025-03-13T18:02:29.712+0000] {logging_mixin.py:190} INFO - [2025-03-13T18:02:29.712+0000] {dag.py:3239} INFO - Sync 1 DAGs
[2025-03-13T18:02:29.728+0000] {logging_mixin.py:190} INFO - [2025-03-13T18:02:29.728+0000] {dag.py:4180} INFO - Setting next_dagrun for example_short_circuit_decorator to None, run_after=None
[2025-03-13T18:02:29.759+0000] {processor.py:208} INFO - Processing /root/venv/lib/python3.12/site-packages/airflow/example_dags/example_short_circuit_decorator.py took 0.102 seconds
[2025-03-13T18:03:33.617+0000] {processor.py:186} INFO - Started process (PID=1661011) to work on /root/venv/lib/python3.12/site-packages/airflow/example_dags/example_short_circuit_decorator.py
[2025-03-13T18:03:33.619+0000] {processor.py:914} INFO - Processing file /root/venv/lib/python3.12/site-packages/airflow/example_dags/example_short_circuit_decorator.py for tasks to queue
[2025-03-13T18:03:33.623+0000] {logging_mixin.py:190} INFO - [2025-03-13T18:03:33.622+0000] {dagbag.py:588} INFO - Filling up the DagBag from /root/venv/lib/python3.12/site-packages/airflow/example_dags/example_short_circuit_decorator.py
[2025-03-13T18:03:33.636+0000] {processor.py:925} INFO - DAG(s) 'example_short_circuit_decorator' retrieved from /root/venv/lib/python3.12/site-packages/airflow/example_dags/example_short_circuit_decorator.py
[2025-03-13T18:03:33.661+0000] {logging_mixin.py:190} INFO - [2025-03-13T18:03:33.660+0000] {dag.py:3239} INFO - Sync 1 DAGs
[2025-03-13T18:03:33.678+0000] {logging_mixin.py:190} INFO - [2025-03-13T18:03:33.678+0000] {dag.py:4180} INFO - Setting next_dagrun for example_short_circuit_decorator to None, run_after=None
[2025-03-13T18:03:33.705+0000] {processor.py:208} INFO - Processing /root/venv/lib/python3.12/site-packages/airflow/example_dags/example_short_circuit_decorator.py took 0.095 seconds
[2025-03-13T18:04:41.459+0000] {processor.py:186} INFO - Started process (PID=1661072) to work on /root/venv/lib/python3.12/site-packages/airflow/example_dags/example_short_circuit_decorator.py
[2025-03-13T18:04:41.460+0000] {processor.py:914} INFO - Processing file /root/venv/lib/python3.12/site-packages/airflow/example_dags/example_short_circuit_decorator.py for tasks to queue
[2025-03-13T18:04:41.463+0000] {logging_mixin.py:190} INFO - [2025-03-13T18:04:41.462+0000] {dagbag.py:588} INFO - Filling up the DagBag from /root/venv/lib/python3.12/site-packages/airflow/example_dags/example_short_circuit_decorator.py
[2025-03-13T18:04:41.617+0000] {processor.py:925} INFO - DAG(s) 'example_short_circuit_decorator' retrieved from /root/venv/lib/python3.12/site-packages/airflow/example_dags/example_short_circuit_decorator.py
[2025-03-13T18:04:41.633+0000] {logging_mixin.py:190} INFO - [2025-03-13T18:04:41.633+0000] {dag.py:3239} INFO - Sync 1 DAGs
[2025-03-13T18:04:41.643+0000] {logging_mixin.py:190} INFO - [2025-03-13T18:04:41.643+0000] {dag.py:4180} INFO - Setting next_dagrun for example_short_circuit_decorator to None, run_after=None
[2025-03-13T18:04:41.667+0000] {processor.py:208} INFO - Processing /root/venv/lib/python3.12/site-packages/airflow/example_dags/example_short_circuit_decorator.py took 0.216 seconds
[2025-03-13T18:05:55.417+0000] {processor.py:186} INFO - Started process (PID=1661147) to work on /root/venv/lib/python3.12/site-packages/airflow/example_dags/example_short_circuit_decorator.py
[2025-03-13T18:05:55.419+0000] {processor.py:914} INFO - Processing file /root/venv/lib/python3.12/site-packages/airflow/example_dags/example_short_circuit_decorator.py for tasks to queue
[2025-03-13T18:05:55.422+0000] {logging_mixin.py:190} INFO - [2025-03-13T18:05:55.422+0000] {dagbag.py:588} INFO - Filling up the DagBag from /root/venv/lib/python3.12/site-packages/airflow/example_dags/example_short_circuit_decorator.py
[2025-03-13T18:05:55.438+0000] {processor.py:925} INFO - DAG(s) 'example_short_circuit_decorator' retrieved from /root/venv/lib/python3.12/site-packages/airflow/example_dags/example_short_circuit_decorator.py
[2025-03-13T18:05:55.464+0000] {logging_mixin.py:190} INFO - [2025-03-13T18:05:55.464+0000] {dag.py:3239} INFO - Sync 1 DAGs
[2025-03-13T18:05:55.481+0000] {logging_mixin.py:190} INFO - [2025-03-13T18:05:55.481+0000] {dag.py:4180} INFO - Setting next_dagrun for example_short_circuit_decorator to None, run_after=None
[2025-03-13T18:05:55.507+0000] {processor.py:208} INFO - Processing /root/venv/lib/python3.12/site-packages/airflow/example_dags/example_short_circuit_decorator.py took 0.098 seconds
[2025-03-13T18:07:03.400+0000] {processor.py:186} INFO - Started process (PID=1661217) to work on /root/venv/lib/python3.12/site-packages/airflow/example_dags/example_short_circuit_decorator.py
[2025-03-13T18:07:03.402+0000] {processor.py:914} INFO - Processing file /root/venv/lib/python3.12/site-packages/airflow/example_dags/example_short_circuit_decorator.py for tasks to queue
[2025-03-13T18:07:03.406+0000] {logging_mixin.py:190} INFO - [2025-03-13T18:07:03.405+0000] {dagbag.py:588} INFO - Filling up the DagBag from /root/venv/lib/python3.12/site-packages/airflow/example_dags/example_short_circuit_decorator.py
[2025-03-13T18:07:03.426+0000] {processor.py:925} INFO - DAG(s) 'example_short_circuit_decorator' retrieved from /root/venv/lib/python3.12/site-packages/airflow/example_dags/example_short_circuit_decorator.py
[2025-03-13T18:07:03.460+0000] {logging_mixin.py:190} INFO - [2025-03-13T18:07:03.459+0000] {dag.py:3239} INFO - Sync 1 DAGs
[2025-03-13T18:07:03.483+0000] {logging_mixin.py:190} INFO - [2025-03-13T18:07:03.482+0000] {dag.py:4180} INFO - Setting next_dagrun for example_short_circuit_decorator to None, run_after=None
[2025-03-13T18:07:03.515+0000] {processor.py:208} INFO - Processing /root/venv/lib/python3.12/site-packages/airflow/example_dags/example_short_circuit_decorator.py took 0.126 seconds
[2025-03-13T18:08:12.380+0000] {processor.py:186} INFO - Started process (PID=1661302) to work on /root/venv/lib/python3.12/site-packages/airflow/example_dags/example_short_circuit_decorator.py
[2025-03-13T18:08:12.382+0000] {processor.py:914} INFO - Processing file /root/venv/lib/python3.12/site-packages/airflow/example_dags/example_short_circuit_decorator.py for tasks to queue
[2025-03-13T18:08:12.385+0000] {logging_mixin.py:190} INFO - [2025-03-13T18:08:12.384+0000] {dagbag.py:588} INFO - Filling up the DagBag from /root/venv/lib/python3.12/site-packages/airflow/example_dags/example_short_circuit_decorator.py
[2025-03-13T18:08:12.400+0000] {processor.py:925} INFO - DAG(s) 'example_short_circuit_decorator' retrieved from /root/venv/lib/python3.12/site-packages/airflow/example_dags/example_short_circuit_decorator.py
[2025-03-13T18:08:12.425+0000] {logging_mixin.py:190} INFO - [2025-03-13T18:08:12.425+0000] {dag.py:3239} INFO - Sync 1 DAGs
[2025-03-13T18:08:12.441+0000] {logging_mixin.py:190} INFO - [2025-03-13T18:08:12.441+0000] {dag.py:4180} INFO - Setting next_dagrun for example_short_circuit_decorator to None, run_after=None
[2025-03-13T18:08:12.478+0000] {processor.py:208} INFO - Processing /root/venv/lib/python3.12/site-packages/airflow/example_dags/example_short_circuit_decorator.py took 0.107 seconds
[2025-03-13T18:09:16.400+0000] {processor.py:186} INFO - Started process (PID=1661371) to work on /root/venv/lib/python3.12/site-packages/airflow/example_dags/example_short_circuit_decorator.py
[2025-03-13T18:09:16.402+0000] {processor.py:914} INFO - Processing file /root/venv/lib/python3.12/site-packages/airflow/example_dags/example_short_circuit_decorator.py for tasks to queue
[2025-03-13T18:09:16.405+0000] {logging_mixin.py:190} INFO - [2025-03-13T18:09:16.404+0000] {dagbag.py:588} INFO - Filling up the DagBag from /root/venv/lib/python3.12/site-packages/airflow/example_dags/example_short_circuit_decorator.py
[2025-03-13T18:09:16.418+0000] {processor.py:925} INFO - DAG(s) 'example_short_circuit_decorator' retrieved from /root/venv/lib/python3.12/site-packages/airflow/example_dags/example_short_circuit_decorator.py
[2025-03-13T18:09:16.439+0000] {logging_mixin.py:190} INFO - [2025-03-13T18:09:16.439+0000] {dag.py:3239} INFO - Sync 1 DAGs
[2025-03-13T18:09:16.456+0000] {logging_mixin.py:190} INFO - [2025-03-13T18:09:16.455+0000] {dag.py:4180} INFO - Setting next_dagrun for example_short_circuit_decorator to None, run_after=None
[2025-03-13T18:09:16.480+0000] {processor.py:208} INFO - Processing /root/venv/lib/python3.12/site-packages/airflow/example_dags/example_short_circuit_decorator.py took 0.087 seconds
[2025-03-13T18:10:17.125+0000] {processor.py:186} INFO - Started process (PID=1661438) to work on /root/venv/lib/python3.12/site-packages/airflow/example_dags/example_short_circuit_decorator.py
[2025-03-13T18:10:17.127+0000] {processor.py:914} INFO - Processing file /root/venv/lib/python3.12/site-packages/airflow/example_dags/example_short_circuit_decorator.py for tasks to queue
[2025-03-13T18:10:17.130+0000] {logging_mixin.py:190} INFO - [2025-03-13T18:10:17.130+0000] {dagbag.py:588} INFO - Filling up the DagBag from /root/venv/lib/python3.12/site-packages/airflow/example_dags/example_short_circuit_decorator.py
[2025-03-13T18:10:17.144+0000] {processor.py:925} INFO - DAG(s) 'example_short_circuit_decorator' retrieved from /root/venv/lib/python3.12/site-packages/airflow/example_dags/example_short_circuit_decorator.py
[2025-03-13T18:10:17.168+0000] {logging_mixin.py:190} INFO - [2025-03-13T18:10:17.168+0000] {dag.py:3239} INFO - Sync 1 DAGs
[2025-03-13T18:10:17.187+0000] {logging_mixin.py:190} INFO - [2025-03-13T18:10:17.186+0000] {dag.py:4180} INFO - Setting next_dagrun for example_short_circuit_decorator to None, run_after=None
[2025-03-13T18:10:17.210+0000] {processor.py:208} INFO - Processing /root/venv/lib/python3.12/site-packages/airflow/example_dags/example_short_circuit_decorator.py took 0.094 seconds
[2025-03-13T18:11:24.020+0000] {processor.py:186} INFO - Started process (PID=1661505) to work on /root/venv/lib/python3.12/site-packages/airflow/example_dags/example_short_circuit_decorator.py
[2025-03-13T18:11:24.022+0000] {processor.py:914} INFO - Processing file /root/venv/lib/python3.12/site-packages/airflow/example_dags/example_short_circuit_decorator.py for tasks to queue
[2025-03-13T18:11:24.028+0000] {logging_mixin.py:190} INFO - [2025-03-13T18:11:24.027+0000] {dagbag.py:588} INFO - Filling up the DagBag from /root/venv/lib/python3.12/site-packages/airflow/example_dags/example_short_circuit_decorator.py
[2025-03-13T18:11:24.048+0000] {processor.py:925} INFO - DAG(s) 'example_short_circuit_decorator' retrieved from /root/venv/lib/python3.12/site-packages/airflow/example_dags/example_short_circuit_decorator.py
[2025-03-13T18:11:24.084+0000] {logging_mixin.py:190} INFO - [2025-03-13T18:11:24.084+0000] {dag.py:3239} INFO - Sync 1 DAGs
[2025-03-13T18:11:24.111+0000] {logging_mixin.py:190} INFO - [2025-03-13T18:11:24.110+0000] {dag.py:4180} INFO - Setting next_dagrun for example_short_circuit_decorator to None, run_after=None
[2025-03-13T18:11:24.147+0000] {processor.py:208} INFO - Processing /root/venv/lib/python3.12/site-packages/airflow/example_dags/example_short_circuit_decorator.py took 0.136 seconds
[2025-03-13T18:12:31.217+0000] {processor.py:186} INFO - Started process (PID=1661571) to work on /root/venv/lib/python3.12/site-packages/airflow/example_dags/example_short_circuit_decorator.py
[2025-03-13T18:12:31.219+0000] {processor.py:914} INFO - Processing file /root/venv/lib/python3.12/site-packages/airflow/example_dags/example_short_circuit_decorator.py for tasks to queue
[2025-03-13T18:12:31.221+0000] {logging_mixin.py:190} INFO - [2025-03-13T18:12:31.221+0000] {dagbag.py:588} INFO - Filling up the DagBag from /root/venv/lib/python3.12/site-packages/airflow/example_dags/example_short_circuit_decorator.py
[2025-03-13T18:12:31.235+0000] {processor.py:925} INFO - DAG(s) 'example_short_circuit_decorator' retrieved from /root/venv/lib/python3.12/site-packages/airflow/example_dags/example_short_circuit_decorator.py
[2025-03-13T18:12:31.262+0000] {logging_mixin.py:190} INFO - [2025-03-13T18:12:31.262+0000] {dag.py:3239} INFO - Sync 1 DAGs
[2025-03-13T18:12:31.283+0000] {logging_mixin.py:190} INFO - [2025-03-13T18:12:31.283+0000] {dag.py:4180} INFO - Setting next_dagrun for example_short_circuit_decorator to None, run_after=None
[2025-03-13T18:12:31.313+0000] {processor.py:208} INFO - Processing /root/venv/lib/python3.12/site-packages/airflow/example_dags/example_short_circuit_decorator.py took 0.105 seconds
[2025-03-13T18:13:38.821+0000] {processor.py:186} INFO - Started process (PID=1661653) to work on /root/venv/lib/python3.12/site-packages/airflow/example_dags/example_short_circuit_decorator.py
[2025-03-13T18:13:38.824+0000] {processor.py:914} INFO - Processing file /root/venv/lib/python3.12/site-packages/airflow/example_dags/example_short_circuit_decorator.py for tasks to queue
[2025-03-13T18:13:38.826+0000] {logging_mixin.py:190} INFO - [2025-03-13T18:13:38.825+0000] {dagbag.py:588} INFO - Filling up the DagBag from /root/venv/lib/python3.12/site-packages/airflow/example_dags/example_short_circuit_decorator.py
[2025-03-13T18:13:38.842+0000] {processor.py:925} INFO - DAG(s) 'example_short_circuit_decorator' retrieved from /root/venv/lib/python3.12/site-packages/airflow/example_dags/example_short_circuit_decorator.py
[2025-03-13T18:13:38.868+0000] {logging_mixin.py:190} INFO - [2025-03-13T18:13:38.868+0000] {dag.py:3239} INFO - Sync 1 DAGs
[2025-03-13T18:13:38.885+0000] {logging_mixin.py:190} INFO - [2025-03-13T18:13:38.885+0000] {dag.py:4180} INFO - Setting next_dagrun for example_short_circuit_decorator to None, run_after=None
[2025-03-13T18:13:38.912+0000] {processor.py:208} INFO - Processing /root/venv/lib/python3.12/site-packages/airflow/example_dags/example_short_circuit_decorator.py took 0.100 seconds
[2025-03-13T18:14:46.436+0000] {processor.py:186} INFO - Started process (PID=1661726) to work on /root/venv/lib/python3.12/site-packages/airflow/example_dags/example_short_circuit_decorator.py
[2025-03-13T18:14:46.437+0000] {processor.py:914} INFO - Processing file /root/venv/lib/python3.12/site-packages/airflow/example_dags/example_short_circuit_decorator.py for tasks to queue
[2025-03-13T18:14:46.439+0000] {logging_mixin.py:190} INFO - [2025-03-13T18:14:46.438+0000] {dagbag.py:588} INFO - Filling up the DagBag from /root/venv/lib/python3.12/site-packages/airflow/example_dags/example_short_circuit_decorator.py
[2025-03-13T18:14:46.451+0000] {processor.py:925} INFO - DAG(s) 'example_short_circuit_decorator' retrieved from /root/venv/lib/python3.12/site-packages/airflow/example_dags/example_short_circuit_decorator.py
[2025-03-13T18:14:46.473+0000] {logging_mixin.py:190} INFO - [2025-03-13T18:14:46.473+0000] {dag.py:3239} INFO - Sync 1 DAGs
[2025-03-13T18:14:46.487+0000] {logging_mixin.py:190} INFO - [2025-03-13T18:14:46.487+0000] {dag.py:4180} INFO - Setting next_dagrun for example_short_circuit_decorator to None, run_after=None
[2025-03-13T18:14:46.511+0000] {processor.py:208} INFO - Processing /root/venv/lib/python3.12/site-packages/airflow/example_dags/example_short_circuit_decorator.py took 0.082 seconds
[2025-03-13T19:39:34.330+0000] {processor.py:186} INFO - Started process (PID=1662398) to work on /root/venv/lib/python3.12/site-packages/airflow/example_dags/example_short_circuit_decorator.py
[2025-03-13T19:39:34.408+0000] {processor.py:914} INFO - Processing file /root/venv/lib/python3.12/site-packages/airflow/example_dags/example_short_circuit_decorator.py for tasks to queue
[2025-03-13T19:39:34.411+0000] {logging_mixin.py:190} INFO - [2025-03-13T19:39:34.410+0000] {dagbag.py:588} INFO - Filling up the DagBag from /root/venv/lib/python3.12/site-packages/airflow/example_dags/example_short_circuit_decorator.py
[2025-03-13T19:39:34.423+0000] {processor.py:925} INFO - DAG(s) 'example_short_circuit_decorator' retrieved from /root/venv/lib/python3.12/site-packages/airflow/example_dags/example_short_circuit_decorator.py
[2025-03-13T19:39:34.447+0000] {logging_mixin.py:190} INFO - [2025-03-13T19:39:34.446+0000] {dag.py:3239} INFO - Sync 1 DAGs
[2025-03-13T19:39:34.462+0000] {logging_mixin.py:190} INFO - [2025-03-13T19:39:34.461+0000] {dag.py:4180} INFO - Setting next_dagrun for example_short_circuit_decorator to None, run_after=None
[2025-03-13T19:39:34.497+0000] {processor.py:208} INFO - Processing /root/venv/lib/python3.12/site-packages/airflow/example_dags/example_short_circuit_decorator.py took 0.176 seconds
