[2025-03-13T17:31:29.585+0000] {processor.py:186} INFO - Started process (PID=1658880) to work on /root/venv/lib/python3.12/site-packages/airflow/example_dags/example_latest_only_with_trigger.py
[2025-03-13T17:31:29.586+0000] {processor.py:914} INFO - Processing file /root/venv/lib/python3.12/site-packages/airflow/example_dags/example_latest_only_with_trigger.py for tasks to queue
[2025-03-13T17:31:29.590+0000] {logging_mixin.py:190} INFO - [2025-03-13T17:31:29.589+0000] {dagbag.py:588} INFO - Filling up the DagBag from /root/venv/lib/python3.12/site-packages/airflow/example_dags/example_latest_only_with_trigger.py
[2025-03-13T17:31:29.606+0000] {processor.py:925} INFO - DAG(s) 'latest_only_with_trigger' retrieved from /root/venv/lib/python3.12/site-packages/airflow/example_dags/example_latest_only_with_trigger.py
[2025-03-13T17:31:29.755+0000] {logging_mixin.py:190} INFO - [2025-03-13T17:31:29.755+0000] {dag.py:3239} INFO - Sync 1 DAGs
[2025-03-13T17:31:29.780+0000] {logging_mixin.py:190} INFO - [2025-03-13T17:31:29.780+0000] {dag.py:4180} INFO - Setting next_dagrun for latest_only_with_trigger to 2025-03-13 12:00:00+00:00, run_after=2025-03-13 16:00:00+00:00
[2025-03-13T17:31:29.811+0000] {processor.py:208} INFO - Processing /root/venv/lib/python3.12/site-packages/airflow/example_dags/example_latest_only_with_trigger.py took 0.236 seconds
[2025-03-13T17:32:35.298+0000] {processor.py:186} INFO - Started process (PID=1658946) to work on /root/venv/lib/python3.12/site-packages/airflow/example_dags/example_latest_only_with_trigger.py
[2025-03-13T17:32:35.300+0000] {processor.py:914} INFO - Processing file /root/venv/lib/python3.12/site-packages/airflow/example_dags/example_latest_only_with_trigger.py for tasks to queue
[2025-03-13T17:32:35.302+0000] {logging_mixin.py:190} INFO - [2025-03-13T17:32:35.302+0000] {dagbag.py:588} INFO - Filling up the DagBag from /root/venv/lib/python3.12/site-packages/airflow/example_dags/example_latest_only_with_trigger.py
[2025-03-13T17:32:35.313+0000] {processor.py:925} INFO - DAG(s) 'latest_only_with_trigger' retrieved from /root/venv/lib/python3.12/site-packages/airflow/example_dags/example_latest_only_with_trigger.py
[2025-03-13T17:32:35.335+0000] {logging_mixin.py:190} INFO - [2025-03-13T17:32:35.335+0000] {dag.py:3239} INFO - Sync 1 DAGs
[2025-03-13T17:32:35.359+0000] {logging_mixin.py:190} INFO - [2025-03-13T17:32:35.358+0000] {dag.py:4180} INFO - Setting next_dagrun for latest_only_with_trigger to 2025-03-13 12:00:00+00:00, run_after=2025-03-13 16:00:00+00:00
[2025-03-13T17:32:35.387+0000] {processor.py:208} INFO - Processing /root/venv/lib/python3.12/site-packages/airflow/example_dags/example_latest_only_with_trigger.py took 0.097 seconds
[2025-03-13T17:33:35.912+0000] {processor.py:186} INFO - Started process (PID=1659077) to work on /root/venv/lib/python3.12/site-packages/airflow/example_dags/example_latest_only_with_trigger.py
[2025-03-13T17:33:35.914+0000] {processor.py:914} INFO - Processing file /root/venv/lib/python3.12/site-packages/airflow/example_dags/example_latest_only_with_trigger.py for tasks to queue
[2025-03-13T17:33:35.917+0000] {logging_mixin.py:190} INFO - [2025-03-13T17:33:35.916+0000] {dagbag.py:588} INFO - Filling up the DagBag from /root/venv/lib/python3.12/site-packages/airflow/example_dags/example_latest_only_with_trigger.py
[2025-03-13T17:33:35.927+0000] {processor.py:925} INFO - DAG(s) 'latest_only_with_trigger' retrieved from /root/venv/lib/python3.12/site-packages/airflow/example_dags/example_latest_only_with_trigger.py
[2025-03-13T17:33:35.949+0000] {logging_mixin.py:190} INFO - [2025-03-13T17:33:35.948+0000] {dag.py:3239} INFO - Sync 1 DAGs
[2025-03-13T17:33:35.972+0000] {logging_mixin.py:190} INFO - [2025-03-13T17:33:35.972+0000] {dag.py:4180} INFO - Setting next_dagrun for latest_only_with_trigger to 2025-03-13 12:00:00+00:00, run_after=2025-03-13 16:00:00+00:00
[2025-03-13T17:33:35.995+0000] {processor.py:208} INFO - Processing /root/venv/lib/python3.12/site-packages/airflow/example_dags/example_latest_only_with_trigger.py took 0.090 seconds
[2025-03-13T17:35:19.224+0000] {processor.py:186} INFO - Started process (PID=1659191) to work on /root/venv/lib/python3.12/site-packages/airflow/example_dags/example_latest_only_with_trigger.py
[2025-03-13T17:35:19.225+0000] {processor.py:914} INFO - Processing file /root/venv/lib/python3.12/site-packages/airflow/example_dags/example_latest_only_with_trigger.py for tasks to queue
[2025-03-13T17:35:19.228+0000] {logging_mixin.py:190} INFO - [2025-03-13T17:35:19.227+0000] {dagbag.py:588} INFO - Filling up the DagBag from /root/venv/lib/python3.12/site-packages/airflow/example_dags/example_latest_only_with_trigger.py
[2025-03-13T17:35:19.238+0000] {processor.py:925} INFO - DAG(s) 'latest_only_with_trigger' retrieved from /root/venv/lib/python3.12/site-packages/airflow/example_dags/example_latest_only_with_trigger.py
[2025-03-13T17:35:19.260+0000] {logging_mixin.py:190} INFO - [2025-03-13T17:35:19.260+0000] {dag.py:3239} INFO - Sync 1 DAGs
[2025-03-13T17:35:19.280+0000] {logging_mixin.py:190} INFO - [2025-03-13T17:35:19.280+0000] {dag.py:4180} INFO - Setting next_dagrun for latest_only_with_trigger to 2025-03-13 12:00:00+00:00, run_after=2025-03-13 16:00:00+00:00
[2025-03-13T17:35:19.302+0000] {processor.py:208} INFO - Processing /root/venv/lib/python3.12/site-packages/airflow/example_dags/example_latest_only_with_trigger.py took 0.085 seconds
[2025-03-13T17:36:17.221+0000] {processor.py:186} INFO - Started process (PID=1659252) to work on /root/venv/lib/python3.12/site-packages/airflow/example_dags/example_latest_only_with_trigger.py
[2025-03-13T17:36:17.223+0000] {processor.py:914} INFO - Processing file /root/venv/lib/python3.12/site-packages/airflow/example_dags/example_latest_only_with_trigger.py for tasks to queue
[2025-03-13T17:36:17.225+0000] {logging_mixin.py:190} INFO - [2025-03-13T17:36:17.225+0000] {dagbag.py:588} INFO - Filling up the DagBag from /root/venv/lib/python3.12/site-packages/airflow/example_dags/example_latest_only_with_trigger.py
[2025-03-13T17:36:17.234+0000] {processor.py:925} INFO - DAG(s) 'latest_only_with_trigger' retrieved from /root/venv/lib/python3.12/site-packages/airflow/example_dags/example_latest_only_with_trigger.py
[2025-03-13T17:36:17.256+0000] {logging_mixin.py:190} INFO - [2025-03-13T17:36:17.256+0000] {dag.py:3239} INFO - Sync 1 DAGs
[2025-03-13T17:36:17.279+0000] {logging_mixin.py:190} INFO - [2025-03-13T17:36:17.278+0000] {dag.py:4180} INFO - Setting next_dagrun for latest_only_with_trigger to 2025-03-13 12:00:00+00:00, run_after=2025-03-13 16:00:00+00:00
[2025-03-13T17:36:17.299+0000] {processor.py:208} INFO - Processing /root/venv/lib/python3.12/site-packages/airflow/example_dags/example_latest_only_with_trigger.py took 0.085 seconds
[2025-03-13T17:37:20.369+0000] {processor.py:186} INFO - Started process (PID=1659320) to work on /root/venv/lib/python3.12/site-packages/airflow/example_dags/example_latest_only_with_trigger.py
[2025-03-13T17:37:20.371+0000] {processor.py:914} INFO - Processing file /root/venv/lib/python3.12/site-packages/airflow/example_dags/example_latest_only_with_trigger.py for tasks to queue
[2025-03-13T17:37:20.374+0000] {logging_mixin.py:190} INFO - [2025-03-13T17:37:20.373+0000] {dagbag.py:588} INFO - Filling up the DagBag from /root/venv/lib/python3.12/site-packages/airflow/example_dags/example_latest_only_with_trigger.py
[2025-03-13T17:37:20.384+0000] {processor.py:925} INFO - DAG(s) 'latest_only_with_trigger' retrieved from /root/venv/lib/python3.12/site-packages/airflow/example_dags/example_latest_only_with_trigger.py
[2025-03-13T17:37:20.410+0000] {logging_mixin.py:190} INFO - [2025-03-13T17:37:20.410+0000] {dag.py:3239} INFO - Sync 1 DAGs
[2025-03-13T17:37:20.437+0000] {logging_mixin.py:190} INFO - [2025-03-13T17:37:20.436+0000] {dag.py:4180} INFO - Setting next_dagrun for latest_only_with_trigger to 2025-03-13 12:00:00+00:00, run_after=2025-03-13 16:00:00+00:00
[2025-03-13T17:37:20.460+0000] {processor.py:208} INFO - Processing /root/venv/lib/python3.12/site-packages/airflow/example_dags/example_latest_only_with_trigger.py took 0.098 seconds
[2025-03-13T17:38:23.294+0000] {processor.py:186} INFO - Started process (PID=1659383) to work on /root/venv/lib/python3.12/site-packages/airflow/example_dags/example_latest_only_with_trigger.py
[2025-03-13T17:38:23.296+0000] {processor.py:914} INFO - Processing file /root/venv/lib/python3.12/site-packages/airflow/example_dags/example_latest_only_with_trigger.py for tasks to queue
[2025-03-13T17:38:23.300+0000] {logging_mixin.py:190} INFO - [2025-03-13T17:38:23.299+0000] {dagbag.py:588} INFO - Filling up the DagBag from /root/venv/lib/python3.12/site-packages/airflow/example_dags/example_latest_only_with_trigger.py
[2025-03-13T17:38:23.315+0000] {processor.py:925} INFO - DAG(s) 'latest_only_with_trigger' retrieved from /root/venv/lib/python3.12/site-packages/airflow/example_dags/example_latest_only_with_trigger.py
[2025-03-13T17:38:23.344+0000] {logging_mixin.py:190} INFO - [2025-03-13T17:38:23.344+0000] {dag.py:3239} INFO - Sync 1 DAGs
[2025-03-13T17:38:23.375+0000] {logging_mixin.py:190} INFO - [2025-03-13T17:38:23.375+0000] {dag.py:4180} INFO - Setting next_dagrun for latest_only_with_trigger to 2025-03-13 12:00:00+00:00, run_after=2025-03-13 16:00:00+00:00
[2025-03-13T17:38:23.409+0000] {processor.py:208} INFO - Processing /root/venv/lib/python3.12/site-packages/airflow/example_dags/example_latest_only_with_trigger.py took 0.125 seconds
[2025-03-13T17:39:24.273+0000] {processor.py:186} INFO - Started process (PID=1659444) to work on /root/venv/lib/python3.12/site-packages/airflow/example_dags/example_latest_only_with_trigger.py
[2025-03-13T17:39:24.276+0000] {processor.py:914} INFO - Processing file /root/venv/lib/python3.12/site-packages/airflow/example_dags/example_latest_only_with_trigger.py for tasks to queue
[2025-03-13T17:39:24.280+0000] {logging_mixin.py:190} INFO - [2025-03-13T17:39:24.279+0000] {dagbag.py:588} INFO - Filling up the DagBag from /root/venv/lib/python3.12/site-packages/airflow/example_dags/example_latest_only_with_trigger.py
[2025-03-13T17:39:24.294+0000] {processor.py:925} INFO - DAG(s) 'latest_only_with_trigger' retrieved from /root/venv/lib/python3.12/site-packages/airflow/example_dags/example_latest_only_with_trigger.py
[2025-03-13T17:39:24.321+0000] {logging_mixin.py:190} INFO - [2025-03-13T17:39:24.321+0000] {dag.py:3239} INFO - Sync 1 DAGs
[2025-03-13T17:39:24.353+0000] {logging_mixin.py:190} INFO - [2025-03-13T17:39:24.353+0000] {dag.py:4180} INFO - Setting next_dagrun for latest_only_with_trigger to 2025-03-13 12:00:00+00:00, run_after=2025-03-13 16:00:00+00:00
[2025-03-13T17:39:24.385+0000] {processor.py:208} INFO - Processing /root/venv/lib/python3.12/site-packages/airflow/example_dags/example_latest_only_with_trigger.py took 0.124 seconds
[2025-03-13T17:40:23.791+0000] {processor.py:186} INFO - Started process (PID=1659510) to work on /root/venv/lib/python3.12/site-packages/airflow/example_dags/example_latest_only_with_trigger.py
[2025-03-13T17:40:23.794+0000] {processor.py:914} INFO - Processing file /root/venv/lib/python3.12/site-packages/airflow/example_dags/example_latest_only_with_trigger.py for tasks to queue
[2025-03-13T17:40:23.797+0000] {logging_mixin.py:190} INFO - [2025-03-13T17:40:23.797+0000] {dagbag.py:588} INFO - Filling up the DagBag from /root/venv/lib/python3.12/site-packages/airflow/example_dags/example_latest_only_with_trigger.py
[2025-03-13T17:40:23.809+0000] {processor.py:925} INFO - DAG(s) 'latest_only_with_trigger' retrieved from /root/venv/lib/python3.12/site-packages/airflow/example_dags/example_latest_only_with_trigger.py
[2025-03-13T17:40:23.835+0000] {logging_mixin.py:190} INFO - [2025-03-13T17:40:23.834+0000] {dag.py:3239} INFO - Sync 1 DAGs
[2025-03-13T17:40:23.861+0000] {logging_mixin.py:190} INFO - [2025-03-13T17:40:23.861+0000] {dag.py:4180} INFO - Setting next_dagrun for latest_only_with_trigger to 2025-03-13 12:00:00+00:00, run_after=2025-03-13 16:00:00+00:00
[2025-03-13T17:40:23.887+0000] {processor.py:208} INFO - Processing /root/venv/lib/python3.12/site-packages/airflow/example_dags/example_latest_only_with_trigger.py took 0.105 seconds
[2025-03-13T17:41:24.015+0000] {processor.py:186} INFO - Started process (PID=1659575) to work on /root/venv/lib/python3.12/site-packages/airflow/example_dags/example_latest_only_with_trigger.py
[2025-03-13T17:41:24.017+0000] {processor.py:914} INFO - Processing file /root/venv/lib/python3.12/site-packages/airflow/example_dags/example_latest_only_with_trigger.py for tasks to queue
[2025-03-13T17:41:24.019+0000] {logging_mixin.py:190} INFO - [2025-03-13T17:41:24.019+0000] {dagbag.py:588} INFO - Filling up the DagBag from /root/venv/lib/python3.12/site-packages/airflow/example_dags/example_latest_only_with_trigger.py
[2025-03-13T17:41:24.029+0000] {processor.py:925} INFO - DAG(s) 'latest_only_with_trigger' retrieved from /root/venv/lib/python3.12/site-packages/airflow/example_dags/example_latest_only_with_trigger.py
[2025-03-13T17:41:24.050+0000] {logging_mixin.py:190} INFO - [2025-03-13T17:41:24.050+0000] {dag.py:3239} INFO - Sync 1 DAGs
[2025-03-13T17:41:24.224+0000] {logging_mixin.py:190} INFO - [2025-03-13T17:41:24.223+0000] {dag.py:4180} INFO - Setting next_dagrun for latest_only_with_trigger to 2025-03-13 12:00:00+00:00, run_after=2025-03-13 16:00:00+00:00
[2025-03-13T17:41:24.248+0000] {processor.py:208} INFO - Processing /root/venv/lib/python3.12/site-packages/airflow/example_dags/example_latest_only_with_trigger.py took 0.240 seconds
[2025-03-13T17:42:32.355+0000] {processor.py:186} INFO - Started process (PID=1659645) to work on /root/venv/lib/python3.12/site-packages/airflow/example_dags/example_latest_only_with_trigger.py
[2025-03-13T17:42:32.357+0000] {processor.py:914} INFO - Processing file /root/venv/lib/python3.12/site-packages/airflow/example_dags/example_latest_only_with_trigger.py for tasks to queue
[2025-03-13T17:42:32.360+0000] {logging_mixin.py:190} INFO - [2025-03-13T17:42:32.360+0000] {dagbag.py:588} INFO - Filling up the DagBag from /root/venv/lib/python3.12/site-packages/airflow/example_dags/example_latest_only_with_trigger.py
[2025-03-13T17:42:32.374+0000] {processor.py:925} INFO - DAG(s) 'latest_only_with_trigger' retrieved from /root/venv/lib/python3.12/site-packages/airflow/example_dags/example_latest_only_with_trigger.py
[2025-03-13T17:42:32.398+0000] {logging_mixin.py:190} INFO - [2025-03-13T17:42:32.397+0000] {dag.py:3239} INFO - Sync 1 DAGs
[2025-03-13T17:42:32.422+0000] {logging_mixin.py:190} INFO - [2025-03-13T17:42:32.422+0000] {dag.py:4180} INFO - Setting next_dagrun for latest_only_with_trigger to 2025-03-13 12:00:00+00:00, run_after=2025-03-13 16:00:00+00:00
[2025-03-13T17:42:32.446+0000] {processor.py:208} INFO - Processing /root/venv/lib/python3.12/site-packages/airflow/example_dags/example_latest_only_with_trigger.py took 0.098 seconds
[2025-03-13T17:43:31.082+0000] {processor.py:186} INFO - Started process (PID=1659705) to work on /root/venv/lib/python3.12/site-packages/airflow/example_dags/example_latest_only_with_trigger.py
[2025-03-13T17:43:31.084+0000] {processor.py:914} INFO - Processing file /root/venv/lib/python3.12/site-packages/airflow/example_dags/example_latest_only_with_trigger.py for tasks to queue
[2025-03-13T17:43:31.088+0000] {logging_mixin.py:190} INFO - [2025-03-13T17:43:31.087+0000] {dagbag.py:588} INFO - Filling up the DagBag from /root/venv/lib/python3.12/site-packages/airflow/example_dags/example_latest_only_with_trigger.py
[2025-03-13T17:43:31.104+0000] {processor.py:925} INFO - DAG(s) 'latest_only_with_trigger' retrieved from /root/venv/lib/python3.12/site-packages/airflow/example_dags/example_latest_only_with_trigger.py
[2025-03-13T17:43:31.136+0000] {logging_mixin.py:190} INFO - [2025-03-13T17:43:31.135+0000] {dag.py:3239} INFO - Sync 1 DAGs
[2025-03-13T17:43:31.173+0000] {logging_mixin.py:190} INFO - [2025-03-13T17:43:31.173+0000] {dag.py:4180} INFO - Setting next_dagrun for latest_only_with_trigger to 2025-03-13 12:00:00+00:00, run_after=2025-03-13 16:00:00+00:00
[2025-03-13T17:43:31.206+0000] {processor.py:208} INFO - Processing /root/venv/lib/python3.12/site-packages/airflow/example_dags/example_latest_only_with_trigger.py took 0.134 seconds
[2025-03-13T17:44:33.393+0000] {processor.py:186} INFO - Started process (PID=1659785) to work on /root/venv/lib/python3.12/site-packages/airflow/example_dags/example_latest_only_with_trigger.py
[2025-03-13T17:44:33.394+0000] {processor.py:914} INFO - Processing file /root/venv/lib/python3.12/site-packages/airflow/example_dags/example_latest_only_with_trigger.py for tasks to queue
[2025-03-13T17:44:33.398+0000] {logging_mixin.py:190} INFO - [2025-03-13T17:44:33.397+0000] {dagbag.py:588} INFO - Filling up the DagBag from /root/venv/lib/python3.12/site-packages/airflow/example_dags/example_latest_only_with_trigger.py
[2025-03-13T17:44:33.408+0000] {processor.py:925} INFO - DAG(s) 'latest_only_with_trigger' retrieved from /root/venv/lib/python3.12/site-packages/airflow/example_dags/example_latest_only_with_trigger.py
[2025-03-13T17:44:33.429+0000] {logging_mixin.py:190} INFO - [2025-03-13T17:44:33.428+0000] {dag.py:3239} INFO - Sync 1 DAGs
[2025-03-13T17:44:33.451+0000] {logging_mixin.py:190} INFO - [2025-03-13T17:44:33.451+0000] {dag.py:4180} INFO - Setting next_dagrun for latest_only_with_trigger to 2025-03-13 12:00:00+00:00, run_after=2025-03-13 16:00:00+00:00
[2025-03-13T17:44:33.472+0000] {processor.py:208} INFO - Processing /root/venv/lib/python3.12/site-packages/airflow/example_dags/example_latest_only_with_trigger.py took 0.087 seconds
[2025-03-13T17:45:38.050+0000] {processor.py:186} INFO - Started process (PID=1659851) to work on /root/venv/lib/python3.12/site-packages/airflow/example_dags/example_latest_only_with_trigger.py
[2025-03-13T17:45:38.052+0000] {processor.py:914} INFO - Processing file /root/venv/lib/python3.12/site-packages/airflow/example_dags/example_latest_only_with_trigger.py for tasks to queue
[2025-03-13T17:45:38.055+0000] {logging_mixin.py:190} INFO - [2025-03-13T17:45:38.054+0000] {dagbag.py:588} INFO - Filling up the DagBag from /root/venv/lib/python3.12/site-packages/airflow/example_dags/example_latest_only_with_trigger.py
[2025-03-13T17:45:38.069+0000] {processor.py:925} INFO - DAG(s) 'latest_only_with_trigger' retrieved from /root/venv/lib/python3.12/site-packages/airflow/example_dags/example_latest_only_with_trigger.py
[2025-03-13T17:45:38.094+0000] {logging_mixin.py:190} INFO - [2025-03-13T17:45:38.093+0000] {dag.py:3239} INFO - Sync 1 DAGs
[2025-03-13T17:45:38.117+0000] {logging_mixin.py:190} INFO - [2025-03-13T17:45:38.117+0000] {dag.py:4180} INFO - Setting next_dagrun for latest_only_with_trigger to 2025-03-13 12:00:00+00:00, run_after=2025-03-13 16:00:00+00:00
[2025-03-13T17:45:38.149+0000] {processor.py:208} INFO - Processing /root/venv/lib/python3.12/site-packages/airflow/example_dags/example_latest_only_with_trigger.py took 0.109 seconds
[2025-03-13T17:46:42.424+0000] {processor.py:186} INFO - Started process (PID=1659916) to work on /root/venv/lib/python3.12/site-packages/airflow/example_dags/example_latest_only_with_trigger.py
[2025-03-13T17:46:42.425+0000] {processor.py:914} INFO - Processing file /root/venv/lib/python3.12/site-packages/airflow/example_dags/example_latest_only_with_trigger.py for tasks to queue
[2025-03-13T17:46:42.429+0000] {logging_mixin.py:190} INFO - [2025-03-13T17:46:42.428+0000] {dagbag.py:588} INFO - Filling up the DagBag from /root/venv/lib/python3.12/site-packages/airflow/example_dags/example_latest_only_with_trigger.py
[2025-03-13T17:46:42.439+0000] {processor.py:925} INFO - DAG(s) 'latest_only_with_trigger' retrieved from /root/venv/lib/python3.12/site-packages/airflow/example_dags/example_latest_only_with_trigger.py
[2025-03-13T17:46:42.459+0000] {logging_mixin.py:190} INFO - [2025-03-13T17:46:42.459+0000] {dag.py:3239} INFO - Sync 1 DAGs
[2025-03-13T17:46:42.486+0000] {logging_mixin.py:190} INFO - [2025-03-13T17:46:42.485+0000] {dag.py:4180} INFO - Setting next_dagrun for latest_only_with_trigger to 2025-03-13 12:00:00+00:00, run_after=2025-03-13 16:00:00+00:00
[2025-03-13T17:46:42.516+0000] {processor.py:208} INFO - Processing /root/venv/lib/python3.12/site-packages/airflow/example_dags/example_latest_only_with_trigger.py took 0.101 seconds
[2025-03-13T17:47:42.094+0000] {processor.py:186} INFO - Started process (PID=1659978) to work on /root/venv/lib/python3.12/site-packages/airflow/example_dags/example_latest_only_with_trigger.py
[2025-03-13T17:47:42.095+0000] {processor.py:914} INFO - Processing file /root/venv/lib/python3.12/site-packages/airflow/example_dags/example_latest_only_with_trigger.py for tasks to queue
[2025-03-13T17:47:42.098+0000] {logging_mixin.py:190} INFO - [2025-03-13T17:47:42.098+0000] {dagbag.py:588} INFO - Filling up the DagBag from /root/venv/lib/python3.12/site-packages/airflow/example_dags/example_latest_only_with_trigger.py
[2025-03-13T17:47:42.108+0000] {processor.py:925} INFO - DAG(s) 'latest_only_with_trigger' retrieved from /root/venv/lib/python3.12/site-packages/airflow/example_dags/example_latest_only_with_trigger.py
[2025-03-13T17:47:42.127+0000] {logging_mixin.py:190} INFO - [2025-03-13T17:47:42.126+0000] {dag.py:3239} INFO - Sync 1 DAGs
[2025-03-13T17:47:42.146+0000] {logging_mixin.py:190} INFO - [2025-03-13T17:47:42.146+0000] {dag.py:4180} INFO - Setting next_dagrun for latest_only_with_trigger to 2025-03-13 12:00:00+00:00, run_after=2025-03-13 16:00:00+00:00
[2025-03-13T17:47:42.167+0000] {processor.py:208} INFO - Processing /root/venv/lib/python3.12/site-packages/airflow/example_dags/example_latest_only_with_trigger.py took 0.080 seconds
[2025-03-13T17:48:42.943+0000] {processor.py:186} INFO - Started process (PID=1660041) to work on /root/venv/lib/python3.12/site-packages/airflow/example_dags/example_latest_only_with_trigger.py
[2025-03-13T17:48:42.945+0000] {processor.py:914} INFO - Processing file /root/venv/lib/python3.12/site-packages/airflow/example_dags/example_latest_only_with_trigger.py for tasks to queue
[2025-03-13T17:48:42.949+0000] {logging_mixin.py:190} INFO - [2025-03-13T17:48:42.948+0000] {dagbag.py:588} INFO - Filling up the DagBag from /root/venv/lib/python3.12/site-packages/airflow/example_dags/example_latest_only_with_trigger.py
[2025-03-13T17:48:42.963+0000] {processor.py:925} INFO - DAG(s) 'latest_only_with_trigger' retrieved from /root/venv/lib/python3.12/site-packages/airflow/example_dags/example_latest_only_with_trigger.py
[2025-03-13T17:48:42.990+0000] {logging_mixin.py:190} INFO - [2025-03-13T17:48:42.989+0000] {dag.py:3239} INFO - Sync 1 DAGs
[2025-03-13T17:48:43.016+0000] {logging_mixin.py:190} INFO - [2025-03-13T17:48:43.015+0000] {dag.py:4180} INFO - Setting next_dagrun for latest_only_with_trigger to 2025-03-13 12:00:00+00:00, run_after=2025-03-13 16:00:00+00:00
[2025-03-13T17:48:43.040+0000] {processor.py:208} INFO - Processing /root/venv/lib/python3.12/site-packages/airflow/example_dags/example_latest_only_with_trigger.py took 0.105 seconds
[2025-03-13T17:49:44.645+0000] {processor.py:186} INFO - Started process (PID=1660105) to work on /root/venv/lib/python3.12/site-packages/airflow/example_dags/example_latest_only_with_trigger.py
[2025-03-13T17:49:44.647+0000] {processor.py:914} INFO - Processing file /root/venv/lib/python3.12/site-packages/airflow/example_dags/example_latest_only_with_trigger.py for tasks to queue
[2025-03-13T17:49:44.651+0000] {logging_mixin.py:190} INFO - [2025-03-13T17:49:44.650+0000] {dagbag.py:588} INFO - Filling up the DagBag from /root/venv/lib/python3.12/site-packages/airflow/example_dags/example_latest_only_with_trigger.py
[2025-03-13T17:49:44.666+0000] {processor.py:925} INFO - DAG(s) 'latest_only_with_trigger' retrieved from /root/venv/lib/python3.12/site-packages/airflow/example_dags/example_latest_only_with_trigger.py
[2025-03-13T17:49:44.698+0000] {logging_mixin.py:190} INFO - [2025-03-13T17:49:44.698+0000] {dag.py:3239} INFO - Sync 1 DAGs
[2025-03-13T17:49:44.735+0000] {logging_mixin.py:190} INFO - [2025-03-13T17:49:44.735+0000] {dag.py:4180} INFO - Setting next_dagrun for latest_only_with_trigger to 2025-03-13 12:00:00+00:00, run_after=2025-03-13 16:00:00+00:00
[2025-03-13T17:49:44.774+0000] {processor.py:208} INFO - Processing /root/venv/lib/python3.12/site-packages/airflow/example_dags/example_latest_only_with_trigger.py took 0.140 seconds
[2025-03-13T17:50:48.284+0000] {processor.py:186} INFO - Started process (PID=1660175) to work on /root/venv/lib/python3.12/site-packages/airflow/example_dags/example_latest_only_with_trigger.py
[2025-03-13T17:50:48.286+0000] {processor.py:914} INFO - Processing file /root/venv/lib/python3.12/site-packages/airflow/example_dags/example_latest_only_with_trigger.py for tasks to queue
[2025-03-13T17:50:48.289+0000] {logging_mixin.py:190} INFO - [2025-03-13T17:50:48.288+0000] {dagbag.py:588} INFO - Filling up the DagBag from /root/venv/lib/python3.12/site-packages/airflow/example_dags/example_latest_only_with_trigger.py
[2025-03-13T17:50:48.298+0000] {processor.py:925} INFO - DAG(s) 'latest_only_with_trigger' retrieved from /root/venv/lib/python3.12/site-packages/airflow/example_dags/example_latest_only_with_trigger.py
[2025-03-13T17:50:48.317+0000] {logging_mixin.py:190} INFO - [2025-03-13T17:50:48.317+0000] {dag.py:3239} INFO - Sync 1 DAGs
[2025-03-13T17:50:48.342+0000] {logging_mixin.py:190} INFO - [2025-03-13T17:50:48.342+0000] {dag.py:4180} INFO - Setting next_dagrun for latest_only_with_trigger to 2025-03-13 12:00:00+00:00, run_after=2025-03-13 16:00:00+00:00
[2025-03-13T17:50:48.374+0000] {processor.py:208} INFO - Processing /root/venv/lib/python3.12/site-packages/airflow/example_dags/example_latest_only_with_trigger.py took 0.097 seconds
[2025-03-13T17:51:52.512+0000] {processor.py:186} INFO - Started process (PID=1660237) to work on /root/venv/lib/python3.12/site-packages/airflow/example_dags/example_latest_only_with_trigger.py
[2025-03-13T17:51:52.514+0000] {processor.py:914} INFO - Processing file /root/venv/lib/python3.12/site-packages/airflow/example_dags/example_latest_only_with_trigger.py for tasks to queue
[2025-03-13T17:51:52.517+0000] {logging_mixin.py:190} INFO - [2025-03-13T17:51:52.517+0000] {dagbag.py:588} INFO - Filling up the DagBag from /root/venv/lib/python3.12/site-packages/airflow/example_dags/example_latest_only_with_trigger.py
[2025-03-13T17:51:52.530+0000] {processor.py:925} INFO - DAG(s) 'latest_only_with_trigger' retrieved from /root/venv/lib/python3.12/site-packages/airflow/example_dags/example_latest_only_with_trigger.py
[2025-03-13T17:51:52.560+0000] {logging_mixin.py:190} INFO - [2025-03-13T17:51:52.560+0000] {dag.py:3239} INFO - Sync 1 DAGs
[2025-03-13T17:51:52.591+0000] {logging_mixin.py:190} INFO - [2025-03-13T17:51:52.591+0000] {dag.py:4180} INFO - Setting next_dagrun for latest_only_with_trigger to 2025-03-13 12:00:00+00:00, run_after=2025-03-13 16:00:00+00:00
[2025-03-13T17:51:52.615+0000] {processor.py:208} INFO - Processing /root/venv/lib/python3.12/site-packages/airflow/example_dags/example_latest_only_with_trigger.py took 0.111 seconds
[2025-03-13T17:52:55.595+0000] {processor.py:186} INFO - Started process (PID=1660300) to work on /root/venv/lib/python3.12/site-packages/airflow/example_dags/example_latest_only_with_trigger.py
[2025-03-13T17:52:55.597+0000] {processor.py:914} INFO - Processing file /root/venv/lib/python3.12/site-packages/airflow/example_dags/example_latest_only_with_trigger.py for tasks to queue
[2025-03-13T17:52:55.600+0000] {logging_mixin.py:190} INFO - [2025-03-13T17:52:55.600+0000] {dagbag.py:588} INFO - Filling up the DagBag from /root/venv/lib/python3.12/site-packages/airflow/example_dags/example_latest_only_with_trigger.py
[2025-03-13T17:52:55.614+0000] {processor.py:925} INFO - DAG(s) 'latest_only_with_trigger' retrieved from /root/venv/lib/python3.12/site-packages/airflow/example_dags/example_latest_only_with_trigger.py
[2025-03-13T17:52:55.642+0000] {logging_mixin.py:190} INFO - [2025-03-13T17:52:55.641+0000] {dag.py:3239} INFO - Sync 1 DAGs
[2025-03-13T17:52:55.678+0000] {logging_mixin.py:190} INFO - [2025-03-13T17:52:55.677+0000] {dag.py:4180} INFO - Setting next_dagrun for latest_only_with_trigger to 2025-03-13 12:00:00+00:00, run_after=2025-03-13 16:00:00+00:00
[2025-03-13T17:52:55.723+0000] {processor.py:208} INFO - Processing /root/venv/lib/python3.12/site-packages/airflow/example_dags/example_latest_only_with_trigger.py took 0.138 seconds
[2025-03-13T17:53:57.939+0000] {processor.py:186} INFO - Started process (PID=1660363) to work on /root/venv/lib/python3.12/site-packages/airflow/example_dags/example_latest_only_with_trigger.py
[2025-03-13T17:53:57.941+0000] {processor.py:914} INFO - Processing file /root/venv/lib/python3.12/site-packages/airflow/example_dags/example_latest_only_with_trigger.py for tasks to queue
[2025-03-13T17:53:57.944+0000] {logging_mixin.py:190} INFO - [2025-03-13T17:53:57.943+0000] {dagbag.py:588} INFO - Filling up the DagBag from /root/venv/lib/python3.12/site-packages/airflow/example_dags/example_latest_only_with_trigger.py
[2025-03-13T17:53:57.953+0000] {processor.py:925} INFO - DAG(s) 'latest_only_with_trigger' retrieved from /root/venv/lib/python3.12/site-packages/airflow/example_dags/example_latest_only_with_trigger.py
[2025-03-13T17:53:57.974+0000] {logging_mixin.py:190} INFO - [2025-03-13T17:53:57.974+0000] {dag.py:3239} INFO - Sync 1 DAGs
[2025-03-13T17:53:57.998+0000] {logging_mixin.py:190} INFO - [2025-03-13T17:53:57.998+0000] {dag.py:4180} INFO - Setting next_dagrun for latest_only_with_trigger to 2025-03-13 12:00:00+00:00, run_after=2025-03-13 16:00:00+00:00
[2025-03-13T17:53:58.022+0000] {processor.py:208} INFO - Processing /root/venv/lib/python3.12/site-packages/airflow/example_dags/example_latest_only_with_trigger.py took 0.090 seconds
[2025-03-13T17:55:00.625+0000] {processor.py:186} INFO - Started process (PID=1660425) to work on /root/venv/lib/python3.12/site-packages/airflow/example_dags/example_latest_only_with_trigger.py
[2025-03-13T17:55:00.626+0000] {processor.py:914} INFO - Processing file /root/venv/lib/python3.12/site-packages/airflow/example_dags/example_latest_only_with_trigger.py for tasks to queue
[2025-03-13T17:55:00.629+0000] {logging_mixin.py:190} INFO - [2025-03-13T17:55:00.628+0000] {dagbag.py:588} INFO - Filling up the DagBag from /root/venv/lib/python3.12/site-packages/airflow/example_dags/example_latest_only_with_trigger.py
[2025-03-13T17:55:00.640+0000] {processor.py:925} INFO - DAG(s) 'latest_only_with_trigger' retrieved from /root/venv/lib/python3.12/site-packages/airflow/example_dags/example_latest_only_with_trigger.py
[2025-03-13T17:55:00.664+0000] {logging_mixin.py:190} INFO - [2025-03-13T17:55:00.663+0000] {dag.py:3239} INFO - Sync 1 DAGs
[2025-03-13T17:55:00.691+0000] {logging_mixin.py:190} INFO - [2025-03-13T17:55:00.691+0000] {dag.py:4180} INFO - Setting next_dagrun for latest_only_with_trigger to 2025-03-13 12:00:00+00:00, run_after=2025-03-13 16:00:00+00:00
[2025-03-13T17:55:00.717+0000] {processor.py:208} INFO - Processing /root/venv/lib/python3.12/site-packages/airflow/example_dags/example_latest_only_with_trigger.py took 0.101 seconds
[2025-03-13T17:56:15.203+0000] {processor.py:186} INFO - Started process (PID=1660515) to work on /root/venv/lib/python3.12/site-packages/airflow/example_dags/example_latest_only_with_trigger.py
[2025-03-13T17:56:15.205+0000] {processor.py:914} INFO - Processing file /root/venv/lib/python3.12/site-packages/airflow/example_dags/example_latest_only_with_trigger.py for tasks to queue
[2025-03-13T17:56:15.209+0000] {logging_mixin.py:190} INFO - [2025-03-13T17:56:15.208+0000] {dagbag.py:588} INFO - Filling up the DagBag from /root/venv/lib/python3.12/site-packages/airflow/example_dags/example_latest_only_with_trigger.py
[2025-03-13T17:56:15.223+0000] {processor.py:925} INFO - DAG(s) 'latest_only_with_trigger' retrieved from /root/venv/lib/python3.12/site-packages/airflow/example_dags/example_latest_only_with_trigger.py
[2025-03-13T17:56:15.254+0000] {logging_mixin.py:190} INFO - [2025-03-13T17:56:15.254+0000] {dag.py:3239} INFO - Sync 1 DAGs
[2025-03-13T17:56:15.288+0000] {logging_mixin.py:190} INFO - [2025-03-13T17:56:15.287+0000] {dag.py:4180} INFO - Setting next_dagrun for latest_only_with_trigger to 2025-03-13 12:00:00+00:00, run_after=2025-03-13 16:00:00+00:00
[2025-03-13T17:56:15.317+0000] {processor.py:208} INFO - Processing /root/venv/lib/python3.12/site-packages/airflow/example_dags/example_latest_only_with_trigger.py took 0.122 seconds
[2025-03-13T17:57:07.437+0000] {processor.py:186} INFO - Started process (PID=1660585) to work on /root/venv/lib/python3.12/site-packages/airflow/example_dags/example_latest_only_with_trigger.py
[2025-03-13T17:57:07.440+0000] {processor.py:914} INFO - Processing file /root/venv/lib/python3.12/site-packages/airflow/example_dags/example_latest_only_with_trigger.py for tasks to queue
[2025-03-13T17:57:07.443+0000] {logging_mixin.py:190} INFO - [2025-03-13T17:57:07.443+0000] {dagbag.py:588} INFO - Filling up the DagBag from /root/venv/lib/python3.12/site-packages/airflow/example_dags/example_latest_only_with_trigger.py
[2025-03-13T17:57:07.454+0000] {processor.py:925} INFO - DAG(s) 'latest_only_with_trigger' retrieved from /root/venv/lib/python3.12/site-packages/airflow/example_dags/example_latest_only_with_trigger.py
[2025-03-13T17:57:07.479+0000] {logging_mixin.py:190} INFO - [2025-03-13T17:57:07.479+0000] {dag.py:3239} INFO - Sync 1 DAGs
[2025-03-13T17:57:07.510+0000] {logging_mixin.py:190} INFO - [2025-03-13T17:57:07.509+0000] {dag.py:4180} INFO - Setting next_dagrun for latest_only_with_trigger to 2025-03-13 12:00:00+00:00, run_after=2025-03-13 16:00:00+00:00
[2025-03-13T17:57:07.538+0000] {processor.py:208} INFO - Processing /root/venv/lib/python3.12/site-packages/airflow/example_dags/example_latest_only_with_trigger.py took 0.111 seconds
[2025-03-13T17:58:06.537+0000] {processor.py:186} INFO - Started process (PID=1660648) to work on /root/venv/lib/python3.12/site-packages/airflow/example_dags/example_latest_only_with_trigger.py
[2025-03-13T17:58:06.539+0000] {processor.py:914} INFO - Processing file /root/venv/lib/python3.12/site-packages/airflow/example_dags/example_latest_only_with_trigger.py for tasks to queue
[2025-03-13T17:58:06.542+0000] {logging_mixin.py:190} INFO - [2025-03-13T17:58:06.542+0000] {dagbag.py:588} INFO - Filling up the DagBag from /root/venv/lib/python3.12/site-packages/airflow/example_dags/example_latest_only_with_trigger.py
[2025-03-13T17:58:06.554+0000] {processor.py:925} INFO - DAG(s) 'latest_only_with_trigger' retrieved from /root/venv/lib/python3.12/site-packages/airflow/example_dags/example_latest_only_with_trigger.py
[2025-03-13T17:58:06.576+0000] {logging_mixin.py:190} INFO - [2025-03-13T17:58:06.576+0000] {dag.py:3239} INFO - Sync 1 DAGs
[2025-03-13T17:58:06.603+0000] {logging_mixin.py:190} INFO - [2025-03-13T17:58:06.603+0000] {dag.py:4180} INFO - Setting next_dagrun for latest_only_with_trigger to 2025-03-13 12:00:00+00:00, run_after=2025-03-13 16:00:00+00:00
[2025-03-13T17:58:06.628+0000] {processor.py:208} INFO - Processing /root/venv/lib/python3.12/site-packages/airflow/example_dags/example_latest_only_with_trigger.py took 0.101 seconds
[2025-03-13T17:59:05.029+0000] {processor.py:186} INFO - Started process (PID=1660716) to work on /root/venv/lib/python3.12/site-packages/airflow/example_dags/example_latest_only_with_trigger.py
[2025-03-13T17:59:05.031+0000] {processor.py:914} INFO - Processing file /root/venv/lib/python3.12/site-packages/airflow/example_dags/example_latest_only_with_trigger.py for tasks to queue
[2025-03-13T17:59:05.035+0000] {logging_mixin.py:190} INFO - [2025-03-13T17:59:05.034+0000] {dagbag.py:588} INFO - Filling up the DagBag from /root/venv/lib/python3.12/site-packages/airflow/example_dags/example_latest_only_with_trigger.py
[2025-03-13T17:59:05.050+0000] {processor.py:925} INFO - DAG(s) 'latest_only_with_trigger' retrieved from /root/venv/lib/python3.12/site-packages/airflow/example_dags/example_latest_only_with_trigger.py
[2025-03-13T17:59:05.081+0000] {logging_mixin.py:190} INFO - [2025-03-13T17:59:05.081+0000] {dag.py:3239} INFO - Sync 1 DAGs
[2025-03-13T17:59:05.118+0000] {logging_mixin.py:190} INFO - [2025-03-13T17:59:05.118+0000] {dag.py:4180} INFO - Setting next_dagrun for latest_only_with_trigger to 2025-03-13 12:00:00+00:00, run_after=2025-03-13 16:00:00+00:00
[2025-03-13T17:59:05.150+0000] {processor.py:208} INFO - Processing /root/venv/lib/python3.12/site-packages/airflow/example_dags/example_latest_only_with_trigger.py took 0.129 seconds
[2025-03-13T18:00:07.471+0000] {processor.py:186} INFO - Started process (PID=1660783) to work on /root/venv/lib/python3.12/site-packages/airflow/example_dags/example_latest_only_with_trigger.py
[2025-03-13T18:00:07.473+0000] {processor.py:914} INFO - Processing file /root/venv/lib/python3.12/site-packages/airflow/example_dags/example_latest_only_with_trigger.py for tasks to queue
[2025-03-13T18:00:07.477+0000] {logging_mixin.py:190} INFO - [2025-03-13T18:00:07.476+0000] {dagbag.py:588} INFO - Filling up the DagBag from /root/venv/lib/python3.12/site-packages/airflow/example_dags/example_latest_only_with_trigger.py
[2025-03-13T18:00:07.492+0000] {processor.py:925} INFO - DAG(s) 'latest_only_with_trigger' retrieved from /root/venv/lib/python3.12/site-packages/airflow/example_dags/example_latest_only_with_trigger.py
[2025-03-13T18:00:07.521+0000] {logging_mixin.py:190} INFO - [2025-03-13T18:00:07.521+0000] {dag.py:3239} INFO - Sync 1 DAGs
[2025-03-13T18:00:07.565+0000] {logging_mixin.py:190} INFO - [2025-03-13T18:00:07.565+0000] {dag.py:4180} INFO - Setting next_dagrun for latest_only_with_trigger to 2025-03-13 12:00:00+00:00, run_after=2025-03-13 16:00:00+00:00
[2025-03-13T18:00:07.608+0000] {processor.py:208} INFO - Processing /root/venv/lib/python3.12/site-packages/airflow/example_dags/example_latest_only_with_trigger.py took 0.146 seconds
[2025-03-13T18:01:41.458+0000] {processor.py:186} INFO - Started process (PID=1660882) to work on /root/venv/lib/python3.12/site-packages/airflow/example_dags/example_latest_only_with_trigger.py
[2025-03-13T18:01:41.460+0000] {processor.py:914} INFO - Processing file /root/venv/lib/python3.12/site-packages/airflow/example_dags/example_latest_only_with_trigger.py for tasks to queue
[2025-03-13T18:01:41.463+0000] {logging_mixin.py:190} INFO - [2025-03-13T18:01:41.462+0000] {dagbag.py:588} INFO - Filling up the DagBag from /root/venv/lib/python3.12/site-packages/airflow/example_dags/example_latest_only_with_trigger.py
[2025-03-13T18:01:41.474+0000] {processor.py:925} INFO - DAG(s) 'latest_only_with_trigger' retrieved from /root/venv/lib/python3.12/site-packages/airflow/example_dags/example_latest_only_with_trigger.py
[2025-03-13T18:01:41.497+0000] {logging_mixin.py:190} INFO - [2025-03-13T18:01:41.496+0000] {dag.py:3239} INFO - Sync 1 DAGs
[2025-03-13T18:01:41.525+0000] {logging_mixin.py:190} INFO - [2025-03-13T18:01:41.525+0000] {dag.py:4180} INFO - Setting next_dagrun for latest_only_with_trigger to 2025-03-13 12:00:00+00:00, run_after=2025-03-13 16:00:00+00:00
[2025-03-13T18:01:41.563+0000] {processor.py:208} INFO - Processing /root/venv/lib/python3.12/site-packages/airflow/example_dags/example_latest_only_with_trigger.py took 0.112 seconds
[2025-03-13T18:02:42.280+0000] {processor.py:186} INFO - Started process (PID=1660956) to work on /root/venv/lib/python3.12/site-packages/airflow/example_dags/example_latest_only_with_trigger.py
[2025-03-13T18:02:42.282+0000] {processor.py:914} INFO - Processing file /root/venv/lib/python3.12/site-packages/airflow/example_dags/example_latest_only_with_trigger.py for tasks to queue
[2025-03-13T18:02:42.285+0000] {logging_mixin.py:190} INFO - [2025-03-13T18:02:42.284+0000] {dagbag.py:588} INFO - Filling up the DagBag from /root/venv/lib/python3.12/site-packages/airflow/example_dags/example_latest_only_with_trigger.py
[2025-03-13T18:02:42.296+0000] {processor.py:925} INFO - DAG(s) 'latest_only_with_trigger' retrieved from /root/venv/lib/python3.12/site-packages/airflow/example_dags/example_latest_only_with_trigger.py
[2025-03-13T18:02:42.316+0000] {logging_mixin.py:190} INFO - [2025-03-13T18:02:42.316+0000] {dag.py:3239} INFO - Sync 1 DAGs
[2025-03-13T18:02:42.338+0000] {logging_mixin.py:190} INFO - [2025-03-13T18:02:42.338+0000] {dag.py:4180} INFO - Setting next_dagrun for latest_only_with_trigger to 2025-03-13 12:00:00+00:00, run_after=2025-03-13 16:00:00+00:00
[2025-03-13T18:02:42.385+0000] {processor.py:208} INFO - Processing /root/venv/lib/python3.12/site-packages/airflow/example_dags/example_latest_only_with_trigger.py took 0.113 seconds
[2025-03-13T18:03:48.089+0000] {processor.py:186} INFO - Started process (PID=1661024) to work on /root/venv/lib/python3.12/site-packages/airflow/example_dags/example_latest_only_with_trigger.py
[2025-03-13T18:03:48.091+0000] {processor.py:914} INFO - Processing file /root/venv/lib/python3.12/site-packages/airflow/example_dags/example_latest_only_with_trigger.py for tasks to queue
[2025-03-13T18:03:48.094+0000] {logging_mixin.py:190} INFO - [2025-03-13T18:03:48.093+0000] {dagbag.py:588} INFO - Filling up the DagBag from /root/venv/lib/python3.12/site-packages/airflow/example_dags/example_latest_only_with_trigger.py
[2025-03-13T18:03:48.107+0000] {processor.py:925} INFO - DAG(s) 'latest_only_with_trigger' retrieved from /root/venv/lib/python3.12/site-packages/airflow/example_dags/example_latest_only_with_trigger.py
[2025-03-13T18:03:48.133+0000] {logging_mixin.py:190} INFO - [2025-03-13T18:03:48.133+0000] {dag.py:3239} INFO - Sync 1 DAGs
[2025-03-13T18:03:48.323+0000] {logging_mixin.py:190} INFO - [2025-03-13T18:03:48.323+0000] {dag.py:4180} INFO - Setting next_dagrun for latest_only_with_trigger to 2025-03-13 12:00:00+00:00, run_after=2025-03-13 16:00:00+00:00
[2025-03-13T18:03:48.351+0000] {processor.py:208} INFO - Processing /root/venv/lib/python3.12/site-packages/airflow/example_dags/example_latest_only_with_trigger.py took 0.271 seconds
[2025-03-13T18:05:09.686+0000] {processor.py:186} INFO - Started process (PID=1661099) to work on /root/venv/lib/python3.12/site-packages/airflow/example_dags/example_latest_only_with_trigger.py
[2025-03-13T18:05:09.688+0000] {processor.py:914} INFO - Processing file /root/venv/lib/python3.12/site-packages/airflow/example_dags/example_latest_only_with_trigger.py for tasks to queue
[2025-03-13T18:05:09.691+0000] {logging_mixin.py:190} INFO - [2025-03-13T18:05:09.690+0000] {dagbag.py:588} INFO - Filling up the DagBag from /root/venv/lib/python3.12/site-packages/airflow/example_dags/example_latest_only_with_trigger.py
[2025-03-13T18:05:09.702+0000] {processor.py:925} INFO - DAG(s) 'latest_only_with_trigger' retrieved from /root/venv/lib/python3.12/site-packages/airflow/example_dags/example_latest_only_with_trigger.py
[2025-03-13T18:05:09.724+0000] {logging_mixin.py:190} INFO - [2025-03-13T18:05:09.724+0000] {dag.py:3239} INFO - Sync 1 DAGs
[2025-03-13T18:05:09.755+0000] {logging_mixin.py:190} INFO - [2025-03-13T18:05:09.755+0000] {dag.py:4180} INFO - Setting next_dagrun for latest_only_with_trigger to 2025-03-13 12:00:00+00:00, run_after=2025-03-13 16:00:00+00:00
[2025-03-13T18:05:09.783+0000] {processor.py:208} INFO - Processing /root/venv/lib/python3.12/site-packages/airflow/example_dags/example_latest_only_with_trigger.py took 0.109 seconds
[2025-03-13T18:06:15.412+0000] {processor.py:186} INFO - Started process (PID=1661168) to work on /root/venv/lib/python3.12/site-packages/airflow/example_dags/example_latest_only_with_trigger.py
[2025-03-13T18:06:15.414+0000] {processor.py:914} INFO - Processing file /root/venv/lib/python3.12/site-packages/airflow/example_dags/example_latest_only_with_trigger.py for tasks to queue
[2025-03-13T18:06:15.418+0000] {logging_mixin.py:190} INFO - [2025-03-13T18:06:15.417+0000] {dagbag.py:588} INFO - Filling up the DagBag from /root/venv/lib/python3.12/site-packages/airflow/example_dags/example_latest_only_with_trigger.py
[2025-03-13T18:06:15.433+0000] {processor.py:925} INFO - DAG(s) 'latest_only_with_trigger' retrieved from /root/venv/lib/python3.12/site-packages/airflow/example_dags/example_latest_only_with_trigger.py
[2025-03-13T18:06:15.463+0000] {logging_mixin.py:190} INFO - [2025-03-13T18:06:15.463+0000] {dag.py:3239} INFO - Sync 1 DAGs
[2025-03-13T18:06:15.493+0000] {logging_mixin.py:190} INFO - [2025-03-13T18:06:15.493+0000] {dag.py:4180} INFO - Setting next_dagrun for latest_only_with_trigger to 2025-03-13 12:00:00+00:00, run_after=2025-03-13 16:00:00+00:00
[2025-03-13T18:06:15.523+0000] {processor.py:208} INFO - Processing /root/venv/lib/python3.12/site-packages/airflow/example_dags/example_latest_only_with_trigger.py took 0.123 seconds
[2025-03-13T18:07:27.159+0000] {processor.py:186} INFO - Started process (PID=1661246) to work on /root/venv/lib/python3.12/site-packages/airflow/example_dags/example_latest_only_with_trigger.py
[2025-03-13T18:07:27.160+0000] {processor.py:914} INFO - Processing file /root/venv/lib/python3.12/site-packages/airflow/example_dags/example_latest_only_with_trigger.py for tasks to queue
[2025-03-13T18:07:27.164+0000] {logging_mixin.py:190} INFO - [2025-03-13T18:07:27.163+0000] {dagbag.py:588} INFO - Filling up the DagBag from /root/venv/lib/python3.12/site-packages/airflow/example_dags/example_latest_only_with_trigger.py
[2025-03-13T18:07:27.174+0000] {processor.py:925} INFO - DAG(s) 'latest_only_with_trigger' retrieved from /root/venv/lib/python3.12/site-packages/airflow/example_dags/example_latest_only_with_trigger.py
[2025-03-13T18:07:27.197+0000] {logging_mixin.py:190} INFO - [2025-03-13T18:07:27.196+0000] {dag.py:3239} INFO - Sync 1 DAGs
[2025-03-13T18:07:27.220+0000] {logging_mixin.py:190} INFO - [2025-03-13T18:07:27.220+0000] {dag.py:4180} INFO - Setting next_dagrun for latest_only_with_trigger to 2025-03-13 12:00:00+00:00, run_after=2025-03-13 16:00:00+00:00
[2025-03-13T18:07:27.251+0000] {processor.py:208} INFO - Processing /root/venv/lib/python3.12/site-packages/airflow/example_dags/example_latest_only_with_trigger.py took 0.104 seconds
[2025-03-13T18:08:33.163+0000] {processor.py:186} INFO - Started process (PID=1661325) to work on /root/venv/lib/python3.12/site-packages/airflow/example_dags/example_latest_only_with_trigger.py
[2025-03-13T18:08:33.165+0000] {processor.py:914} INFO - Processing file /root/venv/lib/python3.12/site-packages/airflow/example_dags/example_latest_only_with_trigger.py for tasks to queue
[2025-03-13T18:08:33.169+0000] {logging_mixin.py:190} INFO - [2025-03-13T18:08:33.169+0000] {dagbag.py:588} INFO - Filling up the DagBag from /root/venv/lib/python3.12/site-packages/airflow/example_dags/example_latest_only_with_trigger.py
[2025-03-13T18:08:33.184+0000] {processor.py:925} INFO - DAG(s) 'latest_only_with_trigger' retrieved from /root/venv/lib/python3.12/site-packages/airflow/example_dags/example_latest_only_with_trigger.py
[2025-03-13T18:08:33.212+0000] {logging_mixin.py:190} INFO - [2025-03-13T18:08:33.211+0000] {dag.py:3239} INFO - Sync 1 DAGs
[2025-03-13T18:08:33.243+0000] {logging_mixin.py:190} INFO - [2025-03-13T18:08:33.242+0000] {dag.py:4180} INFO - Setting next_dagrun for latest_only_with_trigger to 2025-03-13 12:00:00+00:00, run_after=2025-03-13 16:00:00+00:00
[2025-03-13T18:08:33.287+0000] {processor.py:208} INFO - Processing /root/venv/lib/python3.12/site-packages/airflow/example_dags/example_latest_only_with_trigger.py took 0.133 seconds
[2025-03-13T18:09:36.143+0000] {processor.py:186} INFO - Started process (PID=1661392) to work on /root/venv/lib/python3.12/site-packages/airflow/example_dags/example_latest_only_with_trigger.py
[2025-03-13T18:09:36.144+0000] {processor.py:914} INFO - Processing file /root/venv/lib/python3.12/site-packages/airflow/example_dags/example_latest_only_with_trigger.py for tasks to queue
[2025-03-13T18:09:36.147+0000] {logging_mixin.py:190} INFO - [2025-03-13T18:09:36.146+0000] {dagbag.py:588} INFO - Filling up the DagBag from /root/venv/lib/python3.12/site-packages/airflow/example_dags/example_latest_only_with_trigger.py
[2025-03-13T18:09:36.158+0000] {processor.py:925} INFO - DAG(s) 'latest_only_with_trigger' retrieved from /root/venv/lib/python3.12/site-packages/airflow/example_dags/example_latest_only_with_trigger.py
[2025-03-13T18:09:36.180+0000] {logging_mixin.py:190} INFO - [2025-03-13T18:09:36.179+0000] {dag.py:3239} INFO - Sync 1 DAGs
[2025-03-13T18:09:36.204+0000] {logging_mixin.py:190} INFO - [2025-03-13T18:09:36.204+0000] {dag.py:4180} INFO - Setting next_dagrun for latest_only_with_trigger to 2025-03-13 12:00:00+00:00, run_after=2025-03-13 16:00:00+00:00
[2025-03-13T18:09:36.228+0000] {processor.py:208} INFO - Processing /root/venv/lib/python3.12/site-packages/airflow/example_dags/example_latest_only_with_trigger.py took 0.093 seconds
[2025-03-13T18:10:38.617+0000] {processor.py:186} INFO - Started process (PID=1661460) to work on /root/venv/lib/python3.12/site-packages/airflow/example_dags/example_latest_only_with_trigger.py
[2025-03-13T18:10:38.619+0000] {processor.py:914} INFO - Processing file /root/venv/lib/python3.12/site-packages/airflow/example_dags/example_latest_only_with_trigger.py for tasks to queue
[2025-03-13T18:10:38.622+0000] {logging_mixin.py:190} INFO - [2025-03-13T18:10:38.622+0000] {dagbag.py:588} INFO - Filling up the DagBag from /root/venv/lib/python3.12/site-packages/airflow/example_dags/example_latest_only_with_trigger.py
[2025-03-13T18:10:38.640+0000] {processor.py:925} INFO - DAG(s) 'latest_only_with_trigger' retrieved from /root/venv/lib/python3.12/site-packages/airflow/example_dags/example_latest_only_with_trigger.py
[2025-03-13T18:10:38.673+0000] {logging_mixin.py:190} INFO - [2025-03-13T18:10:38.672+0000] {dag.py:3239} INFO - Sync 1 DAGs
[2025-03-13T18:10:38.711+0000] {logging_mixin.py:190} INFO - [2025-03-13T18:10:38.710+0000] {dag.py:4180} INFO - Setting next_dagrun for latest_only_with_trigger to 2025-03-13 12:00:00+00:00, run_after=2025-03-13 16:00:00+00:00
[2025-03-13T18:10:38.751+0000] {processor.py:208} INFO - Processing /root/venv/lib/python3.12/site-packages/airflow/example_dags/example_latest_only_with_trigger.py took 0.146 seconds
[2025-03-13T18:11:45.634+0000] {processor.py:186} INFO - Started process (PID=1661528) to work on /root/venv/lib/python3.12/site-packages/airflow/example_dags/example_latest_only_with_trigger.py
[2025-03-13T18:11:45.636+0000] {processor.py:914} INFO - Processing file /root/venv/lib/python3.12/site-packages/airflow/example_dags/example_latest_only_with_trigger.py for tasks to queue
[2025-03-13T18:11:45.638+0000] {logging_mixin.py:190} INFO - [2025-03-13T18:11:45.637+0000] {dagbag.py:588} INFO - Filling up the DagBag from /root/venv/lib/python3.12/site-packages/airflow/example_dags/example_latest_only_with_trigger.py
[2025-03-13T18:11:45.651+0000] {processor.py:925} INFO - DAG(s) 'latest_only_with_trigger' retrieved from /root/venv/lib/python3.12/site-packages/airflow/example_dags/example_latest_only_with_trigger.py
[2025-03-13T18:11:45.675+0000] {logging_mixin.py:190} INFO - [2025-03-13T18:11:45.674+0000] {dag.py:3239} INFO - Sync 1 DAGs
[2025-03-13T18:11:45.700+0000] {logging_mixin.py:190} INFO - [2025-03-13T18:11:45.700+0000] {dag.py:4180} INFO - Setting next_dagrun for latest_only_with_trigger to 2025-03-13 12:00:00+00:00, run_after=2025-03-13 16:00:00+00:00
[2025-03-13T18:11:45.726+0000] {processor.py:208} INFO - Processing /root/venv/lib/python3.12/site-packages/airflow/example_dags/example_latest_only_with_trigger.py took 0.103 seconds
[2025-03-13T18:12:50.903+0000] {processor.py:186} INFO - Started process (PID=1661607) to work on /root/venv/lib/python3.12/site-packages/airflow/example_dags/example_latest_only_with_trigger.py
[2025-03-13T18:12:50.905+0000] {processor.py:914} INFO - Processing file /root/venv/lib/python3.12/site-packages/airflow/example_dags/example_latest_only_with_trigger.py for tasks to queue
[2025-03-13T18:12:50.906+0000] {logging_mixin.py:190} INFO - [2025-03-13T18:12:50.906+0000] {dagbag.py:588} INFO - Filling up the DagBag from /root/venv/lib/python3.12/site-packages/airflow/example_dags/example_latest_only_with_trigger.py
[2025-03-13T18:12:50.918+0000] {processor.py:925} INFO - DAG(s) 'latest_only_with_trigger' retrieved from /root/venv/lib/python3.12/site-packages/airflow/example_dags/example_latest_only_with_trigger.py
[2025-03-13T18:12:50.939+0000] {logging_mixin.py:190} INFO - [2025-03-13T18:12:50.939+0000] {dag.py:3239} INFO - Sync 1 DAGs
[2025-03-13T18:12:50.961+0000] {logging_mixin.py:190} INFO - [2025-03-13T18:12:50.961+0000] {dag.py:4180} INFO - Setting next_dagrun for latest_only_with_trigger to 2025-03-13 12:00:00+00:00, run_after=2025-03-13 16:00:00+00:00
[2025-03-13T18:12:50.982+0000] {processor.py:208} INFO - Processing /root/venv/lib/python3.12/site-packages/airflow/example_dags/example_latest_only_with_trigger.py took 0.087 seconds
[2025-03-13T18:13:58.525+0000] {processor.py:186} INFO - Started process (PID=1661674) to work on /root/venv/lib/python3.12/site-packages/airflow/example_dags/example_latest_only_with_trigger.py
[2025-03-13T18:13:58.526+0000] {processor.py:914} INFO - Processing file /root/venv/lib/python3.12/site-packages/airflow/example_dags/example_latest_only_with_trigger.py for tasks to queue
[2025-03-13T18:13:58.528+0000] {logging_mixin.py:190} INFO - [2025-03-13T18:13:58.527+0000] {dagbag.py:588} INFO - Filling up the DagBag from /root/venv/lib/python3.12/site-packages/airflow/example_dags/example_latest_only_with_trigger.py
[2025-03-13T18:13:58.538+0000] {processor.py:925} INFO - DAG(s) 'latest_only_with_trigger' retrieved from /root/venv/lib/python3.12/site-packages/airflow/example_dags/example_latest_only_with_trigger.py
[2025-03-13T18:13:58.558+0000] {logging_mixin.py:190} INFO - [2025-03-13T18:13:58.558+0000] {dag.py:3239} INFO - Sync 1 DAGs
[2025-03-13T18:13:58.582+0000] {logging_mixin.py:190} INFO - [2025-03-13T18:13:58.582+0000] {dag.py:4180} INFO - Setting next_dagrun for latest_only_with_trigger to 2025-03-13 12:00:00+00:00, run_after=2025-03-13 16:00:00+00:00
[2025-03-13T18:13:58.604+0000] {processor.py:208} INFO - Processing /root/venv/lib/python3.12/site-packages/airflow/example_dags/example_latest_only_with_trigger.py took 0.087 seconds
[2025-03-13T18:15:09.179+0000] {processor.py:186} INFO - Started process (PID=1661753) to work on /root/venv/lib/python3.12/site-packages/airflow/example_dags/example_latest_only_with_trigger.py
[2025-03-13T18:15:09.180+0000] {processor.py:914} INFO - Processing file /root/venv/lib/python3.12/site-packages/airflow/example_dags/example_latest_only_with_trigger.py for tasks to queue
[2025-03-13T18:15:09.182+0000] {logging_mixin.py:190} INFO - [2025-03-13T18:15:09.181+0000] {dagbag.py:588} INFO - Filling up the DagBag from /root/venv/lib/python3.12/site-packages/airflow/example_dags/example_latest_only_with_trigger.py
[2025-03-13T18:15:09.193+0000] {processor.py:925} INFO - DAG(s) 'latest_only_with_trigger' retrieved from /root/venv/lib/python3.12/site-packages/airflow/example_dags/example_latest_only_with_trigger.py
[2025-03-13T18:15:09.216+0000] {logging_mixin.py:190} INFO - [2025-03-13T18:15:09.216+0000] {dag.py:3239} INFO - Sync 1 DAGs
[2025-03-13T18:15:09.243+0000] {logging_mixin.py:190} INFO - [2025-03-13T18:15:09.243+0000] {dag.py:4180} INFO - Setting next_dagrun for latest_only_with_trigger to 2025-03-13 12:00:00+00:00, run_after=2025-03-13 16:00:00+00:00
[2025-03-13T18:15:09.272+0000] {processor.py:208} INFO - Processing /root/venv/lib/python3.12/site-packages/airflow/example_dags/example_latest_only_with_trigger.py took 0.101 seconds
[2025-03-13T19:39:47.022+0000] {processor.py:186} INFO - Started process (PID=1662410) to work on /root/venv/lib/python3.12/site-packages/airflow/example_dags/example_latest_only_with_trigger.py
[2025-03-13T19:39:47.024+0000] {processor.py:914} INFO - Processing file /root/venv/lib/python3.12/site-packages/airflow/example_dags/example_latest_only_with_trigger.py for tasks to queue
[2025-03-13T19:39:47.027+0000] {logging_mixin.py:190} INFO - [2025-03-13T19:39:47.026+0000] {dagbag.py:588} INFO - Filling up the DagBag from /root/venv/lib/python3.12/site-packages/airflow/example_dags/example_latest_only_with_trigger.py
[2025-03-13T19:39:47.039+0000] {processor.py:925} INFO - DAG(s) 'latest_only_with_trigger' retrieved from /root/venv/lib/python3.12/site-packages/airflow/example_dags/example_latest_only_with_trigger.py
[2025-03-13T19:39:47.064+0000] {logging_mixin.py:190} INFO - [2025-03-13T19:39:47.063+0000] {dag.py:3239} INFO - Sync 1 DAGs
[2025-03-13T19:39:47.092+0000] {logging_mixin.py:190} INFO - [2025-03-13T19:39:47.092+0000] {dag.py:4180} INFO - Setting next_dagrun for latest_only_with_trigger to 2025-03-13 12:00:00+00:00, run_after=2025-03-13 16:00:00+00:00
[2025-03-13T19:39:47.121+0000] {processor.py:208} INFO - Processing /root/venv/lib/python3.12/site-packages/airflow/example_dags/example_latest_only_with_trigger.py took 0.106 seconds
