[2025-03-13T17:31:09.857+0000] {processor.py:186} INFO - Started process (PID=1658861) to work on /root/venv/lib/python3.12/site-packages/airflow/example_dags/example_sensor_decorator.py
[2025-03-13T17:31:09.858+0000] {processor.py:914} INFO - Processing file /root/venv/lib/python3.12/site-packages/airflow/example_dags/example_sensor_decorator.py for tasks to queue
[2025-03-13T17:31:09.861+0000] {logging_mixin.py:190} INFO - [2025-03-13T17:31:09.860+0000] {dagbag.py:588} INFO - Filling up the DagBag from /root/venv/lib/python3.12/site-packages/airflow/example_dags/example_sensor_decorator.py
[2025-03-13T17:31:09.872+0000] {processor.py:925} INFO - DAG(s) 'example_sensor_decorator' retrieved from /root/venv/lib/python3.12/site-packages/airflow/example_dags/example_sensor_decorator.py
[2025-03-13T17:31:09.989+0000] {logging_mixin.py:190} INFO - [2025-03-13T17:31:09.989+0000] {dag.py:3239} INFO - Sync 1 DAGs
[2025-03-13T17:31:10.002+0000] {logging_mixin.py:190} INFO - [2025-03-13T17:31:10.002+0000] {dag.py:4180} INFO - Setting next_dagrun for example_sensor_decorator to None, run_after=None
[2025-03-13T17:31:10.027+0000] {processor.py:208} INFO - Processing /root/venv/lib/python3.12/site-packages/airflow/example_dags/example_sensor_decorator.py took 0.177 seconds
[2025-03-13T17:32:13.230+0000] {processor.py:186} INFO - Started process (PID=1658925) to work on /root/venv/lib/python3.12/site-packages/airflow/example_dags/example_sensor_decorator.py
[2025-03-13T17:32:13.232+0000] {processor.py:914} INFO - Processing file /root/venv/lib/python3.12/site-packages/airflow/example_dags/example_sensor_decorator.py for tasks to queue
[2025-03-13T17:32:13.236+0000] {logging_mixin.py:190} INFO - [2025-03-13T17:32:13.235+0000] {dagbag.py:588} INFO - Filling up the DagBag from /root/venv/lib/python3.12/site-packages/airflow/example_dags/example_sensor_decorator.py
[2025-03-13T17:32:13.248+0000] {processor.py:925} INFO - DAG(s) 'example_sensor_decorator' retrieved from /root/venv/lib/python3.12/site-packages/airflow/example_dags/example_sensor_decorator.py
[2025-03-13T17:32:13.272+0000] {logging_mixin.py:190} INFO - [2025-03-13T17:32:13.271+0000] {dag.py:3239} INFO - Sync 1 DAGs
[2025-03-13T17:32:13.289+0000] {logging_mixin.py:190} INFO - [2025-03-13T17:32:13.289+0000] {dag.py:4180} INFO - Setting next_dagrun for example_sensor_decorator to None, run_after=None
[2025-03-13T17:32:13.316+0000] {processor.py:208} INFO - Processing /root/venv/lib/python3.12/site-packages/airflow/example_dags/example_sensor_decorator.py took 0.097 seconds
[2025-03-13T17:33:14.245+0000] {processor.py:186} INFO - Started process (PID=1659052) to work on /root/venv/lib/python3.12/site-packages/airflow/example_dags/example_sensor_decorator.py
[2025-03-13T17:33:14.246+0000] {processor.py:914} INFO - Processing file /root/venv/lib/python3.12/site-packages/airflow/example_dags/example_sensor_decorator.py for tasks to queue
[2025-03-13T17:33:14.249+0000] {logging_mixin.py:190} INFO - [2025-03-13T17:33:14.249+0000] {dagbag.py:588} INFO - Filling up the DagBag from /root/venv/lib/python3.12/site-packages/airflow/example_dags/example_sensor_decorator.py
[2025-03-13T17:33:14.260+0000] {processor.py:925} INFO - DAG(s) 'example_sensor_decorator' retrieved from /root/venv/lib/python3.12/site-packages/airflow/example_dags/example_sensor_decorator.py
[2025-03-13T17:33:14.280+0000] {logging_mixin.py:190} INFO - [2025-03-13T17:33:14.279+0000] {dag.py:3239} INFO - Sync 1 DAGs
[2025-03-13T17:33:14.297+0000] {logging_mixin.py:190} INFO - [2025-03-13T17:33:14.297+0000] {dag.py:4180} INFO - Setting next_dagrun for example_sensor_decorator to None, run_after=None
[2025-03-13T17:33:14.320+0000] {processor.py:208} INFO - Processing /root/venv/lib/python3.12/site-packages/airflow/example_dags/example_sensor_decorator.py took 0.083 seconds
[2025-03-13T17:34:15.642+0000] {processor.py:186} INFO - Started process (PID=1659115) to work on /root/venv/lib/python3.12/site-packages/airflow/example_dags/example_sensor_decorator.py
[2025-03-13T17:34:15.645+0000] {processor.py:914} INFO - Processing file /root/venv/lib/python3.12/site-packages/airflow/example_dags/example_sensor_decorator.py for tasks to queue
[2025-03-13T17:34:15.649+0000] {logging_mixin.py:190} INFO - [2025-03-13T17:34:15.648+0000] {dagbag.py:588} INFO - Filling up the DagBag from /root/venv/lib/python3.12/site-packages/airflow/example_dags/example_sensor_decorator.py
[2025-03-13T17:34:15.662+0000] {processor.py:925} INFO - DAG(s) 'example_sensor_decorator' retrieved from /root/venv/lib/python3.12/site-packages/airflow/example_dags/example_sensor_decorator.py
[2025-03-13T17:34:15.686+0000] {logging_mixin.py:190} INFO - [2025-03-13T17:34:15.685+0000] {dag.py:3239} INFO - Sync 1 DAGs
[2025-03-13T17:34:15.701+0000] {logging_mixin.py:190} INFO - [2025-03-13T17:34:15.700+0000] {dag.py:4180} INFO - Setting next_dagrun for example_sensor_decorator to None, run_after=None
[2025-03-13T17:34:15.723+0000] {processor.py:208} INFO - Processing /root/venv/lib/python3.12/site-packages/airflow/example_dags/example_sensor_decorator.py took 0.088 seconds
[2025-03-13T17:35:02.406+0000] {processor.py:186} INFO - Started process (PID=1659172) to work on /root/venv/lib/python3.12/site-packages/airflow/example_dags/example_sensor_decorator.py
[2025-03-13T17:35:02.408+0000] {processor.py:914} INFO - Processing file /root/venv/lib/python3.12/site-packages/airflow/example_dags/example_sensor_decorator.py for tasks to queue
[2025-03-13T17:35:02.413+0000] {logging_mixin.py:190} INFO - [2025-03-13T17:35:02.412+0000] {dagbag.py:588} INFO - Filling up the DagBag from /root/venv/lib/python3.12/site-packages/airflow/example_dags/example_sensor_decorator.py
[2025-03-13T17:35:02.428+0000] {processor.py:925} INFO - DAG(s) 'example_sensor_decorator' retrieved from /root/venv/lib/python3.12/site-packages/airflow/example_dags/example_sensor_decorator.py
[2025-03-13T17:35:02.457+0000] {logging_mixin.py:190} INFO - [2025-03-13T17:35:02.457+0000] {dag.py:3239} INFO - Sync 1 DAGs
[2025-03-13T17:35:02.479+0000] {logging_mixin.py:190} INFO - [2025-03-13T17:35:02.478+0000] {dag.py:4180} INFO - Setting next_dagrun for example_sensor_decorator to None, run_after=None
[2025-03-13T17:35:02.517+0000] {processor.py:208} INFO - Processing /root/venv/lib/python3.12/site-packages/airflow/example_dags/example_sensor_decorator.py took 0.121 seconds
[2025-03-13T17:36:00.577+0000] {processor.py:186} INFO - Started process (PID=1659235) to work on /root/venv/lib/python3.12/site-packages/airflow/example_dags/example_sensor_decorator.py
[2025-03-13T17:36:00.578+0000] {processor.py:914} INFO - Processing file /root/venv/lib/python3.12/site-packages/airflow/example_dags/example_sensor_decorator.py for tasks to queue
[2025-03-13T17:36:00.582+0000] {logging_mixin.py:190} INFO - [2025-03-13T17:36:00.581+0000] {dagbag.py:588} INFO - Filling up the DagBag from /root/venv/lib/python3.12/site-packages/airflow/example_dags/example_sensor_decorator.py
[2025-03-13T17:36:00.594+0000] {processor.py:925} INFO - DAG(s) 'example_sensor_decorator' retrieved from /root/venv/lib/python3.12/site-packages/airflow/example_dags/example_sensor_decorator.py
[2025-03-13T17:36:00.617+0000] {logging_mixin.py:190} INFO - [2025-03-13T17:36:00.617+0000] {dag.py:3239} INFO - Sync 1 DAGs
[2025-03-13T17:36:00.633+0000] {logging_mixin.py:190} INFO - [2025-03-13T17:36:00.633+0000] {dag.py:4180} INFO - Setting next_dagrun for example_sensor_decorator to None, run_after=None
[2025-03-13T17:36:00.661+0000] {processor.py:208} INFO - Processing /root/venv/lib/python3.12/site-packages/airflow/example_dags/example_sensor_decorator.py took 0.091 seconds
[2025-03-13T17:37:00.445+0000] {processor.py:186} INFO - Started process (PID=1659301) to work on /root/venv/lib/python3.12/site-packages/airflow/example_dags/example_sensor_decorator.py
[2025-03-13T17:37:00.447+0000] {processor.py:914} INFO - Processing file /root/venv/lib/python3.12/site-packages/airflow/example_dags/example_sensor_decorator.py for tasks to queue
[2025-03-13T17:37:00.452+0000] {logging_mixin.py:190} INFO - [2025-03-13T17:37:00.451+0000] {dagbag.py:588} INFO - Filling up the DagBag from /root/venv/lib/python3.12/site-packages/airflow/example_dags/example_sensor_decorator.py
[2025-03-13T17:37:00.463+0000] {processor.py:925} INFO - DAG(s) 'example_sensor_decorator' retrieved from /root/venv/lib/python3.12/site-packages/airflow/example_dags/example_sensor_decorator.py
[2025-03-13T17:37:00.483+0000] {logging_mixin.py:190} INFO - [2025-03-13T17:37:00.482+0000] {dag.py:3239} INFO - Sync 1 DAGs
[2025-03-13T17:37:00.499+0000] {logging_mixin.py:190} INFO - [2025-03-13T17:37:00.499+0000] {dag.py:4180} INFO - Setting next_dagrun for example_sensor_decorator to None, run_after=None
[2025-03-13T17:37:00.524+0000] {processor.py:208} INFO - Processing /root/venv/lib/python3.12/site-packages/airflow/example_dags/example_sensor_decorator.py took 0.086 seconds
[2025-03-13T17:38:01.720+0000] {processor.py:186} INFO - Started process (PID=1659363) to work on /root/venv/lib/python3.12/site-packages/airflow/example_dags/example_sensor_decorator.py
[2025-03-13T17:38:01.722+0000] {processor.py:914} INFO - Processing file /root/venv/lib/python3.12/site-packages/airflow/example_dags/example_sensor_decorator.py for tasks to queue
[2025-03-13T17:38:01.725+0000] {logging_mixin.py:190} INFO - [2025-03-13T17:38:01.724+0000] {dagbag.py:588} INFO - Filling up the DagBag from /root/venv/lib/python3.12/site-packages/airflow/example_dags/example_sensor_decorator.py
[2025-03-13T17:38:01.737+0000] {processor.py:925} INFO - DAG(s) 'example_sensor_decorator' retrieved from /root/venv/lib/python3.12/site-packages/airflow/example_dags/example_sensor_decorator.py
[2025-03-13T17:38:01.759+0000] {logging_mixin.py:190} INFO - [2025-03-13T17:38:01.759+0000] {dag.py:3239} INFO - Sync 1 DAGs
[2025-03-13T17:38:01.776+0000] {logging_mixin.py:190} INFO - [2025-03-13T17:38:01.775+0000] {dag.py:4180} INFO - Setting next_dagrun for example_sensor_decorator to None, run_after=None
[2025-03-13T17:38:01.812+0000] {processor.py:208} INFO - Processing /root/venv/lib/python3.12/site-packages/airflow/example_dags/example_sensor_decorator.py took 0.099 seconds
[2025-03-13T17:39:05.247+0000] {processor.py:186} INFO - Started process (PID=1659425) to work on /root/venv/lib/python3.12/site-packages/airflow/example_dags/example_sensor_decorator.py
[2025-03-13T17:39:05.250+0000] {processor.py:914} INFO - Processing file /root/venv/lib/python3.12/site-packages/airflow/example_dags/example_sensor_decorator.py for tasks to queue
[2025-03-13T17:39:05.254+0000] {logging_mixin.py:190} INFO - [2025-03-13T17:39:05.253+0000] {dagbag.py:588} INFO - Filling up the DagBag from /root/venv/lib/python3.12/site-packages/airflow/example_dags/example_sensor_decorator.py
[2025-03-13T17:39:05.268+0000] {processor.py:925} INFO - DAG(s) 'example_sensor_decorator' retrieved from /root/venv/lib/python3.12/site-packages/airflow/example_dags/example_sensor_decorator.py
[2025-03-13T17:39:05.293+0000] {logging_mixin.py:190} INFO - [2025-03-13T17:39:05.293+0000] {dag.py:3239} INFO - Sync 1 DAGs
[2025-03-13T17:39:05.314+0000] {logging_mixin.py:190} INFO - [2025-03-13T17:39:05.314+0000] {dag.py:4180} INFO - Setting next_dagrun for example_sensor_decorator to None, run_after=None
[2025-03-13T17:39:05.347+0000] {processor.py:208} INFO - Processing /root/venv/lib/python3.12/site-packages/airflow/example_dags/example_sensor_decorator.py took 0.111 seconds
[2025-03-13T17:40:05.216+0000] {processor.py:186} INFO - Started process (PID=1659485) to work on /root/venv/lib/python3.12/site-packages/airflow/example_dags/example_sensor_decorator.py
[2025-03-13T17:40:05.218+0000] {processor.py:914} INFO - Processing file /root/venv/lib/python3.12/site-packages/airflow/example_dags/example_sensor_decorator.py for tasks to queue
[2025-03-13T17:40:05.221+0000] {logging_mixin.py:190} INFO - [2025-03-13T17:40:05.220+0000] {dagbag.py:588} INFO - Filling up the DagBag from /root/venv/lib/python3.12/site-packages/airflow/example_dags/example_sensor_decorator.py
[2025-03-13T17:40:05.233+0000] {processor.py:925} INFO - DAG(s) 'example_sensor_decorator' retrieved from /root/venv/lib/python3.12/site-packages/airflow/example_dags/example_sensor_decorator.py
[2025-03-13T17:40:05.257+0000] {logging_mixin.py:190} INFO - [2025-03-13T17:40:05.257+0000] {dag.py:3239} INFO - Sync 1 DAGs
[2025-03-13T17:40:05.273+0000] {logging_mixin.py:190} INFO - [2025-03-13T17:40:05.273+0000] {dag.py:4180} INFO - Setting next_dagrun for example_sensor_decorator to None, run_after=None
[2025-03-13T17:40:05.300+0000] {processor.py:208} INFO - Processing /root/venv/lib/python3.12/site-packages/airflow/example_dags/example_sensor_decorator.py took 0.094 seconds
[2025-03-13T17:41:05.088+0000] {processor.py:186} INFO - Started process (PID=1659557) to work on /root/venv/lib/python3.12/site-packages/airflow/example_dags/example_sensor_decorator.py
[2025-03-13T17:41:05.090+0000] {processor.py:914} INFO - Processing file /root/venv/lib/python3.12/site-packages/airflow/example_dags/example_sensor_decorator.py for tasks to queue
[2025-03-13T17:41:05.094+0000] {logging_mixin.py:190} INFO - [2025-03-13T17:41:05.093+0000] {dagbag.py:588} INFO - Filling up the DagBag from /root/venv/lib/python3.12/site-packages/airflow/example_dags/example_sensor_decorator.py
[2025-03-13T17:41:05.111+0000] {processor.py:925} INFO - DAG(s) 'example_sensor_decorator' retrieved from /root/venv/lib/python3.12/site-packages/airflow/example_dags/example_sensor_decorator.py
[2025-03-13T17:41:05.137+0000] {logging_mixin.py:190} INFO - [2025-03-13T17:41:05.137+0000] {dag.py:3239} INFO - Sync 1 DAGs
[2025-03-13T17:41:05.156+0000] {logging_mixin.py:190} INFO - [2025-03-13T17:41:05.156+0000] {dag.py:4180} INFO - Setting next_dagrun for example_sensor_decorator to None, run_after=None
[2025-03-13T17:41:05.185+0000] {processor.py:208} INFO - Processing /root/venv/lib/python3.12/site-packages/airflow/example_dags/example_sensor_decorator.py took 0.106 seconds
[2025-03-13T17:42:10.130+0000] {processor.py:186} INFO - Started process (PID=1659620) to work on /root/venv/lib/python3.12/site-packages/airflow/example_dags/example_sensor_decorator.py
[2025-03-13T17:42:10.132+0000] {processor.py:914} INFO - Processing file /root/venv/lib/python3.12/site-packages/airflow/example_dags/example_sensor_decorator.py for tasks to queue
[2025-03-13T17:42:10.135+0000] {logging_mixin.py:190} INFO - [2025-03-13T17:42:10.134+0000] {dagbag.py:588} INFO - Filling up the DagBag from /root/venv/lib/python3.12/site-packages/airflow/example_dags/example_sensor_decorator.py
[2025-03-13T17:42:10.312+0000] {processor.py:925} INFO - DAG(s) 'example_sensor_decorator' retrieved from /root/venv/lib/python3.12/site-packages/airflow/example_dags/example_sensor_decorator.py
[2025-03-13T17:42:10.326+0000] {logging_mixin.py:190} INFO - [2025-03-13T17:42:10.325+0000] {dag.py:3239} INFO - Sync 1 DAGs
[2025-03-13T17:42:10.337+0000] {logging_mixin.py:190} INFO - [2025-03-13T17:42:10.337+0000] {dag.py:4180} INFO - Setting next_dagrun for example_sensor_decorator to None, run_after=None
[2025-03-13T17:42:10.358+0000] {processor.py:208} INFO - Processing /root/venv/lib/python3.12/site-packages/airflow/example_dags/example_sensor_decorator.py took 0.237 seconds
[2025-03-13T17:43:11.811+0000] {processor.py:186} INFO - Started process (PID=1659683) to work on /root/venv/lib/python3.12/site-packages/airflow/example_dags/example_sensor_decorator.py
[2025-03-13T17:43:11.812+0000] {processor.py:914} INFO - Processing file /root/venv/lib/python3.12/site-packages/airflow/example_dags/example_sensor_decorator.py for tasks to queue
[2025-03-13T17:43:11.815+0000] {logging_mixin.py:190} INFO - [2025-03-13T17:43:11.814+0000] {dagbag.py:588} INFO - Filling up the DagBag from /root/venv/lib/python3.12/site-packages/airflow/example_dags/example_sensor_decorator.py
[2025-03-13T17:43:11.826+0000] {processor.py:925} INFO - DAG(s) 'example_sensor_decorator' retrieved from /root/venv/lib/python3.12/site-packages/airflow/example_dags/example_sensor_decorator.py
[2025-03-13T17:43:11.846+0000] {logging_mixin.py:190} INFO - [2025-03-13T17:43:11.846+0000] {dag.py:3239} INFO - Sync 1 DAGs
[2025-03-13T17:43:11.861+0000] {logging_mixin.py:190} INFO - [2025-03-13T17:43:11.860+0000] {dag.py:4180} INFO - Setting next_dagrun for example_sensor_decorator to None, run_after=None
[2025-03-13T17:43:11.884+0000] {processor.py:208} INFO - Processing /root/venv/lib/python3.12/site-packages/airflow/example_dags/example_sensor_decorator.py took 0.083 seconds
[2025-03-13T17:44:11.371+0000] {processor.py:186} INFO - Started process (PID=1659758) to work on /root/venv/lib/python3.12/site-packages/airflow/example_dags/example_sensor_decorator.py
[2025-03-13T17:44:11.373+0000] {processor.py:914} INFO - Processing file /root/venv/lib/python3.12/site-packages/airflow/example_dags/example_sensor_decorator.py for tasks to queue
[2025-03-13T17:44:11.379+0000] {logging_mixin.py:190} INFO - [2025-03-13T17:44:11.378+0000] {dagbag.py:588} INFO - Filling up the DagBag from /root/venv/lib/python3.12/site-packages/airflow/example_dags/example_sensor_decorator.py
[2025-03-13T17:44:11.394+0000] {processor.py:925} INFO - DAG(s) 'example_sensor_decorator' retrieved from /root/venv/lib/python3.12/site-packages/airflow/example_dags/example_sensor_decorator.py
[2025-03-13T17:44:11.422+0000] {logging_mixin.py:190} INFO - [2025-03-13T17:44:11.422+0000] {dag.py:3239} INFO - Sync 1 DAGs
[2025-03-13T17:44:11.444+0000] {logging_mixin.py:190} INFO - [2025-03-13T17:44:11.444+0000] {dag.py:4180} INFO - Setting next_dagrun for example_sensor_decorator to None, run_after=None
[2025-03-13T17:44:11.473+0000] {processor.py:208} INFO - Processing /root/venv/lib/python3.12/site-packages/airflow/example_dags/example_sensor_decorator.py took 0.110 seconds
[2025-03-13T17:45:15.553+0000] {processor.py:186} INFO - Started process (PID=1659829) to work on /root/venv/lib/python3.12/site-packages/airflow/example_dags/example_sensor_decorator.py
[2025-03-13T17:45:15.554+0000] {processor.py:914} INFO - Processing file /root/venv/lib/python3.12/site-packages/airflow/example_dags/example_sensor_decorator.py for tasks to queue
[2025-03-13T17:45:15.559+0000] {logging_mixin.py:190} INFO - [2025-03-13T17:45:15.558+0000] {dagbag.py:588} INFO - Filling up the DagBag from /root/venv/lib/python3.12/site-packages/airflow/example_dags/example_sensor_decorator.py
[2025-03-13T17:45:15.573+0000] {processor.py:925} INFO - DAG(s) 'example_sensor_decorator' retrieved from /root/venv/lib/python3.12/site-packages/airflow/example_dags/example_sensor_decorator.py
[2025-03-13T17:45:15.595+0000] {logging_mixin.py:190} INFO - [2025-03-13T17:45:15.595+0000] {dag.py:3239} INFO - Sync 1 DAGs
[2025-03-13T17:45:15.611+0000] {logging_mixin.py:190} INFO - [2025-03-13T17:45:15.610+0000] {dag.py:4180} INFO - Setting next_dagrun for example_sensor_decorator to None, run_after=None
[2025-03-13T17:45:15.646+0000] {processor.py:208} INFO - Processing /root/venv/lib/python3.12/site-packages/airflow/example_dags/example_sensor_decorator.py took 0.103 seconds
[2025-03-13T17:46:20.977+0000] {processor.py:186} INFO - Started process (PID=1659893) to work on /root/venv/lib/python3.12/site-packages/airflow/example_dags/example_sensor_decorator.py
[2025-03-13T17:46:20.979+0000] {processor.py:914} INFO - Processing file /root/venv/lib/python3.12/site-packages/airflow/example_dags/example_sensor_decorator.py for tasks to queue
[2025-03-13T17:46:20.982+0000] {logging_mixin.py:190} INFO - [2025-03-13T17:46:20.982+0000] {dagbag.py:588} INFO - Filling up the DagBag from /root/venv/lib/python3.12/site-packages/airflow/example_dags/example_sensor_decorator.py
[2025-03-13T17:46:20.994+0000] {processor.py:925} INFO - DAG(s) 'example_sensor_decorator' retrieved from /root/venv/lib/python3.12/site-packages/airflow/example_dags/example_sensor_decorator.py
[2025-03-13T17:46:21.015+0000] {logging_mixin.py:190} INFO - [2025-03-13T17:46:21.014+0000] {dag.py:3239} INFO - Sync 1 DAGs
[2025-03-13T17:46:21.029+0000] {logging_mixin.py:190} INFO - [2025-03-13T17:46:21.029+0000] {dag.py:4180} INFO - Setting next_dagrun for example_sensor_decorator to None, run_after=None
[2025-03-13T17:46:21.049+0000] {processor.py:208} INFO - Processing /root/venv/lib/python3.12/site-packages/airflow/example_dags/example_sensor_decorator.py took 0.079 seconds
[2025-03-13T17:47:21.990+0000] {processor.py:186} INFO - Started process (PID=1659957) to work on /root/venv/lib/python3.12/site-packages/airflow/example_dags/example_sensor_decorator.py
[2025-03-13T17:47:21.992+0000] {processor.py:914} INFO - Processing file /root/venv/lib/python3.12/site-packages/airflow/example_dags/example_sensor_decorator.py for tasks to queue
[2025-03-13T17:47:21.995+0000] {logging_mixin.py:190} INFO - [2025-03-13T17:47:21.994+0000] {dagbag.py:588} INFO - Filling up the DagBag from /root/venv/lib/python3.12/site-packages/airflow/example_dags/example_sensor_decorator.py
[2025-03-13T17:47:22.007+0000] {processor.py:925} INFO - DAG(s) 'example_sensor_decorator' retrieved from /root/venv/lib/python3.12/site-packages/airflow/example_dags/example_sensor_decorator.py
[2025-03-13T17:47:22.031+0000] {logging_mixin.py:190} INFO - [2025-03-13T17:47:22.031+0000] {dag.py:3239} INFO - Sync 1 DAGs
[2025-03-13T17:47:22.048+0000] {logging_mixin.py:190} INFO - [2025-03-13T17:47:22.048+0000] {dag.py:4180} INFO - Setting next_dagrun for example_sensor_decorator to None, run_after=None
[2025-03-13T17:47:22.072+0000] {processor.py:208} INFO - Processing /root/venv/lib/python3.12/site-packages/airflow/example_dags/example_sensor_decorator.py took 0.090 seconds
[2025-03-13T17:48:22.064+0000] {processor.py:186} INFO - Started process (PID=1660021) to work on /root/venv/lib/python3.12/site-packages/airflow/example_dags/example_sensor_decorator.py
[2025-03-13T17:48:22.065+0000] {processor.py:914} INFO - Processing file /root/venv/lib/python3.12/site-packages/airflow/example_dags/example_sensor_decorator.py for tasks to queue
[2025-03-13T17:48:22.068+0000] {logging_mixin.py:190} INFO - [2025-03-13T17:48:22.067+0000] {dagbag.py:588} INFO - Filling up the DagBag from /root/venv/lib/python3.12/site-packages/airflow/example_dags/example_sensor_decorator.py
[2025-03-13T17:48:22.079+0000] {processor.py:925} INFO - DAG(s) 'example_sensor_decorator' retrieved from /root/venv/lib/python3.12/site-packages/airflow/example_dags/example_sensor_decorator.py
[2025-03-13T17:48:22.099+0000] {logging_mixin.py:190} INFO - [2025-03-13T17:48:22.099+0000] {dag.py:3239} INFO - Sync 1 DAGs
[2025-03-13T17:48:22.114+0000] {logging_mixin.py:190} INFO - [2025-03-13T17:48:22.114+0000] {dag.py:4180} INFO - Setting next_dagrun for example_sensor_decorator to None, run_after=None
[2025-03-13T17:48:22.140+0000] {processor.py:208} INFO - Processing /root/venv/lib/python3.12/site-packages/airflow/example_dags/example_sensor_decorator.py took 0.084 seconds
[2025-03-13T17:49:24.896+0000] {processor.py:186} INFO - Started process (PID=1660084) to work on /root/venv/lib/python3.12/site-packages/airflow/example_dags/example_sensor_decorator.py
[2025-03-13T17:49:24.898+0000] {processor.py:914} INFO - Processing file /root/venv/lib/python3.12/site-packages/airflow/example_dags/example_sensor_decorator.py for tasks to queue
[2025-03-13T17:49:24.903+0000] {logging_mixin.py:190} INFO - [2025-03-13T17:49:24.902+0000] {dagbag.py:588} INFO - Filling up the DagBag from /root/venv/lib/python3.12/site-packages/airflow/example_dags/example_sensor_decorator.py
[2025-03-13T17:49:24.920+0000] {processor.py:925} INFO - DAG(s) 'example_sensor_decorator' retrieved from /root/venv/lib/python3.12/site-packages/airflow/example_dags/example_sensor_decorator.py
[2025-03-13T17:49:24.953+0000] {logging_mixin.py:190} INFO - [2025-03-13T17:49:24.952+0000] {dag.py:3239} INFO - Sync 1 DAGs
[2025-03-13T17:49:24.979+0000] {logging_mixin.py:190} INFO - [2025-03-13T17:49:24.978+0000] {dag.py:4180} INFO - Setting next_dagrun for example_sensor_decorator to None, run_after=None
[2025-03-13T17:49:25.018+0000] {processor.py:208} INFO - Processing /root/venv/lib/python3.12/site-packages/airflow/example_dags/example_sensor_decorator.py took 0.135 seconds
[2025-03-13T17:50:27.996+0000] {processor.py:186} INFO - Started process (PID=1660155) to work on /root/venv/lib/python3.12/site-packages/airflow/example_dags/example_sensor_decorator.py
[2025-03-13T17:50:27.999+0000] {processor.py:914} INFO - Processing file /root/venv/lib/python3.12/site-packages/airflow/example_dags/example_sensor_decorator.py for tasks to queue
[2025-03-13T17:50:28.004+0000] {logging_mixin.py:190} INFO - [2025-03-13T17:50:28.003+0000] {dagbag.py:588} INFO - Filling up the DagBag from /root/venv/lib/python3.12/site-packages/airflow/example_dags/example_sensor_decorator.py
[2025-03-13T17:50:28.022+0000] {processor.py:925} INFO - DAG(s) 'example_sensor_decorator' retrieved from /root/venv/lib/python3.12/site-packages/airflow/example_dags/example_sensor_decorator.py
[2025-03-13T17:50:28.053+0000] {logging_mixin.py:190} INFO - [2025-03-13T17:50:28.053+0000] {dag.py:3239} INFO - Sync 1 DAGs
[2025-03-13T17:50:28.077+0000] {logging_mixin.py:190} INFO - [2025-03-13T17:50:28.077+0000] {dag.py:4180} INFO - Setting next_dagrun for example_sensor_decorator to None, run_after=None
[2025-03-13T17:50:28.110+0000] {processor.py:208} INFO - Processing /root/venv/lib/python3.12/site-packages/airflow/example_dags/example_sensor_decorator.py took 0.122 seconds
[2025-03-13T17:51:31.717+0000] {processor.py:186} INFO - Started process (PID=1660215) to work on /root/venv/lib/python3.12/site-packages/airflow/example_dags/example_sensor_decorator.py
[2025-03-13T17:51:31.719+0000] {processor.py:914} INFO - Processing file /root/venv/lib/python3.12/site-packages/airflow/example_dags/example_sensor_decorator.py for tasks to queue
[2025-03-13T17:51:31.722+0000] {logging_mixin.py:190} INFO - [2025-03-13T17:51:31.722+0000] {dagbag.py:588} INFO - Filling up the DagBag from /root/venv/lib/python3.12/site-packages/airflow/example_dags/example_sensor_decorator.py
[2025-03-13T17:51:31.733+0000] {processor.py:925} INFO - DAG(s) 'example_sensor_decorator' retrieved from /root/venv/lib/python3.12/site-packages/airflow/example_dags/example_sensor_decorator.py
[2025-03-13T17:51:31.753+0000] {logging_mixin.py:190} INFO - [2025-03-13T17:51:31.753+0000] {dag.py:3239} INFO - Sync 1 DAGs
[2025-03-13T17:51:31.769+0000] {logging_mixin.py:190} INFO - [2025-03-13T17:51:31.769+0000] {dag.py:4180} INFO - Setting next_dagrun for example_sensor_decorator to None, run_after=None
[2025-03-13T17:51:31.791+0000] {processor.py:208} INFO - Processing /root/venv/lib/python3.12/site-packages/airflow/example_dags/example_sensor_decorator.py took 0.082 seconds
[2025-03-13T17:52:34.519+0000] {processor.py:186} INFO - Started process (PID=1660280) to work on /root/venv/lib/python3.12/site-packages/airflow/example_dags/example_sensor_decorator.py
[2025-03-13T17:52:34.522+0000] {processor.py:914} INFO - Processing file /root/venv/lib/python3.12/site-packages/airflow/example_dags/example_sensor_decorator.py for tasks to queue
[2025-03-13T17:52:34.525+0000] {logging_mixin.py:190} INFO - [2025-03-13T17:52:34.524+0000] {dagbag.py:588} INFO - Filling up the DagBag from /root/venv/lib/python3.12/site-packages/airflow/example_dags/example_sensor_decorator.py
[2025-03-13T17:52:34.537+0000] {processor.py:925} INFO - DAG(s) 'example_sensor_decorator' retrieved from /root/venv/lib/python3.12/site-packages/airflow/example_dags/example_sensor_decorator.py
[2025-03-13T17:52:34.559+0000] {logging_mixin.py:190} INFO - [2025-03-13T17:52:34.558+0000] {dag.py:3239} INFO - Sync 1 DAGs
[2025-03-13T17:52:34.577+0000] {logging_mixin.py:190} INFO - [2025-03-13T17:52:34.577+0000] {dag.py:4180} INFO - Setting next_dagrun for example_sensor_decorator to None, run_after=None
[2025-03-13T17:52:34.606+0000] {processor.py:208} INFO - Processing /root/venv/lib/python3.12/site-packages/airflow/example_dags/example_sensor_decorator.py took 0.098 seconds
[2025-03-13T17:53:37.582+0000] {processor.py:186} INFO - Started process (PID=1660344) to work on /root/venv/lib/python3.12/site-packages/airflow/example_dags/example_sensor_decorator.py
[2025-03-13T17:53:37.583+0000] {processor.py:914} INFO - Processing file /root/venv/lib/python3.12/site-packages/airflow/example_dags/example_sensor_decorator.py for tasks to queue
[2025-03-13T17:53:37.587+0000] {logging_mixin.py:190} INFO - [2025-03-13T17:53:37.586+0000] {dagbag.py:588} INFO - Filling up the DagBag from /root/venv/lib/python3.12/site-packages/airflow/example_dags/example_sensor_decorator.py
[2025-03-13T17:53:37.601+0000] {processor.py:925} INFO - DAG(s) 'example_sensor_decorator' retrieved from /root/venv/lib/python3.12/site-packages/airflow/example_dags/example_sensor_decorator.py
[2025-03-13T17:53:37.623+0000] {logging_mixin.py:190} INFO - [2025-03-13T17:53:37.622+0000] {dag.py:3239} INFO - Sync 1 DAGs
[2025-03-13T17:53:37.640+0000] {logging_mixin.py:190} INFO - [2025-03-13T17:53:37.639+0000] {dag.py:4180} INFO - Setting next_dagrun for example_sensor_decorator to None, run_after=None
[2025-03-13T17:53:37.663+0000] {processor.py:208} INFO - Processing /root/venv/lib/python3.12/site-packages/airflow/example_dags/example_sensor_decorator.py took 0.089 seconds
[2025-03-13T17:54:39.839+0000] {processor.py:186} INFO - Started process (PID=1660405) to work on /root/venv/lib/python3.12/site-packages/airflow/example_dags/example_sensor_decorator.py
[2025-03-13T17:54:39.841+0000] {processor.py:914} INFO - Processing file /root/venv/lib/python3.12/site-packages/airflow/example_dags/example_sensor_decorator.py for tasks to queue
[2025-03-13T17:54:39.845+0000] {logging_mixin.py:190} INFO - [2025-03-13T17:54:39.844+0000] {dagbag.py:588} INFO - Filling up the DagBag from /root/venv/lib/python3.12/site-packages/airflow/example_dags/example_sensor_decorator.py
[2025-03-13T17:54:39.859+0000] {processor.py:925} INFO - DAG(s) 'example_sensor_decorator' retrieved from /root/venv/lib/python3.12/site-packages/airflow/example_dags/example_sensor_decorator.py
[2025-03-13T17:54:39.884+0000] {logging_mixin.py:190} INFO - [2025-03-13T17:54:39.883+0000] {dag.py:3239} INFO - Sync 1 DAGs
[2025-03-13T17:54:39.904+0000] {logging_mixin.py:190} INFO - [2025-03-13T17:54:39.903+0000] {dag.py:4180} INFO - Setting next_dagrun for example_sensor_decorator to None, run_after=None
[2025-03-13T17:54:39.932+0000] {processor.py:208} INFO - Processing /root/venv/lib/python3.12/site-packages/airflow/example_dags/example_sensor_decorator.py took 0.104 seconds
[2025-03-13T17:55:56.656+0000] {processor.py:186} INFO - Started process (PID=1660497) to work on /root/venv/lib/python3.12/site-packages/airflow/example_dags/example_sensor_decorator.py
[2025-03-13T17:55:56.657+0000] {processor.py:914} INFO - Processing file /root/venv/lib/python3.12/site-packages/airflow/example_dags/example_sensor_decorator.py for tasks to queue
[2025-03-13T17:55:56.660+0000] {logging_mixin.py:190} INFO - [2025-03-13T17:55:56.660+0000] {dagbag.py:588} INFO - Filling up the DagBag from /root/venv/lib/python3.12/site-packages/airflow/example_dags/example_sensor_decorator.py
[2025-03-13T17:55:56.671+0000] {processor.py:925} INFO - DAG(s) 'example_sensor_decorator' retrieved from /root/venv/lib/python3.12/site-packages/airflow/example_dags/example_sensor_decorator.py
[2025-03-13T17:55:56.693+0000] {logging_mixin.py:190} INFO - [2025-03-13T17:55:56.693+0000] {dag.py:3239} INFO - Sync 1 DAGs
[2025-03-13T17:55:56.707+0000] {logging_mixin.py:190} INFO - [2025-03-13T17:55:56.707+0000] {dag.py:4180} INFO - Setting next_dagrun for example_sensor_decorator to None, run_after=None
[2025-03-13T17:55:56.736+0000] {processor.py:208} INFO - Processing /root/venv/lib/python3.12/site-packages/airflow/example_dags/example_sensor_decorator.py took 0.087 seconds
[2025-03-13T17:56:49.297+0000] {processor.py:186} INFO - Started process (PID=1660565) to work on /root/venv/lib/python3.12/site-packages/airflow/example_dags/example_sensor_decorator.py
[2025-03-13T17:56:49.298+0000] {processor.py:914} INFO - Processing file /root/venv/lib/python3.12/site-packages/airflow/example_dags/example_sensor_decorator.py for tasks to queue
[2025-03-13T17:56:49.302+0000] {logging_mixin.py:190} INFO - [2025-03-13T17:56:49.301+0000] {dagbag.py:588} INFO - Filling up the DagBag from /root/venv/lib/python3.12/site-packages/airflow/example_dags/example_sensor_decorator.py
[2025-03-13T17:56:49.315+0000] {processor.py:925} INFO - DAG(s) 'example_sensor_decorator' retrieved from /root/venv/lib/python3.12/site-packages/airflow/example_dags/example_sensor_decorator.py
[2025-03-13T17:56:49.341+0000] {logging_mixin.py:190} INFO - [2025-03-13T17:56:49.340+0000] {dag.py:3239} INFO - Sync 1 DAGs
[2025-03-13T17:56:49.354+0000] {logging_mixin.py:190} INFO - [2025-03-13T17:56:49.354+0000] {dag.py:4180} INFO - Setting next_dagrun for example_sensor_decorator to None, run_after=None
[2025-03-13T17:56:49.380+0000] {processor.py:208} INFO - Processing /root/venv/lib/python3.12/site-packages/airflow/example_dags/example_sensor_decorator.py took 0.090 seconds
[2025-03-13T17:57:49.130+0000] {processor.py:186} INFO - Started process (PID=1660630) to work on /root/venv/lib/python3.12/site-packages/airflow/example_dags/example_sensor_decorator.py
[2025-03-13T17:57:49.132+0000] {processor.py:914} INFO - Processing file /root/venv/lib/python3.12/site-packages/airflow/example_dags/example_sensor_decorator.py for tasks to queue
[2025-03-13T17:57:49.135+0000] {logging_mixin.py:190} INFO - [2025-03-13T17:57:49.134+0000] {dagbag.py:588} INFO - Filling up the DagBag from /root/venv/lib/python3.12/site-packages/airflow/example_dags/example_sensor_decorator.py
[2025-03-13T17:57:49.145+0000] {processor.py:925} INFO - DAG(s) 'example_sensor_decorator' retrieved from /root/venv/lib/python3.12/site-packages/airflow/example_dags/example_sensor_decorator.py
[2025-03-13T17:57:49.172+0000] {logging_mixin.py:190} INFO - [2025-03-13T17:57:49.171+0000] {dag.py:3239} INFO - Sync 1 DAGs
[2025-03-13T17:57:49.193+0000] {logging_mixin.py:190} INFO - [2025-03-13T17:57:49.193+0000] {dag.py:4180} INFO - Setting next_dagrun for example_sensor_decorator to None, run_after=None
[2025-03-13T17:57:49.225+0000] {processor.py:208} INFO - Processing /root/venv/lib/python3.12/site-packages/airflow/example_dags/example_sensor_decorator.py took 0.102 seconds
[2025-03-13T17:58:47.355+0000] {processor.py:186} INFO - Started process (PID=1660699) to work on /root/venv/lib/python3.12/site-packages/airflow/example_dags/example_sensor_decorator.py
[2025-03-13T17:58:47.356+0000] {processor.py:914} INFO - Processing file /root/venv/lib/python3.12/site-packages/airflow/example_dags/example_sensor_decorator.py for tasks to queue
[2025-03-13T17:58:47.359+0000] {logging_mixin.py:190} INFO - [2025-03-13T17:58:47.359+0000] {dagbag.py:588} INFO - Filling up the DagBag from /root/venv/lib/python3.12/site-packages/airflow/example_dags/example_sensor_decorator.py
[2025-03-13T17:58:47.370+0000] {processor.py:925} INFO - DAG(s) 'example_sensor_decorator' retrieved from /root/venv/lib/python3.12/site-packages/airflow/example_dags/example_sensor_decorator.py
[2025-03-13T17:58:47.388+0000] {logging_mixin.py:190} INFO - [2025-03-13T17:58:47.387+0000] {dag.py:3239} INFO - Sync 1 DAGs
[2025-03-13T17:58:47.401+0000] {logging_mixin.py:190} INFO - [2025-03-13T17:58:47.401+0000] {dag.py:4180} INFO - Setting next_dagrun for example_sensor_decorator to None, run_after=None
[2025-03-13T17:58:47.421+0000] {processor.py:208} INFO - Processing /root/venv/lib/python3.12/site-packages/airflow/example_dags/example_sensor_decorator.py took 0.073 seconds
[2025-03-13T17:59:46.595+0000] {processor.py:186} INFO - Started process (PID=1660758) to work on /root/venv/lib/python3.12/site-packages/airflow/example_dags/example_sensor_decorator.py
[2025-03-13T17:59:46.598+0000] {processor.py:914} INFO - Processing file /root/venv/lib/python3.12/site-packages/airflow/example_dags/example_sensor_decorator.py for tasks to queue
[2025-03-13T17:59:46.602+0000] {logging_mixin.py:190} INFO - [2025-03-13T17:59:46.601+0000] {dagbag.py:588} INFO - Filling up the DagBag from /root/venv/lib/python3.12/site-packages/airflow/example_dags/example_sensor_decorator.py
[2025-03-13T17:59:46.613+0000] {processor.py:925} INFO - DAG(s) 'example_sensor_decorator' retrieved from /root/venv/lib/python3.12/site-packages/airflow/example_dags/example_sensor_decorator.py
[2025-03-13T17:59:46.631+0000] {logging_mixin.py:190} INFO - [2025-03-13T17:59:46.631+0000] {dag.py:3239} INFO - Sync 1 DAGs
[2025-03-13T17:59:46.646+0000] {logging_mixin.py:190} INFO - [2025-03-13T17:59:46.646+0000] {dag.py:4180} INFO - Setting next_dagrun for example_sensor_decorator to None, run_after=None
[2025-03-13T17:59:46.671+0000] {processor.py:208} INFO - Processing /root/venv/lib/python3.12/site-packages/airflow/example_dags/example_sensor_decorator.py took 0.084 seconds
[2025-03-13T18:01:12.980+0000] {processor.py:186} INFO - Started process (PID=1660853) to work on /root/venv/lib/python3.12/site-packages/airflow/example_dags/example_sensor_decorator.py
[2025-03-13T18:01:12.982+0000] {processor.py:914} INFO - Processing file /root/venv/lib/python3.12/site-packages/airflow/example_dags/example_sensor_decorator.py for tasks to queue
[2025-03-13T18:01:12.986+0000] {logging_mixin.py:190} INFO - [2025-03-13T18:01:12.986+0000] {dagbag.py:588} INFO - Filling up the DagBag from /root/venv/lib/python3.12/site-packages/airflow/example_dags/example_sensor_decorator.py
[2025-03-13T18:01:13.000+0000] {processor.py:925} INFO - DAG(s) 'example_sensor_decorator' retrieved from /root/venv/lib/python3.12/site-packages/airflow/example_dags/example_sensor_decorator.py
[2025-03-13T18:01:13.028+0000] {logging_mixin.py:190} INFO - [2025-03-13T18:01:13.028+0000] {dag.py:3239} INFO - Sync 1 DAGs
[2025-03-13T18:01:13.049+0000] {logging_mixin.py:190} INFO - [2025-03-13T18:01:13.049+0000] {dag.py:4180} INFO - Setting next_dagrun for example_sensor_decorator to None, run_after=None
[2025-03-13T18:01:13.084+0000] {processor.py:208} INFO - Processing /root/venv/lib/python3.12/site-packages/airflow/example_dags/example_sensor_decorator.py took 0.112 seconds
[2025-03-13T18:02:21.631+0000] {processor.py:186} INFO - Started process (PID=1660935) to work on /root/venv/lib/python3.12/site-packages/airflow/example_dags/example_sensor_decorator.py
[2025-03-13T18:02:21.632+0000] {processor.py:914} INFO - Processing file /root/venv/lib/python3.12/site-packages/airflow/example_dags/example_sensor_decorator.py for tasks to queue
[2025-03-13T18:02:21.635+0000] {logging_mixin.py:190} INFO - [2025-03-13T18:02:21.635+0000] {dagbag.py:588} INFO - Filling up the DagBag from /root/venv/lib/python3.12/site-packages/airflow/example_dags/example_sensor_decorator.py
[2025-03-13T18:02:21.646+0000] {processor.py:925} INFO - DAG(s) 'example_sensor_decorator' retrieved from /root/venv/lib/python3.12/site-packages/airflow/example_dags/example_sensor_decorator.py
[2025-03-13T18:02:21.665+0000] {logging_mixin.py:190} INFO - [2025-03-13T18:02:21.664+0000] {dag.py:3239} INFO - Sync 1 DAGs
[2025-03-13T18:02:21.678+0000] {logging_mixin.py:190} INFO - [2025-03-13T18:02:21.678+0000] {dag.py:4180} INFO - Setting next_dagrun for example_sensor_decorator to None, run_after=None
[2025-03-13T18:02:21.701+0000] {processor.py:208} INFO - Processing /root/venv/lib/python3.12/site-packages/airflow/example_dags/example_sensor_decorator.py took 0.077 seconds
[2025-03-13T18:03:23.161+0000] {processor.py:186} INFO - Started process (PID=1661001) to work on /root/venv/lib/python3.12/site-packages/airflow/example_dags/example_sensor_decorator.py
[2025-03-13T18:03:23.163+0000] {processor.py:914} INFO - Processing file /root/venv/lib/python3.12/site-packages/airflow/example_dags/example_sensor_decorator.py for tasks to queue
[2025-03-13T18:03:23.165+0000] {logging_mixin.py:190} INFO - [2025-03-13T18:03:23.165+0000] {dagbag.py:588} INFO - Filling up the DagBag from /root/venv/lib/python3.12/site-packages/airflow/example_dags/example_sensor_decorator.py
[2025-03-13T18:03:23.177+0000] {processor.py:925} INFO - DAG(s) 'example_sensor_decorator' retrieved from /root/venv/lib/python3.12/site-packages/airflow/example_dags/example_sensor_decorator.py
[2025-03-13T18:03:23.196+0000] {logging_mixin.py:190} INFO - [2025-03-13T18:03:23.196+0000] {dag.py:3239} INFO - Sync 1 DAGs
[2025-03-13T18:03:23.210+0000] {logging_mixin.py:190} INFO - [2025-03-13T18:03:23.209+0000] {dag.py:4180} INFO - Setting next_dagrun for example_sensor_decorator to None, run_after=None
[2025-03-13T18:03:23.231+0000] {processor.py:208} INFO - Processing /root/venv/lib/python3.12/site-packages/airflow/example_dags/example_sensor_decorator.py took 0.080 seconds
[2025-03-13T18:04:36.117+0000] {processor.py:186} INFO - Started process (PID=1661067) to work on /root/venv/lib/python3.12/site-packages/airflow/example_dags/example_sensor_decorator.py
[2025-03-13T18:04:36.120+0000] {processor.py:914} INFO - Processing file /root/venv/lib/python3.12/site-packages/airflow/example_dags/example_sensor_decorator.py for tasks to queue
[2025-03-13T18:04:36.124+0000] {logging_mixin.py:190} INFO - [2025-03-13T18:04:36.123+0000] {dagbag.py:588} INFO - Filling up the DagBag from /root/venv/lib/python3.12/site-packages/airflow/example_dags/example_sensor_decorator.py
[2025-03-13T18:04:36.142+0000] {processor.py:925} INFO - DAG(s) 'example_sensor_decorator' retrieved from /root/venv/lib/python3.12/site-packages/airflow/example_dags/example_sensor_decorator.py
[2025-03-13T18:04:36.400+0000] {logging_mixin.py:190} INFO - [2025-03-13T18:04:36.400+0000] {dag.py:3239} INFO - Sync 1 DAGs
[2025-03-13T18:04:36.420+0000] {logging_mixin.py:190} INFO - [2025-03-13T18:04:36.420+0000] {dag.py:4180} INFO - Setting next_dagrun for example_sensor_decorator to None, run_after=None
[2025-03-13T18:04:36.450+0000] {processor.py:208} INFO - Processing /root/venv/lib/python3.12/site-packages/airflow/example_dags/example_sensor_decorator.py took 0.344 seconds
[2025-03-13T18:05:50.144+0000] {processor.py:186} INFO - Started process (PID=1661142) to work on /root/venv/lib/python3.12/site-packages/airflow/example_dags/example_sensor_decorator.py
[2025-03-13T18:05:50.146+0000] {processor.py:914} INFO - Processing file /root/venv/lib/python3.12/site-packages/airflow/example_dags/example_sensor_decorator.py for tasks to queue
[2025-03-13T18:05:50.151+0000] {logging_mixin.py:190} INFO - [2025-03-13T18:05:50.150+0000] {dagbag.py:588} INFO - Filling up the DagBag from /root/venv/lib/python3.12/site-packages/airflow/example_dags/example_sensor_decorator.py
[2025-03-13T18:05:50.163+0000] {processor.py:925} INFO - DAG(s) 'example_sensor_decorator' retrieved from /root/venv/lib/python3.12/site-packages/airflow/example_dags/example_sensor_decorator.py
[2025-03-13T18:05:50.186+0000] {logging_mixin.py:190} INFO - [2025-03-13T18:05:50.185+0000] {dag.py:3239} INFO - Sync 1 DAGs
[2025-03-13T18:05:50.202+0000] {logging_mixin.py:190} INFO - [2025-03-13T18:05:50.202+0000] {dag.py:4180} INFO - Setting next_dagrun for example_sensor_decorator to None, run_after=None
[2025-03-13T18:05:50.226+0000] {processor.py:208} INFO - Processing /root/venv/lib/python3.12/site-packages/airflow/example_dags/example_sensor_decorator.py took 0.090 seconds
[2025-03-13T18:06:57.073+0000] {processor.py:186} INFO - Started process (PID=1661212) to work on /root/venv/lib/python3.12/site-packages/airflow/example_dags/example_sensor_decorator.py
[2025-03-13T18:06:57.076+0000] {processor.py:914} INFO - Processing file /root/venv/lib/python3.12/site-packages/airflow/example_dags/example_sensor_decorator.py for tasks to queue
[2025-03-13T18:06:57.081+0000] {logging_mixin.py:190} INFO - [2025-03-13T18:06:57.081+0000] {dagbag.py:588} INFO - Filling up the DagBag from /root/venv/lib/python3.12/site-packages/airflow/example_dags/example_sensor_decorator.py
[2025-03-13T18:06:57.095+0000] {processor.py:925} INFO - DAG(s) 'example_sensor_decorator' retrieved from /root/venv/lib/python3.12/site-packages/airflow/example_dags/example_sensor_decorator.py
[2025-03-13T18:06:57.119+0000] {logging_mixin.py:190} INFO - [2025-03-13T18:06:57.118+0000] {dag.py:3239} INFO - Sync 1 DAGs
[2025-03-13T18:06:57.137+0000] {logging_mixin.py:190} INFO - [2025-03-13T18:06:57.137+0000] {dag.py:4180} INFO - Setting next_dagrun for example_sensor_decorator to None, run_after=None
[2025-03-13T18:06:57.166+0000] {processor.py:208} INFO - Processing /root/venv/lib/python3.12/site-packages/airflow/example_dags/example_sensor_decorator.py took 0.102 seconds
[2025-03-13T18:08:06.073+0000] {processor.py:186} INFO - Started process (PID=1661296) to work on /root/venv/lib/python3.12/site-packages/airflow/example_dags/example_sensor_decorator.py
[2025-03-13T18:08:06.075+0000] {processor.py:914} INFO - Processing file /root/venv/lib/python3.12/site-packages/airflow/example_dags/example_sensor_decorator.py for tasks to queue
[2025-03-13T18:08:06.080+0000] {logging_mixin.py:190} INFO - [2025-03-13T18:08:06.079+0000] {dagbag.py:588} INFO - Filling up the DagBag from /root/venv/lib/python3.12/site-packages/airflow/example_dags/example_sensor_decorator.py
[2025-03-13T18:08:06.096+0000] {processor.py:925} INFO - DAG(s) 'example_sensor_decorator' retrieved from /root/venv/lib/python3.12/site-packages/airflow/example_dags/example_sensor_decorator.py
[2025-03-13T18:08:06.125+0000] {logging_mixin.py:190} INFO - [2025-03-13T18:08:06.125+0000] {dag.py:3239} INFO - Sync 1 DAGs
[2025-03-13T18:08:06.145+0000] {logging_mixin.py:190} INFO - [2025-03-13T18:08:06.145+0000] {dag.py:4180} INFO - Setting next_dagrun for example_sensor_decorator to None, run_after=None
[2025-03-13T18:08:06.178+0000] {processor.py:208} INFO - Processing /root/venv/lib/python3.12/site-packages/airflow/example_dags/example_sensor_decorator.py took 0.113 seconds
[2025-03-13T18:09:12.141+0000] {processor.py:186} INFO - Started process (PID=1661366) to work on /root/venv/lib/python3.12/site-packages/airflow/example_dags/example_sensor_decorator.py
[2025-03-13T18:09:12.142+0000] {processor.py:914} INFO - Processing file /root/venv/lib/python3.12/site-packages/airflow/example_dags/example_sensor_decorator.py for tasks to queue
[2025-03-13T18:09:12.145+0000] {logging_mixin.py:190} INFO - [2025-03-13T18:09:12.145+0000] {dagbag.py:588} INFO - Filling up the DagBag from /root/venv/lib/python3.12/site-packages/airflow/example_dags/example_sensor_decorator.py
[2025-03-13T18:09:12.156+0000] {processor.py:925} INFO - DAG(s) 'example_sensor_decorator' retrieved from /root/venv/lib/python3.12/site-packages/airflow/example_dags/example_sensor_decorator.py
[2025-03-13T18:09:12.176+0000] {logging_mixin.py:190} INFO - [2025-03-13T18:09:12.175+0000] {dag.py:3239} INFO - Sync 1 DAGs
[2025-03-13T18:09:12.193+0000] {logging_mixin.py:190} INFO - [2025-03-13T18:09:12.192+0000] {dag.py:4180} INFO - Setting next_dagrun for example_sensor_decorator to None, run_after=None
[2025-03-13T18:09:12.221+0000] {processor.py:208} INFO - Processing /root/venv/lib/python3.12/site-packages/airflow/example_dags/example_sensor_decorator.py took 0.088 seconds
[2025-03-13T18:10:11.884+0000] {processor.py:186} INFO - Started process (PID=1661433) to work on /root/venv/lib/python3.12/site-packages/airflow/example_dags/example_sensor_decorator.py
[2025-03-13T18:10:11.887+0000] {processor.py:914} INFO - Processing file /root/venv/lib/python3.12/site-packages/airflow/example_dags/example_sensor_decorator.py for tasks to queue
[2025-03-13T18:10:11.891+0000] {logging_mixin.py:190} INFO - [2025-03-13T18:10:11.890+0000] {dagbag.py:588} INFO - Filling up the DagBag from /root/venv/lib/python3.12/site-packages/airflow/example_dags/example_sensor_decorator.py
[2025-03-13T18:10:11.906+0000] {processor.py:925} INFO - DAG(s) 'example_sensor_decorator' retrieved from /root/venv/lib/python3.12/site-packages/airflow/example_dags/example_sensor_decorator.py
[2025-03-13T18:10:11.929+0000] {logging_mixin.py:190} INFO - [2025-03-13T18:10:11.929+0000] {dag.py:3239} INFO - Sync 1 DAGs
[2025-03-13T18:10:11.948+0000] {logging_mixin.py:190} INFO - [2025-03-13T18:10:11.947+0000] {dag.py:4180} INFO - Setting next_dagrun for example_sensor_decorator to None, run_after=None
[2025-03-13T18:10:11.983+0000] {processor.py:208} INFO - Processing /root/venv/lib/python3.12/site-packages/airflow/example_dags/example_sensor_decorator.py took 0.111 seconds
[2025-03-13T18:11:19.301+0000] {processor.py:186} INFO - Started process (PID=1661500) to work on /root/venv/lib/python3.12/site-packages/airflow/example_dags/example_sensor_decorator.py
[2025-03-13T18:11:19.303+0000] {processor.py:914} INFO - Processing file /root/venv/lib/python3.12/site-packages/airflow/example_dags/example_sensor_decorator.py for tasks to queue
[2025-03-13T18:11:19.306+0000] {logging_mixin.py:190} INFO - [2025-03-13T18:11:19.305+0000] {dagbag.py:588} INFO - Filling up the DagBag from /root/venv/lib/python3.12/site-packages/airflow/example_dags/example_sensor_decorator.py
[2025-03-13T18:11:19.316+0000] {processor.py:925} INFO - DAG(s) 'example_sensor_decorator' retrieved from /root/venv/lib/python3.12/site-packages/airflow/example_dags/example_sensor_decorator.py
[2025-03-13T18:11:19.335+0000] {logging_mixin.py:190} INFO - [2025-03-13T18:11:19.335+0000] {dag.py:3239} INFO - Sync 1 DAGs
[2025-03-13T18:11:19.350+0000] {logging_mixin.py:190} INFO - [2025-03-13T18:11:19.349+0000] {dag.py:4180} INFO - Setting next_dagrun for example_sensor_decorator to None, run_after=None
[2025-03-13T18:11:19.370+0000] {processor.py:208} INFO - Processing /root/venv/lib/python3.12/site-packages/airflow/example_dags/example_sensor_decorator.py took 0.076 seconds
[2025-03-13T18:12:25.988+0000] {processor.py:186} INFO - Started process (PID=1661566) to work on /root/venv/lib/python3.12/site-packages/airflow/example_dags/example_sensor_decorator.py
[2025-03-13T18:12:25.990+0000] {processor.py:914} INFO - Processing file /root/venv/lib/python3.12/site-packages/airflow/example_dags/example_sensor_decorator.py for tasks to queue
[2025-03-13T18:12:25.992+0000] {logging_mixin.py:190} INFO - [2025-03-13T18:12:25.991+0000] {dagbag.py:588} INFO - Filling up the DagBag from /root/venv/lib/python3.12/site-packages/airflow/example_dags/example_sensor_decorator.py
[2025-03-13T18:12:26.007+0000] {processor.py:925} INFO - DAG(s) 'example_sensor_decorator' retrieved from /root/venv/lib/python3.12/site-packages/airflow/example_dags/example_sensor_decorator.py
[2025-03-13T18:12:26.028+0000] {logging_mixin.py:190} INFO - [2025-03-13T18:12:26.027+0000] {dag.py:3239} INFO - Sync 1 DAGs
[2025-03-13T18:12:26.044+0000] {logging_mixin.py:190} INFO - [2025-03-13T18:12:26.044+0000] {dag.py:4180} INFO - Setting next_dagrun for example_sensor_decorator to None, run_after=None
[2025-03-13T18:12:26.068+0000] {processor.py:208} INFO - Processing /root/venv/lib/python3.12/site-packages/airflow/example_dags/example_sensor_decorator.py took 0.092 seconds
[2025-03-13T18:13:32.377+0000] {processor.py:186} INFO - Started process (PID=1661647) to work on /root/venv/lib/python3.12/site-packages/airflow/example_dags/example_sensor_decorator.py
[2025-03-13T18:13:32.379+0000] {processor.py:914} INFO - Processing file /root/venv/lib/python3.12/site-packages/airflow/example_dags/example_sensor_decorator.py for tasks to queue
[2025-03-13T18:13:32.381+0000] {logging_mixin.py:190} INFO - [2025-03-13T18:13:32.380+0000] {dagbag.py:588} INFO - Filling up the DagBag from /root/venv/lib/python3.12/site-packages/airflow/example_dags/example_sensor_decorator.py
[2025-03-13T18:13:32.394+0000] {processor.py:925} INFO - DAG(s) 'example_sensor_decorator' retrieved from /root/venv/lib/python3.12/site-packages/airflow/example_dags/example_sensor_decorator.py
[2025-03-13T18:13:32.417+0000] {logging_mixin.py:190} INFO - [2025-03-13T18:13:32.416+0000] {dag.py:3239} INFO - Sync 1 DAGs
[2025-03-13T18:13:32.434+0000] {logging_mixin.py:190} INFO - [2025-03-13T18:13:32.434+0000] {dag.py:4180} INFO - Setting next_dagrun for example_sensor_decorator to None, run_after=None
[2025-03-13T18:13:32.460+0000] {processor.py:208} INFO - Processing /root/venv/lib/python3.12/site-packages/airflow/example_dags/example_sensor_decorator.py took 0.094 seconds
[2025-03-13T18:14:40.620+0000] {processor.py:186} INFO - Started process (PID=1661721) to work on /root/venv/lib/python3.12/site-packages/airflow/example_dags/example_sensor_decorator.py
[2025-03-13T18:14:40.622+0000] {processor.py:914} INFO - Processing file /root/venv/lib/python3.12/site-packages/airflow/example_dags/example_sensor_decorator.py for tasks to queue
[2025-03-13T18:14:40.624+0000] {logging_mixin.py:190} INFO - [2025-03-13T18:14:40.623+0000] {dagbag.py:588} INFO - Filling up the DagBag from /root/venv/lib/python3.12/site-packages/airflow/example_dags/example_sensor_decorator.py
[2025-03-13T18:14:40.640+0000] {processor.py:925} INFO - DAG(s) 'example_sensor_decorator' retrieved from /root/venv/lib/python3.12/site-packages/airflow/example_dags/example_sensor_decorator.py
[2025-03-13T18:14:40.667+0000] {logging_mixin.py:190} INFO - [2025-03-13T18:14:40.666+0000] {dag.py:3239} INFO - Sync 1 DAGs
[2025-03-13T18:14:40.688+0000] {logging_mixin.py:190} INFO - [2025-03-13T18:14:40.687+0000] {dag.py:4180} INFO - Setting next_dagrun for example_sensor_decorator to None, run_after=None
[2025-03-13T18:14:40.716+0000] {processor.py:208} INFO - Processing /root/venv/lib/python3.12/site-packages/airflow/example_dags/example_sensor_decorator.py took 0.107 seconds
[2025-03-13T18:15:49.027+0000] {processor.py:186} INFO - Started process (PID=1661796) to work on /root/venv/lib/python3.12/site-packages/airflow/example_dags/example_sensor_decorator.py
[2025-03-13T18:15:49.029+0000] {processor.py:914} INFO - Processing file /root/venv/lib/python3.12/site-packages/airflow/example_dags/example_sensor_decorator.py for tasks to queue
[2025-03-13T18:15:49.031+0000] {logging_mixin.py:190} INFO - [2025-03-13T18:15:49.031+0000] {dagbag.py:588} INFO - Filling up the DagBag from /root/venv/lib/python3.12/site-packages/airflow/example_dags/example_sensor_decorator.py
[2025-03-13T18:15:49.045+0000] {processor.py:925} INFO - DAG(s) 'example_sensor_decorator' retrieved from /root/venv/lib/python3.12/site-packages/airflow/example_dags/example_sensor_decorator.py
[2025-03-13T18:15:49.068+0000] {logging_mixin.py:190} INFO - [2025-03-13T18:15:49.068+0000] {dag.py:3239} INFO - Sync 1 DAGs
[2025-03-13T18:15:49.087+0000] {logging_mixin.py:190} INFO - [2025-03-13T18:15:49.087+0000] {dag.py:4180} INFO - Setting next_dagrun for example_sensor_decorator to None, run_after=None
[2025-03-13T18:15:49.115+0000] {processor.py:208} INFO - Processing /root/venv/lib/python3.12/site-packages/airflow/example_dags/example_sensor_decorator.py took 0.096 seconds
[2025-03-13T19:39:26.742+0000] {processor.py:186} INFO - Started process (PID=1662389) to work on /root/venv/lib/python3.12/site-packages/airflow/example_dags/example_sensor_decorator.py
[2025-03-13T19:39:26.743+0000] {processor.py:914} INFO - Processing file /root/venv/lib/python3.12/site-packages/airflow/example_dags/example_sensor_decorator.py for tasks to queue
[2025-03-13T19:39:26.747+0000] {logging_mixin.py:190} INFO - [2025-03-13T19:39:26.746+0000] {dagbag.py:588} INFO - Filling up the DagBag from /root/venv/lib/python3.12/site-packages/airflow/example_dags/example_sensor_decorator.py
[2025-03-13T19:39:26.757+0000] {processor.py:925} INFO - DAG(s) 'example_sensor_decorator' retrieved from /root/venv/lib/python3.12/site-packages/airflow/example_dags/example_sensor_decorator.py
[2025-03-13T19:39:26.780+0000] {logging_mixin.py:190} INFO - [2025-03-13T19:39:26.780+0000] {dag.py:3239} INFO - Sync 1 DAGs
[2025-03-13T19:39:26.795+0000] {logging_mixin.py:190} INFO - [2025-03-13T19:39:26.795+0000] {dag.py:4180} INFO - Setting next_dagrun for example_sensor_decorator to None, run_after=None
[2025-03-13T19:39:26.824+0000] {processor.py:208} INFO - Processing /root/venv/lib/python3.12/site-packages/airflow/example_dags/example_sensor_decorator.py took 0.088 seconds
