[2025-03-13T17:31:41.083+0000] {processor.py:186} INFO - Started process (PID=1658892) to work on /root/venv/lib/python3.12/site-packages/airflow/example_dags/example_branch_operator.py
[2025-03-13T17:31:41.084+0000] {processor.py:914} INFO - Processing file /root/venv/lib/python3.12/site-packages/airflow/example_dags/example_branch_operator.py for tasks to queue
[2025-03-13T17:31:41.087+0000] {logging_mixin.py:190} INFO - [2025-03-13T17:31:41.086+0000] {dagbag.py:588} INFO - Filling up the DagBag from /root/venv/lib/python3.12/site-packages/airflow/example_dags/example_branch_operator.py
[2025-03-13T17:31:41.091+0000] {processor.py:927} WARNING - No viable dags retrieved from /root/venv/lib/python3.12/site-packages/airflow/example_dags/example_branch_operator.py
[2025-03-13T17:31:41.106+0000] {processor.py:208} INFO - Processing /root/venv/lib/python3.12/site-packages/airflow/example_dags/example_branch_operator.py took 0.030 seconds
[2025-03-13T17:32:44.921+0000] {processor.py:186} INFO - Started process (PID=1658957) to work on /root/venv/lib/python3.12/site-packages/airflow/example_dags/example_branch_operator.py
[2025-03-13T17:32:44.922+0000] {processor.py:914} INFO - Processing file /root/venv/lib/python3.12/site-packages/airflow/example_dags/example_branch_operator.py for tasks to queue
[2025-03-13T17:32:44.925+0000] {logging_mixin.py:190} INFO - [2025-03-13T17:32:44.925+0000] {dagbag.py:588} INFO - Filling up the DagBag from /root/venv/lib/python3.12/site-packages/airflow/example_dags/example_branch_operator.py
[2025-03-13T17:32:44.929+0000] {processor.py:927} WARNING - No viable dags retrieved from /root/venv/lib/python3.12/site-packages/airflow/example_dags/example_branch_operator.py
[2025-03-13T17:32:44.945+0000] {processor.py:208} INFO - Processing /root/venv/lib/python3.12/site-packages/airflow/example_dags/example_branch_operator.py took 0.032 seconds
[2025-03-13T17:33:44.927+0000] {processor.py:186} INFO - Started process (PID=1659087) to work on /root/venv/lib/python3.12/site-packages/airflow/example_dags/example_branch_operator.py
[2025-03-13T17:33:44.929+0000] {processor.py:914} INFO - Processing file /root/venv/lib/python3.12/site-packages/airflow/example_dags/example_branch_operator.py for tasks to queue
[2025-03-13T17:33:44.931+0000] {logging_mixin.py:190} INFO - [2025-03-13T17:33:44.931+0000] {dagbag.py:588} INFO - Filling up the DagBag from /root/venv/lib/python3.12/site-packages/airflow/example_dags/example_branch_operator.py
[2025-03-13T17:33:44.936+0000] {processor.py:927} WARNING - No viable dags retrieved from /root/venv/lib/python3.12/site-packages/airflow/example_dags/example_branch_operator.py
[2025-03-13T17:33:44.951+0000] {processor.py:208} INFO - Processing /root/venv/lib/python3.12/site-packages/airflow/example_dags/example_branch_operator.py took 0.031 seconds
[2025-03-13T17:35:28.503+0000] {processor.py:186} INFO - Started process (PID=1659200) to work on /root/venv/lib/python3.12/site-packages/airflow/example_dags/example_branch_operator.py
[2025-03-13T17:35:28.505+0000] {processor.py:914} INFO - Processing file /root/venv/lib/python3.12/site-packages/airflow/example_dags/example_branch_operator.py for tasks to queue
[2025-03-13T17:35:28.508+0000] {logging_mixin.py:190} INFO - [2025-03-13T17:35:28.507+0000] {dagbag.py:588} INFO - Filling up the DagBag from /root/venv/lib/python3.12/site-packages/airflow/example_dags/example_branch_operator.py
[2025-03-13T17:35:28.511+0000] {processor.py:927} WARNING - No viable dags retrieved from /root/venv/lib/python3.12/site-packages/airflow/example_dags/example_branch_operator.py
[2025-03-13T17:35:28.526+0000] {processor.py:208} INFO - Processing /root/venv/lib/python3.12/site-packages/airflow/example_dags/example_branch_operator.py took 0.030 seconds
[2025-03-13T17:36:26.929+0000] {processor.py:186} INFO - Started process (PID=1659262) to work on /root/venv/lib/python3.12/site-packages/airflow/example_dags/example_branch_operator.py
[2025-03-13T17:36:26.931+0000] {processor.py:914} INFO - Processing file /root/venv/lib/python3.12/site-packages/airflow/example_dags/example_branch_operator.py for tasks to queue
[2025-03-13T17:36:26.934+0000] {logging_mixin.py:190} INFO - [2025-03-13T17:36:26.934+0000] {dagbag.py:588} INFO - Filling up the DagBag from /root/venv/lib/python3.12/site-packages/airflow/example_dags/example_branch_operator.py
[2025-03-13T17:36:26.940+0000] {processor.py:927} WARNING - No viable dags retrieved from /root/venv/lib/python3.12/site-packages/airflow/example_dags/example_branch_operator.py
[2025-03-13T17:36:26.956+0000] {processor.py:208} INFO - Processing /root/venv/lib/python3.12/site-packages/airflow/example_dags/example_branch_operator.py took 0.036 seconds
[2025-03-13T17:37:29.746+0000] {processor.py:186} INFO - Started process (PID=1659329) to work on /root/venv/lib/python3.12/site-packages/airflow/example_dags/example_branch_operator.py
[2025-03-13T17:37:29.749+0000] {processor.py:914} INFO - Processing file /root/venv/lib/python3.12/site-packages/airflow/example_dags/example_branch_operator.py for tasks to queue
[2025-03-13T17:37:29.752+0000] {logging_mixin.py:190} INFO - [2025-03-13T17:37:29.752+0000] {dagbag.py:588} INFO - Filling up the DagBag from /root/venv/lib/python3.12/site-packages/airflow/example_dags/example_branch_operator.py
[2025-03-13T17:37:29.757+0000] {processor.py:927} WARNING - No viable dags retrieved from /root/venv/lib/python3.12/site-packages/airflow/example_dags/example_branch_operator.py
[2025-03-13T17:37:29.773+0000] {processor.py:208} INFO - Processing /root/venv/lib/python3.12/site-packages/airflow/example_dags/example_branch_operator.py took 0.038 seconds
[2025-03-13T17:38:32.286+0000] {processor.py:186} INFO - Started process (PID=1659392) to work on /root/venv/lib/python3.12/site-packages/airflow/example_dags/example_branch_operator.py
[2025-03-13T17:38:32.288+0000] {processor.py:914} INFO - Processing file /root/venv/lib/python3.12/site-packages/airflow/example_dags/example_branch_operator.py for tasks to queue
[2025-03-13T17:38:32.291+0000] {logging_mixin.py:190} INFO - [2025-03-13T17:38:32.290+0000] {dagbag.py:588} INFO - Filling up the DagBag from /root/venv/lib/python3.12/site-packages/airflow/example_dags/example_branch_operator.py
[2025-03-13T17:38:32.295+0000] {processor.py:927} WARNING - No viable dags retrieved from /root/venv/lib/python3.12/site-packages/airflow/example_dags/example_branch_operator.py
[2025-03-13T17:38:32.311+0000] {processor.py:208} INFO - Processing /root/venv/lib/python3.12/site-packages/airflow/example_dags/example_branch_operator.py took 0.033 seconds
[2025-03-13T17:39:34.551+0000] {processor.py:186} INFO - Started process (PID=1659454) to work on /root/venv/lib/python3.12/site-packages/airflow/example_dags/example_branch_operator.py
[2025-03-13T17:39:34.553+0000] {processor.py:914} INFO - Processing file /root/venv/lib/python3.12/site-packages/airflow/example_dags/example_branch_operator.py for tasks to queue
[2025-03-13T17:39:34.556+0000] {logging_mixin.py:190} INFO - [2025-03-13T17:39:34.555+0000] {dagbag.py:588} INFO - Filling up the DagBag from /root/venv/lib/python3.12/site-packages/airflow/example_dags/example_branch_operator.py
[2025-03-13T17:39:34.561+0000] {processor.py:927} WARNING - No viable dags retrieved from /root/venv/lib/python3.12/site-packages/airflow/example_dags/example_branch_operator.py
[2025-03-13T17:39:34.579+0000] {processor.py:208} INFO - Processing /root/venv/lib/python3.12/site-packages/airflow/example_dags/example_branch_operator.py took 0.037 seconds
[2025-03-13T17:40:34.048+0000] {processor.py:186} INFO - Started process (PID=1659519) to work on /root/venv/lib/python3.12/site-packages/airflow/example_dags/example_branch_operator.py
[2025-03-13T17:40:34.049+0000] {processor.py:914} INFO - Processing file /root/venv/lib/python3.12/site-packages/airflow/example_dags/example_branch_operator.py for tasks to queue
[2025-03-13T17:40:34.052+0000] {logging_mixin.py:190} INFO - [2025-03-13T17:40:34.051+0000] {dagbag.py:588} INFO - Filling up the DagBag from /root/venv/lib/python3.12/site-packages/airflow/example_dags/example_branch_operator.py
[2025-03-13T17:40:34.055+0000] {processor.py:927} WARNING - No viable dags retrieved from /root/venv/lib/python3.12/site-packages/airflow/example_dags/example_branch_operator.py
[2025-03-13T17:40:34.068+0000] {processor.py:208} INFO - Processing /root/venv/lib/python3.12/site-packages/airflow/example_dags/example_branch_operator.py took 0.028 seconds
[2025-03-13T17:41:35.283+0000] {processor.py:186} INFO - Started process (PID=1659585) to work on /root/venv/lib/python3.12/site-packages/airflow/example_dags/example_branch_operator.py
[2025-03-13T17:41:35.284+0000] {processor.py:914} INFO - Processing file /root/venv/lib/python3.12/site-packages/airflow/example_dags/example_branch_operator.py for tasks to queue
[2025-03-13T17:41:35.287+0000] {logging_mixin.py:190} INFO - [2025-03-13T17:41:35.287+0000] {dagbag.py:588} INFO - Filling up the DagBag from /root/venv/lib/python3.12/site-packages/airflow/example_dags/example_branch_operator.py
[2025-03-13T17:41:35.291+0000] {processor.py:927} WARNING - No viable dags retrieved from /root/venv/lib/python3.12/site-packages/airflow/example_dags/example_branch_operator.py
[2025-03-13T17:41:35.311+0000] {processor.py:208} INFO - Processing /root/venv/lib/python3.12/site-packages/airflow/example_dags/example_branch_operator.py took 0.037 seconds
[2025-03-13T17:42:41.639+0000] {processor.py:186} INFO - Started process (PID=1659654) to work on /root/venv/lib/python3.12/site-packages/airflow/example_dags/example_branch_operator.py
[2025-03-13T17:42:41.641+0000] {processor.py:914} INFO - Processing file /root/venv/lib/python3.12/site-packages/airflow/example_dags/example_branch_operator.py for tasks to queue
[2025-03-13T17:42:41.645+0000] {logging_mixin.py:190} INFO - [2025-03-13T17:42:41.644+0000] {dagbag.py:588} INFO - Filling up the DagBag from /root/venv/lib/python3.12/site-packages/airflow/example_dags/example_branch_operator.py
[2025-03-13T17:42:41.650+0000] {processor.py:927} WARNING - No viable dags retrieved from /root/venv/lib/python3.12/site-packages/airflow/example_dags/example_branch_operator.py
[2025-03-13T17:42:41.671+0000] {processor.py:208} INFO - Processing /root/venv/lib/python3.12/site-packages/airflow/example_dags/example_branch_operator.py took 0.043 seconds
[2025-03-13T17:43:40.326+0000] {processor.py:186} INFO - Started process (PID=1659714) to work on /root/venv/lib/python3.12/site-packages/airflow/example_dags/example_branch_operator.py
[2025-03-13T17:43:40.327+0000] {processor.py:914} INFO - Processing file /root/venv/lib/python3.12/site-packages/airflow/example_dags/example_branch_operator.py for tasks to queue
[2025-03-13T17:43:40.329+0000] {logging_mixin.py:190} INFO - [2025-03-13T17:43:40.329+0000] {dagbag.py:588} INFO - Filling up the DagBag from /root/venv/lib/python3.12/site-packages/airflow/example_dags/example_branch_operator.py
[2025-03-13T17:43:40.333+0000] {processor.py:927} WARNING - No viable dags retrieved from /root/venv/lib/python3.12/site-packages/airflow/example_dags/example_branch_operator.py
[2025-03-13T17:43:40.350+0000] {processor.py:208} INFO - Processing /root/venv/lib/python3.12/site-packages/airflow/example_dags/example_branch_operator.py took 0.031 seconds
[2025-03-13T17:44:42.615+0000] {processor.py:186} INFO - Started process (PID=1659794) to work on /root/venv/lib/python3.12/site-packages/airflow/example_dags/example_branch_operator.py
[2025-03-13T17:44:42.617+0000] {processor.py:914} INFO - Processing file /root/venv/lib/python3.12/site-packages/airflow/example_dags/example_branch_operator.py for tasks to queue
[2025-03-13T17:44:42.621+0000] {logging_mixin.py:190} INFO - [2025-03-13T17:44:42.620+0000] {dagbag.py:588} INFO - Filling up the DagBag from /root/venv/lib/python3.12/site-packages/airflow/example_dags/example_branch_operator.py
[2025-03-13T17:44:42.626+0000] {processor.py:927} WARNING - No viable dags retrieved from /root/venv/lib/python3.12/site-packages/airflow/example_dags/example_branch_operator.py
[2025-03-13T17:44:42.646+0000] {processor.py:208} INFO - Processing /root/venv/lib/python3.12/site-packages/airflow/example_dags/example_branch_operator.py took 0.043 seconds
[2025-03-13T17:45:47.304+0000] {processor.py:186} INFO - Started process (PID=1659860) to work on /root/venv/lib/python3.12/site-packages/airflow/example_dags/example_branch_operator.py
[2025-03-13T17:45:47.305+0000] {processor.py:914} INFO - Processing file /root/venv/lib/python3.12/site-packages/airflow/example_dags/example_branch_operator.py for tasks to queue
[2025-03-13T17:45:47.308+0000] {logging_mixin.py:190} INFO - [2025-03-13T17:45:47.307+0000] {dagbag.py:588} INFO - Filling up the DagBag from /root/venv/lib/python3.12/site-packages/airflow/example_dags/example_branch_operator.py
[2025-03-13T17:45:47.312+0000] {processor.py:927} WARNING - No viable dags retrieved from /root/venv/lib/python3.12/site-packages/airflow/example_dags/example_branch_operator.py
[2025-03-13T17:45:47.327+0000] {processor.py:208} INFO - Processing /root/venv/lib/python3.12/site-packages/airflow/example_dags/example_branch_operator.py took 0.031 seconds
[2025-03-13T17:46:52.208+0000] {processor.py:186} INFO - Started process (PID=1659925) to work on /root/venv/lib/python3.12/site-packages/airflow/example_dags/example_branch_operator.py
[2025-03-13T17:46:52.209+0000] {processor.py:914} INFO - Processing file /root/venv/lib/python3.12/site-packages/airflow/example_dags/example_branch_operator.py for tasks to queue
[2025-03-13T17:46:52.212+0000] {logging_mixin.py:190} INFO - [2025-03-13T17:46:52.212+0000] {dagbag.py:588} INFO - Filling up the DagBag from /root/venv/lib/python3.12/site-packages/airflow/example_dags/example_branch_operator.py
[2025-03-13T17:46:52.217+0000] {processor.py:927} WARNING - No viable dags retrieved from /root/venv/lib/python3.12/site-packages/airflow/example_dags/example_branch_operator.py
[2025-03-13T17:46:52.232+0000] {processor.py:208} INFO - Processing /root/venv/lib/python3.12/site-packages/airflow/example_dags/example_branch_operator.py took 0.033 seconds
[2025-03-13T17:47:50.563+0000] {processor.py:186} INFO - Started process (PID=1659989) to work on /root/venv/lib/python3.12/site-packages/airflow/example_dags/example_branch_operator.py
[2025-03-13T17:47:50.564+0000] {processor.py:914} INFO - Processing file /root/venv/lib/python3.12/site-packages/airflow/example_dags/example_branch_operator.py for tasks to queue
[2025-03-13T17:47:50.567+0000] {logging_mixin.py:190} INFO - [2025-03-13T17:47:50.567+0000] {dagbag.py:588} INFO - Filling up the DagBag from /root/venv/lib/python3.12/site-packages/airflow/example_dags/example_branch_operator.py
[2025-03-13T17:47:50.571+0000] {processor.py:927} WARNING - No viable dags retrieved from /root/venv/lib/python3.12/site-packages/airflow/example_dags/example_branch_operator.py
[2025-03-13T17:47:50.589+0000] {processor.py:208} INFO - Processing /root/venv/lib/python3.12/site-packages/airflow/example_dags/example_branch_operator.py took 0.034 seconds
[2025-03-13T17:48:52.207+0000] {processor.py:186} INFO - Started process (PID=1660052) to work on /root/venv/lib/python3.12/site-packages/airflow/example_dags/example_branch_operator.py
[2025-03-13T17:48:52.209+0000] {processor.py:914} INFO - Processing file /root/venv/lib/python3.12/site-packages/airflow/example_dags/example_branch_operator.py for tasks to queue
[2025-03-13T17:48:52.212+0000] {logging_mixin.py:190} INFO - [2025-03-13T17:48:52.212+0000] {dagbag.py:588} INFO - Filling up the DagBag from /root/venv/lib/python3.12/site-packages/airflow/example_dags/example_branch_operator.py
[2025-03-13T17:48:52.217+0000] {processor.py:927} WARNING - No viable dags retrieved from /root/venv/lib/python3.12/site-packages/airflow/example_dags/example_branch_operator.py
[2025-03-13T17:48:52.232+0000] {processor.py:208} INFO - Processing /root/venv/lib/python3.12/site-packages/airflow/example_dags/example_branch_operator.py took 0.033 seconds
[2025-03-13T17:49:54.910+0000] {processor.py:186} INFO - Started process (PID=1660114) to work on /root/venv/lib/python3.12/site-packages/airflow/example_dags/example_branch_operator.py
[2025-03-13T17:49:54.912+0000] {processor.py:914} INFO - Processing file /root/venv/lib/python3.12/site-packages/airflow/example_dags/example_branch_operator.py for tasks to queue
[2025-03-13T17:49:54.915+0000] {logging_mixin.py:190} INFO - [2025-03-13T17:49:54.915+0000] {dagbag.py:588} INFO - Filling up the DagBag from /root/venv/lib/python3.12/site-packages/airflow/example_dags/example_branch_operator.py
[2025-03-13T17:49:54.920+0000] {processor.py:927} WARNING - No viable dags retrieved from /root/venv/lib/python3.12/site-packages/airflow/example_dags/example_branch_operator.py
[2025-03-13T17:49:54.935+0000] {processor.py:208} INFO - Processing /root/venv/lib/python3.12/site-packages/airflow/example_dags/example_branch_operator.py took 0.033 seconds
[2025-03-13T17:50:58.562+0000] {processor.py:186} INFO - Started process (PID=1660184) to work on /root/venv/lib/python3.12/site-packages/airflow/example_dags/example_branch_operator.py
[2025-03-13T17:50:58.563+0000] {processor.py:914} INFO - Processing file /root/venv/lib/python3.12/site-packages/airflow/example_dags/example_branch_operator.py for tasks to queue
[2025-03-13T17:50:58.567+0000] {logging_mixin.py:190} INFO - [2025-03-13T17:50:58.566+0000] {dagbag.py:588} INFO - Filling up the DagBag from /root/venv/lib/python3.12/site-packages/airflow/example_dags/example_branch_operator.py
[2025-03-13T17:50:58.572+0000] {processor.py:927} WARNING - No viable dags retrieved from /root/venv/lib/python3.12/site-packages/airflow/example_dags/example_branch_operator.py
[2025-03-13T17:50:58.589+0000] {processor.py:208} INFO - Processing /root/venv/lib/python3.12/site-packages/airflow/example_dags/example_branch_operator.py took 0.039 seconds
[2025-03-13T17:52:03.324+0000] {processor.py:186} INFO - Started process (PID=1660246) to work on /root/venv/lib/python3.12/site-packages/airflow/example_dags/example_branch_operator.py
[2025-03-13T17:52:03.326+0000] {processor.py:914} INFO - Processing file /root/venv/lib/python3.12/site-packages/airflow/example_dags/example_branch_operator.py for tasks to queue
[2025-03-13T17:52:03.329+0000] {logging_mixin.py:190} INFO - [2025-03-13T17:52:03.328+0000] {dagbag.py:588} INFO - Filling up the DagBag from /root/venv/lib/python3.12/site-packages/airflow/example_dags/example_branch_operator.py
[2025-03-13T17:52:03.333+0000] {processor.py:927} WARNING - No viable dags retrieved from /root/venv/lib/python3.12/site-packages/airflow/example_dags/example_branch_operator.py
[2025-03-13T17:52:03.348+0000] {processor.py:208} INFO - Processing /root/venv/lib/python3.12/site-packages/airflow/example_dags/example_branch_operator.py took 0.033 seconds
[2025-03-13T17:53:05.808+0000] {processor.py:186} INFO - Started process (PID=1660309) to work on /root/venv/lib/python3.12/site-packages/airflow/example_dags/example_branch_operator.py
[2025-03-13T17:53:05.809+0000] {processor.py:914} INFO - Processing file /root/venv/lib/python3.12/site-packages/airflow/example_dags/example_branch_operator.py for tasks to queue
[2025-03-13T17:53:05.813+0000] {logging_mixin.py:190} INFO - [2025-03-13T17:53:05.812+0000] {dagbag.py:588} INFO - Filling up the DagBag from /root/venv/lib/python3.12/site-packages/airflow/example_dags/example_branch_operator.py
[2025-03-13T17:53:05.818+0000] {processor.py:927} WARNING - No viable dags retrieved from /root/venv/lib/python3.12/site-packages/airflow/example_dags/example_branch_operator.py
[2025-03-13T17:53:05.835+0000] {processor.py:208} INFO - Processing /root/venv/lib/python3.12/site-packages/airflow/example_dags/example_branch_operator.py took 0.036 seconds
[2025-03-13T17:54:07.147+0000] {processor.py:186} INFO - Started process (PID=1660372) to work on /root/venv/lib/python3.12/site-packages/airflow/example_dags/example_branch_operator.py
[2025-03-13T17:54:07.148+0000] {processor.py:914} INFO - Processing file /root/venv/lib/python3.12/site-packages/airflow/example_dags/example_branch_operator.py for tasks to queue
[2025-03-13T17:54:07.152+0000] {logging_mixin.py:190} INFO - [2025-03-13T17:54:07.151+0000] {dagbag.py:588} INFO - Filling up the DagBag from /root/venv/lib/python3.12/site-packages/airflow/example_dags/example_branch_operator.py
[2025-03-13T17:54:07.156+0000] {processor.py:927} WARNING - No viable dags retrieved from /root/venv/lib/python3.12/site-packages/airflow/example_dags/example_branch_operator.py
[2025-03-13T17:54:07.174+0000] {processor.py:208} INFO - Processing /root/venv/lib/python3.12/site-packages/airflow/example_dags/example_branch_operator.py took 0.035 seconds
[2025-03-13T17:55:10.588+0000] {processor.py:186} INFO - Started process (PID=1660437) to work on /root/venv/lib/python3.12/site-packages/airflow/example_dags/example_branch_operator.py
[2025-03-13T17:55:10.589+0000] {processor.py:914} INFO - Processing file /root/venv/lib/python3.12/site-packages/airflow/example_dags/example_branch_operator.py for tasks to queue
[2025-03-13T17:55:10.593+0000] {logging_mixin.py:190} INFO - [2025-03-13T17:55:10.592+0000] {dagbag.py:588} INFO - Filling up the DagBag from /root/venv/lib/python3.12/site-packages/airflow/example_dags/example_branch_operator.py
[2025-03-13T17:55:10.597+0000] {processor.py:927} WARNING - No viable dags retrieved from /root/venv/lib/python3.12/site-packages/airflow/example_dags/example_branch_operator.py
[2025-03-13T17:55:10.616+0000] {processor.py:208} INFO - Processing /root/venv/lib/python3.12/site-packages/airflow/example_dags/example_branch_operator.py took 0.036 seconds
[2025-03-13T17:57:16.727+0000] {processor.py:186} INFO - Started process (PID=1660595) to work on /root/venv/lib/python3.12/site-packages/airflow/example_dags/example_branch_operator.py
[2025-03-13T17:57:16.729+0000] {processor.py:914} INFO - Processing file /root/venv/lib/python3.12/site-packages/airflow/example_dags/example_branch_operator.py for tasks to queue
[2025-03-13T17:57:16.733+0000] {logging_mixin.py:190} INFO - [2025-03-13T17:57:16.732+0000] {dagbag.py:588} INFO - Filling up the DagBag from /root/venv/lib/python3.12/site-packages/airflow/example_dags/example_branch_operator.py
[2025-03-13T17:57:16.737+0000] {processor.py:927} WARNING - No viable dags retrieved from /root/venv/lib/python3.12/site-packages/airflow/example_dags/example_branch_operator.py
[2025-03-13T17:57:16.753+0000] {processor.py:208} INFO - Processing /root/venv/lib/python3.12/site-packages/airflow/example_dags/example_branch_operator.py took 0.035 seconds
[2025-03-13T17:58:15.530+0000] {processor.py:186} INFO - Started process (PID=1660661) to work on /root/venv/lib/python3.12/site-packages/airflow/example_dags/example_branch_operator.py
[2025-03-13T17:58:15.532+0000] {processor.py:914} INFO - Processing file /root/venv/lib/python3.12/site-packages/airflow/example_dags/example_branch_operator.py for tasks to queue
[2025-03-13T17:58:15.535+0000] {logging_mixin.py:190} INFO - [2025-03-13T17:58:15.534+0000] {dagbag.py:588} INFO - Filling up the DagBag from /root/venv/lib/python3.12/site-packages/airflow/example_dags/example_branch_operator.py
[2025-03-13T17:58:15.538+0000] {processor.py:927} WARNING - No viable dags retrieved from /root/venv/lib/python3.12/site-packages/airflow/example_dags/example_branch_operator.py
[2025-03-13T17:58:15.551+0000] {processor.py:208} INFO - Processing /root/venv/lib/python3.12/site-packages/airflow/example_dags/example_branch_operator.py took 0.027 seconds
[2025-03-13T17:59:15.299+0000] {processor.py:186} INFO - Started process (PID=1660725) to work on /root/venv/lib/python3.12/site-packages/airflow/example_dags/example_branch_operator.py
[2025-03-13T17:59:15.311+0000] {processor.py:914} INFO - Processing file /root/venv/lib/python3.12/site-packages/airflow/example_dags/example_branch_operator.py for tasks to queue
[2025-03-13T17:59:15.315+0000] {logging_mixin.py:190} INFO - [2025-03-13T17:59:15.314+0000] {dagbag.py:588} INFO - Filling up the DagBag from /root/venv/lib/python3.12/site-packages/airflow/example_dags/example_branch_operator.py
[2025-03-13T17:59:15.320+0000] {processor.py:927} WARNING - No viable dags retrieved from /root/venv/lib/python3.12/site-packages/airflow/example_dags/example_branch_operator.py
[2025-03-13T17:59:15.338+0000] {processor.py:208} INFO - Processing /root/venv/lib/python3.12/site-packages/airflow/example_dags/example_branch_operator.py took 0.051 seconds
[2025-03-13T18:00:16.812+0000] {processor.py:186} INFO - Started process (PID=1660792) to work on /root/venv/lib/python3.12/site-packages/airflow/example_dags/example_branch_operator.py
[2025-03-13T18:00:16.813+0000] {processor.py:914} INFO - Processing file /root/venv/lib/python3.12/site-packages/airflow/example_dags/example_branch_operator.py for tasks to queue
[2025-03-13T18:00:16.817+0000] {logging_mixin.py:190} INFO - [2025-03-13T18:00:16.816+0000] {dagbag.py:588} INFO - Filling up the DagBag from /root/venv/lib/python3.12/site-packages/airflow/example_dags/example_branch_operator.py
[2025-03-13T18:00:16.822+0000] {processor.py:927} WARNING - No viable dags retrieved from /root/venv/lib/python3.12/site-packages/airflow/example_dags/example_branch_operator.py
[2025-03-13T18:00:16.840+0000] {processor.py:208} INFO - Processing /root/venv/lib/python3.12/site-packages/airflow/example_dags/example_branch_operator.py took 0.039 seconds
[2025-03-13T18:01:50.598+0000] {processor.py:186} INFO - Started process (PID=1660895) to work on /root/venv/lib/python3.12/site-packages/airflow/example_dags/example_branch_operator.py
[2025-03-13T18:01:50.600+0000] {processor.py:914} INFO - Processing file /root/venv/lib/python3.12/site-packages/airflow/example_dags/example_branch_operator.py for tasks to queue
[2025-03-13T18:01:50.603+0000] {logging_mixin.py:190} INFO - [2025-03-13T18:01:50.602+0000] {dagbag.py:588} INFO - Filling up the DagBag from /root/venv/lib/python3.12/site-packages/airflow/example_dags/example_branch_operator.py
[2025-03-13T18:01:50.607+0000] {processor.py:927} WARNING - No viable dags retrieved from /root/venv/lib/python3.12/site-packages/airflow/example_dags/example_branch_operator.py
[2025-03-13T18:01:50.624+0000] {processor.py:208} INFO - Processing /root/venv/lib/python3.12/site-packages/airflow/example_dags/example_branch_operator.py took 0.034 seconds
[2025-03-13T18:02:51.865+0000] {processor.py:186} INFO - Started process (PID=1660965) to work on /root/venv/lib/python3.12/site-packages/airflow/example_dags/example_branch_operator.py
[2025-03-13T18:02:51.867+0000] {processor.py:914} INFO - Processing file /root/venv/lib/python3.12/site-packages/airflow/example_dags/example_branch_operator.py for tasks to queue
[2025-03-13T18:02:51.869+0000] {logging_mixin.py:190} INFO - [2025-03-13T18:02:51.869+0000] {dagbag.py:588} INFO - Filling up the DagBag from /root/venv/lib/python3.12/site-packages/airflow/example_dags/example_branch_operator.py
[2025-03-13T18:02:51.873+0000] {processor.py:927} WARNING - No viable dags retrieved from /root/venv/lib/python3.12/site-packages/airflow/example_dags/example_branch_operator.py
[2025-03-13T18:02:51.886+0000] {processor.py:208} INFO - Processing /root/venv/lib/python3.12/site-packages/airflow/example_dags/example_branch_operator.py took 0.028 seconds
[2025-03-13T18:03:58.447+0000] {processor.py:186} INFO - Started process (PID=1661033) to work on /root/venv/lib/python3.12/site-packages/airflow/example_dags/example_branch_operator.py
[2025-03-13T18:03:58.449+0000] {processor.py:914} INFO - Processing file /root/venv/lib/python3.12/site-packages/airflow/example_dags/example_branch_operator.py for tasks to queue
[2025-03-13T18:03:58.452+0000] {logging_mixin.py:190} INFO - [2025-03-13T18:03:58.452+0000] {dagbag.py:588} INFO - Filling up the DagBag from /root/venv/lib/python3.12/site-packages/airflow/example_dags/example_branch_operator.py
[2025-03-13T18:03:58.457+0000] {processor.py:927} WARNING - No viable dags retrieved from /root/venv/lib/python3.12/site-packages/airflow/example_dags/example_branch_operator.py
[2025-03-13T18:03:58.473+0000] {processor.py:208} INFO - Processing /root/venv/lib/python3.12/site-packages/airflow/example_dags/example_branch_operator.py took 0.033 seconds
[2025-03-13T18:05:18.928+0000] {processor.py:186} INFO - Started process (PID=1661108) to work on /root/venv/lib/python3.12/site-packages/airflow/example_dags/example_branch_operator.py
[2025-03-13T18:05:18.929+0000] {processor.py:914} INFO - Processing file /root/venv/lib/python3.12/site-packages/airflow/example_dags/example_branch_operator.py for tasks to queue
[2025-03-13T18:05:18.932+0000] {logging_mixin.py:190} INFO - [2025-03-13T18:05:18.932+0000] {dagbag.py:588} INFO - Filling up the DagBag from /root/venv/lib/python3.12/site-packages/airflow/example_dags/example_branch_operator.py
[2025-03-13T18:05:18.936+0000] {processor.py:927} WARNING - No viable dags retrieved from /root/venv/lib/python3.12/site-packages/airflow/example_dags/example_branch_operator.py
[2025-03-13T18:05:18.950+0000] {processor.py:208} INFO - Processing /root/venv/lib/python3.12/site-packages/airflow/example_dags/example_branch_operator.py took 0.032 seconds
[2025-03-13T18:06:24.357+0000] {processor.py:186} INFO - Started process (PID=1661177) to work on /root/venv/lib/python3.12/site-packages/airflow/example_dags/example_branch_operator.py
[2025-03-13T18:06:24.358+0000] {processor.py:914} INFO - Processing file /root/venv/lib/python3.12/site-packages/airflow/example_dags/example_branch_operator.py for tasks to queue
[2025-03-13T18:06:24.361+0000] {logging_mixin.py:190} INFO - [2025-03-13T18:06:24.360+0000] {dagbag.py:588} INFO - Filling up the DagBag from /root/venv/lib/python3.12/site-packages/airflow/example_dags/example_branch_operator.py
[2025-03-13T18:06:24.364+0000] {processor.py:927} WARNING - No viable dags retrieved from /root/venv/lib/python3.12/site-packages/airflow/example_dags/example_branch_operator.py
[2025-03-13T18:06:24.379+0000] {processor.py:208} INFO - Processing /root/venv/lib/python3.12/site-packages/airflow/example_dags/example_branch_operator.py took 0.029 seconds
[2025-03-13T18:07:37.430+0000] {processor.py:186} INFO - Started process (PID=1661259) to work on /root/venv/lib/python3.12/site-packages/airflow/example_dags/example_branch_operator.py
[2025-03-13T18:07:37.432+0000] {processor.py:914} INFO - Processing file /root/venv/lib/python3.12/site-packages/airflow/example_dags/example_branch_operator.py for tasks to queue
[2025-03-13T18:07:37.435+0000] {logging_mixin.py:190} INFO - [2025-03-13T18:07:37.434+0000] {dagbag.py:588} INFO - Filling up the DagBag from /root/venv/lib/python3.12/site-packages/airflow/example_dags/example_branch_operator.py
[2025-03-13T18:07:37.438+0000] {processor.py:927} WARNING - No viable dags retrieved from /root/venv/lib/python3.12/site-packages/airflow/example_dags/example_branch_operator.py
[2025-03-13T18:07:37.453+0000] {processor.py:208} INFO - Processing /root/venv/lib/python3.12/site-packages/airflow/example_dags/example_branch_operator.py took 0.031 seconds
[2025-03-13T18:08:43.537+0000] {processor.py:186} INFO - Started process (PID=1661336) to work on /root/venv/lib/python3.12/site-packages/airflow/example_dags/example_branch_operator.py
[2025-03-13T18:08:43.538+0000] {processor.py:914} INFO - Processing file /root/venv/lib/python3.12/site-packages/airflow/example_dags/example_branch_operator.py for tasks to queue
[2025-03-13T18:08:43.541+0000] {logging_mixin.py:190} INFO - [2025-03-13T18:08:43.541+0000] {dagbag.py:588} INFO - Filling up the DagBag from /root/venv/lib/python3.12/site-packages/airflow/example_dags/example_branch_operator.py
[2025-03-13T18:08:43.545+0000] {processor.py:927} WARNING - No viable dags retrieved from /root/venv/lib/python3.12/site-packages/airflow/example_dags/example_branch_operator.py
[2025-03-13T18:08:43.559+0000] {processor.py:208} INFO - Processing /root/venv/lib/python3.12/site-packages/airflow/example_dags/example_branch_operator.py took 0.030 seconds
[2025-03-13T18:09:45.148+0000] {processor.py:186} INFO - Started process (PID=1661401) to work on /root/venv/lib/python3.12/site-packages/airflow/example_dags/example_branch_operator.py
[2025-03-13T18:09:45.150+0000] {processor.py:914} INFO - Processing file /root/venv/lib/python3.12/site-packages/airflow/example_dags/example_branch_operator.py for tasks to queue
[2025-03-13T18:09:45.153+0000] {logging_mixin.py:190} INFO - [2025-03-13T18:09:45.152+0000] {dagbag.py:588} INFO - Filling up the DagBag from /root/venv/lib/python3.12/site-packages/airflow/example_dags/example_branch_operator.py
[2025-03-13T18:09:45.157+0000] {processor.py:927} WARNING - No viable dags retrieved from /root/venv/lib/python3.12/site-packages/airflow/example_dags/example_branch_operator.py
[2025-03-13T18:09:45.174+0000] {processor.py:208} INFO - Processing /root/venv/lib/python3.12/site-packages/airflow/example_dags/example_branch_operator.py took 0.035 seconds
[2025-03-13T18:10:48.794+0000] {processor.py:186} INFO - Started process (PID=1661471) to work on /root/venv/lib/python3.12/site-packages/airflow/example_dags/example_branch_operator.py
[2025-03-13T18:10:48.795+0000] {processor.py:914} INFO - Processing file /root/venv/lib/python3.12/site-packages/airflow/example_dags/example_branch_operator.py for tasks to queue
[2025-03-13T18:10:48.798+0000] {logging_mixin.py:190} INFO - [2025-03-13T18:10:48.797+0000] {dagbag.py:588} INFO - Filling up the DagBag from /root/venv/lib/python3.12/site-packages/airflow/example_dags/example_branch_operator.py
[2025-03-13T18:10:48.801+0000] {processor.py:927} WARNING - No viable dags retrieved from /root/venv/lib/python3.12/site-packages/airflow/example_dags/example_branch_operator.py
[2025-03-13T18:10:48.815+0000] {processor.py:208} INFO - Processing /root/venv/lib/python3.12/site-packages/airflow/example_dags/example_branch_operator.py took 0.030 seconds
[2025-03-13T18:11:56.051+0000] {processor.py:186} INFO - Started process (PID=1661537) to work on /root/venv/lib/python3.12/site-packages/airflow/example_dags/example_branch_operator.py
[2025-03-13T18:11:56.052+0000] {processor.py:914} INFO - Processing file /root/venv/lib/python3.12/site-packages/airflow/example_dags/example_branch_operator.py for tasks to queue
[2025-03-13T18:11:56.054+0000] {logging_mixin.py:190} INFO - [2025-03-13T18:11:56.053+0000] {dagbag.py:588} INFO - Filling up the DagBag from /root/venv/lib/python3.12/site-packages/airflow/example_dags/example_branch_operator.py
[2025-03-13T18:11:56.057+0000] {processor.py:927} WARNING - No viable dags retrieved from /root/venv/lib/python3.12/site-packages/airflow/example_dags/example_branch_operator.py
[2025-03-13T18:11:56.072+0000] {processor.py:208} INFO - Processing /root/venv/lib/python3.12/site-packages/airflow/example_dags/example_branch_operator.py took 0.029 seconds
[2025-03-13T18:13:02.440+0000] {processor.py:186} INFO - Started process (PID=1661617) to work on /root/venv/lib/python3.12/site-packages/airflow/example_dags/example_branch_operator.py
[2025-03-13T18:13:02.441+0000] {processor.py:914} INFO - Processing file /root/venv/lib/python3.12/site-packages/airflow/example_dags/example_branch_operator.py for tasks to queue
[2025-03-13T18:13:02.444+0000] {logging_mixin.py:190} INFO - [2025-03-13T18:13:02.443+0000] {dagbag.py:588} INFO - Filling up the DagBag from /root/venv/lib/python3.12/site-packages/airflow/example_dags/example_branch_operator.py
[2025-03-13T18:13:02.448+0000] {processor.py:927} WARNING - No viable dags retrieved from /root/venv/lib/python3.12/site-packages/airflow/example_dags/example_branch_operator.py
[2025-03-13T18:13:02.466+0000] {processor.py:208} INFO - Processing /root/venv/lib/python3.12/site-packages/airflow/example_dags/example_branch_operator.py took 0.035 seconds
[2025-03-13T18:14:08.180+0000] {processor.py:186} INFO - Started process (PID=1661685) to work on /root/venv/lib/python3.12/site-packages/airflow/example_dags/example_branch_operator.py
[2025-03-13T18:14:08.181+0000] {processor.py:914} INFO - Processing file /root/venv/lib/python3.12/site-packages/airflow/example_dags/example_branch_operator.py for tasks to queue
[2025-03-13T18:14:08.184+0000] {logging_mixin.py:190} INFO - [2025-03-13T18:14:08.183+0000] {dagbag.py:588} INFO - Filling up the DagBag from /root/venv/lib/python3.12/site-packages/airflow/example_dags/example_branch_operator.py
[2025-03-13T18:14:08.188+0000] {processor.py:927} WARNING - No viable dags retrieved from /root/venv/lib/python3.12/site-packages/airflow/example_dags/example_branch_operator.py
[2025-03-13T18:14:08.207+0000] {processor.py:208} INFO - Processing /root/venv/lib/python3.12/site-packages/airflow/example_dags/example_branch_operator.py took 0.035 seconds
[2025-03-13T18:15:18.873+0000] {processor.py:186} INFO - Started process (PID=1661762) to work on /root/venv/lib/python3.12/site-packages/airflow/example_dags/example_branch_operator.py
[2025-03-13T18:15:18.875+0000] {processor.py:914} INFO - Processing file /root/venv/lib/python3.12/site-packages/airflow/example_dags/example_branch_operator.py for tasks to queue
[2025-03-13T18:15:18.877+0000] {logging_mixin.py:190} INFO - [2025-03-13T18:15:18.877+0000] {dagbag.py:588} INFO - Filling up the DagBag from /root/venv/lib/python3.12/site-packages/airflow/example_dags/example_branch_operator.py
[2025-03-13T18:15:18.881+0000] {processor.py:927} WARNING - No viable dags retrieved from /root/venv/lib/python3.12/site-packages/airflow/example_dags/example_branch_operator.py
[2025-03-13T18:15:18.894+0000] {processor.py:208} INFO - Processing /root/venv/lib/python3.12/site-packages/airflow/example_dags/example_branch_operator.py took 0.028 seconds
[2025-03-13T19:39:56.591+0000] {processor.py:186} INFO - Started process (PID=1662419) to work on /root/venv/lib/python3.12/site-packages/airflow/example_dags/example_branch_operator.py
[2025-03-13T19:39:56.592+0000] {processor.py:914} INFO - Processing file /root/venv/lib/python3.12/site-packages/airflow/example_dags/example_branch_operator.py for tasks to queue
[2025-03-13T19:39:56.596+0000] {logging_mixin.py:190} INFO - [2025-03-13T19:39:56.596+0000] {dagbag.py:588} INFO - Filling up the DagBag from /root/venv/lib/python3.12/site-packages/airflow/example_dags/example_branch_operator.py
[2025-03-13T19:39:56.601+0000] {processor.py:927} WARNING - No viable dags retrieved from /root/venv/lib/python3.12/site-packages/airflow/example_dags/example_branch_operator.py
[2025-03-13T19:39:56.620+0000] {processor.py:208} INFO - Processing /root/venv/lib/python3.12/site-packages/airflow/example_dags/example_branch_operator.py took 0.037 seconds
