[2025-03-13T17:31:24.365+0000] {processor.py:186} INFO - Started process (PID=1658876) to work on /root/venv/lib/python3.12/site-packages/airflow/example_dags/example_external_task_marker_dag.py
[2025-03-13T17:31:24.366+0000] {processor.py:914} INFO - Processing file /root/venv/lib/python3.12/site-packages/airflow/example_dags/example_external_task_marker_dag.py for tasks to queue
[2025-03-13T17:31:24.370+0000] {logging_mixin.py:190} INFO - [2025-03-13T17:31:24.369+0000] {dagbag.py:588} INFO - Filling up the DagBag from /root/venv/lib/python3.12/site-packages/airflow/example_dags/example_external_task_marker_dag.py
[2025-03-13T17:31:24.386+0000] {processor.py:925} INFO - DAG(s) 'example_external_task_marker_parent', 'example_external_task_marker_child' retrieved from /root/venv/lib/python3.12/site-packages/airflow/example_dags/example_external_task_marker_dag.py
[2025-03-13T17:31:24.524+0000] {logging_mixin.py:190} INFO - [2025-03-13T17:31:24.524+0000] {dag.py:3239} INFO - Sync 2 DAGs
[2025-03-13T17:31:24.536+0000] {logging_mixin.py:190} INFO - [2025-03-13T17:31:24.536+0000] {dag.py:4180} INFO - Setting next_dagrun for example_external_task_marker_child to None, run_after=None
[2025-03-13T17:31:24.539+0000] {logging_mixin.py:190} INFO - [2025-03-13T17:31:24.539+0000] {dag.py:4180} INFO - Setting next_dagrun for example_external_task_marker_parent to None, run_after=None
[2025-03-13T17:31:24.560+0000] {processor.py:208} INFO - Processing /root/venv/lib/python3.12/site-packages/airflow/example_dags/example_external_task_marker_dag.py took 0.204 seconds
[2025-03-13T17:32:31.293+0000] {processor.py:186} INFO - Started process (PID=1658942) to work on /root/venv/lib/python3.12/site-packages/airflow/example_dags/example_external_task_marker_dag.py
[2025-03-13T17:32:31.294+0000] {processor.py:914} INFO - Processing file /root/venv/lib/python3.12/site-packages/airflow/example_dags/example_external_task_marker_dag.py for tasks to queue
[2025-03-13T17:32:31.297+0000] {logging_mixin.py:190} INFO - [2025-03-13T17:32:31.297+0000] {dagbag.py:588} INFO - Filling up the DagBag from /root/venv/lib/python3.12/site-packages/airflow/example_dags/example_external_task_marker_dag.py
[2025-03-13T17:32:31.309+0000] {processor.py:925} INFO - DAG(s) 'example_external_task_marker_child', 'example_external_task_marker_parent' retrieved from /root/venv/lib/python3.12/site-packages/airflow/example_dags/example_external_task_marker_dag.py
[2025-03-13T17:32:31.331+0000] {logging_mixin.py:190} INFO - [2025-03-13T17:32:31.331+0000] {dag.py:3239} INFO - Sync 2 DAGs
[2025-03-13T17:32:31.345+0000] {logging_mixin.py:190} INFO - [2025-03-13T17:32:31.345+0000] {dag.py:4180} INFO - Setting next_dagrun for example_external_task_marker_child to None, run_after=None
[2025-03-13T17:32:31.349+0000] {logging_mixin.py:190} INFO - [2025-03-13T17:32:31.349+0000] {dag.py:4180} INFO - Setting next_dagrun for example_external_task_marker_parent to None, run_after=None
[2025-03-13T17:32:31.368+0000] {processor.py:208} INFO - Processing /root/venv/lib/python3.12/site-packages/airflow/example_dags/example_external_task_marker_dag.py took 0.082 seconds
[2025-03-13T17:33:32.334+0000] {processor.py:186} INFO - Started process (PID=1659073) to work on /root/venv/lib/python3.12/site-packages/airflow/example_dags/example_external_task_marker_dag.py
[2025-03-13T17:33:32.335+0000] {processor.py:914} INFO - Processing file /root/venv/lib/python3.12/site-packages/airflow/example_dags/example_external_task_marker_dag.py for tasks to queue
[2025-03-13T17:33:32.337+0000] {logging_mixin.py:190} INFO - [2025-03-13T17:33:32.337+0000] {dagbag.py:588} INFO - Filling up the DagBag from /root/venv/lib/python3.12/site-packages/airflow/example_dags/example_external_task_marker_dag.py
[2025-03-13T17:33:32.348+0000] {processor.py:925} INFO - DAG(s) 'example_external_task_marker_child', 'example_external_task_marker_parent' retrieved from /root/venv/lib/python3.12/site-packages/airflow/example_dags/example_external_task_marker_dag.py
[2025-03-13T17:33:32.372+0000] {logging_mixin.py:190} INFO - [2025-03-13T17:33:32.371+0000] {dag.py:3239} INFO - Sync 2 DAGs
[2025-03-13T17:33:32.388+0000] {logging_mixin.py:190} INFO - [2025-03-13T17:33:32.387+0000] {dag.py:4180} INFO - Setting next_dagrun for example_external_task_marker_child to None, run_after=None
[2025-03-13T17:33:32.392+0000] {logging_mixin.py:190} INFO - [2025-03-13T17:33:32.391+0000] {dag.py:4180} INFO - Setting next_dagrun for example_external_task_marker_parent to None, run_after=None
[2025-03-13T17:33:32.413+0000] {processor.py:208} INFO - Processing /root/venv/lib/python3.12/site-packages/airflow/example_dags/example_external_task_marker_dag.py took 0.086 seconds
[2025-03-13T17:35:15.406+0000] {processor.py:186} INFO - Started process (PID=1659187) to work on /root/venv/lib/python3.12/site-packages/airflow/example_dags/example_external_task_marker_dag.py
[2025-03-13T17:35:15.408+0000] {processor.py:914} INFO - Processing file /root/venv/lib/python3.12/site-packages/airflow/example_dags/example_external_task_marker_dag.py for tasks to queue
[2025-03-13T17:35:15.411+0000] {logging_mixin.py:190} INFO - [2025-03-13T17:35:15.410+0000] {dagbag.py:588} INFO - Filling up the DagBag from /root/venv/lib/python3.12/site-packages/airflow/example_dags/example_external_task_marker_dag.py
[2025-03-13T17:35:15.423+0000] {processor.py:925} INFO - DAG(s) 'example_external_task_marker_parent', 'example_external_task_marker_child' retrieved from /root/venv/lib/python3.12/site-packages/airflow/example_dags/example_external_task_marker_dag.py
[2025-03-13T17:35:15.451+0000] {logging_mixin.py:190} INFO - [2025-03-13T17:35:15.451+0000] {dag.py:3239} INFO - Sync 2 DAGs
[2025-03-13T17:35:15.464+0000] {logging_mixin.py:190} INFO - [2025-03-13T17:35:15.464+0000] {dag.py:4180} INFO - Setting next_dagrun for example_external_task_marker_child to None, run_after=None
[2025-03-13T17:35:15.467+0000] {logging_mixin.py:190} INFO - [2025-03-13T17:35:15.467+0000] {dag.py:4180} INFO - Setting next_dagrun for example_external_task_marker_parent to None, run_after=None
[2025-03-13T17:35:15.484+0000] {processor.py:208} INFO - Processing /root/venv/lib/python3.12/site-packages/airflow/example_dags/example_external_task_marker_dag.py took 0.084 seconds
[2025-03-13T17:36:13.586+0000] {processor.py:186} INFO - Started process (PID=1659248) to work on /root/venv/lib/python3.12/site-packages/airflow/example_dags/example_external_task_marker_dag.py
[2025-03-13T17:36:13.588+0000] {processor.py:914} INFO - Processing file /root/venv/lib/python3.12/site-packages/airflow/example_dags/example_external_task_marker_dag.py for tasks to queue
[2025-03-13T17:36:13.591+0000] {logging_mixin.py:190} INFO - [2025-03-13T17:36:13.590+0000] {dagbag.py:588} INFO - Filling up the DagBag from /root/venv/lib/python3.12/site-packages/airflow/example_dags/example_external_task_marker_dag.py
[2025-03-13T17:36:13.603+0000] {processor.py:925} INFO - DAG(s) 'example_external_task_marker_parent', 'example_external_task_marker_child' retrieved from /root/venv/lib/python3.12/site-packages/airflow/example_dags/example_external_task_marker_dag.py
[2025-03-13T17:36:13.627+0000] {logging_mixin.py:190} INFO - [2025-03-13T17:36:13.626+0000] {dag.py:3239} INFO - Sync 2 DAGs
[2025-03-13T17:36:13.642+0000] {logging_mixin.py:190} INFO - [2025-03-13T17:36:13.641+0000] {dag.py:4180} INFO - Setting next_dagrun for example_external_task_marker_child to None, run_after=None
[2025-03-13T17:36:13.646+0000] {logging_mixin.py:190} INFO - [2025-03-13T17:36:13.645+0000] {dag.py:4180} INFO - Setting next_dagrun for example_external_task_marker_parent to None, run_after=None
[2025-03-13T17:36:13.671+0000] {processor.py:208} INFO - Processing /root/venv/lib/python3.12/site-packages/airflow/example_dags/example_external_task_marker_dag.py took 0.092 seconds
[2025-03-13T17:37:16.568+0000] {processor.py:186} INFO - Started process (PID=1659316) to work on /root/venv/lib/python3.12/site-packages/airflow/example_dags/example_external_task_marker_dag.py
[2025-03-13T17:37:16.570+0000] {processor.py:914} INFO - Processing file /root/venv/lib/python3.12/site-packages/airflow/example_dags/example_external_task_marker_dag.py for tasks to queue
[2025-03-13T17:37:16.572+0000] {logging_mixin.py:190} INFO - [2025-03-13T17:37:16.572+0000] {dagbag.py:588} INFO - Filling up the DagBag from /root/venv/lib/python3.12/site-packages/airflow/example_dags/example_external_task_marker_dag.py
[2025-03-13T17:37:16.582+0000] {processor.py:925} INFO - DAG(s) 'example_external_task_marker_child', 'example_external_task_marker_parent' retrieved from /root/venv/lib/python3.12/site-packages/airflow/example_dags/example_external_task_marker_dag.py
[2025-03-13T17:37:16.605+0000] {logging_mixin.py:190} INFO - [2025-03-13T17:37:16.604+0000] {dag.py:3239} INFO - Sync 2 DAGs
[2025-03-13T17:37:16.619+0000] {logging_mixin.py:190} INFO - [2025-03-13T17:37:16.619+0000] {dag.py:4180} INFO - Setting next_dagrun for example_external_task_marker_child to None, run_after=None
[2025-03-13T17:37:16.623+0000] {logging_mixin.py:190} INFO - [2025-03-13T17:37:16.623+0000] {dag.py:4180} INFO - Setting next_dagrun for example_external_task_marker_parent to None, run_after=None
[2025-03-13T17:37:16.643+0000] {processor.py:208} INFO - Processing /root/venv/lib/python3.12/site-packages/airflow/example_dags/example_external_task_marker_dag.py took 0.081 seconds
[2025-03-13T17:38:18.704+0000] {processor.py:186} INFO - Started process (PID=1659379) to work on /root/venv/lib/python3.12/site-packages/airflow/example_dags/example_external_task_marker_dag.py
[2025-03-13T17:38:18.705+0000] {processor.py:914} INFO - Processing file /root/venv/lib/python3.12/site-packages/airflow/example_dags/example_external_task_marker_dag.py for tasks to queue
[2025-03-13T17:38:18.708+0000] {logging_mixin.py:190} INFO - [2025-03-13T17:38:18.708+0000] {dagbag.py:588} INFO - Filling up the DagBag from /root/venv/lib/python3.12/site-packages/airflow/example_dags/example_external_task_marker_dag.py
[2025-03-13T17:38:18.721+0000] {processor.py:925} INFO - DAG(s) 'example_external_task_marker_parent', 'example_external_task_marker_child' retrieved from /root/venv/lib/python3.12/site-packages/airflow/example_dags/example_external_task_marker_dag.py
[2025-03-13T17:38:18.748+0000] {logging_mixin.py:190} INFO - [2025-03-13T17:38:18.748+0000] {dag.py:3239} INFO - Sync 2 DAGs
[2025-03-13T17:38:18.765+0000] {logging_mixin.py:190} INFO - [2025-03-13T17:38:18.765+0000] {dag.py:4180} INFO - Setting next_dagrun for example_external_task_marker_child to None, run_after=None
[2025-03-13T17:38:18.770+0000] {logging_mixin.py:190} INFO - [2025-03-13T17:38:18.769+0000] {dag.py:4180} INFO - Setting next_dagrun for example_external_task_marker_parent to None, run_after=None
[2025-03-13T17:38:18.797+0000] {processor.py:208} INFO - Processing /root/venv/lib/python3.12/site-packages/airflow/example_dags/example_external_task_marker_dag.py took 0.102 seconds
[2025-03-13T17:39:21.078+0000] {processor.py:186} INFO - Started process (PID=1659440) to work on /root/venv/lib/python3.12/site-packages/airflow/example_dags/example_external_task_marker_dag.py
[2025-03-13T17:39:21.079+0000] {processor.py:914} INFO - Processing file /root/venv/lib/python3.12/site-packages/airflow/example_dags/example_external_task_marker_dag.py for tasks to queue
[2025-03-13T17:39:21.082+0000] {logging_mixin.py:190} INFO - [2025-03-13T17:39:21.081+0000] {dagbag.py:588} INFO - Filling up the DagBag from /root/venv/lib/python3.12/site-packages/airflow/example_dags/example_external_task_marker_dag.py
[2025-03-13T17:39:21.092+0000] {processor.py:925} INFO - DAG(s) 'example_external_task_marker_parent', 'example_external_task_marker_child' retrieved from /root/venv/lib/python3.12/site-packages/airflow/example_dags/example_external_task_marker_dag.py
[2025-03-13T17:39:21.114+0000] {logging_mixin.py:190} INFO - [2025-03-13T17:39:21.114+0000] {dag.py:3239} INFO - Sync 2 DAGs
[2025-03-13T17:39:21.128+0000] {logging_mixin.py:190} INFO - [2025-03-13T17:39:21.128+0000] {dag.py:4180} INFO - Setting next_dagrun for example_external_task_marker_child to None, run_after=None
[2025-03-13T17:39:21.131+0000] {logging_mixin.py:190} INFO - [2025-03-13T17:39:21.131+0000] {dag.py:4180} INFO - Setting next_dagrun for example_external_task_marker_parent to None, run_after=None
[2025-03-13T17:39:21.150+0000] {processor.py:208} INFO - Processing /root/venv/lib/python3.12/site-packages/airflow/example_dags/example_external_task_marker_dag.py took 0.079 seconds
[2025-03-13T17:40:19.792+0000] {processor.py:186} INFO - Started process (PID=1659499) to work on /root/venv/lib/python3.12/site-packages/airflow/example_dags/example_external_task_marker_dag.py
[2025-03-13T17:40:19.793+0000] {processor.py:914} INFO - Processing file /root/venv/lib/python3.12/site-packages/airflow/example_dags/example_external_task_marker_dag.py for tasks to queue
[2025-03-13T17:40:19.796+0000] {logging_mixin.py:190} INFO - [2025-03-13T17:40:19.795+0000] {dagbag.py:588} INFO - Filling up the DagBag from /root/venv/lib/python3.12/site-packages/airflow/example_dags/example_external_task_marker_dag.py
[2025-03-13T17:40:19.807+0000] {processor.py:925} INFO - DAG(s) 'example_external_task_marker_child', 'example_external_task_marker_parent' retrieved from /root/venv/lib/python3.12/site-packages/airflow/example_dags/example_external_task_marker_dag.py
[2025-03-13T17:40:19.832+0000] {logging_mixin.py:190} INFO - [2025-03-13T17:40:19.832+0000] {dag.py:3239} INFO - Sync 2 DAGs
[2025-03-13T17:40:19.849+0000] {logging_mixin.py:190} INFO - [2025-03-13T17:40:19.848+0000] {dag.py:4180} INFO - Setting next_dagrun for example_external_task_marker_child to None, run_after=None
[2025-03-13T17:40:19.852+0000] {logging_mixin.py:190} INFO - [2025-03-13T17:40:19.852+0000] {dag.py:4180} INFO - Setting next_dagrun for example_external_task_marker_parent to None, run_after=None
[2025-03-13T17:40:19.889+0000] {processor.py:208} INFO - Processing /root/venv/lib/python3.12/site-packages/airflow/example_dags/example_external_task_marker_dag.py took 0.105 seconds
[2025-03-13T17:41:18.970+0000] {processor.py:186} INFO - Started process (PID=1659571) to work on /root/venv/lib/python3.12/site-packages/airflow/example_dags/example_external_task_marker_dag.py
[2025-03-13T17:41:18.972+0000] {processor.py:914} INFO - Processing file /root/venv/lib/python3.12/site-packages/airflow/example_dags/example_external_task_marker_dag.py for tasks to queue
[2025-03-13T17:41:18.975+0000] {logging_mixin.py:190} INFO - [2025-03-13T17:41:18.974+0000] {dagbag.py:588} INFO - Filling up the DagBag from /root/venv/lib/python3.12/site-packages/airflow/example_dags/example_external_task_marker_dag.py
[2025-03-13T17:41:18.986+0000] {processor.py:925} INFO - DAG(s) 'example_external_task_marker_parent', 'example_external_task_marker_child' retrieved from /root/venv/lib/python3.12/site-packages/airflow/example_dags/example_external_task_marker_dag.py
[2025-03-13T17:41:19.010+0000] {logging_mixin.py:190} INFO - [2025-03-13T17:41:19.009+0000] {dag.py:3239} INFO - Sync 2 DAGs
[2025-03-13T17:41:19.025+0000] {logging_mixin.py:190} INFO - [2025-03-13T17:41:19.025+0000] {dag.py:4180} INFO - Setting next_dagrun for example_external_task_marker_child to None, run_after=None
[2025-03-13T17:41:19.194+0000] {logging_mixin.py:190} INFO - [2025-03-13T17:41:19.194+0000] {dag.py:4180} INFO - Setting next_dagrun for example_external_task_marker_parent to None, run_after=None
[2025-03-13T17:41:19.215+0000] {processor.py:208} INFO - Processing /root/venv/lib/python3.12/site-packages/airflow/example_dags/example_external_task_marker_dag.py took 0.253 seconds
[2025-03-13T17:42:28.152+0000] {processor.py:186} INFO - Started process (PID=1659641) to work on /root/venv/lib/python3.12/site-packages/airflow/example_dags/example_external_task_marker_dag.py
[2025-03-13T17:42:28.154+0000] {processor.py:914} INFO - Processing file /root/venv/lib/python3.12/site-packages/airflow/example_dags/example_external_task_marker_dag.py for tasks to queue
[2025-03-13T17:42:28.158+0000] {logging_mixin.py:190} INFO - [2025-03-13T17:42:28.157+0000] {dagbag.py:588} INFO - Filling up the DagBag from /root/venv/lib/python3.12/site-packages/airflow/example_dags/example_external_task_marker_dag.py
[2025-03-13T17:42:28.171+0000] {processor.py:925} INFO - DAG(s) 'example_external_task_marker_child', 'example_external_task_marker_parent' retrieved from /root/venv/lib/python3.12/site-packages/airflow/example_dags/example_external_task_marker_dag.py
[2025-03-13T17:42:28.197+0000] {logging_mixin.py:190} INFO - [2025-03-13T17:42:28.197+0000] {dag.py:3239} INFO - Sync 2 DAGs
[2025-03-13T17:42:28.212+0000] {logging_mixin.py:190} INFO - [2025-03-13T17:42:28.212+0000] {dag.py:4180} INFO - Setting next_dagrun for example_external_task_marker_child to None, run_after=None
[2025-03-13T17:42:28.216+0000] {logging_mixin.py:190} INFO - [2025-03-13T17:42:28.216+0000] {dag.py:4180} INFO - Setting next_dagrun for example_external_task_marker_parent to None, run_after=None
[2025-03-13T17:42:28.240+0000] {processor.py:208} INFO - Processing /root/venv/lib/python3.12/site-packages/airflow/example_dags/example_external_task_marker_dag.py took 0.097 seconds
[2025-03-13T17:43:27.832+0000] {processor.py:186} INFO - Started process (PID=1659700) to work on /root/venv/lib/python3.12/site-packages/airflow/example_dags/example_external_task_marker_dag.py
[2025-03-13T17:43:27.834+0000] {processor.py:914} INFO - Processing file /root/venv/lib/python3.12/site-packages/airflow/example_dags/example_external_task_marker_dag.py for tasks to queue
[2025-03-13T17:43:27.839+0000] {logging_mixin.py:190} INFO - [2025-03-13T17:43:27.838+0000] {dagbag.py:588} INFO - Filling up the DagBag from /root/venv/lib/python3.12/site-packages/airflow/example_dags/example_external_task_marker_dag.py
[2025-03-13T17:43:27.858+0000] {processor.py:925} INFO - DAG(s) 'example_external_task_marker_child', 'example_external_task_marker_parent' retrieved from /root/venv/lib/python3.12/site-packages/airflow/example_dags/example_external_task_marker_dag.py
[2025-03-13T17:43:27.895+0000] {logging_mixin.py:190} INFO - [2025-03-13T17:43:27.895+0000] {dag.py:3239} INFO - Sync 2 DAGs
[2025-03-13T17:43:27.922+0000] {logging_mixin.py:190} INFO - [2025-03-13T17:43:27.922+0000] {dag.py:4180} INFO - Setting next_dagrun for example_external_task_marker_child to None, run_after=None
[2025-03-13T17:43:27.929+0000] {logging_mixin.py:190} INFO - [2025-03-13T17:43:27.928+0000] {dag.py:4180} INFO - Setting next_dagrun for example_external_task_marker_parent to None, run_after=None
[2025-03-13T17:43:27.965+0000] {processor.py:208} INFO - Processing /root/venv/lib/python3.12/site-packages/airflow/example_dags/example_external_task_marker_dag.py took 0.145 seconds
[2025-03-13T17:44:28.776+0000] {processor.py:186} INFO - Started process (PID=1659779) to work on /root/venv/lib/python3.12/site-packages/airflow/example_dags/example_external_task_marker_dag.py
[2025-03-13T17:44:28.777+0000] {processor.py:914} INFO - Processing file /root/venv/lib/python3.12/site-packages/airflow/example_dags/example_external_task_marker_dag.py for tasks to queue
[2025-03-13T17:44:28.780+0000] {logging_mixin.py:190} INFO - [2025-03-13T17:44:28.780+0000] {dagbag.py:588} INFO - Filling up the DagBag from /root/venv/lib/python3.12/site-packages/airflow/example_dags/example_external_task_marker_dag.py
[2025-03-13T17:44:28.791+0000] {processor.py:925} INFO - DAG(s) 'example_external_task_marker_parent', 'example_external_task_marker_child' retrieved from /root/venv/lib/python3.12/site-packages/airflow/example_dags/example_external_task_marker_dag.py
[2025-03-13T17:44:28.816+0000] {logging_mixin.py:190} INFO - [2025-03-13T17:44:28.816+0000] {dag.py:3239} INFO - Sync 2 DAGs
[2025-03-13T17:44:28.831+0000] {logging_mixin.py:190} INFO - [2025-03-13T17:44:28.830+0000] {dag.py:4180} INFO - Setting next_dagrun for example_external_task_marker_child to None, run_after=None
[2025-03-13T17:44:28.835+0000] {logging_mixin.py:190} INFO - [2025-03-13T17:44:28.835+0000] {dag.py:4180} INFO - Setting next_dagrun for example_external_task_marker_parent to None, run_after=None
[2025-03-13T17:44:28.864+0000] {processor.py:208} INFO - Processing /root/venv/lib/python3.12/site-packages/airflow/example_dags/example_external_task_marker_dag.py took 0.096 seconds
[2025-03-13T17:45:33.126+0000] {processor.py:186} INFO - Started process (PID=1659847) to work on /root/venv/lib/python3.12/site-packages/airflow/example_dags/example_external_task_marker_dag.py
[2025-03-13T17:45:33.127+0000] {processor.py:914} INFO - Processing file /root/venv/lib/python3.12/site-packages/airflow/example_dags/example_external_task_marker_dag.py for tasks to queue
[2025-03-13T17:45:33.131+0000] {logging_mixin.py:190} INFO - [2025-03-13T17:45:33.131+0000] {dagbag.py:588} INFO - Filling up the DagBag from /root/venv/lib/python3.12/site-packages/airflow/example_dags/example_external_task_marker_dag.py
[2025-03-13T17:45:33.147+0000] {processor.py:925} INFO - DAG(s) 'example_external_task_marker_child', 'example_external_task_marker_parent' retrieved from /root/venv/lib/python3.12/site-packages/airflow/example_dags/example_external_task_marker_dag.py
[2025-03-13T17:45:33.179+0000] {logging_mixin.py:190} INFO - [2025-03-13T17:45:33.178+0000] {dag.py:3239} INFO - Sync 2 DAGs
[2025-03-13T17:45:33.202+0000] {logging_mixin.py:190} INFO - [2025-03-13T17:45:33.202+0000] {dag.py:4180} INFO - Setting next_dagrun for example_external_task_marker_child to None, run_after=None
[2025-03-13T17:45:33.208+0000] {logging_mixin.py:190} INFO - [2025-03-13T17:45:33.207+0000] {dag.py:4180} INFO - Setting next_dagrun for example_external_task_marker_parent to None, run_after=None
[2025-03-13T17:45:33.240+0000] {processor.py:208} INFO - Processing /root/venv/lib/python3.12/site-packages/airflow/example_dags/example_external_task_marker_dag.py took 0.126 seconds
[2025-03-13T17:46:38.304+0000] {processor.py:186} INFO - Started process (PID=1659912) to work on /root/venv/lib/python3.12/site-packages/airflow/example_dags/example_external_task_marker_dag.py
[2025-03-13T17:46:38.305+0000] {processor.py:914} INFO - Processing file /root/venv/lib/python3.12/site-packages/airflow/example_dags/example_external_task_marker_dag.py for tasks to queue
[2025-03-13T17:46:38.309+0000] {logging_mixin.py:190} INFO - [2025-03-13T17:46:38.308+0000] {dagbag.py:588} INFO - Filling up the DagBag from /root/venv/lib/python3.12/site-packages/airflow/example_dags/example_external_task_marker_dag.py
[2025-03-13T17:46:38.322+0000] {processor.py:925} INFO - DAG(s) 'example_external_task_marker_child', 'example_external_task_marker_parent' retrieved from /root/venv/lib/python3.12/site-packages/airflow/example_dags/example_external_task_marker_dag.py
[2025-03-13T17:46:38.349+0000] {logging_mixin.py:190} INFO - [2025-03-13T17:46:38.348+0000] {dag.py:3239} INFO - Sync 2 DAGs
[2025-03-13T17:46:38.367+0000] {logging_mixin.py:190} INFO - [2025-03-13T17:46:38.366+0000] {dag.py:4180} INFO - Setting next_dagrun for example_external_task_marker_child to None, run_after=None
[2025-03-13T17:46:38.371+0000] {logging_mixin.py:190} INFO - [2025-03-13T17:46:38.371+0000] {dag.py:4180} INFO - Setting next_dagrun for example_external_task_marker_parent to None, run_after=None
[2025-03-13T17:46:38.403+0000] {processor.py:208} INFO - Processing /root/venv/lib/python3.12/site-packages/airflow/example_dags/example_external_task_marker_dag.py took 0.108 seconds
[2025-03-13T17:47:37.626+0000] {processor.py:186} INFO - Started process (PID=1659974) to work on /root/venv/lib/python3.12/site-packages/airflow/example_dags/example_external_task_marker_dag.py
[2025-03-13T17:47:37.628+0000] {processor.py:914} INFO - Processing file /root/venv/lib/python3.12/site-packages/airflow/example_dags/example_external_task_marker_dag.py for tasks to queue
[2025-03-13T17:47:37.631+0000] {logging_mixin.py:190} INFO - [2025-03-13T17:47:37.630+0000] {dagbag.py:588} INFO - Filling up the DagBag from /root/venv/lib/python3.12/site-packages/airflow/example_dags/example_external_task_marker_dag.py
[2025-03-13T17:47:37.643+0000] {processor.py:925} INFO - DAG(s) 'example_external_task_marker_child', 'example_external_task_marker_parent' retrieved from /root/venv/lib/python3.12/site-packages/airflow/example_dags/example_external_task_marker_dag.py
[2025-03-13T17:47:37.666+0000] {logging_mixin.py:190} INFO - [2025-03-13T17:47:37.666+0000] {dag.py:3239} INFO - Sync 2 DAGs
[2025-03-13T17:47:37.681+0000] {logging_mixin.py:190} INFO - [2025-03-13T17:47:37.681+0000] {dag.py:4180} INFO - Setting next_dagrun for example_external_task_marker_child to None, run_after=None
[2025-03-13T17:47:37.684+0000] {logging_mixin.py:190} INFO - [2025-03-13T17:47:37.684+0000] {dag.py:4180} INFO - Setting next_dagrun for example_external_task_marker_parent to None, run_after=None
[2025-03-13T17:47:37.704+0000] {processor.py:208} INFO - Processing /root/venv/lib/python3.12/site-packages/airflow/example_dags/example_external_task_marker_dag.py took 0.087 seconds
[2025-03-13T17:48:38.712+0000] {processor.py:186} INFO - Started process (PID=1660037) to work on /root/venv/lib/python3.12/site-packages/airflow/example_dags/example_external_task_marker_dag.py
[2025-03-13T17:48:38.713+0000] {processor.py:914} INFO - Processing file /root/venv/lib/python3.12/site-packages/airflow/example_dags/example_external_task_marker_dag.py for tasks to queue
[2025-03-13T17:48:38.717+0000] {logging_mixin.py:190} INFO - [2025-03-13T17:48:38.716+0000] {dagbag.py:588} INFO - Filling up the DagBag from /root/venv/lib/python3.12/site-packages/airflow/example_dags/example_external_task_marker_dag.py
[2025-03-13T17:48:38.731+0000] {processor.py:925} INFO - DAG(s) 'example_external_task_marker_child', 'example_external_task_marker_parent' retrieved from /root/venv/lib/python3.12/site-packages/airflow/example_dags/example_external_task_marker_dag.py
[2025-03-13T17:48:38.758+0000] {logging_mixin.py:190} INFO - [2025-03-13T17:48:38.758+0000] {dag.py:3239} INFO - Sync 2 DAGs
[2025-03-13T17:48:38.777+0000] {logging_mixin.py:190} INFO - [2025-03-13T17:48:38.777+0000] {dag.py:4180} INFO - Setting next_dagrun for example_external_task_marker_child to None, run_after=None
[2025-03-13T17:48:38.782+0000] {logging_mixin.py:190} INFO - [2025-03-13T17:48:38.782+0000] {dag.py:4180} INFO - Setting next_dagrun for example_external_task_marker_parent to None, run_after=None
[2025-03-13T17:48:38.811+0000] {processor.py:208} INFO - Processing /root/venv/lib/python3.12/site-packages/airflow/example_dags/example_external_task_marker_dag.py took 0.109 seconds
[2025-03-13T17:49:40.237+0000] {processor.py:186} INFO - Started process (PID=1660101) to work on /root/venv/lib/python3.12/site-packages/airflow/example_dags/example_external_task_marker_dag.py
[2025-03-13T17:49:40.238+0000] {processor.py:914} INFO - Processing file /root/venv/lib/python3.12/site-packages/airflow/example_dags/example_external_task_marker_dag.py for tasks to queue
[2025-03-13T17:49:40.241+0000] {logging_mixin.py:190} INFO - [2025-03-13T17:49:40.241+0000] {dagbag.py:588} INFO - Filling up the DagBag from /root/venv/lib/python3.12/site-packages/airflow/example_dags/example_external_task_marker_dag.py
[2025-03-13T17:49:40.254+0000] {processor.py:925} INFO - DAG(s) 'example_external_task_marker_child', 'example_external_task_marker_parent' retrieved from /root/venv/lib/python3.12/site-packages/airflow/example_dags/example_external_task_marker_dag.py
[2025-03-13T17:49:40.279+0000] {logging_mixin.py:190} INFO - [2025-03-13T17:49:40.279+0000] {dag.py:3239} INFO - Sync 2 DAGs
[2025-03-13T17:49:40.298+0000] {logging_mixin.py:190} INFO - [2025-03-13T17:49:40.297+0000] {dag.py:4180} INFO - Setting next_dagrun for example_external_task_marker_child to None, run_after=None
[2025-03-13T17:49:40.304+0000] {logging_mixin.py:190} INFO - [2025-03-13T17:49:40.303+0000] {dag.py:4180} INFO - Setting next_dagrun for example_external_task_marker_parent to None, run_after=None
[2025-03-13T17:49:40.332+0000] {processor.py:208} INFO - Processing /root/venv/lib/python3.12/site-packages/airflow/example_dags/example_external_task_marker_dag.py took 0.104 seconds
[2025-03-13T17:50:44.457+0000] {processor.py:186} INFO - Started process (PID=1660171) to work on /root/venv/lib/python3.12/site-packages/airflow/example_dags/example_external_task_marker_dag.py
[2025-03-13T17:50:44.459+0000] {processor.py:914} INFO - Processing file /root/venv/lib/python3.12/site-packages/airflow/example_dags/example_external_task_marker_dag.py for tasks to queue
[2025-03-13T17:50:44.463+0000] {logging_mixin.py:190} INFO - [2025-03-13T17:50:44.462+0000] {dagbag.py:588} INFO - Filling up the DagBag from /root/venv/lib/python3.12/site-packages/airflow/example_dags/example_external_task_marker_dag.py
[2025-03-13T17:50:44.475+0000] {processor.py:925} INFO - DAG(s) 'example_external_task_marker_parent', 'example_external_task_marker_child' retrieved from /root/venv/lib/python3.12/site-packages/airflow/example_dags/example_external_task_marker_dag.py
[2025-03-13T17:50:44.497+0000] {logging_mixin.py:190} INFO - [2025-03-13T17:50:44.497+0000] {dag.py:3239} INFO - Sync 2 DAGs
[2025-03-13T17:50:44.512+0000] {logging_mixin.py:190} INFO - [2025-03-13T17:50:44.512+0000] {dag.py:4180} INFO - Setting next_dagrun for example_external_task_marker_child to None, run_after=None
[2025-03-13T17:50:44.516+0000] {logging_mixin.py:190} INFO - [2025-03-13T17:50:44.516+0000] {dag.py:4180} INFO - Setting next_dagrun for example_external_task_marker_parent to None, run_after=None
[2025-03-13T17:50:44.536+0000] {processor.py:208} INFO - Processing /root/venv/lib/python3.12/site-packages/airflow/example_dags/example_external_task_marker_dag.py took 0.089 seconds
[2025-03-13T17:51:48.381+0000] {processor.py:186} INFO - Started process (PID=1660233) to work on /root/venv/lib/python3.12/site-packages/airflow/example_dags/example_external_task_marker_dag.py
[2025-03-13T17:51:48.383+0000] {processor.py:914} INFO - Processing file /root/venv/lib/python3.12/site-packages/airflow/example_dags/example_external_task_marker_dag.py for tasks to queue
[2025-03-13T17:51:48.386+0000] {logging_mixin.py:190} INFO - [2025-03-13T17:51:48.386+0000] {dagbag.py:588} INFO - Filling up the DagBag from /root/venv/lib/python3.12/site-packages/airflow/example_dags/example_external_task_marker_dag.py
[2025-03-13T17:51:48.397+0000] {processor.py:925} INFO - DAG(s) 'example_external_task_marker_parent', 'example_external_task_marker_child' retrieved from /root/venv/lib/python3.12/site-packages/airflow/example_dags/example_external_task_marker_dag.py
[2025-03-13T17:51:48.421+0000] {logging_mixin.py:190} INFO - [2025-03-13T17:51:48.420+0000] {dag.py:3239} INFO - Sync 2 DAGs
[2025-03-13T17:51:48.436+0000] {logging_mixin.py:190} INFO - [2025-03-13T17:51:48.436+0000] {dag.py:4180} INFO - Setting next_dagrun for example_external_task_marker_child to None, run_after=None
[2025-03-13T17:51:48.440+0000] {logging_mixin.py:190} INFO - [2025-03-13T17:51:48.440+0000] {dag.py:4180} INFO - Setting next_dagrun for example_external_task_marker_parent to None, run_after=None
[2025-03-13T17:51:48.460+0000] {processor.py:208} INFO - Processing /root/venv/lib/python3.12/site-packages/airflow/example_dags/example_external_task_marker_dag.py took 0.088 seconds
[2025-03-13T17:52:51.044+0000] {processor.py:186} INFO - Started process (PID=1660296) to work on /root/venv/lib/python3.12/site-packages/airflow/example_dags/example_external_task_marker_dag.py
[2025-03-13T17:52:51.045+0000] {processor.py:914} INFO - Processing file /root/venv/lib/python3.12/site-packages/airflow/example_dags/example_external_task_marker_dag.py for tasks to queue
[2025-03-13T17:52:51.048+0000] {logging_mixin.py:190} INFO - [2025-03-13T17:52:51.048+0000] {dagbag.py:588} INFO - Filling up the DagBag from /root/venv/lib/python3.12/site-packages/airflow/example_dags/example_external_task_marker_dag.py
[2025-03-13T17:52:51.060+0000] {processor.py:925} INFO - DAG(s) 'example_external_task_marker_child', 'example_external_task_marker_parent' retrieved from /root/venv/lib/python3.12/site-packages/airflow/example_dags/example_external_task_marker_dag.py
[2025-03-13T17:52:51.084+0000] {logging_mixin.py:190} INFO - [2025-03-13T17:52:51.084+0000] {dag.py:3239} INFO - Sync 2 DAGs
[2025-03-13T17:52:51.100+0000] {logging_mixin.py:190} INFO - [2025-03-13T17:52:51.100+0000] {dag.py:4180} INFO - Setting next_dagrun for example_external_task_marker_child to None, run_after=None
[2025-03-13T17:52:51.103+0000] {logging_mixin.py:190} INFO - [2025-03-13T17:52:51.103+0000] {dag.py:4180} INFO - Setting next_dagrun for example_external_task_marker_parent to None, run_after=None
[2025-03-13T17:52:51.145+0000] {processor.py:208} INFO - Processing /root/venv/lib/python3.12/site-packages/airflow/example_dags/example_external_task_marker_dag.py took 0.112 seconds
[2025-03-13T17:53:53.144+0000] {processor.py:186} INFO - Started process (PID=1660359) to work on /root/venv/lib/python3.12/site-packages/airflow/example_dags/example_external_task_marker_dag.py
[2025-03-13T17:53:53.145+0000] {processor.py:914} INFO - Processing file /root/venv/lib/python3.12/site-packages/airflow/example_dags/example_external_task_marker_dag.py for tasks to queue
[2025-03-13T17:53:53.148+0000] {logging_mixin.py:190} INFO - [2025-03-13T17:53:53.148+0000] {dagbag.py:588} INFO - Filling up the DagBag from /root/venv/lib/python3.12/site-packages/airflow/example_dags/example_external_task_marker_dag.py
[2025-03-13T17:53:53.159+0000] {processor.py:925} INFO - DAG(s) 'example_external_task_marker_parent', 'example_external_task_marker_child' retrieved from /root/venv/lib/python3.12/site-packages/airflow/example_dags/example_external_task_marker_dag.py
[2025-03-13T17:53:53.183+0000] {logging_mixin.py:190} INFO - [2025-03-13T17:53:53.183+0000] {dag.py:3239} INFO - Sync 2 DAGs
[2025-03-13T17:53:53.201+0000] {logging_mixin.py:190} INFO - [2025-03-13T17:53:53.200+0000] {dag.py:4180} INFO - Setting next_dagrun for example_external_task_marker_child to None, run_after=None
[2025-03-13T17:53:53.205+0000] {logging_mixin.py:190} INFO - [2025-03-13T17:53:53.204+0000] {dag.py:4180} INFO - Setting next_dagrun for example_external_task_marker_parent to None, run_after=None
[2025-03-13T17:53:53.229+0000] {processor.py:208} INFO - Processing /root/venv/lib/python3.12/site-packages/airflow/example_dags/example_external_task_marker_dag.py took 0.095 seconds
[2025-03-13T17:54:56.637+0000] {processor.py:186} INFO - Started process (PID=1660421) to work on /root/venv/lib/python3.12/site-packages/airflow/example_dags/example_external_task_marker_dag.py
[2025-03-13T17:54:56.639+0000] {processor.py:914} INFO - Processing file /root/venv/lib/python3.12/site-packages/airflow/example_dags/example_external_task_marker_dag.py for tasks to queue
[2025-03-13T17:54:56.643+0000] {logging_mixin.py:190} INFO - [2025-03-13T17:54:56.642+0000] {dagbag.py:588} INFO - Filling up the DagBag from /root/venv/lib/python3.12/site-packages/airflow/example_dags/example_external_task_marker_dag.py
[2025-03-13T17:54:56.661+0000] {processor.py:925} INFO - DAG(s) 'example_external_task_marker_child', 'example_external_task_marker_parent' retrieved from /root/venv/lib/python3.12/site-packages/airflow/example_dags/example_external_task_marker_dag.py
[2025-03-13T17:54:56.696+0000] {logging_mixin.py:190} INFO - [2025-03-13T17:54:56.695+0000] {dag.py:3239} INFO - Sync 2 DAGs
[2025-03-13T17:54:56.721+0000] {logging_mixin.py:190} INFO - [2025-03-13T17:54:56.721+0000] {dag.py:4180} INFO - Setting next_dagrun for example_external_task_marker_child to None, run_after=None
[2025-03-13T17:54:56.728+0000] {logging_mixin.py:190} INFO - [2025-03-13T17:54:56.728+0000] {dag.py:4180} INFO - Setting next_dagrun for example_external_task_marker_parent to None, run_after=None
[2025-03-13T17:54:56.755+0000] {processor.py:208} INFO - Processing /root/venv/lib/python3.12/site-packages/airflow/example_dags/example_external_task_marker_dag.py took 0.132 seconds
[2025-03-13T17:56:10.914+0000] {processor.py:186} INFO - Started process (PID=1660511) to work on /root/venv/lib/python3.12/site-packages/airflow/example_dags/example_external_task_marker_dag.py
[2025-03-13T17:56:10.916+0000] {processor.py:914} INFO - Processing file /root/venv/lib/python3.12/site-packages/airflow/example_dags/example_external_task_marker_dag.py for tasks to queue
[2025-03-13T17:56:10.918+0000] {logging_mixin.py:190} INFO - [2025-03-13T17:56:10.918+0000] {dagbag.py:588} INFO - Filling up the DagBag from /root/venv/lib/python3.12/site-packages/airflow/example_dags/example_external_task_marker_dag.py
[2025-03-13T17:56:10.931+0000] {processor.py:925} INFO - DAG(s) 'example_external_task_marker_child', 'example_external_task_marker_parent' retrieved from /root/venv/lib/python3.12/site-packages/airflow/example_dags/example_external_task_marker_dag.py
[2025-03-13T17:56:10.957+0000] {logging_mixin.py:190} INFO - [2025-03-13T17:56:10.957+0000] {dag.py:3239} INFO - Sync 2 DAGs
[2025-03-13T17:56:10.972+0000] {logging_mixin.py:190} INFO - [2025-03-13T17:56:10.972+0000] {dag.py:4180} INFO - Setting next_dagrun for example_external_task_marker_child to None, run_after=None
[2025-03-13T17:56:10.975+0000] {logging_mixin.py:190} INFO - [2025-03-13T17:56:10.975+0000] {dag.py:4180} INFO - Setting next_dagrun for example_external_task_marker_parent to None, run_after=None
[2025-03-13T17:56:10.997+0000] {processor.py:208} INFO - Processing /root/venv/lib/python3.12/site-packages/airflow/example_dags/example_external_task_marker_dag.py took 0.091 seconds
[2025-03-13T17:57:03.520+0000] {processor.py:186} INFO - Started process (PID=1660581) to work on /root/venv/lib/python3.12/site-packages/airflow/example_dags/example_external_task_marker_dag.py
[2025-03-13T17:57:03.522+0000] {processor.py:914} INFO - Processing file /root/venv/lib/python3.12/site-packages/airflow/example_dags/example_external_task_marker_dag.py for tasks to queue
[2025-03-13T17:57:03.527+0000] {logging_mixin.py:190} INFO - [2025-03-13T17:57:03.526+0000] {dagbag.py:588} INFO - Filling up the DagBag from /root/venv/lib/python3.12/site-packages/airflow/example_dags/example_external_task_marker_dag.py
[2025-03-13T17:57:03.542+0000] {processor.py:925} INFO - DAG(s) 'example_external_task_marker_parent', 'example_external_task_marker_child' retrieved from /root/venv/lib/python3.12/site-packages/airflow/example_dags/example_external_task_marker_dag.py
[2025-03-13T17:57:03.577+0000] {logging_mixin.py:190} INFO - [2025-03-13T17:57:03.576+0000] {dag.py:3239} INFO - Sync 2 DAGs
[2025-03-13T17:57:03.598+0000] {logging_mixin.py:190} INFO - [2025-03-13T17:57:03.598+0000] {dag.py:4180} INFO - Setting next_dagrun for example_external_task_marker_child to None, run_after=None
[2025-03-13T17:57:03.604+0000] {logging_mixin.py:190} INFO - [2025-03-13T17:57:03.603+0000] {dag.py:4180} INFO - Setting next_dagrun for example_external_task_marker_parent to None, run_after=None
[2025-03-13T17:57:03.632+0000] {processor.py:208} INFO - Processing /root/venv/lib/python3.12/site-packages/airflow/example_dags/example_external_task_marker_dag.py took 0.121 seconds
[2025-03-13T17:58:02.082+0000] {processor.py:186} INFO - Started process (PID=1660643) to work on /root/venv/lib/python3.12/site-packages/airflow/example_dags/example_external_task_marker_dag.py
[2025-03-13T17:58:02.084+0000] {processor.py:914} INFO - Processing file /root/venv/lib/python3.12/site-packages/airflow/example_dags/example_external_task_marker_dag.py for tasks to queue
[2025-03-13T17:58:02.088+0000] {logging_mixin.py:190} INFO - [2025-03-13T17:58:02.087+0000] {dagbag.py:588} INFO - Filling up the DagBag from /root/venv/lib/python3.12/site-packages/airflow/example_dags/example_external_task_marker_dag.py
[2025-03-13T17:58:02.106+0000] {processor.py:925} INFO - DAG(s) 'example_external_task_marker_parent', 'example_external_task_marker_child' retrieved from /root/venv/lib/python3.12/site-packages/airflow/example_dags/example_external_task_marker_dag.py
[2025-03-13T17:58:02.144+0000] {logging_mixin.py:190} INFO - [2025-03-13T17:58:02.144+0000] {dag.py:3239} INFO - Sync 2 DAGs
[2025-03-13T17:58:02.169+0000] {logging_mixin.py:190} INFO - [2025-03-13T17:58:02.168+0000] {dag.py:4180} INFO - Setting next_dagrun for example_external_task_marker_child to None, run_after=None
[2025-03-13T17:58:02.176+0000] {logging_mixin.py:190} INFO - [2025-03-13T17:58:02.175+0000] {dag.py:4180} INFO - Setting next_dagrun for example_external_task_marker_parent to None, run_after=None
[2025-03-13T17:58:02.212+0000] {processor.py:208} INFO - Processing /root/venv/lib/python3.12/site-packages/airflow/example_dags/example_external_task_marker_dag.py took 0.141 seconds
[2025-03-13T17:59:01.024+0000] {processor.py:186} INFO - Started process (PID=1660712) to work on /root/venv/lib/python3.12/site-packages/airflow/example_dags/example_external_task_marker_dag.py
[2025-03-13T17:59:01.026+0000] {processor.py:914} INFO - Processing file /root/venv/lib/python3.12/site-packages/airflow/example_dags/example_external_task_marker_dag.py for tasks to queue
[2025-03-13T17:59:01.029+0000] {logging_mixin.py:190} INFO - [2025-03-13T17:59:01.029+0000] {dagbag.py:588} INFO - Filling up the DagBag from /root/venv/lib/python3.12/site-packages/airflow/example_dags/example_external_task_marker_dag.py
[2025-03-13T17:59:01.043+0000] {processor.py:925} INFO - DAG(s) 'example_external_task_marker_parent', 'example_external_task_marker_child' retrieved from /root/venv/lib/python3.12/site-packages/airflow/example_dags/example_external_task_marker_dag.py
[2025-03-13T17:59:01.070+0000] {logging_mixin.py:190} INFO - [2025-03-13T17:59:01.070+0000] {dag.py:3239} INFO - Sync 2 DAGs
[2025-03-13T17:59:01.089+0000] {logging_mixin.py:190} INFO - [2025-03-13T17:59:01.088+0000] {dag.py:4180} INFO - Setting next_dagrun for example_external_task_marker_child to None, run_after=None
[2025-03-13T17:59:01.093+0000] {logging_mixin.py:190} INFO - [2025-03-13T17:59:01.093+0000] {dag.py:4180} INFO - Setting next_dagrun for example_external_task_marker_parent to None, run_after=None
[2025-03-13T17:59:01.120+0000] {processor.py:208} INFO - Processing /root/venv/lib/python3.12/site-packages/airflow/example_dags/example_external_task_marker_dag.py took 0.103 seconds
[2025-03-13T18:00:02.485+0000] {processor.py:186} INFO - Started process (PID=1660774) to work on /root/venv/lib/python3.12/site-packages/airflow/example_dags/example_external_task_marker_dag.py
[2025-03-13T18:00:02.488+0000] {processor.py:914} INFO - Processing file /root/venv/lib/python3.12/site-packages/airflow/example_dags/example_external_task_marker_dag.py for tasks to queue
[2025-03-13T18:00:02.492+0000] {logging_mixin.py:190} INFO - [2025-03-13T18:00:02.491+0000] {dagbag.py:588} INFO - Filling up the DagBag from /root/venv/lib/python3.12/site-packages/airflow/example_dags/example_external_task_marker_dag.py
[2025-03-13T18:00:02.509+0000] {processor.py:925} INFO - DAG(s) 'example_external_task_marker_child', 'example_external_task_marker_parent' retrieved from /root/venv/lib/python3.12/site-packages/airflow/example_dags/example_external_task_marker_dag.py
[2025-03-13T18:00:02.543+0000] {logging_mixin.py:190} INFO - [2025-03-13T18:00:02.542+0000] {dag.py:3239} INFO - Sync 2 DAGs
[2025-03-13T18:00:02.561+0000] {logging_mixin.py:190} INFO - [2025-03-13T18:00:02.560+0000] {dag.py:4180} INFO - Setting next_dagrun for example_external_task_marker_child to None, run_after=None
[2025-03-13T18:00:02.566+0000] {logging_mixin.py:190} INFO - [2025-03-13T18:00:02.565+0000] {dag.py:4180} INFO - Setting next_dagrun for example_external_task_marker_parent to None, run_after=None
[2025-03-13T18:00:02.600+0000] {processor.py:208} INFO - Processing /root/venv/lib/python3.12/site-packages/airflow/example_dags/example_external_task_marker_dag.py took 0.126 seconds
[2025-03-13T18:01:36.566+0000] {processor.py:186} INFO - Started process (PID=1660877) to work on /root/venv/lib/python3.12/site-packages/airflow/example_dags/example_external_task_marker_dag.py
[2025-03-13T18:01:36.568+0000] {processor.py:914} INFO - Processing file /root/venv/lib/python3.12/site-packages/airflow/example_dags/example_external_task_marker_dag.py for tasks to queue
[2025-03-13T18:01:36.572+0000] {logging_mixin.py:190} INFO - [2025-03-13T18:01:36.571+0000] {dagbag.py:588} INFO - Filling up the DagBag from /root/venv/lib/python3.12/site-packages/airflow/example_dags/example_external_task_marker_dag.py
[2025-03-13T18:01:36.588+0000] {processor.py:925} INFO - DAG(s) 'example_external_task_marker_child', 'example_external_task_marker_parent' retrieved from /root/venv/lib/python3.12/site-packages/airflow/example_dags/example_external_task_marker_dag.py
[2025-03-13T18:01:36.614+0000] {logging_mixin.py:190} INFO - [2025-03-13T18:01:36.614+0000] {dag.py:3239} INFO - Sync 2 DAGs
[2025-03-13T18:01:36.630+0000] {logging_mixin.py:190} INFO - [2025-03-13T18:01:36.629+0000] {dag.py:4180} INFO - Setting next_dagrun for example_external_task_marker_child to None, run_after=None
[2025-03-13T18:01:36.634+0000] {logging_mixin.py:190} INFO - [2025-03-13T18:01:36.634+0000] {dag.py:4180} INFO - Setting next_dagrun for example_external_task_marker_parent to None, run_after=None
[2025-03-13T18:01:36.657+0000] {processor.py:208} INFO - Processing /root/venv/lib/python3.12/site-packages/airflow/example_dags/example_external_task_marker_dag.py took 0.102 seconds
[2025-03-13T18:02:38.032+0000] {processor.py:186} INFO - Started process (PID=1660952) to work on /root/venv/lib/python3.12/site-packages/airflow/example_dags/example_external_task_marker_dag.py
[2025-03-13T18:02:38.034+0000] {processor.py:914} INFO - Processing file /root/venv/lib/python3.12/site-packages/airflow/example_dags/example_external_task_marker_dag.py for tasks to queue
[2025-03-13T18:02:38.038+0000] {logging_mixin.py:190} INFO - [2025-03-13T18:02:38.038+0000] {dagbag.py:588} INFO - Filling up the DagBag from /root/venv/lib/python3.12/site-packages/airflow/example_dags/example_external_task_marker_dag.py
[2025-03-13T18:02:38.052+0000] {processor.py:925} INFO - DAG(s) 'example_external_task_marker_child', 'example_external_task_marker_parent' retrieved from /root/venv/lib/python3.12/site-packages/airflow/example_dags/example_external_task_marker_dag.py
[2025-03-13T18:02:38.078+0000] {logging_mixin.py:190} INFO - [2025-03-13T18:02:38.078+0000] {dag.py:3239} INFO - Sync 2 DAGs
[2025-03-13T18:02:38.094+0000] {logging_mixin.py:190} INFO - [2025-03-13T18:02:38.094+0000] {dag.py:4180} INFO - Setting next_dagrun for example_external_task_marker_child to None, run_after=None
[2025-03-13T18:02:38.099+0000] {logging_mixin.py:190} INFO - [2025-03-13T18:02:38.098+0000] {dag.py:4180} INFO - Setting next_dagrun for example_external_task_marker_parent to None, run_after=None
[2025-03-13T18:02:38.124+0000] {processor.py:208} INFO - Processing /root/venv/lib/python3.12/site-packages/airflow/example_dags/example_external_task_marker_dag.py took 0.103 seconds
[2025-03-13T18:03:43.095+0000] {processor.py:186} INFO - Started process (PID=1661020) to work on /root/venv/lib/python3.12/site-packages/airflow/example_dags/example_external_task_marker_dag.py
[2025-03-13T18:03:43.097+0000] {processor.py:914} INFO - Processing file /root/venv/lib/python3.12/site-packages/airflow/example_dags/example_external_task_marker_dag.py for tasks to queue
[2025-03-13T18:03:43.099+0000] {logging_mixin.py:190} INFO - [2025-03-13T18:03:43.099+0000] {dagbag.py:588} INFO - Filling up the DagBag from /root/venv/lib/python3.12/site-packages/airflow/example_dags/example_external_task_marker_dag.py
[2025-03-13T18:03:43.110+0000] {processor.py:925} INFO - DAG(s) 'example_external_task_marker_parent', 'example_external_task_marker_child' retrieved from /root/venv/lib/python3.12/site-packages/airflow/example_dags/example_external_task_marker_dag.py
[2025-03-13T18:03:43.130+0000] {logging_mixin.py:190} INFO - [2025-03-13T18:03:43.129+0000] {dag.py:3239} INFO - Sync 2 DAGs
[2025-03-13T18:03:43.143+0000] {logging_mixin.py:190} INFO - [2025-03-13T18:03:43.143+0000] {dag.py:4180} INFO - Setting next_dagrun for example_external_task_marker_child to None, run_after=None
[2025-03-13T18:03:43.146+0000] {logging_mixin.py:190} INFO - [2025-03-13T18:03:43.146+0000] {dag.py:4180} INFO - Setting next_dagrun for example_external_task_marker_parent to None, run_after=None
[2025-03-13T18:03:43.313+0000] {processor.py:208} INFO - Processing /root/venv/lib/python3.12/site-packages/airflow/example_dags/example_external_task_marker_dag.py took 0.225 seconds
[2025-03-13T18:05:04.743+0000] {processor.py:186} INFO - Started process (PID=1661095) to work on /root/venv/lib/python3.12/site-packages/airflow/example_dags/example_external_task_marker_dag.py
[2025-03-13T18:05:04.745+0000] {processor.py:914} INFO - Processing file /root/venv/lib/python3.12/site-packages/airflow/example_dags/example_external_task_marker_dag.py for tasks to queue
[2025-03-13T18:05:04.748+0000] {logging_mixin.py:190} INFO - [2025-03-13T18:05:04.748+0000] {dagbag.py:588} INFO - Filling up the DagBag from /root/venv/lib/python3.12/site-packages/airflow/example_dags/example_external_task_marker_dag.py
[2025-03-13T18:05:04.762+0000] {processor.py:925} INFO - DAG(s) 'example_external_task_marker_parent', 'example_external_task_marker_child' retrieved from /root/venv/lib/python3.12/site-packages/airflow/example_dags/example_external_task_marker_dag.py
[2025-03-13T18:05:04.795+0000] {logging_mixin.py:190} INFO - [2025-03-13T18:05:04.795+0000] {dag.py:3239} INFO - Sync 2 DAGs
[2025-03-13T18:05:04.817+0000] {logging_mixin.py:190} INFO - [2025-03-13T18:05:04.816+0000] {dag.py:4180} INFO - Setting next_dagrun for example_external_task_marker_child to None, run_after=None
[2025-03-13T18:05:04.822+0000] {logging_mixin.py:190} INFO - [2025-03-13T18:05:04.822+0000] {dag.py:4180} INFO - Setting next_dagrun for example_external_task_marker_parent to None, run_after=None
[2025-03-13T18:05:04.851+0000] {processor.py:208} INFO - Processing /root/venv/lib/python3.12/site-packages/airflow/example_dags/example_external_task_marker_dag.py took 0.118 seconds
[2025-03-13T18:06:12.190+0000] {processor.py:186} INFO - Started process (PID=1661164) to work on /root/venv/lib/python3.12/site-packages/airflow/example_dags/example_external_task_marker_dag.py
[2025-03-13T18:06:12.192+0000] {processor.py:914} INFO - Processing file /root/venv/lib/python3.12/site-packages/airflow/example_dags/example_external_task_marker_dag.py for tasks to queue
[2025-03-13T18:06:12.196+0000] {logging_mixin.py:190} INFO - [2025-03-13T18:06:12.195+0000] {dagbag.py:588} INFO - Filling up the DagBag from /root/venv/lib/python3.12/site-packages/airflow/example_dags/example_external_task_marker_dag.py
[2025-03-13T18:06:12.211+0000] {processor.py:925} INFO - DAG(s) 'example_external_task_marker_parent', 'example_external_task_marker_child' retrieved from /root/venv/lib/python3.12/site-packages/airflow/example_dags/example_external_task_marker_dag.py
[2025-03-13T18:06:12.244+0000] {logging_mixin.py:190} INFO - [2025-03-13T18:06:12.243+0000] {dag.py:3239} INFO - Sync 2 DAGs
[2025-03-13T18:06:12.265+0000] {logging_mixin.py:190} INFO - [2025-03-13T18:06:12.264+0000] {dag.py:4180} INFO - Setting next_dagrun for example_external_task_marker_child to None, run_after=None
[2025-03-13T18:06:12.270+0000] {logging_mixin.py:190} INFO - [2025-03-13T18:06:12.270+0000] {dag.py:4180} INFO - Setting next_dagrun for example_external_task_marker_parent to None, run_after=None
[2025-03-13T18:06:12.300+0000] {processor.py:208} INFO - Processing /root/venv/lib/python3.12/site-packages/airflow/example_dags/example_external_task_marker_dag.py took 0.120 seconds
[2025-03-13T18:07:23.113+0000] {processor.py:186} INFO - Started process (PID=1661240) to work on /root/venv/lib/python3.12/site-packages/airflow/example_dags/example_external_task_marker_dag.py
[2025-03-13T18:07:23.115+0000] {processor.py:914} INFO - Processing file /root/venv/lib/python3.12/site-packages/airflow/example_dags/example_external_task_marker_dag.py for tasks to queue
[2025-03-13T18:07:23.120+0000] {logging_mixin.py:190} INFO - [2025-03-13T18:07:23.119+0000] {dagbag.py:588} INFO - Filling up the DagBag from /root/venv/lib/python3.12/site-packages/airflow/example_dags/example_external_task_marker_dag.py
[2025-03-13T18:07:23.136+0000] {processor.py:925} INFO - DAG(s) 'example_external_task_marker_parent', 'example_external_task_marker_child' retrieved from /root/venv/lib/python3.12/site-packages/airflow/example_dags/example_external_task_marker_dag.py
[2025-03-13T18:07:23.176+0000] {logging_mixin.py:190} INFO - [2025-03-13T18:07:23.175+0000] {dag.py:3239} INFO - Sync 2 DAGs
[2025-03-13T18:07:23.201+0000] {logging_mixin.py:190} INFO - [2025-03-13T18:07:23.200+0000] {dag.py:4180} INFO - Setting next_dagrun for example_external_task_marker_child to None, run_after=None
[2025-03-13T18:07:23.207+0000] {logging_mixin.py:190} INFO - [2025-03-13T18:07:23.207+0000] {dag.py:4180} INFO - Setting next_dagrun for example_external_task_marker_parent to None, run_after=None
[2025-03-13T18:07:23.244+0000] {processor.py:208} INFO - Processing /root/venv/lib/python3.12/site-packages/airflow/example_dags/example_external_task_marker_dag.py took 0.139 seconds
[2025-03-13T18:08:28.691+0000] {processor.py:186} INFO - Started process (PID=1661319) to work on /root/venv/lib/python3.12/site-packages/airflow/example_dags/example_external_task_marker_dag.py
[2025-03-13T18:08:28.693+0000] {processor.py:914} INFO - Processing file /root/venv/lib/python3.12/site-packages/airflow/example_dags/example_external_task_marker_dag.py for tasks to queue
[2025-03-13T18:08:28.698+0000] {logging_mixin.py:190} INFO - [2025-03-13T18:08:28.697+0000] {dagbag.py:588} INFO - Filling up the DagBag from /root/venv/lib/python3.12/site-packages/airflow/example_dags/example_external_task_marker_dag.py
[2025-03-13T18:08:28.714+0000] {processor.py:925} INFO - DAG(s) 'example_external_task_marker_parent', 'example_external_task_marker_child' retrieved from /root/venv/lib/python3.12/site-packages/airflow/example_dags/example_external_task_marker_dag.py
[2025-03-13T18:08:28.750+0000] {logging_mixin.py:190} INFO - [2025-03-13T18:08:28.749+0000] {dag.py:3239} INFO - Sync 2 DAGs
[2025-03-13T18:08:28.772+0000] {logging_mixin.py:190} INFO - [2025-03-13T18:08:28.771+0000] {dag.py:4180} INFO - Setting next_dagrun for example_external_task_marker_child to None, run_after=None
[2025-03-13T18:08:28.778+0000] {logging_mixin.py:190} INFO - [2025-03-13T18:08:28.778+0000] {dag.py:4180} INFO - Setting next_dagrun for example_external_task_marker_parent to None, run_after=None
[2025-03-13T18:08:28.809+0000] {processor.py:208} INFO - Processing /root/venv/lib/python3.12/site-packages/airflow/example_dags/example_external_task_marker_dag.py took 0.129 seconds
[2025-03-13T18:09:32.706+0000] {processor.py:186} INFO - Started process (PID=1661388) to work on /root/venv/lib/python3.12/site-packages/airflow/example_dags/example_external_task_marker_dag.py
[2025-03-13T18:09:32.708+0000] {processor.py:914} INFO - Processing file /root/venv/lib/python3.12/site-packages/airflow/example_dags/example_external_task_marker_dag.py for tasks to queue
[2025-03-13T18:09:32.711+0000] {logging_mixin.py:190} INFO - [2025-03-13T18:09:32.711+0000] {dagbag.py:588} INFO - Filling up the DagBag from /root/venv/lib/python3.12/site-packages/airflow/example_dags/example_external_task_marker_dag.py
[2025-03-13T18:09:32.723+0000] {processor.py:925} INFO - DAG(s) 'example_external_task_marker_parent', 'example_external_task_marker_child' retrieved from /root/venv/lib/python3.12/site-packages/airflow/example_dags/example_external_task_marker_dag.py
[2025-03-13T18:09:32.747+0000] {logging_mixin.py:190} INFO - [2025-03-13T18:09:32.747+0000] {dag.py:3239} INFO - Sync 2 DAGs
[2025-03-13T18:09:32.763+0000] {logging_mixin.py:190} INFO - [2025-03-13T18:09:32.762+0000] {dag.py:4180} INFO - Setting next_dagrun for example_external_task_marker_child to None, run_after=None
[2025-03-13T18:09:32.766+0000] {logging_mixin.py:190} INFO - [2025-03-13T18:09:32.766+0000] {dag.py:4180} INFO - Setting next_dagrun for example_external_task_marker_parent to None, run_after=None
[2025-03-13T18:09:32.790+0000] {processor.py:208} INFO - Processing /root/venv/lib/python3.12/site-packages/airflow/example_dags/example_external_task_marker_dag.py took 0.093 seconds
[2025-03-13T18:10:34.899+0000] {processor.py:186} INFO - Started process (PID=1661456) to work on /root/venv/lib/python3.12/site-packages/airflow/example_dags/example_external_task_marker_dag.py
[2025-03-13T18:10:34.900+0000] {processor.py:914} INFO - Processing file /root/venv/lib/python3.12/site-packages/airflow/example_dags/example_external_task_marker_dag.py for tasks to queue
[2025-03-13T18:10:34.904+0000] {logging_mixin.py:190} INFO - [2025-03-13T18:10:34.903+0000] {dagbag.py:588} INFO - Filling up the DagBag from /root/venv/lib/python3.12/site-packages/airflow/example_dags/example_external_task_marker_dag.py
[2025-03-13T18:10:34.919+0000] {processor.py:925} INFO - DAG(s) 'example_external_task_marker_parent', 'example_external_task_marker_child' retrieved from /root/venv/lib/python3.12/site-packages/airflow/example_dags/example_external_task_marker_dag.py
[2025-03-13T18:10:34.952+0000] {logging_mixin.py:190} INFO - [2025-03-13T18:10:34.952+0000] {dag.py:3239} INFO - Sync 2 DAGs
[2025-03-13T18:10:34.973+0000] {logging_mixin.py:190} INFO - [2025-03-13T18:10:34.973+0000] {dag.py:4180} INFO - Setting next_dagrun for example_external_task_marker_child to None, run_after=None
[2025-03-13T18:10:34.978+0000] {logging_mixin.py:190} INFO - [2025-03-13T18:10:34.978+0000] {dag.py:4180} INFO - Setting next_dagrun for example_external_task_marker_parent to None, run_after=None
[2025-03-13T18:10:35.012+0000] {processor.py:208} INFO - Processing /root/venv/lib/python3.12/site-packages/airflow/example_dags/example_external_task_marker_dag.py took 0.123 seconds
[2025-03-13T18:11:41.698+0000] {processor.py:186} INFO - Started process (PID=1661524) to work on /root/venv/lib/python3.12/site-packages/airflow/example_dags/example_external_task_marker_dag.py
[2025-03-13T18:11:41.699+0000] {processor.py:914} INFO - Processing file /root/venv/lib/python3.12/site-packages/airflow/example_dags/example_external_task_marker_dag.py for tasks to queue
[2025-03-13T18:11:41.701+0000] {logging_mixin.py:190} INFO - [2025-03-13T18:11:41.700+0000] {dagbag.py:588} INFO - Filling up the DagBag from /root/venv/lib/python3.12/site-packages/airflow/example_dags/example_external_task_marker_dag.py
[2025-03-13T18:11:41.711+0000] {processor.py:925} INFO - DAG(s) 'example_external_task_marker_parent', 'example_external_task_marker_child' retrieved from /root/venv/lib/python3.12/site-packages/airflow/example_dags/example_external_task_marker_dag.py
[2025-03-13T18:11:41.732+0000] {logging_mixin.py:190} INFO - [2025-03-13T18:11:41.731+0000] {dag.py:3239} INFO - Sync 2 DAGs
[2025-03-13T18:11:41.748+0000] {logging_mixin.py:190} INFO - [2025-03-13T18:11:41.748+0000] {dag.py:4180} INFO - Setting next_dagrun for example_external_task_marker_child to None, run_after=None
[2025-03-13T18:11:41.751+0000] {logging_mixin.py:190} INFO - [2025-03-13T18:11:41.751+0000] {dag.py:4180} INFO - Setting next_dagrun for example_external_task_marker_parent to None, run_after=None
[2025-03-13T18:11:41.769+0000] {processor.py:208} INFO - Processing /root/venv/lib/python3.12/site-packages/airflow/example_dags/example_external_task_marker_dag.py took 0.079 seconds
[2025-03-13T18:12:48.150+0000] {processor.py:186} INFO - Started process (PID=1661603) to work on /root/venv/lib/python3.12/site-packages/airflow/example_dags/example_external_task_marker_dag.py
[2025-03-13T18:12:48.152+0000] {processor.py:914} INFO - Processing file /root/venv/lib/python3.12/site-packages/airflow/example_dags/example_external_task_marker_dag.py for tasks to queue
[2025-03-13T18:12:48.153+0000] {logging_mixin.py:190} INFO - [2025-03-13T18:12:48.153+0000] {dagbag.py:588} INFO - Filling up the DagBag from /root/venv/lib/python3.12/site-packages/airflow/example_dags/example_external_task_marker_dag.py
[2025-03-13T18:12:48.164+0000] {processor.py:925} INFO - DAG(s) 'example_external_task_marker_child', 'example_external_task_marker_parent' retrieved from /root/venv/lib/python3.12/site-packages/airflow/example_dags/example_external_task_marker_dag.py
[2025-03-13T18:12:48.188+0000] {logging_mixin.py:190} INFO - [2025-03-13T18:12:48.187+0000] {dag.py:3239} INFO - Sync 2 DAGs
[2025-03-13T18:12:48.202+0000] {logging_mixin.py:190} INFO - [2025-03-13T18:12:48.202+0000] {dag.py:4180} INFO - Setting next_dagrun for example_external_task_marker_child to None, run_after=None
[2025-03-13T18:12:48.205+0000] {logging_mixin.py:190} INFO - [2025-03-13T18:12:48.205+0000] {dag.py:4180} INFO - Setting next_dagrun for example_external_task_marker_parent to None, run_after=None
[2025-03-13T18:12:48.224+0000] {processor.py:208} INFO - Processing /root/venv/lib/python3.12/site-packages/airflow/example_dags/example_external_task_marker_dag.py took 0.081 seconds
[2025-03-13T18:13:54.528+0000] {processor.py:186} INFO - Started process (PID=1661669) to work on /root/venv/lib/python3.12/site-packages/airflow/example_dags/example_external_task_marker_dag.py
[2025-03-13T18:13:54.529+0000] {processor.py:914} INFO - Processing file /root/venv/lib/python3.12/site-packages/airflow/example_dags/example_external_task_marker_dag.py for tasks to queue
[2025-03-13T18:13:54.531+0000] {logging_mixin.py:190} INFO - [2025-03-13T18:13:54.531+0000] {dagbag.py:588} INFO - Filling up the DagBag from /root/venv/lib/python3.12/site-packages/airflow/example_dags/example_external_task_marker_dag.py
[2025-03-13T18:13:54.543+0000] {processor.py:925} INFO - DAG(s) 'example_external_task_marker_parent', 'example_external_task_marker_child' retrieved from /root/venv/lib/python3.12/site-packages/airflow/example_dags/example_external_task_marker_dag.py
[2025-03-13T18:13:54.568+0000] {logging_mixin.py:190} INFO - [2025-03-13T18:13:54.568+0000] {dag.py:3239} INFO - Sync 2 DAGs
[2025-03-13T18:13:54.585+0000] {logging_mixin.py:190} INFO - [2025-03-13T18:13:54.584+0000] {dag.py:4180} INFO - Setting next_dagrun for example_external_task_marker_child to None, run_after=None
[2025-03-13T18:13:54.588+0000] {logging_mixin.py:190} INFO - [2025-03-13T18:13:54.588+0000] {dag.py:4180} INFO - Setting next_dagrun for example_external_task_marker_parent to None, run_after=None
[2025-03-13T18:13:54.612+0000] {processor.py:208} INFO - Processing /root/venv/lib/python3.12/site-packages/airflow/example_dags/example_external_task_marker_dag.py took 0.092 seconds
[2025-03-13T18:15:04.668+0000] {processor.py:186} INFO - Started process (PID=1661747) to work on /root/venv/lib/python3.12/site-packages/airflow/example_dags/example_external_task_marker_dag.py
[2025-03-13T18:15:04.670+0000] {processor.py:914} INFO - Processing file /root/venv/lib/python3.12/site-packages/airflow/example_dags/example_external_task_marker_dag.py for tasks to queue
[2025-03-13T18:15:04.672+0000] {logging_mixin.py:190} INFO - [2025-03-13T18:15:04.672+0000] {dagbag.py:588} INFO - Filling up the DagBag from /root/venv/lib/python3.12/site-packages/airflow/example_dags/example_external_task_marker_dag.py
[2025-03-13T18:15:04.690+0000] {processor.py:925} INFO - DAG(s) 'example_external_task_marker_parent', 'example_external_task_marker_child' retrieved from /root/venv/lib/python3.12/site-packages/airflow/example_dags/example_external_task_marker_dag.py
[2025-03-13T18:15:04.721+0000] {logging_mixin.py:190} INFO - [2025-03-13T18:15:04.720+0000] {dag.py:3239} INFO - Sync 2 DAGs
[2025-03-13T18:15:04.739+0000] {logging_mixin.py:190} INFO - [2025-03-13T18:15:04.739+0000] {dag.py:4180} INFO - Setting next_dagrun for example_external_task_marker_child to None, run_after=None
[2025-03-13T18:15:04.744+0000] {logging_mixin.py:190} INFO - [2025-03-13T18:15:04.743+0000] {dag.py:4180} INFO - Setting next_dagrun for example_external_task_marker_parent to None, run_after=None
[2025-03-13T18:15:04.769+0000] {processor.py:208} INFO - Processing /root/venv/lib/python3.12/site-packages/airflow/example_dags/example_external_task_marker_dag.py took 0.113 seconds
[2025-03-13T19:39:42.277+0000] {processor.py:186} INFO - Started process (PID=1662406) to work on /root/venv/lib/python3.12/site-packages/airflow/example_dags/example_external_task_marker_dag.py
[2025-03-13T19:39:42.278+0000] {processor.py:914} INFO - Processing file /root/venv/lib/python3.12/site-packages/airflow/example_dags/example_external_task_marker_dag.py for tasks to queue
[2025-03-13T19:39:42.280+0000] {logging_mixin.py:190} INFO - [2025-03-13T19:39:42.280+0000] {dagbag.py:588} INFO - Filling up the DagBag from /root/venv/lib/python3.12/site-packages/airflow/example_dags/example_external_task_marker_dag.py
[2025-03-13T19:39:42.291+0000] {processor.py:925} INFO - DAG(s) 'example_external_task_marker_child', 'example_external_task_marker_parent' retrieved from /root/venv/lib/python3.12/site-packages/airflow/example_dags/example_external_task_marker_dag.py
[2025-03-13T19:39:42.314+0000] {logging_mixin.py:190} INFO - [2025-03-13T19:39:42.313+0000] {dag.py:3239} INFO - Sync 2 DAGs
[2025-03-13T19:39:42.327+0000] {logging_mixin.py:190} INFO - [2025-03-13T19:39:42.327+0000] {dag.py:4180} INFO - Setting next_dagrun for example_external_task_marker_child to None, run_after=None
[2025-03-13T19:39:42.330+0000] {logging_mixin.py:190} INFO - [2025-03-13T19:39:42.330+0000] {dag.py:4180} INFO - Setting next_dagrun for example_external_task_marker_parent to None, run_after=None
[2025-03-13T19:39:42.369+0000] {processor.py:208} INFO - Processing /root/venv/lib/python3.12/site-packages/airflow/example_dags/example_external_task_marker_dag.py took 0.100 seconds
