[2025-03-13T17:31:43.047+0000] {processor.py:186} INFO - Started process (PID=1658895) to work on /root/venv/lib/python3.12/site-packages/airflow/example_dags/example_branch_labels.py
[2025-03-13T17:31:43.048+0000] {processor.py:914} INFO - Processing file /root/venv/lib/python3.12/site-packages/airflow/example_dags/example_branch_labels.py for tasks to queue
[2025-03-13T17:31:43.051+0000] {logging_mixin.py:190} INFO - [2025-03-13T17:31:43.050+0000] {dagbag.py:588} INFO - Filling up the DagBag from /root/venv/lib/python3.12/site-packages/airflow/example_dags/example_branch_labels.py
[2025-03-13T17:31:43.065+0000] {processor.py:925} INFO - DAG(s) 'example_branch_labels' retrieved from /root/venv/lib/python3.12/site-packages/airflow/example_dags/example_branch_labels.py
[2025-03-13T17:31:43.212+0000] {logging_mixin.py:190} INFO - [2025-03-13T17:31:43.211+0000] {dag.py:3239} INFO - Sync 1 DAGs
[2025-03-13T17:31:43.235+0000] {logging_mixin.py:190} INFO - [2025-03-13T17:31:43.235+0000] {dag.py:4180} INFO - Setting next_dagrun for example_branch_labels to 2025-03-12 00:00:00+00:00, run_after=2025-03-13 00:00:00+00:00
[2025-03-13T17:31:43.264+0000] {processor.py:208} INFO - Processing /root/venv/lib/python3.12/site-packages/airflow/example_dags/example_branch_labels.py took 0.224 seconds
[2025-03-13T17:32:48.224+0000] {processor.py:186} INFO - Started process (PID=1659023) to work on /root/venv/lib/python3.12/site-packages/airflow/example_dags/example_branch_labels.py
[2025-03-13T17:32:48.225+0000] {processor.py:914} INFO - Processing file /root/venv/lib/python3.12/site-packages/airflow/example_dags/example_branch_labels.py for tasks to queue
[2025-03-13T17:32:48.228+0000] {logging_mixin.py:190} INFO - [2025-03-13T17:32:48.227+0000] {dagbag.py:588} INFO - Filling up the DagBag from /root/venv/lib/python3.12/site-packages/airflow/example_dags/example_branch_labels.py
[2025-03-13T17:32:48.240+0000] {processor.py:925} INFO - DAG(s) 'example_branch_labels' retrieved from /root/venv/lib/python3.12/site-packages/airflow/example_dags/example_branch_labels.py
[2025-03-13T17:32:48.260+0000] {logging_mixin.py:190} INFO - [2025-03-13T17:32:48.260+0000] {dag.py:3239} INFO - Sync 1 DAGs
[2025-03-13T17:32:48.282+0000] {logging_mixin.py:190} INFO - [2025-03-13T17:32:48.281+0000] {dag.py:4180} INFO - Setting next_dagrun for example_branch_labels to 2025-03-12 00:00:00+00:00, run_after=2025-03-13 00:00:00+00:00
[2025-03-13T17:32:48.304+0000] {processor.py:208} INFO - Processing /root/venv/lib/python3.12/site-packages/airflow/example_dags/example_branch_labels.py took 0.087 seconds
[2025-03-13T17:33:48.274+0000] {processor.py:186} INFO - Started process (PID=1659090) to work on /root/venv/lib/python3.12/site-packages/airflow/example_dags/example_branch_labels.py
[2025-03-13T17:33:48.276+0000] {processor.py:914} INFO - Processing file /root/venv/lib/python3.12/site-packages/airflow/example_dags/example_branch_labels.py for tasks to queue
[2025-03-13T17:33:48.280+0000] {logging_mixin.py:190} INFO - [2025-03-13T17:33:48.279+0000] {dagbag.py:588} INFO - Filling up the DagBag from /root/venv/lib/python3.12/site-packages/airflow/example_dags/example_branch_labels.py
[2025-03-13T17:33:48.297+0000] {processor.py:925} INFO - DAG(s) 'example_branch_labels' retrieved from /root/venv/lib/python3.12/site-packages/airflow/example_dags/example_branch_labels.py
[2025-03-13T17:33:48.328+0000] {logging_mixin.py:190} INFO - [2025-03-13T17:33:48.327+0000] {dag.py:3239} INFO - Sync 1 DAGs
[2025-03-13T17:33:48.359+0000] {logging_mixin.py:190} INFO - [2025-03-13T17:33:48.358+0000] {dag.py:4180} INFO - Setting next_dagrun for example_branch_labels to 2025-03-12 00:00:00+00:00, run_after=2025-03-13 00:00:00+00:00
[2025-03-13T17:33:48.385+0000] {processor.py:208} INFO - Processing /root/venv/lib/python3.12/site-packages/airflow/example_dags/example_branch_labels.py took 0.121 seconds
[2025-03-13T17:35:32.038+0000] {processor.py:186} INFO - Started process (PID=1659203) to work on /root/venv/lib/python3.12/site-packages/airflow/example_dags/example_branch_labels.py
[2025-03-13T17:35:32.039+0000] {processor.py:914} INFO - Processing file /root/venv/lib/python3.12/site-packages/airflow/example_dags/example_branch_labels.py for tasks to queue
[2025-03-13T17:35:32.042+0000] {logging_mixin.py:190} INFO - [2025-03-13T17:35:32.041+0000] {dagbag.py:588} INFO - Filling up the DagBag from /root/venv/lib/python3.12/site-packages/airflow/example_dags/example_branch_labels.py
[2025-03-13T17:35:32.055+0000] {processor.py:925} INFO - DAG(s) 'example_branch_labels' retrieved from /root/venv/lib/python3.12/site-packages/airflow/example_dags/example_branch_labels.py
[2025-03-13T17:35:32.077+0000] {logging_mixin.py:190} INFO - [2025-03-13T17:35:32.077+0000] {dag.py:3239} INFO - Sync 1 DAGs
[2025-03-13T17:35:32.100+0000] {logging_mixin.py:190} INFO - [2025-03-13T17:35:32.100+0000] {dag.py:4180} INFO - Setting next_dagrun for example_branch_labels to 2025-03-12 00:00:00+00:00, run_after=2025-03-13 00:00:00+00:00
[2025-03-13T17:35:32.121+0000] {processor.py:208} INFO - Processing /root/venv/lib/python3.12/site-packages/airflow/example_dags/example_branch_labels.py took 0.090 seconds
[2025-03-13T17:36:32.553+0000] {processor.py:186} INFO - Started process (PID=1659271) to work on /root/venv/lib/python3.12/site-packages/airflow/example_dags/example_branch_labels.py
[2025-03-13T17:36:32.555+0000] {processor.py:914} INFO - Processing file /root/venv/lib/python3.12/site-packages/airflow/example_dags/example_branch_labels.py for tasks to queue
[2025-03-13T17:36:32.558+0000] {logging_mixin.py:190} INFO - [2025-03-13T17:36:32.557+0000] {dagbag.py:588} INFO - Filling up the DagBag from /root/venv/lib/python3.12/site-packages/airflow/example_dags/example_branch_labels.py
[2025-03-13T17:36:32.571+0000] {processor.py:925} INFO - DAG(s) 'example_branch_labels' retrieved from /root/venv/lib/python3.12/site-packages/airflow/example_dags/example_branch_labels.py
[2025-03-13T17:36:32.593+0000] {logging_mixin.py:190} INFO - [2025-03-13T17:36:32.592+0000] {dag.py:3239} INFO - Sync 1 DAGs
[2025-03-13T17:36:32.615+0000] {logging_mixin.py:190} INFO - [2025-03-13T17:36:32.615+0000] {dag.py:4180} INFO - Setting next_dagrun for example_branch_labels to 2025-03-12 00:00:00+00:00, run_after=2025-03-13 00:00:00+00:00
[2025-03-13T17:36:32.640+0000] {processor.py:208} INFO - Processing /root/venv/lib/python3.12/site-packages/airflow/example_dags/example_branch_labels.py took 0.094 seconds
[2025-03-13T17:37:32.490+0000] {processor.py:186} INFO - Started process (PID=1659332) to work on /root/venv/lib/python3.12/site-packages/airflow/example_dags/example_branch_labels.py
[2025-03-13T17:37:32.492+0000] {processor.py:914} INFO - Processing file /root/venv/lib/python3.12/site-packages/airflow/example_dags/example_branch_labels.py for tasks to queue
[2025-03-13T17:37:32.496+0000] {logging_mixin.py:190} INFO - [2025-03-13T17:37:32.495+0000] {dagbag.py:588} INFO - Filling up the DagBag from /root/venv/lib/python3.12/site-packages/airflow/example_dags/example_branch_labels.py
[2025-03-13T17:37:32.511+0000] {processor.py:925} INFO - DAG(s) 'example_branch_labels' retrieved from /root/venv/lib/python3.12/site-packages/airflow/example_dags/example_branch_labels.py
[2025-03-13T17:37:32.536+0000] {logging_mixin.py:190} INFO - [2025-03-13T17:37:32.536+0000] {dag.py:3239} INFO - Sync 1 DAGs
[2025-03-13T17:37:32.566+0000] {logging_mixin.py:190} INFO - [2025-03-13T17:37:32.565+0000] {dag.py:4180} INFO - Setting next_dagrun for example_branch_labels to 2025-03-12 00:00:00+00:00, run_after=2025-03-13 00:00:00+00:00
[2025-03-13T17:37:32.593+0000] {processor.py:208} INFO - Processing /root/venv/lib/python3.12/site-packages/airflow/example_dags/example_branch_labels.py took 0.111 seconds
[2025-03-13T17:38:35.663+0000] {processor.py:186} INFO - Started process (PID=1659395) to work on /root/venv/lib/python3.12/site-packages/airflow/example_dags/example_branch_labels.py
[2025-03-13T17:38:35.665+0000] {processor.py:914} INFO - Processing file /root/venv/lib/python3.12/site-packages/airflow/example_dags/example_branch_labels.py for tasks to queue
[2025-03-13T17:38:35.669+0000] {logging_mixin.py:190} INFO - [2025-03-13T17:38:35.668+0000] {dagbag.py:588} INFO - Filling up the DagBag from /root/venv/lib/python3.12/site-packages/airflow/example_dags/example_branch_labels.py
[2025-03-13T17:38:35.686+0000] {processor.py:925} INFO - DAG(s) 'example_branch_labels' retrieved from /root/venv/lib/python3.12/site-packages/airflow/example_dags/example_branch_labels.py
[2025-03-13T17:38:35.708+0000] {logging_mixin.py:190} INFO - [2025-03-13T17:38:35.707+0000] {dag.py:3239} INFO - Sync 1 DAGs
[2025-03-13T17:38:35.732+0000] {logging_mixin.py:190} INFO - [2025-03-13T17:38:35.732+0000] {dag.py:4180} INFO - Setting next_dagrun for example_branch_labels to 2025-03-12 00:00:00+00:00, run_after=2025-03-13 00:00:00+00:00
[2025-03-13T17:38:35.757+0000] {processor.py:208} INFO - Processing /root/venv/lib/python3.12/site-packages/airflow/example_dags/example_branch_labels.py took 0.103 seconds
[2025-03-13T17:39:36.898+0000] {processor.py:186} INFO - Started process (PID=1659457) to work on /root/venv/lib/python3.12/site-packages/airflow/example_dags/example_branch_labels.py
[2025-03-13T17:39:36.900+0000] {processor.py:914} INFO - Processing file /root/venv/lib/python3.12/site-packages/airflow/example_dags/example_branch_labels.py for tasks to queue
[2025-03-13T17:39:36.903+0000] {logging_mixin.py:190} INFO - [2025-03-13T17:39:36.902+0000] {dagbag.py:588} INFO - Filling up the DagBag from /root/venv/lib/python3.12/site-packages/airflow/example_dags/example_branch_labels.py
[2025-03-13T17:39:36.917+0000] {processor.py:925} INFO - DAG(s) 'example_branch_labels' retrieved from /root/venv/lib/python3.12/site-packages/airflow/example_dags/example_branch_labels.py
[2025-03-13T17:39:36.941+0000] {logging_mixin.py:190} INFO - [2025-03-13T17:39:36.941+0000] {dag.py:3239} INFO - Sync 1 DAGs
[2025-03-13T17:39:36.967+0000] {logging_mixin.py:190} INFO - [2025-03-13T17:39:36.967+0000] {dag.py:4180} INFO - Setting next_dagrun for example_branch_labels to 2025-03-12 00:00:00+00:00, run_after=2025-03-13 00:00:00+00:00
[2025-03-13T17:39:36.997+0000] {processor.py:208} INFO - Processing /root/venv/lib/python3.12/site-packages/airflow/example_dags/example_branch_labels.py took 0.106 seconds
[2025-03-13T17:40:35.779+0000] {processor.py:186} INFO - Started process (PID=1659522) to work on /root/venv/lib/python3.12/site-packages/airflow/example_dags/example_branch_labels.py
[2025-03-13T17:40:35.781+0000] {processor.py:914} INFO - Processing file /root/venv/lib/python3.12/site-packages/airflow/example_dags/example_branch_labels.py for tasks to queue
[2025-03-13T17:40:35.784+0000] {logging_mixin.py:190} INFO - [2025-03-13T17:40:35.783+0000] {dagbag.py:588} INFO - Filling up the DagBag from /root/venv/lib/python3.12/site-packages/airflow/example_dags/example_branch_labels.py
[2025-03-13T17:40:35.797+0000] {processor.py:925} INFO - DAG(s) 'example_branch_labels' retrieved from /root/venv/lib/python3.12/site-packages/airflow/example_dags/example_branch_labels.py
[2025-03-13T17:40:35.821+0000] {logging_mixin.py:190} INFO - [2025-03-13T17:40:35.820+0000] {dag.py:3239} INFO - Sync 1 DAGs
[2025-03-13T17:40:35.847+0000] {logging_mixin.py:190} INFO - [2025-03-13T17:40:35.847+0000] {dag.py:4180} INFO - Setting next_dagrun for example_branch_labels to 2025-03-12 00:00:00+00:00, run_after=2025-03-13 00:00:00+00:00
[2025-03-13T17:40:35.876+0000] {processor.py:208} INFO - Processing /root/venv/lib/python3.12/site-packages/airflow/example_dags/example_branch_labels.py took 0.105 seconds
[2025-03-13T17:41:37.840+0000] {processor.py:186} INFO - Started process (PID=1659588) to work on /root/venv/lib/python3.12/site-packages/airflow/example_dags/example_branch_labels.py
[2025-03-13T17:41:37.842+0000] {processor.py:914} INFO - Processing file /root/venv/lib/python3.12/site-packages/airflow/example_dags/example_branch_labels.py for tasks to queue
[2025-03-13T17:41:37.846+0000] {logging_mixin.py:190} INFO - [2025-03-13T17:41:37.845+0000] {dagbag.py:588} INFO - Filling up the DagBag from /root/venv/lib/python3.12/site-packages/airflow/example_dags/example_branch_labels.py
[2025-03-13T17:41:37.865+0000] {processor.py:925} INFO - DAG(s) 'example_branch_labels' retrieved from /root/venv/lib/python3.12/site-packages/airflow/example_dags/example_branch_labels.py
[2025-03-13T17:41:37.897+0000] {logging_mixin.py:190} INFO - [2025-03-13T17:41:37.896+0000] {dag.py:3239} INFO - Sync 1 DAGs
[2025-03-13T17:41:38.131+0000] {logging_mixin.py:190} INFO - [2025-03-13T17:41:38.131+0000] {dag.py:4180} INFO - Setting next_dagrun for example_branch_labels to 2025-03-12 00:00:00+00:00, run_after=2025-03-13 00:00:00+00:00
[2025-03-13T17:41:38.164+0000] {processor.py:208} INFO - Processing /root/venv/lib/python3.12/site-packages/airflow/example_dags/example_branch_labels.py took 0.334 seconds
[2025-03-13T17:42:44.568+0000] {processor.py:186} INFO - Started process (PID=1659657) to work on /root/venv/lib/python3.12/site-packages/airflow/example_dags/example_branch_labels.py
[2025-03-13T17:42:44.570+0000] {processor.py:914} INFO - Processing file /root/venv/lib/python3.12/site-packages/airflow/example_dags/example_branch_labels.py for tasks to queue
[2025-03-13T17:42:44.573+0000] {logging_mixin.py:190} INFO - [2025-03-13T17:42:44.572+0000] {dagbag.py:588} INFO - Filling up the DagBag from /root/venv/lib/python3.12/site-packages/airflow/example_dags/example_branch_labels.py
[2025-03-13T17:42:44.589+0000] {processor.py:925} INFO - DAG(s) 'example_branch_labels' retrieved from /root/venv/lib/python3.12/site-packages/airflow/example_dags/example_branch_labels.py
[2025-03-13T17:42:44.616+0000] {logging_mixin.py:190} INFO - [2025-03-13T17:42:44.616+0000] {dag.py:3239} INFO - Sync 1 DAGs
[2025-03-13T17:42:44.648+0000] {logging_mixin.py:190} INFO - [2025-03-13T17:42:44.647+0000] {dag.py:4180} INFO - Setting next_dagrun for example_branch_labels to 2025-03-12 00:00:00+00:00, run_after=2025-03-13 00:00:00+00:00
[2025-03-13T17:42:44.681+0000] {processor.py:208} INFO - Processing /root/venv/lib/python3.12/site-packages/airflow/example_dags/example_branch_labels.py took 0.123 seconds
[2025-03-13T17:43:43.088+0000] {processor.py:186} INFO - Started process (PID=1659717) to work on /root/venv/lib/python3.12/site-packages/airflow/example_dags/example_branch_labels.py
[2025-03-13T17:43:43.090+0000] {processor.py:914} INFO - Processing file /root/venv/lib/python3.12/site-packages/airflow/example_dags/example_branch_labels.py for tasks to queue
[2025-03-13T17:43:43.092+0000] {logging_mixin.py:190} INFO - [2025-03-13T17:43:43.092+0000] {dagbag.py:588} INFO - Filling up the DagBag from /root/venv/lib/python3.12/site-packages/airflow/example_dags/example_branch_labels.py
[2025-03-13T17:43:43.105+0000] {processor.py:925} INFO - DAG(s) 'example_branch_labels' retrieved from /root/venv/lib/python3.12/site-packages/airflow/example_dags/example_branch_labels.py
[2025-03-13T17:43:43.127+0000] {logging_mixin.py:190} INFO - [2025-03-13T17:43:43.127+0000] {dag.py:3239} INFO - Sync 1 DAGs
[2025-03-13T17:43:43.150+0000] {logging_mixin.py:190} INFO - [2025-03-13T17:43:43.149+0000] {dag.py:4180} INFO - Setting next_dagrun for example_branch_labels to 2025-03-12 00:00:00+00:00, run_after=2025-03-13 00:00:00+00:00
[2025-03-13T17:43:43.174+0000] {processor.py:208} INFO - Processing /root/venv/lib/python3.12/site-packages/airflow/example_dags/example_branch_labels.py took 0.093 seconds
[2025-03-13T17:44:45.185+0000] {processor.py:186} INFO - Started process (PID=1659797) to work on /root/venv/lib/python3.12/site-packages/airflow/example_dags/example_branch_labels.py
[2025-03-13T17:44:45.187+0000] {processor.py:914} INFO - Processing file /root/venv/lib/python3.12/site-packages/airflow/example_dags/example_branch_labels.py for tasks to queue
[2025-03-13T17:44:45.191+0000] {logging_mixin.py:190} INFO - [2025-03-13T17:44:45.191+0000] {dagbag.py:588} INFO - Filling up the DagBag from /root/venv/lib/python3.12/site-packages/airflow/example_dags/example_branch_labels.py
[2025-03-13T17:44:45.208+0000] {processor.py:925} INFO - DAG(s) 'example_branch_labels' retrieved from /root/venv/lib/python3.12/site-packages/airflow/example_dags/example_branch_labels.py
[2025-03-13T17:44:45.230+0000] {logging_mixin.py:190} INFO - [2025-03-13T17:44:45.230+0000] {dag.py:3239} INFO - Sync 1 DAGs
[2025-03-13T17:44:45.263+0000] {logging_mixin.py:190} INFO - [2025-03-13T17:44:45.262+0000] {dag.py:4180} INFO - Setting next_dagrun for example_branch_labels to 2025-03-12 00:00:00+00:00, run_after=2025-03-13 00:00:00+00:00
[2025-03-13T17:44:45.293+0000] {processor.py:208} INFO - Processing /root/venv/lib/python3.12/site-packages/airflow/example_dags/example_branch_labels.py took 0.118 seconds
[2025-03-13T17:45:50.092+0000] {processor.py:186} INFO - Started process (PID=1659863) to work on /root/venv/lib/python3.12/site-packages/airflow/example_dags/example_branch_labels.py
[2025-03-13T17:45:50.094+0000] {processor.py:914} INFO - Processing file /root/venv/lib/python3.12/site-packages/airflow/example_dags/example_branch_labels.py for tasks to queue
[2025-03-13T17:45:50.098+0000] {logging_mixin.py:190} INFO - [2025-03-13T17:45:50.097+0000] {dagbag.py:588} INFO - Filling up the DagBag from /root/venv/lib/python3.12/site-packages/airflow/example_dags/example_branch_labels.py
[2025-03-13T17:45:50.118+0000] {processor.py:925} INFO - DAG(s) 'example_branch_labels' retrieved from /root/venv/lib/python3.12/site-packages/airflow/example_dags/example_branch_labels.py
[2025-03-13T17:45:50.147+0000] {logging_mixin.py:190} INFO - [2025-03-13T17:45:50.147+0000] {dag.py:3239} INFO - Sync 1 DAGs
[2025-03-13T17:45:50.182+0000] {logging_mixin.py:190} INFO - [2025-03-13T17:45:50.182+0000] {dag.py:4180} INFO - Setting next_dagrun for example_branch_labels to 2025-03-12 00:00:00+00:00, run_after=2025-03-13 00:00:00+00:00
[2025-03-13T17:45:50.211+0000] {processor.py:208} INFO - Processing /root/venv/lib/python3.12/site-packages/airflow/example_dags/example_branch_labels.py took 0.129 seconds
[2025-03-13T17:46:55.082+0000] {processor.py:186} INFO - Started process (PID=1659928) to work on /root/venv/lib/python3.12/site-packages/airflow/example_dags/example_branch_labels.py
[2025-03-13T17:46:55.085+0000] {processor.py:914} INFO - Processing file /root/venv/lib/python3.12/site-packages/airflow/example_dags/example_branch_labels.py for tasks to queue
[2025-03-13T17:46:55.089+0000] {logging_mixin.py:190} INFO - [2025-03-13T17:46:55.088+0000] {dagbag.py:588} INFO - Filling up the DagBag from /root/venv/lib/python3.12/site-packages/airflow/example_dags/example_branch_labels.py
[2025-03-13T17:46:55.106+0000] {processor.py:925} INFO - DAG(s) 'example_branch_labels' retrieved from /root/venv/lib/python3.12/site-packages/airflow/example_dags/example_branch_labels.py
[2025-03-13T17:46:55.136+0000] {logging_mixin.py:190} INFO - [2025-03-13T17:46:55.136+0000] {dag.py:3239} INFO - Sync 1 DAGs
[2025-03-13T17:46:55.177+0000] {logging_mixin.py:190} INFO - [2025-03-13T17:46:55.177+0000] {dag.py:4180} INFO - Setting next_dagrun for example_branch_labels to 2025-03-12 00:00:00+00:00, run_after=2025-03-13 00:00:00+00:00
[2025-03-13T17:46:55.206+0000] {processor.py:208} INFO - Processing /root/venv/lib/python3.12/site-packages/airflow/example_dags/example_branch_labels.py took 0.134 seconds
[2025-03-13T17:47:53.314+0000] {processor.py:186} INFO - Started process (PID=1659992) to work on /root/venv/lib/python3.12/site-packages/airflow/example_dags/example_branch_labels.py
[2025-03-13T17:47:53.315+0000] {processor.py:914} INFO - Processing file /root/venv/lib/python3.12/site-packages/airflow/example_dags/example_branch_labels.py for tasks to queue
[2025-03-13T17:47:53.318+0000] {logging_mixin.py:190} INFO - [2025-03-13T17:47:53.318+0000] {dagbag.py:588} INFO - Filling up the DagBag from /root/venv/lib/python3.12/site-packages/airflow/example_dags/example_branch_labels.py
[2025-03-13T17:47:53.332+0000] {processor.py:925} INFO - DAG(s) 'example_branch_labels' retrieved from /root/venv/lib/python3.12/site-packages/airflow/example_dags/example_branch_labels.py
[2025-03-13T17:47:53.354+0000] {logging_mixin.py:190} INFO - [2025-03-13T17:47:53.354+0000] {dag.py:3239} INFO - Sync 1 DAGs
[2025-03-13T17:47:53.386+0000] {logging_mixin.py:190} INFO - [2025-03-13T17:47:53.385+0000] {dag.py:4180} INFO - Setting next_dagrun for example_branch_labels to 2025-03-12 00:00:00+00:00, run_after=2025-03-13 00:00:00+00:00
[2025-03-13T17:47:53.421+0000] {processor.py:208} INFO - Processing /root/venv/lib/python3.12/site-packages/airflow/example_dags/example_branch_labels.py took 0.115 seconds
[2025-03-13T17:48:55.129+0000] {processor.py:186} INFO - Started process (PID=1660055) to work on /root/venv/lib/python3.12/site-packages/airflow/example_dags/example_branch_labels.py
[2025-03-13T17:48:55.130+0000] {processor.py:914} INFO - Processing file /root/venv/lib/python3.12/site-packages/airflow/example_dags/example_branch_labels.py for tasks to queue
[2025-03-13T17:48:55.134+0000] {logging_mixin.py:190} INFO - [2025-03-13T17:48:55.133+0000] {dagbag.py:588} INFO - Filling up the DagBag from /root/venv/lib/python3.12/site-packages/airflow/example_dags/example_branch_labels.py
[2025-03-13T17:48:55.149+0000] {processor.py:925} INFO - DAG(s) 'example_branch_labels' retrieved from /root/venv/lib/python3.12/site-packages/airflow/example_dags/example_branch_labels.py
[2025-03-13T17:48:55.175+0000] {logging_mixin.py:190} INFO - [2025-03-13T17:48:55.174+0000] {dag.py:3239} INFO - Sync 1 DAGs
[2025-03-13T17:48:55.205+0000] {logging_mixin.py:190} INFO - [2025-03-13T17:48:55.205+0000] {dag.py:4180} INFO - Setting next_dagrun for example_branch_labels to 2025-03-12 00:00:00+00:00, run_after=2025-03-13 00:00:00+00:00
[2025-03-13T17:48:55.234+0000] {processor.py:208} INFO - Processing /root/venv/lib/python3.12/site-packages/airflow/example_dags/example_branch_labels.py took 0.115 seconds
[2025-03-13T17:49:58.456+0000] {processor.py:186} INFO - Started process (PID=1660117) to work on /root/venv/lib/python3.12/site-packages/airflow/example_dags/example_branch_labels.py
[2025-03-13T17:49:58.457+0000] {processor.py:914} INFO - Processing file /root/venv/lib/python3.12/site-packages/airflow/example_dags/example_branch_labels.py for tasks to queue
[2025-03-13T17:49:58.461+0000] {logging_mixin.py:190} INFO - [2025-03-13T17:49:58.461+0000] {dagbag.py:588} INFO - Filling up the DagBag from /root/venv/lib/python3.12/site-packages/airflow/example_dags/example_branch_labels.py
[2025-03-13T17:49:58.477+0000] {processor.py:925} INFO - DAG(s) 'example_branch_labels' retrieved from /root/venv/lib/python3.12/site-packages/airflow/example_dags/example_branch_labels.py
[2025-03-13T17:49:58.499+0000] {logging_mixin.py:190} INFO - [2025-03-13T17:49:58.498+0000] {dag.py:3239} INFO - Sync 1 DAGs
[2025-03-13T17:49:58.525+0000] {logging_mixin.py:190} INFO - [2025-03-13T17:49:58.525+0000] {dag.py:4180} INFO - Setting next_dagrun for example_branch_labels to 2025-03-12 00:00:00+00:00, run_after=2025-03-13 00:00:00+00:00
[2025-03-13T17:49:58.551+0000] {processor.py:208} INFO - Processing /root/venv/lib/python3.12/site-packages/airflow/example_dags/example_branch_labels.py took 0.104 seconds
[2025-03-13T17:51:01.620+0000] {processor.py:186} INFO - Started process (PID=1660187) to work on /root/venv/lib/python3.12/site-packages/airflow/example_dags/example_branch_labels.py
[2025-03-13T17:51:01.622+0000] {processor.py:914} INFO - Processing file /root/venv/lib/python3.12/site-packages/airflow/example_dags/example_branch_labels.py for tasks to queue
[2025-03-13T17:51:01.625+0000] {logging_mixin.py:190} INFO - [2025-03-13T17:51:01.625+0000] {dagbag.py:588} INFO - Filling up the DagBag from /root/venv/lib/python3.12/site-packages/airflow/example_dags/example_branch_labels.py
[2025-03-13T17:51:01.641+0000] {processor.py:925} INFO - DAG(s) 'example_branch_labels' retrieved from /root/venv/lib/python3.12/site-packages/airflow/example_dags/example_branch_labels.py
[2025-03-13T17:51:01.666+0000] {logging_mixin.py:190} INFO - [2025-03-13T17:51:01.665+0000] {dag.py:3239} INFO - Sync 1 DAGs
[2025-03-13T17:51:01.695+0000] {logging_mixin.py:190} INFO - [2025-03-13T17:51:01.694+0000] {dag.py:4180} INFO - Setting next_dagrun for example_branch_labels to 2025-03-12 00:00:00+00:00, run_after=2025-03-13 00:00:00+00:00
[2025-03-13T17:51:01.726+0000] {processor.py:208} INFO - Processing /root/venv/lib/python3.12/site-packages/airflow/example_dags/example_branch_labels.py took 0.116 seconds
[2025-03-13T17:52:05.376+0000] {processor.py:186} INFO - Started process (PID=1660249) to work on /root/venv/lib/python3.12/site-packages/airflow/example_dags/example_branch_labels.py
[2025-03-13T17:52:05.378+0000] {processor.py:914} INFO - Processing file /root/venv/lib/python3.12/site-packages/airflow/example_dags/example_branch_labels.py for tasks to queue
[2025-03-13T17:52:05.383+0000] {logging_mixin.py:190} INFO - [2025-03-13T17:52:05.382+0000] {dagbag.py:588} INFO - Filling up the DagBag from /root/venv/lib/python3.12/site-packages/airflow/example_dags/example_branch_labels.py
[2025-03-13T17:52:05.405+0000] {processor.py:925} INFO - DAG(s) 'example_branch_labels' retrieved from /root/venv/lib/python3.12/site-packages/airflow/example_dags/example_branch_labels.py
[2025-03-13T17:52:05.439+0000] {logging_mixin.py:190} INFO - [2025-03-13T17:52:05.439+0000] {dag.py:3239} INFO - Sync 1 DAGs
[2025-03-13T17:52:05.478+0000] {logging_mixin.py:190} INFO - [2025-03-13T17:52:05.478+0000] {dag.py:4180} INFO - Setting next_dagrun for example_branch_labels to 2025-03-12 00:00:00+00:00, run_after=2025-03-13 00:00:00+00:00
[2025-03-13T17:52:05.515+0000] {processor.py:208} INFO - Processing /root/venv/lib/python3.12/site-packages/airflow/example_dags/example_branch_labels.py took 0.152 seconds
[2025-03-13T17:53:08.575+0000] {processor.py:186} INFO - Started process (PID=1660312) to work on /root/venv/lib/python3.12/site-packages/airflow/example_dags/example_branch_labels.py
[2025-03-13T17:53:08.577+0000] {processor.py:914} INFO - Processing file /root/venv/lib/python3.12/site-packages/airflow/example_dags/example_branch_labels.py for tasks to queue
[2025-03-13T17:53:08.581+0000] {logging_mixin.py:190} INFO - [2025-03-13T17:53:08.580+0000] {dagbag.py:588} INFO - Filling up the DagBag from /root/venv/lib/python3.12/site-packages/airflow/example_dags/example_branch_labels.py
[2025-03-13T17:53:08.601+0000] {processor.py:925} INFO - DAG(s) 'example_branch_labels' retrieved from /root/venv/lib/python3.12/site-packages/airflow/example_dags/example_branch_labels.py
[2025-03-13T17:53:08.632+0000] {logging_mixin.py:190} INFO - [2025-03-13T17:53:08.631+0000] {dag.py:3239} INFO - Sync 1 DAGs
[2025-03-13T17:53:08.670+0000] {logging_mixin.py:190} INFO - [2025-03-13T17:53:08.670+0000] {dag.py:4180} INFO - Setting next_dagrun for example_branch_labels to 2025-03-12 00:00:00+00:00, run_after=2025-03-13 00:00:00+00:00
[2025-03-13T17:53:08.712+0000] {processor.py:208} INFO - Processing /root/venv/lib/python3.12/site-packages/airflow/example_dags/example_branch_labels.py took 0.149 seconds
[2025-03-13T17:54:10.176+0000] {processor.py:186} INFO - Started process (PID=1660375) to work on /root/venv/lib/python3.12/site-packages/airflow/example_dags/example_branch_labels.py
[2025-03-13T17:54:10.178+0000] {processor.py:914} INFO - Processing file /root/venv/lib/python3.12/site-packages/airflow/example_dags/example_branch_labels.py for tasks to queue
[2025-03-13T17:54:10.181+0000] {logging_mixin.py:190} INFO - [2025-03-13T17:54:10.180+0000] {dagbag.py:588} INFO - Filling up the DagBag from /root/venv/lib/python3.12/site-packages/airflow/example_dags/example_branch_labels.py
[2025-03-13T17:54:10.196+0000] {processor.py:925} INFO - DAG(s) 'example_branch_labels' retrieved from /root/venv/lib/python3.12/site-packages/airflow/example_dags/example_branch_labels.py
[2025-03-13T17:54:10.220+0000] {logging_mixin.py:190} INFO - [2025-03-13T17:54:10.219+0000] {dag.py:3239} INFO - Sync 1 DAGs
[2025-03-13T17:54:10.246+0000] {logging_mixin.py:190} INFO - [2025-03-13T17:54:10.246+0000] {dag.py:4180} INFO - Setting next_dagrun for example_branch_labels to 2025-03-12 00:00:00+00:00, run_after=2025-03-13 00:00:00+00:00
[2025-03-13T17:54:10.273+0000] {processor.py:208} INFO - Processing /root/venv/lib/python3.12/site-packages/airflow/example_dags/example_branch_labels.py took 0.107 seconds
[2025-03-13T17:55:13.675+0000] {processor.py:186} INFO - Started process (PID=1660440) to work on /root/venv/lib/python3.12/site-packages/airflow/example_dags/example_branch_labels.py
[2025-03-13T17:55:13.676+0000] {processor.py:914} INFO - Processing file /root/venv/lib/python3.12/site-packages/airflow/example_dags/example_branch_labels.py for tasks to queue
[2025-03-13T17:55:13.679+0000] {logging_mixin.py:190} INFO - [2025-03-13T17:55:13.678+0000] {dagbag.py:588} INFO - Filling up the DagBag from /root/venv/lib/python3.12/site-packages/airflow/example_dags/example_branch_labels.py
[2025-03-13T17:55:13.692+0000] {processor.py:925} INFO - DAG(s) 'example_branch_labels' retrieved from /root/venv/lib/python3.12/site-packages/airflow/example_dags/example_branch_labels.py
[2025-03-13T17:55:13.713+0000] {logging_mixin.py:190} INFO - [2025-03-13T17:55:13.713+0000] {dag.py:3239} INFO - Sync 1 DAGs
[2025-03-13T17:55:13.737+0000] {logging_mixin.py:190} INFO - [2025-03-13T17:55:13.737+0000] {dag.py:4180} INFO - Setting next_dagrun for example_branch_labels to 2025-03-12 00:00:00+00:00, run_after=2025-03-13 00:00:00+00:00
[2025-03-13T17:55:13.762+0000] {processor.py:208} INFO - Processing /root/venv/lib/python3.12/site-packages/airflow/example_dags/example_branch_labels.py took 0.096 seconds
[2025-03-13T17:57:20.284+0000] {processor.py:186} INFO - Started process (PID=1660598) to work on /root/venv/lib/python3.12/site-packages/airflow/example_dags/example_branch_labels.py
[2025-03-13T17:57:20.288+0000] {processor.py:914} INFO - Processing file /root/venv/lib/python3.12/site-packages/airflow/example_dags/example_branch_labels.py for tasks to queue
[2025-03-13T17:57:20.292+0000] {logging_mixin.py:190} INFO - [2025-03-13T17:57:20.292+0000] {dagbag.py:588} INFO - Filling up the DagBag from /root/venv/lib/python3.12/site-packages/airflow/example_dags/example_branch_labels.py
[2025-03-13T17:57:20.310+0000] {processor.py:925} INFO - DAG(s) 'example_branch_labels' retrieved from /root/venv/lib/python3.12/site-packages/airflow/example_dags/example_branch_labels.py
[2025-03-13T17:57:20.337+0000] {logging_mixin.py:190} INFO - [2025-03-13T17:57:20.337+0000] {dag.py:3239} INFO - Sync 1 DAGs
[2025-03-13T17:57:20.370+0000] {logging_mixin.py:190} INFO - [2025-03-13T17:57:20.369+0000] {dag.py:4180} INFO - Setting next_dagrun for example_branch_labels to 2025-03-12 00:00:00+00:00, run_after=2025-03-13 00:00:00+00:00
[2025-03-13T17:57:20.395+0000] {processor.py:208} INFO - Processing /root/venv/lib/python3.12/site-packages/airflow/example_dags/example_branch_labels.py took 0.121 seconds
[2025-03-13T17:58:19.027+0000] {processor.py:186} INFO - Started process (PID=1660668) to work on /root/venv/lib/python3.12/site-packages/airflow/example_dags/example_branch_labels.py
[2025-03-13T17:58:19.028+0000] {processor.py:914} INFO - Processing file /root/venv/lib/python3.12/site-packages/airflow/example_dags/example_branch_labels.py for tasks to queue
[2025-03-13T17:58:19.031+0000] {logging_mixin.py:190} INFO - [2025-03-13T17:58:19.030+0000] {dagbag.py:588} INFO - Filling up the DagBag from /root/venv/lib/python3.12/site-packages/airflow/example_dags/example_branch_labels.py
[2025-03-13T17:58:19.045+0000] {processor.py:925} INFO - DAG(s) 'example_branch_labels' retrieved from /root/venv/lib/python3.12/site-packages/airflow/example_dags/example_branch_labels.py
[2025-03-13T17:58:19.064+0000] {logging_mixin.py:190} INFO - [2025-03-13T17:58:19.064+0000] {dag.py:3239} INFO - Sync 1 DAGs
[2025-03-13T17:58:19.087+0000] {logging_mixin.py:190} INFO - [2025-03-13T17:58:19.086+0000] {dag.py:4180} INFO - Setting next_dagrun for example_branch_labels to 2025-03-12 00:00:00+00:00, run_after=2025-03-13 00:00:00+00:00
[2025-03-13T17:58:19.110+0000] {processor.py:208} INFO - Processing /root/venv/lib/python3.12/site-packages/airflow/example_dags/example_branch_labels.py took 0.090 seconds
[2025-03-13T17:59:18.043+0000] {processor.py:186} INFO - Started process (PID=1660728) to work on /root/venv/lib/python3.12/site-packages/airflow/example_dags/example_branch_labels.py
[2025-03-13T17:59:18.045+0000] {processor.py:914} INFO - Processing file /root/venv/lib/python3.12/site-packages/airflow/example_dags/example_branch_labels.py for tasks to queue
[2025-03-13T17:59:18.048+0000] {logging_mixin.py:190} INFO - [2025-03-13T17:59:18.047+0000] {dagbag.py:588} INFO - Filling up the DagBag from /root/venv/lib/python3.12/site-packages/airflow/example_dags/example_branch_labels.py
[2025-03-13T17:59:18.065+0000] {processor.py:925} INFO - DAG(s) 'example_branch_labels' retrieved from /root/venv/lib/python3.12/site-packages/airflow/example_dags/example_branch_labels.py
[2025-03-13T17:59:18.092+0000] {logging_mixin.py:190} INFO - [2025-03-13T17:59:18.092+0000] {dag.py:3239} INFO - Sync 1 DAGs
[2025-03-13T17:59:18.126+0000] {logging_mixin.py:190} INFO - [2025-03-13T17:59:18.125+0000] {dag.py:4180} INFO - Setting next_dagrun for example_branch_labels to 2025-03-12 00:00:00+00:00, run_after=2025-03-13 00:00:00+00:00
[2025-03-13T17:59:18.154+0000] {processor.py:208} INFO - Processing /root/venv/lib/python3.12/site-packages/airflow/example_dags/example_branch_labels.py took 0.121 seconds
[2025-03-13T18:00:19.471+0000] {processor.py:186} INFO - Started process (PID=1660795) to work on /root/venv/lib/python3.12/site-packages/airflow/example_dags/example_branch_labels.py
[2025-03-13T18:00:19.473+0000] {processor.py:914} INFO - Processing file /root/venv/lib/python3.12/site-packages/airflow/example_dags/example_branch_labels.py for tasks to queue
[2025-03-13T18:00:19.477+0000] {logging_mixin.py:190} INFO - [2025-03-13T18:00:19.476+0000] {dagbag.py:588} INFO - Filling up the DagBag from /root/venv/lib/python3.12/site-packages/airflow/example_dags/example_branch_labels.py
[2025-03-13T18:00:19.496+0000] {processor.py:925} INFO - DAG(s) 'example_branch_labels' retrieved from /root/venv/lib/python3.12/site-packages/airflow/example_dags/example_branch_labels.py
[2025-03-13T18:00:19.526+0000] {logging_mixin.py:190} INFO - [2025-03-13T18:00:19.525+0000] {dag.py:3239} INFO - Sync 1 DAGs
[2025-03-13T18:00:19.561+0000] {logging_mixin.py:190} INFO - [2025-03-13T18:00:19.561+0000] {dag.py:4180} INFO - Setting next_dagrun for example_branch_labels to 2025-03-12 00:00:00+00:00, run_after=2025-03-13 00:00:00+00:00
[2025-03-13T18:00:19.591+0000] {processor.py:208} INFO - Processing /root/venv/lib/python3.12/site-packages/airflow/example_dags/example_branch_labels.py took 0.129 seconds
[2025-03-13T18:01:53.250+0000] {processor.py:186} INFO - Started process (PID=1660900) to work on /root/venv/lib/python3.12/site-packages/airflow/example_dags/example_branch_labels.py
[2025-03-13T18:01:53.252+0000] {processor.py:914} INFO - Processing file /root/venv/lib/python3.12/site-packages/airflow/example_dags/example_branch_labels.py for tasks to queue
[2025-03-13T18:01:53.255+0000] {logging_mixin.py:190} INFO - [2025-03-13T18:01:53.254+0000] {dagbag.py:588} INFO - Filling up the DagBag from /root/venv/lib/python3.12/site-packages/airflow/example_dags/example_branch_labels.py
[2025-03-13T18:01:53.268+0000] {processor.py:925} INFO - DAG(s) 'example_branch_labels' retrieved from /root/venv/lib/python3.12/site-packages/airflow/example_dags/example_branch_labels.py
[2025-03-13T18:01:53.290+0000] {logging_mixin.py:190} INFO - [2025-03-13T18:01:53.290+0000] {dag.py:3239} INFO - Sync 1 DAGs
[2025-03-13T18:01:53.317+0000] {logging_mixin.py:190} INFO - [2025-03-13T18:01:53.317+0000] {dag.py:4180} INFO - Setting next_dagrun for example_branch_labels to 2025-03-12 00:00:00+00:00, run_after=2025-03-13 00:00:00+00:00
[2025-03-13T18:01:53.342+0000] {processor.py:208} INFO - Processing /root/venv/lib/python3.12/site-packages/airflow/example_dags/example_branch_labels.py took 0.100 seconds
[2025-03-13T18:02:54.620+0000] {processor.py:186} INFO - Started process (PID=1660968) to work on /root/venv/lib/python3.12/site-packages/airflow/example_dags/example_branch_labels.py
[2025-03-13T18:02:54.622+0000] {processor.py:914} INFO - Processing file /root/venv/lib/python3.12/site-packages/airflow/example_dags/example_branch_labels.py for tasks to queue
[2025-03-13T18:02:54.625+0000] {logging_mixin.py:190} INFO - [2025-03-13T18:02:54.624+0000] {dagbag.py:588} INFO - Filling up the DagBag from /root/venv/lib/python3.12/site-packages/airflow/example_dags/example_branch_labels.py
[2025-03-13T18:02:54.637+0000] {processor.py:925} INFO - DAG(s) 'example_branch_labels' retrieved from /root/venv/lib/python3.12/site-packages/airflow/example_dags/example_branch_labels.py
[2025-03-13T18:02:54.658+0000] {logging_mixin.py:190} INFO - [2025-03-13T18:02:54.657+0000] {dag.py:3239} INFO - Sync 1 DAGs
[2025-03-13T18:02:54.681+0000] {logging_mixin.py:190} INFO - [2025-03-13T18:02:54.680+0000] {dag.py:4180} INFO - Setting next_dagrun for example_branch_labels to 2025-03-12 00:00:00+00:00, run_after=2025-03-13 00:00:00+00:00
[2025-03-13T18:02:54.708+0000] {processor.py:208} INFO - Processing /root/venv/lib/python3.12/site-packages/airflow/example_dags/example_branch_labels.py took 0.095 seconds
[2025-03-13T18:04:02.102+0000] {processor.py:186} INFO - Started process (PID=1661036) to work on /root/venv/lib/python3.12/site-packages/airflow/example_dags/example_branch_labels.py
[2025-03-13T18:04:02.104+0000] {processor.py:914} INFO - Processing file /root/venv/lib/python3.12/site-packages/airflow/example_dags/example_branch_labels.py for tasks to queue
[2025-03-13T18:04:02.108+0000] {logging_mixin.py:190} INFO - [2025-03-13T18:04:02.107+0000] {dagbag.py:588} INFO - Filling up the DagBag from /root/venv/lib/python3.12/site-packages/airflow/example_dags/example_branch_labels.py
[2025-03-13T18:04:02.126+0000] {processor.py:925} INFO - DAG(s) 'example_branch_labels' retrieved from /root/venv/lib/python3.12/site-packages/airflow/example_dags/example_branch_labels.py
[2025-03-13T18:04:02.155+0000] {logging_mixin.py:190} INFO - [2025-03-13T18:04:02.154+0000] {dag.py:3239} INFO - Sync 1 DAGs
[2025-03-13T18:04:02.344+0000] {logging_mixin.py:190} INFO - [2025-03-13T18:04:02.343+0000] {dag.py:4180} INFO - Setting next_dagrun for example_branch_labels to 2025-03-12 00:00:00+00:00, run_after=2025-03-13 00:00:00+00:00
[2025-03-13T18:04:02.369+0000] {processor.py:208} INFO - Processing /root/venv/lib/python3.12/site-packages/airflow/example_dags/example_branch_labels.py took 0.277 seconds
[2025-03-13T18:05:21.782+0000] {processor.py:186} INFO - Started process (PID=1661111) to work on /root/venv/lib/python3.12/site-packages/airflow/example_dags/example_branch_labels.py
[2025-03-13T18:05:21.784+0000] {processor.py:914} INFO - Processing file /root/venv/lib/python3.12/site-packages/airflow/example_dags/example_branch_labels.py for tasks to queue
[2025-03-13T18:05:21.787+0000] {logging_mixin.py:190} INFO - [2025-03-13T18:05:21.787+0000] {dagbag.py:588} INFO - Filling up the DagBag from /root/venv/lib/python3.12/site-packages/airflow/example_dags/example_branch_labels.py
[2025-03-13T18:05:21.803+0000] {processor.py:925} INFO - DAG(s) 'example_branch_labels' retrieved from /root/venv/lib/python3.12/site-packages/airflow/example_dags/example_branch_labels.py
[2025-03-13T18:05:21.827+0000] {logging_mixin.py:190} INFO - [2025-03-13T18:05:21.827+0000] {dag.py:3239} INFO - Sync 1 DAGs
[2025-03-13T18:05:21.855+0000] {logging_mixin.py:190} INFO - [2025-03-13T18:05:21.855+0000] {dag.py:4180} INFO - Setting next_dagrun for example_branch_labels to 2025-03-12 00:00:00+00:00, run_after=2025-03-13 00:00:00+00:00
[2025-03-13T18:05:21.885+0000] {processor.py:208} INFO - Processing /root/venv/lib/python3.12/site-packages/airflow/example_dags/example_branch_labels.py took 0.112 seconds
[2025-03-13T18:06:27.008+0000] {processor.py:186} INFO - Started process (PID=1661180) to work on /root/venv/lib/python3.12/site-packages/airflow/example_dags/example_branch_labels.py
[2025-03-13T18:06:27.011+0000] {processor.py:914} INFO - Processing file /root/venv/lib/python3.12/site-packages/airflow/example_dags/example_branch_labels.py for tasks to queue
[2025-03-13T18:06:27.014+0000] {logging_mixin.py:190} INFO - [2025-03-13T18:06:27.014+0000] {dagbag.py:588} INFO - Filling up the DagBag from /root/venv/lib/python3.12/site-packages/airflow/example_dags/example_branch_labels.py
[2025-03-13T18:06:27.030+0000] {processor.py:925} INFO - DAG(s) 'example_branch_labels' retrieved from /root/venv/lib/python3.12/site-packages/airflow/example_dags/example_branch_labels.py
[2025-03-13T18:06:27.054+0000] {logging_mixin.py:190} INFO - [2025-03-13T18:06:27.054+0000] {dag.py:3239} INFO - Sync 1 DAGs
[2025-03-13T18:06:27.084+0000] {logging_mixin.py:190} INFO - [2025-03-13T18:06:27.084+0000] {dag.py:4180} INFO - Setting next_dagrun for example_branch_labels to 2025-03-12 00:00:00+00:00, run_after=2025-03-13 00:00:00+00:00
[2025-03-13T18:06:27.111+0000] {processor.py:208} INFO - Processing /root/venv/lib/python3.12/site-packages/airflow/example_dags/example_branch_labels.py took 0.113 seconds
[2025-03-13T18:07:40.087+0000] {processor.py:186} INFO - Started process (PID=1661262) to work on /root/venv/lib/python3.12/site-packages/airflow/example_dags/example_branch_labels.py
[2025-03-13T18:07:40.088+0000] {processor.py:914} INFO - Processing file /root/venv/lib/python3.12/site-packages/airflow/example_dags/example_branch_labels.py for tasks to queue
[2025-03-13T18:07:40.092+0000] {logging_mixin.py:190} INFO - [2025-03-13T18:07:40.091+0000] {dagbag.py:588} INFO - Filling up the DagBag from /root/venv/lib/python3.12/site-packages/airflow/example_dags/example_branch_labels.py
[2025-03-13T18:07:40.106+0000] {processor.py:925} INFO - DAG(s) 'example_branch_labels' retrieved from /root/venv/lib/python3.12/site-packages/airflow/example_dags/example_branch_labels.py
[2025-03-13T18:07:40.127+0000] {logging_mixin.py:190} INFO - [2025-03-13T18:07:40.126+0000] {dag.py:3239} INFO - Sync 1 DAGs
[2025-03-13T18:07:40.155+0000] {logging_mixin.py:190} INFO - [2025-03-13T18:07:40.154+0000] {dag.py:4180} INFO - Setting next_dagrun for example_branch_labels to 2025-03-12 00:00:00+00:00, run_after=2025-03-13 00:00:00+00:00
[2025-03-13T18:07:40.179+0000] {processor.py:208} INFO - Processing /root/venv/lib/python3.12/site-packages/airflow/example_dags/example_branch_labels.py took 0.101 seconds
[2025-03-13T18:08:45.991+0000] {processor.py:186} INFO - Started process (PID=1661339) to work on /root/venv/lib/python3.12/site-packages/airflow/example_dags/example_branch_labels.py
[2025-03-13T18:08:45.992+0000] {processor.py:914} INFO - Processing file /root/venv/lib/python3.12/site-packages/airflow/example_dags/example_branch_labels.py for tasks to queue
[2025-03-13T18:08:45.995+0000] {logging_mixin.py:190} INFO - [2025-03-13T18:08:45.994+0000] {dagbag.py:588} INFO - Filling up the DagBag from /root/venv/lib/python3.12/site-packages/airflow/example_dags/example_branch_labels.py
[2025-03-13T18:08:46.008+0000] {processor.py:925} INFO - DAG(s) 'example_branch_labels' retrieved from /root/venv/lib/python3.12/site-packages/airflow/example_dags/example_branch_labels.py
[2025-03-13T18:08:46.028+0000] {logging_mixin.py:190} INFO - [2025-03-13T18:08:46.028+0000] {dag.py:3239} INFO - Sync 1 DAGs
[2025-03-13T18:08:46.051+0000] {logging_mixin.py:190} INFO - [2025-03-13T18:08:46.051+0000] {dag.py:4180} INFO - Setting next_dagrun for example_branch_labels to 2025-03-12 00:00:00+00:00, run_after=2025-03-13 00:00:00+00:00
[2025-03-13T18:08:46.071+0000] {processor.py:208} INFO - Processing /root/venv/lib/python3.12/site-packages/airflow/example_dags/example_branch_labels.py took 0.087 seconds
[2025-03-13T18:09:47.864+0000] {processor.py:186} INFO - Started process (PID=1661404) to work on /root/venv/lib/python3.12/site-packages/airflow/example_dags/example_branch_labels.py
[2025-03-13T18:09:47.866+0000] {processor.py:914} INFO - Processing file /root/venv/lib/python3.12/site-packages/airflow/example_dags/example_branch_labels.py for tasks to queue
[2025-03-13T18:09:47.869+0000] {logging_mixin.py:190} INFO - [2025-03-13T18:09:47.868+0000] {dagbag.py:588} INFO - Filling up the DagBag from /root/venv/lib/python3.12/site-packages/airflow/example_dags/example_branch_labels.py
[2025-03-13T18:09:47.884+0000] {processor.py:925} INFO - DAG(s) 'example_branch_labels' retrieved from /root/venv/lib/python3.12/site-packages/airflow/example_dags/example_branch_labels.py
[2025-03-13T18:09:47.909+0000] {logging_mixin.py:190} INFO - [2025-03-13T18:09:47.909+0000] {dag.py:3239} INFO - Sync 1 DAGs
[2025-03-13T18:09:47.939+0000] {logging_mixin.py:190} INFO - [2025-03-13T18:09:47.939+0000] {dag.py:4180} INFO - Setting next_dagrun for example_branch_labels to 2025-03-12 00:00:00+00:00, run_after=2025-03-13 00:00:00+00:00
[2025-03-13T18:09:47.963+0000] {processor.py:208} INFO - Processing /root/venv/lib/python3.12/site-packages/airflow/example_dags/example_branch_labels.py took 0.107 seconds
[2025-03-13T18:10:51.994+0000] {processor.py:186} INFO - Started process (PID=1661474) to work on /root/venv/lib/python3.12/site-packages/airflow/example_dags/example_branch_labels.py
[2025-03-13T18:10:51.995+0000] {processor.py:914} INFO - Processing file /root/venv/lib/python3.12/site-packages/airflow/example_dags/example_branch_labels.py for tasks to queue
[2025-03-13T18:10:51.999+0000] {logging_mixin.py:190} INFO - [2025-03-13T18:10:51.998+0000] {dagbag.py:588} INFO - Filling up the DagBag from /root/venv/lib/python3.12/site-packages/airflow/example_dags/example_branch_labels.py
[2025-03-13T18:10:52.012+0000] {processor.py:925} INFO - DAG(s) 'example_branch_labels' retrieved from /root/venv/lib/python3.12/site-packages/airflow/example_dags/example_branch_labels.py
[2025-03-13T18:10:52.035+0000] {logging_mixin.py:190} INFO - [2025-03-13T18:10:52.035+0000] {dag.py:3239} INFO - Sync 1 DAGs
[2025-03-13T18:10:52.063+0000] {logging_mixin.py:190} INFO - [2025-03-13T18:10:52.063+0000] {dag.py:4180} INFO - Setting next_dagrun for example_branch_labels to 2025-03-12 00:00:00+00:00, run_after=2025-03-13 00:00:00+00:00
[2025-03-13T18:10:52.091+0000] {processor.py:208} INFO - Processing /root/venv/lib/python3.12/site-packages/airflow/example_dags/example_branch_labels.py took 0.105 seconds
[2025-03-13T18:11:58.671+0000] {processor.py:186} INFO - Started process (PID=1661540) to work on /root/venv/lib/python3.12/site-packages/airflow/example_dags/example_branch_labels.py
[2025-03-13T18:11:58.673+0000] {processor.py:914} INFO - Processing file /root/venv/lib/python3.12/site-packages/airflow/example_dags/example_branch_labels.py for tasks to queue
[2025-03-13T18:11:58.675+0000] {logging_mixin.py:190} INFO - [2025-03-13T18:11:58.675+0000] {dagbag.py:588} INFO - Filling up the DagBag from /root/venv/lib/python3.12/site-packages/airflow/example_dags/example_branch_labels.py
[2025-03-13T18:11:58.693+0000] {processor.py:925} INFO - DAG(s) 'example_branch_labels' retrieved from /root/venv/lib/python3.12/site-packages/airflow/example_dags/example_branch_labels.py
[2025-03-13T18:11:58.721+0000] {logging_mixin.py:190} INFO - [2025-03-13T18:11:58.721+0000] {dag.py:3239} INFO - Sync 1 DAGs
[2025-03-13T18:11:58.749+0000] {logging_mixin.py:190} INFO - [2025-03-13T18:11:58.749+0000] {dag.py:4180} INFO - Setting next_dagrun for example_branch_labels to 2025-03-12 00:00:00+00:00, run_after=2025-03-13 00:00:00+00:00
[2025-03-13T18:11:58.782+0000] {processor.py:208} INFO - Processing /root/venv/lib/python3.12/site-packages/airflow/example_dags/example_branch_labels.py took 0.121 seconds
[2025-03-13T18:13:05.993+0000] {processor.py:186} INFO - Started process (PID=1661620) to work on /root/venv/lib/python3.12/site-packages/airflow/example_dags/example_branch_labels.py
[2025-03-13T18:13:05.995+0000] {processor.py:914} INFO - Processing file /root/venv/lib/python3.12/site-packages/airflow/example_dags/example_branch_labels.py for tasks to queue
[2025-03-13T18:13:05.996+0000] {logging_mixin.py:190} INFO - [2025-03-13T18:13:05.996+0000] {dagbag.py:588} INFO - Filling up the DagBag from /root/venv/lib/python3.12/site-packages/airflow/example_dags/example_branch_labels.py
[2025-03-13T18:13:06.010+0000] {processor.py:925} INFO - DAG(s) 'example_branch_labels' retrieved from /root/venv/lib/python3.12/site-packages/airflow/example_dags/example_branch_labels.py
[2025-03-13T18:13:06.032+0000] {logging_mixin.py:190} INFO - [2025-03-13T18:13:06.031+0000] {dag.py:3239} INFO - Sync 1 DAGs
[2025-03-13T18:13:06.058+0000] {logging_mixin.py:190} INFO - [2025-03-13T18:13:06.058+0000] {dag.py:4180} INFO - Setting next_dagrun for example_branch_labels to 2025-03-12 00:00:00+00:00, run_after=2025-03-13 00:00:00+00:00
[2025-03-13T18:13:06.080+0000] {processor.py:208} INFO - Processing /root/venv/lib/python3.12/site-packages/airflow/example_dags/example_branch_labels.py took 0.094 seconds
[2025-03-13T18:14:11.106+0000] {processor.py:186} INFO - Started process (PID=1661688) to work on /root/venv/lib/python3.12/site-packages/airflow/example_dags/example_branch_labels.py
[2025-03-13T18:14:11.108+0000] {processor.py:914} INFO - Processing file /root/venv/lib/python3.12/site-packages/airflow/example_dags/example_branch_labels.py for tasks to queue
[2025-03-13T18:14:11.111+0000] {logging_mixin.py:190} INFO - [2025-03-13T18:14:11.110+0000] {dagbag.py:588} INFO - Filling up the DagBag from /root/venv/lib/python3.12/site-packages/airflow/example_dags/example_branch_labels.py
[2025-03-13T18:14:11.129+0000] {processor.py:925} INFO - DAG(s) 'example_branch_labels' retrieved from /root/venv/lib/python3.12/site-packages/airflow/example_dags/example_branch_labels.py
[2025-03-13T18:14:11.161+0000] {logging_mixin.py:190} INFO - [2025-03-13T18:14:11.160+0000] {dag.py:3239} INFO - Sync 1 DAGs
[2025-03-13T18:14:11.193+0000] {logging_mixin.py:190} INFO - [2025-03-13T18:14:11.192+0000] {dag.py:4180} INFO - Setting next_dagrun for example_branch_labels to 2025-03-12 00:00:00+00:00, run_after=2025-03-13 00:00:00+00:00
[2025-03-13T18:14:11.225+0000] {processor.py:208} INFO - Processing /root/venv/lib/python3.12/site-packages/airflow/example_dags/example_branch_labels.py took 0.132 seconds
[2025-03-13T18:15:21.477+0000] {processor.py:186} INFO - Started process (PID=1661767) to work on /root/venv/lib/python3.12/site-packages/airflow/example_dags/example_branch_labels.py
[2025-03-13T18:15:21.478+0000] {processor.py:914} INFO - Processing file /root/venv/lib/python3.12/site-packages/airflow/example_dags/example_branch_labels.py for tasks to queue
[2025-03-13T18:15:21.480+0000] {logging_mixin.py:190} INFO - [2025-03-13T18:15:21.479+0000] {dagbag.py:588} INFO - Filling up the DagBag from /root/venv/lib/python3.12/site-packages/airflow/example_dags/example_branch_labels.py
[2025-03-13T18:15:21.495+0000] {processor.py:925} INFO - DAG(s) 'example_branch_labels' retrieved from /root/venv/lib/python3.12/site-packages/airflow/example_dags/example_branch_labels.py
[2025-03-13T18:15:21.521+0000] {logging_mixin.py:190} INFO - [2025-03-13T18:15:21.521+0000] {dag.py:3239} INFO - Sync 1 DAGs
[2025-03-13T18:15:21.549+0000] {logging_mixin.py:190} INFO - [2025-03-13T18:15:21.549+0000] {dag.py:4180} INFO - Setting next_dagrun for example_branch_labels to 2025-03-12 00:00:00+00:00, run_after=2025-03-13 00:00:00+00:00
[2025-03-13T18:15:21.575+0000] {processor.py:208} INFO - Processing /root/venv/lib/python3.12/site-packages/airflow/example_dags/example_branch_labels.py took 0.107 seconds
[2025-03-13T19:39:59.236+0000] {processor.py:186} INFO - Started process (PID=1662422) to work on /root/venv/lib/python3.12/site-packages/airflow/example_dags/example_branch_labels.py
[2025-03-13T19:39:59.237+0000] {processor.py:914} INFO - Processing file /root/venv/lib/python3.12/site-packages/airflow/example_dags/example_branch_labels.py for tasks to queue
[2025-03-13T19:39:59.240+0000] {logging_mixin.py:190} INFO - [2025-03-13T19:39:59.240+0000] {dagbag.py:588} INFO - Filling up the DagBag from /root/venv/lib/python3.12/site-packages/airflow/example_dags/example_branch_labels.py
[2025-03-13T19:39:59.254+0000] {processor.py:925} INFO - DAG(s) 'example_branch_labels' retrieved from /root/venv/lib/python3.12/site-packages/airflow/example_dags/example_branch_labels.py
[2025-03-13T19:39:59.277+0000] {logging_mixin.py:190} INFO - [2025-03-13T19:39:59.277+0000] {dag.py:3239} INFO - Sync 1 DAGs
[2025-03-13T19:39:59.301+0000] {logging_mixin.py:190} INFO - [2025-03-13T19:39:59.301+0000] {dag.py:4180} INFO - Setting next_dagrun for example_branch_labels to 2025-03-12 00:00:00+00:00, run_after=2025-03-13 00:00:00+00:00
[2025-03-13T19:39:59.321+0000] {processor.py:208} INFO - Processing /root/venv/lib/python3.12/site-packages/airflow/example_dags/example_branch_labels.py took 0.092 seconds
