[2025-03-13T17:30:57.838+0000] {processor.py:186} INFO - Started process (PID=1658852) to work on /root/venv/lib/python3.12/site-packages/airflow/example_dags/example_xcom.py
[2025-03-13T17:30:57.839+0000] {processor.py:914} INFO - Processing file /root/venv/lib/python3.12/site-packages/airflow/example_dags/example_xcom.py for tasks to queue
[2025-03-13T17:30:57.842+0000] {logging_mixin.py:190} INFO - [2025-03-13T17:30:57.841+0000] {dagbag.py:588} INFO - Filling up the DagBag from /root/venv/lib/python3.12/site-packages/airflow/example_dags/example_xcom.py
[2025-03-13T17:30:57.856+0000] {processor.py:925} INFO - DAG(s) 'example_xcom' retrieved from /root/venv/lib/python3.12/site-packages/airflow/example_dags/example_xcom.py
[2025-03-13T17:30:57.985+0000] {logging_mixin.py:190} INFO - [2025-03-13T17:30:57.985+0000] {dag.py:3239} INFO - Sync 1 DAGs
[2025-03-13T17:30:58.008+0000] {logging_mixin.py:190} INFO - [2025-03-13T17:30:58.008+0000] {dag.py:4180} INFO - Setting next_dagrun for example_xcom to 2021-01-01 00:00:00+00:00, run_after=2021-01-01 00:00:00+00:00
[2025-03-13T17:30:58.037+0000] {processor.py:208} INFO - Processing /root/venv/lib/python3.12/site-packages/airflow/example_dags/example_xcom.py took 0.208 seconds
[2025-03-13T17:32:04.016+0000] {processor.py:186} INFO - Started process (PID=1658916) to work on /root/venv/lib/python3.12/site-packages/airflow/example_dags/example_xcom.py
[2025-03-13T17:32:04.018+0000] {processor.py:914} INFO - Processing file /root/venv/lib/python3.12/site-packages/airflow/example_dags/example_xcom.py for tasks to queue
[2025-03-13T17:32:04.020+0000] {logging_mixin.py:190} INFO - [2025-03-13T17:32:04.020+0000] {dagbag.py:588} INFO - Filling up the DagBag from /root/venv/lib/python3.12/site-packages/airflow/example_dags/example_xcom.py
[2025-03-13T17:32:04.034+0000] {processor.py:925} INFO - DAG(s) 'example_xcom' retrieved from /root/venv/lib/python3.12/site-packages/airflow/example_dags/example_xcom.py
[2025-03-13T17:32:04.056+0000] {logging_mixin.py:190} INFO - [2025-03-13T17:32:04.056+0000] {dag.py:3239} INFO - Sync 1 DAGs
[2025-03-13T17:32:04.079+0000] {logging_mixin.py:190} INFO - [2025-03-13T17:32:04.078+0000] {dag.py:4180} INFO - Setting next_dagrun for example_xcom to 2021-01-01 00:00:00+00:00, run_after=2021-01-01 00:00:00+00:00
[2025-03-13T17:32:04.102+0000] {processor.py:208} INFO - Processing /root/venv/lib/python3.12/site-packages/airflow/example_dags/example_xcom.py took 0.094 seconds
[2025-03-13T17:33:04.100+0000] {processor.py:186} INFO - Started process (PID=1659043) to work on /root/venv/lib/python3.12/site-packages/airflow/example_dags/example_xcom.py
[2025-03-13T17:33:04.102+0000] {processor.py:914} INFO - Processing file /root/venv/lib/python3.12/site-packages/airflow/example_dags/example_xcom.py for tasks to queue
[2025-03-13T17:33:04.107+0000] {logging_mixin.py:190} INFO - [2025-03-13T17:33:04.106+0000] {dagbag.py:588} INFO - Filling up the DagBag from /root/venv/lib/python3.12/site-packages/airflow/example_dags/example_xcom.py
[2025-03-13T17:33:04.124+0000] {processor.py:925} INFO - DAG(s) 'example_xcom' retrieved from /root/venv/lib/python3.12/site-packages/airflow/example_dags/example_xcom.py
[2025-03-13T17:33:04.150+0000] {logging_mixin.py:190} INFO - [2025-03-13T17:33:04.149+0000] {dag.py:3239} INFO - Sync 1 DAGs
[2025-03-13T17:33:04.177+0000] {logging_mixin.py:190} INFO - [2025-03-13T17:33:04.177+0000] {dag.py:4180} INFO - Setting next_dagrun for example_xcom to 2021-01-01 00:00:00+00:00, run_after=2021-01-01 00:00:00+00:00
[2025-03-13T17:33:04.208+0000] {processor.py:208} INFO - Processing /root/venv/lib/python3.12/site-packages/airflow/example_dags/example_xcom.py took 0.117 seconds
[2025-03-13T17:34:05.434+0000] {processor.py:186} INFO - Started process (PID=1659106) to work on /root/venv/lib/python3.12/site-packages/airflow/example_dags/example_xcom.py
[2025-03-13T17:34:05.436+0000] {processor.py:914} INFO - Processing file /root/venv/lib/python3.12/site-packages/airflow/example_dags/example_xcom.py for tasks to queue
[2025-03-13T17:34:05.438+0000] {logging_mixin.py:190} INFO - [2025-03-13T17:34:05.438+0000] {dagbag.py:588} INFO - Filling up the DagBag from /root/venv/lib/python3.12/site-packages/airflow/example_dags/example_xcom.py
[2025-03-13T17:34:05.450+0000] {processor.py:925} INFO - DAG(s) 'example_xcom' retrieved from /root/venv/lib/python3.12/site-packages/airflow/example_dags/example_xcom.py
[2025-03-13T17:34:05.469+0000] {logging_mixin.py:190} INFO - [2025-03-13T17:34:05.469+0000] {dag.py:3239} INFO - Sync 1 DAGs
[2025-03-13T17:34:05.489+0000] {logging_mixin.py:190} INFO - [2025-03-13T17:34:05.489+0000] {dag.py:4180} INFO - Setting next_dagrun for example_xcom to 2021-01-01 00:00:00+00:00, run_after=2021-01-01 00:00:00+00:00
[2025-03-13T17:34:05.510+0000] {processor.py:208} INFO - Processing /root/venv/lib/python3.12/site-packages/airflow/example_dags/example_xcom.py took 0.083 seconds
[2025-03-13T17:34:52.086+0000] {processor.py:186} INFO - Started process (PID=1659160) to work on /root/venv/lib/python3.12/site-packages/airflow/example_dags/example_xcom.py
[2025-03-13T17:34:52.087+0000] {processor.py:914} INFO - Processing file /root/venv/lib/python3.12/site-packages/airflow/example_dags/example_xcom.py for tasks to queue
[2025-03-13T17:34:52.089+0000] {logging_mixin.py:190} INFO - [2025-03-13T17:34:52.089+0000] {dagbag.py:588} INFO - Filling up the DagBag from /root/venv/lib/python3.12/site-packages/airflow/example_dags/example_xcom.py
[2025-03-13T17:34:52.102+0000] {processor.py:925} INFO - DAG(s) 'example_xcom' retrieved from /root/venv/lib/python3.12/site-packages/airflow/example_dags/example_xcom.py
[2025-03-13T17:34:52.125+0000] {logging_mixin.py:190} INFO - [2025-03-13T17:34:52.125+0000] {dag.py:3239} INFO - Sync 1 DAGs
[2025-03-13T17:34:52.147+0000] {logging_mixin.py:190} INFO - [2025-03-13T17:34:52.146+0000] {dag.py:4180} INFO - Setting next_dagrun for example_xcom to 2021-01-01 00:00:00+00:00, run_after=2021-01-01 00:00:00+00:00
[2025-03-13T17:34:52.171+0000] {processor.py:208} INFO - Processing /root/venv/lib/python3.12/site-packages/airflow/example_dags/example_xcom.py took 0.093 seconds
[2025-03-13T17:35:51.432+0000] {processor.py:186} INFO - Started process (PID=1659226) to work on /root/venv/lib/python3.12/site-packages/airflow/example_dags/example_xcom.py
[2025-03-13T17:35:51.436+0000] {processor.py:914} INFO - Processing file /root/venv/lib/python3.12/site-packages/airflow/example_dags/example_xcom.py for tasks to queue
[2025-03-13T17:35:51.440+0000] {logging_mixin.py:190} INFO - [2025-03-13T17:35:51.439+0000] {dagbag.py:588} INFO - Filling up the DagBag from /root/venv/lib/python3.12/site-packages/airflow/example_dags/example_xcom.py
[2025-03-13T17:35:51.457+0000] {processor.py:925} INFO - DAG(s) 'example_xcom' retrieved from /root/venv/lib/python3.12/site-packages/airflow/example_dags/example_xcom.py
[2025-03-13T17:35:51.479+0000] {logging_mixin.py:190} INFO - [2025-03-13T17:35:51.479+0000] {dag.py:3239} INFO - Sync 1 DAGs
[2025-03-13T17:35:51.504+0000] {logging_mixin.py:190} INFO - [2025-03-13T17:35:51.503+0000] {dag.py:4180} INFO - Setting next_dagrun for example_xcom to 2021-01-01 00:00:00+00:00, run_after=2021-01-01 00:00:00+00:00
[2025-03-13T17:35:51.529+0000] {processor.py:208} INFO - Processing /root/venv/lib/python3.12/site-packages/airflow/example_dags/example_xcom.py took 0.104 seconds
[2025-03-13T17:36:50.577+0000] {processor.py:186} INFO - Started process (PID=1659290) to work on /root/venv/lib/python3.12/site-packages/airflow/example_dags/example_xcom.py
[2025-03-13T17:36:50.579+0000] {processor.py:914} INFO - Processing file /root/venv/lib/python3.12/site-packages/airflow/example_dags/example_xcom.py for tasks to queue
[2025-03-13T17:36:50.582+0000] {logging_mixin.py:190} INFO - [2025-03-13T17:36:50.581+0000] {dagbag.py:588} INFO - Filling up the DagBag from /root/venv/lib/python3.12/site-packages/airflow/example_dags/example_xcom.py
[2025-03-13T17:36:50.593+0000] {processor.py:925} INFO - DAG(s) 'example_xcom' retrieved from /root/venv/lib/python3.12/site-packages/airflow/example_dags/example_xcom.py
[2025-03-13T17:36:50.614+0000] {logging_mixin.py:190} INFO - [2025-03-13T17:36:50.614+0000] {dag.py:3239} INFO - Sync 1 DAGs
[2025-03-13T17:36:50.637+0000] {logging_mixin.py:190} INFO - [2025-03-13T17:36:50.636+0000] {dag.py:4180} INFO - Setting next_dagrun for example_xcom to 2021-01-01 00:00:00+00:00, run_after=2021-01-01 00:00:00+00:00
[2025-03-13T17:36:50.662+0000] {processor.py:208} INFO - Processing /root/venv/lib/python3.12/site-packages/airflow/example_dags/example_xcom.py took 0.092 seconds
[2025-03-13T17:37:51.469+0000] {processor.py:186} INFO - Started process (PID=1659354) to work on /root/venv/lib/python3.12/site-packages/airflow/example_dags/example_xcom.py
[2025-03-13T17:37:51.471+0000] {processor.py:914} INFO - Processing file /root/venv/lib/python3.12/site-packages/airflow/example_dags/example_xcom.py for tasks to queue
[2025-03-13T17:37:51.473+0000] {logging_mixin.py:190} INFO - [2025-03-13T17:37:51.473+0000] {dagbag.py:588} INFO - Filling up the DagBag from /root/venv/lib/python3.12/site-packages/airflow/example_dags/example_xcom.py
[2025-03-13T17:37:51.485+0000] {processor.py:925} INFO - DAG(s) 'example_xcom' retrieved from /root/venv/lib/python3.12/site-packages/airflow/example_dags/example_xcom.py
[2025-03-13T17:37:51.508+0000] {logging_mixin.py:190} INFO - [2025-03-13T17:37:51.508+0000] {dag.py:3239} INFO - Sync 1 DAGs
[2025-03-13T17:37:51.537+0000] {logging_mixin.py:190} INFO - [2025-03-13T17:37:51.537+0000] {dag.py:4180} INFO - Setting next_dagrun for example_xcom to 2021-01-01 00:00:00+00:00, run_after=2021-01-01 00:00:00+00:00
[2025-03-13T17:37:51.564+0000] {processor.py:208} INFO - Processing /root/venv/lib/python3.12/site-packages/airflow/example_dags/example_xcom.py took 0.103 seconds
[2025-03-13T17:38:55.007+0000] {processor.py:186} INFO - Started process (PID=1659416) to work on /root/venv/lib/python3.12/site-packages/airflow/example_dags/example_xcom.py
[2025-03-13T17:38:55.008+0000] {processor.py:914} INFO - Processing file /root/venv/lib/python3.12/site-packages/airflow/example_dags/example_xcom.py for tasks to queue
[2025-03-13T17:38:55.012+0000] {logging_mixin.py:190} INFO - [2025-03-13T17:38:55.011+0000] {dagbag.py:588} INFO - Filling up the DagBag from /root/venv/lib/python3.12/site-packages/airflow/example_dags/example_xcom.py
[2025-03-13T17:38:55.029+0000] {processor.py:925} INFO - DAG(s) 'example_xcom' retrieved from /root/venv/lib/python3.12/site-packages/airflow/example_dags/example_xcom.py
[2025-03-13T17:38:55.058+0000] {logging_mixin.py:190} INFO - [2025-03-13T17:38:55.058+0000] {dag.py:3239} INFO - Sync 1 DAGs
[2025-03-13T17:38:55.086+0000] {logging_mixin.py:190} INFO - [2025-03-13T17:38:55.086+0000] {dag.py:4180} INFO - Setting next_dagrun for example_xcom to 2021-01-01 00:00:00+00:00, run_after=2021-01-01 00:00:00+00:00
[2025-03-13T17:38:55.109+0000] {processor.py:208} INFO - Processing /root/venv/lib/python3.12/site-packages/airflow/example_dags/example_xcom.py took 0.113 seconds
[2025-03-13T17:39:55.824+0000] {processor.py:186} INFO - Started process (PID=1659476) to work on /root/venv/lib/python3.12/site-packages/airflow/example_dags/example_xcom.py
[2025-03-13T17:39:55.826+0000] {processor.py:914} INFO - Processing file /root/venv/lib/python3.12/site-packages/airflow/example_dags/example_xcom.py for tasks to queue
[2025-03-13T17:39:55.829+0000] {logging_mixin.py:190} INFO - [2025-03-13T17:39:55.828+0000] {dagbag.py:588} INFO - Filling up the DagBag from /root/venv/lib/python3.12/site-packages/airflow/example_dags/example_xcom.py
[2025-03-13T17:39:55.843+0000] {processor.py:925} INFO - DAG(s) 'example_xcom' retrieved from /root/venv/lib/python3.12/site-packages/airflow/example_dags/example_xcom.py
[2025-03-13T17:39:55.869+0000] {logging_mixin.py:190} INFO - [2025-03-13T17:39:55.869+0000] {dag.py:3239} INFO - Sync 1 DAGs
[2025-03-13T17:39:55.899+0000] {logging_mixin.py:190} INFO - [2025-03-13T17:39:55.899+0000] {dag.py:4180} INFO - Setting next_dagrun for example_xcom to 2021-01-01 00:00:00+00:00, run_after=2021-01-01 00:00:00+00:00
[2025-03-13T17:39:55.925+0000] {processor.py:208} INFO - Processing /root/venv/lib/python3.12/site-packages/airflow/example_dags/example_xcom.py took 0.114 seconds
[2025-03-13T17:40:55.188+0000] {processor.py:186} INFO - Started process (PID=1659542) to work on /root/venv/lib/python3.12/site-packages/airflow/example_dags/example_xcom.py
[2025-03-13T17:40:55.190+0000] {processor.py:914} INFO - Processing file /root/venv/lib/python3.12/site-packages/airflow/example_dags/example_xcom.py for tasks to queue
[2025-03-13T17:40:55.194+0000] {logging_mixin.py:190} INFO - [2025-03-13T17:40:55.193+0000] {dagbag.py:588} INFO - Filling up the DagBag from /root/venv/lib/python3.12/site-packages/airflow/example_dags/example_xcom.py
[2025-03-13T17:40:55.210+0000] {processor.py:925} INFO - DAG(s) 'example_xcom' retrieved from /root/venv/lib/python3.12/site-packages/airflow/example_dags/example_xcom.py
[2025-03-13T17:40:55.242+0000] {logging_mixin.py:190} INFO - [2025-03-13T17:40:55.242+0000] {dag.py:3239} INFO - Sync 1 DAGs
[2025-03-13T17:40:55.275+0000] {logging_mixin.py:190} INFO - [2025-03-13T17:40:55.275+0000] {dag.py:4180} INFO - Setting next_dagrun for example_xcom to 2021-01-01 00:00:00+00:00, run_after=2021-01-01 00:00:00+00:00
[2025-03-13T17:40:55.307+0000] {processor.py:208} INFO - Processing /root/venv/lib/python3.12/site-packages/airflow/example_dags/example_xcom.py took 0.131 seconds
[2025-03-13T17:41:59.403+0000] {processor.py:186} INFO - Started process (PID=1659609) to work on /root/venv/lib/python3.12/site-packages/airflow/example_dags/example_xcom.py
[2025-03-13T17:41:59.404+0000] {processor.py:914} INFO - Processing file /root/venv/lib/python3.12/site-packages/airflow/example_dags/example_xcom.py for tasks to queue
[2025-03-13T17:41:59.407+0000] {logging_mixin.py:190} INFO - [2025-03-13T17:41:59.407+0000] {dagbag.py:588} INFO - Filling up the DagBag from /root/venv/lib/python3.12/site-packages/airflow/example_dags/example_xcom.py
[2025-03-13T17:41:59.576+0000] {processor.py:925} INFO - DAG(s) 'example_xcom' retrieved from /root/venv/lib/python3.12/site-packages/airflow/example_dags/example_xcom.py
[2025-03-13T17:41:59.590+0000] {logging_mixin.py:190} INFO - [2025-03-13T17:41:59.590+0000] {dag.py:3239} INFO - Sync 1 DAGs
[2025-03-13T17:41:59.609+0000] {logging_mixin.py:190} INFO - [2025-03-13T17:41:59.609+0000] {dag.py:4180} INFO - Setting next_dagrun for example_xcom to 2021-01-01 00:00:00+00:00, run_after=2021-01-01 00:00:00+00:00
[2025-03-13T17:41:59.631+0000] {processor.py:208} INFO - Processing /root/venv/lib/python3.12/site-packages/airflow/example_dags/example_xcom.py took 0.237 seconds
[2025-03-13T17:43:01.339+0000] {processor.py:186} INFO - Started process (PID=1659674) to work on /root/venv/lib/python3.12/site-packages/airflow/example_dags/example_xcom.py
[2025-03-13T17:43:01.341+0000] {processor.py:914} INFO - Processing file /root/venv/lib/python3.12/site-packages/airflow/example_dags/example_xcom.py for tasks to queue
[2025-03-13T17:43:01.345+0000] {logging_mixin.py:190} INFO - [2025-03-13T17:43:01.344+0000] {dagbag.py:588} INFO - Filling up the DagBag from /root/venv/lib/python3.12/site-packages/airflow/example_dags/example_xcom.py
[2025-03-13T17:43:01.363+0000] {processor.py:925} INFO - DAG(s) 'example_xcom' retrieved from /root/venv/lib/python3.12/site-packages/airflow/example_dags/example_xcom.py
[2025-03-13T17:43:01.394+0000] {logging_mixin.py:190} INFO - [2025-03-13T17:43:01.393+0000] {dag.py:3239} INFO - Sync 1 DAGs
[2025-03-13T17:43:01.428+0000] {logging_mixin.py:190} INFO - [2025-03-13T17:43:01.427+0000] {dag.py:4180} INFO - Setting next_dagrun for example_xcom to 2021-01-01 00:00:00+00:00, run_after=2021-01-01 00:00:00+00:00
[2025-03-13T17:43:01.462+0000] {processor.py:208} INFO - Processing /root/venv/lib/python3.12/site-packages/airflow/example_dags/example_xcom.py took 0.134 seconds
[2025-03-13T17:44:01.088+0000] {processor.py:186} INFO - Started process (PID=1659739) to work on /root/venv/lib/python3.12/site-packages/airflow/example_dags/example_xcom.py
[2025-03-13T17:44:01.090+0000] {processor.py:914} INFO - Processing file /root/venv/lib/python3.12/site-packages/airflow/example_dags/example_xcom.py for tasks to queue
[2025-03-13T17:44:01.094+0000] {logging_mixin.py:190} INFO - [2025-03-13T17:44:01.093+0000] {dagbag.py:588} INFO - Filling up the DagBag from /root/venv/lib/python3.12/site-packages/airflow/example_dags/example_xcom.py
[2025-03-13T17:44:01.110+0000] {processor.py:925} INFO - DAG(s) 'example_xcom' retrieved from /root/venv/lib/python3.12/site-packages/airflow/example_dags/example_xcom.py
[2025-03-13T17:44:01.137+0000] {logging_mixin.py:190} INFO - [2025-03-13T17:44:01.137+0000] {dag.py:3239} INFO - Sync 1 DAGs
[2025-03-13T17:44:01.166+0000] {logging_mixin.py:190} INFO - [2025-03-13T17:44:01.166+0000] {dag.py:4180} INFO - Setting next_dagrun for example_xcom to 2021-01-01 00:00:00+00:00, run_after=2021-01-01 00:00:00+00:00
[2025-03-13T17:44:01.199+0000] {processor.py:208} INFO - Processing /root/venv/lib/python3.12/site-packages/airflow/example_dags/example_xcom.py took 0.120 seconds
[2025-03-13T17:45:05.721+0000] {processor.py:186} INFO - Started process (PID=1659818) to work on /root/venv/lib/python3.12/site-packages/airflow/example_dags/example_xcom.py
[2025-03-13T17:45:05.723+0000] {processor.py:914} INFO - Processing file /root/venv/lib/python3.12/site-packages/airflow/example_dags/example_xcom.py for tasks to queue
[2025-03-13T17:45:05.729+0000] {logging_mixin.py:190} INFO - [2025-03-13T17:45:05.728+0000] {dagbag.py:588} INFO - Filling up the DagBag from /root/venv/lib/python3.12/site-packages/airflow/example_dags/example_xcom.py
[2025-03-13T17:45:05.748+0000] {processor.py:925} INFO - DAG(s) 'example_xcom' retrieved from /root/venv/lib/python3.12/site-packages/airflow/example_dags/example_xcom.py
[2025-03-13T17:45:05.781+0000] {logging_mixin.py:190} INFO - [2025-03-13T17:45:05.780+0000] {dag.py:3239} INFO - Sync 1 DAGs
[2025-03-13T17:45:05.820+0000] {logging_mixin.py:190} INFO - [2025-03-13T17:45:05.819+0000] {dag.py:4180} INFO - Setting next_dagrun for example_xcom to 2021-01-01 00:00:00+00:00, run_after=2021-01-01 00:00:00+00:00
[2025-03-13T17:45:05.855+0000] {processor.py:208} INFO - Processing /root/venv/lib/python3.12/site-packages/airflow/example_dags/example_xcom.py took 0.146 seconds
[2025-03-13T17:46:10.713+0000] {processor.py:186} INFO - Started process (PID=1659884) to work on /root/venv/lib/python3.12/site-packages/airflow/example_dags/example_xcom.py
[2025-03-13T17:46:10.715+0000] {processor.py:914} INFO - Processing file /root/venv/lib/python3.12/site-packages/airflow/example_dags/example_xcom.py for tasks to queue
[2025-03-13T17:46:10.720+0000] {logging_mixin.py:190} INFO - [2025-03-13T17:46:10.719+0000] {dagbag.py:588} INFO - Filling up the DagBag from /root/venv/lib/python3.12/site-packages/airflow/example_dags/example_xcom.py
[2025-03-13T17:46:10.733+0000] {processor.py:925} INFO - DAG(s) 'example_xcom' retrieved from /root/venv/lib/python3.12/site-packages/airflow/example_dags/example_xcom.py
[2025-03-13T17:46:10.758+0000] {logging_mixin.py:190} INFO - [2025-03-13T17:46:10.758+0000] {dag.py:3239} INFO - Sync 1 DAGs
[2025-03-13T17:46:10.785+0000] {logging_mixin.py:190} INFO - [2025-03-13T17:46:10.785+0000] {dag.py:4180} INFO - Setting next_dagrun for example_xcom to 2021-01-01 00:00:00+00:00, run_after=2021-01-01 00:00:00+00:00
[2025-03-13T17:46:10.816+0000] {processor.py:208} INFO - Processing /root/venv/lib/python3.12/site-packages/airflow/example_dags/example_xcom.py took 0.112 seconds
[2025-03-13T17:47:13.084+0000] {processor.py:186} INFO - Started process (PID=1659948) to work on /root/venv/lib/python3.12/site-packages/airflow/example_dags/example_xcom.py
[2025-03-13T17:47:13.085+0000] {processor.py:914} INFO - Processing file /root/venv/lib/python3.12/site-packages/airflow/example_dags/example_xcom.py for tasks to queue
[2025-03-13T17:47:13.088+0000] {logging_mixin.py:190} INFO - [2025-03-13T17:47:13.088+0000] {dagbag.py:588} INFO - Filling up the DagBag from /root/venv/lib/python3.12/site-packages/airflow/example_dags/example_xcom.py
[2025-03-13T17:47:13.100+0000] {processor.py:925} INFO - DAG(s) 'example_xcom' retrieved from /root/venv/lib/python3.12/site-packages/airflow/example_dags/example_xcom.py
[2025-03-13T17:47:13.120+0000] {logging_mixin.py:190} INFO - [2025-03-13T17:47:13.120+0000] {dag.py:3239} INFO - Sync 1 DAGs
[2025-03-13T17:47:13.144+0000] {logging_mixin.py:190} INFO - [2025-03-13T17:47:13.144+0000] {dag.py:4180} INFO - Setting next_dagrun for example_xcom to 2021-01-01 00:00:00+00:00, run_after=2021-01-01 00:00:00+00:00
[2025-03-13T17:47:13.169+0000] {processor.py:208} INFO - Processing /root/venv/lib/python3.12/site-packages/airflow/example_dags/example_xcom.py took 0.093 seconds
[2025-03-13T17:48:12.884+0000] {processor.py:186} INFO - Started process (PID=1660012) to work on /root/venv/lib/python3.12/site-packages/airflow/example_dags/example_xcom.py
[2025-03-13T17:48:12.886+0000] {processor.py:914} INFO - Processing file /root/venv/lib/python3.12/site-packages/airflow/example_dags/example_xcom.py for tasks to queue
[2025-03-13T17:48:12.890+0000] {logging_mixin.py:190} INFO - [2025-03-13T17:48:12.889+0000] {dagbag.py:588} INFO - Filling up the DagBag from /root/venv/lib/python3.12/site-packages/airflow/example_dags/example_xcom.py
[2025-03-13T17:48:12.903+0000] {processor.py:925} INFO - DAG(s) 'example_xcom' retrieved from /root/venv/lib/python3.12/site-packages/airflow/example_dags/example_xcom.py
[2025-03-13T17:48:12.926+0000] {logging_mixin.py:190} INFO - [2025-03-13T17:48:12.926+0000] {dag.py:3239} INFO - Sync 1 DAGs
[2025-03-13T17:48:12.953+0000] {logging_mixin.py:190} INFO - [2025-03-13T17:48:12.952+0000] {dag.py:4180} INFO - Setting next_dagrun for example_xcom to 2021-01-01 00:00:00+00:00, run_after=2021-01-01 00:00:00+00:00
[2025-03-13T17:48:12.977+0000] {processor.py:208} INFO - Processing /root/venv/lib/python3.12/site-packages/airflow/example_dags/example_xcom.py took 0.101 seconds
[2025-03-13T17:49:15.365+0000] {processor.py:186} INFO - Started process (PID=1660074) to work on /root/venv/lib/python3.12/site-packages/airflow/example_dags/example_xcom.py
[2025-03-13T17:49:15.367+0000] {processor.py:914} INFO - Processing file /root/venv/lib/python3.12/site-packages/airflow/example_dags/example_xcom.py for tasks to queue
[2025-03-13T17:49:15.371+0000] {logging_mixin.py:190} INFO - [2025-03-13T17:49:15.371+0000] {dagbag.py:588} INFO - Filling up the DagBag from /root/venv/lib/python3.12/site-packages/airflow/example_dags/example_xcom.py
[2025-03-13T17:49:15.385+0000] {processor.py:925} INFO - DAG(s) 'example_xcom' retrieved from /root/venv/lib/python3.12/site-packages/airflow/example_dags/example_xcom.py
[2025-03-13T17:49:15.407+0000] {logging_mixin.py:190} INFO - [2025-03-13T17:49:15.406+0000] {dag.py:3239} INFO - Sync 1 DAGs
[2025-03-13T17:49:15.433+0000] {logging_mixin.py:190} INFO - [2025-03-13T17:49:15.433+0000] {dag.py:4180} INFO - Setting next_dagrun for example_xcom to 2021-01-01 00:00:00+00:00, run_after=2021-01-01 00:00:00+00:00
[2025-03-13T17:49:15.462+0000] {processor.py:208} INFO - Processing /root/venv/lib/python3.12/site-packages/airflow/example_dags/example_xcom.py took 0.106 seconds
[2025-03-13T17:50:18.672+0000] {processor.py:186} INFO - Started process (PID=1660137) to work on /root/venv/lib/python3.12/site-packages/airflow/example_dags/example_xcom.py
[2025-03-13T17:50:18.674+0000] {processor.py:914} INFO - Processing file /root/venv/lib/python3.12/site-packages/airflow/example_dags/example_xcom.py for tasks to queue
[2025-03-13T17:50:18.677+0000] {logging_mixin.py:190} INFO - [2025-03-13T17:50:18.677+0000] {dagbag.py:588} INFO - Filling up the DagBag from /root/venv/lib/python3.12/site-packages/airflow/example_dags/example_xcom.py
[2025-03-13T17:50:18.694+0000] {processor.py:925} INFO - DAG(s) 'example_xcom' retrieved from /root/venv/lib/python3.12/site-packages/airflow/example_dags/example_xcom.py
[2025-03-13T17:50:18.724+0000] {logging_mixin.py:190} INFO - [2025-03-13T17:50:18.724+0000] {dag.py:3239} INFO - Sync 1 DAGs
[2025-03-13T17:50:18.757+0000] {logging_mixin.py:190} INFO - [2025-03-13T17:50:18.756+0000] {dag.py:4180} INFO - Setting next_dagrun for example_xcom to 2021-01-01 00:00:00+00:00, run_after=2021-01-01 00:00:00+00:00
[2025-03-13T17:50:18.784+0000] {processor.py:208} INFO - Processing /root/venv/lib/python3.12/site-packages/airflow/example_dags/example_xcom.py took 0.123 seconds
[2025-03-13T17:51:20.959+0000] {processor.py:186} INFO - Started process (PID=1660206) to work on /root/venv/lib/python3.12/site-packages/airflow/example_dags/example_xcom.py
[2025-03-13T17:51:20.961+0000] {processor.py:914} INFO - Processing file /root/venv/lib/python3.12/site-packages/airflow/example_dags/example_xcom.py for tasks to queue
[2025-03-13T17:51:20.967+0000] {logging_mixin.py:190} INFO - [2025-03-13T17:51:20.967+0000] {dagbag.py:588} INFO - Filling up the DagBag from /root/venv/lib/python3.12/site-packages/airflow/example_dags/example_xcom.py
[2025-03-13T17:51:20.986+0000] {processor.py:925} INFO - DAG(s) 'example_xcom' retrieved from /root/venv/lib/python3.12/site-packages/airflow/example_dags/example_xcom.py
[2025-03-13T17:51:21.016+0000] {logging_mixin.py:190} INFO - [2025-03-13T17:51:21.016+0000] {dag.py:3239} INFO - Sync 1 DAGs
[2025-03-13T17:51:21.045+0000] {logging_mixin.py:190} INFO - [2025-03-13T17:51:21.045+0000] {dag.py:4180} INFO - Setting next_dagrun for example_xcom to 2021-01-01 00:00:00+00:00, run_after=2021-01-01 00:00:00+00:00
[2025-03-13T17:51:21.073+0000] {processor.py:208} INFO - Processing /root/venv/lib/python3.12/site-packages/airflow/example_dags/example_xcom.py took 0.125 seconds
[2025-03-13T17:52:24.200+0000] {processor.py:186} INFO - Started process (PID=1660270) to work on /root/venv/lib/python3.12/site-packages/airflow/example_dags/example_xcom.py
[2025-03-13T17:52:24.202+0000] {processor.py:914} INFO - Processing file /root/venv/lib/python3.12/site-packages/airflow/example_dags/example_xcom.py for tasks to queue
[2025-03-13T17:52:24.207+0000] {logging_mixin.py:190} INFO - [2025-03-13T17:52:24.206+0000] {dagbag.py:588} INFO - Filling up the DagBag from /root/venv/lib/python3.12/site-packages/airflow/example_dags/example_xcom.py
[2025-03-13T17:52:24.221+0000] {processor.py:925} INFO - DAG(s) 'example_xcom' retrieved from /root/venv/lib/python3.12/site-packages/airflow/example_dags/example_xcom.py
[2025-03-13T17:52:24.246+0000] {logging_mixin.py:190} INFO - [2025-03-13T17:52:24.245+0000] {dag.py:3239} INFO - Sync 1 DAGs
[2025-03-13T17:52:24.274+0000] {logging_mixin.py:190} INFO - [2025-03-13T17:52:24.274+0000] {dag.py:4180} INFO - Setting next_dagrun for example_xcom to 2021-01-01 00:00:00+00:00, run_after=2021-01-01 00:00:00+00:00
[2025-03-13T17:52:24.308+0000] {processor.py:208} INFO - Processing /root/venv/lib/python3.12/site-packages/airflow/example_dags/example_xcom.py took 0.116 seconds
[2025-03-13T17:53:28.310+0000] {processor.py:186} INFO - Started process (PID=1660333) to work on /root/venv/lib/python3.12/site-packages/airflow/example_dags/example_xcom.py
[2025-03-13T17:53:28.311+0000] {processor.py:914} INFO - Processing file /root/venv/lib/python3.12/site-packages/airflow/example_dags/example_xcom.py for tasks to queue
[2025-03-13T17:53:28.317+0000] {logging_mixin.py:190} INFO - [2025-03-13T17:53:28.316+0000] {dagbag.py:588} INFO - Filling up the DagBag from /root/venv/lib/python3.12/site-packages/airflow/example_dags/example_xcom.py
[2025-03-13T17:53:28.334+0000] {processor.py:925} INFO - DAG(s) 'example_xcom' retrieved from /root/venv/lib/python3.12/site-packages/airflow/example_dags/example_xcom.py
[2025-03-13T17:53:28.365+0000] {logging_mixin.py:190} INFO - [2025-03-13T17:53:28.364+0000] {dag.py:3239} INFO - Sync 1 DAGs
[2025-03-13T17:53:28.398+0000] {logging_mixin.py:190} INFO - [2025-03-13T17:53:28.398+0000] {dag.py:4180} INFO - Setting next_dagrun for example_xcom to 2021-01-01 00:00:00+00:00, run_after=2021-01-01 00:00:00+00:00
[2025-03-13T17:53:28.427+0000] {processor.py:208} INFO - Processing /root/venv/lib/python3.12/site-packages/airflow/example_dags/example_xcom.py took 0.125 seconds
[2025-03-13T17:54:30.785+0000] {processor.py:186} INFO - Started process (PID=1660394) to work on /root/venv/lib/python3.12/site-packages/airflow/example_dags/example_xcom.py
[2025-03-13T17:54:30.787+0000] {processor.py:914} INFO - Processing file /root/venv/lib/python3.12/site-packages/airflow/example_dags/example_xcom.py for tasks to queue
[2025-03-13T17:54:30.791+0000] {logging_mixin.py:190} INFO - [2025-03-13T17:54:30.791+0000] {dagbag.py:588} INFO - Filling up the DagBag from /root/venv/lib/python3.12/site-packages/airflow/example_dags/example_xcom.py
[2025-03-13T17:54:30.804+0000] {processor.py:925} INFO - DAG(s) 'example_xcom' retrieved from /root/venv/lib/python3.12/site-packages/airflow/example_dags/example_xcom.py
[2025-03-13T17:54:30.828+0000] {logging_mixin.py:190} INFO - [2025-03-13T17:54:30.828+0000] {dag.py:3239} INFO - Sync 1 DAGs
[2025-03-13T17:54:30.854+0000] {logging_mixin.py:190} INFO - [2025-03-13T17:54:30.854+0000] {dag.py:4180} INFO - Setting next_dagrun for example_xcom to 2021-01-01 00:00:00+00:00, run_after=2021-01-01 00:00:00+00:00
[2025-03-13T17:54:30.878+0000] {processor.py:208} INFO - Processing /root/venv/lib/python3.12/site-packages/airflow/example_dags/example_xcom.py took 0.104 seconds
[2025-03-13T17:55:47.474+0000] {processor.py:186} INFO - Started process (PID=1660486) to work on /root/venv/lib/python3.12/site-packages/airflow/example_dags/example_xcom.py
[2025-03-13T17:55:47.475+0000] {processor.py:914} INFO - Processing file /root/venv/lib/python3.12/site-packages/airflow/example_dags/example_xcom.py for tasks to queue
[2025-03-13T17:55:47.478+0000] {logging_mixin.py:190} INFO - [2025-03-13T17:55:47.478+0000] {dagbag.py:588} INFO - Filling up the DagBag from /root/venv/lib/python3.12/site-packages/airflow/example_dags/example_xcom.py
[2025-03-13T17:55:47.491+0000] {processor.py:925} INFO - DAG(s) 'example_xcom' retrieved from /root/venv/lib/python3.12/site-packages/airflow/example_dags/example_xcom.py
[2025-03-13T17:55:47.516+0000] {logging_mixin.py:190} INFO - [2025-03-13T17:55:47.515+0000] {dag.py:3239} INFO - Sync 1 DAGs
[2025-03-13T17:55:47.538+0000] {logging_mixin.py:190} INFO - [2025-03-13T17:55:47.537+0000] {dag.py:4180} INFO - Setting next_dagrun for example_xcom to 2021-01-01 00:00:00+00:00, run_after=2021-01-01 00:00:00+00:00
[2025-03-13T17:55:47.563+0000] {processor.py:208} INFO - Processing /root/venv/lib/python3.12/site-packages/airflow/example_dags/example_xcom.py took 0.097 seconds
[2025-03-13T17:56:40.141+0000] {processor.py:186} INFO - Started process (PID=1660554) to work on /root/venv/lib/python3.12/site-packages/airflow/example_dags/example_xcom.py
[2025-03-13T17:56:40.143+0000] {processor.py:914} INFO - Processing file /root/venv/lib/python3.12/site-packages/airflow/example_dags/example_xcom.py for tasks to queue
[2025-03-13T17:56:40.145+0000] {logging_mixin.py:190} INFO - [2025-03-13T17:56:40.145+0000] {dagbag.py:588} INFO - Filling up the DagBag from /root/venv/lib/python3.12/site-packages/airflow/example_dags/example_xcom.py
[2025-03-13T17:56:40.158+0000] {processor.py:925} INFO - DAG(s) 'example_xcom' retrieved from /root/venv/lib/python3.12/site-packages/airflow/example_dags/example_xcom.py
[2025-03-13T17:56:40.180+0000] {logging_mixin.py:190} INFO - [2025-03-13T17:56:40.180+0000] {dag.py:3239} INFO - Sync 1 DAGs
[2025-03-13T17:56:40.201+0000] {logging_mixin.py:190} INFO - [2025-03-13T17:56:40.201+0000] {dag.py:4180} INFO - Setting next_dagrun for example_xcom to 2021-01-01 00:00:00+00:00, run_after=2021-01-01 00:00:00+00:00
[2025-03-13T17:56:40.225+0000] {processor.py:208} INFO - Processing /root/venv/lib/python3.12/site-packages/airflow/example_dags/example_xcom.py took 0.092 seconds
[2025-03-13T17:57:39.450+0000] {processor.py:186} INFO - Started process (PID=1660619) to work on /root/venv/lib/python3.12/site-packages/airflow/example_dags/example_xcom.py
[2025-03-13T17:57:39.451+0000] {processor.py:914} INFO - Processing file /root/venv/lib/python3.12/site-packages/airflow/example_dags/example_xcom.py for tasks to queue
[2025-03-13T17:57:39.455+0000] {logging_mixin.py:190} INFO - [2025-03-13T17:57:39.454+0000] {dagbag.py:588} INFO - Filling up the DagBag from /root/venv/lib/python3.12/site-packages/airflow/example_dags/example_xcom.py
[2025-03-13T17:57:39.470+0000] {processor.py:925} INFO - DAG(s) 'example_xcom' retrieved from /root/venv/lib/python3.12/site-packages/airflow/example_dags/example_xcom.py
[2025-03-13T17:57:39.495+0000] {logging_mixin.py:190} INFO - [2025-03-13T17:57:39.495+0000] {dag.py:3239} INFO - Sync 1 DAGs
[2025-03-13T17:57:39.522+0000] {logging_mixin.py:190} INFO - [2025-03-13T17:57:39.522+0000] {dag.py:4180} INFO - Setting next_dagrun for example_xcom to 2021-01-01 00:00:00+00:00, run_after=2021-01-01 00:00:00+00:00
[2025-03-13T17:57:39.550+0000] {processor.py:208} INFO - Processing /root/venv/lib/python3.12/site-packages/airflow/example_dags/example_xcom.py took 0.109 seconds
[2025-03-13T17:58:38.731+0000] {processor.py:186} INFO - Started process (PID=1660690) to work on /root/venv/lib/python3.12/site-packages/airflow/example_dags/example_xcom.py
[2025-03-13T17:58:38.733+0000] {processor.py:914} INFO - Processing file /root/venv/lib/python3.12/site-packages/airflow/example_dags/example_xcom.py for tasks to queue
[2025-03-13T17:58:38.735+0000] {logging_mixin.py:190} INFO - [2025-03-13T17:58:38.735+0000] {dagbag.py:588} INFO - Filling up the DagBag from /root/venv/lib/python3.12/site-packages/airflow/example_dags/example_xcom.py
[2025-03-13T17:58:38.748+0000] {processor.py:925} INFO - DAG(s) 'example_xcom' retrieved from /root/venv/lib/python3.12/site-packages/airflow/example_dags/example_xcom.py
[2025-03-13T17:58:38.774+0000] {logging_mixin.py:190} INFO - [2025-03-13T17:58:38.774+0000] {dag.py:3239} INFO - Sync 1 DAGs
[2025-03-13T17:58:38.802+0000] {logging_mixin.py:190} INFO - [2025-03-13T17:58:38.802+0000] {dag.py:4180} INFO - Setting next_dagrun for example_xcom to 2021-01-01 00:00:00+00:00, run_after=2021-01-01 00:00:00+00:00
[2025-03-13T17:58:38.829+0000] {processor.py:208} INFO - Processing /root/venv/lib/python3.12/site-packages/airflow/example_dags/example_xcom.py took 0.107 seconds
[2025-03-13T17:59:36.506+0000] {processor.py:186} INFO - Started process (PID=1660749) to work on /root/venv/lib/python3.12/site-packages/airflow/example_dags/example_xcom.py
[2025-03-13T17:59:36.508+0000] {processor.py:914} INFO - Processing file /root/venv/lib/python3.12/site-packages/airflow/example_dags/example_xcom.py for tasks to queue
[2025-03-13T17:59:36.510+0000] {logging_mixin.py:190} INFO - [2025-03-13T17:59:36.510+0000] {dagbag.py:588} INFO - Filling up the DagBag from /root/venv/lib/python3.12/site-packages/airflow/example_dags/example_xcom.py
[2025-03-13T17:59:36.521+0000] {processor.py:925} INFO - DAG(s) 'example_xcom' retrieved from /root/venv/lib/python3.12/site-packages/airflow/example_dags/example_xcom.py
[2025-03-13T17:59:36.544+0000] {logging_mixin.py:190} INFO - [2025-03-13T17:59:36.543+0000] {dag.py:3239} INFO - Sync 1 DAGs
[2025-03-13T17:59:36.565+0000] {logging_mixin.py:190} INFO - [2025-03-13T17:59:36.565+0000] {dag.py:4180} INFO - Setting next_dagrun for example_xcom to 2021-01-01 00:00:00+00:00, run_after=2021-01-01 00:00:00+00:00
[2025-03-13T17:59:36.589+0000] {processor.py:208} INFO - Processing /root/venv/lib/python3.12/site-packages/airflow/example_dags/example_xcom.py took 0.089 seconds
[2025-03-13T18:01:03.599+0000] {processor.py:186} INFO - Started process (PID=1660844) to work on /root/venv/lib/python3.12/site-packages/airflow/example_dags/example_xcom.py
[2025-03-13T18:01:03.601+0000] {processor.py:914} INFO - Processing file /root/venv/lib/python3.12/site-packages/airflow/example_dags/example_xcom.py for tasks to queue
[2025-03-13T18:01:03.605+0000] {logging_mixin.py:190} INFO - [2025-03-13T18:01:03.605+0000] {dagbag.py:588} INFO - Filling up the DagBag from /root/venv/lib/python3.12/site-packages/airflow/example_dags/example_xcom.py
[2025-03-13T18:01:03.622+0000] {processor.py:925} INFO - DAG(s) 'example_xcom' retrieved from /root/venv/lib/python3.12/site-packages/airflow/example_dags/example_xcom.py
[2025-03-13T18:01:03.649+0000] {logging_mixin.py:190} INFO - [2025-03-13T18:01:03.648+0000] {dag.py:3239} INFO - Sync 1 DAGs
[2025-03-13T18:01:03.676+0000] {logging_mixin.py:190} INFO - [2025-03-13T18:01:03.676+0000] {dag.py:4180} INFO - Setting next_dagrun for example_xcom to 2021-01-01 00:00:00+00:00, run_after=2021-01-01 00:00:00+00:00
[2025-03-13T18:01:03.704+0000] {processor.py:208} INFO - Processing /root/venv/lib/python3.12/site-packages/airflow/example_dags/example_xcom.py took 0.113 seconds
[2025-03-13T18:02:11.985+0000] {processor.py:186} INFO - Started process (PID=1660926) to work on /root/venv/lib/python3.12/site-packages/airflow/example_dags/example_xcom.py
[2025-03-13T18:02:11.987+0000] {processor.py:914} INFO - Processing file /root/venv/lib/python3.12/site-packages/airflow/example_dags/example_xcom.py for tasks to queue
[2025-03-13T18:02:11.991+0000] {logging_mixin.py:190} INFO - [2025-03-13T18:02:11.991+0000] {dagbag.py:588} INFO - Filling up the DagBag from /root/venv/lib/python3.12/site-packages/airflow/example_dags/example_xcom.py
[2025-03-13T18:02:12.008+0000] {processor.py:925} INFO - DAG(s) 'example_xcom' retrieved from /root/venv/lib/python3.12/site-packages/airflow/example_dags/example_xcom.py
[2025-03-13T18:02:12.039+0000] {logging_mixin.py:190} INFO - [2025-03-13T18:02:12.038+0000] {dag.py:3239} INFO - Sync 1 DAGs
[2025-03-13T18:02:12.074+0000] {logging_mixin.py:190} INFO - [2025-03-13T18:02:12.074+0000] {dag.py:4180} INFO - Setting next_dagrun for example_xcom to 2021-01-01 00:00:00+00:00, run_after=2021-01-01 00:00:00+00:00
[2025-03-13T18:02:12.108+0000] {processor.py:208} INFO - Processing /root/venv/lib/python3.12/site-packages/airflow/example_dags/example_xcom.py took 0.133 seconds
[2025-03-13T18:03:13.802+0000] {processor.py:186} INFO - Started process (PID=1660991) to work on /root/venv/lib/python3.12/site-packages/airflow/example_dags/example_xcom.py
[2025-03-13T18:03:13.804+0000] {processor.py:914} INFO - Processing file /root/venv/lib/python3.12/site-packages/airflow/example_dags/example_xcom.py for tasks to queue
[2025-03-13T18:03:13.807+0000] {logging_mixin.py:190} INFO - [2025-03-13T18:03:13.807+0000] {dagbag.py:588} INFO - Filling up the DagBag from /root/venv/lib/python3.12/site-packages/airflow/example_dags/example_xcom.py
[2025-03-13T18:03:13.821+0000] {processor.py:925} INFO - DAG(s) 'example_xcom' retrieved from /root/venv/lib/python3.12/site-packages/airflow/example_dags/example_xcom.py
[2025-03-13T18:03:13.847+0000] {logging_mixin.py:190} INFO - [2025-03-13T18:03:13.846+0000] {dag.py:3239} INFO - Sync 1 DAGs
[2025-03-13T18:03:13.872+0000] {logging_mixin.py:190} INFO - [2025-03-13T18:03:13.872+0000] {dag.py:4180} INFO - Setting next_dagrun for example_xcom to 2021-01-01 00:00:00+00:00, run_after=2021-01-01 00:00:00+00:00
[2025-03-13T18:03:13.895+0000] {processor.py:208} INFO - Processing /root/venv/lib/python3.12/site-packages/airflow/example_dags/example_xcom.py took 0.101 seconds
[2025-03-13T18:04:25.310+0000] {processor.py:186} INFO - Started process (PID=1661058) to work on /root/venv/lib/python3.12/site-packages/airflow/example_dags/example_xcom.py
[2025-03-13T18:04:25.311+0000] {processor.py:914} INFO - Processing file /root/venv/lib/python3.12/site-packages/airflow/example_dags/example_xcom.py for tasks to queue
[2025-03-13T18:04:25.314+0000] {logging_mixin.py:190} INFO - [2025-03-13T18:04:25.313+0000] {dagbag.py:588} INFO - Filling up the DagBag from /root/venv/lib/python3.12/site-packages/airflow/example_dags/example_xcom.py
[2025-03-13T18:04:25.327+0000] {processor.py:925} INFO - DAG(s) 'example_xcom' retrieved from /root/venv/lib/python3.12/site-packages/airflow/example_dags/example_xcom.py
[2025-03-13T18:04:25.518+0000] {logging_mixin.py:190} INFO - [2025-03-13T18:04:25.518+0000] {dag.py:3239} INFO - Sync 1 DAGs
[2025-03-13T18:04:25.537+0000] {logging_mixin.py:190} INFO - [2025-03-13T18:04:25.537+0000] {dag.py:4180} INFO - Setting next_dagrun for example_xcom to 2021-01-01 00:00:00+00:00, run_after=2021-01-01 00:00:00+00:00
[2025-03-13T18:04:25.559+0000] {processor.py:208} INFO - Processing /root/venv/lib/python3.12/site-packages/airflow/example_dags/example_xcom.py took 0.258 seconds
[2025-03-13T18:05:39.937+0000] {processor.py:186} INFO - Started process (PID=1661133) to work on /root/venv/lib/python3.12/site-packages/airflow/example_dags/example_xcom.py
[2025-03-13T18:05:39.939+0000] {processor.py:914} INFO - Processing file /root/venv/lib/python3.12/site-packages/airflow/example_dags/example_xcom.py for tasks to queue
[2025-03-13T18:05:39.943+0000] {logging_mixin.py:190} INFO - [2025-03-13T18:05:39.942+0000] {dagbag.py:588} INFO - Filling up the DagBag from /root/venv/lib/python3.12/site-packages/airflow/example_dags/example_xcom.py
[2025-03-13T18:05:39.961+0000] {processor.py:925} INFO - DAG(s) 'example_xcom' retrieved from /root/venv/lib/python3.12/site-packages/airflow/example_dags/example_xcom.py
[2025-03-13T18:05:39.991+0000] {logging_mixin.py:190} INFO - [2025-03-13T18:05:39.990+0000] {dag.py:3239} INFO - Sync 1 DAGs
[2025-03-13T18:05:40.023+0000] {logging_mixin.py:190} INFO - [2025-03-13T18:05:40.022+0000] {dag.py:4180} INFO - Setting next_dagrun for example_xcom to 2021-01-01 00:00:00+00:00, run_after=2021-01-01 00:00:00+00:00
[2025-03-13T18:05:40.052+0000] {processor.py:208} INFO - Processing /root/venv/lib/python3.12/site-packages/airflow/example_dags/example_xcom.py took 0.124 seconds
[2025-03-13T18:06:46.831+0000] {processor.py:186} INFO - Started process (PID=1661203) to work on /root/venv/lib/python3.12/site-packages/airflow/example_dags/example_xcom.py
[2025-03-13T18:06:46.833+0000] {processor.py:914} INFO - Processing file /root/venv/lib/python3.12/site-packages/airflow/example_dags/example_xcom.py for tasks to queue
[2025-03-13T18:06:46.835+0000] {logging_mixin.py:190} INFO - [2025-03-13T18:06:46.835+0000] {dagbag.py:588} INFO - Filling up the DagBag from /root/venv/lib/python3.12/site-packages/airflow/example_dags/example_xcom.py
[2025-03-13T18:06:46.847+0000] {processor.py:925} INFO - DAG(s) 'example_xcom' retrieved from /root/venv/lib/python3.12/site-packages/airflow/example_dags/example_xcom.py
[2025-03-13T18:06:46.866+0000] {logging_mixin.py:190} INFO - [2025-03-13T18:06:46.866+0000] {dag.py:3239} INFO - Sync 1 DAGs
[2025-03-13T18:06:46.887+0000] {logging_mixin.py:190} INFO - [2025-03-13T18:06:46.887+0000] {dag.py:4180} INFO - Setting next_dagrun for example_xcom to 2021-01-01 00:00:00+00:00, run_after=2021-01-01 00:00:00+00:00
[2025-03-13T18:06:46.907+0000] {processor.py:208} INFO - Processing /root/venv/lib/python3.12/site-packages/airflow/example_dags/example_xcom.py took 0.083 seconds
[2025-03-13T18:07:56.884+0000] {processor.py:186} INFO - Started process (PID=1661287) to work on /root/venv/lib/python3.12/site-packages/airflow/example_dags/example_xcom.py
[2025-03-13T18:07:56.886+0000] {processor.py:914} INFO - Processing file /root/venv/lib/python3.12/site-packages/airflow/example_dags/example_xcom.py for tasks to queue
[2025-03-13T18:07:56.889+0000] {logging_mixin.py:190} INFO - [2025-03-13T18:07:56.888+0000] {dagbag.py:588} INFO - Filling up the DagBag from /root/venv/lib/python3.12/site-packages/airflow/example_dags/example_xcom.py
[2025-03-13T18:07:56.902+0000] {processor.py:925} INFO - DAG(s) 'example_xcom' retrieved from /root/venv/lib/python3.12/site-packages/airflow/example_dags/example_xcom.py
[2025-03-13T18:07:56.924+0000] {logging_mixin.py:190} INFO - [2025-03-13T18:07:56.924+0000] {dag.py:3239} INFO - Sync 1 DAGs
[2025-03-13T18:07:56.947+0000] {logging_mixin.py:190} INFO - [2025-03-13T18:07:56.947+0000] {dag.py:4180} INFO - Setting next_dagrun for example_xcom to 2021-01-01 00:00:00+00:00, run_after=2021-01-01 00:00:00+00:00
[2025-03-13T18:07:56.971+0000] {processor.py:208} INFO - Processing /root/venv/lib/python3.12/site-packages/airflow/example_dags/example_xcom.py took 0.095 seconds
[2025-03-13T18:09:01.851+0000] {processor.py:186} INFO - Started process (PID=1661355) to work on /root/venv/lib/python3.12/site-packages/airflow/example_dags/example_xcom.py
[2025-03-13T18:09:01.853+0000] {processor.py:914} INFO - Processing file /root/venv/lib/python3.12/site-packages/airflow/example_dags/example_xcom.py for tasks to queue
[2025-03-13T18:09:01.857+0000] {logging_mixin.py:190} INFO - [2025-03-13T18:09:01.856+0000] {dagbag.py:588} INFO - Filling up the DagBag from /root/venv/lib/python3.12/site-packages/airflow/example_dags/example_xcom.py
[2025-03-13T18:09:01.878+0000] {processor.py:925} INFO - DAG(s) 'example_xcom' retrieved from /root/venv/lib/python3.12/site-packages/airflow/example_dags/example_xcom.py
[2025-03-13T18:09:01.910+0000] {logging_mixin.py:190} INFO - [2025-03-13T18:09:01.909+0000] {dag.py:3239} INFO - Sync 1 DAGs
[2025-03-13T18:09:01.945+0000] {logging_mixin.py:190} INFO - [2025-03-13T18:09:01.944+0000] {dag.py:4180} INFO - Setting next_dagrun for example_xcom to 2021-01-01 00:00:00+00:00, run_after=2021-01-01 00:00:00+00:00
[2025-03-13T18:09:01.976+0000] {processor.py:208} INFO - Processing /root/venv/lib/python3.12/site-packages/airflow/example_dags/example_xcom.py took 0.138 seconds
[2025-03-13T18:10:01.550+0000] {processor.py:186} INFO - Started process (PID=1661424) to work on /root/venv/lib/python3.12/site-packages/airflow/example_dags/example_xcom.py
[2025-03-13T18:10:01.552+0000] {processor.py:914} INFO - Processing file /root/venv/lib/python3.12/site-packages/airflow/example_dags/example_xcom.py for tasks to queue
[2025-03-13T18:10:01.557+0000] {logging_mixin.py:190} INFO - [2025-03-13T18:10:01.556+0000] {dagbag.py:588} INFO - Filling up the DagBag from /root/venv/lib/python3.12/site-packages/airflow/example_dags/example_xcom.py
[2025-03-13T18:10:01.578+0000] {processor.py:925} INFO - DAG(s) 'example_xcom' retrieved from /root/venv/lib/python3.12/site-packages/airflow/example_dags/example_xcom.py
[2025-03-13T18:10:01.612+0000] {logging_mixin.py:190} INFO - [2025-03-13T18:10:01.612+0000] {dag.py:3239} INFO - Sync 1 DAGs
[2025-03-13T18:10:01.649+0000] {logging_mixin.py:190} INFO - [2025-03-13T18:10:01.649+0000] {dag.py:4180} INFO - Setting next_dagrun for example_xcom to 2021-01-01 00:00:00+00:00, run_after=2021-01-01 00:00:00+00:00
[2025-03-13T18:10:01.686+0000] {processor.py:208} INFO - Processing /root/venv/lib/python3.12/site-packages/airflow/example_dags/example_xcom.py took 0.147 seconds
[2025-03-13T18:11:09.291+0000] {processor.py:186} INFO - Started process (PID=1661491) to work on /root/venv/lib/python3.12/site-packages/airflow/example_dags/example_xcom.py
[2025-03-13T18:11:09.292+0000] {processor.py:914} INFO - Processing file /root/venv/lib/python3.12/site-packages/airflow/example_dags/example_xcom.py for tasks to queue
[2025-03-13T18:11:09.297+0000] {logging_mixin.py:190} INFO - [2025-03-13T18:11:09.296+0000] {dagbag.py:588} INFO - Filling up the DagBag from /root/venv/lib/python3.12/site-packages/airflow/example_dags/example_xcom.py
[2025-03-13T18:11:09.311+0000] {processor.py:925} INFO - DAG(s) 'example_xcom' retrieved from /root/venv/lib/python3.12/site-packages/airflow/example_dags/example_xcom.py
[2025-03-13T18:11:09.336+0000] {logging_mixin.py:190} INFO - [2025-03-13T18:11:09.336+0000] {dag.py:3239} INFO - Sync 1 DAGs
[2025-03-13T18:11:09.359+0000] {logging_mixin.py:190} INFO - [2025-03-13T18:11:09.359+0000] {dag.py:4180} INFO - Setting next_dagrun for example_xcom to 2021-01-01 00:00:00+00:00, run_after=2021-01-01 00:00:00+00:00
[2025-03-13T18:11:09.383+0000] {processor.py:208} INFO - Processing /root/venv/lib/python3.12/site-packages/airflow/example_dags/example_xcom.py took 0.101 seconds
[2025-03-13T18:12:16.696+0000] {processor.py:186} INFO - Started process (PID=1661557) to work on /root/venv/lib/python3.12/site-packages/airflow/example_dags/example_xcom.py
[2025-03-13T18:12:16.698+0000] {processor.py:914} INFO - Processing file /root/venv/lib/python3.12/site-packages/airflow/example_dags/example_xcom.py for tasks to queue
[2025-03-13T18:12:16.700+0000] {logging_mixin.py:190} INFO - [2025-03-13T18:12:16.700+0000] {dagbag.py:588} INFO - Filling up the DagBag from /root/venv/lib/python3.12/site-packages/airflow/example_dags/example_xcom.py
[2025-03-13T18:12:16.714+0000] {processor.py:925} INFO - DAG(s) 'example_xcom' retrieved from /root/venv/lib/python3.12/site-packages/airflow/example_dags/example_xcom.py
[2025-03-13T18:12:16.740+0000] {logging_mixin.py:190} INFO - [2025-03-13T18:12:16.739+0000] {dag.py:3239} INFO - Sync 1 DAGs
[2025-03-13T18:12:16.764+0000] {logging_mixin.py:190} INFO - [2025-03-13T18:12:16.764+0000] {dag.py:4180} INFO - Setting next_dagrun for example_xcom to 2021-01-01 00:00:00+00:00, run_after=2021-01-01 00:00:00+00:00
[2025-03-13T18:12:16.792+0000] {processor.py:208} INFO - Processing /root/venv/lib/python3.12/site-packages/airflow/example_dags/example_xcom.py took 0.105 seconds
[2025-03-13T18:13:23.335+0000] {processor.py:186} INFO - Started process (PID=1661638) to work on /root/venv/lib/python3.12/site-packages/airflow/example_dags/example_xcom.py
[2025-03-13T18:13:23.337+0000] {processor.py:914} INFO - Processing file /root/venv/lib/python3.12/site-packages/airflow/example_dags/example_xcom.py for tasks to queue
[2025-03-13T18:13:23.339+0000] {logging_mixin.py:190} INFO - [2025-03-13T18:13:23.338+0000] {dagbag.py:588} INFO - Filling up the DagBag from /root/venv/lib/python3.12/site-packages/airflow/example_dags/example_xcom.py
[2025-03-13T18:13:23.355+0000] {processor.py:925} INFO - DAG(s) 'example_xcom' retrieved from /root/venv/lib/python3.12/site-packages/airflow/example_dags/example_xcom.py
[2025-03-13T18:13:23.382+0000] {logging_mixin.py:190} INFO - [2025-03-13T18:13:23.381+0000] {dag.py:3239} INFO - Sync 1 DAGs
[2025-03-13T18:13:23.411+0000] {logging_mixin.py:190} INFO - [2025-03-13T18:13:23.411+0000] {dag.py:4180} INFO - Setting next_dagrun for example_xcom to 2021-01-01 00:00:00+00:00, run_after=2021-01-01 00:00:00+00:00
[2025-03-13T18:13:23.444+0000] {processor.py:208} INFO - Processing /root/venv/lib/python3.12/site-packages/airflow/example_dags/example_xcom.py took 0.117 seconds
[2025-03-13T18:14:28.831+0000] {processor.py:186} INFO - Started process (PID=1661708) to work on /root/venv/lib/python3.12/site-packages/airflow/example_dags/example_xcom.py
[2025-03-13T18:14:28.833+0000] {processor.py:914} INFO - Processing file /root/venv/lib/python3.12/site-packages/airflow/example_dags/example_xcom.py for tasks to queue
[2025-03-13T18:14:28.835+0000] {logging_mixin.py:190} INFO - [2025-03-13T18:14:28.835+0000] {dagbag.py:588} INFO - Filling up the DagBag from /root/venv/lib/python3.12/site-packages/airflow/example_dags/example_xcom.py
[2025-03-13T18:14:28.852+0000] {processor.py:925} INFO - DAG(s) 'example_xcom' retrieved from /root/venv/lib/python3.12/site-packages/airflow/example_dags/example_xcom.py
[2025-03-13T18:14:28.879+0000] {logging_mixin.py:190} INFO - [2025-03-13T18:14:28.878+0000] {dag.py:3239} INFO - Sync 1 DAGs
[2025-03-13T18:14:28.902+0000] {logging_mixin.py:190} INFO - [2025-03-13T18:14:28.901+0000] {dag.py:4180} INFO - Setting next_dagrun for example_xcom to 2021-01-01 00:00:00+00:00, run_after=2021-01-01 00:00:00+00:00
[2025-03-13T18:14:28.924+0000] {processor.py:208} INFO - Processing /root/venv/lib/python3.12/site-packages/airflow/example_dags/example_xcom.py took 0.102 seconds
[2025-03-13T18:15:39.664+0000] {processor.py:186} INFO - Started process (PID=1661785) to work on /root/venv/lib/python3.12/site-packages/airflow/example_dags/example_xcom.py
[2025-03-13T18:15:39.667+0000] {processor.py:914} INFO - Processing file /root/venv/lib/python3.12/site-packages/airflow/example_dags/example_xcom.py for tasks to queue
[2025-03-13T18:15:39.670+0000] {logging_mixin.py:190} INFO - [2025-03-13T18:15:39.669+0000] {dagbag.py:588} INFO - Filling up the DagBag from /root/venv/lib/python3.12/site-packages/airflow/example_dags/example_xcom.py
[2025-03-13T18:15:39.688+0000] {processor.py:925} INFO - DAG(s) 'example_xcom' retrieved from /root/venv/lib/python3.12/site-packages/airflow/example_dags/example_xcom.py
[2025-03-13T18:15:39.712+0000] {logging_mixin.py:190} INFO - [2025-03-13T18:15:39.712+0000] {dag.py:3239} INFO - Sync 1 DAGs
[2025-03-13T18:15:39.743+0000] {logging_mixin.py:190} INFO - [2025-03-13T18:15:39.743+0000] {dag.py:4180} INFO - Setting next_dagrun for example_xcom to 2021-01-01 00:00:00+00:00, run_after=2021-01-01 00:00:00+00:00
[2025-03-13T18:15:39.772+0000] {processor.py:208} INFO - Processing /root/venv/lib/python3.12/site-packages/airflow/example_dags/example_xcom.py took 0.119 seconds
[2025-03-13T19:39:17.345+0000] {processor.py:186} INFO - Started process (PID=1662379) to work on /root/venv/lib/python3.12/site-packages/airflow/example_dags/example_xcom.py
[2025-03-13T19:39:17.347+0000] {processor.py:914} INFO - Processing file /root/venv/lib/python3.12/site-packages/airflow/example_dags/example_xcom.py for tasks to queue
[2025-03-13T19:39:17.349+0000] {logging_mixin.py:190} INFO - [2025-03-13T19:39:17.349+0000] {dagbag.py:588} INFO - Filling up the DagBag from /root/venv/lib/python3.12/site-packages/airflow/example_dags/example_xcom.py
[2025-03-13T19:39:17.361+0000] {processor.py:925} INFO - DAG(s) 'example_xcom' retrieved from /root/venv/lib/python3.12/site-packages/airflow/example_dags/example_xcom.py
[2025-03-13T19:39:17.385+0000] {logging_mixin.py:190} INFO - [2025-03-13T19:39:17.384+0000] {dag.py:3239} INFO - Sync 1 DAGs
[2025-03-13T19:39:17.410+0000] {logging_mixin.py:190} INFO - [2025-03-13T19:39:17.410+0000] {dag.py:4180} INFO - Setting next_dagrun for example_xcom to 2021-01-01 00:00:00+00:00, run_after=2021-01-01 00:00:00+00:00
[2025-03-13T19:39:17.434+0000] {processor.py:208} INFO - Processing /root/venv/lib/python3.12/site-packages/airflow/example_dags/example_xcom.py took 0.096 seconds
