[2025-03-13T17:31:17.647+0000] {processor.py:186} INFO - Started process (PID=1658868) to work on /root/venv/lib/python3.12/site-packages/airflow/example_dags/example_python_decorator.py
[2025-03-13T17:31:17.648+0000] {processor.py:914} INFO - Processing file /root/venv/lib/python3.12/site-packages/airflow/example_dags/example_python_decorator.py for tasks to queue
[2025-03-13T17:31:17.651+0000] {logging_mixin.py:190} INFO - [2025-03-13T17:31:17.650+0000] {dagbag.py:588} INFO - Filling up the DagBag from /root/venv/lib/python3.12/site-packages/airflow/example_dags/example_python_decorator.py
[2025-03-13T17:31:17.661+0000] {logging_mixin.py:190} INFO - [2025-03-13T17:31:17.661+0000] {example_python_decorator.py:80} WARNING - The virtalenv_python example task requires virtualenv, please install it.
[2025-03-13T17:31:17.664+0000] {processor.py:925} INFO - DAG(s) 'example_python_decorator' retrieved from /root/venv/lib/python3.12/site-packages/airflow/example_dags/example_python_decorator.py
[2025-03-13T17:31:17.782+0000] {logging_mixin.py:190} INFO - [2025-03-13T17:31:17.782+0000] {dag.py:3239} INFO - Sync 1 DAGs
[2025-03-13T17:31:17.796+0000] {logging_mixin.py:190} INFO - [2025-03-13T17:31:17.795+0000] {dag.py:4180} INFO - Setting next_dagrun for example_python_decorator to None, run_after=None
[2025-03-13T17:31:17.822+0000] {processor.py:208} INFO - Processing /root/venv/lib/python3.12/site-packages/airflow/example_dags/example_python_decorator.py took 0.183 seconds
[2025-03-13T17:32:20.865+0000] {processor.py:186} INFO - Started process (PID=1658932) to work on /root/venv/lib/python3.12/site-packages/airflow/example_dags/example_python_decorator.py
[2025-03-13T17:32:20.866+0000] {processor.py:914} INFO - Processing file /root/venv/lib/python3.12/site-packages/airflow/example_dags/example_python_decorator.py for tasks to queue
[2025-03-13T17:32:20.869+0000] {logging_mixin.py:190} INFO - [2025-03-13T17:32:20.868+0000] {dagbag.py:588} INFO - Filling up the DagBag from /root/venv/lib/python3.12/site-packages/airflow/example_dags/example_python_decorator.py
[2025-03-13T17:32:20.880+0000] {logging_mixin.py:190} INFO - [2025-03-13T17:32:20.880+0000] {example_python_decorator.py:80} WARNING - The virtalenv_python example task requires virtualenv, please install it.
[2025-03-13T17:32:20.883+0000] {processor.py:925} INFO - DAG(s) 'example_python_decorator' retrieved from /root/venv/lib/python3.12/site-packages/airflow/example_dags/example_python_decorator.py
[2025-03-13T17:32:20.907+0000] {logging_mixin.py:190} INFO - [2025-03-13T17:32:20.907+0000] {dag.py:3239} INFO - Sync 1 DAGs
[2025-03-13T17:32:20.923+0000] {logging_mixin.py:190} INFO - [2025-03-13T17:32:20.923+0000] {dag.py:4180} INFO - Setting next_dagrun for example_python_decorator to None, run_after=None
[2025-03-13T17:32:20.950+0000] {processor.py:208} INFO - Processing /root/venv/lib/python3.12/site-packages/airflow/example_dags/example_python_decorator.py took 0.093 seconds
[2025-03-13T17:33:21.822+0000] {processor.py:186} INFO - Started process (PID=1659061) to work on /root/venv/lib/python3.12/site-packages/airflow/example_dags/example_python_decorator.py
[2025-03-13T17:33:21.824+0000] {processor.py:914} INFO - Processing file /root/venv/lib/python3.12/site-packages/airflow/example_dags/example_python_decorator.py for tasks to queue
[2025-03-13T17:33:21.827+0000] {logging_mixin.py:190} INFO - [2025-03-13T17:33:21.827+0000] {dagbag.py:588} INFO - Filling up the DagBag from /root/venv/lib/python3.12/site-packages/airflow/example_dags/example_python_decorator.py
[2025-03-13T17:33:21.839+0000] {logging_mixin.py:190} INFO - [2025-03-13T17:33:21.839+0000] {example_python_decorator.py:80} WARNING - The virtalenv_python example task requires virtualenv, please install it.
[2025-03-13T17:33:21.842+0000] {processor.py:925} INFO - DAG(s) 'example_python_decorator' retrieved from /root/venv/lib/python3.12/site-packages/airflow/example_dags/example_python_decorator.py
[2025-03-13T17:33:21.866+0000] {logging_mixin.py:190} INFO - [2025-03-13T17:33:21.865+0000] {dag.py:3239} INFO - Sync 1 DAGs
[2025-03-13T17:33:21.882+0000] {logging_mixin.py:190} INFO - [2025-03-13T17:33:21.882+0000] {dag.py:4180} INFO - Setting next_dagrun for example_python_decorator to None, run_after=None
[2025-03-13T17:33:21.905+0000] {processor.py:208} INFO - Processing /root/venv/lib/python3.12/site-packages/airflow/example_dags/example_python_decorator.py took 0.091 seconds
[2025-03-13T17:34:23.091+0000] {processor.py:186} INFO - Started process (PID=1659122) to work on /root/venv/lib/python3.12/site-packages/airflow/example_dags/example_python_decorator.py
[2025-03-13T17:34:23.093+0000] {processor.py:914} INFO - Processing file /root/venv/lib/python3.12/site-packages/airflow/example_dags/example_python_decorator.py for tasks to queue
[2025-03-13T17:34:23.095+0000] {logging_mixin.py:190} INFO - [2025-03-13T17:34:23.095+0000] {dagbag.py:588} INFO - Filling up the DagBag from /root/venv/lib/python3.12/site-packages/airflow/example_dags/example_python_decorator.py
[2025-03-13T17:34:23.107+0000] {logging_mixin.py:190} INFO - [2025-03-13T17:34:23.106+0000] {example_python_decorator.py:80} WARNING - The virtalenv_python example task requires virtualenv, please install it.
[2025-03-13T17:34:23.110+0000] {processor.py:925} INFO - DAG(s) 'example_python_decorator' retrieved from /root/venv/lib/python3.12/site-packages/airflow/example_dags/example_python_decorator.py
[2025-03-13T17:34:23.132+0000] {logging_mixin.py:190} INFO - [2025-03-13T17:34:23.132+0000] {dag.py:3239} INFO - Sync 1 DAGs
[2025-03-13T17:34:23.147+0000] {logging_mixin.py:190} INFO - [2025-03-13T17:34:23.146+0000] {dag.py:4180} INFO - Setting next_dagrun for example_python_decorator to None, run_after=None
[2025-03-13T17:34:23.169+0000] {processor.py:208} INFO - Processing /root/venv/lib/python3.12/site-packages/airflow/example_dags/example_python_decorator.py took 0.085 seconds
[2025-03-13T17:35:08.814+0000] {processor.py:186} INFO - Started process (PID=1659181) to work on /root/venv/lib/python3.12/site-packages/airflow/example_dags/example_python_decorator.py
[2025-03-13T17:35:08.816+0000] {processor.py:914} INFO - Processing file /root/venv/lib/python3.12/site-packages/airflow/example_dags/example_python_decorator.py for tasks to queue
[2025-03-13T17:35:08.819+0000] {logging_mixin.py:190} INFO - [2025-03-13T17:35:08.818+0000] {dagbag.py:588} INFO - Filling up the DagBag from /root/venv/lib/python3.12/site-packages/airflow/example_dags/example_python_decorator.py
[2025-03-13T17:35:08.829+0000] {logging_mixin.py:190} INFO - [2025-03-13T17:35:08.829+0000] {example_python_decorator.py:80} WARNING - The virtalenv_python example task requires virtualenv, please install it.
[2025-03-13T17:35:08.832+0000] {processor.py:925} INFO - DAG(s) 'example_python_decorator' retrieved from /root/venv/lib/python3.12/site-packages/airflow/example_dags/example_python_decorator.py
[2025-03-13T17:35:08.858+0000] {logging_mixin.py:190} INFO - [2025-03-13T17:35:08.858+0000] {dag.py:3239} INFO - Sync 1 DAGs
[2025-03-13T17:35:08.875+0000] {logging_mixin.py:190} INFO - [2025-03-13T17:35:08.875+0000] {dag.py:4180} INFO - Setting next_dagrun for example_python_decorator to None, run_after=None
[2025-03-13T17:35:08.902+0000] {processor.py:208} INFO - Processing /root/venv/lib/python3.12/site-packages/airflow/example_dags/example_python_decorator.py took 0.097 seconds
[2025-03-13T17:36:07.064+0000] {processor.py:186} INFO - Started process (PID=1659242) to work on /root/venv/lib/python3.12/site-packages/airflow/example_dags/example_python_decorator.py
[2025-03-13T17:36:07.065+0000] {processor.py:914} INFO - Processing file /root/venv/lib/python3.12/site-packages/airflow/example_dags/example_python_decorator.py for tasks to queue
[2025-03-13T17:36:07.068+0000] {logging_mixin.py:190} INFO - [2025-03-13T17:36:07.067+0000] {dagbag.py:588} INFO - Filling up the DagBag from /root/venv/lib/python3.12/site-packages/airflow/example_dags/example_python_decorator.py
[2025-03-13T17:36:07.079+0000] {logging_mixin.py:190} INFO - [2025-03-13T17:36:07.079+0000] {example_python_decorator.py:80} WARNING - The virtalenv_python example task requires virtualenv, please install it.
[2025-03-13T17:36:07.082+0000] {processor.py:925} INFO - DAG(s) 'example_python_decorator' retrieved from /root/venv/lib/python3.12/site-packages/airflow/example_dags/example_python_decorator.py
[2025-03-13T17:36:07.105+0000] {logging_mixin.py:190} INFO - [2025-03-13T17:36:07.105+0000] {dag.py:3239} INFO - Sync 1 DAGs
[2025-03-13T17:36:07.120+0000] {logging_mixin.py:190} INFO - [2025-03-13T17:36:07.120+0000] {dag.py:4180} INFO - Setting next_dagrun for example_python_decorator to None, run_after=None
[2025-03-13T17:36:07.145+0000] {processor.py:208} INFO - Processing /root/venv/lib/python3.12/site-packages/airflow/example_dags/example_python_decorator.py took 0.089 seconds
[2025-03-13T17:37:09.970+0000] {processor.py:186} INFO - Started process (PID=1659310) to work on /root/venv/lib/python3.12/site-packages/airflow/example_dags/example_python_decorator.py
[2025-03-13T17:37:09.972+0000] {processor.py:914} INFO - Processing file /root/venv/lib/python3.12/site-packages/airflow/example_dags/example_python_decorator.py for tasks to queue
[2025-03-13T17:37:09.976+0000] {logging_mixin.py:190} INFO - [2025-03-13T17:37:09.975+0000] {dagbag.py:588} INFO - Filling up the DagBag from /root/venv/lib/python3.12/site-packages/airflow/example_dags/example_python_decorator.py
[2025-03-13T17:37:09.990+0000] {logging_mixin.py:190} INFO - [2025-03-13T17:37:09.990+0000] {example_python_decorator.py:80} WARNING - The virtalenv_python example task requires virtualenv, please install it.
[2025-03-13T17:37:09.995+0000] {processor.py:925} INFO - DAG(s) 'example_python_decorator' retrieved from /root/venv/lib/python3.12/site-packages/airflow/example_dags/example_python_decorator.py
[2025-03-13T17:37:10.024+0000] {logging_mixin.py:190} INFO - [2025-03-13T17:37:10.024+0000] {dag.py:3239} INFO - Sync 1 DAGs
[2025-03-13T17:37:10.043+0000] {logging_mixin.py:190} INFO - [2025-03-13T17:37:10.043+0000] {dag.py:4180} INFO - Setting next_dagrun for example_python_decorator to None, run_after=None
[2025-03-13T17:37:10.080+0000] {processor.py:208} INFO - Processing /root/venv/lib/python3.12/site-packages/airflow/example_dags/example_python_decorator.py took 0.119 seconds
[2025-03-13T17:38:11.980+0000] {processor.py:186} INFO - Started process (PID=1659373) to work on /root/venv/lib/python3.12/site-packages/airflow/example_dags/example_python_decorator.py
[2025-03-13T17:38:11.982+0000] {processor.py:914} INFO - Processing file /root/venv/lib/python3.12/site-packages/airflow/example_dags/example_python_decorator.py for tasks to queue
[2025-03-13T17:38:11.984+0000] {logging_mixin.py:190} INFO - [2025-03-13T17:38:11.983+0000] {dagbag.py:588} INFO - Filling up the DagBag from /root/venv/lib/python3.12/site-packages/airflow/example_dags/example_python_decorator.py
[2025-03-13T17:38:11.993+0000] {logging_mixin.py:190} INFO - [2025-03-13T17:38:11.993+0000] {example_python_decorator.py:80} WARNING - The virtalenv_python example task requires virtualenv, please install it.
[2025-03-13T17:38:11.996+0000] {processor.py:925} INFO - DAG(s) 'example_python_decorator' retrieved from /root/venv/lib/python3.12/site-packages/airflow/example_dags/example_python_decorator.py
[2025-03-13T17:38:12.016+0000] {logging_mixin.py:190} INFO - [2025-03-13T17:38:12.016+0000] {dag.py:3239} INFO - Sync 1 DAGs
[2025-03-13T17:38:12.029+0000] {logging_mixin.py:190} INFO - [2025-03-13T17:38:12.029+0000] {dag.py:4180} INFO - Setting next_dagrun for example_python_decorator to None, run_after=None
[2025-03-13T17:38:12.052+0000] {processor.py:208} INFO - Processing /root/venv/lib/python3.12/site-packages/airflow/example_dags/example_python_decorator.py took 0.078 seconds
[2025-03-13T17:39:14.148+0000] {processor.py:186} INFO - Started process (PID=1659434) to work on /root/venv/lib/python3.12/site-packages/airflow/example_dags/example_python_decorator.py
[2025-03-13T17:39:14.150+0000] {processor.py:914} INFO - Processing file /root/venv/lib/python3.12/site-packages/airflow/example_dags/example_python_decorator.py for tasks to queue
[2025-03-13T17:39:14.153+0000] {logging_mixin.py:190} INFO - [2025-03-13T17:39:14.152+0000] {dagbag.py:588} INFO - Filling up the DagBag from /root/venv/lib/python3.12/site-packages/airflow/example_dags/example_python_decorator.py
[2025-03-13T17:39:14.165+0000] {logging_mixin.py:190} INFO - [2025-03-13T17:39:14.165+0000] {example_python_decorator.py:80} WARNING - The virtalenv_python example task requires virtualenv, please install it.
[2025-03-13T17:39:14.168+0000] {processor.py:925} INFO - DAG(s) 'example_python_decorator' retrieved from /root/venv/lib/python3.12/site-packages/airflow/example_dags/example_python_decorator.py
[2025-03-13T17:39:14.192+0000] {logging_mixin.py:190} INFO - [2025-03-13T17:39:14.192+0000] {dag.py:3239} INFO - Sync 1 DAGs
[2025-03-13T17:39:14.208+0000] {logging_mixin.py:190} INFO - [2025-03-13T17:39:14.207+0000] {dag.py:4180} INFO - Setting next_dagrun for example_python_decorator to None, run_after=None
[2025-03-13T17:39:14.234+0000] {processor.py:208} INFO - Processing /root/venv/lib/python3.12/site-packages/airflow/example_dags/example_python_decorator.py took 0.094 seconds
[2025-03-13T17:40:13.370+0000] {processor.py:186} INFO - Started process (PID=1659493) to work on /root/venv/lib/python3.12/site-packages/airflow/example_dags/example_python_decorator.py
[2025-03-13T17:40:13.371+0000] {processor.py:914} INFO - Processing file /root/venv/lib/python3.12/site-packages/airflow/example_dags/example_python_decorator.py for tasks to queue
[2025-03-13T17:40:13.374+0000] {logging_mixin.py:190} INFO - [2025-03-13T17:40:13.373+0000] {dagbag.py:588} INFO - Filling up the DagBag from /root/venv/lib/python3.12/site-packages/airflow/example_dags/example_python_decorator.py
[2025-03-13T17:40:13.383+0000] {logging_mixin.py:190} INFO - [2025-03-13T17:40:13.383+0000] {example_python_decorator.py:80} WARNING - The virtalenv_python example task requires virtualenv, please install it.
[2025-03-13T17:40:13.386+0000] {processor.py:925} INFO - DAG(s) 'example_python_decorator' retrieved from /root/venv/lib/python3.12/site-packages/airflow/example_dags/example_python_decorator.py
[2025-03-13T17:40:13.405+0000] {logging_mixin.py:190} INFO - [2025-03-13T17:40:13.404+0000] {dag.py:3239} INFO - Sync 1 DAGs
[2025-03-13T17:40:13.418+0000] {logging_mixin.py:190} INFO - [2025-03-13T17:40:13.418+0000] {dag.py:4180} INFO - Setting next_dagrun for example_python_decorator to None, run_after=None
[2025-03-13T17:40:13.438+0000] {processor.py:208} INFO - Processing /root/venv/lib/python3.12/site-packages/airflow/example_dags/example_python_decorator.py took 0.075 seconds
[2025-03-13T17:41:12.147+0000] {processor.py:186} INFO - Started process (PID=1659565) to work on /root/venv/lib/python3.12/site-packages/airflow/example_dags/example_python_decorator.py
[2025-03-13T17:41:12.149+0000] {processor.py:914} INFO - Processing file /root/venv/lib/python3.12/site-packages/airflow/example_dags/example_python_decorator.py for tasks to queue
[2025-03-13T17:41:12.151+0000] {logging_mixin.py:190} INFO - [2025-03-13T17:41:12.151+0000] {dagbag.py:588} INFO - Filling up the DagBag from /root/venv/lib/python3.12/site-packages/airflow/example_dags/example_python_decorator.py
[2025-03-13T17:41:12.161+0000] {logging_mixin.py:190} INFO - [2025-03-13T17:41:12.161+0000] {example_python_decorator.py:80} WARNING - The virtalenv_python example task requires virtualenv, please install it.
[2025-03-13T17:41:12.164+0000] {processor.py:925} INFO - DAG(s) 'example_python_decorator' retrieved from /root/venv/lib/python3.12/site-packages/airflow/example_dags/example_python_decorator.py
[2025-03-13T17:41:12.185+0000] {logging_mixin.py:190} INFO - [2025-03-13T17:41:12.184+0000] {dag.py:3239} INFO - Sync 1 DAGs
[2025-03-13T17:41:12.200+0000] {logging_mixin.py:190} INFO - [2025-03-13T17:41:12.200+0000] {dag.py:4180} INFO - Setting next_dagrun for example_python_decorator to None, run_after=None
[2025-03-13T17:41:12.225+0000] {processor.py:208} INFO - Processing /root/venv/lib/python3.12/site-packages/airflow/example_dags/example_python_decorator.py took 0.085 seconds
[2025-03-13T17:42:16.963+0000] {processor.py:186} INFO - Started process (PID=1659627) to work on /root/venv/lib/python3.12/site-packages/airflow/example_dags/example_python_decorator.py
[2025-03-13T17:42:16.964+0000] {processor.py:914} INFO - Processing file /root/venv/lib/python3.12/site-packages/airflow/example_dags/example_python_decorator.py for tasks to queue
[2025-03-13T17:42:16.967+0000] {logging_mixin.py:190} INFO - [2025-03-13T17:42:16.967+0000] {dagbag.py:588} INFO - Filling up the DagBag from /root/venv/lib/python3.12/site-packages/airflow/example_dags/example_python_decorator.py
[2025-03-13T17:42:16.978+0000] {logging_mixin.py:190} INFO - [2025-03-13T17:42:16.978+0000] {example_python_decorator.py:80} WARNING - The virtalenv_python example task requires virtualenv, please install it.
[2025-03-13T17:42:16.981+0000] {processor.py:925} INFO - DAG(s) 'example_python_decorator' retrieved from /root/venv/lib/python3.12/site-packages/airflow/example_dags/example_python_decorator.py
[2025-03-13T17:42:17.003+0000] {logging_mixin.py:190} INFO - [2025-03-13T17:42:17.003+0000] {dag.py:3239} INFO - Sync 1 DAGs
[2025-03-13T17:42:17.019+0000] {logging_mixin.py:190} INFO - [2025-03-13T17:42:17.019+0000] {dag.py:4180} INFO - Setting next_dagrun for example_python_decorator to None, run_after=None
[2025-03-13T17:42:17.044+0000] {processor.py:208} INFO - Processing /root/venv/lib/python3.12/site-packages/airflow/example_dags/example_python_decorator.py took 0.088 seconds
[2025-03-13T17:43:18.116+0000] {processor.py:186} INFO - Started process (PID=1659690) to work on /root/venv/lib/python3.12/site-packages/airflow/example_dags/example_python_decorator.py
[2025-03-13T17:43:18.118+0000] {processor.py:914} INFO - Processing file /root/venv/lib/python3.12/site-packages/airflow/example_dags/example_python_decorator.py for tasks to queue
[2025-03-13T17:43:18.121+0000] {logging_mixin.py:190} INFO - [2025-03-13T17:43:18.121+0000] {dagbag.py:588} INFO - Filling up the DagBag from /root/venv/lib/python3.12/site-packages/airflow/example_dags/example_python_decorator.py
[2025-03-13T17:43:18.136+0000] {logging_mixin.py:190} INFO - [2025-03-13T17:43:18.136+0000] {example_python_decorator.py:80} WARNING - The virtalenv_python example task requires virtualenv, please install it.
[2025-03-13T17:43:18.140+0000] {processor.py:925} INFO - DAG(s) 'example_python_decorator' retrieved from /root/venv/lib/python3.12/site-packages/airflow/example_dags/example_python_decorator.py
[2025-03-13T17:43:18.166+0000] {logging_mixin.py:190} INFO - [2025-03-13T17:43:18.165+0000] {dag.py:3239} INFO - Sync 1 DAGs
[2025-03-13T17:43:18.183+0000] {logging_mixin.py:190} INFO - [2025-03-13T17:43:18.183+0000] {dag.py:4180} INFO - Setting next_dagrun for example_python_decorator to None, run_after=None
[2025-03-13T17:43:18.208+0000] {processor.py:208} INFO - Processing /root/venv/lib/python3.12/site-packages/airflow/example_dags/example_python_decorator.py took 0.102 seconds
[2025-03-13T17:44:19.067+0000] {processor.py:186} INFO - Started process (PID=1659767) to work on /root/venv/lib/python3.12/site-packages/airflow/example_dags/example_python_decorator.py
[2025-03-13T17:44:19.069+0000] {processor.py:914} INFO - Processing file /root/venv/lib/python3.12/site-packages/airflow/example_dags/example_python_decorator.py for tasks to queue
[2025-03-13T17:44:19.073+0000] {logging_mixin.py:190} INFO - [2025-03-13T17:44:19.072+0000] {dagbag.py:588} INFO - Filling up the DagBag from /root/venv/lib/python3.12/site-packages/airflow/example_dags/example_python_decorator.py
[2025-03-13T17:44:19.085+0000] {logging_mixin.py:190} INFO - [2025-03-13T17:44:19.085+0000] {example_python_decorator.py:80} WARNING - The virtalenv_python example task requires virtualenv, please install it.
[2025-03-13T17:44:19.089+0000] {processor.py:925} INFO - DAG(s) 'example_python_decorator' retrieved from /root/venv/lib/python3.12/site-packages/airflow/example_dags/example_python_decorator.py
[2025-03-13T17:44:19.114+0000] {logging_mixin.py:190} INFO - [2025-03-13T17:44:19.114+0000] {dag.py:3239} INFO - Sync 1 DAGs
[2025-03-13T17:44:19.133+0000] {logging_mixin.py:190} INFO - [2025-03-13T17:44:19.133+0000] {dag.py:4180} INFO - Setting next_dagrun for example_python_decorator to None, run_after=None
[2025-03-13T17:44:19.160+0000] {processor.py:208} INFO - Processing /root/venv/lib/python3.12/site-packages/airflow/example_dags/example_python_decorator.py took 0.102 seconds
[2025-03-13T17:45:22.674+0000] {processor.py:186} INFO - Started process (PID=1659836) to work on /root/venv/lib/python3.12/site-packages/airflow/example_dags/example_python_decorator.py
[2025-03-13T17:45:22.675+0000] {processor.py:914} INFO - Processing file /root/venv/lib/python3.12/site-packages/airflow/example_dags/example_python_decorator.py for tasks to queue
[2025-03-13T17:45:22.678+0000] {logging_mixin.py:190} INFO - [2025-03-13T17:45:22.678+0000] {dagbag.py:588} INFO - Filling up the DagBag from /root/venv/lib/python3.12/site-packages/airflow/example_dags/example_python_decorator.py
[2025-03-13T17:45:22.689+0000] {logging_mixin.py:190} INFO - [2025-03-13T17:45:22.688+0000] {example_python_decorator.py:80} WARNING - The virtalenv_python example task requires virtualenv, please install it.
[2025-03-13T17:45:22.692+0000] {processor.py:925} INFO - DAG(s) 'example_python_decorator' retrieved from /root/venv/lib/python3.12/site-packages/airflow/example_dags/example_python_decorator.py
[2025-03-13T17:45:22.712+0000] {logging_mixin.py:190} INFO - [2025-03-13T17:45:22.712+0000] {dag.py:3239} INFO - Sync 1 DAGs
[2025-03-13T17:45:22.725+0000] {logging_mixin.py:190} INFO - [2025-03-13T17:45:22.725+0000] {dag.py:4180} INFO - Setting next_dagrun for example_python_decorator to None, run_after=None
[2025-03-13T17:45:22.750+0000] {processor.py:208} INFO - Processing /root/venv/lib/python3.12/site-packages/airflow/example_dags/example_python_decorator.py took 0.084 seconds
[2025-03-13T17:46:28.673+0000] {processor.py:186} INFO - Started process (PID=1659900) to work on /root/venv/lib/python3.12/site-packages/airflow/example_dags/example_python_decorator.py
[2025-03-13T17:46:28.674+0000] {processor.py:914} INFO - Processing file /root/venv/lib/python3.12/site-packages/airflow/example_dags/example_python_decorator.py for tasks to queue
[2025-03-13T17:46:28.678+0000] {logging_mixin.py:190} INFO - [2025-03-13T17:46:28.677+0000] {dagbag.py:588} INFO - Filling up the DagBag from /root/venv/lib/python3.12/site-packages/airflow/example_dags/example_python_decorator.py
[2025-03-13T17:46:28.693+0000] {logging_mixin.py:190} INFO - [2025-03-13T17:46:28.693+0000] {example_python_decorator.py:80} WARNING - The virtalenv_python example task requires virtualenv, please install it.
[2025-03-13T17:46:28.697+0000] {processor.py:925} INFO - DAG(s) 'example_python_decorator' retrieved from /root/venv/lib/python3.12/site-packages/airflow/example_dags/example_python_decorator.py
[2025-03-13T17:46:28.728+0000] {logging_mixin.py:190} INFO - [2025-03-13T17:46:28.728+0000] {dag.py:3239} INFO - Sync 1 DAGs
[2025-03-13T17:46:28.750+0000] {logging_mixin.py:190} INFO - [2025-03-13T17:46:28.749+0000] {dag.py:4180} INFO - Setting next_dagrun for example_python_decorator to None, run_after=None
[2025-03-13T17:46:28.788+0000] {processor.py:208} INFO - Processing /root/venv/lib/python3.12/site-packages/airflow/example_dags/example_python_decorator.py took 0.124 seconds
[2025-03-13T17:47:29.582+0000] {processor.py:186} INFO - Started process (PID=1659966) to work on /root/venv/lib/python3.12/site-packages/airflow/example_dags/example_python_decorator.py
[2025-03-13T17:47:29.584+0000] {processor.py:914} INFO - Processing file /root/venv/lib/python3.12/site-packages/airflow/example_dags/example_python_decorator.py for tasks to queue
[2025-03-13T17:47:29.587+0000] {logging_mixin.py:190} INFO - [2025-03-13T17:47:29.586+0000] {dagbag.py:588} INFO - Filling up the DagBag from /root/venv/lib/python3.12/site-packages/airflow/example_dags/example_python_decorator.py
[2025-03-13T17:47:29.599+0000] {logging_mixin.py:190} INFO - [2025-03-13T17:47:29.599+0000] {example_python_decorator.py:80} WARNING - The virtalenv_python example task requires virtualenv, please install it.
[2025-03-13T17:47:29.602+0000] {processor.py:925} INFO - DAG(s) 'example_python_decorator' retrieved from /root/venv/lib/python3.12/site-packages/airflow/example_dags/example_python_decorator.py
[2025-03-13T17:47:29.624+0000] {logging_mixin.py:190} INFO - [2025-03-13T17:47:29.624+0000] {dag.py:3239} INFO - Sync 1 DAGs
[2025-03-13T17:47:29.641+0000] {logging_mixin.py:190} INFO - [2025-03-13T17:47:29.641+0000] {dag.py:4180} INFO - Setting next_dagrun for example_python_decorator to None, run_after=None
[2025-03-13T17:47:29.669+0000] {processor.py:208} INFO - Processing /root/venv/lib/python3.12/site-packages/airflow/example_dags/example_python_decorator.py took 0.094 seconds
[2025-03-13T17:48:32.088+0000] {processor.py:186} INFO - Started process (PID=1660031) to work on /root/venv/lib/python3.12/site-packages/airflow/example_dags/example_python_decorator.py
[2025-03-13T17:48:32.089+0000] {processor.py:914} INFO - Processing file /root/venv/lib/python3.12/site-packages/airflow/example_dags/example_python_decorator.py for tasks to queue
[2025-03-13T17:48:32.093+0000] {logging_mixin.py:190} INFO - [2025-03-13T17:48:32.092+0000] {dagbag.py:588} INFO - Filling up the DagBag from /root/venv/lib/python3.12/site-packages/airflow/example_dags/example_python_decorator.py
[2025-03-13T17:48:32.107+0000] {logging_mixin.py:190} INFO - [2025-03-13T17:48:32.107+0000] {example_python_decorator.py:80} WARNING - The virtalenv_python example task requires virtualenv, please install it.
[2025-03-13T17:48:32.111+0000] {processor.py:925} INFO - DAG(s) 'example_python_decorator' retrieved from /root/venv/lib/python3.12/site-packages/airflow/example_dags/example_python_decorator.py
[2025-03-13T17:48:32.143+0000] {logging_mixin.py:190} INFO - [2025-03-13T17:48:32.142+0000] {dag.py:3239} INFO - Sync 1 DAGs
[2025-03-13T17:48:32.167+0000] {logging_mixin.py:190} INFO - [2025-03-13T17:48:32.166+0000] {dag.py:4180} INFO - Setting next_dagrun for example_python_decorator to None, run_after=None
[2025-03-13T17:48:32.208+0000] {processor.py:208} INFO - Processing /root/venv/lib/python3.12/site-packages/airflow/example_dags/example_python_decorator.py took 0.130 seconds
[2025-03-13T17:49:34.057+0000] {processor.py:186} INFO - Started process (PID=1660095) to work on /root/venv/lib/python3.12/site-packages/airflow/example_dags/example_python_decorator.py
[2025-03-13T17:49:34.059+0000] {processor.py:914} INFO - Processing file /root/venv/lib/python3.12/site-packages/airflow/example_dags/example_python_decorator.py for tasks to queue
[2025-03-13T17:49:34.062+0000] {logging_mixin.py:190} INFO - [2025-03-13T17:49:34.062+0000] {dagbag.py:588} INFO - Filling up the DagBag from /root/venv/lib/python3.12/site-packages/airflow/example_dags/example_python_decorator.py
[2025-03-13T17:49:34.077+0000] {logging_mixin.py:190} INFO - [2025-03-13T17:49:34.077+0000] {example_python_decorator.py:80} WARNING - The virtalenv_python example task requires virtualenv, please install it.
[2025-03-13T17:49:34.081+0000] {processor.py:925} INFO - DAG(s) 'example_python_decorator' retrieved from /root/venv/lib/python3.12/site-packages/airflow/example_dags/example_python_decorator.py
[2025-03-13T17:49:34.109+0000] {logging_mixin.py:190} INFO - [2025-03-13T17:49:34.109+0000] {dag.py:3239} INFO - Sync 1 DAGs
[2025-03-13T17:49:34.128+0000] {logging_mixin.py:190} INFO - [2025-03-13T17:49:34.128+0000] {dag.py:4180} INFO - Setting next_dagrun for example_python_decorator to None, run_after=None
[2025-03-13T17:49:34.153+0000] {processor.py:208} INFO - Processing /root/venv/lib/python3.12/site-packages/airflow/example_dags/example_python_decorator.py took 0.104 seconds
[2025-03-13T17:50:38.147+0000] {processor.py:186} INFO - Started process (PID=1660165) to work on /root/venv/lib/python3.12/site-packages/airflow/example_dags/example_python_decorator.py
[2025-03-13T17:50:38.149+0000] {processor.py:914} INFO - Processing file /root/venv/lib/python3.12/site-packages/airflow/example_dags/example_python_decorator.py for tasks to queue
[2025-03-13T17:50:38.153+0000] {logging_mixin.py:190} INFO - [2025-03-13T17:50:38.153+0000] {dagbag.py:588} INFO - Filling up the DagBag from /root/venv/lib/python3.12/site-packages/airflow/example_dags/example_python_decorator.py
[2025-03-13T17:50:38.170+0000] {logging_mixin.py:190} INFO - [2025-03-13T17:50:38.170+0000] {example_python_decorator.py:80} WARNING - The virtalenv_python example task requires virtualenv, please install it.
[2025-03-13T17:50:38.175+0000] {processor.py:925} INFO - DAG(s) 'example_python_decorator' retrieved from /root/venv/lib/python3.12/site-packages/airflow/example_dags/example_python_decorator.py
[2025-03-13T17:50:38.199+0000] {logging_mixin.py:190} INFO - [2025-03-13T17:50:38.199+0000] {dag.py:3239} INFO - Sync 1 DAGs
[2025-03-13T17:50:38.221+0000] {logging_mixin.py:190} INFO - [2025-03-13T17:50:38.221+0000] {dag.py:4180} INFO - Setting next_dagrun for example_python_decorator to None, run_after=None
[2025-03-13T17:50:38.249+0000] {processor.py:208} INFO - Processing /root/venv/lib/python3.12/site-packages/airflow/example_dags/example_python_decorator.py took 0.111 seconds
[2025-03-13T17:51:41.692+0000] {processor.py:186} INFO - Started process (PID=1660227) to work on /root/venv/lib/python3.12/site-packages/airflow/example_dags/example_python_decorator.py
[2025-03-13T17:51:41.693+0000] {processor.py:914} INFO - Processing file /root/venv/lib/python3.12/site-packages/airflow/example_dags/example_python_decorator.py for tasks to queue
[2025-03-13T17:51:41.697+0000] {logging_mixin.py:190} INFO - [2025-03-13T17:51:41.697+0000] {dagbag.py:588} INFO - Filling up the DagBag from /root/venv/lib/python3.12/site-packages/airflow/example_dags/example_python_decorator.py
[2025-03-13T17:51:41.715+0000] {logging_mixin.py:190} INFO - [2025-03-13T17:51:41.714+0000] {example_python_decorator.py:80} WARNING - The virtalenv_python example task requires virtualenv, please install it.
[2025-03-13T17:51:41.719+0000] {processor.py:925} INFO - DAG(s) 'example_python_decorator' retrieved from /root/venv/lib/python3.12/site-packages/airflow/example_dags/example_python_decorator.py
[2025-03-13T17:51:41.752+0000] {logging_mixin.py:190} INFO - [2025-03-13T17:51:41.751+0000] {dag.py:3239} INFO - Sync 1 DAGs
[2025-03-13T17:51:41.777+0000] {logging_mixin.py:190} INFO - [2025-03-13T17:51:41.777+0000] {dag.py:4180} INFO - Setting next_dagrun for example_python_decorator to None, run_after=None
[2025-03-13T17:51:41.819+0000] {processor.py:208} INFO - Processing /root/venv/lib/python3.12/site-packages/airflow/example_dags/example_python_decorator.py took 0.138 seconds
[2025-03-13T17:52:45.047+0000] {processor.py:186} INFO - Started process (PID=1660290) to work on /root/venv/lib/python3.12/site-packages/airflow/example_dags/example_python_decorator.py
[2025-03-13T17:52:45.049+0000] {processor.py:914} INFO - Processing file /root/venv/lib/python3.12/site-packages/airflow/example_dags/example_python_decorator.py for tasks to queue
[2025-03-13T17:52:45.053+0000] {logging_mixin.py:190} INFO - [2025-03-13T17:52:45.053+0000] {dagbag.py:588} INFO - Filling up the DagBag from /root/venv/lib/python3.12/site-packages/airflow/example_dags/example_python_decorator.py
[2025-03-13T17:52:45.065+0000] {logging_mixin.py:190} INFO - [2025-03-13T17:52:45.065+0000] {example_python_decorator.py:80} WARNING - The virtalenv_python example task requires virtualenv, please install it.
[2025-03-13T17:52:45.069+0000] {processor.py:925} INFO - DAG(s) 'example_python_decorator' retrieved from /root/venv/lib/python3.12/site-packages/airflow/example_dags/example_python_decorator.py
[2025-03-13T17:52:45.094+0000] {logging_mixin.py:190} INFO - [2025-03-13T17:52:45.093+0000] {dag.py:3239} INFO - Sync 1 DAGs
[2025-03-13T17:52:45.112+0000] {logging_mixin.py:190} INFO - [2025-03-13T17:52:45.111+0000] {dag.py:4180} INFO - Setting next_dagrun for example_python_decorator to None, run_after=None
[2025-03-13T17:52:45.144+0000] {processor.py:208} INFO - Processing /root/venv/lib/python3.12/site-packages/airflow/example_dags/example_python_decorator.py took 0.105 seconds
[2025-03-13T17:53:47.582+0000] {processor.py:186} INFO - Started process (PID=1660353) to work on /root/venv/lib/python3.12/site-packages/airflow/example_dags/example_python_decorator.py
[2025-03-13T17:53:47.584+0000] {processor.py:914} INFO - Processing file /root/venv/lib/python3.12/site-packages/airflow/example_dags/example_python_decorator.py for tasks to queue
[2025-03-13T17:53:47.586+0000] {logging_mixin.py:190} INFO - [2025-03-13T17:53:47.586+0000] {dagbag.py:588} INFO - Filling up the DagBag from /root/venv/lib/python3.12/site-packages/airflow/example_dags/example_python_decorator.py
[2025-03-13T17:53:47.597+0000] {logging_mixin.py:190} INFO - [2025-03-13T17:53:47.597+0000] {example_python_decorator.py:80} WARNING - The virtalenv_python example task requires virtualenv, please install it.
[2025-03-13T17:53:47.600+0000] {processor.py:925} INFO - DAG(s) 'example_python_decorator' retrieved from /root/venv/lib/python3.12/site-packages/airflow/example_dags/example_python_decorator.py
[2025-03-13T17:53:47.619+0000] {logging_mixin.py:190} INFO - [2025-03-13T17:53:47.619+0000] {dag.py:3239} INFO - Sync 1 DAGs
[2025-03-13T17:53:47.633+0000] {logging_mixin.py:190} INFO - [2025-03-13T17:53:47.633+0000] {dag.py:4180} INFO - Setting next_dagrun for example_python_decorator to None, run_after=None
[2025-03-13T17:53:47.656+0000] {processor.py:208} INFO - Processing /root/venv/lib/python3.12/site-packages/airflow/example_dags/example_python_decorator.py took 0.081 seconds
[2025-03-13T17:54:50.255+0000] {processor.py:186} INFO - Started process (PID=1660415) to work on /root/venv/lib/python3.12/site-packages/airflow/example_dags/example_python_decorator.py
[2025-03-13T17:54:50.256+0000] {processor.py:914} INFO - Processing file /root/venv/lib/python3.12/site-packages/airflow/example_dags/example_python_decorator.py for tasks to queue
[2025-03-13T17:54:50.259+0000] {logging_mixin.py:190} INFO - [2025-03-13T17:54:50.258+0000] {dagbag.py:588} INFO - Filling up the DagBag from /root/venv/lib/python3.12/site-packages/airflow/example_dags/example_python_decorator.py
[2025-03-13T17:54:50.269+0000] {logging_mixin.py:190} INFO - [2025-03-13T17:54:50.269+0000] {example_python_decorator.py:80} WARNING - The virtalenv_python example task requires virtualenv, please install it.
[2025-03-13T17:54:50.272+0000] {processor.py:925} INFO - DAG(s) 'example_python_decorator' retrieved from /root/venv/lib/python3.12/site-packages/airflow/example_dags/example_python_decorator.py
[2025-03-13T17:54:50.293+0000] {logging_mixin.py:190} INFO - [2025-03-13T17:54:50.293+0000] {dag.py:3239} INFO - Sync 1 DAGs
[2025-03-13T17:54:50.307+0000] {logging_mixin.py:190} INFO - [2025-03-13T17:54:50.307+0000] {dag.py:4180} INFO - Setting next_dagrun for example_python_decorator to None, run_after=None
[2025-03-13T17:54:50.337+0000] {processor.py:208} INFO - Processing /root/venv/lib/python3.12/site-packages/airflow/example_dags/example_python_decorator.py took 0.089 seconds
[2025-03-13T17:56:04.279+0000] {processor.py:186} INFO - Started process (PID=1660505) to work on /root/venv/lib/python3.12/site-packages/airflow/example_dags/example_python_decorator.py
[2025-03-13T17:56:04.281+0000] {processor.py:914} INFO - Processing file /root/venv/lib/python3.12/site-packages/airflow/example_dags/example_python_decorator.py for tasks to queue
[2025-03-13T17:56:04.286+0000] {logging_mixin.py:190} INFO - [2025-03-13T17:56:04.285+0000] {dagbag.py:588} INFO - Filling up the DagBag from /root/venv/lib/python3.12/site-packages/airflow/example_dags/example_python_decorator.py
[2025-03-13T17:56:04.303+0000] {logging_mixin.py:190} INFO - [2025-03-13T17:56:04.303+0000] {example_python_decorator.py:80} WARNING - The virtalenv_python example task requires virtualenv, please install it.
[2025-03-13T17:56:04.308+0000] {processor.py:925} INFO - DAG(s) 'example_python_decorator' retrieved from /root/venv/lib/python3.12/site-packages/airflow/example_dags/example_python_decorator.py
[2025-03-13T17:56:04.346+0000] {logging_mixin.py:190} INFO - [2025-03-13T17:56:04.346+0000] {dag.py:3239} INFO - Sync 1 DAGs
[2025-03-13T17:56:04.372+0000] {logging_mixin.py:190} INFO - [2025-03-13T17:56:04.371+0000] {dag.py:4180} INFO - Setting next_dagrun for example_python_decorator to None, run_after=None
[2025-03-13T17:56:04.403+0000] {processor.py:208} INFO - Processing /root/venv/lib/python3.12/site-packages/airflow/example_dags/example_python_decorator.py took 0.134 seconds
[2025-03-13T17:56:56.903+0000] {processor.py:186} INFO - Started process (PID=1660573) to work on /root/venv/lib/python3.12/site-packages/airflow/example_dags/example_python_decorator.py
[2025-03-13T17:56:56.905+0000] {processor.py:914} INFO - Processing file /root/venv/lib/python3.12/site-packages/airflow/example_dags/example_python_decorator.py for tasks to queue
[2025-03-13T17:56:56.909+0000] {logging_mixin.py:190} INFO - [2025-03-13T17:56:56.908+0000] {dagbag.py:588} INFO - Filling up the DagBag from /root/venv/lib/python3.12/site-packages/airflow/example_dags/example_python_decorator.py
[2025-03-13T17:56:56.921+0000] {logging_mixin.py:190} INFO - [2025-03-13T17:56:56.921+0000] {example_python_decorator.py:80} WARNING - The virtalenv_python example task requires virtualenv, please install it.
[2025-03-13T17:56:56.925+0000] {processor.py:925} INFO - DAG(s) 'example_python_decorator' retrieved from /root/venv/lib/python3.12/site-packages/airflow/example_dags/example_python_decorator.py
[2025-03-13T17:56:56.952+0000] {logging_mixin.py:190} INFO - [2025-03-13T17:56:56.952+0000] {dag.py:3239} INFO - Sync 1 DAGs
[2025-03-13T17:56:56.971+0000] {logging_mixin.py:190} INFO - [2025-03-13T17:56:56.971+0000] {dag.py:4180} INFO - Setting next_dagrun for example_python_decorator to None, run_after=None
[2025-03-13T17:56:57.005+0000] {processor.py:208} INFO - Processing /root/venv/lib/python3.12/site-packages/airflow/example_dags/example_python_decorator.py took 0.110 seconds
[2025-03-13T17:57:55.211+0000] {processor.py:186} INFO - Started process (PID=1660637) to work on /root/venv/lib/python3.12/site-packages/airflow/example_dags/example_python_decorator.py
[2025-03-13T17:57:55.212+0000] {processor.py:914} INFO - Processing file /root/venv/lib/python3.12/site-packages/airflow/example_dags/example_python_decorator.py for tasks to queue
[2025-03-13T17:57:55.216+0000] {logging_mixin.py:190} INFO - [2025-03-13T17:57:55.215+0000] {dagbag.py:588} INFO - Filling up the DagBag from /root/venv/lib/python3.12/site-packages/airflow/example_dags/example_python_decorator.py
[2025-03-13T17:57:55.228+0000] {logging_mixin.py:190} INFO - [2025-03-13T17:57:55.228+0000] {example_python_decorator.py:80} WARNING - The virtalenv_python example task requires virtualenv, please install it.
[2025-03-13T17:57:55.231+0000] {processor.py:925} INFO - DAG(s) 'example_python_decorator' retrieved from /root/venv/lib/python3.12/site-packages/airflow/example_dags/example_python_decorator.py
[2025-03-13T17:57:55.254+0000] {logging_mixin.py:190} INFO - [2025-03-13T17:57:55.254+0000] {dag.py:3239} INFO - Sync 1 DAGs
[2025-03-13T17:57:55.271+0000] {logging_mixin.py:190} INFO - [2025-03-13T17:57:55.270+0000] {dag.py:4180} INFO - Setting next_dagrun for example_python_decorator to None, run_after=None
[2025-03-13T17:57:55.298+0000] {processor.py:208} INFO - Processing /root/venv/lib/python3.12/site-packages/airflow/example_dags/example_python_decorator.py took 0.094 seconds
[2025-03-13T17:58:54.464+0000] {processor.py:186} INFO - Started process (PID=1660706) to work on /root/venv/lib/python3.12/site-packages/airflow/example_dags/example_python_decorator.py
[2025-03-13T17:58:54.466+0000] {processor.py:914} INFO - Processing file /root/venv/lib/python3.12/site-packages/airflow/example_dags/example_python_decorator.py for tasks to queue
[2025-03-13T17:58:54.470+0000] {logging_mixin.py:190} INFO - [2025-03-13T17:58:54.469+0000] {dagbag.py:588} INFO - Filling up the DagBag from /root/venv/lib/python3.12/site-packages/airflow/example_dags/example_python_decorator.py
[2025-03-13T17:58:54.482+0000] {logging_mixin.py:190} INFO - [2025-03-13T17:58:54.482+0000] {example_python_decorator.py:80} WARNING - The virtalenv_python example task requires virtualenv, please install it.
[2025-03-13T17:58:54.486+0000] {processor.py:925} INFO - DAG(s) 'example_python_decorator' retrieved from /root/venv/lib/python3.12/site-packages/airflow/example_dags/example_python_decorator.py
[2025-03-13T17:58:54.512+0000] {logging_mixin.py:190} INFO - [2025-03-13T17:58:54.512+0000] {dag.py:3239} INFO - Sync 1 DAGs
[2025-03-13T17:58:54.530+0000] {logging_mixin.py:190} INFO - [2025-03-13T17:58:54.529+0000] {dag.py:4180} INFO - Setting next_dagrun for example_python_decorator to None, run_after=None
[2025-03-13T17:58:54.562+0000] {processor.py:208} INFO - Processing /root/venv/lib/python3.12/site-packages/airflow/example_dags/example_python_decorator.py took 0.110 seconds
[2025-03-13T17:59:56.056+0000] {processor.py:186} INFO - Started process (PID=1660768) to work on /root/venv/lib/python3.12/site-packages/airflow/example_dags/example_python_decorator.py
[2025-03-13T17:59:56.058+0000] {processor.py:914} INFO - Processing file /root/venv/lib/python3.12/site-packages/airflow/example_dags/example_python_decorator.py for tasks to queue
[2025-03-13T17:59:56.061+0000] {logging_mixin.py:190} INFO - [2025-03-13T17:59:56.060+0000] {dagbag.py:588} INFO - Filling up the DagBag from /root/venv/lib/python3.12/site-packages/airflow/example_dags/example_python_decorator.py
[2025-03-13T17:59:56.071+0000] {logging_mixin.py:190} INFO - [2025-03-13T17:59:56.071+0000] {example_python_decorator.py:80} WARNING - The virtalenv_python example task requires virtualenv, please install it.
[2025-03-13T17:59:56.074+0000] {processor.py:925} INFO - DAG(s) 'example_python_decorator' retrieved from /root/venv/lib/python3.12/site-packages/airflow/example_dags/example_python_decorator.py
[2025-03-13T17:59:56.096+0000] {logging_mixin.py:190} INFO - [2025-03-13T17:59:56.096+0000] {dag.py:3239} INFO - Sync 1 DAGs
[2025-03-13T17:59:56.112+0000] {logging_mixin.py:190} INFO - [2025-03-13T17:59:56.111+0000] {dag.py:4180} INFO - Setting next_dagrun for example_python_decorator to None, run_after=None
[2025-03-13T17:59:56.137+0000] {processor.py:208} INFO - Processing /root/venv/lib/python3.12/site-packages/airflow/example_dags/example_python_decorator.py took 0.088 seconds
[2025-03-13T18:01:31.005+0000] {processor.py:186} INFO - Started process (PID=1660871) to work on /root/venv/lib/python3.12/site-packages/airflow/example_dags/example_python_decorator.py
[2025-03-13T18:01:31.008+0000] {processor.py:914} INFO - Processing file /root/venv/lib/python3.12/site-packages/airflow/example_dags/example_python_decorator.py for tasks to queue
[2025-03-13T18:01:31.012+0000] {logging_mixin.py:190} INFO - [2025-03-13T18:01:31.011+0000] {dagbag.py:588} INFO - Filling up the DagBag from /root/venv/lib/python3.12/site-packages/airflow/example_dags/example_python_decorator.py
[2025-03-13T18:01:31.028+0000] {logging_mixin.py:190} INFO - [2025-03-13T18:01:31.028+0000] {example_python_decorator.py:80} WARNING - The virtalenv_python example task requires virtualenv, please install it.
[2025-03-13T18:01:31.033+0000] {processor.py:925} INFO - DAG(s) 'example_python_decorator' retrieved from /root/venv/lib/python3.12/site-packages/airflow/example_dags/example_python_decorator.py
[2025-03-13T18:01:31.064+0000] {logging_mixin.py:190} INFO - [2025-03-13T18:01:31.064+0000] {dag.py:3239} INFO - Sync 1 DAGs
[2025-03-13T18:01:31.086+0000] {logging_mixin.py:190} INFO - [2025-03-13T18:01:31.085+0000] {dag.py:4180} INFO - Setting next_dagrun for example_python_decorator to None, run_after=None
[2025-03-13T18:01:31.121+0000] {processor.py:208} INFO - Processing /root/venv/lib/python3.12/site-packages/airflow/example_dags/example_python_decorator.py took 0.127 seconds
[2025-03-13T18:02:32.060+0000] {processor.py:186} INFO - Started process (PID=1660946) to work on /root/venv/lib/python3.12/site-packages/airflow/example_dags/example_python_decorator.py
[2025-03-13T18:02:32.061+0000] {processor.py:914} INFO - Processing file /root/venv/lib/python3.12/site-packages/airflow/example_dags/example_python_decorator.py for tasks to queue
[2025-03-13T18:02:32.065+0000] {logging_mixin.py:190} INFO - [2025-03-13T18:02:32.064+0000] {dagbag.py:588} INFO - Filling up the DagBag from /root/venv/lib/python3.12/site-packages/airflow/example_dags/example_python_decorator.py
[2025-03-13T18:02:32.075+0000] {logging_mixin.py:190} INFO - [2025-03-13T18:02:32.075+0000] {example_python_decorator.py:80} WARNING - The virtalenv_python example task requires virtualenv, please install it.
[2025-03-13T18:02:32.078+0000] {processor.py:925} INFO - DAG(s) 'example_python_decorator' retrieved from /root/venv/lib/python3.12/site-packages/airflow/example_dags/example_python_decorator.py
[2025-03-13T18:02:32.100+0000] {logging_mixin.py:190} INFO - [2025-03-13T18:02:32.100+0000] {dag.py:3239} INFO - Sync 1 DAGs
[2025-03-13T18:02:32.114+0000] {logging_mixin.py:190} INFO - [2025-03-13T18:02:32.114+0000] {dag.py:4180} INFO - Setting next_dagrun for example_python_decorator to None, run_after=None
[2025-03-13T18:02:32.140+0000] {processor.py:208} INFO - Processing /root/venv/lib/python3.12/site-packages/airflow/example_dags/example_python_decorator.py took 0.088 seconds
[2025-03-13T18:03:35.918+0000] {processor.py:186} INFO - Started process (PID=1661013) to work on /root/venv/lib/python3.12/site-packages/airflow/example_dags/example_python_decorator.py
[2025-03-13T18:03:35.920+0000] {processor.py:914} INFO - Processing file /root/venv/lib/python3.12/site-packages/airflow/example_dags/example_python_decorator.py for tasks to queue
[2025-03-13T18:03:35.922+0000] {logging_mixin.py:190} INFO - [2025-03-13T18:03:35.922+0000] {dagbag.py:588} INFO - Filling up the DagBag from /root/venv/lib/python3.12/site-packages/airflow/example_dags/example_python_decorator.py
[2025-03-13T18:03:35.934+0000] {logging_mixin.py:190} INFO - [2025-03-13T18:03:35.933+0000] {example_python_decorator.py:80} WARNING - The virtalenv_python example task requires virtualenv, please install it.
[2025-03-13T18:03:35.936+0000] {processor.py:925} INFO - DAG(s) 'example_python_decorator' retrieved from /root/venv/lib/python3.12/site-packages/airflow/example_dags/example_python_decorator.py
[2025-03-13T18:03:35.958+0000] {logging_mixin.py:190} INFO - [2025-03-13T18:03:35.957+0000] {dag.py:3239} INFO - Sync 1 DAGs
[2025-03-13T18:03:35.973+0000] {logging_mixin.py:190} INFO - [2025-03-13T18:03:35.972+0000] {dag.py:4180} INFO - Setting next_dagrun for example_python_decorator to None, run_after=None
[2025-03-13T18:03:35.995+0000] {processor.py:208} INFO - Processing /root/venv/lib/python3.12/site-packages/airflow/example_dags/example_python_decorator.py took 0.084 seconds
[2025-03-13T18:04:55.861+0000] {processor.py:186} INFO - Started process (PID=1661085) to work on /root/venv/lib/python3.12/site-packages/airflow/example_dags/example_python_decorator.py
[2025-03-13T18:04:55.863+0000] {processor.py:914} INFO - Processing file /root/venv/lib/python3.12/site-packages/airflow/example_dags/example_python_decorator.py for tasks to queue
[2025-03-13T18:04:55.867+0000] {logging_mixin.py:190} INFO - [2025-03-13T18:04:55.866+0000] {dagbag.py:588} INFO - Filling up the DagBag from /root/venv/lib/python3.12/site-packages/airflow/example_dags/example_python_decorator.py
[2025-03-13T18:04:55.883+0000] {logging_mixin.py:190} INFO - [2025-03-13T18:04:55.882+0000] {example_python_decorator.py:80} WARNING - The virtalenv_python example task requires virtualenv, please install it.
[2025-03-13T18:04:55.887+0000] {processor.py:925} INFO - DAG(s) 'example_python_decorator' retrieved from /root/venv/lib/python3.12/site-packages/airflow/example_dags/example_python_decorator.py
[2025-03-13T18:04:55.917+0000] {logging_mixin.py:190} INFO - [2025-03-13T18:04:55.917+0000] {dag.py:3239} INFO - Sync 1 DAGs
[2025-03-13T18:04:55.940+0000] {logging_mixin.py:190} INFO - [2025-03-13T18:04:55.940+0000] {dag.py:4180} INFO - Setting next_dagrun for example_python_decorator to None, run_after=None
[2025-03-13T18:04:55.972+0000] {processor.py:208} INFO - Processing /root/venv/lib/python3.12/site-packages/airflow/example_dags/example_python_decorator.py took 0.122 seconds
[2025-03-13T18:06:04.598+0000] {processor.py:186} INFO - Started process (PID=1661158) to work on /root/venv/lib/python3.12/site-packages/airflow/example_dags/example_python_decorator.py
[2025-03-13T18:06:04.600+0000] {processor.py:914} INFO - Processing file /root/venv/lib/python3.12/site-packages/airflow/example_dags/example_python_decorator.py for tasks to queue
[2025-03-13T18:06:04.604+0000] {logging_mixin.py:190} INFO - [2025-03-13T18:06:04.603+0000] {dagbag.py:588} INFO - Filling up the DagBag from /root/venv/lib/python3.12/site-packages/airflow/example_dags/example_python_decorator.py
[2025-03-13T18:06:04.617+0000] {logging_mixin.py:190} INFO - [2025-03-13T18:06:04.616+0000] {example_python_decorator.py:80} WARNING - The virtalenv_python example task requires virtualenv, please install it.
[2025-03-13T18:06:04.621+0000] {processor.py:925} INFO - DAG(s) 'example_python_decorator' retrieved from /root/venv/lib/python3.12/site-packages/airflow/example_dags/example_python_decorator.py
[2025-03-13T18:06:04.645+0000] {logging_mixin.py:190} INFO - [2025-03-13T18:06:04.644+0000] {dag.py:3239} INFO - Sync 1 DAGs
[2025-03-13T18:06:04.660+0000] {logging_mixin.py:190} INFO - [2025-03-13T18:06:04.660+0000] {dag.py:4180} INFO - Setting next_dagrun for example_python_decorator to None, run_after=None
[2025-03-13T18:06:04.688+0000] {processor.py:208} INFO - Processing /root/venv/lib/python3.12/site-packages/airflow/example_dags/example_python_decorator.py took 0.100 seconds
[2025-03-13T18:07:17.277+0000] {processor.py:186} INFO - Started process (PID=1661233) to work on /root/venv/lib/python3.12/site-packages/airflow/example_dags/example_python_decorator.py
[2025-03-13T18:07:17.279+0000] {processor.py:914} INFO - Processing file /root/venv/lib/python3.12/site-packages/airflow/example_dags/example_python_decorator.py for tasks to queue
[2025-03-13T18:07:17.281+0000] {logging_mixin.py:190} INFO - [2025-03-13T18:07:17.281+0000] {dagbag.py:588} INFO - Filling up the DagBag from /root/venv/lib/python3.12/site-packages/airflow/example_dags/example_python_decorator.py
[2025-03-13T18:07:17.293+0000] {logging_mixin.py:190} INFO - [2025-03-13T18:07:17.292+0000] {example_python_decorator.py:80} WARNING - The virtalenv_python example task requires virtualenv, please install it.
[2025-03-13T18:07:17.296+0000] {processor.py:925} INFO - DAG(s) 'example_python_decorator' retrieved from /root/venv/lib/python3.12/site-packages/airflow/example_dags/example_python_decorator.py
[2025-03-13T18:07:17.317+0000] {logging_mixin.py:190} INFO - [2025-03-13T18:07:17.317+0000] {dag.py:3239} INFO - Sync 1 DAGs
[2025-03-13T18:07:17.331+0000] {logging_mixin.py:190} INFO - [2025-03-13T18:07:17.331+0000] {dag.py:4180} INFO - Setting next_dagrun for example_python_decorator to None, run_after=None
[2025-03-13T18:07:17.359+0000] {processor.py:208} INFO - Processing /root/venv/lib/python3.12/site-packages/airflow/example_dags/example_python_decorator.py took 0.090 seconds
[2025-03-13T18:08:22.712+0000] {processor.py:186} INFO - Started process (PID=1661313) to work on /root/venv/lib/python3.12/site-packages/airflow/example_dags/example_python_decorator.py
[2025-03-13T18:08:22.714+0000] {processor.py:914} INFO - Processing file /root/venv/lib/python3.12/site-packages/airflow/example_dags/example_python_decorator.py for tasks to queue
[2025-03-13T18:08:22.717+0000] {logging_mixin.py:190} INFO - [2025-03-13T18:08:22.717+0000] {dagbag.py:588} INFO - Filling up the DagBag from /root/venv/lib/python3.12/site-packages/airflow/example_dags/example_python_decorator.py
[2025-03-13T18:08:22.728+0000] {logging_mixin.py:190} INFO - [2025-03-13T18:08:22.727+0000] {example_python_decorator.py:80} WARNING - The virtalenv_python example task requires virtualenv, please install it.
[2025-03-13T18:08:22.730+0000] {processor.py:925} INFO - DAG(s) 'example_python_decorator' retrieved from /root/venv/lib/python3.12/site-packages/airflow/example_dags/example_python_decorator.py
[2025-03-13T18:08:22.750+0000] {logging_mixin.py:190} INFO - [2025-03-13T18:08:22.750+0000] {dag.py:3239} INFO - Sync 1 DAGs
[2025-03-13T18:08:22.764+0000] {logging_mixin.py:190} INFO - [2025-03-13T18:08:22.764+0000] {dag.py:4180} INFO - Setting next_dagrun for example_python_decorator to None, run_after=None
[2025-03-13T18:08:22.785+0000] {processor.py:208} INFO - Processing /root/venv/lib/python3.12/site-packages/airflow/example_dags/example_python_decorator.py took 0.081 seconds
[2025-03-13T18:09:25.994+0000] {processor.py:186} INFO - Started process (PID=1661380) to work on /root/venv/lib/python3.12/site-packages/airflow/example_dags/example_python_decorator.py
[2025-03-13T18:09:25.996+0000] {processor.py:914} INFO - Processing file /root/venv/lib/python3.12/site-packages/airflow/example_dags/example_python_decorator.py for tasks to queue
[2025-03-13T18:09:26.000+0000] {logging_mixin.py:190} INFO - [2025-03-13T18:09:25.999+0000] {dagbag.py:588} INFO - Filling up the DagBag from /root/venv/lib/python3.12/site-packages/airflow/example_dags/example_python_decorator.py
[2025-03-13T18:09:26.015+0000] {logging_mixin.py:190} INFO - [2025-03-13T18:09:26.015+0000] {example_python_decorator.py:80} WARNING - The virtalenv_python example task requires virtualenv, please install it.
[2025-03-13T18:09:26.019+0000] {processor.py:925} INFO - DAG(s) 'example_python_decorator' retrieved from /root/venv/lib/python3.12/site-packages/airflow/example_dags/example_python_decorator.py
[2025-03-13T18:09:26.048+0000] {logging_mixin.py:190} INFO - [2025-03-13T18:09:26.048+0000] {dag.py:3239} INFO - Sync 1 DAGs
[2025-03-13T18:09:26.070+0000] {logging_mixin.py:190} INFO - [2025-03-13T18:09:26.070+0000] {dag.py:4180} INFO - Setting next_dagrun for example_python_decorator to None, run_after=None
[2025-03-13T18:09:26.102+0000] {processor.py:208} INFO - Processing /root/venv/lib/python3.12/site-packages/airflow/example_dags/example_python_decorator.py took 0.119 seconds
[2025-03-13T18:10:27.946+0000] {processor.py:186} INFO - Started process (PID=1661450) to work on /root/venv/lib/python3.12/site-packages/airflow/example_dags/example_python_decorator.py
[2025-03-13T18:10:27.947+0000] {processor.py:914} INFO - Processing file /root/venv/lib/python3.12/site-packages/airflow/example_dags/example_python_decorator.py for tasks to queue
[2025-03-13T18:10:27.951+0000] {logging_mixin.py:190} INFO - [2025-03-13T18:10:27.950+0000] {dagbag.py:588} INFO - Filling up the DagBag from /root/venv/lib/python3.12/site-packages/airflow/example_dags/example_python_decorator.py
[2025-03-13T18:10:27.963+0000] {logging_mixin.py:190} INFO - [2025-03-13T18:10:27.963+0000] {example_python_decorator.py:80} WARNING - The virtalenv_python example task requires virtualenv, please install it.
[2025-03-13T18:10:27.967+0000] {processor.py:925} INFO - DAG(s) 'example_python_decorator' retrieved from /root/venv/lib/python3.12/site-packages/airflow/example_dags/example_python_decorator.py
[2025-03-13T18:10:27.992+0000] {logging_mixin.py:190} INFO - [2025-03-13T18:10:27.992+0000] {dag.py:3239} INFO - Sync 1 DAGs
[2025-03-13T18:10:28.010+0000] {logging_mixin.py:190} INFO - [2025-03-13T18:10:28.009+0000] {dag.py:4180} INFO - Setting next_dagrun for example_python_decorator to None, run_after=None
[2025-03-13T18:10:28.035+0000] {processor.py:208} INFO - Processing /root/venv/lib/python3.12/site-packages/airflow/example_dags/example_python_decorator.py took 0.096 seconds
[2025-03-13T18:11:34.570+0000] {processor.py:186} INFO - Started process (PID=1661516) to work on /root/venv/lib/python3.12/site-packages/airflow/example_dags/example_python_decorator.py
[2025-03-13T18:11:34.572+0000] {processor.py:914} INFO - Processing file /root/venv/lib/python3.12/site-packages/airflow/example_dags/example_python_decorator.py for tasks to queue
[2025-03-13T18:11:34.574+0000] {logging_mixin.py:190} INFO - [2025-03-13T18:11:34.573+0000] {dagbag.py:588} INFO - Filling up the DagBag from /root/venv/lib/python3.12/site-packages/airflow/example_dags/example_python_decorator.py
[2025-03-13T18:11:34.585+0000] {logging_mixin.py:190} INFO - [2025-03-13T18:11:34.585+0000] {example_python_decorator.py:80} WARNING - The virtalenv_python example task requires virtualenv, please install it.
[2025-03-13T18:11:34.588+0000] {processor.py:925} INFO - DAG(s) 'example_python_decorator' retrieved from /root/venv/lib/python3.12/site-packages/airflow/example_dags/example_python_decorator.py
[2025-03-13T18:11:34.612+0000] {logging_mixin.py:190} INFO - [2025-03-13T18:11:34.612+0000] {dag.py:3239} INFO - Sync 1 DAGs
[2025-03-13T18:11:34.631+0000] {logging_mixin.py:190} INFO - [2025-03-13T18:11:34.630+0000] {dag.py:4180} INFO - Setting next_dagrun for example_python_decorator to None, run_after=None
[2025-03-13T18:11:34.657+0000] {processor.py:208} INFO - Processing /root/venv/lib/python3.12/site-packages/airflow/example_dags/example_python_decorator.py took 0.096 seconds
[2025-03-13T18:12:41.650+0000] {processor.py:186} INFO - Started process (PID=1661594) to work on /root/venv/lib/python3.12/site-packages/airflow/example_dags/example_python_decorator.py
[2025-03-13T18:12:41.652+0000] {processor.py:914} INFO - Processing file /root/venv/lib/python3.12/site-packages/airflow/example_dags/example_python_decorator.py for tasks to queue
[2025-03-13T18:12:41.654+0000] {logging_mixin.py:190} INFO - [2025-03-13T18:12:41.653+0000] {dagbag.py:588} INFO - Filling up the DagBag from /root/venv/lib/python3.12/site-packages/airflow/example_dags/example_python_decorator.py
[2025-03-13T18:12:41.667+0000] {logging_mixin.py:190} INFO - [2025-03-13T18:12:41.667+0000] {example_python_decorator.py:80} WARNING - The virtalenv_python example task requires virtualenv, please install it.
[2025-03-13T18:12:41.671+0000] {processor.py:925} INFO - DAG(s) 'example_python_decorator' retrieved from /root/venv/lib/python3.12/site-packages/airflow/example_dags/example_python_decorator.py
[2025-03-13T18:12:41.693+0000] {logging_mixin.py:190} INFO - [2025-03-13T18:12:41.693+0000] {dag.py:3239} INFO - Sync 1 DAGs
[2025-03-13T18:12:41.712+0000] {logging_mixin.py:190} INFO - [2025-03-13T18:12:41.711+0000] {dag.py:4180} INFO - Setting next_dagrun for example_python_decorator to None, run_after=None
[2025-03-13T18:12:41.737+0000] {processor.py:208} INFO - Processing /root/venv/lib/python3.12/site-packages/airflow/example_dags/example_python_decorator.py took 0.096 seconds
[2025-03-13T18:13:49.242+0000] {processor.py:186} INFO - Started process (PID=1661663) to work on /root/venv/lib/python3.12/site-packages/airflow/example_dags/example_python_decorator.py
[2025-03-13T18:13:49.244+0000] {processor.py:914} INFO - Processing file /root/venv/lib/python3.12/site-packages/airflow/example_dags/example_python_decorator.py for tasks to queue
[2025-03-13T18:13:49.246+0000] {logging_mixin.py:190} INFO - [2025-03-13T18:13:49.245+0000] {dagbag.py:588} INFO - Filling up the DagBag from /root/venv/lib/python3.12/site-packages/airflow/example_dags/example_python_decorator.py
[2025-03-13T18:13:49.263+0000] {logging_mixin.py:190} INFO - [2025-03-13T18:13:49.263+0000] {example_python_decorator.py:80} WARNING - The virtalenv_python example task requires virtualenv, please install it.
[2025-03-13T18:13:49.268+0000] {processor.py:925} INFO - DAG(s) 'example_python_decorator' retrieved from /root/venv/lib/python3.12/site-packages/airflow/example_dags/example_python_decorator.py
[2025-03-13T18:13:49.299+0000] {logging_mixin.py:190} INFO - [2025-03-13T18:13:49.299+0000] {dag.py:3239} INFO - Sync 1 DAGs
[2025-03-13T18:13:49.321+0000] {logging_mixin.py:190} INFO - [2025-03-13T18:13:49.321+0000] {dag.py:4180} INFO - Setting next_dagrun for example_python_decorator to None, run_after=None
[2025-03-13T18:13:49.359+0000] {processor.py:208} INFO - Processing /root/venv/lib/python3.12/site-packages/airflow/example_dags/example_python_decorator.py took 0.126 seconds
[2025-03-13T18:14:58.135+0000] {processor.py:186} INFO - Started process (PID=1661738) to work on /root/venv/lib/python3.12/site-packages/airflow/example_dags/example_python_decorator.py
[2025-03-13T18:14:58.138+0000] {processor.py:914} INFO - Processing file /root/venv/lib/python3.12/site-packages/airflow/example_dags/example_python_decorator.py for tasks to queue
[2025-03-13T18:14:58.140+0000] {logging_mixin.py:190} INFO - [2025-03-13T18:14:58.140+0000] {dagbag.py:588} INFO - Filling up the DagBag from /root/venv/lib/python3.12/site-packages/airflow/example_dags/example_python_decorator.py
[2025-03-13T18:14:58.155+0000] {logging_mixin.py:190} INFO - [2025-03-13T18:14:58.155+0000] {example_python_decorator.py:80} WARNING - The virtalenv_python example task requires virtualenv, please install it.
[2025-03-13T18:14:58.159+0000] {processor.py:925} INFO - DAG(s) 'example_python_decorator' retrieved from /root/venv/lib/python3.12/site-packages/airflow/example_dags/example_python_decorator.py
[2025-03-13T18:14:58.187+0000] {logging_mixin.py:190} INFO - [2025-03-13T18:14:58.187+0000] {dag.py:3239} INFO - Sync 1 DAGs
[2025-03-13T18:14:58.209+0000] {logging_mixin.py:190} INFO - [2025-03-13T18:14:58.209+0000] {dag.py:4180} INFO - Setting next_dagrun for example_python_decorator to None, run_after=None
[2025-03-13T18:14:58.241+0000] {processor.py:208} INFO - Processing /root/venv/lib/python3.12/site-packages/airflow/example_dags/example_python_decorator.py took 0.117 seconds
[2025-03-13T19:39:36.714+0000] {processor.py:186} INFO - Started process (PID=1662400) to work on /root/venv/lib/python3.12/site-packages/airflow/example_dags/example_python_decorator.py
[2025-03-13T19:39:36.716+0000] {processor.py:914} INFO - Processing file /root/venv/lib/python3.12/site-packages/airflow/example_dags/example_python_decorator.py for tasks to queue
[2025-03-13T19:39:36.718+0000] {logging_mixin.py:190} INFO - [2025-03-13T19:39:36.718+0000] {dagbag.py:588} INFO - Filling up the DagBag from /root/venv/lib/python3.12/site-packages/airflow/example_dags/example_python_decorator.py
[2025-03-13T19:39:36.729+0000] {logging_mixin.py:190} INFO - [2025-03-13T19:39:36.728+0000] {example_python_decorator.py:80} WARNING - The virtalenv_python example task requires virtualenv, please install it.
[2025-03-13T19:39:36.732+0000] {processor.py:925} INFO - DAG(s) 'example_python_decorator' retrieved from /root/venv/lib/python3.12/site-packages/airflow/example_dags/example_python_decorator.py
[2025-03-13T19:39:36.756+0000] {logging_mixin.py:190} INFO - [2025-03-13T19:39:36.755+0000] {dag.py:3239} INFO - Sync 1 DAGs
[2025-03-13T19:39:36.772+0000] {logging_mixin.py:190} INFO - [2025-03-13T19:39:36.772+0000] {dag.py:4180} INFO - Setting next_dagrun for example_python_decorator to None, run_after=None
[2025-03-13T19:39:36.794+0000] {processor.py:208} INFO - Processing /root/venv/lib/python3.12/site-packages/airflow/example_dags/example_python_decorator.py took 0.088 seconds
