[2025-03-13T17:31:40.309+0000] {processor.py:186} INFO - Started process (PID=1658891) to work on /root/venv/lib/python3.12/site-packages/airflow/example_dags/example_branch_day_of_week_operator.py
[2025-03-13T17:31:40.311+0000] {processor.py:914} INFO - Processing file /root/venv/lib/python3.12/site-packages/airflow/example_dags/example_branch_day_of_week_operator.py for tasks to queue
[2025-03-13T17:31:40.314+0000] {logging_mixin.py:190} INFO - [2025-03-13T17:31:40.313+0000] {dagbag.py:588} INFO - Filling up the DagBag from /root/venv/lib/python3.12/site-packages/airflow/example_dags/example_branch_day_of_week_operator.py
[2025-03-13T17:31:40.331+0000] {processor.py:925} INFO - DAG(s) 'example_weekday_branch_operator' retrieved from /root/venv/lib/python3.12/site-packages/airflow/example_dags/example_branch_day_of_week_operator.py
[2025-03-13T17:31:40.455+0000] {logging_mixin.py:190} INFO - [2025-03-13T17:31:40.454+0000] {dag.py:3239} INFO - Sync 1 DAGs
[2025-03-13T17:31:40.474+0000] {logging_mixin.py:190} INFO - [2025-03-13T17:31:40.474+0000] {dag.py:4180} INFO - Setting next_dagrun for example_weekday_branch_operator to 2025-03-12 00:00:00+00:00, run_after=2025-03-13 00:00:00+00:00
[2025-03-13T17:31:40.504+0000] {processor.py:208} INFO - Processing /root/venv/lib/python3.12/site-packages/airflow/example_dags/example_branch_day_of_week_operator.py took 0.204 seconds
[2025-03-13T17:32:43.664+0000] {processor.py:186} INFO - Started process (PID=1658956) to work on /root/venv/lib/python3.12/site-packages/airflow/example_dags/example_branch_day_of_week_operator.py
[2025-03-13T17:32:43.666+0000] {processor.py:914} INFO - Processing file /root/venv/lib/python3.12/site-packages/airflow/example_dags/example_branch_day_of_week_operator.py for tasks to queue
[2025-03-13T17:32:43.668+0000] {logging_mixin.py:190} INFO - [2025-03-13T17:32:43.668+0000] {dagbag.py:588} INFO - Filling up the DagBag from /root/venv/lib/python3.12/site-packages/airflow/example_dags/example_branch_day_of_week_operator.py
[2025-03-13T17:32:43.683+0000] {processor.py:925} INFO - DAG(s) 'example_weekday_branch_operator' retrieved from /root/venv/lib/python3.12/site-packages/airflow/example_dags/example_branch_day_of_week_operator.py
[2025-03-13T17:32:43.707+0000] {logging_mixin.py:190} INFO - [2025-03-13T17:32:43.706+0000] {dag.py:3239} INFO - Sync 1 DAGs
[2025-03-13T17:32:43.737+0000] {logging_mixin.py:190} INFO - [2025-03-13T17:32:43.737+0000] {dag.py:4180} INFO - Setting next_dagrun for example_weekday_branch_operator to 2025-03-12 00:00:00+00:00, run_after=2025-03-13 00:00:00+00:00
[2025-03-13T17:32:43.765+0000] {processor.py:208} INFO - Processing /root/venv/lib/python3.12/site-packages/airflow/example_dags/example_branch_day_of_week_operator.py took 0.108 seconds
[2025-03-13T17:33:43.767+0000] {processor.py:186} INFO - Started process (PID=1659086) to work on /root/venv/lib/python3.12/site-packages/airflow/example_dags/example_branch_day_of_week_operator.py
[2025-03-13T17:33:43.768+0000] {processor.py:914} INFO - Processing file /root/venv/lib/python3.12/site-packages/airflow/example_dags/example_branch_day_of_week_operator.py for tasks to queue
[2025-03-13T17:33:43.771+0000] {logging_mixin.py:190} INFO - [2025-03-13T17:33:43.771+0000] {dagbag.py:588} INFO - Filling up the DagBag from /root/venv/lib/python3.12/site-packages/airflow/example_dags/example_branch_day_of_week_operator.py
[2025-03-13T17:33:43.784+0000] {processor.py:925} INFO - DAG(s) 'example_weekday_branch_operator' retrieved from /root/venv/lib/python3.12/site-packages/airflow/example_dags/example_branch_day_of_week_operator.py
[2025-03-13T17:33:43.804+0000] {logging_mixin.py:190} INFO - [2025-03-13T17:33:43.804+0000] {dag.py:3239} INFO - Sync 1 DAGs
[2025-03-13T17:33:43.830+0000] {logging_mixin.py:190} INFO - [2025-03-13T17:33:43.830+0000] {dag.py:4180} INFO - Setting next_dagrun for example_weekday_branch_operator to 2025-03-12 00:00:00+00:00, run_after=2025-03-13 00:00:00+00:00
[2025-03-13T17:33:43.852+0000] {processor.py:208} INFO - Processing /root/venv/lib/python3.12/site-packages/airflow/example_dags/example_branch_day_of_week_operator.py took 0.094 seconds
[2025-03-13T17:35:27.244+0000] {processor.py:186} INFO - Started process (PID=1659199) to work on /root/venv/lib/python3.12/site-packages/airflow/example_dags/example_branch_day_of_week_operator.py
[2025-03-13T17:35:27.246+0000] {processor.py:914} INFO - Processing file /root/venv/lib/python3.12/site-packages/airflow/example_dags/example_branch_day_of_week_operator.py for tasks to queue
[2025-03-13T17:35:27.249+0000] {logging_mixin.py:190} INFO - [2025-03-13T17:35:27.248+0000] {dagbag.py:588} INFO - Filling up the DagBag from /root/venv/lib/python3.12/site-packages/airflow/example_dags/example_branch_day_of_week_operator.py
[2025-03-13T17:35:27.264+0000] {processor.py:925} INFO - DAG(s) 'example_weekday_branch_operator' retrieved from /root/venv/lib/python3.12/site-packages/airflow/example_dags/example_branch_day_of_week_operator.py
[2025-03-13T17:35:27.287+0000] {logging_mixin.py:190} INFO - [2025-03-13T17:35:27.286+0000] {dag.py:3239} INFO - Sync 1 DAGs
[2025-03-13T17:35:27.311+0000] {logging_mixin.py:190} INFO - [2025-03-13T17:35:27.311+0000] {dag.py:4180} INFO - Setting next_dagrun for example_weekday_branch_operator to 2025-03-12 00:00:00+00:00, run_after=2025-03-13 00:00:00+00:00
[2025-03-13T17:35:27.336+0000] {processor.py:208} INFO - Processing /root/venv/lib/python3.12/site-packages/airflow/example_dags/example_branch_day_of_week_operator.py took 0.099 seconds
[2025-03-13T17:36:25.644+0000] {processor.py:186} INFO - Started process (PID=1659261) to work on /root/venv/lib/python3.12/site-packages/airflow/example_dags/example_branch_day_of_week_operator.py
[2025-03-13T17:36:25.646+0000] {processor.py:914} INFO - Processing file /root/venv/lib/python3.12/site-packages/airflow/example_dags/example_branch_day_of_week_operator.py for tasks to queue
[2025-03-13T17:36:25.649+0000] {logging_mixin.py:190} INFO - [2025-03-13T17:36:25.648+0000] {dagbag.py:588} INFO - Filling up the DagBag from /root/venv/lib/python3.12/site-packages/airflow/example_dags/example_branch_day_of_week_operator.py
[2025-03-13T17:36:25.665+0000] {processor.py:925} INFO - DAG(s) 'example_weekday_branch_operator' retrieved from /root/venv/lib/python3.12/site-packages/airflow/example_dags/example_branch_day_of_week_operator.py
[2025-03-13T17:36:25.689+0000] {logging_mixin.py:190} INFO - [2025-03-13T17:36:25.689+0000] {dag.py:3239} INFO - Sync 1 DAGs
[2025-03-13T17:36:25.722+0000] {logging_mixin.py:190} INFO - [2025-03-13T17:36:25.721+0000] {dag.py:4180} INFO - Setting next_dagrun for example_weekday_branch_operator to 2025-03-12 00:00:00+00:00, run_after=2025-03-13 00:00:00+00:00
[2025-03-13T17:36:25.751+0000] {processor.py:208} INFO - Processing /root/venv/lib/python3.12/site-packages/airflow/example_dags/example_branch_day_of_week_operator.py took 0.115 seconds
[2025-03-13T17:37:28.493+0000] {processor.py:186} INFO - Started process (PID=1659328) to work on /root/venv/lib/python3.12/site-packages/airflow/example_dags/example_branch_day_of_week_operator.py
[2025-03-13T17:37:28.495+0000] {processor.py:914} INFO - Processing file /root/venv/lib/python3.12/site-packages/airflow/example_dags/example_branch_day_of_week_operator.py for tasks to queue
[2025-03-13T17:37:28.499+0000] {logging_mixin.py:190} INFO - [2025-03-13T17:37:28.498+0000] {dagbag.py:588} INFO - Filling up the DagBag from /root/venv/lib/python3.12/site-packages/airflow/example_dags/example_branch_day_of_week_operator.py
[2025-03-13T17:37:28.516+0000] {processor.py:925} INFO - DAG(s) 'example_weekday_branch_operator' retrieved from /root/venv/lib/python3.12/site-packages/airflow/example_dags/example_branch_day_of_week_operator.py
[2025-03-13T17:37:28.543+0000] {logging_mixin.py:190} INFO - [2025-03-13T17:37:28.542+0000] {dag.py:3239} INFO - Sync 1 DAGs
[2025-03-13T17:37:28.573+0000] {logging_mixin.py:190} INFO - [2025-03-13T17:37:28.573+0000] {dag.py:4180} INFO - Setting next_dagrun for example_weekday_branch_operator to 2025-03-12 00:00:00+00:00, run_after=2025-03-13 00:00:00+00:00
[2025-03-13T17:37:28.601+0000] {processor.py:208} INFO - Processing /root/venv/lib/python3.12/site-packages/airflow/example_dags/example_branch_day_of_week_operator.py took 0.118 seconds
[2025-03-13T17:38:31.858+0000] {processor.py:186} INFO - Started process (PID=1659391) to work on /root/venv/lib/python3.12/site-packages/airflow/example_dags/example_branch_day_of_week_operator.py
[2025-03-13T17:38:31.860+0000] {processor.py:914} INFO - Processing file /root/venv/lib/python3.12/site-packages/airflow/example_dags/example_branch_day_of_week_operator.py for tasks to queue
[2025-03-13T17:38:31.862+0000] {logging_mixin.py:190} INFO - [2025-03-13T17:38:31.862+0000] {dagbag.py:588} INFO - Filling up the DagBag from /root/venv/lib/python3.12/site-packages/airflow/example_dags/example_branch_day_of_week_operator.py
[2025-03-13T17:38:31.876+0000] {processor.py:925} INFO - DAG(s) 'example_weekday_branch_operator' retrieved from /root/venv/lib/python3.12/site-packages/airflow/example_dags/example_branch_day_of_week_operator.py
[2025-03-13T17:38:31.896+0000] {logging_mixin.py:190} INFO - [2025-03-13T17:38:31.896+0000] {dag.py:3239} INFO - Sync 1 DAGs
[2025-03-13T17:38:31.920+0000] {logging_mixin.py:190} INFO - [2025-03-13T17:38:31.919+0000] {dag.py:4180} INFO - Setting next_dagrun for example_weekday_branch_operator to 2025-03-12 00:00:00+00:00, run_after=2025-03-13 00:00:00+00:00
[2025-03-13T17:38:31.949+0000] {processor.py:208} INFO - Processing /root/venv/lib/python3.12/site-packages/airflow/example_dags/example_branch_day_of_week_operator.py took 0.100 seconds
[2025-03-13T17:39:33.294+0000] {processor.py:186} INFO - Started process (PID=1659453) to work on /root/venv/lib/python3.12/site-packages/airflow/example_dags/example_branch_day_of_week_operator.py
[2025-03-13T17:39:33.296+0000] {processor.py:914} INFO - Processing file /root/venv/lib/python3.12/site-packages/airflow/example_dags/example_branch_day_of_week_operator.py for tasks to queue
[2025-03-13T17:39:33.299+0000] {logging_mixin.py:190} INFO - [2025-03-13T17:39:33.298+0000] {dagbag.py:588} INFO - Filling up the DagBag from /root/venv/lib/python3.12/site-packages/airflow/example_dags/example_branch_day_of_week_operator.py
[2025-03-13T17:39:33.315+0000] {processor.py:925} INFO - DAG(s) 'example_weekday_branch_operator' retrieved from /root/venv/lib/python3.12/site-packages/airflow/example_dags/example_branch_day_of_week_operator.py
[2025-03-13T17:39:33.338+0000] {logging_mixin.py:190} INFO - [2025-03-13T17:39:33.338+0000] {dag.py:3239} INFO - Sync 1 DAGs
[2025-03-13T17:39:33.368+0000] {logging_mixin.py:190} INFO - [2025-03-13T17:39:33.368+0000] {dag.py:4180} INFO - Setting next_dagrun for example_weekday_branch_operator to 2025-03-12 00:00:00+00:00, run_after=2025-03-13 00:00:00+00:00
[2025-03-13T17:39:33.398+0000] {processor.py:208} INFO - Processing /root/venv/lib/python3.12/site-packages/airflow/example_dags/example_branch_day_of_week_operator.py took 0.112 seconds
[2025-03-13T17:40:32.798+0000] {processor.py:186} INFO - Started process (PID=1659518) to work on /root/venv/lib/python3.12/site-packages/airflow/example_dags/example_branch_day_of_week_operator.py
[2025-03-13T17:40:32.800+0000] {processor.py:914} INFO - Processing file /root/venv/lib/python3.12/site-packages/airflow/example_dags/example_branch_day_of_week_operator.py for tasks to queue
[2025-03-13T17:40:32.803+0000] {logging_mixin.py:190} INFO - [2025-03-13T17:40:32.803+0000] {dagbag.py:588} INFO - Filling up the DagBag from /root/venv/lib/python3.12/site-packages/airflow/example_dags/example_branch_day_of_week_operator.py
[2025-03-13T17:40:32.817+0000] {processor.py:925} INFO - DAG(s) 'example_weekday_branch_operator' retrieved from /root/venv/lib/python3.12/site-packages/airflow/example_dags/example_branch_day_of_week_operator.py
[2025-03-13T17:40:32.840+0000] {logging_mixin.py:190} INFO - [2025-03-13T17:40:32.840+0000] {dag.py:3239} INFO - Sync 1 DAGs
[2025-03-13T17:40:32.869+0000] {logging_mixin.py:190} INFO - [2025-03-13T17:40:32.869+0000] {dag.py:4180} INFO - Setting next_dagrun for example_weekday_branch_operator to 2025-03-12 00:00:00+00:00, run_after=2025-03-13 00:00:00+00:00
[2025-03-13T17:40:32.896+0000] {processor.py:208} INFO - Processing /root/venv/lib/python3.12/site-packages/airflow/example_dags/example_branch_day_of_week_operator.py took 0.106 seconds
[2025-03-13T17:41:33.832+0000] {processor.py:186} INFO - Started process (PID=1659584) to work on /root/venv/lib/python3.12/site-packages/airflow/example_dags/example_branch_day_of_week_operator.py
[2025-03-13T17:41:33.834+0000] {processor.py:914} INFO - Processing file /root/venv/lib/python3.12/site-packages/airflow/example_dags/example_branch_day_of_week_operator.py for tasks to queue
[2025-03-13T17:41:33.837+0000] {logging_mixin.py:190} INFO - [2025-03-13T17:41:33.837+0000] {dagbag.py:588} INFO - Filling up the DagBag from /root/venv/lib/python3.12/site-packages/airflow/example_dags/example_branch_day_of_week_operator.py
[2025-03-13T17:41:33.853+0000] {processor.py:925} INFO - DAG(s) 'example_weekday_branch_operator' retrieved from /root/venv/lib/python3.12/site-packages/airflow/example_dags/example_branch_day_of_week_operator.py
[2025-03-13T17:41:33.881+0000] {logging_mixin.py:190} INFO - [2025-03-13T17:41:33.881+0000] {dag.py:3239} INFO - Sync 1 DAGs
[2025-03-13T17:41:34.102+0000] {logging_mixin.py:190} INFO - [2025-03-13T17:41:34.102+0000] {dag.py:4180} INFO - Setting next_dagrun for example_weekday_branch_operator to 2025-03-12 00:00:00+00:00, run_after=2025-03-13 00:00:00+00:00
[2025-03-13T17:41:34.133+0000] {processor.py:208} INFO - Processing /root/venv/lib/python3.12/site-packages/airflow/example_dags/example_branch_day_of_week_operator.py took 0.309 seconds
[2025-03-13T17:42:41.018+0000] {processor.py:186} INFO - Started process (PID=1659653) to work on /root/venv/lib/python3.12/site-packages/airflow/example_dags/example_branch_day_of_week_operator.py
[2025-03-13T17:42:41.020+0000] {processor.py:914} INFO - Processing file /root/venv/lib/python3.12/site-packages/airflow/example_dags/example_branch_day_of_week_operator.py for tasks to queue
[2025-03-13T17:42:41.024+0000] {logging_mixin.py:190} INFO - [2025-03-13T17:42:41.024+0000] {dagbag.py:588} INFO - Filling up the DagBag from /root/venv/lib/python3.12/site-packages/airflow/example_dags/example_branch_day_of_week_operator.py
[2025-03-13T17:42:41.043+0000] {processor.py:925} INFO - DAG(s) 'example_weekday_branch_operator' retrieved from /root/venv/lib/python3.12/site-packages/airflow/example_dags/example_branch_day_of_week_operator.py
[2025-03-13T17:42:41.074+0000] {logging_mixin.py:190} INFO - [2025-03-13T17:42:41.073+0000] {dag.py:3239} INFO - Sync 1 DAGs
[2025-03-13T17:42:41.111+0000] {logging_mixin.py:190} INFO - [2025-03-13T17:42:41.111+0000] {dag.py:4180} INFO - Setting next_dagrun for example_weekday_branch_operator to 2025-03-12 00:00:00+00:00, run_after=2025-03-13 00:00:00+00:00
[2025-03-13T17:42:41.145+0000] {processor.py:208} INFO - Processing /root/venv/lib/python3.12/site-packages/airflow/example_dags/example_branch_day_of_week_operator.py took 0.137 seconds
[2025-03-13T17:43:39.071+0000] {processor.py:186} INFO - Started process (PID=1659713) to work on /root/venv/lib/python3.12/site-packages/airflow/example_dags/example_branch_day_of_week_operator.py
[2025-03-13T17:43:39.073+0000] {processor.py:914} INFO - Processing file /root/venv/lib/python3.12/site-packages/airflow/example_dags/example_branch_day_of_week_operator.py for tasks to queue
[2025-03-13T17:43:39.076+0000] {logging_mixin.py:190} INFO - [2025-03-13T17:43:39.075+0000] {dagbag.py:588} INFO - Filling up the DagBag from /root/venv/lib/python3.12/site-packages/airflow/example_dags/example_branch_day_of_week_operator.py
[2025-03-13T17:43:39.089+0000] {processor.py:925} INFO - DAG(s) 'example_weekday_branch_operator' retrieved from /root/venv/lib/python3.12/site-packages/airflow/example_dags/example_branch_day_of_week_operator.py
[2025-03-13T17:43:39.114+0000] {logging_mixin.py:190} INFO - [2025-03-13T17:43:39.113+0000] {dag.py:3239} INFO - Sync 1 DAGs
[2025-03-13T17:43:39.146+0000] {logging_mixin.py:190} INFO - [2025-03-13T17:43:39.146+0000] {dag.py:4180} INFO - Setting next_dagrun for example_weekday_branch_operator to 2025-03-12 00:00:00+00:00, run_after=2025-03-13 00:00:00+00:00
[2025-03-13T17:43:39.176+0000] {processor.py:208} INFO - Processing /root/venv/lib/python3.12/site-packages/airflow/example_dags/example_branch_day_of_week_operator.py took 0.114 seconds
[2025-03-13T17:44:41.349+0000] {processor.py:186} INFO - Started process (PID=1659793) to work on /root/venv/lib/python3.12/site-packages/airflow/example_dags/example_branch_day_of_week_operator.py
[2025-03-13T17:44:41.351+0000] {processor.py:914} INFO - Processing file /root/venv/lib/python3.12/site-packages/airflow/example_dags/example_branch_day_of_week_operator.py for tasks to queue
[2025-03-13T17:44:41.355+0000] {logging_mixin.py:190} INFO - [2025-03-13T17:44:41.354+0000] {dagbag.py:588} INFO - Filling up the DagBag from /root/venv/lib/python3.12/site-packages/airflow/example_dags/example_branch_day_of_week_operator.py
[2025-03-13T17:44:41.372+0000] {processor.py:925} INFO - DAG(s) 'example_weekday_branch_operator' retrieved from /root/venv/lib/python3.12/site-packages/airflow/example_dags/example_branch_day_of_week_operator.py
[2025-03-13T17:44:41.398+0000] {logging_mixin.py:190} INFO - [2025-03-13T17:44:41.398+0000] {dag.py:3239} INFO - Sync 1 DAGs
[2025-03-13T17:44:41.427+0000] {logging_mixin.py:190} INFO - [2025-03-13T17:44:41.426+0000] {dag.py:4180} INFO - Setting next_dagrun for example_weekday_branch_operator to 2025-03-12 00:00:00+00:00, run_after=2025-03-13 00:00:00+00:00
[2025-03-13T17:44:41.456+0000] {processor.py:208} INFO - Processing /root/venv/lib/python3.12/site-packages/airflow/example_dags/example_branch_day_of_week_operator.py took 0.118 seconds
[2025-03-13T17:45:46.060+0000] {processor.py:186} INFO - Started process (PID=1659859) to work on /root/venv/lib/python3.12/site-packages/airflow/example_dags/example_branch_day_of_week_operator.py
[2025-03-13T17:45:46.061+0000] {processor.py:914} INFO - Processing file /root/venv/lib/python3.12/site-packages/airflow/example_dags/example_branch_day_of_week_operator.py for tasks to queue
[2025-03-13T17:45:46.064+0000] {logging_mixin.py:190} INFO - [2025-03-13T17:45:46.064+0000] {dagbag.py:588} INFO - Filling up the DagBag from /root/venv/lib/python3.12/site-packages/airflow/example_dags/example_branch_day_of_week_operator.py
[2025-03-13T17:45:46.078+0000] {processor.py:925} INFO - DAG(s) 'example_weekday_branch_operator' retrieved from /root/venv/lib/python3.12/site-packages/airflow/example_dags/example_branch_day_of_week_operator.py
[2025-03-13T17:45:46.100+0000] {logging_mixin.py:190} INFO - [2025-03-13T17:45:46.100+0000] {dag.py:3239} INFO - Sync 1 DAGs
[2025-03-13T17:45:46.128+0000] {logging_mixin.py:190} INFO - [2025-03-13T17:45:46.128+0000] {dag.py:4180} INFO - Setting next_dagrun for example_weekday_branch_operator to 2025-03-12 00:00:00+00:00, run_after=2025-03-13 00:00:00+00:00
[2025-03-13T17:45:46.181+0000] {processor.py:208} INFO - Processing /root/venv/lib/python3.12/site-packages/airflow/example_dags/example_branch_day_of_week_operator.py took 0.129 seconds
[2025-03-13T17:46:50.944+0000] {processor.py:186} INFO - Started process (PID=1659924) to work on /root/venv/lib/python3.12/site-packages/airflow/example_dags/example_branch_day_of_week_operator.py
[2025-03-13T17:46:50.945+0000] {processor.py:914} INFO - Processing file /root/venv/lib/python3.12/site-packages/airflow/example_dags/example_branch_day_of_week_operator.py for tasks to queue
[2025-03-13T17:46:50.948+0000] {logging_mixin.py:190} INFO - [2025-03-13T17:46:50.947+0000] {dagbag.py:588} INFO - Filling up the DagBag from /root/venv/lib/python3.12/site-packages/airflow/example_dags/example_branch_day_of_week_operator.py
[2025-03-13T17:46:50.959+0000] {processor.py:925} INFO - DAG(s) 'example_weekday_branch_operator' retrieved from /root/venv/lib/python3.12/site-packages/airflow/example_dags/example_branch_day_of_week_operator.py
[2025-03-13T17:46:50.981+0000] {logging_mixin.py:190} INFO - [2025-03-13T17:46:50.980+0000] {dag.py:3239} INFO - Sync 1 DAGs
[2025-03-13T17:46:51.010+0000] {logging_mixin.py:190} INFO - [2025-03-13T17:46:51.009+0000] {dag.py:4180} INFO - Setting next_dagrun for example_weekday_branch_operator to 2025-03-12 00:00:00+00:00, run_after=2025-03-13 00:00:00+00:00
[2025-03-13T17:46:51.036+0000] {processor.py:208} INFO - Processing /root/venv/lib/python3.12/site-packages/airflow/example_dags/example_branch_day_of_week_operator.py took 0.100 seconds
[2025-03-13T17:47:49.320+0000] {processor.py:186} INFO - Started process (PID=1659988) to work on /root/venv/lib/python3.12/site-packages/airflow/example_dags/example_branch_day_of_week_operator.py
[2025-03-13T17:47:49.322+0000] {processor.py:914} INFO - Processing file /root/venv/lib/python3.12/site-packages/airflow/example_dags/example_branch_day_of_week_operator.py for tasks to queue
[2025-03-13T17:47:49.325+0000] {logging_mixin.py:190} INFO - [2025-03-13T17:47:49.325+0000] {dagbag.py:588} INFO - Filling up the DagBag from /root/venv/lib/python3.12/site-packages/airflow/example_dags/example_branch_day_of_week_operator.py
[2025-03-13T17:47:49.339+0000] {processor.py:925} INFO - DAG(s) 'example_weekday_branch_operator' retrieved from /root/venv/lib/python3.12/site-packages/airflow/example_dags/example_branch_day_of_week_operator.py
[2025-03-13T17:47:49.369+0000] {logging_mixin.py:190} INFO - [2025-03-13T17:47:49.368+0000] {dag.py:3239} INFO - Sync 1 DAGs
[2025-03-13T17:47:49.407+0000] {logging_mixin.py:190} INFO - [2025-03-13T17:47:49.407+0000] {dag.py:4180} INFO - Setting next_dagrun for example_weekday_branch_operator to 2025-03-12 00:00:00+00:00, run_after=2025-03-13 00:00:00+00:00
[2025-03-13T17:47:49.438+0000] {processor.py:208} INFO - Processing /root/venv/lib/python3.12/site-packages/airflow/example_dags/example_branch_day_of_week_operator.py took 0.129 seconds
[2025-03-13T17:48:51.039+0000] {processor.py:186} INFO - Started process (PID=1660051) to work on /root/venv/lib/python3.12/site-packages/airflow/example_dags/example_branch_day_of_week_operator.py
[2025-03-13T17:48:51.041+0000] {processor.py:914} INFO - Processing file /root/venv/lib/python3.12/site-packages/airflow/example_dags/example_branch_day_of_week_operator.py for tasks to queue
[2025-03-13T17:48:51.043+0000] {logging_mixin.py:190} INFO - [2025-03-13T17:48:51.043+0000] {dagbag.py:588} INFO - Filling up the DagBag from /root/venv/lib/python3.12/site-packages/airflow/example_dags/example_branch_day_of_week_operator.py
[2025-03-13T17:48:51.056+0000] {processor.py:925} INFO - DAG(s) 'example_weekday_branch_operator' retrieved from /root/venv/lib/python3.12/site-packages/airflow/example_dags/example_branch_day_of_week_operator.py
[2025-03-13T17:48:51.079+0000] {logging_mixin.py:190} INFO - [2025-03-13T17:48:51.079+0000] {dag.py:3239} INFO - Sync 1 DAGs
[2025-03-13T17:48:51.105+0000] {logging_mixin.py:190} INFO - [2025-03-13T17:48:51.104+0000] {dag.py:4180} INFO - Setting next_dagrun for example_weekday_branch_operator to 2025-03-12 00:00:00+00:00, run_after=2025-03-13 00:00:00+00:00
[2025-03-13T17:48:51.127+0000] {processor.py:208} INFO - Processing /root/venv/lib/python3.12/site-packages/airflow/example_dags/example_branch_day_of_week_operator.py took 0.095 seconds
[2025-03-13T17:49:53.647+0000] {processor.py:186} INFO - Started process (PID=1660113) to work on /root/venv/lib/python3.12/site-packages/airflow/example_dags/example_branch_day_of_week_operator.py
[2025-03-13T17:49:53.649+0000] {processor.py:914} INFO - Processing file /root/venv/lib/python3.12/site-packages/airflow/example_dags/example_branch_day_of_week_operator.py for tasks to queue
[2025-03-13T17:49:53.653+0000] {logging_mixin.py:190} INFO - [2025-03-13T17:49:53.652+0000] {dagbag.py:588} INFO - Filling up the DagBag from /root/venv/lib/python3.12/site-packages/airflow/example_dags/example_branch_day_of_week_operator.py
[2025-03-13T17:49:53.670+0000] {processor.py:925} INFO - DAG(s) 'example_weekday_branch_operator' retrieved from /root/venv/lib/python3.12/site-packages/airflow/example_dags/example_branch_day_of_week_operator.py
[2025-03-13T17:49:53.700+0000] {logging_mixin.py:190} INFO - [2025-03-13T17:49:53.699+0000] {dag.py:3239} INFO - Sync 1 DAGs
[2025-03-13T17:49:53.730+0000] {logging_mixin.py:190} INFO - [2025-03-13T17:49:53.729+0000] {dag.py:4180} INFO - Setting next_dagrun for example_weekday_branch_operator to 2025-03-12 00:00:00+00:00, run_after=2025-03-13 00:00:00+00:00
[2025-03-13T17:49:53.755+0000] {processor.py:208} INFO - Processing /root/venv/lib/python3.12/site-packages/airflow/example_dags/example_branch_day_of_week_operator.py took 0.120 seconds
[2025-03-13T17:50:57.296+0000] {processor.py:186} INFO - Started process (PID=1660183) to work on /root/venv/lib/python3.12/site-packages/airflow/example_dags/example_branch_day_of_week_operator.py
[2025-03-13T17:50:57.298+0000] {processor.py:914} INFO - Processing file /root/venv/lib/python3.12/site-packages/airflow/example_dags/example_branch_day_of_week_operator.py for tasks to queue
[2025-03-13T17:50:57.302+0000] {logging_mixin.py:190} INFO - [2025-03-13T17:50:57.302+0000] {dagbag.py:588} INFO - Filling up the DagBag from /root/venv/lib/python3.12/site-packages/airflow/example_dags/example_branch_day_of_week_operator.py
[2025-03-13T17:50:57.320+0000] {processor.py:925} INFO - DAG(s) 'example_weekday_branch_operator' retrieved from /root/venv/lib/python3.12/site-packages/airflow/example_dags/example_branch_day_of_week_operator.py
[2025-03-13T17:50:57.346+0000] {logging_mixin.py:190} INFO - [2025-03-13T17:50:57.346+0000] {dag.py:3239} INFO - Sync 1 DAGs
[2025-03-13T17:50:57.376+0000] {logging_mixin.py:190} INFO - [2025-03-13T17:50:57.376+0000] {dag.py:4180} INFO - Setting next_dagrun for example_weekday_branch_operator to 2025-03-12 00:00:00+00:00, run_after=2025-03-13 00:00:00+00:00
[2025-03-13T17:50:57.412+0000] {processor.py:208} INFO - Processing /root/venv/lib/python3.12/site-packages/airflow/example_dags/example_branch_day_of_week_operator.py took 0.126 seconds
[2025-03-13T17:52:02.066+0000] {processor.py:186} INFO - Started process (PID=1660245) to work on /root/venv/lib/python3.12/site-packages/airflow/example_dags/example_branch_day_of_week_operator.py
[2025-03-13T17:52:02.068+0000] {processor.py:914} INFO - Processing file /root/venv/lib/python3.12/site-packages/airflow/example_dags/example_branch_day_of_week_operator.py for tasks to queue
[2025-03-13T17:52:02.072+0000] {logging_mixin.py:190} INFO - [2025-03-13T17:52:02.071+0000] {dagbag.py:588} INFO - Filling up the DagBag from /root/venv/lib/python3.12/site-packages/airflow/example_dags/example_branch_day_of_week_operator.py
[2025-03-13T17:52:02.088+0000] {processor.py:925} INFO - DAG(s) 'example_weekday_branch_operator' retrieved from /root/venv/lib/python3.12/site-packages/airflow/example_dags/example_branch_day_of_week_operator.py
[2025-03-13T17:52:02.113+0000] {logging_mixin.py:190} INFO - [2025-03-13T17:52:02.113+0000] {dag.py:3239} INFO - Sync 1 DAGs
[2025-03-13T17:52:02.148+0000] {logging_mixin.py:190} INFO - [2025-03-13T17:52:02.148+0000] {dag.py:4180} INFO - Setting next_dagrun for example_weekday_branch_operator to 2025-03-12 00:00:00+00:00, run_after=2025-03-13 00:00:00+00:00
[2025-03-13T17:52:02.183+0000] {processor.py:208} INFO - Processing /root/venv/lib/python3.12/site-packages/airflow/example_dags/example_branch_day_of_week_operator.py took 0.126 seconds
[2025-03-13T17:53:04.646+0000] {processor.py:186} INFO - Started process (PID=1660308) to work on /root/venv/lib/python3.12/site-packages/airflow/example_dags/example_branch_day_of_week_operator.py
[2025-03-13T17:53:04.648+0000] {processor.py:914} INFO - Processing file /root/venv/lib/python3.12/site-packages/airflow/example_dags/example_branch_day_of_week_operator.py for tasks to queue
[2025-03-13T17:53:04.650+0000] {logging_mixin.py:190} INFO - [2025-03-13T17:53:04.650+0000] {dagbag.py:588} INFO - Filling up the DagBag from /root/venv/lib/python3.12/site-packages/airflow/example_dags/example_branch_day_of_week_operator.py
[2025-03-13T17:53:04.662+0000] {processor.py:925} INFO - DAG(s) 'example_weekday_branch_operator' retrieved from /root/venv/lib/python3.12/site-packages/airflow/example_dags/example_branch_day_of_week_operator.py
[2025-03-13T17:53:04.684+0000] {logging_mixin.py:190} INFO - [2025-03-13T17:53:04.684+0000] {dag.py:3239} INFO - Sync 1 DAGs
[2025-03-13T17:53:04.709+0000] {logging_mixin.py:190} INFO - [2025-03-13T17:53:04.709+0000] {dag.py:4180} INFO - Setting next_dagrun for example_weekday_branch_operator to 2025-03-12 00:00:00+00:00, run_after=2025-03-13 00:00:00+00:00
[2025-03-13T17:53:04.733+0000] {processor.py:208} INFO - Processing /root/venv/lib/python3.12/site-packages/airflow/example_dags/example_branch_day_of_week_operator.py took 0.094 seconds
[2025-03-13T17:54:06.385+0000] {processor.py:186} INFO - Started process (PID=1660371) to work on /root/venv/lib/python3.12/site-packages/airflow/example_dags/example_branch_day_of_week_operator.py
[2025-03-13T17:54:06.387+0000] {processor.py:914} INFO - Processing file /root/venv/lib/python3.12/site-packages/airflow/example_dags/example_branch_day_of_week_operator.py for tasks to queue
[2025-03-13T17:54:06.391+0000] {logging_mixin.py:190} INFO - [2025-03-13T17:54:06.390+0000] {dagbag.py:588} INFO - Filling up the DagBag from /root/venv/lib/python3.12/site-packages/airflow/example_dags/example_branch_day_of_week_operator.py
[2025-03-13T17:54:06.407+0000] {processor.py:925} INFO - DAG(s) 'example_weekday_branch_operator' retrieved from /root/venv/lib/python3.12/site-packages/airflow/example_dags/example_branch_day_of_week_operator.py
[2025-03-13T17:54:06.433+0000] {logging_mixin.py:190} INFO - [2025-03-13T17:54:06.432+0000] {dag.py:3239} INFO - Sync 1 DAGs
[2025-03-13T17:54:06.464+0000] {logging_mixin.py:190} INFO - [2025-03-13T17:54:06.463+0000] {dag.py:4180} INFO - Setting next_dagrun for example_weekday_branch_operator to 2025-03-12 00:00:00+00:00, run_after=2025-03-13 00:00:00+00:00
[2025-03-13T17:54:06.496+0000] {processor.py:208} INFO - Processing /root/venv/lib/python3.12/site-packages/airflow/example_dags/example_branch_day_of_week_operator.py took 0.120 seconds
[2025-03-13T17:55:09.338+0000] {processor.py:186} INFO - Started process (PID=1660436) to work on /root/venv/lib/python3.12/site-packages/airflow/example_dags/example_branch_day_of_week_operator.py
[2025-03-13T17:55:09.339+0000] {processor.py:914} INFO - Processing file /root/venv/lib/python3.12/site-packages/airflow/example_dags/example_branch_day_of_week_operator.py for tasks to queue
[2025-03-13T17:55:09.343+0000] {logging_mixin.py:190} INFO - [2025-03-13T17:55:09.342+0000] {dagbag.py:588} INFO - Filling up the DagBag from /root/venv/lib/python3.12/site-packages/airflow/example_dags/example_branch_day_of_week_operator.py
[2025-03-13T17:55:09.357+0000] {processor.py:925} INFO - DAG(s) 'example_weekday_branch_operator' retrieved from /root/venv/lib/python3.12/site-packages/airflow/example_dags/example_branch_day_of_week_operator.py
[2025-03-13T17:55:09.380+0000] {logging_mixin.py:190} INFO - [2025-03-13T17:55:09.380+0000] {dag.py:3239} INFO - Sync 1 DAGs
[2025-03-13T17:55:09.408+0000] {logging_mixin.py:190} INFO - [2025-03-13T17:55:09.408+0000] {dag.py:4180} INFO - Setting next_dagrun for example_weekday_branch_operator to 2025-03-12 00:00:00+00:00, run_after=2025-03-13 00:00:00+00:00
[2025-03-13T17:55:09.434+0000] {processor.py:208} INFO - Processing /root/venv/lib/python3.12/site-packages/airflow/example_dags/example_branch_day_of_week_operator.py took 0.105 seconds
[2025-03-13T17:57:15.459+0000] {processor.py:186} INFO - Started process (PID=1660594) to work on /root/venv/lib/python3.12/site-packages/airflow/example_dags/example_branch_day_of_week_operator.py
[2025-03-13T17:57:15.461+0000] {processor.py:914} INFO - Processing file /root/venv/lib/python3.12/site-packages/airflow/example_dags/example_branch_day_of_week_operator.py for tasks to queue
[2025-03-13T17:57:15.464+0000] {logging_mixin.py:190} INFO - [2025-03-13T17:57:15.464+0000] {dagbag.py:588} INFO - Filling up the DagBag from /root/venv/lib/python3.12/site-packages/airflow/example_dags/example_branch_day_of_week_operator.py
[2025-03-13T17:57:15.484+0000] {processor.py:925} INFO - DAG(s) 'example_weekday_branch_operator' retrieved from /root/venv/lib/python3.12/site-packages/airflow/example_dags/example_branch_day_of_week_operator.py
[2025-03-13T17:57:15.510+0000] {logging_mixin.py:190} INFO - [2025-03-13T17:57:15.510+0000] {dag.py:3239} INFO - Sync 1 DAGs
[2025-03-13T17:57:15.537+0000] {logging_mixin.py:190} INFO - [2025-03-13T17:57:15.536+0000] {dag.py:4180} INFO - Setting next_dagrun for example_weekday_branch_operator to 2025-03-12 00:00:00+00:00, run_after=2025-03-13 00:00:00+00:00
[2025-03-13T17:57:15.572+0000] {processor.py:208} INFO - Processing /root/venv/lib/python3.12/site-packages/airflow/example_dags/example_branch_day_of_week_operator.py took 0.122 seconds
[2025-03-13T17:58:15.133+0000] {processor.py:186} INFO - Started process (PID=1660660) to work on /root/venv/lib/python3.12/site-packages/airflow/example_dags/example_branch_day_of_week_operator.py
[2025-03-13T17:58:15.135+0000] {processor.py:914} INFO - Processing file /root/venv/lib/python3.12/site-packages/airflow/example_dags/example_branch_day_of_week_operator.py for tasks to queue
[2025-03-13T17:58:15.139+0000] {logging_mixin.py:190} INFO - [2025-03-13T17:58:15.138+0000] {dagbag.py:588} INFO - Filling up the DagBag from /root/venv/lib/python3.12/site-packages/airflow/example_dags/example_branch_day_of_week_operator.py
[2025-03-13T17:58:15.157+0000] {processor.py:925} INFO - DAG(s) 'example_weekday_branch_operator' retrieved from /root/venv/lib/python3.12/site-packages/airflow/example_dags/example_branch_day_of_week_operator.py
[2025-03-13T17:58:15.186+0000] {logging_mixin.py:190} INFO - [2025-03-13T17:58:15.186+0000] {dag.py:3239} INFO - Sync 1 DAGs
[2025-03-13T17:58:15.220+0000] {logging_mixin.py:190} INFO - [2025-03-13T17:58:15.220+0000] {dag.py:4180} INFO - Setting next_dagrun for example_weekday_branch_operator to 2025-03-12 00:00:00+00:00, run_after=2025-03-13 00:00:00+00:00
[2025-03-13T17:58:15.249+0000] {processor.py:208} INFO - Processing /root/venv/lib/python3.12/site-packages/airflow/example_dags/example_branch_day_of_week_operator.py took 0.126 seconds
[2025-03-13T17:59:14.147+0000] {processor.py:186} INFO - Started process (PID=1660724) to work on /root/venv/lib/python3.12/site-packages/airflow/example_dags/example_branch_day_of_week_operator.py
[2025-03-13T17:59:14.149+0000] {processor.py:914} INFO - Processing file /root/venv/lib/python3.12/site-packages/airflow/example_dags/example_branch_day_of_week_operator.py for tasks to queue
[2025-03-13T17:59:14.151+0000] {logging_mixin.py:190} INFO - [2025-03-13T17:59:14.151+0000] {dagbag.py:588} INFO - Filling up the DagBag from /root/venv/lib/python3.12/site-packages/airflow/example_dags/example_branch_day_of_week_operator.py
[2025-03-13T17:59:14.164+0000] {processor.py:925} INFO - DAG(s) 'example_weekday_branch_operator' retrieved from /root/venv/lib/python3.12/site-packages/airflow/example_dags/example_branch_day_of_week_operator.py
[2025-03-13T17:59:14.183+0000] {logging_mixin.py:190} INFO - [2025-03-13T17:59:14.183+0000] {dag.py:3239} INFO - Sync 1 DAGs
[2025-03-13T17:59:14.206+0000] {logging_mixin.py:190} INFO - [2025-03-13T17:59:14.206+0000] {dag.py:4180} INFO - Setting next_dagrun for example_weekday_branch_operator to 2025-03-12 00:00:00+00:00, run_after=2025-03-13 00:00:00+00:00
[2025-03-13T17:59:14.227+0000] {processor.py:208} INFO - Processing /root/venv/lib/python3.12/site-packages/airflow/example_dags/example_branch_day_of_week_operator.py took 0.087 seconds
[2025-03-13T18:00:15.553+0000] {processor.py:186} INFO - Started process (PID=1660791) to work on /root/venv/lib/python3.12/site-packages/airflow/example_dags/example_branch_day_of_week_operator.py
[2025-03-13T18:00:15.555+0000] {processor.py:914} INFO - Processing file /root/venv/lib/python3.12/site-packages/airflow/example_dags/example_branch_day_of_week_operator.py for tasks to queue
[2025-03-13T18:00:15.558+0000] {logging_mixin.py:190} INFO - [2025-03-13T18:00:15.558+0000] {dagbag.py:588} INFO - Filling up the DagBag from /root/venv/lib/python3.12/site-packages/airflow/example_dags/example_branch_day_of_week_operator.py
[2025-03-13T18:00:15.572+0000] {processor.py:925} INFO - DAG(s) 'example_weekday_branch_operator' retrieved from /root/venv/lib/python3.12/site-packages/airflow/example_dags/example_branch_day_of_week_operator.py
[2025-03-13T18:00:15.594+0000] {logging_mixin.py:190} INFO - [2025-03-13T18:00:15.594+0000] {dag.py:3239} INFO - Sync 1 DAGs
[2025-03-13T18:00:15.619+0000] {logging_mixin.py:190} INFO - [2025-03-13T18:00:15.619+0000] {dag.py:4180} INFO - Setting next_dagrun for example_weekday_branch_operator to 2025-03-12 00:00:00+00:00, run_after=2025-03-13 00:00:00+00:00
[2025-03-13T18:00:15.658+0000] {processor.py:208} INFO - Processing /root/venv/lib/python3.12/site-packages/airflow/example_dags/example_branch_day_of_week_operator.py took 0.112 seconds
[2025-03-13T18:01:49.346+0000] {processor.py:186} INFO - Started process (PID=1660894) to work on /root/venv/lib/python3.12/site-packages/airflow/example_dags/example_branch_day_of_week_operator.py
[2025-03-13T18:01:49.348+0000] {processor.py:914} INFO - Processing file /root/venv/lib/python3.12/site-packages/airflow/example_dags/example_branch_day_of_week_operator.py for tasks to queue
[2025-03-13T18:01:49.352+0000] {logging_mixin.py:190} INFO - [2025-03-13T18:01:49.351+0000] {dagbag.py:588} INFO - Filling up the DagBag from /root/venv/lib/python3.12/site-packages/airflow/example_dags/example_branch_day_of_week_operator.py
[2025-03-13T18:01:49.368+0000] {processor.py:925} INFO - DAG(s) 'example_weekday_branch_operator' retrieved from /root/venv/lib/python3.12/site-packages/airflow/example_dags/example_branch_day_of_week_operator.py
[2025-03-13T18:01:49.400+0000] {logging_mixin.py:190} INFO - [2025-03-13T18:01:49.400+0000] {dag.py:3239} INFO - Sync 1 DAGs
[2025-03-13T18:01:49.438+0000] {logging_mixin.py:190} INFO - [2025-03-13T18:01:49.438+0000] {dag.py:4180} INFO - Setting next_dagrun for example_weekday_branch_operator to 2025-03-12 00:00:00+00:00, run_after=2025-03-13 00:00:00+00:00
[2025-03-13T18:01:49.473+0000] {processor.py:208} INFO - Processing /root/venv/lib/python3.12/site-packages/airflow/example_dags/example_branch_day_of_week_operator.py took 0.136 seconds
[2025-03-13T18:02:50.622+0000] {processor.py:186} INFO - Started process (PID=1660964) to work on /root/venv/lib/python3.12/site-packages/airflow/example_dags/example_branch_day_of_week_operator.py
[2025-03-13T18:02:50.624+0000] {processor.py:914} INFO - Processing file /root/venv/lib/python3.12/site-packages/airflow/example_dags/example_branch_day_of_week_operator.py for tasks to queue
[2025-03-13T18:02:50.628+0000] {logging_mixin.py:190} INFO - [2025-03-13T18:02:50.627+0000] {dagbag.py:588} INFO - Filling up the DagBag from /root/venv/lib/python3.12/site-packages/airflow/example_dags/example_branch_day_of_week_operator.py
[2025-03-13T18:02:50.646+0000] {processor.py:925} INFO - DAG(s) 'example_weekday_branch_operator' retrieved from /root/venv/lib/python3.12/site-packages/airflow/example_dags/example_branch_day_of_week_operator.py
[2025-03-13T18:02:50.678+0000] {logging_mixin.py:190} INFO - [2025-03-13T18:02:50.678+0000] {dag.py:3239} INFO - Sync 1 DAGs
[2025-03-13T18:02:50.716+0000] {logging_mixin.py:190} INFO - [2025-03-13T18:02:50.715+0000] {dag.py:4180} INFO - Setting next_dagrun for example_weekday_branch_operator to 2025-03-12 00:00:00+00:00, run_after=2025-03-13 00:00:00+00:00
[2025-03-13T18:02:50.741+0000] {processor.py:208} INFO - Processing /root/venv/lib/python3.12/site-packages/airflow/example_dags/example_branch_day_of_week_operator.py took 0.129 seconds
[2025-03-13T18:03:57.626+0000] {processor.py:186} INFO - Started process (PID=1661032) to work on /root/venv/lib/python3.12/site-packages/airflow/example_dags/example_branch_day_of_week_operator.py
[2025-03-13T18:03:57.628+0000] {processor.py:914} INFO - Processing file /root/venv/lib/python3.12/site-packages/airflow/example_dags/example_branch_day_of_week_operator.py for tasks to queue
[2025-03-13T18:03:57.631+0000] {logging_mixin.py:190} INFO - [2025-03-13T18:03:57.630+0000] {dagbag.py:588} INFO - Filling up the DagBag from /root/venv/lib/python3.12/site-packages/airflow/example_dags/example_branch_day_of_week_operator.py
[2025-03-13T18:03:57.648+0000] {processor.py:925} INFO - DAG(s) 'example_weekday_branch_operator' retrieved from /root/venv/lib/python3.12/site-packages/airflow/example_dags/example_branch_day_of_week_operator.py
[2025-03-13T18:03:57.678+0000] {logging_mixin.py:190} INFO - [2025-03-13T18:03:57.677+0000] {dag.py:3239} INFO - Sync 1 DAGs
[2025-03-13T18:03:57.905+0000] {logging_mixin.py:190} INFO - [2025-03-13T18:03:57.905+0000] {dag.py:4180} INFO - Setting next_dagrun for example_weekday_branch_operator to 2025-03-12 00:00:00+00:00, run_after=2025-03-13 00:00:00+00:00
[2025-03-13T18:03:57.934+0000] {processor.py:208} INFO - Processing /root/venv/lib/python3.12/site-packages/airflow/example_dags/example_branch_day_of_week_operator.py took 0.318 seconds
[2025-03-13T18:05:17.776+0000] {processor.py:186} INFO - Started process (PID=1661107) to work on /root/venv/lib/python3.12/site-packages/airflow/example_dags/example_branch_day_of_week_operator.py
[2025-03-13T18:05:17.777+0000] {processor.py:914} INFO - Processing file /root/venv/lib/python3.12/site-packages/airflow/example_dags/example_branch_day_of_week_operator.py for tasks to queue
[2025-03-13T18:05:17.780+0000] {logging_mixin.py:190} INFO - [2025-03-13T18:05:17.779+0000] {dagbag.py:588} INFO - Filling up the DagBag from /root/venv/lib/python3.12/site-packages/airflow/example_dags/example_branch_day_of_week_operator.py
[2025-03-13T18:05:17.793+0000] {processor.py:925} INFO - DAG(s) 'example_weekday_branch_operator' retrieved from /root/venv/lib/python3.12/site-packages/airflow/example_dags/example_branch_day_of_week_operator.py
[2025-03-13T18:05:17.813+0000] {logging_mixin.py:190} INFO - [2025-03-13T18:05:17.813+0000] {dag.py:3239} INFO - Sync 1 DAGs
[2025-03-13T18:05:17.838+0000] {logging_mixin.py:190} INFO - [2025-03-13T18:05:17.837+0000] {dag.py:4180} INFO - Setting next_dagrun for example_weekday_branch_operator to 2025-03-12 00:00:00+00:00, run_after=2025-03-13 00:00:00+00:00
[2025-03-13T18:05:17.861+0000] {processor.py:208} INFO - Processing /root/venv/lib/python3.12/site-packages/airflow/example_dags/example_branch_day_of_week_operator.py took 0.093 seconds
[2025-03-13T18:06:24.178+0000] {processor.py:186} INFO - Started process (PID=1661176) to work on /root/venv/lib/python3.12/site-packages/airflow/example_dags/example_branch_day_of_week_operator.py
[2025-03-13T18:06:24.180+0000] {processor.py:914} INFO - Processing file /root/venv/lib/python3.12/site-packages/airflow/example_dags/example_branch_day_of_week_operator.py for tasks to queue
[2025-03-13T18:06:24.183+0000] {logging_mixin.py:190} INFO - [2025-03-13T18:06:24.182+0000] {dagbag.py:588} INFO - Filling up the DagBag from /root/venv/lib/python3.12/site-packages/airflow/example_dags/example_branch_day_of_week_operator.py
[2025-03-13T18:06:24.196+0000] {processor.py:925} INFO - DAG(s) 'example_weekday_branch_operator' retrieved from /root/venv/lib/python3.12/site-packages/airflow/example_dags/example_branch_day_of_week_operator.py
[2025-03-13T18:06:24.217+0000] {logging_mixin.py:190} INFO - [2025-03-13T18:06:24.217+0000] {dag.py:3239} INFO - Sync 1 DAGs
[2025-03-13T18:06:24.242+0000] {logging_mixin.py:190} INFO - [2025-03-13T18:06:24.242+0000] {dag.py:4180} INFO - Setting next_dagrun for example_weekday_branch_operator to 2025-03-12 00:00:00+00:00, run_after=2025-03-13 00:00:00+00:00
[2025-03-13T18:06:24.265+0000] {processor.py:208} INFO - Processing /root/venv/lib/python3.12/site-packages/airflow/example_dags/example_branch_day_of_week_operator.py took 0.095 seconds
[2025-03-13T18:07:36.185+0000] {processor.py:186} INFO - Started process (PID=1661258) to work on /root/venv/lib/python3.12/site-packages/airflow/example_dags/example_branch_day_of_week_operator.py
[2025-03-13T18:07:36.187+0000] {processor.py:914} INFO - Processing file /root/venv/lib/python3.12/site-packages/airflow/example_dags/example_branch_day_of_week_operator.py for tasks to queue
[2025-03-13T18:07:36.190+0000] {logging_mixin.py:190} INFO - [2025-03-13T18:07:36.190+0000] {dagbag.py:588} INFO - Filling up the DagBag from /root/venv/lib/python3.12/site-packages/airflow/example_dags/example_branch_day_of_week_operator.py
[2025-03-13T18:07:36.204+0000] {processor.py:925} INFO - DAG(s) 'example_weekday_branch_operator' retrieved from /root/venv/lib/python3.12/site-packages/airflow/example_dags/example_branch_day_of_week_operator.py
[2025-03-13T18:07:36.226+0000] {logging_mixin.py:190} INFO - [2025-03-13T18:07:36.225+0000] {dag.py:3239} INFO - Sync 1 DAGs
[2025-03-13T18:07:36.253+0000] {logging_mixin.py:190} INFO - [2025-03-13T18:07:36.253+0000] {dag.py:4180} INFO - Setting next_dagrun for example_weekday_branch_operator to 2025-03-12 00:00:00+00:00, run_after=2025-03-13 00:00:00+00:00
[2025-03-13T18:07:36.288+0000] {processor.py:208} INFO - Processing /root/venv/lib/python3.12/site-packages/airflow/example_dags/example_branch_day_of_week_operator.py took 0.112 seconds
[2025-03-13T18:08:42.384+0000] {processor.py:186} INFO - Started process (PID=1661335) to work on /root/venv/lib/python3.12/site-packages/airflow/example_dags/example_branch_day_of_week_operator.py
[2025-03-13T18:08:42.385+0000] {processor.py:914} INFO - Processing file /root/venv/lib/python3.12/site-packages/airflow/example_dags/example_branch_day_of_week_operator.py for tasks to queue
[2025-03-13T18:08:42.390+0000] {logging_mixin.py:190} INFO - [2025-03-13T18:08:42.389+0000] {dagbag.py:588} INFO - Filling up the DagBag from /root/venv/lib/python3.12/site-packages/airflow/example_dags/example_branch_day_of_week_operator.py
[2025-03-13T18:08:42.407+0000] {processor.py:925} INFO - DAG(s) 'example_weekday_branch_operator' retrieved from /root/venv/lib/python3.12/site-packages/airflow/example_dags/example_branch_day_of_week_operator.py
[2025-03-13T18:08:42.429+0000] {logging_mixin.py:190} INFO - [2025-03-13T18:08:42.428+0000] {dag.py:3239} INFO - Sync 1 DAGs
[2025-03-13T18:08:42.451+0000] {logging_mixin.py:190} INFO - [2025-03-13T18:08:42.451+0000] {dag.py:4180} INFO - Setting next_dagrun for example_weekday_branch_operator to 2025-03-12 00:00:00+00:00, run_after=2025-03-13 00:00:00+00:00
[2025-03-13T18:08:42.472+0000] {processor.py:208} INFO - Processing /root/venv/lib/python3.12/site-packages/airflow/example_dags/example_branch_day_of_week_operator.py took 0.096 seconds
[2025-03-13T18:09:44.661+0000] {processor.py:186} INFO - Started process (PID=1661400) to work on /root/venv/lib/python3.12/site-packages/airflow/example_dags/example_branch_day_of_week_operator.py
[2025-03-13T18:09:44.663+0000] {processor.py:914} INFO - Processing file /root/venv/lib/python3.12/site-packages/airflow/example_dags/example_branch_day_of_week_operator.py for tasks to queue
[2025-03-13T18:09:44.667+0000] {logging_mixin.py:190} INFO - [2025-03-13T18:09:44.666+0000] {dagbag.py:588} INFO - Filling up the DagBag from /root/venv/lib/python3.12/site-packages/airflow/example_dags/example_branch_day_of_week_operator.py
[2025-03-13T18:09:44.682+0000] {processor.py:925} INFO - DAG(s) 'example_weekday_branch_operator' retrieved from /root/venv/lib/python3.12/site-packages/airflow/example_dags/example_branch_day_of_week_operator.py
[2025-03-13T18:09:44.706+0000] {logging_mixin.py:190} INFO - [2025-03-13T18:09:44.705+0000] {dag.py:3239} INFO - Sync 1 DAGs
[2025-03-13T18:09:44.736+0000] {logging_mixin.py:190} INFO - [2025-03-13T18:09:44.736+0000] {dag.py:4180} INFO - Setting next_dagrun for example_weekday_branch_operator to 2025-03-12 00:00:00+00:00, run_after=2025-03-13 00:00:00+00:00
[2025-03-13T18:09:44.768+0000] {processor.py:208} INFO - Processing /root/venv/lib/python3.12/site-packages/airflow/example_dags/example_branch_day_of_week_operator.py took 0.117 seconds
[2025-03-13T18:10:47.636+0000] {processor.py:186} INFO - Started process (PID=1661470) to work on /root/venv/lib/python3.12/site-packages/airflow/example_dags/example_branch_day_of_week_operator.py
[2025-03-13T18:10:47.637+0000] {processor.py:914} INFO - Processing file /root/venv/lib/python3.12/site-packages/airflow/example_dags/example_branch_day_of_week_operator.py for tasks to queue
[2025-03-13T18:10:47.640+0000] {logging_mixin.py:190} INFO - [2025-03-13T18:10:47.639+0000] {dagbag.py:588} INFO - Filling up the DagBag from /root/venv/lib/python3.12/site-packages/airflow/example_dags/example_branch_day_of_week_operator.py
[2025-03-13T18:10:47.653+0000] {processor.py:925} INFO - DAG(s) 'example_weekday_branch_operator' retrieved from /root/venv/lib/python3.12/site-packages/airflow/example_dags/example_branch_day_of_week_operator.py
[2025-03-13T18:10:47.673+0000] {logging_mixin.py:190} INFO - [2025-03-13T18:10:47.673+0000] {dag.py:3239} INFO - Sync 1 DAGs
[2025-03-13T18:10:47.697+0000] {logging_mixin.py:190} INFO - [2025-03-13T18:10:47.697+0000] {dag.py:4180} INFO - Setting next_dagrun for example_weekday_branch_operator to 2025-03-12 00:00:00+00:00, run_after=2025-03-13 00:00:00+00:00
[2025-03-13T18:10:47.720+0000] {processor.py:208} INFO - Processing /root/venv/lib/python3.12/site-packages/airflow/example_dags/example_branch_day_of_week_operator.py took 0.092 seconds
[2025-03-13T18:11:54.807+0000] {processor.py:186} INFO - Started process (PID=1661536) to work on /root/venv/lib/python3.12/site-packages/airflow/example_dags/example_branch_day_of_week_operator.py
[2025-03-13T18:11:54.809+0000] {processor.py:914} INFO - Processing file /root/venv/lib/python3.12/site-packages/airflow/example_dags/example_branch_day_of_week_operator.py for tasks to queue
[2025-03-13T18:11:54.811+0000] {logging_mixin.py:190} INFO - [2025-03-13T18:11:54.811+0000] {dagbag.py:588} INFO - Filling up the DagBag from /root/venv/lib/python3.12/site-packages/airflow/example_dags/example_branch_day_of_week_operator.py
[2025-03-13T18:11:54.827+0000] {processor.py:925} INFO - DAG(s) 'example_weekday_branch_operator' retrieved from /root/venv/lib/python3.12/site-packages/airflow/example_dags/example_branch_day_of_week_operator.py
[2025-03-13T18:11:54.852+0000] {logging_mixin.py:190} INFO - [2025-03-13T18:11:54.852+0000] {dag.py:3239} INFO - Sync 1 DAGs
[2025-03-13T18:11:54.882+0000] {logging_mixin.py:190} INFO - [2025-03-13T18:11:54.882+0000] {dag.py:4180} INFO - Setting next_dagrun for example_weekday_branch_operator to 2025-03-12 00:00:00+00:00, run_after=2025-03-13 00:00:00+00:00
[2025-03-13T18:11:54.911+0000] {processor.py:208} INFO - Processing /root/venv/lib/python3.12/site-packages/airflow/example_dags/example_branch_day_of_week_operator.py took 0.116 seconds
[2025-03-13T18:13:01.167+0000] {processor.py:186} INFO - Started process (PID=1661616) to work on /root/venv/lib/python3.12/site-packages/airflow/example_dags/example_branch_day_of_week_operator.py
[2025-03-13T18:13:01.170+0000] {processor.py:914} INFO - Processing file /root/venv/lib/python3.12/site-packages/airflow/example_dags/example_branch_day_of_week_operator.py for tasks to queue
[2025-03-13T18:13:01.173+0000] {logging_mixin.py:190} INFO - [2025-03-13T18:13:01.172+0000] {dagbag.py:588} INFO - Filling up the DagBag from /root/venv/lib/python3.12/site-packages/airflow/example_dags/example_branch_day_of_week_operator.py
[2025-03-13T18:13:01.194+0000] {processor.py:925} INFO - DAG(s) 'example_weekday_branch_operator' retrieved from /root/venv/lib/python3.12/site-packages/airflow/example_dags/example_branch_day_of_week_operator.py
[2025-03-13T18:13:01.232+0000] {logging_mixin.py:190} INFO - [2025-03-13T18:13:01.231+0000] {dag.py:3239} INFO - Sync 1 DAGs
[2025-03-13T18:13:01.280+0000] {logging_mixin.py:190} INFO - [2025-03-13T18:13:01.279+0000] {dag.py:4180} INFO - Setting next_dagrun for example_weekday_branch_operator to 2025-03-12 00:00:00+00:00, run_after=2025-03-13 00:00:00+00:00
[2025-03-13T18:13:01.321+0000] {processor.py:208} INFO - Processing /root/venv/lib/python3.12/site-packages/airflow/example_dags/example_branch_day_of_week_operator.py took 0.167 seconds
[2025-03-13T18:14:06.925+0000] {processor.py:186} INFO - Started process (PID=1661684) to work on /root/venv/lib/python3.12/site-packages/airflow/example_dags/example_branch_day_of_week_operator.py
[2025-03-13T18:14:06.927+0000] {processor.py:914} INFO - Processing file /root/venv/lib/python3.12/site-packages/airflow/example_dags/example_branch_day_of_week_operator.py for tasks to queue
[2025-03-13T18:14:06.929+0000] {logging_mixin.py:190} INFO - [2025-03-13T18:14:06.928+0000] {dagbag.py:588} INFO - Filling up the DagBag from /root/venv/lib/python3.12/site-packages/airflow/example_dags/example_branch_day_of_week_operator.py
[2025-03-13T18:14:06.943+0000] {processor.py:925} INFO - DAG(s) 'example_weekday_branch_operator' retrieved from /root/venv/lib/python3.12/site-packages/airflow/example_dags/example_branch_day_of_week_operator.py
[2025-03-13T18:14:06.966+0000] {logging_mixin.py:190} INFO - [2025-03-13T18:14:06.966+0000] {dag.py:3239} INFO - Sync 1 DAGs
[2025-03-13T18:14:06.993+0000] {logging_mixin.py:190} INFO - [2025-03-13T18:14:06.993+0000] {dag.py:4180} INFO - Setting next_dagrun for example_weekday_branch_operator to 2025-03-12 00:00:00+00:00, run_after=2025-03-13 00:00:00+00:00
[2025-03-13T18:14:07.025+0000] {processor.py:208} INFO - Processing /root/venv/lib/python3.12/site-packages/airflow/example_dags/example_branch_day_of_week_operator.py took 0.108 seconds
[2025-03-13T18:15:17.715+0000] {processor.py:186} INFO - Started process (PID=1661761) to work on /root/venv/lib/python3.12/site-packages/airflow/example_dags/example_branch_day_of_week_operator.py
[2025-03-13T18:15:17.717+0000] {processor.py:914} INFO - Processing file /root/venv/lib/python3.12/site-packages/airflow/example_dags/example_branch_day_of_week_operator.py for tasks to queue
[2025-03-13T18:15:17.719+0000] {logging_mixin.py:190} INFO - [2025-03-13T18:15:17.718+0000] {dagbag.py:588} INFO - Filling up the DagBag from /root/venv/lib/python3.12/site-packages/airflow/example_dags/example_branch_day_of_week_operator.py
[2025-03-13T18:15:17.731+0000] {processor.py:925} INFO - DAG(s) 'example_weekday_branch_operator' retrieved from /root/venv/lib/python3.12/site-packages/airflow/example_dags/example_branch_day_of_week_operator.py
[2025-03-13T18:15:17.753+0000] {logging_mixin.py:190} INFO - [2025-03-13T18:15:17.753+0000] {dag.py:3239} INFO - Sync 1 DAGs
[2025-03-13T18:15:17.782+0000] {logging_mixin.py:190} INFO - [2025-03-13T18:15:17.781+0000] {dag.py:4180} INFO - Setting next_dagrun for example_weekday_branch_operator to 2025-03-12 00:00:00+00:00, run_after=2025-03-13 00:00:00+00:00
[2025-03-13T18:15:17.804+0000] {processor.py:208} INFO - Processing /root/venv/lib/python3.12/site-packages/airflow/example_dags/example_branch_day_of_week_operator.py took 0.096 seconds
[2025-03-13T19:39:55.338+0000] {processor.py:186} INFO - Started process (PID=1662418) to work on /root/venv/lib/python3.12/site-packages/airflow/example_dags/example_branch_day_of_week_operator.py
[2025-03-13T19:39:55.340+0000] {processor.py:914} INFO - Processing file /root/venv/lib/python3.12/site-packages/airflow/example_dags/example_branch_day_of_week_operator.py for tasks to queue
[2025-03-13T19:39:55.343+0000] {logging_mixin.py:190} INFO - [2025-03-13T19:39:55.342+0000] {dagbag.py:588} INFO - Filling up the DagBag from /root/venv/lib/python3.12/site-packages/airflow/example_dags/example_branch_day_of_week_operator.py
[2025-03-13T19:39:55.357+0000] {processor.py:925} INFO - DAG(s) 'example_weekday_branch_operator' retrieved from /root/venv/lib/python3.12/site-packages/airflow/example_dags/example_branch_day_of_week_operator.py
[2025-03-13T19:39:55.381+0000] {logging_mixin.py:190} INFO - [2025-03-13T19:39:55.380+0000] {dag.py:3239} INFO - Sync 1 DAGs
[2025-03-13T19:39:55.407+0000] {logging_mixin.py:190} INFO - [2025-03-13T19:39:55.406+0000] {dag.py:4180} INFO - Setting next_dagrun for example_weekday_branch_operator to 2025-03-12 00:00:00+00:00, run_after=2025-03-13 00:00:00+00:00
[2025-03-13T19:39:55.435+0000] {processor.py:208} INFO - Processing /root/venv/lib/python3.12/site-packages/airflow/example_dags/example_branch_day_of_week_operator.py took 0.105 seconds
