[2025-03-13T17:30:47.540+0000] {processor.py:186} INFO - Started process (PID=1658844) to work on /root/venv/lib/python3.12/site-packages/airflow/example_dags/tutorial_dag.py
[2025-03-13T17:30:47.541+0000] {processor.py:914} INFO - Processing file /root/venv/lib/python3.12/site-packages/airflow/example_dags/tutorial_dag.py for tasks to queue
[2025-03-13T17:30:47.543+0000] {logging_mixin.py:190} INFO - [2025-03-13T17:30:47.542+0000] {dagbag.py:588} INFO - Filling up the DagBag from /root/venv/lib/python3.12/site-packages/airflow/example_dags/tutorial_dag.py
[2025-03-13T17:30:47.553+0000] {processor.py:925} INFO - DAG(s) 'tutorial_dag' retrieved from /root/venv/lib/python3.12/site-packages/airflow/example_dags/tutorial_dag.py
[2025-03-13T17:30:47.677+0000] {logging_mixin.py:190} INFO - [2025-03-13T17:30:47.676+0000] {dag.py:3239} INFO - Sync 1 DAGs
[2025-03-13T17:30:47.687+0000] {logging_mixin.py:190} INFO - [2025-03-13T17:30:47.687+0000] {dag.py:4180} INFO - Setting next_dagrun for tutorial_dag to None, run_after=None
[2025-03-13T17:30:47.716+0000] {processor.py:208} INFO - Processing /root/venv/lib/python3.12/site-packages/airflow/example_dags/tutorial_dag.py took 0.183 seconds
[2025-03-13T17:31:56.237+0000] {processor.py:186} INFO - Started process (PID=1658907) to work on /root/venv/lib/python3.12/site-packages/airflow/example_dags/tutorial_dag.py
[2025-03-13T17:31:56.238+0000] {processor.py:914} INFO - Processing file /root/venv/lib/python3.12/site-packages/airflow/example_dags/tutorial_dag.py for tasks to queue
[2025-03-13T17:31:56.241+0000] {logging_mixin.py:190} INFO - [2025-03-13T17:31:56.240+0000] {dagbag.py:588} INFO - Filling up the DagBag from /root/venv/lib/python3.12/site-packages/airflow/example_dags/tutorial_dag.py
[2025-03-13T17:31:56.251+0000] {processor.py:925} INFO - DAG(s) 'tutorial_dag' retrieved from /root/venv/lib/python3.12/site-packages/airflow/example_dags/tutorial_dag.py
[2025-03-13T17:31:56.272+0000] {logging_mixin.py:190} INFO - [2025-03-13T17:31:56.272+0000] {dag.py:3239} INFO - Sync 1 DAGs
[2025-03-13T17:31:56.289+0000] {logging_mixin.py:190} INFO - [2025-03-13T17:31:56.289+0000] {dag.py:4180} INFO - Setting next_dagrun for tutorial_dag to None, run_after=None
[2025-03-13T17:31:56.315+0000] {processor.py:208} INFO - Processing /root/venv/lib/python3.12/site-packages/airflow/example_dags/tutorial_dag.py took 0.088 seconds
[2025-03-13T17:32:56.139+0000] {processor.py:186} INFO - Started process (PID=1659032) to work on /root/venv/lib/python3.12/site-packages/airflow/example_dags/tutorial_dag.py
[2025-03-13T17:32:56.141+0000] {processor.py:914} INFO - Processing file /root/venv/lib/python3.12/site-packages/airflow/example_dags/tutorial_dag.py for tasks to queue
[2025-03-13T17:32:56.145+0000] {logging_mixin.py:190} INFO - [2025-03-13T17:32:56.145+0000] {dagbag.py:588} INFO - Filling up the DagBag from /root/venv/lib/python3.12/site-packages/airflow/example_dags/tutorial_dag.py
[2025-03-13T17:32:56.158+0000] {processor.py:925} INFO - DAG(s) 'tutorial_dag' retrieved from /root/venv/lib/python3.12/site-packages/airflow/example_dags/tutorial_dag.py
[2025-03-13T17:32:56.179+0000] {logging_mixin.py:190} INFO - [2025-03-13T17:32:56.179+0000] {dag.py:3239} INFO - Sync 1 DAGs
[2025-03-13T17:32:56.194+0000] {logging_mixin.py:190} INFO - [2025-03-13T17:32:56.194+0000] {dag.py:4180} INFO - Setting next_dagrun for tutorial_dag to None, run_after=None
[2025-03-13T17:32:56.218+0000] {processor.py:208} INFO - Processing /root/venv/lib/python3.12/site-packages/airflow/example_dags/tutorial_dag.py took 0.087 seconds
[2025-03-13T17:33:57.539+0000] {processor.py:186} INFO - Started process (PID=1659098) to work on /root/venv/lib/python3.12/site-packages/airflow/example_dags/tutorial_dag.py
[2025-03-13T17:33:57.540+0000] {processor.py:914} INFO - Processing file /root/venv/lib/python3.12/site-packages/airflow/example_dags/tutorial_dag.py for tasks to queue
[2025-03-13T17:33:57.544+0000] {logging_mixin.py:190} INFO - [2025-03-13T17:33:57.544+0000] {dagbag.py:588} INFO - Filling up the DagBag from /root/venv/lib/python3.12/site-packages/airflow/example_dags/tutorial_dag.py
[2025-03-13T17:33:57.554+0000] {processor.py:925} INFO - DAG(s) 'tutorial_dag' retrieved from /root/venv/lib/python3.12/site-packages/airflow/example_dags/tutorial_dag.py
[2025-03-13T17:33:57.580+0000] {logging_mixin.py:190} INFO - [2025-03-13T17:33:57.580+0000] {dag.py:3239} INFO - Sync 1 DAGs
[2025-03-13T17:33:57.595+0000] {logging_mixin.py:190} INFO - [2025-03-13T17:33:57.595+0000] {dag.py:4180} INFO - Setting next_dagrun for tutorial_dag to None, run_after=None
[2025-03-13T17:33:57.619+0000] {processor.py:208} INFO - Processing /root/venv/lib/python3.12/site-packages/airflow/example_dags/tutorial_dag.py took 0.087 seconds
[2025-03-13T17:34:44.101+0000] {processor.py:186} INFO - Started process (PID=1659152) to work on /root/venv/lib/python3.12/site-packages/airflow/example_dags/tutorial_dag.py
[2025-03-13T17:34:44.103+0000] {processor.py:914} INFO - Processing file /root/venv/lib/python3.12/site-packages/airflow/example_dags/tutorial_dag.py for tasks to queue
[2025-03-13T17:34:44.106+0000] {logging_mixin.py:190} INFO - [2025-03-13T17:34:44.105+0000] {dagbag.py:588} INFO - Filling up the DagBag from /root/venv/lib/python3.12/site-packages/airflow/example_dags/tutorial_dag.py
[2025-03-13T17:34:44.117+0000] {processor.py:925} INFO - DAG(s) 'tutorial_dag' retrieved from /root/venv/lib/python3.12/site-packages/airflow/example_dags/tutorial_dag.py
[2025-03-13T17:34:44.145+0000] {logging_mixin.py:190} INFO - [2025-03-13T17:34:44.145+0000] {dag.py:3239} INFO - Sync 1 DAGs
[2025-03-13T17:34:44.161+0000] {logging_mixin.py:190} INFO - [2025-03-13T17:34:44.160+0000] {dag.py:4180} INFO - Setting next_dagrun for tutorial_dag to None, run_after=None
[2025-03-13T17:34:44.189+0000] {processor.py:208} INFO - Processing /root/venv/lib/python3.12/site-packages/airflow/example_dags/tutorial_dag.py took 0.095 seconds
[2025-03-13T17:35:42.781+0000] {processor.py:186} INFO - Started process (PID=1659217) to work on /root/venv/lib/python3.12/site-packages/airflow/example_dags/tutorial_dag.py
[2025-03-13T17:35:42.783+0000] {processor.py:914} INFO - Processing file /root/venv/lib/python3.12/site-packages/airflow/example_dags/tutorial_dag.py for tasks to queue
[2025-03-13T17:35:42.785+0000] {logging_mixin.py:190} INFO - [2025-03-13T17:35:42.785+0000] {dagbag.py:588} INFO - Filling up the DagBag from /root/venv/lib/python3.12/site-packages/airflow/example_dags/tutorial_dag.py
[2025-03-13T17:35:42.796+0000] {processor.py:925} INFO - DAG(s) 'tutorial_dag' retrieved from /root/venv/lib/python3.12/site-packages/airflow/example_dags/tutorial_dag.py
[2025-03-13T17:35:42.815+0000] {logging_mixin.py:190} INFO - [2025-03-13T17:35:42.815+0000] {dag.py:3239} INFO - Sync 1 DAGs
[2025-03-13T17:35:42.830+0000] {logging_mixin.py:190} INFO - [2025-03-13T17:35:42.829+0000] {dag.py:4180} INFO - Setting next_dagrun for tutorial_dag to None, run_after=None
[2025-03-13T17:35:42.851+0000] {processor.py:208} INFO - Processing /root/venv/lib/python3.12/site-packages/airflow/example_dags/tutorial_dag.py took 0.079 seconds
[2025-03-13T17:36:42.448+0000] {processor.py:186} INFO - Started process (PID=1659282) to work on /root/venv/lib/python3.12/site-packages/airflow/example_dags/tutorial_dag.py
[2025-03-13T17:36:42.449+0000] {processor.py:914} INFO - Processing file /root/venv/lib/python3.12/site-packages/airflow/example_dags/tutorial_dag.py for tasks to queue
[2025-03-13T17:36:42.452+0000] {logging_mixin.py:190} INFO - [2025-03-13T17:36:42.452+0000] {dagbag.py:588} INFO - Filling up the DagBag from /root/venv/lib/python3.12/site-packages/airflow/example_dags/tutorial_dag.py
[2025-03-13T17:36:42.464+0000] {processor.py:925} INFO - DAG(s) 'tutorial_dag' retrieved from /root/venv/lib/python3.12/site-packages/airflow/example_dags/tutorial_dag.py
[2025-03-13T17:36:42.486+0000] {logging_mixin.py:190} INFO - [2025-03-13T17:36:42.486+0000] {dag.py:3239} INFO - Sync 1 DAGs
[2025-03-13T17:36:42.502+0000] {logging_mixin.py:190} INFO - [2025-03-13T17:36:42.501+0000] {dag.py:4180} INFO - Setting next_dagrun for tutorial_dag to None, run_after=None
[2025-03-13T17:36:42.529+0000] {processor.py:208} INFO - Processing /root/venv/lib/python3.12/site-packages/airflow/example_dags/tutorial_dag.py took 0.089 seconds
[2025-03-13T17:37:42.926+0000] {processor.py:186} INFO - Started process (PID=1659343) to work on /root/venv/lib/python3.12/site-packages/airflow/example_dags/tutorial_dag.py
[2025-03-13T17:37:42.928+0000] {processor.py:914} INFO - Processing file /root/venv/lib/python3.12/site-packages/airflow/example_dags/tutorial_dag.py for tasks to queue
[2025-03-13T17:37:42.932+0000] {logging_mixin.py:190} INFO - [2025-03-13T17:37:42.931+0000] {dagbag.py:588} INFO - Filling up the DagBag from /root/venv/lib/python3.12/site-packages/airflow/example_dags/tutorial_dag.py
[2025-03-13T17:37:42.944+0000] {processor.py:925} INFO - DAG(s) 'tutorial_dag' retrieved from /root/venv/lib/python3.12/site-packages/airflow/example_dags/tutorial_dag.py
[2025-03-13T17:37:42.965+0000] {logging_mixin.py:190} INFO - [2025-03-13T17:37:42.965+0000] {dag.py:3239} INFO - Sync 1 DAGs
[2025-03-13T17:37:42.980+0000] {logging_mixin.py:190} INFO - [2025-03-13T17:37:42.980+0000] {dag.py:4180} INFO - Setting next_dagrun for tutorial_dag to None, run_after=None
[2025-03-13T17:37:43.005+0000] {processor.py:208} INFO - Processing /root/venv/lib/python3.12/site-packages/airflow/example_dags/tutorial_dag.py took 0.086 seconds
[2025-03-13T17:38:47.055+0000] {processor.py:186} INFO - Started process (PID=1659408) to work on /root/venv/lib/python3.12/site-packages/airflow/example_dags/tutorial_dag.py
[2025-03-13T17:38:47.056+0000] {processor.py:914} INFO - Processing file /root/venv/lib/python3.12/site-packages/airflow/example_dags/tutorial_dag.py for tasks to queue
[2025-03-13T17:38:47.059+0000] {logging_mixin.py:190} INFO - [2025-03-13T17:38:47.058+0000] {dagbag.py:588} INFO - Filling up the DagBag from /root/venv/lib/python3.12/site-packages/airflow/example_dags/tutorial_dag.py
[2025-03-13T17:38:47.070+0000] {processor.py:925} INFO - DAG(s) 'tutorial_dag' retrieved from /root/venv/lib/python3.12/site-packages/airflow/example_dags/tutorial_dag.py
[2025-03-13T17:38:47.090+0000] {logging_mixin.py:190} INFO - [2025-03-13T17:38:47.090+0000] {dag.py:3239} INFO - Sync 1 DAGs
[2025-03-13T17:38:47.106+0000] {logging_mixin.py:190} INFO - [2025-03-13T17:38:47.106+0000] {dag.py:4180} INFO - Setting next_dagrun for tutorial_dag to None, run_after=None
[2025-03-13T17:38:47.133+0000] {processor.py:208} INFO - Processing /root/venv/lib/python3.12/site-packages/airflow/example_dags/tutorial_dag.py took 0.086 seconds
[2025-03-13T17:39:47.310+0000] {processor.py:186} INFO - Started process (PID=1659468) to work on /root/venv/lib/python3.12/site-packages/airflow/example_dags/tutorial_dag.py
[2025-03-13T17:39:47.311+0000] {processor.py:914} INFO - Processing file /root/venv/lib/python3.12/site-packages/airflow/example_dags/tutorial_dag.py for tasks to queue
[2025-03-13T17:39:47.315+0000] {logging_mixin.py:190} INFO - [2025-03-13T17:39:47.314+0000] {dagbag.py:588} INFO - Filling up the DagBag from /root/venv/lib/python3.12/site-packages/airflow/example_dags/tutorial_dag.py
[2025-03-13T17:39:47.326+0000] {processor.py:925} INFO - DAG(s) 'tutorial_dag' retrieved from /root/venv/lib/python3.12/site-packages/airflow/example_dags/tutorial_dag.py
[2025-03-13T17:39:47.349+0000] {logging_mixin.py:190} INFO - [2025-03-13T17:39:47.349+0000] {dag.py:3239} INFO - Sync 1 DAGs
[2025-03-13T17:39:47.366+0000] {logging_mixin.py:190} INFO - [2025-03-13T17:39:47.366+0000] {dag.py:4180} INFO - Setting next_dagrun for tutorial_dag to None, run_after=None
[2025-03-13T17:39:47.386+0000] {processor.py:208} INFO - Processing /root/venv/lib/python3.12/site-packages/airflow/example_dags/tutorial_dag.py took 0.083 seconds
[2025-03-13T17:40:47.062+0000] {processor.py:186} INFO - Started process (PID=1659534) to work on /root/venv/lib/python3.12/site-packages/airflow/example_dags/tutorial_dag.py
[2025-03-13T17:40:47.063+0000] {processor.py:914} INFO - Processing file /root/venv/lib/python3.12/site-packages/airflow/example_dags/tutorial_dag.py for tasks to queue
[2025-03-13T17:40:47.066+0000] {logging_mixin.py:190} INFO - [2025-03-13T17:40:47.065+0000] {dagbag.py:588} INFO - Filling up the DagBag from /root/venv/lib/python3.12/site-packages/airflow/example_dags/tutorial_dag.py
[2025-03-13T17:40:47.079+0000] {processor.py:925} INFO - DAG(s) 'tutorial_dag' retrieved from /root/venv/lib/python3.12/site-packages/airflow/example_dags/tutorial_dag.py
[2025-03-13T17:40:47.104+0000] {logging_mixin.py:190} INFO - [2025-03-13T17:40:47.103+0000] {dag.py:3239} INFO - Sync 1 DAGs
[2025-03-13T17:40:47.118+0000] {logging_mixin.py:190} INFO - [2025-03-13T17:40:47.118+0000] {dag.py:4180} INFO - Setting next_dagrun for tutorial_dag to None, run_after=None
[2025-03-13T17:40:47.142+0000] {processor.py:208} INFO - Processing /root/venv/lib/python3.12/site-packages/airflow/example_dags/tutorial_dag.py took 0.090 seconds
[2025-03-13T17:41:49.928+0000] {processor.py:186} INFO - Started process (PID=1659600) to work on /root/venv/lib/python3.12/site-packages/airflow/example_dags/tutorial_dag.py
[2025-03-13T17:41:49.930+0000] {processor.py:914} INFO - Processing file /root/venv/lib/python3.12/site-packages/airflow/example_dags/tutorial_dag.py for tasks to queue
[2025-03-13T17:41:49.933+0000] {logging_mixin.py:190} INFO - [2025-03-13T17:41:49.932+0000] {dagbag.py:588} INFO - Filling up the DagBag from /root/venv/lib/python3.12/site-packages/airflow/example_dags/tutorial_dag.py
[2025-03-13T17:41:49.943+0000] {processor.py:925} INFO - DAG(s) 'tutorial_dag' retrieved from /root/venv/lib/python3.12/site-packages/airflow/example_dags/tutorial_dag.py
[2025-03-13T17:41:50.095+0000] {logging_mixin.py:190} INFO - [2025-03-13T17:41:50.095+0000] {dag.py:3239} INFO - Sync 1 DAGs
[2025-03-13T17:41:50.106+0000] {logging_mixin.py:190} INFO - [2025-03-13T17:41:50.106+0000] {dag.py:4180} INFO - Setting next_dagrun for tutorial_dag to None, run_after=None
[2025-03-13T17:41:50.124+0000] {processor.py:208} INFO - Processing /root/venv/lib/python3.12/site-packages/airflow/example_dags/tutorial_dag.py took 0.203 seconds
[2025-03-13T17:42:54.376+0000] {processor.py:186} INFO - Started process (PID=1659666) to work on /root/venv/lib/python3.12/site-packages/airflow/example_dags/tutorial_dag.py
[2025-03-13T17:42:54.379+0000] {processor.py:914} INFO - Processing file /root/venv/lib/python3.12/site-packages/airflow/example_dags/tutorial_dag.py for tasks to queue
[2025-03-13T17:42:54.383+0000] {logging_mixin.py:190} INFO - [2025-03-13T17:42:54.383+0000] {dagbag.py:588} INFO - Filling up the DagBag from /root/venv/lib/python3.12/site-packages/airflow/example_dags/tutorial_dag.py
[2025-03-13T17:42:54.395+0000] {processor.py:925} INFO - DAG(s) 'tutorial_dag' retrieved from /root/venv/lib/python3.12/site-packages/airflow/example_dags/tutorial_dag.py
[2025-03-13T17:42:54.417+0000] {logging_mixin.py:190} INFO - [2025-03-13T17:42:54.417+0000] {dag.py:3239} INFO - Sync 1 DAGs
[2025-03-13T17:42:54.434+0000] {logging_mixin.py:190} INFO - [2025-03-13T17:42:54.433+0000] {dag.py:4180} INFO - Setting next_dagrun for tutorial_dag to None, run_after=None
[2025-03-13T17:42:54.461+0000] {processor.py:208} INFO - Processing /root/venv/lib/python3.12/site-packages/airflow/example_dags/tutorial_dag.py took 0.094 seconds
[2025-03-13T17:43:52.980+0000] {processor.py:186} INFO - Started process (PID=1659728) to work on /root/venv/lib/python3.12/site-packages/airflow/example_dags/tutorial_dag.py
[2025-03-13T17:43:52.985+0000] {processor.py:914} INFO - Processing file /root/venv/lib/python3.12/site-packages/airflow/example_dags/tutorial_dag.py for tasks to queue
[2025-03-13T17:43:52.991+0000] {logging_mixin.py:190} INFO - [2025-03-13T17:43:52.989+0000] {dagbag.py:588} INFO - Filling up the DagBag from /root/venv/lib/python3.12/site-packages/airflow/example_dags/tutorial_dag.py
[2025-03-13T17:43:53.005+0000] {processor.py:925} INFO - DAG(s) 'tutorial_dag' retrieved from /root/venv/lib/python3.12/site-packages/airflow/example_dags/tutorial_dag.py
[2025-03-13T17:43:53.031+0000] {logging_mixin.py:190} INFO - [2025-03-13T17:43:53.031+0000] {dag.py:3239} INFO - Sync 1 DAGs
[2025-03-13T17:43:53.048+0000] {logging_mixin.py:190} INFO - [2025-03-13T17:43:53.048+0000] {dag.py:4180} INFO - Setting next_dagrun for tutorial_dag to None, run_after=None
[2025-03-13T17:43:53.079+0000] {processor.py:208} INFO - Processing /root/venv/lib/python3.12/site-packages/airflow/example_dags/tutorial_dag.py took 0.110 seconds
[2025-03-13T17:44:56.729+0000] {processor.py:186} INFO - Started process (PID=1659807) to work on /root/venv/lib/python3.12/site-packages/airflow/example_dags/tutorial_dag.py
[2025-03-13T17:44:56.731+0000] {processor.py:914} INFO - Processing file /root/venv/lib/python3.12/site-packages/airflow/example_dags/tutorial_dag.py for tasks to queue
[2025-03-13T17:44:56.734+0000] {logging_mixin.py:190} INFO - [2025-03-13T17:44:56.733+0000] {dagbag.py:588} INFO - Filling up the DagBag from /root/venv/lib/python3.12/site-packages/airflow/example_dags/tutorial_dag.py
[2025-03-13T17:44:56.744+0000] {processor.py:925} INFO - DAG(s) 'tutorial_dag' retrieved from /root/venv/lib/python3.12/site-packages/airflow/example_dags/tutorial_dag.py
[2025-03-13T17:44:56.766+0000] {logging_mixin.py:190} INFO - [2025-03-13T17:44:56.766+0000] {dag.py:3239} INFO - Sync 1 DAGs
[2025-03-13T17:44:56.782+0000] {logging_mixin.py:190} INFO - [2025-03-13T17:44:56.781+0000] {dag.py:4180} INFO - Setting next_dagrun for tutorial_dag to None, run_after=None
[2025-03-13T17:44:56.807+0000] {processor.py:208} INFO - Processing /root/venv/lib/python3.12/site-packages/airflow/example_dags/tutorial_dag.py took 0.087 seconds
[2025-03-13T17:46:01.686+0000] {processor.py:186} INFO - Started process (PID=1659874) to work on /root/venv/lib/python3.12/site-packages/airflow/example_dags/tutorial_dag.py
[2025-03-13T17:46:01.688+0000] {processor.py:914} INFO - Processing file /root/venv/lib/python3.12/site-packages/airflow/example_dags/tutorial_dag.py for tasks to queue
[2025-03-13T17:46:01.692+0000] {logging_mixin.py:190} INFO - [2025-03-13T17:46:01.692+0000] {dagbag.py:588} INFO - Filling up the DagBag from /root/venv/lib/python3.12/site-packages/airflow/example_dags/tutorial_dag.py
[2025-03-13T17:46:01.709+0000] {processor.py:925} INFO - DAG(s) 'tutorial_dag' retrieved from /root/venv/lib/python3.12/site-packages/airflow/example_dags/tutorial_dag.py
[2025-03-13T17:46:01.739+0000] {logging_mixin.py:190} INFO - [2025-03-13T17:46:01.739+0000] {dag.py:3239} INFO - Sync 1 DAGs
[2025-03-13T17:46:01.759+0000] {logging_mixin.py:190} INFO - [2025-03-13T17:46:01.758+0000] {dag.py:4180} INFO - Setting next_dagrun for tutorial_dag to None, run_after=None
[2025-03-13T17:46:01.789+0000] {processor.py:208} INFO - Processing /root/venv/lib/python3.12/site-packages/airflow/example_dags/tutorial_dag.py took 0.113 seconds
[2025-03-13T17:47:05.244+0000] {processor.py:186} INFO - Started process (PID=1659938) to work on /root/venv/lib/python3.12/site-packages/airflow/example_dags/tutorial_dag.py
[2025-03-13T17:47:05.246+0000] {processor.py:914} INFO - Processing file /root/venv/lib/python3.12/site-packages/airflow/example_dags/tutorial_dag.py for tasks to queue
[2025-03-13T17:47:05.249+0000] {logging_mixin.py:190} INFO - [2025-03-13T17:47:05.248+0000] {dagbag.py:588} INFO - Filling up the DagBag from /root/venv/lib/python3.12/site-packages/airflow/example_dags/tutorial_dag.py
[2025-03-13T17:47:05.261+0000] {processor.py:925} INFO - DAG(s) 'tutorial_dag' retrieved from /root/venv/lib/python3.12/site-packages/airflow/example_dags/tutorial_dag.py
[2025-03-13T17:47:05.283+0000] {logging_mixin.py:190} INFO - [2025-03-13T17:47:05.282+0000] {dag.py:3239} INFO - Sync 1 DAGs
[2025-03-13T17:47:05.301+0000] {logging_mixin.py:190} INFO - [2025-03-13T17:47:05.300+0000] {dag.py:4180} INFO - Setting next_dagrun for tutorial_dag to None, run_after=None
[2025-03-13T17:47:05.327+0000] {processor.py:208} INFO - Processing /root/venv/lib/python3.12/site-packages/airflow/example_dags/tutorial_dag.py took 0.092 seconds
[2025-03-13T17:48:03.953+0000] {processor.py:186} INFO - Started process (PID=1660004) to work on /root/venv/lib/python3.12/site-packages/airflow/example_dags/tutorial_dag.py
[2025-03-13T17:48:03.955+0000] {processor.py:914} INFO - Processing file /root/venv/lib/python3.12/site-packages/airflow/example_dags/tutorial_dag.py for tasks to queue
[2025-03-13T17:48:03.959+0000] {logging_mixin.py:190} INFO - [2025-03-13T17:48:03.958+0000] {dagbag.py:588} INFO - Filling up the DagBag from /root/venv/lib/python3.12/site-packages/airflow/example_dags/tutorial_dag.py
[2025-03-13T17:48:03.970+0000] {processor.py:925} INFO - DAG(s) 'tutorial_dag' retrieved from /root/venv/lib/python3.12/site-packages/airflow/example_dags/tutorial_dag.py
[2025-03-13T17:48:03.992+0000] {logging_mixin.py:190} INFO - [2025-03-13T17:48:03.992+0000] {dag.py:3239} INFO - Sync 1 DAGs
[2025-03-13T17:48:04.009+0000] {logging_mixin.py:190} INFO - [2025-03-13T17:48:04.009+0000] {dag.py:4180} INFO - Setting next_dagrun for tutorial_dag to None, run_after=None
[2025-03-13T17:48:04.034+0000] {processor.py:208} INFO - Processing /root/venv/lib/python3.12/site-packages/airflow/example_dags/tutorial_dag.py took 0.090 seconds
[2025-03-13T17:49:06.548+0000] {processor.py:186} INFO - Started process (PID=1660066) to work on /root/venv/lib/python3.12/site-packages/airflow/example_dags/tutorial_dag.py
[2025-03-13T17:49:06.550+0000] {processor.py:914} INFO - Processing file /root/venv/lib/python3.12/site-packages/airflow/example_dags/tutorial_dag.py for tasks to queue
[2025-03-13T17:49:06.554+0000] {logging_mixin.py:190} INFO - [2025-03-13T17:49:06.553+0000] {dagbag.py:588} INFO - Filling up the DagBag from /root/venv/lib/python3.12/site-packages/airflow/example_dags/tutorial_dag.py
[2025-03-13T17:49:06.570+0000] {processor.py:925} INFO - DAG(s) 'tutorial_dag' retrieved from /root/venv/lib/python3.12/site-packages/airflow/example_dags/tutorial_dag.py
[2025-03-13T17:49:06.601+0000] {logging_mixin.py:190} INFO - [2025-03-13T17:49:06.600+0000] {dag.py:3239} INFO - Sync 1 DAGs
[2025-03-13T17:49:06.624+0000] {logging_mixin.py:190} INFO - [2025-03-13T17:49:06.624+0000] {dag.py:4180} INFO - Setting next_dagrun for tutorial_dag to None, run_after=None
[2025-03-13T17:49:06.661+0000] {processor.py:208} INFO - Processing /root/venv/lib/python3.12/site-packages/airflow/example_dags/tutorial_dag.py took 0.121 seconds
[2025-03-13T17:50:10.536+0000] {processor.py:186} INFO - Started process (PID=1660129) to work on /root/venv/lib/python3.12/site-packages/airflow/example_dags/tutorial_dag.py
[2025-03-13T17:50:10.538+0000] {processor.py:914} INFO - Processing file /root/venv/lib/python3.12/site-packages/airflow/example_dags/tutorial_dag.py for tasks to queue
[2025-03-13T17:50:10.542+0000] {logging_mixin.py:190} INFO - [2025-03-13T17:50:10.541+0000] {dagbag.py:588} INFO - Filling up the DagBag from /root/venv/lib/python3.12/site-packages/airflow/example_dags/tutorial_dag.py
[2025-03-13T17:50:10.555+0000] {processor.py:925} INFO - DAG(s) 'tutorial_dag' retrieved from /root/venv/lib/python3.12/site-packages/airflow/example_dags/tutorial_dag.py
[2025-03-13T17:50:10.580+0000] {logging_mixin.py:190} INFO - [2025-03-13T17:50:10.579+0000] {dag.py:3239} INFO - Sync 1 DAGs
[2025-03-13T17:50:10.599+0000] {logging_mixin.py:190} INFO - [2025-03-13T17:50:10.599+0000] {dag.py:4180} INFO - Setting next_dagrun for tutorial_dag to None, run_after=None
[2025-03-13T17:50:10.628+0000] {processor.py:208} INFO - Processing /root/venv/lib/python3.12/site-packages/airflow/example_dags/tutorial_dag.py took 0.104 seconds
[2025-03-13T17:51:13.210+0000] {processor.py:186} INFO - Started process (PID=1660198) to work on /root/venv/lib/python3.12/site-packages/airflow/example_dags/tutorial_dag.py
[2025-03-13T17:51:13.212+0000] {processor.py:914} INFO - Processing file /root/venv/lib/python3.12/site-packages/airflow/example_dags/tutorial_dag.py for tasks to queue
[2025-03-13T17:51:13.215+0000] {logging_mixin.py:190} INFO - [2025-03-13T17:51:13.214+0000] {dagbag.py:588} INFO - Filling up the DagBag from /root/venv/lib/python3.12/site-packages/airflow/example_dags/tutorial_dag.py
[2025-03-13T17:51:13.226+0000] {processor.py:925} INFO - DAG(s) 'tutorial_dag' retrieved from /root/venv/lib/python3.12/site-packages/airflow/example_dags/tutorial_dag.py
[2025-03-13T17:51:13.248+0000] {logging_mixin.py:190} INFO - [2025-03-13T17:51:13.248+0000] {dag.py:3239} INFO - Sync 1 DAGs
[2025-03-13T17:51:13.264+0000] {logging_mixin.py:190} INFO - [2025-03-13T17:51:13.263+0000] {dag.py:4180} INFO - Setting next_dagrun for tutorial_dag to None, run_after=None
[2025-03-13T17:51:13.288+0000] {processor.py:208} INFO - Processing /root/venv/lib/python3.12/site-packages/airflow/example_dags/tutorial_dag.py took 0.086 seconds
[2025-03-13T17:52:16.414+0000] {processor.py:186} INFO - Started process (PID=1660262) to work on /root/venv/lib/python3.12/site-packages/airflow/example_dags/tutorial_dag.py
[2025-03-13T17:52:16.416+0000] {processor.py:914} INFO - Processing file /root/venv/lib/python3.12/site-packages/airflow/example_dags/tutorial_dag.py for tasks to queue
[2025-03-13T17:52:16.421+0000] {logging_mixin.py:190} INFO - [2025-03-13T17:52:16.420+0000] {dagbag.py:588} INFO - Filling up the DagBag from /root/venv/lib/python3.12/site-packages/airflow/example_dags/tutorial_dag.py
[2025-03-13T17:52:16.436+0000] {processor.py:925} INFO - DAG(s) 'tutorial_dag' retrieved from /root/venv/lib/python3.12/site-packages/airflow/example_dags/tutorial_dag.py
[2025-03-13T17:52:16.465+0000] {logging_mixin.py:190} INFO - [2025-03-13T17:52:16.464+0000] {dag.py:3239} INFO - Sync 1 DAGs
[2025-03-13T17:52:16.491+0000] {logging_mixin.py:190} INFO - [2025-03-13T17:52:16.491+0000] {dag.py:4180} INFO - Setting next_dagrun for tutorial_dag to None, run_after=None
[2025-03-13T17:52:16.531+0000] {processor.py:208} INFO - Processing /root/venv/lib/python3.12/site-packages/airflow/example_dags/tutorial_dag.py took 0.128 seconds
[2025-03-13T17:53:20.105+0000] {processor.py:186} INFO - Started process (PID=1660323) to work on /root/venv/lib/python3.12/site-packages/airflow/example_dags/tutorial_dag.py
[2025-03-13T17:53:20.107+0000] {processor.py:914} INFO - Processing file /root/venv/lib/python3.12/site-packages/airflow/example_dags/tutorial_dag.py for tasks to queue
[2025-03-13T17:53:20.111+0000] {logging_mixin.py:190} INFO - [2025-03-13T17:53:20.110+0000] {dagbag.py:588} INFO - Filling up the DagBag from /root/venv/lib/python3.12/site-packages/airflow/example_dags/tutorial_dag.py
[2025-03-13T17:53:20.126+0000] {processor.py:925} INFO - DAG(s) 'tutorial_dag' retrieved from /root/venv/lib/python3.12/site-packages/airflow/example_dags/tutorial_dag.py
[2025-03-13T17:53:20.154+0000] {logging_mixin.py:190} INFO - [2025-03-13T17:53:20.153+0000] {dag.py:3239} INFO - Sync 1 DAGs
[2025-03-13T17:53:20.176+0000] {logging_mixin.py:190} INFO - [2025-03-13T17:53:20.176+0000] {dag.py:4180} INFO - Setting next_dagrun for tutorial_dag to None, run_after=None
[2025-03-13T17:53:20.213+0000] {processor.py:208} INFO - Processing /root/venv/lib/python3.12/site-packages/airflow/example_dags/tutorial_dag.py took 0.119 seconds
[2025-03-13T17:54:21.530+0000] {processor.py:186} INFO - Started process (PID=1660386) to work on /root/venv/lib/python3.12/site-packages/airflow/example_dags/tutorial_dag.py
[2025-03-13T17:54:21.532+0000] {processor.py:914} INFO - Processing file /root/venv/lib/python3.12/site-packages/airflow/example_dags/tutorial_dag.py for tasks to queue
[2025-03-13T17:54:21.535+0000] {logging_mixin.py:190} INFO - [2025-03-13T17:54:21.535+0000] {dagbag.py:588} INFO - Filling up the DagBag from /root/venv/lib/python3.12/site-packages/airflow/example_dags/tutorial_dag.py
[2025-03-13T17:54:21.546+0000] {processor.py:925} INFO - DAG(s) 'tutorial_dag' retrieved from /root/venv/lib/python3.12/site-packages/airflow/example_dags/tutorial_dag.py
[2025-03-13T17:54:21.568+0000] {logging_mixin.py:190} INFO - [2025-03-13T17:54:21.567+0000] {dag.py:3239} INFO - Sync 1 DAGs
[2025-03-13T17:54:21.583+0000] {logging_mixin.py:190} INFO - [2025-03-13T17:54:21.583+0000] {dag.py:4180} INFO - Setting next_dagrun for tutorial_dag to None, run_after=None
[2025-03-13T17:54:21.610+0000] {processor.py:208} INFO - Processing /root/venv/lib/python3.12/site-packages/airflow/example_dags/tutorial_dag.py took 0.090 seconds
[2025-03-13T17:55:39.283+0000] {processor.py:186} INFO - Started process (PID=1660478) to work on /root/venv/lib/python3.12/site-packages/airflow/example_dags/tutorial_dag.py
[2025-03-13T17:55:39.285+0000] {processor.py:914} INFO - Processing file /root/venv/lib/python3.12/site-packages/airflow/example_dags/tutorial_dag.py for tasks to queue
[2025-03-13T17:55:39.288+0000] {logging_mixin.py:190} INFO - [2025-03-13T17:55:39.287+0000] {dagbag.py:588} INFO - Filling up the DagBag from /root/venv/lib/python3.12/site-packages/airflow/example_dags/tutorial_dag.py
[2025-03-13T17:55:39.302+0000] {processor.py:925} INFO - DAG(s) 'tutorial_dag' retrieved from /root/venv/lib/python3.12/site-packages/airflow/example_dags/tutorial_dag.py
[2025-03-13T17:55:39.342+0000] {logging_mixin.py:190} INFO - [2025-03-13T17:55:39.342+0000] {dag.py:3239} INFO - Sync 1 DAGs
[2025-03-13T17:55:39.365+0000] {logging_mixin.py:190} INFO - [2025-03-13T17:55:39.365+0000] {dag.py:4180} INFO - Setting next_dagrun for tutorial_dag to None, run_after=None
[2025-03-13T17:55:39.406+0000] {processor.py:208} INFO - Processing /root/venv/lib/python3.12/site-packages/airflow/example_dags/tutorial_dag.py took 0.131 seconds
[2025-03-13T17:56:33.253+0000] {processor.py:186} INFO - Started process (PID=1660546) to work on /root/venv/lib/python3.12/site-packages/airflow/example_dags/tutorial_dag.py
[2025-03-13T17:56:33.255+0000] {processor.py:914} INFO - Processing file /root/venv/lib/python3.12/site-packages/airflow/example_dags/tutorial_dag.py for tasks to queue
[2025-03-13T17:56:33.258+0000] {logging_mixin.py:190} INFO - [2025-03-13T17:56:33.257+0000] {dagbag.py:588} INFO - Filling up the DagBag from /root/venv/lib/python3.12/site-packages/airflow/example_dags/tutorial_dag.py
[2025-03-13T17:56:33.270+0000] {processor.py:925} INFO - DAG(s) 'tutorial_dag' retrieved from /root/venv/lib/python3.12/site-packages/airflow/example_dags/tutorial_dag.py
[2025-03-13T17:56:33.297+0000] {logging_mixin.py:190} INFO - [2025-03-13T17:56:33.297+0000] {dag.py:3239} INFO - Sync 1 DAGs
[2025-03-13T17:56:33.313+0000] {logging_mixin.py:190} INFO - [2025-03-13T17:56:33.313+0000] {dag.py:4180} INFO - Setting next_dagrun for tutorial_dag to None, run_after=None
[2025-03-13T17:56:33.338+0000] {processor.py:208} INFO - Processing /root/venv/lib/python3.12/site-packages/airflow/example_dags/tutorial_dag.py took 0.092 seconds
[2025-03-13T17:57:31.156+0000] {processor.py:186} INFO - Started process (PID=1660611) to work on /root/venv/lib/python3.12/site-packages/airflow/example_dags/tutorial_dag.py
[2025-03-13T17:57:31.157+0000] {processor.py:914} INFO - Processing file /root/venv/lib/python3.12/site-packages/airflow/example_dags/tutorial_dag.py for tasks to queue
[2025-03-13T17:57:31.160+0000] {logging_mixin.py:190} INFO - [2025-03-13T17:57:31.160+0000] {dagbag.py:588} INFO - Filling up the DagBag from /root/venv/lib/python3.12/site-packages/airflow/example_dags/tutorial_dag.py
[2025-03-13T17:57:31.171+0000] {processor.py:925} INFO - DAG(s) 'tutorial_dag' retrieved from /root/venv/lib/python3.12/site-packages/airflow/example_dags/tutorial_dag.py
[2025-03-13T17:57:31.192+0000] {logging_mixin.py:190} INFO - [2025-03-13T17:57:31.191+0000] {dag.py:3239} INFO - Sync 1 DAGs
[2025-03-13T17:57:31.208+0000] {logging_mixin.py:190} INFO - [2025-03-13T17:57:31.207+0000] {dag.py:4180} INFO - Setting next_dagrun for tutorial_dag to None, run_after=None
[2025-03-13T17:57:31.239+0000] {processor.py:208} INFO - Processing /root/venv/lib/python3.12/site-packages/airflow/example_dags/tutorial_dag.py took 0.093 seconds
[2025-03-13T17:58:30.624+0000] {processor.py:186} INFO - Started process (PID=1660682) to work on /root/venv/lib/python3.12/site-packages/airflow/example_dags/tutorial_dag.py
[2025-03-13T17:58:30.627+0000] {processor.py:914} INFO - Processing file /root/venv/lib/python3.12/site-packages/airflow/example_dags/tutorial_dag.py for tasks to queue
[2025-03-13T17:58:30.630+0000] {logging_mixin.py:190} INFO - [2025-03-13T17:58:30.629+0000] {dagbag.py:588} INFO - Filling up the DagBag from /root/venv/lib/python3.12/site-packages/airflow/example_dags/tutorial_dag.py
[2025-03-13T17:58:30.642+0000] {processor.py:925} INFO - DAG(s) 'tutorial_dag' retrieved from /root/venv/lib/python3.12/site-packages/airflow/example_dags/tutorial_dag.py
[2025-03-13T17:58:30.684+0000] {logging_mixin.py:190} INFO - [2025-03-13T17:58:30.684+0000] {dag.py:3239} INFO - Sync 1 DAGs
[2025-03-13T17:58:30.700+0000] {logging_mixin.py:190} INFO - [2025-03-13T17:58:30.700+0000] {dag.py:4180} INFO - Setting next_dagrun for tutorial_dag to None, run_after=None
[2025-03-13T17:58:30.728+0000] {processor.py:208} INFO - Processing /root/venv/lib/python3.12/site-packages/airflow/example_dags/tutorial_dag.py took 0.111 seconds
[2025-03-13T17:59:28.190+0000] {processor.py:186} INFO - Started process (PID=1660741) to work on /root/venv/lib/python3.12/site-packages/airflow/example_dags/tutorial_dag.py
[2025-03-13T17:59:28.192+0000] {processor.py:914} INFO - Processing file /root/venv/lib/python3.12/site-packages/airflow/example_dags/tutorial_dag.py for tasks to queue
[2025-03-13T17:59:28.195+0000] {logging_mixin.py:190} INFO - [2025-03-13T17:59:28.194+0000] {dagbag.py:588} INFO - Filling up the DagBag from /root/venv/lib/python3.12/site-packages/airflow/example_dags/tutorial_dag.py
[2025-03-13T17:59:28.206+0000] {processor.py:925} INFO - DAG(s) 'tutorial_dag' retrieved from /root/venv/lib/python3.12/site-packages/airflow/example_dags/tutorial_dag.py
[2025-03-13T17:59:28.225+0000] {logging_mixin.py:190} INFO - [2025-03-13T17:59:28.225+0000] {dag.py:3239} INFO - Sync 1 DAGs
[2025-03-13T17:59:28.247+0000] {logging_mixin.py:190} INFO - [2025-03-13T17:59:28.247+0000] {dag.py:4180} INFO - Setting next_dagrun for tutorial_dag to None, run_after=None
[2025-03-13T17:59:28.274+0000] {processor.py:208} INFO - Processing /root/venv/lib/python3.12/site-packages/airflow/example_dags/tutorial_dag.py took 0.091 seconds
[2025-03-13T18:00:37.527+0000] {processor.py:186} INFO - Started process (PID=1660816) to work on /root/venv/lib/python3.12/site-packages/airflow/example_dags/tutorial_dag.py
[2025-03-13T18:00:37.528+0000] {processor.py:914} INFO - Processing file /root/venv/lib/python3.12/site-packages/airflow/example_dags/tutorial_dag.py for tasks to queue
[2025-03-13T18:00:37.531+0000] {logging_mixin.py:190} INFO - [2025-03-13T18:00:37.531+0000] {dagbag.py:588} INFO - Filling up the DagBag from /root/venv/lib/python3.12/site-packages/airflow/example_dags/tutorial_dag.py
[2025-03-13T18:00:37.544+0000] {processor.py:925} INFO - DAG(s) 'tutorial_dag' retrieved from /root/venv/lib/python3.12/site-packages/airflow/example_dags/tutorial_dag.py
[2025-03-13T18:00:37.571+0000] {logging_mixin.py:190} INFO - [2025-03-13T18:00:37.570+0000] {dag.py:3239} INFO - Sync 1 DAGs
[2025-03-13T18:00:37.588+0000] {logging_mixin.py:190} INFO - [2025-03-13T18:00:37.588+0000] {dag.py:4180} INFO - Setting next_dagrun for tutorial_dag to None, run_after=None
[2025-03-13T18:00:37.615+0000] {processor.py:208} INFO - Processing /root/venv/lib/python3.12/site-packages/airflow/example_dags/tutorial_dag.py took 0.097 seconds
[2025-03-13T18:01:26.062+0000] {processor.py:186} INFO - Started process (PID=1660867) to work on /root/venv/lib/python3.12/site-packages/airflow/example_dags/tutorial_dag.py
[2025-03-13T18:01:26.064+0000] {processor.py:914} INFO - Processing file /root/venv/lib/python3.12/site-packages/airflow/example_dags/tutorial_dag.py for tasks to queue
[2025-03-13T18:01:26.068+0000] {logging_mixin.py:190} INFO - [2025-03-13T18:01:26.067+0000] {dagbag.py:588} INFO - Filling up the DagBag from /root/venv/lib/python3.12/site-packages/airflow/example_dags/tutorial_dag.py
[2025-03-13T18:01:26.080+0000] {processor.py:925} INFO - DAG(s) 'tutorial_dag' retrieved from /root/venv/lib/python3.12/site-packages/airflow/example_dags/tutorial_dag.py
[2025-03-13T18:01:26.105+0000] {logging_mixin.py:190} INFO - [2025-03-13T18:01:26.105+0000] {dag.py:3239} INFO - Sync 1 DAGs
[2025-03-13T18:01:26.125+0000] {logging_mixin.py:190} INFO - [2025-03-13T18:01:26.125+0000] {dag.py:4180} INFO - Setting next_dagrun for tutorial_dag to None, run_after=None
[2025-03-13T18:01:26.155+0000] {processor.py:208} INFO - Processing /root/venv/lib/python3.12/site-packages/airflow/example_dags/tutorial_dag.py took 0.104 seconds
[2025-03-13T18:02:27.769+0000] {processor.py:186} INFO - Started process (PID=1660942) to work on /root/venv/lib/python3.12/site-packages/airflow/example_dags/tutorial_dag.py
[2025-03-13T18:02:27.771+0000] {processor.py:914} INFO - Processing file /root/venv/lib/python3.12/site-packages/airflow/example_dags/tutorial_dag.py for tasks to queue
[2025-03-13T18:02:27.774+0000] {logging_mixin.py:190} INFO - [2025-03-13T18:02:27.773+0000] {dagbag.py:588} INFO - Filling up the DagBag from /root/venv/lib/python3.12/site-packages/airflow/example_dags/tutorial_dag.py
[2025-03-13T18:02:27.786+0000] {processor.py:925} INFO - DAG(s) 'tutorial_dag' retrieved from /root/venv/lib/python3.12/site-packages/airflow/example_dags/tutorial_dag.py
[2025-03-13T18:02:27.810+0000] {logging_mixin.py:190} INFO - [2025-03-13T18:02:27.809+0000] {dag.py:3239} INFO - Sync 1 DAGs
[2025-03-13T18:02:27.828+0000] {logging_mixin.py:190} INFO - [2025-03-13T18:02:27.827+0000] {dag.py:4180} INFO - Setting next_dagrun for tutorial_dag to None, run_after=None
[2025-03-13T18:02:27.864+0000] {processor.py:208} INFO - Processing /root/venv/lib/python3.12/site-packages/airflow/example_dags/tutorial_dag.py took 0.105 seconds
[2025-03-13T18:03:31.290+0000] {processor.py:186} INFO - Started process (PID=1661009) to work on /root/venv/lib/python3.12/site-packages/airflow/example_dags/tutorial_dag.py
[2025-03-13T18:03:31.292+0000] {processor.py:914} INFO - Processing file /root/venv/lib/python3.12/site-packages/airflow/example_dags/tutorial_dag.py for tasks to queue
[2025-03-13T18:03:31.296+0000] {logging_mixin.py:190} INFO - [2025-03-13T18:03:31.295+0000] {dagbag.py:588} INFO - Filling up the DagBag from /root/venv/lib/python3.12/site-packages/airflow/example_dags/tutorial_dag.py
[2025-03-13T18:03:31.307+0000] {processor.py:925} INFO - DAG(s) 'tutorial_dag' retrieved from /root/venv/lib/python3.12/site-packages/airflow/example_dags/tutorial_dag.py
[2025-03-13T18:03:31.327+0000] {logging_mixin.py:190} INFO - [2025-03-13T18:03:31.327+0000] {dag.py:3239} INFO - Sync 1 DAGs
[2025-03-13T18:03:31.343+0000] {logging_mixin.py:190} INFO - [2025-03-13T18:03:31.343+0000] {dag.py:4180} INFO - Setting next_dagrun for tutorial_dag to None, run_after=None
[2025-03-13T18:03:31.371+0000] {processor.py:208} INFO - Processing /root/venv/lib/python3.12/site-packages/airflow/example_dags/tutorial_dag.py took 0.093 seconds
[2025-03-13T18:04:14.770+0000] {processor.py:186} INFO - Started process (PID=1661049) to work on /root/venv/lib/python3.12/site-packages/airflow/example_dags/tutorial_dag.py
[2025-03-13T18:04:14.771+0000] {processor.py:914} INFO - Processing file /root/venv/lib/python3.12/site-packages/airflow/example_dags/tutorial_dag.py for tasks to queue
[2025-03-13T18:04:14.774+0000] {logging_mixin.py:190} INFO - [2025-03-13T18:04:14.773+0000] {dagbag.py:588} INFO - Filling up the DagBag from /root/venv/lib/python3.12/site-packages/airflow/example_dags/tutorial_dag.py
[2025-03-13T18:04:14.785+0000] {processor.py:925} INFO - DAG(s) 'tutorial_dag' retrieved from /root/venv/lib/python3.12/site-packages/airflow/example_dags/tutorial_dag.py
[2025-03-13T18:04:14.807+0000] {logging_mixin.py:190} INFO - [2025-03-13T18:04:14.807+0000] {dag.py:3239} INFO - Sync 1 DAGs
[2025-03-13T18:04:14.998+0000] {logging_mixin.py:190} INFO - [2025-03-13T18:04:14.998+0000] {dag.py:4180} INFO - Setting next_dagrun for tutorial_dag to None, run_after=None
[2025-03-13T18:04:15.022+0000] {processor.py:208} INFO - Processing /root/venv/lib/python3.12/site-packages/airflow/example_dags/tutorial_dag.py took 0.261 seconds
[2025-03-13T18:04:55.295+0000] {processor.py:186} INFO - Started process (PID=1661084) to work on /root/venv/lib/python3.12/site-packages/airflow/example_dags/tutorial_dag.py
[2025-03-13T18:04:55.297+0000] {processor.py:914} INFO - Processing file /root/venv/lib/python3.12/site-packages/airflow/example_dags/tutorial_dag.py for tasks to queue
[2025-03-13T18:04:55.301+0000] {logging_mixin.py:190} INFO - [2025-03-13T18:04:55.300+0000] {dagbag.py:588} INFO - Filling up the DagBag from /root/venv/lib/python3.12/site-packages/airflow/example_dags/tutorial_dag.py
[2025-03-13T18:04:55.317+0000] {processor.py:925} INFO - DAG(s) 'tutorial_dag' retrieved from /root/venv/lib/python3.12/site-packages/airflow/example_dags/tutorial_dag.py
[2025-03-13T18:04:55.346+0000] {logging_mixin.py:190} INFO - [2025-03-13T18:04:55.346+0000] {dag.py:3239} INFO - Sync 1 DAGs
[2025-03-13T18:04:55.368+0000] {logging_mixin.py:190} INFO - [2025-03-13T18:04:55.368+0000] {dag.py:4180} INFO - Setting next_dagrun for tutorial_dag to None, run_after=None
[2025-03-13T18:04:55.402+0000] {processor.py:208} INFO - Processing /root/venv/lib/python3.12/site-packages/airflow/example_dags/tutorial_dag.py took 0.117 seconds
[2025-03-13T18:05:31.458+0000] {processor.py:186} INFO - Started process (PID=1661123) to work on /root/venv/lib/python3.12/site-packages/airflow/example_dags/tutorial_dag.py
[2025-03-13T18:05:31.460+0000] {processor.py:914} INFO - Processing file /root/venv/lib/python3.12/site-packages/airflow/example_dags/tutorial_dag.py for tasks to queue
[2025-03-13T18:05:31.463+0000] {logging_mixin.py:190} INFO - [2025-03-13T18:05:31.463+0000] {dagbag.py:588} INFO - Filling up the DagBag from /root/venv/lib/python3.12/site-packages/airflow/example_dags/tutorial_dag.py
[2025-03-13T18:05:31.476+0000] {processor.py:925} INFO - DAG(s) 'tutorial_dag' retrieved from /root/venv/lib/python3.12/site-packages/airflow/example_dags/tutorial_dag.py
[2025-03-13T18:05:31.498+0000] {logging_mixin.py:190} INFO - [2025-03-13T18:05:31.497+0000] {dag.py:3239} INFO - Sync 1 DAGs
[2025-03-13T18:05:31.516+0000] {logging_mixin.py:190} INFO - [2025-03-13T18:05:31.516+0000] {dag.py:4180} INFO - Setting next_dagrun for tutorial_dag to None, run_after=None
[2025-03-13T18:05:31.541+0000] {processor.py:208} INFO - Processing /root/venv/lib/python3.12/site-packages/airflow/example_dags/tutorial_dag.py took 0.091 seconds
[2025-03-13T18:06:35.813+0000] {processor.py:186} INFO - Started process (PID=1661189) to work on /root/venv/lib/python3.12/site-packages/airflow/example_dags/tutorial_dag.py
[2025-03-13T18:06:35.815+0000] {processor.py:914} INFO - Processing file /root/venv/lib/python3.12/site-packages/airflow/example_dags/tutorial_dag.py for tasks to queue
[2025-03-13T18:06:35.819+0000] {logging_mixin.py:190} INFO - [2025-03-13T18:06:35.818+0000] {dagbag.py:588} INFO - Filling up the DagBag from /root/venv/lib/python3.12/site-packages/airflow/example_dags/tutorial_dag.py
[2025-03-13T18:06:35.833+0000] {processor.py:925} INFO - DAG(s) 'tutorial_dag' retrieved from /root/venv/lib/python3.12/site-packages/airflow/example_dags/tutorial_dag.py
[2025-03-13T18:06:35.861+0000] {logging_mixin.py:190} INFO - [2025-03-13T18:06:35.861+0000] {dag.py:3239} INFO - Sync 1 DAGs
[2025-03-13T18:06:35.879+0000] {logging_mixin.py:190} INFO - [2025-03-13T18:06:35.879+0000] {dag.py:4180} INFO - Setting next_dagrun for tutorial_dag to None, run_after=None
[2025-03-13T18:06:35.917+0000] {processor.py:208} INFO - Processing /root/venv/lib/python3.12/site-packages/airflow/example_dags/tutorial_dag.py took 0.113 seconds
[2025-03-13T18:07:14.861+0000] {processor.py:186} INFO - Started process (PID=1661230) to work on /root/venv/lib/python3.12/site-packages/airflow/example_dags/tutorial_dag.py
[2025-03-13T18:07:14.863+0000] {processor.py:914} INFO - Processing file /root/venv/lib/python3.12/site-packages/airflow/example_dags/tutorial_dag.py for tasks to queue
[2025-03-13T18:07:14.866+0000] {logging_mixin.py:190} INFO - [2025-03-13T18:07:14.865+0000] {dagbag.py:588} INFO - Filling up the DagBag from /root/venv/lib/python3.12/site-packages/airflow/example_dags/tutorial_dag.py
[2025-03-13T18:07:14.877+0000] {processor.py:925} INFO - DAG(s) 'tutorial_dag' retrieved from /root/venv/lib/python3.12/site-packages/airflow/example_dags/tutorial_dag.py
[2025-03-13T18:07:14.899+0000] {logging_mixin.py:190} INFO - [2025-03-13T18:07:14.899+0000] {dag.py:3239} INFO - Sync 1 DAGs
[2025-03-13T18:07:14.919+0000] {logging_mixin.py:190} INFO - [2025-03-13T18:07:14.919+0000] {dag.py:4180} INFO - Setting next_dagrun for tutorial_dag to None, run_after=None
[2025-03-13T18:07:14.948+0000] {processor.py:208} INFO - Processing /root/venv/lib/python3.12/site-packages/airflow/example_dags/tutorial_dag.py took 0.095 seconds
[2025-03-13T18:08:20.303+0000] {processor.py:186} INFO - Started process (PID=1661311) to work on /root/venv/lib/python3.12/site-packages/airflow/example_dags/tutorial_dag.py
[2025-03-13T18:08:20.305+0000] {processor.py:914} INFO - Processing file /root/venv/lib/python3.12/site-packages/airflow/example_dags/tutorial_dag.py for tasks to queue
[2025-03-13T18:08:20.307+0000] {logging_mixin.py:190} INFO - [2025-03-13T18:08:20.307+0000] {dagbag.py:588} INFO - Filling up the DagBag from /root/venv/lib/python3.12/site-packages/airflow/example_dags/tutorial_dag.py
[2025-03-13T18:08:20.318+0000] {processor.py:925} INFO - DAG(s) 'tutorial_dag' retrieved from /root/venv/lib/python3.12/site-packages/airflow/example_dags/tutorial_dag.py
[2025-03-13T18:08:20.336+0000] {logging_mixin.py:190} INFO - [2025-03-13T18:08:20.336+0000] {dag.py:3239} INFO - Sync 1 DAGs
[2025-03-13T18:08:20.351+0000] {logging_mixin.py:190} INFO - [2025-03-13T18:08:20.350+0000] {dag.py:4180} INFO - Setting next_dagrun for tutorial_dag to None, run_after=None
[2025-03-13T18:08:20.374+0000] {processor.py:208} INFO - Processing /root/venv/lib/python3.12/site-packages/airflow/example_dags/tutorial_dag.py took 0.081 seconds
[2025-03-13T18:09:23.896+0000] {processor.py:186} INFO - Started process (PID=1661378) to work on /root/venv/lib/python3.12/site-packages/airflow/example_dags/tutorial_dag.py
[2025-03-13T18:09:23.898+0000] {processor.py:914} INFO - Processing file /root/venv/lib/python3.12/site-packages/airflow/example_dags/tutorial_dag.py for tasks to queue
[2025-03-13T18:09:23.901+0000] {logging_mixin.py:190} INFO - [2025-03-13T18:09:23.900+0000] {dagbag.py:588} INFO - Filling up the DagBag from /root/venv/lib/python3.12/site-packages/airflow/example_dags/tutorial_dag.py
[2025-03-13T18:09:23.912+0000] {processor.py:925} INFO - DAG(s) 'tutorial_dag' retrieved from /root/venv/lib/python3.12/site-packages/airflow/example_dags/tutorial_dag.py
[2025-03-13T18:09:23.932+0000] {logging_mixin.py:190} INFO - [2025-03-13T18:09:23.932+0000] {dag.py:3239} INFO - Sync 1 DAGs
[2025-03-13T18:09:23.949+0000] {logging_mixin.py:190} INFO - [2025-03-13T18:09:23.949+0000] {dag.py:4180} INFO - Setting next_dagrun for tutorial_dag to None, run_after=None
[2025-03-13T18:09:23.976+0000] {processor.py:208} INFO - Processing /root/venv/lib/python3.12/site-packages/airflow/example_dags/tutorial_dag.py took 0.088 seconds
[2025-03-13T18:10:25.938+0000] {processor.py:186} INFO - Started process (PID=1661448) to work on /root/venv/lib/python3.12/site-packages/airflow/example_dags/tutorial_dag.py
[2025-03-13T18:10:25.940+0000] {processor.py:914} INFO - Processing file /root/venv/lib/python3.12/site-packages/airflow/example_dags/tutorial_dag.py for tasks to queue
[2025-03-13T18:10:25.944+0000] {logging_mixin.py:190} INFO - [2025-03-13T18:10:25.943+0000] {dagbag.py:588} INFO - Filling up the DagBag from /root/venv/lib/python3.12/site-packages/airflow/example_dags/tutorial_dag.py
[2025-03-13T18:10:25.958+0000] {processor.py:925} INFO - DAG(s) 'tutorial_dag' retrieved from /root/venv/lib/python3.12/site-packages/airflow/example_dags/tutorial_dag.py
[2025-03-13T18:10:25.987+0000] {logging_mixin.py:190} INFO - [2025-03-13T18:10:25.986+0000] {dag.py:3239} INFO - Sync 1 DAGs
[2025-03-13T18:10:26.007+0000] {logging_mixin.py:190} INFO - [2025-03-13T18:10:26.007+0000] {dag.py:4180} INFO - Setting next_dagrun for tutorial_dag to None, run_after=None
[2025-03-13T18:10:26.034+0000] {processor.py:208} INFO - Processing /root/venv/lib/python3.12/site-packages/airflow/example_dags/tutorial_dag.py took 0.107 seconds
[2025-03-13T18:11:32.684+0000] {processor.py:186} INFO - Started process (PID=1661514) to work on /root/venv/lib/python3.12/site-packages/airflow/example_dags/tutorial_dag.py
[2025-03-13T18:11:32.686+0000] {processor.py:914} INFO - Processing file /root/venv/lib/python3.12/site-packages/airflow/example_dags/tutorial_dag.py for tasks to queue
[2025-03-13T18:11:32.688+0000] {logging_mixin.py:190} INFO - [2025-03-13T18:11:32.688+0000] {dagbag.py:588} INFO - Filling up the DagBag from /root/venv/lib/python3.12/site-packages/airflow/example_dags/tutorial_dag.py
[2025-03-13T18:11:32.703+0000] {processor.py:925} INFO - DAG(s) 'tutorial_dag' retrieved from /root/venv/lib/python3.12/site-packages/airflow/example_dags/tutorial_dag.py
[2025-03-13T18:11:32.732+0000] {logging_mixin.py:190} INFO - [2025-03-13T18:11:32.732+0000] {dag.py:3239} INFO - Sync 1 DAGs
[2025-03-13T18:11:32.756+0000] {logging_mixin.py:190} INFO - [2025-03-13T18:11:32.755+0000] {dag.py:4180} INFO - Setting next_dagrun for tutorial_dag to None, run_after=None
[2025-03-13T18:11:32.797+0000] {processor.py:208} INFO - Processing /root/venv/lib/python3.12/site-packages/airflow/example_dags/tutorial_dag.py took 0.124 seconds
[2025-03-13T18:12:39.515+0000] {processor.py:186} INFO - Started process (PID=1661592) to work on /root/venv/lib/python3.12/site-packages/airflow/example_dags/tutorial_dag.py
[2025-03-13T18:12:39.517+0000] {processor.py:914} INFO - Processing file /root/venv/lib/python3.12/site-packages/airflow/example_dags/tutorial_dag.py for tasks to queue
[2025-03-13T18:12:39.518+0000] {logging_mixin.py:190} INFO - [2025-03-13T18:12:39.518+0000] {dagbag.py:588} INFO - Filling up the DagBag from /root/venv/lib/python3.12/site-packages/airflow/example_dags/tutorial_dag.py
[2025-03-13T18:12:39.531+0000] {processor.py:925} INFO - DAG(s) 'tutorial_dag' retrieved from /root/venv/lib/python3.12/site-packages/airflow/example_dags/tutorial_dag.py
[2025-03-13T18:12:39.555+0000] {logging_mixin.py:190} INFO - [2025-03-13T18:12:39.555+0000] {dag.py:3239} INFO - Sync 1 DAGs
[2025-03-13T18:12:39.575+0000] {logging_mixin.py:190} INFO - [2025-03-13T18:12:39.574+0000] {dag.py:4180} INFO - Setting next_dagrun for tutorial_dag to None, run_after=None
[2025-03-13T18:12:39.606+0000] {processor.py:208} INFO - Processing /root/venv/lib/python3.12/site-packages/airflow/example_dags/tutorial_dag.py took 0.100 seconds
[2025-03-13T18:13:47.445+0000] {processor.py:186} INFO - Started process (PID=1661661) to work on /root/venv/lib/python3.12/site-packages/airflow/example_dags/tutorial_dag.py
[2025-03-13T18:13:47.447+0000] {processor.py:914} INFO - Processing file /root/venv/lib/python3.12/site-packages/airflow/example_dags/tutorial_dag.py for tasks to queue
[2025-03-13T18:13:47.450+0000] {logging_mixin.py:190} INFO - [2025-03-13T18:13:47.449+0000] {dagbag.py:588} INFO - Filling up the DagBag from /root/venv/lib/python3.12/site-packages/airflow/example_dags/tutorial_dag.py
[2025-03-13T18:13:47.465+0000] {processor.py:925} INFO - DAG(s) 'tutorial_dag' retrieved from /root/venv/lib/python3.12/site-packages/airflow/example_dags/tutorial_dag.py
[2025-03-13T18:13:47.491+0000] {logging_mixin.py:190} INFO - [2025-03-13T18:13:47.491+0000] {dag.py:3239} INFO - Sync 1 DAGs
[2025-03-13T18:13:47.511+0000] {logging_mixin.py:190} INFO - [2025-03-13T18:13:47.510+0000] {dag.py:4180} INFO - Setting next_dagrun for tutorial_dag to None, run_after=None
[2025-03-13T18:13:47.540+0000] {processor.py:208} INFO - Processing /root/venv/lib/python3.12/site-packages/airflow/example_dags/tutorial_dag.py took 0.106 seconds
[2025-03-13T18:14:55.611+0000] {processor.py:186} INFO - Started process (PID=1661736) to work on /root/venv/lib/python3.12/site-packages/airflow/example_dags/tutorial_dag.py
[2025-03-13T18:14:55.613+0000] {processor.py:914} INFO - Processing file /root/venv/lib/python3.12/site-packages/airflow/example_dags/tutorial_dag.py for tasks to queue
[2025-03-13T18:14:55.614+0000] {logging_mixin.py:190} INFO - [2025-03-13T18:14:55.614+0000] {dagbag.py:588} INFO - Filling up the DagBag from /root/venv/lib/python3.12/site-packages/airflow/example_dags/tutorial_dag.py
[2025-03-13T18:14:55.626+0000] {processor.py:925} INFO - DAG(s) 'tutorial_dag' retrieved from /root/venv/lib/python3.12/site-packages/airflow/example_dags/tutorial_dag.py
[2025-03-13T18:14:55.650+0000] {logging_mixin.py:190} INFO - [2025-03-13T18:14:55.650+0000] {dag.py:3239} INFO - Sync 1 DAGs
[2025-03-13T18:14:55.668+0000] {logging_mixin.py:190} INFO - [2025-03-13T18:14:55.668+0000] {dag.py:4180} INFO - Setting next_dagrun for tutorial_dag to None, run_after=None
[2025-03-13T18:14:55.701+0000] {processor.py:208} INFO - Processing /root/venv/lib/python3.12/site-packages/airflow/example_dags/tutorial_dag.py took 0.099 seconds
[2025-03-13T19:39:09.784+0000] {processor.py:186} INFO - Started process (PID=1662371) to work on /root/venv/lib/python3.12/site-packages/airflow/example_dags/tutorial_dag.py
[2025-03-13T19:39:09.785+0000] {processor.py:914} INFO - Processing file /root/venv/lib/python3.12/site-packages/airflow/example_dags/tutorial_dag.py for tasks to queue
[2025-03-13T19:39:09.789+0000] {logging_mixin.py:190} INFO - [2025-03-13T19:39:09.788+0000] {dagbag.py:588} INFO - Filling up the DagBag from /root/venv/lib/python3.12/site-packages/airflow/example_dags/tutorial_dag.py
[2025-03-13T19:39:09.803+0000] {processor.py:925} INFO - DAG(s) 'tutorial_dag' retrieved from /root/venv/lib/python3.12/site-packages/airflow/example_dags/tutorial_dag.py
[2025-03-13T19:39:09.842+0000] {logging_mixin.py:190} INFO - [2025-03-13T19:39:09.841+0000] {dag.py:3239} INFO - Sync 1 DAGs
[2025-03-13T19:39:09.863+0000] {logging_mixin.py:190} INFO - [2025-03-13T19:39:09.863+0000] {dag.py:4180} INFO - Setting next_dagrun for tutorial_dag to None, run_after=None
[2025-03-13T19:39:09.890+0000] {processor.py:208} INFO - Processing /root/venv/lib/python3.12/site-packages/airflow/example_dags/tutorial_dag.py took 0.116 seconds
