[2025-03-13T17:30:50.147+0000] {processor.py:186} INFO - Started process (PID=1658846) to work on /root/venv/lib/python3.12/site-packages/airflow/example_dags/tutorial_objectstorage.py
[2025-03-13T17:30:50.149+0000] {processor.py:914} INFO - Processing file /root/venv/lib/python3.12/site-packages/airflow/example_dags/tutorial_objectstorage.py for tasks to queue
[2025-03-13T17:30:50.152+0000] {logging_mixin.py:190} INFO - [2025-03-13T17:30:50.152+0000] {dagbag.py:588} INFO - Filling up the DagBag from /root/venv/lib/python3.12/site-packages/airflow/example_dags/tutorial_objectstorage.py
[2025-03-13T17:30:50.171+0000] {processor.py:925} INFO - DAG(s) 'tutorial_objectstorage' retrieved from /root/venv/lib/python3.12/site-packages/airflow/example_dags/tutorial_objectstorage.py
[2025-03-13T17:30:50.311+0000] {logging_mixin.py:190} INFO - [2025-03-13T17:30:50.311+0000] {dag.py:3239} INFO - Sync 1 DAGs
[2025-03-13T17:30:50.326+0000] {logging_mixin.py:190} INFO - [2025-03-13T17:30:50.326+0000] {dag.py:4180} INFO - Setting next_dagrun for tutorial_objectstorage to None, run_after=None
[2025-03-13T17:30:50.358+0000] {processor.py:208} INFO - Processing /root/venv/lib/python3.12/site-packages/airflow/example_dags/tutorial_objectstorage.py took 0.221 seconds
[2025-03-13T17:31:58.642+0000] {processor.py:186} INFO - Started process (PID=1658910) to work on /root/venv/lib/python3.12/site-packages/airflow/example_dags/tutorial_objectstorage.py
[2025-03-13T17:31:58.645+0000] {processor.py:914} INFO - Processing file /root/venv/lib/python3.12/site-packages/airflow/example_dags/tutorial_objectstorage.py for tasks to queue
[2025-03-13T17:31:58.649+0000] {logging_mixin.py:190} INFO - [2025-03-13T17:31:58.648+0000] {dagbag.py:588} INFO - Filling up the DagBag from /root/venv/lib/python3.12/site-packages/airflow/example_dags/tutorial_objectstorage.py
[2025-03-13T17:31:58.661+0000] {processor.py:925} INFO - DAG(s) 'tutorial_objectstorage' retrieved from /root/venv/lib/python3.12/site-packages/airflow/example_dags/tutorial_objectstorage.py
[2025-03-13T17:31:58.682+0000] {logging_mixin.py:190} INFO - [2025-03-13T17:31:58.682+0000] {dag.py:3239} INFO - Sync 1 DAGs
[2025-03-13T17:31:58.696+0000] {logging_mixin.py:190} INFO - [2025-03-13T17:31:58.696+0000] {dag.py:4180} INFO - Setting next_dagrun for tutorial_objectstorage to None, run_after=None
[2025-03-13T17:31:58.719+0000] {processor.py:208} INFO - Processing /root/venv/lib/python3.12/site-packages/airflow/example_dags/tutorial_objectstorage.py took 0.086 seconds
[2025-03-13T17:32:56.967+0000] {processor.py:186} INFO - Started process (PID=1659034) to work on /root/venv/lib/python3.12/site-packages/airflow/example_dags/tutorial_objectstorage.py
[2025-03-13T17:32:56.968+0000] {processor.py:914} INFO - Processing file /root/venv/lib/python3.12/site-packages/airflow/example_dags/tutorial_objectstorage.py for tasks to queue
[2025-03-13T17:32:56.971+0000] {logging_mixin.py:190} INFO - [2025-03-13T17:32:56.971+0000] {dagbag.py:588} INFO - Filling up the DagBag from /root/venv/lib/python3.12/site-packages/airflow/example_dags/tutorial_objectstorage.py
[2025-03-13T17:32:56.984+0000] {processor.py:925} INFO - DAG(s) 'tutorial_objectstorage' retrieved from /root/venv/lib/python3.12/site-packages/airflow/example_dags/tutorial_objectstorage.py
[2025-03-13T17:32:57.005+0000] {logging_mixin.py:190} INFO - [2025-03-13T17:32:57.005+0000] {dag.py:3239} INFO - Sync 1 DAGs
[2025-03-13T17:32:57.020+0000] {logging_mixin.py:190} INFO - [2025-03-13T17:32:57.020+0000] {dag.py:4180} INFO - Setting next_dagrun for tutorial_objectstorage to None, run_after=None
[2025-03-13T17:32:57.044+0000] {processor.py:208} INFO - Processing /root/venv/lib/python3.12/site-packages/airflow/example_dags/tutorial_objectstorage.py took 0.086 seconds
[2025-03-13T17:33:59.833+0000] {processor.py:186} INFO - Started process (PID=1659100) to work on /root/venv/lib/python3.12/site-packages/airflow/example_dags/tutorial_objectstorage.py
[2025-03-13T17:33:59.835+0000] {processor.py:914} INFO - Processing file /root/venv/lib/python3.12/site-packages/airflow/example_dags/tutorial_objectstorage.py for tasks to queue
[2025-03-13T17:33:59.838+0000] {logging_mixin.py:190} INFO - [2025-03-13T17:33:59.837+0000] {dagbag.py:588} INFO - Filling up the DagBag from /root/venv/lib/python3.12/site-packages/airflow/example_dags/tutorial_objectstorage.py
[2025-03-13T17:33:59.852+0000] {processor.py:925} INFO - DAG(s) 'tutorial_objectstorage' retrieved from /root/venv/lib/python3.12/site-packages/airflow/example_dags/tutorial_objectstorage.py
[2025-03-13T17:33:59.875+0000] {logging_mixin.py:190} INFO - [2025-03-13T17:33:59.874+0000] {dag.py:3239} INFO - Sync 1 DAGs
[2025-03-13T17:33:59.891+0000] {logging_mixin.py:190} INFO - [2025-03-13T17:33:59.890+0000] {dag.py:4180} INFO - Setting next_dagrun for tutorial_objectstorage to None, run_after=None
[2025-03-13T17:33:59.915+0000] {processor.py:208} INFO - Processing /root/venv/lib/python3.12/site-packages/airflow/example_dags/tutorial_objectstorage.py took 0.089 seconds
[2025-03-13T17:34:45.648+0000] {processor.py:186} INFO - Started process (PID=1659154) to work on /root/venv/lib/python3.12/site-packages/airflow/example_dags/tutorial_objectstorage.py
[2025-03-13T17:34:45.649+0000] {processor.py:914} INFO - Processing file /root/venv/lib/python3.12/site-packages/airflow/example_dags/tutorial_objectstorage.py for tasks to queue
[2025-03-13T17:34:45.653+0000] {logging_mixin.py:190} INFO - [2025-03-13T17:34:45.652+0000] {dagbag.py:588} INFO - Filling up the DagBag from /root/venv/lib/python3.12/site-packages/airflow/example_dags/tutorial_objectstorage.py
[2025-03-13T17:34:45.669+0000] {processor.py:925} INFO - DAG(s) 'tutorial_objectstorage' retrieved from /root/venv/lib/python3.12/site-packages/airflow/example_dags/tutorial_objectstorage.py
[2025-03-13T17:34:45.696+0000] {logging_mixin.py:190} INFO - [2025-03-13T17:34:45.696+0000] {dag.py:3239} INFO - Sync 1 DAGs
[2025-03-13T17:34:45.711+0000] {logging_mixin.py:190} INFO - [2025-03-13T17:34:45.711+0000] {dag.py:4180} INFO - Setting next_dagrun for tutorial_objectstorage to None, run_after=None
[2025-03-13T17:34:45.734+0000] {processor.py:208} INFO - Processing /root/venv/lib/python3.12/site-packages/airflow/example_dags/tutorial_objectstorage.py took 0.094 seconds
[2025-03-13T17:35:45.181+0000] {processor.py:186} INFO - Started process (PID=1659219) to work on /root/venv/lib/python3.12/site-packages/airflow/example_dags/tutorial_objectstorage.py
[2025-03-13T17:35:45.183+0000] {processor.py:914} INFO - Processing file /root/venv/lib/python3.12/site-packages/airflow/example_dags/tutorial_objectstorage.py for tasks to queue
[2025-03-13T17:35:45.187+0000] {logging_mixin.py:190} INFO - [2025-03-13T17:35:45.186+0000] {dagbag.py:588} INFO - Filling up the DagBag from /root/venv/lib/python3.12/site-packages/airflow/example_dags/tutorial_objectstorage.py
[2025-03-13T17:35:45.201+0000] {processor.py:925} INFO - DAG(s) 'tutorial_objectstorage' retrieved from /root/venv/lib/python3.12/site-packages/airflow/example_dags/tutorial_objectstorage.py
[2025-03-13T17:35:45.224+0000] {logging_mixin.py:190} INFO - [2025-03-13T17:35:45.223+0000] {dag.py:3239} INFO - Sync 1 DAGs
[2025-03-13T17:35:45.240+0000] {logging_mixin.py:190} INFO - [2025-03-13T17:35:45.239+0000] {dag.py:4180} INFO - Setting next_dagrun for tutorial_objectstorage to None, run_after=None
[2025-03-13T17:35:45.266+0000] {processor.py:208} INFO - Processing /root/venv/lib/python3.12/site-packages/airflow/example_dags/tutorial_objectstorage.py took 0.095 seconds
[2025-03-13T17:36:44.894+0000] {processor.py:186} INFO - Started process (PID=1659284) to work on /root/venv/lib/python3.12/site-packages/airflow/example_dags/tutorial_objectstorage.py
[2025-03-13T17:36:44.897+0000] {processor.py:914} INFO - Processing file /root/venv/lib/python3.12/site-packages/airflow/example_dags/tutorial_objectstorage.py for tasks to queue
[2025-03-13T17:36:44.900+0000] {logging_mixin.py:190} INFO - [2025-03-13T17:36:44.899+0000] {dagbag.py:588} INFO - Filling up the DagBag from /root/venv/lib/python3.12/site-packages/airflow/example_dags/tutorial_objectstorage.py
[2025-03-13T17:36:44.915+0000] {processor.py:925} INFO - DAG(s) 'tutorial_objectstorage' retrieved from /root/venv/lib/python3.12/site-packages/airflow/example_dags/tutorial_objectstorage.py
[2025-03-13T17:36:44.938+0000] {logging_mixin.py:190} INFO - [2025-03-13T17:36:44.937+0000] {dag.py:3239} INFO - Sync 1 DAGs
[2025-03-13T17:36:44.955+0000] {logging_mixin.py:190} INFO - [2025-03-13T17:36:44.955+0000] {dag.py:4180} INFO - Setting next_dagrun for tutorial_objectstorage to None, run_after=None
[2025-03-13T17:36:44.987+0000] {processor.py:208} INFO - Processing /root/venv/lib/python3.12/site-packages/airflow/example_dags/tutorial_objectstorage.py took 0.104 seconds
[2025-03-13T17:37:45.341+0000] {processor.py:186} INFO - Started process (PID=1659347) to work on /root/venv/lib/python3.12/site-packages/airflow/example_dags/tutorial_objectstorage.py
[2025-03-13T17:37:45.343+0000] {processor.py:914} INFO - Processing file /root/venv/lib/python3.12/site-packages/airflow/example_dags/tutorial_objectstorage.py for tasks to queue
[2025-03-13T17:37:45.346+0000] {logging_mixin.py:190} INFO - [2025-03-13T17:37:45.345+0000] {dagbag.py:588} INFO - Filling up the DagBag from /root/venv/lib/python3.12/site-packages/airflow/example_dags/tutorial_objectstorage.py
[2025-03-13T17:37:45.357+0000] {processor.py:925} INFO - DAG(s) 'tutorial_objectstorage' retrieved from /root/venv/lib/python3.12/site-packages/airflow/example_dags/tutorial_objectstorage.py
[2025-03-13T17:37:45.376+0000] {logging_mixin.py:190} INFO - [2025-03-13T17:37:45.376+0000] {dag.py:3239} INFO - Sync 1 DAGs
[2025-03-13T17:37:45.390+0000] {logging_mixin.py:190} INFO - [2025-03-13T17:37:45.390+0000] {dag.py:4180} INFO - Setting next_dagrun for tutorial_objectstorage to None, run_after=None
[2025-03-13T17:37:45.411+0000] {processor.py:208} INFO - Processing /root/venv/lib/python3.12/site-packages/airflow/example_dags/tutorial_objectstorage.py took 0.078 seconds
[2025-03-13T17:38:49.467+0000] {processor.py:186} INFO - Started process (PID=1659410) to work on /root/venv/lib/python3.12/site-packages/airflow/example_dags/tutorial_objectstorage.py
[2025-03-13T17:38:49.468+0000] {processor.py:914} INFO - Processing file /root/venv/lib/python3.12/site-packages/airflow/example_dags/tutorial_objectstorage.py for tasks to queue
[2025-03-13T17:38:49.472+0000] {logging_mixin.py:190} INFO - [2025-03-13T17:38:49.471+0000] {dagbag.py:588} INFO - Filling up the DagBag from /root/venv/lib/python3.12/site-packages/airflow/example_dags/tutorial_objectstorage.py
[2025-03-13T17:38:49.487+0000] {processor.py:925} INFO - DAG(s) 'tutorial_objectstorage' retrieved from /root/venv/lib/python3.12/site-packages/airflow/example_dags/tutorial_objectstorage.py
[2025-03-13T17:38:49.506+0000] {logging_mixin.py:190} INFO - [2025-03-13T17:38:49.506+0000] {dag.py:3239} INFO - Sync 1 DAGs
[2025-03-13T17:38:49.520+0000] {logging_mixin.py:190} INFO - [2025-03-13T17:38:49.520+0000] {dag.py:4180} INFO - Setting next_dagrun for tutorial_objectstorage to None, run_after=None
[2025-03-13T17:38:49.543+0000] {processor.py:208} INFO - Processing /root/venv/lib/python3.12/site-packages/airflow/example_dags/tutorial_objectstorage.py took 0.088 seconds
[2025-03-13T17:39:49.616+0000] {processor.py:186} INFO - Started process (PID=1659470) to work on /root/venv/lib/python3.12/site-packages/airflow/example_dags/tutorial_objectstorage.py
[2025-03-13T17:39:49.618+0000] {processor.py:914} INFO - Processing file /root/venv/lib/python3.12/site-packages/airflow/example_dags/tutorial_objectstorage.py for tasks to queue
[2025-03-13T17:39:49.620+0000] {logging_mixin.py:190} INFO - [2025-03-13T17:39:49.619+0000] {dagbag.py:588} INFO - Filling up the DagBag from /root/venv/lib/python3.12/site-packages/airflow/example_dags/tutorial_objectstorage.py
[2025-03-13T17:39:49.631+0000] {processor.py:925} INFO - DAG(s) 'tutorial_objectstorage' retrieved from /root/venv/lib/python3.12/site-packages/airflow/example_dags/tutorial_objectstorage.py
[2025-03-13T17:39:49.649+0000] {logging_mixin.py:190} INFO - [2025-03-13T17:39:49.648+0000] {dag.py:3239} INFO - Sync 1 DAGs
[2025-03-13T17:39:49.661+0000] {logging_mixin.py:190} INFO - [2025-03-13T17:39:49.661+0000] {dag.py:4180} INFO - Setting next_dagrun for tutorial_objectstorage to None, run_after=None
[2025-03-13T17:39:49.683+0000] {processor.py:208} INFO - Processing /root/venv/lib/python3.12/site-packages/airflow/example_dags/tutorial_objectstorage.py took 0.074 seconds
[2025-03-13T17:40:49.459+0000] {processor.py:186} INFO - Started process (PID=1659536) to work on /root/venv/lib/python3.12/site-packages/airflow/example_dags/tutorial_objectstorage.py
[2025-03-13T17:40:49.460+0000] {processor.py:914} INFO - Processing file /root/venv/lib/python3.12/site-packages/airflow/example_dags/tutorial_objectstorage.py for tasks to queue
[2025-03-13T17:40:49.463+0000] {logging_mixin.py:190} INFO - [2025-03-13T17:40:49.462+0000] {dagbag.py:588} INFO - Filling up the DagBag from /root/venv/lib/python3.12/site-packages/airflow/example_dags/tutorial_objectstorage.py
[2025-03-13T17:40:49.476+0000] {processor.py:925} INFO - DAG(s) 'tutorial_objectstorage' retrieved from /root/venv/lib/python3.12/site-packages/airflow/example_dags/tutorial_objectstorage.py
[2025-03-13T17:40:49.495+0000] {logging_mixin.py:190} INFO - [2025-03-13T17:40:49.494+0000] {dag.py:3239} INFO - Sync 1 DAGs
[2025-03-13T17:40:49.510+0000] {logging_mixin.py:190} INFO - [2025-03-13T17:40:49.510+0000] {dag.py:4180} INFO - Setting next_dagrun for tutorial_objectstorage to None, run_after=None
[2025-03-13T17:40:49.560+0000] {processor.py:208} INFO - Processing /root/venv/lib/python3.12/site-packages/airflow/example_dags/tutorial_objectstorage.py took 0.108 seconds
[2025-03-13T17:41:52.628+0000] {processor.py:186} INFO - Started process (PID=1659602) to work on /root/venv/lib/python3.12/site-packages/airflow/example_dags/tutorial_objectstorage.py
[2025-03-13T17:41:52.629+0000] {processor.py:914} INFO - Processing file /root/venv/lib/python3.12/site-packages/airflow/example_dags/tutorial_objectstorage.py for tasks to queue
[2025-03-13T17:41:52.633+0000] {logging_mixin.py:190} INFO - [2025-03-13T17:41:52.632+0000] {dagbag.py:588} INFO - Filling up the DagBag from /root/venv/lib/python3.12/site-packages/airflow/example_dags/tutorial_objectstorage.py
[2025-03-13T17:41:52.649+0000] {processor.py:925} INFO - DAG(s) 'tutorial_objectstorage' retrieved from /root/venv/lib/python3.12/site-packages/airflow/example_dags/tutorial_objectstorage.py
[2025-03-13T17:41:52.848+0000] {logging_mixin.py:190} INFO - [2025-03-13T17:41:52.847+0000] {dag.py:3239} INFO - Sync 1 DAGs
[2025-03-13T17:41:52.859+0000] {logging_mixin.py:190} INFO - [2025-03-13T17:41:52.859+0000] {dag.py:4180} INFO - Setting next_dagrun for tutorial_objectstorage to None, run_after=None
[2025-03-13T17:41:52.883+0000] {processor.py:208} INFO - Processing /root/venv/lib/python3.12/site-packages/airflow/example_dags/tutorial_objectstorage.py took 0.263 seconds
[2025-03-13T17:42:56.785+0000] {processor.py:186} INFO - Started process (PID=1659668) to work on /root/venv/lib/python3.12/site-packages/airflow/example_dags/tutorial_objectstorage.py
[2025-03-13T17:42:56.787+0000] {processor.py:914} INFO - Processing file /root/venv/lib/python3.12/site-packages/airflow/example_dags/tutorial_objectstorage.py for tasks to queue
[2025-03-13T17:42:56.790+0000] {logging_mixin.py:190} INFO - [2025-03-13T17:42:56.790+0000] {dagbag.py:588} INFO - Filling up the DagBag from /root/venv/lib/python3.12/site-packages/airflow/example_dags/tutorial_objectstorage.py
[2025-03-13T17:42:56.805+0000] {processor.py:925} INFO - DAG(s) 'tutorial_objectstorage' retrieved from /root/venv/lib/python3.12/site-packages/airflow/example_dags/tutorial_objectstorage.py
[2025-03-13T17:42:56.830+0000] {logging_mixin.py:190} INFO - [2025-03-13T17:42:56.829+0000] {dag.py:3239} INFO - Sync 1 DAGs
[2025-03-13T17:42:56.848+0000] {logging_mixin.py:190} INFO - [2025-03-13T17:42:56.848+0000] {dag.py:4180} INFO - Setting next_dagrun for tutorial_objectstorage to None, run_after=None
[2025-03-13T17:42:56.877+0000] {processor.py:208} INFO - Processing /root/venv/lib/python3.12/site-packages/airflow/example_dags/tutorial_objectstorage.py took 0.102 seconds
[2025-03-13T17:43:54.666+0000] {processor.py:186} INFO - Started process (PID=1659730) to work on /root/venv/lib/python3.12/site-packages/airflow/example_dags/tutorial_objectstorage.py
[2025-03-13T17:43:54.668+0000] {processor.py:914} INFO - Processing file /root/venv/lib/python3.12/site-packages/airflow/example_dags/tutorial_objectstorage.py for tasks to queue
[2025-03-13T17:43:54.673+0000] {logging_mixin.py:190} INFO - [2025-03-13T17:43:54.672+0000] {dagbag.py:588} INFO - Filling up the DagBag from /root/venv/lib/python3.12/site-packages/airflow/example_dags/tutorial_objectstorage.py
[2025-03-13T17:43:54.687+0000] {processor.py:925} INFO - DAG(s) 'tutorial_objectstorage' retrieved from /root/venv/lib/python3.12/site-packages/airflow/example_dags/tutorial_objectstorage.py
[2025-03-13T17:43:54.708+0000] {logging_mixin.py:190} INFO - [2025-03-13T17:43:54.708+0000] {dag.py:3239} INFO - Sync 1 DAGs
[2025-03-13T17:43:54.725+0000] {logging_mixin.py:190} INFO - [2025-03-13T17:43:54.725+0000] {dag.py:4180} INFO - Setting next_dagrun for tutorial_objectstorage to None, run_after=None
[2025-03-13T17:43:54.754+0000] {processor.py:208} INFO - Processing /root/venv/lib/python3.12/site-packages/airflow/example_dags/tutorial_objectstorage.py took 0.096 seconds
[2025-03-13T17:44:59.144+0000] {processor.py:186} INFO - Started process (PID=1659809) to work on /root/venv/lib/python3.12/site-packages/airflow/example_dags/tutorial_objectstorage.py
[2025-03-13T17:44:59.146+0000] {processor.py:914} INFO - Processing file /root/venv/lib/python3.12/site-packages/airflow/example_dags/tutorial_objectstorage.py for tasks to queue
[2025-03-13T17:44:59.149+0000] {logging_mixin.py:190} INFO - [2025-03-13T17:44:59.149+0000] {dagbag.py:588} INFO - Filling up the DagBag from /root/venv/lib/python3.12/site-packages/airflow/example_dags/tutorial_objectstorage.py
[2025-03-13T17:44:59.163+0000] {processor.py:925} INFO - DAG(s) 'tutorial_objectstorage' retrieved from /root/venv/lib/python3.12/site-packages/airflow/example_dags/tutorial_objectstorage.py
[2025-03-13T17:44:59.183+0000] {logging_mixin.py:190} INFO - [2025-03-13T17:44:59.183+0000] {dag.py:3239} INFO - Sync 1 DAGs
[2025-03-13T17:44:59.199+0000] {logging_mixin.py:190} INFO - [2025-03-13T17:44:59.199+0000] {dag.py:4180} INFO - Setting next_dagrun for tutorial_objectstorage to None, run_after=None
[2025-03-13T17:44:59.224+0000] {processor.py:208} INFO - Processing /root/venv/lib/python3.12/site-packages/airflow/example_dags/tutorial_objectstorage.py took 0.090 seconds
[2025-03-13T17:46:04.188+0000] {processor.py:186} INFO - Started process (PID=1659878) to work on /root/venv/lib/python3.12/site-packages/airflow/example_dags/tutorial_objectstorage.py
[2025-03-13T17:46:04.190+0000] {processor.py:914} INFO - Processing file /root/venv/lib/python3.12/site-packages/airflow/example_dags/tutorial_objectstorage.py for tasks to queue
[2025-03-13T17:46:04.194+0000] {logging_mixin.py:190} INFO - [2025-03-13T17:46:04.193+0000] {dagbag.py:588} INFO - Filling up the DagBag from /root/venv/lib/python3.12/site-packages/airflow/example_dags/tutorial_objectstorage.py
[2025-03-13T17:46:04.211+0000] {processor.py:925} INFO - DAG(s) 'tutorial_objectstorage' retrieved from /root/venv/lib/python3.12/site-packages/airflow/example_dags/tutorial_objectstorage.py
[2025-03-13T17:46:04.236+0000] {logging_mixin.py:190} INFO - [2025-03-13T17:46:04.235+0000] {dag.py:3239} INFO - Sync 1 DAGs
[2025-03-13T17:46:04.257+0000] {logging_mixin.py:190} INFO - [2025-03-13T17:46:04.257+0000] {dag.py:4180} INFO - Setting next_dagrun for tutorial_objectstorage to None, run_after=None
[2025-03-13T17:46:04.287+0000] {processor.py:208} INFO - Processing /root/venv/lib/python3.12/site-packages/airflow/example_dags/tutorial_objectstorage.py took 0.107 seconds
[2025-03-13T17:47:07.678+0000] {processor.py:186} INFO - Started process (PID=1659941) to work on /root/venv/lib/python3.12/site-packages/airflow/example_dags/tutorial_objectstorage.py
[2025-03-13T17:47:07.680+0000] {processor.py:914} INFO - Processing file /root/venv/lib/python3.12/site-packages/airflow/example_dags/tutorial_objectstorage.py for tasks to queue
[2025-03-13T17:47:07.684+0000] {logging_mixin.py:190} INFO - [2025-03-13T17:47:07.683+0000] {dagbag.py:588} INFO - Filling up the DagBag from /root/venv/lib/python3.12/site-packages/airflow/example_dags/tutorial_objectstorage.py
[2025-03-13T17:47:07.701+0000] {processor.py:925} INFO - DAG(s) 'tutorial_objectstorage' retrieved from /root/venv/lib/python3.12/site-packages/airflow/example_dags/tutorial_objectstorage.py
[2025-03-13T17:47:07.723+0000] {logging_mixin.py:190} INFO - [2025-03-13T17:47:07.723+0000] {dag.py:3239} INFO - Sync 1 DAGs
[2025-03-13T17:47:07.738+0000] {logging_mixin.py:190} INFO - [2025-03-13T17:47:07.738+0000] {dag.py:4180} INFO - Setting next_dagrun for tutorial_objectstorage to None, run_after=None
[2025-03-13T17:47:07.766+0000] {processor.py:208} INFO - Processing /root/venv/lib/python3.12/site-packages/airflow/example_dags/tutorial_objectstorage.py took 0.098 seconds
[2025-03-13T17:48:06.365+0000] {processor.py:186} INFO - Started process (PID=1660006) to work on /root/venv/lib/python3.12/site-packages/airflow/example_dags/tutorial_objectstorage.py
[2025-03-13T17:48:06.366+0000] {processor.py:914} INFO - Processing file /root/venv/lib/python3.12/site-packages/airflow/example_dags/tutorial_objectstorage.py for tasks to queue
[2025-03-13T17:48:06.370+0000] {logging_mixin.py:190} INFO - [2025-03-13T17:48:06.369+0000] {dagbag.py:588} INFO - Filling up the DagBag from /root/venv/lib/python3.12/site-packages/airflow/example_dags/tutorial_objectstorage.py
[2025-03-13T17:48:06.383+0000] {processor.py:925} INFO - DAG(s) 'tutorial_objectstorage' retrieved from /root/venv/lib/python3.12/site-packages/airflow/example_dags/tutorial_objectstorage.py
[2025-03-13T17:48:06.403+0000] {logging_mixin.py:190} INFO - [2025-03-13T17:48:06.403+0000] {dag.py:3239} INFO - Sync 1 DAGs
[2025-03-13T17:48:06.418+0000] {logging_mixin.py:190} INFO - [2025-03-13T17:48:06.418+0000] {dag.py:4180} INFO - Setting next_dagrun for tutorial_objectstorage to None, run_after=None
[2025-03-13T17:48:06.444+0000] {processor.py:208} INFO - Processing /root/venv/lib/python3.12/site-packages/airflow/example_dags/tutorial_objectstorage.py took 0.087 seconds
[2025-03-13T17:49:09.064+0000] {processor.py:186} INFO - Started process (PID=1660068) to work on /root/venv/lib/python3.12/site-packages/airflow/example_dags/tutorial_objectstorage.py
[2025-03-13T17:49:09.066+0000] {processor.py:914} INFO - Processing file /root/venv/lib/python3.12/site-packages/airflow/example_dags/tutorial_objectstorage.py for tasks to queue
[2025-03-13T17:49:09.069+0000] {logging_mixin.py:190} INFO - [2025-03-13T17:49:09.069+0000] {dagbag.py:588} INFO - Filling up the DagBag from /root/venv/lib/python3.12/site-packages/airflow/example_dags/tutorial_objectstorage.py
[2025-03-13T17:49:09.083+0000] {processor.py:925} INFO - DAG(s) 'tutorial_objectstorage' retrieved from /root/venv/lib/python3.12/site-packages/airflow/example_dags/tutorial_objectstorage.py
[2025-03-13T17:49:09.104+0000] {logging_mixin.py:190} INFO - [2025-03-13T17:49:09.103+0000] {dag.py:3239} INFO - Sync 1 DAGs
[2025-03-13T17:49:09.121+0000] {logging_mixin.py:190} INFO - [2025-03-13T17:49:09.121+0000] {dag.py:4180} INFO - Setting next_dagrun for tutorial_objectstorage to None, run_after=None
[2025-03-13T17:49:09.150+0000] {processor.py:208} INFO - Processing /root/venv/lib/python3.12/site-packages/airflow/example_dags/tutorial_objectstorage.py took 0.094 seconds
[2025-03-13T17:50:13.047+0000] {processor.py:186} INFO - Started process (PID=1660131) to work on /root/venv/lib/python3.12/site-packages/airflow/example_dags/tutorial_objectstorage.py
[2025-03-13T17:50:13.049+0000] {processor.py:914} INFO - Processing file /root/venv/lib/python3.12/site-packages/airflow/example_dags/tutorial_objectstorage.py for tasks to queue
[2025-03-13T17:50:13.052+0000] {logging_mixin.py:190} INFO - [2025-03-13T17:50:13.052+0000] {dagbag.py:588} INFO - Filling up the DagBag from /root/venv/lib/python3.12/site-packages/airflow/example_dags/tutorial_objectstorage.py
[2025-03-13T17:50:13.065+0000] {processor.py:925} INFO - DAG(s) 'tutorial_objectstorage' retrieved from /root/venv/lib/python3.12/site-packages/airflow/example_dags/tutorial_objectstorage.py
[2025-03-13T17:50:13.085+0000] {logging_mixin.py:190} INFO - [2025-03-13T17:50:13.085+0000] {dag.py:3239} INFO - Sync 1 DAGs
[2025-03-13T17:50:13.101+0000] {logging_mixin.py:190} INFO - [2025-03-13T17:50:13.101+0000] {dag.py:4180} INFO - Setting next_dagrun for tutorial_objectstorage to None, run_after=None
[2025-03-13T17:50:13.127+0000] {processor.py:208} INFO - Processing /root/venv/lib/python3.12/site-packages/airflow/example_dags/tutorial_objectstorage.py took 0.087 seconds
[2025-03-13T17:51:15.598+0000] {processor.py:186} INFO - Started process (PID=1660200) to work on /root/venv/lib/python3.12/site-packages/airflow/example_dags/tutorial_objectstorage.py
[2025-03-13T17:51:15.600+0000] {processor.py:914} INFO - Processing file /root/venv/lib/python3.12/site-packages/airflow/example_dags/tutorial_objectstorage.py for tasks to queue
[2025-03-13T17:51:15.602+0000] {logging_mixin.py:190} INFO - [2025-03-13T17:51:15.602+0000] {dagbag.py:588} INFO - Filling up the DagBag from /root/venv/lib/python3.12/site-packages/airflow/example_dags/tutorial_objectstorage.py
[2025-03-13T17:51:15.615+0000] {processor.py:925} INFO - DAG(s) 'tutorial_objectstorage' retrieved from /root/venv/lib/python3.12/site-packages/airflow/example_dags/tutorial_objectstorage.py
[2025-03-13T17:51:15.634+0000] {logging_mixin.py:190} INFO - [2025-03-13T17:51:15.634+0000] {dag.py:3239} INFO - Sync 1 DAGs
[2025-03-13T17:51:15.648+0000] {logging_mixin.py:190} INFO - [2025-03-13T17:51:15.648+0000] {dag.py:4180} INFO - Setting next_dagrun for tutorial_objectstorage to None, run_after=None
[2025-03-13T17:51:15.676+0000] {processor.py:208} INFO - Processing /root/venv/lib/python3.12/site-packages/airflow/example_dags/tutorial_objectstorage.py took 0.085 seconds
[2025-03-13T17:52:18.800+0000] {processor.py:186} INFO - Started process (PID=1660264) to work on /root/venv/lib/python3.12/site-packages/airflow/example_dags/tutorial_objectstorage.py
[2025-03-13T17:52:18.801+0000] {processor.py:914} INFO - Processing file /root/venv/lib/python3.12/site-packages/airflow/example_dags/tutorial_objectstorage.py for tasks to queue
[2025-03-13T17:52:18.804+0000] {logging_mixin.py:190} INFO - [2025-03-13T17:52:18.804+0000] {dagbag.py:588} INFO - Filling up the DagBag from /root/venv/lib/python3.12/site-packages/airflow/example_dags/tutorial_objectstorage.py
[2025-03-13T17:52:18.821+0000] {processor.py:925} INFO - DAG(s) 'tutorial_objectstorage' retrieved from /root/venv/lib/python3.12/site-packages/airflow/example_dags/tutorial_objectstorage.py
[2025-03-13T17:52:18.848+0000] {logging_mixin.py:190} INFO - [2025-03-13T17:52:18.847+0000] {dag.py:3239} INFO - Sync 1 DAGs
[2025-03-13T17:52:18.864+0000] {logging_mixin.py:190} INFO - [2025-03-13T17:52:18.864+0000] {dag.py:4180} INFO - Setting next_dagrun for tutorial_objectstorage to None, run_after=None
[2025-03-13T17:52:18.890+0000] {processor.py:208} INFO - Processing /root/venv/lib/python3.12/site-packages/airflow/example_dags/tutorial_objectstorage.py took 0.098 seconds
[2025-03-13T17:53:21.788+0000] {processor.py:186} INFO - Started process (PID=1660325) to work on /root/venv/lib/python3.12/site-packages/airflow/example_dags/tutorial_objectstorage.py
[2025-03-13T17:53:21.790+0000] {processor.py:914} INFO - Processing file /root/venv/lib/python3.12/site-packages/airflow/example_dags/tutorial_objectstorage.py for tasks to queue
[2025-03-13T17:53:21.794+0000] {logging_mixin.py:190} INFO - [2025-03-13T17:53:21.793+0000] {dagbag.py:588} INFO - Filling up the DagBag from /root/venv/lib/python3.12/site-packages/airflow/example_dags/tutorial_objectstorage.py
[2025-03-13T17:53:21.810+0000] {processor.py:925} INFO - DAG(s) 'tutorial_objectstorage' retrieved from /root/venv/lib/python3.12/site-packages/airflow/example_dags/tutorial_objectstorage.py
[2025-03-13T17:53:21.834+0000] {logging_mixin.py:190} INFO - [2025-03-13T17:53:21.833+0000] {dag.py:3239} INFO - Sync 1 DAGs
[2025-03-13T17:53:21.853+0000] {logging_mixin.py:190} INFO - [2025-03-13T17:53:21.853+0000] {dag.py:4180} INFO - Setting next_dagrun for tutorial_objectstorage to None, run_after=None
[2025-03-13T17:53:21.877+0000] {processor.py:208} INFO - Processing /root/venv/lib/python3.12/site-packages/airflow/example_dags/tutorial_objectstorage.py took 0.097 seconds
[2025-03-13T17:54:23.554+0000] {processor.py:186} INFO - Started process (PID=1660388) to work on /root/venv/lib/python3.12/site-packages/airflow/example_dags/tutorial_objectstorage.py
[2025-03-13T17:54:23.556+0000] {processor.py:914} INFO - Processing file /root/venv/lib/python3.12/site-packages/airflow/example_dags/tutorial_objectstorage.py for tasks to queue
[2025-03-13T17:54:23.560+0000] {logging_mixin.py:190} INFO - [2025-03-13T17:54:23.560+0000] {dagbag.py:588} INFO - Filling up the DagBag from /root/venv/lib/python3.12/site-packages/airflow/example_dags/tutorial_objectstorage.py
[2025-03-13T17:54:23.578+0000] {processor.py:925} INFO - DAG(s) 'tutorial_objectstorage' retrieved from /root/venv/lib/python3.12/site-packages/airflow/example_dags/tutorial_objectstorage.py
[2025-03-13T17:54:23.601+0000] {logging_mixin.py:190} INFO - [2025-03-13T17:54:23.601+0000] {dag.py:3239} INFO - Sync 1 DAGs
[2025-03-13T17:54:23.617+0000] {logging_mixin.py:190} INFO - [2025-03-13T17:54:23.617+0000] {dag.py:4180} INFO - Setting next_dagrun for tutorial_objectstorage to None, run_after=None
[2025-03-13T17:54:23.643+0000] {processor.py:208} INFO - Processing /root/venv/lib/python3.12/site-packages/airflow/example_dags/tutorial_objectstorage.py took 0.099 seconds
[2025-03-13T17:55:40.966+0000] {processor.py:186} INFO - Started process (PID=1660480) to work on /root/venv/lib/python3.12/site-packages/airflow/example_dags/tutorial_objectstorage.py
[2025-03-13T17:55:40.968+0000] {processor.py:914} INFO - Processing file /root/venv/lib/python3.12/site-packages/airflow/example_dags/tutorial_objectstorage.py for tasks to queue
[2025-03-13T17:55:40.971+0000] {logging_mixin.py:190} INFO - [2025-03-13T17:55:40.970+0000] {dagbag.py:588} INFO - Filling up the DagBag from /root/venv/lib/python3.12/site-packages/airflow/example_dags/tutorial_objectstorage.py
[2025-03-13T17:55:40.986+0000] {processor.py:925} INFO - DAG(s) 'tutorial_objectstorage' retrieved from /root/venv/lib/python3.12/site-packages/airflow/example_dags/tutorial_objectstorage.py
[2025-03-13T17:55:41.017+0000] {logging_mixin.py:190} INFO - [2025-03-13T17:55:41.017+0000] {dag.py:3239} INFO - Sync 1 DAGs
[2025-03-13T17:55:41.037+0000] {logging_mixin.py:190} INFO - [2025-03-13T17:55:41.036+0000] {dag.py:4180} INFO - Setting next_dagrun for tutorial_objectstorage to None, run_after=None
[2025-03-13T17:55:41.064+0000] {processor.py:208} INFO - Processing /root/venv/lib/python3.12/site-packages/airflow/example_dags/tutorial_objectstorage.py took 0.106 seconds
[2025-03-13T17:56:34.873+0000] {processor.py:186} INFO - Started process (PID=1660548) to work on /root/venv/lib/python3.12/site-packages/airflow/example_dags/tutorial_objectstorage.py
[2025-03-13T17:56:34.874+0000] {processor.py:914} INFO - Processing file /root/venv/lib/python3.12/site-packages/airflow/example_dags/tutorial_objectstorage.py for tasks to queue
[2025-03-13T17:56:34.877+0000] {logging_mixin.py:190} INFO - [2025-03-13T17:56:34.877+0000] {dagbag.py:588} INFO - Filling up the DagBag from /root/venv/lib/python3.12/site-packages/airflow/example_dags/tutorial_objectstorage.py
[2025-03-13T17:56:34.896+0000] {processor.py:925} INFO - DAG(s) 'tutorial_objectstorage' retrieved from /root/venv/lib/python3.12/site-packages/airflow/example_dags/tutorial_objectstorage.py
[2025-03-13T17:56:34.930+0000] {logging_mixin.py:190} INFO - [2025-03-13T17:56:34.930+0000] {dag.py:3239} INFO - Sync 1 DAGs
[2025-03-13T17:56:34.945+0000] {logging_mixin.py:190} INFO - [2025-03-13T17:56:34.945+0000] {dag.py:4180} INFO - Setting next_dagrun for tutorial_objectstorage to None, run_after=None
[2025-03-13T17:56:34.970+0000] {processor.py:208} INFO - Processing /root/venv/lib/python3.12/site-packages/airflow/example_dags/tutorial_objectstorage.py took 0.105 seconds
[2025-03-13T17:57:33.587+0000] {processor.py:186} INFO - Started process (PID=1660613) to work on /root/venv/lib/python3.12/site-packages/airflow/example_dags/tutorial_objectstorage.py
[2025-03-13T17:57:33.589+0000] {processor.py:914} INFO - Processing file /root/venv/lib/python3.12/site-packages/airflow/example_dags/tutorial_objectstorage.py for tasks to queue
[2025-03-13T17:57:33.592+0000] {logging_mixin.py:190} INFO - [2025-03-13T17:57:33.591+0000] {dagbag.py:588} INFO - Filling up the DagBag from /root/venv/lib/python3.12/site-packages/airflow/example_dags/tutorial_objectstorage.py
[2025-03-13T17:57:33.604+0000] {processor.py:925} INFO - DAG(s) 'tutorial_objectstorage' retrieved from /root/venv/lib/python3.12/site-packages/airflow/example_dags/tutorial_objectstorage.py
[2025-03-13T17:57:33.624+0000] {logging_mixin.py:190} INFO - [2025-03-13T17:57:33.624+0000] {dag.py:3239} INFO - Sync 1 DAGs
[2025-03-13T17:57:33.639+0000] {logging_mixin.py:190} INFO - [2025-03-13T17:57:33.639+0000] {dag.py:4180} INFO - Setting next_dagrun for tutorial_objectstorage to None, run_after=None
[2025-03-13T17:57:33.665+0000] {processor.py:208} INFO - Processing /root/venv/lib/python3.12/site-packages/airflow/example_dags/tutorial_objectstorage.py took 0.086 seconds
[2025-03-13T17:58:33.138+0000] {processor.py:186} INFO - Started process (PID=1660684) to work on /root/venv/lib/python3.12/site-packages/airflow/example_dags/tutorial_objectstorage.py
[2025-03-13T17:58:33.140+0000] {processor.py:914} INFO - Processing file /root/venv/lib/python3.12/site-packages/airflow/example_dags/tutorial_objectstorage.py for tasks to queue
[2025-03-13T17:58:33.142+0000] {logging_mixin.py:190} INFO - [2025-03-13T17:58:33.142+0000] {dagbag.py:588} INFO - Filling up the DagBag from /root/venv/lib/python3.12/site-packages/airflow/example_dags/tutorial_objectstorage.py
[2025-03-13T17:58:33.156+0000] {processor.py:925} INFO - DAG(s) 'tutorial_objectstorage' retrieved from /root/venv/lib/python3.12/site-packages/airflow/example_dags/tutorial_objectstorage.py
[2025-03-13T17:58:33.177+0000] {logging_mixin.py:190} INFO - [2025-03-13T17:58:33.177+0000] {dag.py:3239} INFO - Sync 1 DAGs
[2025-03-13T17:58:33.194+0000] {logging_mixin.py:190} INFO - [2025-03-13T17:58:33.193+0000] {dag.py:4180} INFO - Setting next_dagrun for tutorial_objectstorage to None, run_after=None
[2025-03-13T17:58:33.219+0000] {processor.py:208} INFO - Processing /root/venv/lib/python3.12/site-packages/airflow/example_dags/tutorial_objectstorage.py took 0.090 seconds
[2025-03-13T17:59:30.602+0000] {processor.py:186} INFO - Started process (PID=1660743) to work on /root/venv/lib/python3.12/site-packages/airflow/example_dags/tutorial_objectstorage.py
[2025-03-13T17:59:30.604+0000] {processor.py:914} INFO - Processing file /root/venv/lib/python3.12/site-packages/airflow/example_dags/tutorial_objectstorage.py for tasks to queue
[2025-03-13T17:59:30.608+0000] {logging_mixin.py:190} INFO - [2025-03-13T17:59:30.607+0000] {dagbag.py:588} INFO - Filling up the DagBag from /root/venv/lib/python3.12/site-packages/airflow/example_dags/tutorial_objectstorage.py
[2025-03-13T17:59:30.625+0000] {processor.py:925} INFO - DAG(s) 'tutorial_objectstorage' retrieved from /root/venv/lib/python3.12/site-packages/airflow/example_dags/tutorial_objectstorage.py
[2025-03-13T17:59:30.652+0000] {logging_mixin.py:190} INFO - [2025-03-13T17:59:30.651+0000] {dag.py:3239} INFO - Sync 1 DAGs
[2025-03-13T17:59:30.671+0000] {logging_mixin.py:190} INFO - [2025-03-13T17:59:30.670+0000] {dag.py:4180} INFO - Setting next_dagrun for tutorial_objectstorage to None, run_after=None
[2025-03-13T17:59:30.702+0000] {processor.py:208} INFO - Processing /root/venv/lib/python3.12/site-packages/airflow/example_dags/tutorial_objectstorage.py took 0.110 seconds
[2025-03-13T18:00:56.172+0000] {processor.py:186} INFO - Started process (PID=1660838) to work on /root/venv/lib/python3.12/site-packages/airflow/example_dags/tutorial_objectstorage.py
[2025-03-13T18:00:56.174+0000] {processor.py:914} INFO - Processing file /root/venv/lib/python3.12/site-packages/airflow/example_dags/tutorial_objectstorage.py for tasks to queue
[2025-03-13T18:00:56.178+0000] {logging_mixin.py:190} INFO - [2025-03-13T18:00:56.177+0000] {dagbag.py:588} INFO - Filling up the DagBag from /root/venv/lib/python3.12/site-packages/airflow/example_dags/tutorial_objectstorage.py
[2025-03-13T18:00:56.195+0000] {processor.py:925} INFO - DAG(s) 'tutorial_objectstorage' retrieved from /root/venv/lib/python3.12/site-packages/airflow/example_dags/tutorial_objectstorage.py
[2025-03-13T18:00:56.218+0000] {logging_mixin.py:190} INFO - [2025-03-13T18:00:56.218+0000] {dag.py:3239} INFO - Sync 1 DAGs
[2025-03-13T18:00:56.236+0000] {logging_mixin.py:190} INFO - [2025-03-13T18:00:56.236+0000] {dag.py:4180} INFO - Setting next_dagrun for tutorial_objectstorage to None, run_after=None
[2025-03-13T18:00:56.267+0000] {processor.py:208} INFO - Processing /root/venv/lib/python3.12/site-packages/airflow/example_dags/tutorial_objectstorage.py took 0.105 seconds
[2025-03-13T18:02:05.979+0000] {processor.py:186} INFO - Started process (PID=1660917) to work on /root/venv/lib/python3.12/site-packages/airflow/example_dags/tutorial_objectstorage.py
[2025-03-13T18:02:05.981+0000] {processor.py:914} INFO - Processing file /root/venv/lib/python3.12/site-packages/airflow/example_dags/tutorial_objectstorage.py for tasks to queue
[2025-03-13T18:02:05.985+0000] {logging_mixin.py:190} INFO - [2025-03-13T18:02:05.985+0000] {dagbag.py:588} INFO - Filling up the DagBag from /root/venv/lib/python3.12/site-packages/airflow/example_dags/tutorial_objectstorage.py
[2025-03-13T18:02:06.003+0000] {processor.py:925} INFO - DAG(s) 'tutorial_objectstorage' retrieved from /root/venv/lib/python3.12/site-packages/airflow/example_dags/tutorial_objectstorage.py
[2025-03-13T18:02:06.029+0000] {logging_mixin.py:190} INFO - [2025-03-13T18:02:06.028+0000] {dag.py:3239} INFO - Sync 1 DAGs
[2025-03-13T18:02:06.050+0000] {logging_mixin.py:190} INFO - [2025-03-13T18:02:06.050+0000] {dag.py:4180} INFO - Setting next_dagrun for tutorial_objectstorage to None, run_after=None
[2025-03-13T18:02:06.087+0000] {processor.py:208} INFO - Processing /root/venv/lib/python3.12/site-packages/airflow/example_dags/tutorial_objectstorage.py took 0.118 seconds
[2025-03-13T18:03:07.394+0000] {processor.py:186} INFO - Started process (PID=1660983) to work on /root/venv/lib/python3.12/site-packages/airflow/example_dags/tutorial_objectstorage.py
[2025-03-13T18:03:07.396+0000] {processor.py:914} INFO - Processing file /root/venv/lib/python3.12/site-packages/airflow/example_dags/tutorial_objectstorage.py for tasks to queue
[2025-03-13T18:03:07.399+0000] {logging_mixin.py:190} INFO - [2025-03-13T18:03:07.398+0000] {dagbag.py:588} INFO - Filling up the DagBag from /root/venv/lib/python3.12/site-packages/airflow/example_dags/tutorial_objectstorage.py
[2025-03-13T18:03:07.412+0000] {processor.py:925} INFO - DAG(s) 'tutorial_objectstorage' retrieved from /root/venv/lib/python3.12/site-packages/airflow/example_dags/tutorial_objectstorage.py
[2025-03-13T18:03:07.432+0000] {logging_mixin.py:190} INFO - [2025-03-13T18:03:07.432+0000] {dag.py:3239} INFO - Sync 1 DAGs
[2025-03-13T18:03:07.447+0000] {logging_mixin.py:190} INFO - [2025-03-13T18:03:07.447+0000] {dag.py:4180} INFO - Setting next_dagrun for tutorial_objectstorage to None, run_after=None
[2025-03-13T18:03:07.473+0000] {processor.py:208} INFO - Processing /root/venv/lib/python3.12/site-packages/airflow/example_dags/tutorial_objectstorage.py took 0.089 seconds
[2025-03-13T18:04:17.489+0000] {processor.py:186} INFO - Started process (PID=1661051) to work on /root/venv/lib/python3.12/site-packages/airflow/example_dags/tutorial_objectstorage.py
[2025-03-13T18:04:17.491+0000] {processor.py:914} INFO - Processing file /root/venv/lib/python3.12/site-packages/airflow/example_dags/tutorial_objectstorage.py for tasks to queue
[2025-03-13T18:04:17.494+0000] {logging_mixin.py:190} INFO - [2025-03-13T18:04:17.493+0000] {dagbag.py:588} INFO - Filling up the DagBag from /root/venv/lib/python3.12/site-packages/airflow/example_dags/tutorial_objectstorage.py
[2025-03-13T18:04:17.507+0000] {processor.py:925} INFO - DAG(s) 'tutorial_objectstorage' retrieved from /root/venv/lib/python3.12/site-packages/airflow/example_dags/tutorial_objectstorage.py
[2025-03-13T18:04:17.675+0000] {logging_mixin.py:190} INFO - [2025-03-13T18:04:17.674+0000] {dag.py:3239} INFO - Sync 1 DAGs
[2025-03-13T18:04:17.687+0000] {logging_mixin.py:190} INFO - [2025-03-13T18:04:17.687+0000] {dag.py:4180} INFO - Setting next_dagrun for tutorial_objectstorage to None, run_after=None
[2025-03-13T18:04:17.712+0000] {processor.py:208} INFO - Processing /root/venv/lib/python3.12/site-packages/airflow/example_dags/tutorial_objectstorage.py took 0.231 seconds
[2025-03-13T18:05:33.498+0000] {processor.py:186} INFO - Started process (PID=1661125) to work on /root/venv/lib/python3.12/site-packages/airflow/example_dags/tutorial_objectstorage.py
[2025-03-13T18:05:33.499+0000] {processor.py:914} INFO - Processing file /root/venv/lib/python3.12/site-packages/airflow/example_dags/tutorial_objectstorage.py for tasks to queue
[2025-03-13T18:05:33.504+0000] {logging_mixin.py:190} INFO - [2025-03-13T18:05:33.502+0000] {dagbag.py:588} INFO - Filling up the DagBag from /root/venv/lib/python3.12/site-packages/airflow/example_dags/tutorial_objectstorage.py
[2025-03-13T18:05:33.518+0000] {processor.py:925} INFO - DAG(s) 'tutorial_objectstorage' retrieved from /root/venv/lib/python3.12/site-packages/airflow/example_dags/tutorial_objectstorage.py
[2025-03-13T18:05:33.543+0000] {logging_mixin.py:190} INFO - [2025-03-13T18:05:33.542+0000] {dag.py:3239} INFO - Sync 1 DAGs
[2025-03-13T18:05:33.564+0000] {logging_mixin.py:190} INFO - [2025-03-13T18:05:33.563+0000] {dag.py:4180} INFO - Setting next_dagrun for tutorial_objectstorage to None, run_after=None
[2025-03-13T18:05:33.610+0000] {processor.py:208} INFO - Processing /root/venv/lib/python3.12/site-packages/airflow/example_dags/tutorial_objectstorage.py took 0.123 seconds
[2025-03-13T18:06:38.363+0000] {processor.py:186} INFO - Started process (PID=1661191) to work on /root/venv/lib/python3.12/site-packages/airflow/example_dags/tutorial_objectstorage.py
[2025-03-13T18:06:38.368+0000] {processor.py:914} INFO - Processing file /root/venv/lib/python3.12/site-packages/airflow/example_dags/tutorial_objectstorage.py for tasks to queue
[2025-03-13T18:06:38.371+0000] {logging_mixin.py:190} INFO - [2025-03-13T18:06:38.370+0000] {dagbag.py:588} INFO - Filling up the DagBag from /root/venv/lib/python3.12/site-packages/airflow/example_dags/tutorial_objectstorage.py
[2025-03-13T18:06:38.386+0000] {processor.py:925} INFO - DAG(s) 'tutorial_objectstorage' retrieved from /root/venv/lib/python3.12/site-packages/airflow/example_dags/tutorial_objectstorage.py
[2025-03-13T18:06:38.407+0000] {logging_mixin.py:190} INFO - [2025-03-13T18:06:38.407+0000] {dag.py:3239} INFO - Sync 1 DAGs
[2025-03-13T18:06:38.424+0000] {logging_mixin.py:190} INFO - [2025-03-13T18:06:38.423+0000] {dag.py:4180} INFO - Setting next_dagrun for tutorial_objectstorage to None, run_after=None
[2025-03-13T18:06:38.448+0000] {processor.py:208} INFO - Processing /root/venv/lib/python3.12/site-packages/airflow/example_dags/tutorial_objectstorage.py took 0.094 seconds
[2025-03-13T18:07:50.476+0000] {processor.py:186} INFO - Started process (PID=1661273) to work on /root/venv/lib/python3.12/site-packages/airflow/example_dags/tutorial_objectstorage.py
[2025-03-13T18:07:50.478+0000] {processor.py:914} INFO - Processing file /root/venv/lib/python3.12/site-packages/airflow/example_dags/tutorial_objectstorage.py for tasks to queue
[2025-03-13T18:07:50.481+0000] {logging_mixin.py:190} INFO - [2025-03-13T18:07:50.480+0000] {dagbag.py:588} INFO - Filling up the DagBag from /root/venv/lib/python3.12/site-packages/airflow/example_dags/tutorial_objectstorage.py
[2025-03-13T18:07:50.494+0000] {processor.py:925} INFO - DAG(s) 'tutorial_objectstorage' retrieved from /root/venv/lib/python3.12/site-packages/airflow/example_dags/tutorial_objectstorage.py
[2025-03-13T18:07:50.513+0000] {logging_mixin.py:190} INFO - [2025-03-13T18:07:50.513+0000] {dag.py:3239} INFO - Sync 1 DAGs
[2025-03-13T18:07:50.528+0000] {logging_mixin.py:190} INFO - [2025-03-13T18:07:50.528+0000] {dag.py:4180} INFO - Setting next_dagrun for tutorial_objectstorage to None, run_after=None
[2025-03-13T18:07:50.551+0000] {processor.py:208} INFO - Processing /root/venv/lib/python3.12/site-packages/airflow/example_dags/tutorial_objectstorage.py took 0.083 seconds
[2025-03-13T18:08:55.301+0000] {processor.py:186} INFO - Started process (PID=1661349) to work on /root/venv/lib/python3.12/site-packages/airflow/example_dags/tutorial_objectstorage.py
[2025-03-13T18:08:55.303+0000] {processor.py:914} INFO - Processing file /root/venv/lib/python3.12/site-packages/airflow/example_dags/tutorial_objectstorage.py for tasks to queue
[2025-03-13T18:08:55.307+0000] {logging_mixin.py:190} INFO - [2025-03-13T18:08:55.306+0000] {dagbag.py:588} INFO - Filling up the DagBag from /root/venv/lib/python3.12/site-packages/airflow/example_dags/tutorial_objectstorage.py
[2025-03-13T18:08:55.322+0000] {processor.py:925} INFO - DAG(s) 'tutorial_objectstorage' retrieved from /root/venv/lib/python3.12/site-packages/airflow/example_dags/tutorial_objectstorage.py
[2025-03-13T18:08:55.347+0000] {logging_mixin.py:190} INFO - [2025-03-13T18:08:55.347+0000] {dag.py:3239} INFO - Sync 1 DAGs
[2025-03-13T18:08:55.367+0000] {logging_mixin.py:190} INFO - [2025-03-13T18:08:55.367+0000] {dag.py:4180} INFO - Setting next_dagrun for tutorial_objectstorage to None, run_after=None
[2025-03-13T18:08:55.399+0000] {processor.py:208} INFO - Processing /root/venv/lib/python3.12/site-packages/airflow/example_dags/tutorial_objectstorage.py took 0.107 seconds
[2025-03-13T18:09:55.300+0000] {processor.py:186} INFO - Started process (PID=1661412) to work on /root/venv/lib/python3.12/site-packages/airflow/example_dags/tutorial_objectstorage.py
[2025-03-13T18:09:55.302+0000] {processor.py:914} INFO - Processing file /root/venv/lib/python3.12/site-packages/airflow/example_dags/tutorial_objectstorage.py for tasks to queue
[2025-03-13T18:09:55.305+0000] {logging_mixin.py:190} INFO - [2025-03-13T18:09:55.305+0000] {dagbag.py:588} INFO - Filling up the DagBag from /root/venv/lib/python3.12/site-packages/airflow/example_dags/tutorial_objectstorage.py
[2025-03-13T18:09:55.320+0000] {processor.py:925} INFO - DAG(s) 'tutorial_objectstorage' retrieved from /root/venv/lib/python3.12/site-packages/airflow/example_dags/tutorial_objectstorage.py
[2025-03-13T18:09:55.342+0000] {logging_mixin.py:190} INFO - [2025-03-13T18:09:55.342+0000] {dag.py:3239} INFO - Sync 1 DAGs
[2025-03-13T18:09:55.359+0000] {logging_mixin.py:190} INFO - [2025-03-13T18:09:55.359+0000] {dag.py:4180} INFO - Setting next_dagrun for tutorial_objectstorage to None, run_after=None
[2025-03-13T18:09:55.393+0000] {processor.py:208} INFO - Processing /root/venv/lib/python3.12/site-packages/airflow/example_dags/tutorial_objectstorage.py took 0.100 seconds
[2025-03-13T18:11:02.795+0000] {processor.py:186} INFO - Started process (PID=1661485) to work on /root/venv/lib/python3.12/site-packages/airflow/example_dags/tutorial_objectstorage.py
[2025-03-13T18:11:02.796+0000] {processor.py:914} INFO - Processing file /root/venv/lib/python3.12/site-packages/airflow/example_dags/tutorial_objectstorage.py for tasks to queue
[2025-03-13T18:11:02.800+0000] {logging_mixin.py:190} INFO - [2025-03-13T18:11:02.799+0000] {dagbag.py:588} INFO - Filling up the DagBag from /root/venv/lib/python3.12/site-packages/airflow/example_dags/tutorial_objectstorage.py
[2025-03-13T18:11:02.816+0000] {processor.py:925} INFO - DAG(s) 'tutorial_objectstorage' retrieved from /root/venv/lib/python3.12/site-packages/airflow/example_dags/tutorial_objectstorage.py
[2025-03-13T18:11:02.838+0000] {logging_mixin.py:190} INFO - [2025-03-13T18:11:02.838+0000] {dag.py:3239} INFO - Sync 1 DAGs
[2025-03-13T18:11:02.856+0000] {logging_mixin.py:190} INFO - [2025-03-13T18:11:02.855+0000] {dag.py:4180} INFO - Setting next_dagrun for tutorial_objectstorage to None, run_after=None
[2025-03-13T18:11:02.884+0000] {processor.py:208} INFO - Processing /root/venv/lib/python3.12/site-packages/airflow/example_dags/tutorial_objectstorage.py took 0.098 seconds
[2025-03-13T18:12:09.214+0000] {processor.py:186} INFO - Started process (PID=1661551) to work on /root/venv/lib/python3.12/site-packages/airflow/example_dags/tutorial_objectstorage.py
[2025-03-13T18:12:09.215+0000] {processor.py:914} INFO - Processing file /root/venv/lib/python3.12/site-packages/airflow/example_dags/tutorial_objectstorage.py for tasks to queue
[2025-03-13T18:12:09.217+0000] {logging_mixin.py:190} INFO - [2025-03-13T18:12:09.216+0000] {dagbag.py:588} INFO - Filling up the DagBag from /root/venv/lib/python3.12/site-packages/airflow/example_dags/tutorial_objectstorage.py
[2025-03-13T18:12:09.234+0000] {processor.py:925} INFO - DAG(s) 'tutorial_objectstorage' retrieved from /root/venv/lib/python3.12/site-packages/airflow/example_dags/tutorial_objectstorage.py
[2025-03-13T18:12:09.254+0000] {logging_mixin.py:190} INFO - [2025-03-13T18:12:09.254+0000] {dag.py:3239} INFO - Sync 1 DAGs
[2025-03-13T18:12:09.270+0000] {logging_mixin.py:190} INFO - [2025-03-13T18:12:09.270+0000] {dag.py:4180} INFO - Setting next_dagrun for tutorial_objectstorage to None, run_after=None
[2025-03-13T18:12:09.297+0000] {processor.py:208} INFO - Processing /root/venv/lib/python3.12/site-packages/airflow/example_dags/tutorial_objectstorage.py took 0.092 seconds
[2025-03-13T18:13:16.881+0000] {processor.py:186} INFO - Started process (PID=1661632) to work on /root/venv/lib/python3.12/site-packages/airflow/example_dags/tutorial_objectstorage.py
[2025-03-13T18:13:16.882+0000] {processor.py:914} INFO - Processing file /root/venv/lib/python3.12/site-packages/airflow/example_dags/tutorial_objectstorage.py for tasks to queue
[2025-03-13T18:13:16.884+0000] {logging_mixin.py:190} INFO - [2025-03-13T18:13:16.884+0000] {dagbag.py:588} INFO - Filling up the DagBag from /root/venv/lib/python3.12/site-packages/airflow/example_dags/tutorial_objectstorage.py
[2025-03-13T18:13:16.897+0000] {processor.py:925} INFO - DAG(s) 'tutorial_objectstorage' retrieved from /root/venv/lib/python3.12/site-packages/airflow/example_dags/tutorial_objectstorage.py
[2025-03-13T18:13:16.915+0000] {logging_mixin.py:190} INFO - [2025-03-13T18:13:16.915+0000] {dag.py:3239} INFO - Sync 1 DAGs
[2025-03-13T18:13:16.929+0000] {logging_mixin.py:190} INFO - [2025-03-13T18:13:16.929+0000] {dag.py:4180} INFO - Setting next_dagrun for tutorial_objectstorage to None, run_after=None
[2025-03-13T18:13:16.954+0000] {processor.py:208} INFO - Processing /root/venv/lib/python3.12/site-packages/airflow/example_dags/tutorial_objectstorage.py took 0.080 seconds
[2025-03-13T18:14:24.389+0000] {processor.py:186} INFO - Started process (PID=1661702) to work on /root/venv/lib/python3.12/site-packages/airflow/example_dags/tutorial_objectstorage.py
[2025-03-13T18:14:24.391+0000] {processor.py:914} INFO - Processing file /root/venv/lib/python3.12/site-packages/airflow/example_dags/tutorial_objectstorage.py for tasks to queue
[2025-03-13T18:14:24.392+0000] {logging_mixin.py:190} INFO - [2025-03-13T18:14:24.392+0000] {dagbag.py:588} INFO - Filling up the DagBag from /root/venv/lib/python3.12/site-packages/airflow/example_dags/tutorial_objectstorage.py
[2025-03-13T18:14:24.407+0000] {processor.py:925} INFO - DAG(s) 'tutorial_objectstorage' retrieved from /root/venv/lib/python3.12/site-packages/airflow/example_dags/tutorial_objectstorage.py
[2025-03-13T18:14:24.428+0000] {logging_mixin.py:190} INFO - [2025-03-13T18:14:24.428+0000] {dag.py:3239} INFO - Sync 1 DAGs
[2025-03-13T18:14:24.445+0000] {logging_mixin.py:190} INFO - [2025-03-13T18:14:24.444+0000] {dag.py:4180} INFO - Setting next_dagrun for tutorial_objectstorage to None, run_after=None
[2025-03-13T18:14:24.472+0000] {processor.py:208} INFO - Processing /root/venv/lib/python3.12/site-packages/airflow/example_dags/tutorial_objectstorage.py took 0.090 seconds
[2025-03-13T18:15:32.903+0000] {processor.py:186} INFO - Started process (PID=1661779) to work on /root/venv/lib/python3.12/site-packages/airflow/example_dags/tutorial_objectstorage.py
[2025-03-13T18:15:32.905+0000] {processor.py:914} INFO - Processing file /root/venv/lib/python3.12/site-packages/airflow/example_dags/tutorial_objectstorage.py for tasks to queue
[2025-03-13T18:15:32.908+0000] {logging_mixin.py:190} INFO - [2025-03-13T18:15:32.907+0000] {dagbag.py:588} INFO - Filling up the DagBag from /root/venv/lib/python3.12/site-packages/airflow/example_dags/tutorial_objectstorage.py
[2025-03-13T18:15:32.922+0000] {processor.py:925} INFO - DAG(s) 'tutorial_objectstorage' retrieved from /root/venv/lib/python3.12/site-packages/airflow/example_dags/tutorial_objectstorage.py
[2025-03-13T18:15:32.942+0000] {logging_mixin.py:190} INFO - [2025-03-13T18:15:32.941+0000] {dag.py:3239} INFO - Sync 1 DAGs
[2025-03-13T18:15:32.959+0000] {logging_mixin.py:190} INFO - [2025-03-13T18:15:32.959+0000] {dag.py:4180} INFO - Setting next_dagrun for tutorial_objectstorage to None, run_after=None
[2025-03-13T18:15:32.990+0000] {processor.py:208} INFO - Processing /root/venv/lib/python3.12/site-packages/airflow/example_dags/tutorial_objectstorage.py took 0.094 seconds
[2025-03-13T19:39:12.296+0000] {processor.py:186} INFO - Started process (PID=1662373) to work on /root/venv/lib/python3.12/site-packages/airflow/example_dags/tutorial_objectstorage.py
[2025-03-13T19:39:12.298+0000] {processor.py:914} INFO - Processing file /root/venv/lib/python3.12/site-packages/airflow/example_dags/tutorial_objectstorage.py for tasks to queue
[2025-03-13T19:39:12.301+0000] {logging_mixin.py:190} INFO - [2025-03-13T19:39:12.300+0000] {dagbag.py:588} INFO - Filling up the DagBag from /root/venv/lib/python3.12/site-packages/airflow/example_dags/tutorial_objectstorage.py
[2025-03-13T19:39:12.314+0000] {processor.py:925} INFO - DAG(s) 'tutorial_objectstorage' retrieved from /root/venv/lib/python3.12/site-packages/airflow/example_dags/tutorial_objectstorage.py
[2025-03-13T19:39:12.342+0000] {logging_mixin.py:190} INFO - [2025-03-13T19:39:12.341+0000] {dag.py:3239} INFO - Sync 1 DAGs
[2025-03-13T19:39:12.357+0000] {logging_mixin.py:190} INFO - [2025-03-13T19:39:12.357+0000] {dag.py:4180} INFO - Setting next_dagrun for tutorial_objectstorage to None, run_after=None
[2025-03-13T19:39:12.384+0000] {processor.py:208} INFO - Processing /root/venv/lib/python3.12/site-packages/airflow/example_dags/tutorial_objectstorage.py took 0.094 seconds
