[2024-12-20T18:17:22.565+0000] {local_task_job_runner.py:123} INFO - ::group::Pre task execution logs
[2024-12-20T18:17:22.574+0000] {taskinstance.py:2613} INFO - Dependencies all met for dep_context=non-requeueable deps ti=<TaskInstance: example_bash_operator.runme_1 manual__2024-12-20T18:17:00+00:00 [queued]>
[2024-12-20T18:17:22.580+0000] {taskinstance.py:2613} INFO - Dependencies all met for dep_context=requeueable deps ti=<TaskInstance: example_bash_operator.runme_1 manual__2024-12-20T18:17:00+00:00 [queued]>
[2024-12-20T18:17:22.580+0000] {taskinstance.py:2866} INFO - Starting attempt 1 of 1
[2024-12-20T18:17:22.593+0000] {taskinstance.py:2889} INFO - Executing <Task(BashOperator): runme_1> on 2024-12-20 18:17:00+00:00
[2024-12-20T18:17:22.600+0000] {standard_task_runner.py:72} INFO - Started process 504688 to run task
[2024-12-20T18:17:22.605+0000] {standard_task_runner.py:104} INFO - Running: ['airflow', 'tasks', 'run', 'example_bash_operator', 'runme_1', 'manual__2024-12-20T18:17:00+00:00', '--job-id', '18', '--raw', '--subdir', '/root/airflow-venv/lib/python3.12/site-packages/airflow/example_dags/example_bash_operator.py', '--cfg-path', '/tmp/tmpbo24f4dc']
[2024-12-20T18:17:22.607+0000] {standard_task_runner.py:105} INFO - Job 18: Subtask runme_1
[2024-12-20T18:17:22.652+0000] {task_command.py:467} INFO - Running <TaskInstance: example_bash_operator.runme_1 manual__2024-12-20T18:17:00+00:00 [running]> on host ubuntu-s-2vcpu-4gb-amd-sfo3-01
[2024-12-20T18:17:22.714+0000] {taskinstance.py:3132} INFO - Exporting env vars: AIRFLOW_CTX_DAG_OWNER='airflow' AIRFLOW_CTX_DAG_ID='example_bash_operator' AIRFLOW_CTX_TASK_ID='runme_1' AIRFLOW_CTX_EXECUTION_DATE='2024-12-20T18:17:00+00:00' AIRFLOW_CTX_TRY_NUMBER='1' AIRFLOW_CTX_DAG_RUN_ID='manual__2024-12-20T18:17:00+00:00'
[2024-12-20T18:17:22.716+0000] {logging_mixin.py:190} INFO - Task instance is in running state
[2024-12-20T18:17:22.716+0000] {logging_mixin.py:190} INFO -  Previous state of the Task instance: queued
[2024-12-20T18:17:22.716+0000] {logging_mixin.py:190} INFO - Current task name:runme_1 state:running start_date:2024-12-20 18:17:22.574981+00:00
[2024-12-20T18:17:22.716+0000] {logging_mixin.py:190} INFO - Dag name:example_bash_operator and current dag run status:running
[2024-12-20T18:17:22.716+0000] {taskinstance.py:731} INFO - ::endgroup::
[2024-12-20T18:17:22.717+0000] {subprocess.py:78} INFO - Tmp dir root location: /tmp
[2024-12-20T18:17:22.718+0000] {subprocess.py:88} INFO - Running command: ['/usr/bin/bash', '-c', 'echo "example_bash_operator__runme_1__20241220" && sleep 1']
[2024-12-20T18:17:22.731+0000] {subprocess.py:99} INFO - Output:
[2024-12-20T18:17:22.733+0000] {subprocess.py:106} INFO - example_bash_operator__runme_1__20241220
[2024-12-20T18:17:23.734+0000] {subprocess.py:110} INFO - Command exited with return code 0
[2024-12-20T18:17:23.754+0000] {taskinstance.py:340} INFO - ::group::Post task execution logs
[2024-12-20T18:17:23.754+0000] {taskinstance.py:352} INFO - Marking task as SUCCESS. dag_id=example_bash_operator, task_id=runme_1, run_id=manual__2024-12-20T18:17:00+00:00, execution_date=20241220T181700, start_date=20241220T181722, end_date=20241220T181723
[2024-12-20T18:17:23.766+0000] {logging_mixin.py:190} INFO - Task instance in success state
[2024-12-20T18:17:23.766+0000] {logging_mixin.py:190} INFO -  Previous state of the Task instance: running
[2024-12-20T18:17:23.767+0000] {logging_mixin.py:190} INFO - Dag name:example_bash_operator queued_at:2024-12-20 18:17:03.723124+00:00
[2024-12-20T18:17:23.767+0000] {logging_mixin.py:190} INFO - Task hostname:ubuntu-s-2vcpu-4gb-amd-sfo3-01 operator:BashOperator
[2024-12-20T18:17:23.782+0000] {local_task_job_runner.py:266} INFO - Task exited with return code 0
[2024-12-20T18:17:23.805+0000] {taskinstance.py:3895} INFO - 0 downstream tasks scheduled from follow-on schedule check
[2024-12-20T18:17:23.806+0000] {local_task_job_runner.py:245} INFO - ::endgroup::
