[2024-12-14T23:52:45.754+0000] {processor.py:186} INFO - Started process (PID=401677) to work on /root/airflow-venv/lib/python3.12/site-packages/airflow/example_dags/plugins/listener_plugin.py
[2024-12-14T23:52:45.755+0000] {processor.py:914} INFO - Processing file /root/airflow-venv/lib/python3.12/site-packages/airflow/example_dags/plugins/listener_plugin.py for tasks to queue
[2024-12-14T23:52:45.757+0000] {logging_mixin.py:190} INFO - [2024-12-14T23:52:45.757+0000] {dagbag.py:588} INFO - Filling up the DagBag from /root/airflow-venv/lib/python3.12/site-packages/airflow/example_dags/plugins/listener_plugin.py
[2024-12-14T23:52:45.761+0000] {processor.py:927} WARNING - No viable dags retrieved from /root/airflow-venv/lib/python3.12/site-packages/airflow/example_dags/plugins/listener_plugin.py
[2024-12-14T23:52:45.778+0000] {processor.py:208} INFO - Processing /root/airflow-venv/lib/python3.12/site-packages/airflow/example_dags/plugins/listener_plugin.py took 0.031 seconds
[2024-12-14T23:53:41.990+0000] {processor.py:186} INFO - Started process (PID=401738) to work on /root/airflow-venv/lib/python3.12/site-packages/airflow/example_dags/plugins/listener_plugin.py
[2024-12-14T23:53:41.992+0000] {processor.py:914} INFO - Processing file /root/airflow-venv/lib/python3.12/site-packages/airflow/example_dags/plugins/listener_plugin.py for tasks to queue
[2024-12-14T23:53:41.996+0000] {logging_mixin.py:190} INFO - [2024-12-14T23:53:41.995+0000] {dagbag.py:588} INFO - Filling up the DagBag from /root/airflow-venv/lib/python3.12/site-packages/airflow/example_dags/plugins/listener_plugin.py
[2024-12-14T23:53:42.000+0000] {processor.py:927} WARNING - No viable dags retrieved from /root/airflow-venv/lib/python3.12/site-packages/airflow/example_dags/plugins/listener_plugin.py
[2024-12-14T23:53:42.014+0000] {processor.py:208} INFO - Processing /root/airflow-venv/lib/python3.12/site-packages/airflow/example_dags/plugins/listener_plugin.py took 0.033 seconds
[2024-12-14T23:54:37.450+0000] {processor.py:186} INFO - Started process (PID=401794) to work on /root/airflow-venv/lib/python3.12/site-packages/airflow/example_dags/plugins/listener_plugin.py
[2024-12-14T23:54:37.452+0000] {processor.py:914} INFO - Processing file /root/airflow-venv/lib/python3.12/site-packages/airflow/example_dags/plugins/listener_plugin.py for tasks to queue
[2024-12-14T23:54:37.455+0000] {logging_mixin.py:190} INFO - [2024-12-14T23:54:37.454+0000] {dagbag.py:588} INFO - Filling up the DagBag from /root/airflow-venv/lib/python3.12/site-packages/airflow/example_dags/plugins/listener_plugin.py
[2024-12-14T23:54:37.459+0000] {processor.py:927} WARNING - No viable dags retrieved from /root/airflow-venv/lib/python3.12/site-packages/airflow/example_dags/plugins/listener_plugin.py
[2024-12-14T23:54:37.475+0000] {processor.py:208} INFO - Processing /root/airflow-venv/lib/python3.12/site-packages/airflow/example_dags/plugins/listener_plugin.py took 0.033 seconds
[2024-12-14T23:55:31.408+0000] {processor.py:186} INFO - Started process (PID=401857) to work on /root/airflow-venv/lib/python3.12/site-packages/airflow/example_dags/plugins/listener_plugin.py
[2024-12-14T23:55:31.409+0000] {processor.py:914} INFO - Processing file /root/airflow-venv/lib/python3.12/site-packages/airflow/example_dags/plugins/listener_plugin.py for tasks to queue
[2024-12-14T23:55:31.413+0000] {logging_mixin.py:190} INFO - [2024-12-14T23:55:31.412+0000] {dagbag.py:588} INFO - Filling up the DagBag from /root/airflow-venv/lib/python3.12/site-packages/airflow/example_dags/plugins/listener_plugin.py
[2024-12-14T23:55:31.416+0000] {processor.py:927} WARNING - No viable dags retrieved from /root/airflow-venv/lib/python3.12/site-packages/airflow/example_dags/plugins/listener_plugin.py
[2024-12-14T23:55:31.434+0000] {processor.py:208} INFO - Processing /root/airflow-venv/lib/python3.12/site-packages/airflow/example_dags/plugins/listener_plugin.py took 0.034 seconds
