[2024-12-14T23:52:44.609+0000] {processor.py:186} INFO - Started process (PID=401676) to work on /root/airflow-venv/lib/python3.12/site-packages/airflow/example_dags/plugins/workday.py
[2024-12-14T23:52:44.611+0000] {processor.py:914} INFO - Processing file /root/airflow-venv/lib/python3.12/site-packages/airflow/example_dags/plugins/workday.py for tasks to queue
[2024-12-14T23:52:44.615+0000] {logging_mixin.py:190} INFO - [2024-12-14T23:52:44.615+0000] {dagbag.py:588} INFO - Filling up the DagBag from /root/airflow-venv/lib/python3.12/site-packages/airflow/example_dags/plugins/workday.py
[2024-12-14T23:52:44.621+0000] {logging_mixin.py:190} INFO - [2024-12-14T23:52:44.621+0000] {workday.py:41} WARNING - Could not import pandas. Holidays will not be considered.
[2024-12-14T23:52:44.622+0000] {processor.py:927} WARNING - No viable dags retrieved from /root/airflow-venv/lib/python3.12/site-packages/airflow/example_dags/plugins/workday.py
[2024-12-14T23:52:44.642+0000] {processor.py:208} INFO - Processing /root/airflow-venv/lib/python3.12/site-packages/airflow/example_dags/plugins/workday.py took 0.042 seconds
[2024-12-14T23:53:41.575+0000] {processor.py:186} INFO - Started process (PID=401737) to work on /root/airflow-venv/lib/python3.12/site-packages/airflow/example_dags/plugins/workday.py
[2024-12-14T23:53:41.577+0000] {processor.py:914} INFO - Processing file /root/airflow-venv/lib/python3.12/site-packages/airflow/example_dags/plugins/workday.py for tasks to queue
[2024-12-14T23:53:41.580+0000] {logging_mixin.py:190} INFO - [2024-12-14T23:53:41.580+0000] {dagbag.py:588} INFO - Filling up the DagBag from /root/airflow-venv/lib/python3.12/site-packages/airflow/example_dags/plugins/workday.py
[2024-12-14T23:53:41.585+0000] {logging_mixin.py:190} INFO - [2024-12-14T23:53:41.584+0000] {workday.py:41} WARNING - Could not import pandas. Holidays will not be considered.
[2024-12-14T23:53:41.585+0000] {processor.py:927} WARNING - No viable dags retrieved from /root/airflow-venv/lib/python3.12/site-packages/airflow/example_dags/plugins/workday.py
[2024-12-14T23:53:41.601+0000] {processor.py:208} INFO - Processing /root/airflow-venv/lib/python3.12/site-packages/airflow/example_dags/plugins/workday.py took 0.035 seconds
[2024-12-14T23:54:36.305+0000] {processor.py:186} INFO - Started process (PID=401793) to work on /root/airflow-venv/lib/python3.12/site-packages/airflow/example_dags/plugins/workday.py
[2024-12-14T23:54:36.307+0000] {processor.py:914} INFO - Processing file /root/airflow-venv/lib/python3.12/site-packages/airflow/example_dags/plugins/workday.py for tasks to queue
[2024-12-14T23:54:36.310+0000] {logging_mixin.py:190} INFO - [2024-12-14T23:54:36.309+0000] {dagbag.py:588} INFO - Filling up the DagBag from /root/airflow-venv/lib/python3.12/site-packages/airflow/example_dags/plugins/workday.py
[2024-12-14T23:54:36.313+0000] {logging_mixin.py:190} INFO - [2024-12-14T23:54:36.313+0000] {workday.py:41} WARNING - Could not import pandas. Holidays will not be considered.
[2024-12-14T23:54:36.313+0000] {processor.py:927} WARNING - No viable dags retrieved from /root/airflow-venv/lib/python3.12/site-packages/airflow/example_dags/plugins/workday.py
[2024-12-14T23:54:36.328+0000] {processor.py:208} INFO - Processing /root/airflow-venv/lib/python3.12/site-packages/airflow/example_dags/plugins/workday.py took 0.030 seconds
[2024-12-14T23:55:30.265+0000] {processor.py:186} INFO - Started process (PID=401856) to work on /root/airflow-venv/lib/python3.12/site-packages/airflow/example_dags/plugins/workday.py
[2024-12-14T23:55:30.267+0000] {processor.py:914} INFO - Processing file /root/airflow-venv/lib/python3.12/site-packages/airflow/example_dags/plugins/workday.py for tasks to queue
[2024-12-14T23:55:30.270+0000] {logging_mixin.py:190} INFO - [2024-12-14T23:55:30.269+0000] {dagbag.py:588} INFO - Filling up the DagBag from /root/airflow-venv/lib/python3.12/site-packages/airflow/example_dags/plugins/workday.py
[2024-12-14T23:55:30.273+0000] {logging_mixin.py:190} INFO - [2024-12-14T23:55:30.273+0000] {workday.py:41} WARNING - Could not import pandas. Holidays will not be considered.
[2024-12-14T23:55:30.274+0000] {processor.py:927} WARNING - No viable dags retrieved from /root/airflow-venv/lib/python3.12/site-packages/airflow/example_dags/plugins/workday.py
[2024-12-14T23:55:30.294+0000] {processor.py:208} INFO - Processing /root/airflow-venv/lib/python3.12/site-packages/airflow/example_dags/plugins/workday.py took 0.035 seconds
