[2025-03-13T18:00:40.663+0000] {local_task_job_runner.py:123} INFO - ::group::Pre task execution logs
[2025-03-13T18:00:40.676+0000] {taskinstance.py:2614} INFO - Dependencies all met for dep_context=non-requeueable deps ti=<TaskInstance: example_python_decorator.sleep_for_0 manual__2025-03-13T18:00:27.243348+00:00 [queued]>
[2025-03-13T18:00:40.683+0000] {taskinstance.py:2614} INFO - Dependencies all met for dep_context=requeueable deps ti=<TaskInstance: example_python_decorator.sleep_for_0 manual__2025-03-13T18:00:27.243348+00:00 [queued]>
[2025-03-13T18:00:40.683+0000] {taskinstance.py:2867} INFO - Starting attempt 1 of 1
[2025-03-13T18:00:40.696+0000] {taskinstance.py:2890} INFO - Executing <Task(_PythonDecoratedOperator): sleep_for_0> on 2025-03-13 18:00:27.243348+00:00
[2025-03-13T18:00:40.703+0000] {standard_task_runner.py:72} INFO - Started process 1660819 to run task
[2025-03-13T18:00:40.707+0000] {standard_task_runner.py:104} INFO - Running: ['airflow', 'tasks', 'run', 'example_python_decorator', 'sleep_for_0', 'manual__2025-03-13T18:00:27.243348+00:00', '--job-id', '63', '--raw', '--subdir', '/root/venv/lib/python3.12/site-packages/airflow/example_dags/example_python_decorator.py', '--cfg-path', '/tmp/tmp55m1q_np']
[2025-03-13T18:00:40.709+0000] {standard_task_runner.py:105} INFO - Job 63: Subtask sleep_for_0
[2025-03-13T18:00:40.761+0000] {task_command.py:467} INFO - Running <TaskInstance: example_python_decorator.sleep_for_0 manual__2025-03-13T18:00:27.243348+00:00 [running]> on host ubuntu-s-2vcpu-4gb-amd-sfo3-01
[2025-03-13T18:00:40.819+0000] {taskinstance.py:3134} INFO - Exporting env vars: AIRFLOW_CTX_DAG_OWNER='airflow' AIRFLOW_CTX_DAG_ID='example_python_decorator' AIRFLOW_CTX_TASK_ID='sleep_for_0' AIRFLOW_CTX_EXECUTION_DATE='2025-03-13T18:00:27.243348+00:00' AIRFLOW_CTX_TRY_NUMBER='1' AIRFLOW_CTX_DAG_RUN_ID='manual__2025-03-13T18:00:27.243348+00:00'
[2025-03-13T18:00:40.820+0000] {logging_mixin.py:190} INFO - Task instance is in running state
[2025-03-13T18:00:40.820+0000] {logging_mixin.py:190} INFO -  Previous state of the Task instance: queued
[2025-03-13T18:00:40.821+0000] {logging_mixin.py:190} INFO - Current task name:sleep_for_0 state:running start_date:2025-03-13 18:00:40.677287+00:00
[2025-03-13T18:00:40.821+0000] {logging_mixin.py:190} INFO - Dag name:example_python_decorator and current dag run status:running
[2025-03-13T18:00:40.821+0000] {taskinstance.py:732} INFO - ::endgroup::
[2025-03-13T18:00:40.822+0000] {python.py:240} INFO - Done. Returned value was: None
[2025-03-13T18:00:40.826+0000] {taskinstance.py:341} INFO - ::group::Post task execution logs
[2025-03-13T18:00:40.827+0000] {taskinstance.py:353} INFO - Marking task as SUCCESS. dag_id=example_python_decorator, task_id=sleep_for_0, run_id=manual__2025-03-13T18:00:27.243348+00:00, execution_date=20250313T180027, start_date=20250313T180040, end_date=20250313T180040
[2025-03-13T18:00:40.848+0000] {logging_mixin.py:190} INFO - Task instance in success state
[2025-03-13T18:00:40.848+0000] {logging_mixin.py:190} INFO -  Previous state of the Task instance: running
[2025-03-13T18:00:40.848+0000] {logging_mixin.py:190} INFO - Dag name:example_python_decorator queued_at:2025-03-13 18:00:27.288517+00:00
[2025-03-13T18:00:40.848+0000] {logging_mixin.py:190} INFO - Task hostname:ubuntu-s-2vcpu-4gb-amd-sfo3-01 operator:_PythonDecoratedOperator
[2025-03-13T18:00:40.883+0000] {local_task_job_runner.py:266} INFO - Task exited with return code 0
[2025-03-13T18:00:40.898+0000] {taskinstance.py:3901} INFO - 0 downstream tasks scheduled from follow-on schedule check
[2025-03-13T18:00:40.899+0000] {local_task_job_runner.py:245} INFO - ::endgroup::
