[2024-11-21T21:19:55.209+0000] {processor.py:186} INFO - Started process (PID=3158) to work on /root/airflow-venv/lib/python3.12/site-packages/airflow/example_dags/subdags/subdag.py
[2024-11-21T21:19:55.210+0000] {processor.py:914} INFO - Processing file /root/airflow-venv/lib/python3.12/site-packages/airflow/example_dags/subdags/subdag.py for tasks to queue
[2024-11-21T21:19:55.214+0000] {logging_mixin.py:190} INFO - [2024-11-21T21:19:55.213+0000] {dagbag.py:588} INFO - Filling up the DagBag from /root/airflow-venv/lib/python3.12/site-packages/airflow/example_dags/subdags/subdag.py
[2024-11-21T21:19:55.218+0000] {processor.py:927} WARNING - No viable dags retrieved from /root/airflow-venv/lib/python3.12/site-packages/airflow/example_dags/subdags/subdag.py
[2024-11-21T21:19:55.237+0000] {processor.py:208} INFO - Processing /root/airflow-venv/lib/python3.12/site-packages/airflow/example_dags/subdags/subdag.py took 0.038 seconds
[2024-11-21T21:20:12.654+0000] {processor.py:186} INFO - Started process (PID=3195) to work on /root/airflow-venv/lib/python3.12/site-packages/airflow/example_dags/subdags/subdag.py
[2024-11-21T21:20:12.655+0000] {processor.py:914} INFO - Processing file /root/airflow-venv/lib/python3.12/site-packages/airflow/example_dags/subdags/subdag.py for tasks to queue
[2024-11-21T21:20:12.659+0000] {logging_mixin.py:190} INFO - [2024-11-21T21:20:12.658+0000] {dagbag.py:588} INFO - Filling up the DagBag from /root/airflow-venv/lib/python3.12/site-packages/airflow/example_dags/subdags/subdag.py
[2024-11-21T21:20:12.663+0000] {processor.py:927} WARNING - No viable dags retrieved from /root/airflow-venv/lib/python3.12/site-packages/airflow/example_dags/subdags/subdag.py
[2024-11-21T21:20:12.682+0000] {processor.py:208} INFO - Processing /root/airflow-venv/lib/python3.12/site-packages/airflow/example_dags/subdags/subdag.py took 0.038 seconds
[2024-11-21T21:21:06.430+0000] {processor.py:186} INFO - Started process (PID=3296) to work on /root/airflow-venv/lib/python3.12/site-packages/airflow/example_dags/subdags/subdag.py
[2024-11-21T21:21:06.432+0000] {processor.py:914} INFO - Processing file /root/airflow-venv/lib/python3.12/site-packages/airflow/example_dags/subdags/subdag.py for tasks to queue
[2024-11-21T21:21:06.435+0000] {logging_mixin.py:190} INFO - [2024-11-21T21:21:06.434+0000] {dagbag.py:588} INFO - Filling up the DagBag from /root/airflow-venv/lib/python3.12/site-packages/airflow/example_dags/subdags/subdag.py
[2024-11-21T21:21:06.438+0000] {processor.py:927} WARNING - No viable dags retrieved from /root/airflow-venv/lib/python3.12/site-packages/airflow/example_dags/subdags/subdag.py
[2024-11-21T21:21:06.455+0000] {processor.py:208} INFO - Processing /root/airflow-venv/lib/python3.12/site-packages/airflow/example_dags/subdags/subdag.py took 0.034 seconds
[2024-11-21T21:21:41.331+0000] {processor.py:186} INFO - Started process (PID=3334) to work on /root/airflow-venv/lib/python3.12/site-packages/airflow/example_dags/subdags/subdag.py
[2024-11-21T21:21:41.333+0000] {processor.py:914} INFO - Processing file /root/airflow-venv/lib/python3.12/site-packages/airflow/example_dags/subdags/subdag.py for tasks to queue
[2024-11-21T21:21:41.335+0000] {logging_mixin.py:190} INFO - [2024-11-21T21:21:41.335+0000] {dagbag.py:588} INFO - Filling up the DagBag from /root/airflow-venv/lib/python3.12/site-packages/airflow/example_dags/subdags/subdag.py
[2024-11-21T21:21:41.338+0000] {processor.py:927} WARNING - No viable dags retrieved from /root/airflow-venv/lib/python3.12/site-packages/airflow/example_dags/subdags/subdag.py
[2024-11-21T21:21:41.351+0000] {processor.py:208} INFO - Processing /root/airflow-venv/lib/python3.12/site-packages/airflow/example_dags/subdags/subdag.py took 0.026 seconds
[2024-11-21T21:22:11.828+0000] {processor.py:186} INFO - Started process (PID=3363) to work on /root/airflow-venv/lib/python3.12/site-packages/airflow/example_dags/subdags/subdag.py
[2024-11-21T21:22:11.829+0000] {processor.py:914} INFO - Processing file /root/airflow-venv/lib/python3.12/site-packages/airflow/example_dags/subdags/subdag.py for tasks to queue
[2024-11-21T21:22:11.832+0000] {logging_mixin.py:190} INFO - [2024-11-21T21:22:11.831+0000] {dagbag.py:588} INFO - Filling up the DagBag from /root/airflow-venv/lib/python3.12/site-packages/airflow/example_dags/subdags/subdag.py
[2024-11-21T21:22:11.834+0000] {processor.py:927} WARNING - No viable dags retrieved from /root/airflow-venv/lib/python3.12/site-packages/airflow/example_dags/subdags/subdag.py
[2024-11-21T21:22:11.847+0000] {processor.py:208} INFO - Processing /root/airflow-venv/lib/python3.12/site-packages/airflow/example_dags/subdags/subdag.py took 0.025 seconds
[2024-11-21T21:23:10.876+0000] {processor.py:186} INFO - Started process (PID=3423) to work on /root/airflow-venv/lib/python3.12/site-packages/airflow/example_dags/subdags/subdag.py
[2024-11-21T21:23:10.877+0000] {processor.py:914} INFO - Processing file /root/airflow-venv/lib/python3.12/site-packages/airflow/example_dags/subdags/subdag.py for tasks to queue
[2024-11-21T21:23:10.880+0000] {logging_mixin.py:190} INFO - [2024-11-21T21:23:10.880+0000] {dagbag.py:588} INFO - Filling up the DagBag from /root/airflow-venv/lib/python3.12/site-packages/airflow/example_dags/subdags/subdag.py
[2024-11-21T21:23:10.883+0000] {processor.py:927} WARNING - No viable dags retrieved from /root/airflow-venv/lib/python3.12/site-packages/airflow/example_dags/subdags/subdag.py
[2024-11-21T21:23:10.899+0000] {processor.py:208} INFO - Processing /root/airflow-venv/lib/python3.12/site-packages/airflow/example_dags/subdags/subdag.py took 0.031 seconds
[2024-11-21T21:24:10.090+0000] {processor.py:186} INFO - Started process (PID=3480) to work on /root/airflow-venv/lib/python3.12/site-packages/airflow/example_dags/subdags/subdag.py
[2024-11-21T21:24:10.092+0000] {processor.py:914} INFO - Processing file /root/airflow-venv/lib/python3.12/site-packages/airflow/example_dags/subdags/subdag.py for tasks to queue
[2024-11-21T21:24:10.095+0000] {logging_mixin.py:190} INFO - [2024-11-21T21:24:10.094+0000] {dagbag.py:588} INFO - Filling up the DagBag from /root/airflow-venv/lib/python3.12/site-packages/airflow/example_dags/subdags/subdag.py
[2024-11-21T21:24:10.097+0000] {processor.py:927} WARNING - No viable dags retrieved from /root/airflow-venv/lib/python3.12/site-packages/airflow/example_dags/subdags/subdag.py
[2024-11-21T21:24:10.111+0000] {processor.py:208} INFO - Processing /root/airflow-venv/lib/python3.12/site-packages/airflow/example_dags/subdags/subdag.py took 0.030 seconds
[2024-11-21T21:25:05.968+0000] {processor.py:186} INFO - Started process (PID=3538) to work on /root/airflow-venv/lib/python3.12/site-packages/airflow/example_dags/subdags/subdag.py
[2024-11-21T21:25:05.970+0000] {processor.py:914} INFO - Processing file /root/airflow-venv/lib/python3.12/site-packages/airflow/example_dags/subdags/subdag.py for tasks to queue
[2024-11-21T21:25:05.973+0000] {logging_mixin.py:190} INFO - [2024-11-21T21:25:05.972+0000] {dagbag.py:588} INFO - Filling up the DagBag from /root/airflow-venv/lib/python3.12/site-packages/airflow/example_dags/subdags/subdag.py
[2024-11-21T21:25:05.976+0000] {processor.py:927} WARNING - No viable dags retrieved from /root/airflow-venv/lib/python3.12/site-packages/airflow/example_dags/subdags/subdag.py
[2024-11-21T21:25:05.993+0000] {processor.py:208} INFO - Processing /root/airflow-venv/lib/python3.12/site-packages/airflow/example_dags/subdags/subdag.py took 0.032 seconds
[2024-11-21T21:26:06.123+0000] {processor.py:186} INFO - Started process (PID=3596) to work on /root/airflow-venv/lib/python3.12/site-packages/airflow/example_dags/subdags/subdag.py
[2024-11-21T21:26:06.124+0000] {processor.py:914} INFO - Processing file /root/airflow-venv/lib/python3.12/site-packages/airflow/example_dags/subdags/subdag.py for tasks to queue
[2024-11-21T21:26:06.126+0000] {logging_mixin.py:190} INFO - [2024-11-21T21:26:06.126+0000] {dagbag.py:588} INFO - Filling up the DagBag from /root/airflow-venv/lib/python3.12/site-packages/airflow/example_dags/subdags/subdag.py
[2024-11-21T21:26:06.129+0000] {processor.py:927} WARNING - No viable dags retrieved from /root/airflow-venv/lib/python3.12/site-packages/airflow/example_dags/subdags/subdag.py
[2024-11-21T21:26:06.142+0000] {processor.py:208} INFO - Processing /root/airflow-venv/lib/python3.12/site-packages/airflow/example_dags/subdags/subdag.py took 0.026 seconds
[2024-11-21T21:26:42.854+0000] {processor.py:186} INFO - Started process (PID=3627) to work on /root/airflow-venv/lib/python3.12/site-packages/airflow/example_dags/subdags/subdag.py
[2024-11-21T21:26:42.855+0000] {processor.py:914} INFO - Processing file /root/airflow-venv/lib/python3.12/site-packages/airflow/example_dags/subdags/subdag.py for tasks to queue
[2024-11-21T21:26:42.857+0000] {logging_mixin.py:190} INFO - [2024-11-21T21:26:42.857+0000] {dagbag.py:588} INFO - Filling up the DagBag from /root/airflow-venv/lib/python3.12/site-packages/airflow/example_dags/subdags/subdag.py
[2024-11-21T21:26:42.860+0000] {processor.py:927} WARNING - No viable dags retrieved from /root/airflow-venv/lib/python3.12/site-packages/airflow/example_dags/subdags/subdag.py
[2024-11-21T21:26:42.873+0000] {processor.py:208} INFO - Processing /root/airflow-venv/lib/python3.12/site-packages/airflow/example_dags/subdags/subdag.py took 0.026 seconds
[2024-11-21T21:27:15.382+0000] {processor.py:186} INFO - Started process (PID=3659) to work on /root/airflow-venv/lib/python3.12/site-packages/airflow/example_dags/subdags/subdag.py
[2024-11-21T21:27:15.383+0000] {processor.py:914} INFO - Processing file /root/airflow-venv/lib/python3.12/site-packages/airflow/example_dags/subdags/subdag.py for tasks to queue
[2024-11-21T21:27:15.385+0000] {logging_mixin.py:190} INFO - [2024-11-21T21:27:15.385+0000] {dagbag.py:588} INFO - Filling up the DagBag from /root/airflow-venv/lib/python3.12/site-packages/airflow/example_dags/subdags/subdag.py
[2024-11-21T21:27:15.388+0000] {processor.py:927} WARNING - No viable dags retrieved from /root/airflow-venv/lib/python3.12/site-packages/airflow/example_dags/subdags/subdag.py
[2024-11-21T21:27:15.400+0000] {processor.py:208} INFO - Processing /root/airflow-venv/lib/python3.12/site-packages/airflow/example_dags/subdags/subdag.py took 0.025 seconds
[2024-11-21T21:28:10.597+0000] {processor.py:186} INFO - Started process (PID=3718) to work on /root/airflow-venv/lib/python3.12/site-packages/airflow/example_dags/subdags/subdag.py
[2024-11-21T21:28:10.599+0000] {processor.py:914} INFO - Processing file /root/airflow-venv/lib/python3.12/site-packages/airflow/example_dags/subdags/subdag.py for tasks to queue
[2024-11-21T21:28:10.603+0000] {logging_mixin.py:190} INFO - [2024-11-21T21:28:10.603+0000] {dagbag.py:588} INFO - Filling up the DagBag from /root/airflow-venv/lib/python3.12/site-packages/airflow/example_dags/subdags/subdag.py
[2024-11-21T21:28:10.607+0000] {processor.py:927} WARNING - No viable dags retrieved from /root/airflow-venv/lib/python3.12/site-packages/airflow/example_dags/subdags/subdag.py
[2024-11-21T21:28:10.623+0000] {processor.py:208} INFO - Processing /root/airflow-venv/lib/python3.12/site-packages/airflow/example_dags/subdags/subdag.py took 0.036 seconds
[2024-11-21T21:29:06.498+0000] {processor.py:186} INFO - Started process (PID=3776) to work on /root/airflow-venv/lib/python3.12/site-packages/airflow/example_dags/subdags/subdag.py
[2024-11-21T21:29:06.500+0000] {processor.py:914} INFO - Processing file /root/airflow-venv/lib/python3.12/site-packages/airflow/example_dags/subdags/subdag.py for tasks to queue
[2024-11-21T21:29:06.502+0000] {logging_mixin.py:190} INFO - [2024-11-21T21:29:06.502+0000] {dagbag.py:588} INFO - Filling up the DagBag from /root/airflow-venv/lib/python3.12/site-packages/airflow/example_dags/subdags/subdag.py
[2024-11-21T21:29:06.505+0000] {processor.py:927} WARNING - No viable dags retrieved from /root/airflow-venv/lib/python3.12/site-packages/airflow/example_dags/subdags/subdag.py
[2024-11-21T21:29:06.520+0000] {processor.py:208} INFO - Processing /root/airflow-venv/lib/python3.12/site-packages/airflow/example_dags/subdags/subdag.py took 0.029 seconds
[2024-11-21T21:30:00.181+0000] {processor.py:186} INFO - Started process (PID=3888) to work on /root/airflow-venv/lib/python3.12/site-packages/airflow/example_dags/subdags/subdag.py
[2024-11-21T21:30:00.183+0000] {processor.py:914} INFO - Processing file /root/airflow-venv/lib/python3.12/site-packages/airflow/example_dags/subdags/subdag.py for tasks to queue
[2024-11-21T21:30:00.186+0000] {logging_mixin.py:190} INFO - [2024-11-21T21:30:00.185+0000] {dagbag.py:588} INFO - Filling up the DagBag from /root/airflow-venv/lib/python3.12/site-packages/airflow/example_dags/subdags/subdag.py
[2024-11-21T21:30:00.189+0000] {processor.py:927} WARNING - No viable dags retrieved from /root/airflow-venv/lib/python3.12/site-packages/airflow/example_dags/subdags/subdag.py
[2024-11-21T21:30:00.205+0000] {processor.py:208} INFO - Processing /root/airflow-venv/lib/python3.12/site-packages/airflow/example_dags/subdags/subdag.py took 0.031 seconds
[2024-11-21T21:30:52.271+0000] {processor.py:186} INFO - Started process (PID=3951) to work on /root/airflow-venv/lib/python3.12/site-packages/airflow/example_dags/subdags/subdag.py
[2024-11-21T21:30:52.273+0000] {processor.py:914} INFO - Processing file /root/airflow-venv/lib/python3.12/site-packages/airflow/example_dags/subdags/subdag.py for tasks to queue
[2024-11-21T21:30:52.276+0000] {logging_mixin.py:190} INFO - [2024-11-21T21:30:52.275+0000] {dagbag.py:588} INFO - Filling up the DagBag from /root/airflow-venv/lib/python3.12/site-packages/airflow/example_dags/subdags/subdag.py
[2024-11-21T21:30:52.280+0000] {processor.py:927} WARNING - No viable dags retrieved from /root/airflow-venv/lib/python3.12/site-packages/airflow/example_dags/subdags/subdag.py
[2024-11-21T21:30:52.297+0000] {processor.py:208} INFO - Processing /root/airflow-venv/lib/python3.12/site-packages/airflow/example_dags/subdags/subdag.py took 0.035 seconds
