[2024-12-20T18:17:06.554+0000] {local_task_job_runner.py:123} INFO - ::group::Pre task execution logs
[2024-12-20T18:17:06.565+0000] {taskinstance.py:2613} INFO - Dependencies all met for dep_context=non-requeueable deps ti=<TaskInstance: example_bash_operator.runme_0 scheduled__2024-12-19T00:00:00+00:00 [queued]>
[2024-12-20T18:17:06.570+0000] {taskinstance.py:2613} INFO - Dependencies all met for dep_context=requeueable deps ti=<TaskInstance: example_bash_operator.runme_0 scheduled__2024-12-19T00:00:00+00:00 [queued]>
[2024-12-20T18:17:06.570+0000] {taskinstance.py:2866} INFO - Starting attempt 1 of 1
[2024-12-20T18:17:06.585+0000] {taskinstance.py:2889} INFO - Executing <Task(BashOperator): runme_0> on 2024-12-19 00:00:00+00:00
[2024-12-20T18:17:06.593+0000] {standard_task_runner.py:72} INFO - Started process 504664 to run task
[2024-12-20T18:17:06.598+0000] {standard_task_runner.py:104} INFO - Running: ['airflow', 'tasks', 'run', 'example_bash_operator', 'runme_0', 'scheduled__2024-12-19T00:00:00+00:00', '--job-id', '14', '--raw', '--subdir', '/root/airflow-venv/lib/python3.12/site-packages/airflow/example_dags/example_bash_operator.py', '--cfg-path', '/tmp/tmp7f7h21h9']
[2024-12-20T18:17:06.599+0000] {standard_task_runner.py:105} INFO - Job 14: Subtask runme_0
[2024-12-20T18:17:06.646+0000] {task_command.py:467} INFO - Running <TaskInstance: example_bash_operator.runme_0 scheduled__2024-12-19T00:00:00+00:00 [running]> on host ubuntu-s-2vcpu-4gb-amd-sfo3-01
[2024-12-20T18:17:06.707+0000] {taskinstance.py:3132} INFO - Exporting env vars: AIRFLOW_CTX_DAG_OWNER='airflow' AIRFLOW_CTX_DAG_ID='example_bash_operator' AIRFLOW_CTX_TASK_ID='runme_0' AIRFLOW_CTX_EXECUTION_DATE='2024-12-19T00:00:00+00:00' AIRFLOW_CTX_TRY_NUMBER='1' AIRFLOW_CTX_DAG_RUN_ID='scheduled__2024-12-19T00:00:00+00:00'
[2024-12-20T18:17:06.708+0000] {logging_mixin.py:190} INFO - Task instance is in running state
[2024-12-20T18:17:06.709+0000] {logging_mixin.py:190} INFO -  Previous state of the Task instance: queued
[2024-12-20T18:17:06.709+0000] {logging_mixin.py:190} INFO - Current task name:runme_0 state:running start_date:2024-12-20 18:17:06.565438+00:00
[2024-12-20T18:17:06.709+0000] {logging_mixin.py:190} INFO - Dag name:example_bash_operator and current dag run status:running
[2024-12-20T18:17:06.709+0000] {taskinstance.py:731} INFO - ::endgroup::
[2024-12-20T18:17:06.710+0000] {subprocess.py:78} INFO - Tmp dir root location: /tmp
[2024-12-20T18:17:06.710+0000] {subprocess.py:88} INFO - Running command: ['/usr/bin/bash', '-c', 'echo "example_bash_operator__runme_0__20241219" && sleep 1']
[2024-12-20T18:17:06.725+0000] {subprocess.py:99} INFO - Output:
[2024-12-20T18:17:06.727+0000] {subprocess.py:106} INFO - example_bash_operator__runme_0__20241219
[2024-12-20T18:17:07.729+0000] {subprocess.py:110} INFO - Command exited with return code 0
[2024-12-20T18:17:07.748+0000] {taskinstance.py:340} INFO - ::group::Post task execution logs
[2024-12-20T18:17:07.748+0000] {taskinstance.py:352} INFO - Marking task as SUCCESS. dag_id=example_bash_operator, task_id=runme_0, run_id=scheduled__2024-12-19T00:00:00+00:00, execution_date=20241219T000000, start_date=20241220T181706, end_date=20241220T181707
[2024-12-20T18:17:07.758+0000] {logging_mixin.py:190} INFO - Task instance in success state
[2024-12-20T18:17:07.758+0000] {logging_mixin.py:190} INFO -  Previous state of the Task instance: running
[2024-12-20T18:17:07.759+0000] {logging_mixin.py:190} INFO - Dag name:example_bash_operator queued_at:2024-12-20 18:17:04.492732+00:00
[2024-12-20T18:17:07.759+0000] {logging_mixin.py:190} INFO - Task hostname:ubuntu-s-2vcpu-4gb-amd-sfo3-01 operator:BashOperator
[2024-12-20T18:17:07.777+0000] {local_task_job_runner.py:266} INFO - Task exited with return code 0
[2024-12-20T18:17:07.794+0000] {taskinstance.py:3895} INFO - 0 downstream tasks scheduled from follow-on schedule check
[2024-12-20T18:17:07.795+0000] {local_task_job_runner.py:245} INFO - ::endgroup::
