[2025-01-21T01:49:33.805+0000] {local_task_job_runner.py:123} INFO - ::group::Pre task execution logs
[2025-01-21T01:49:33.820+0000] {taskinstance.py:2613} INFO - Dependencies all met for dep_context=non-requeueable deps ti=<TaskInstance: example_bash_operator.this_will_skip scheduled__2025-01-20T00:00:00+00:00 [queued]>
[2025-01-21T01:49:33.830+0000] {taskinstance.py:2613} INFO - Dependencies all met for dep_context=requeueable deps ti=<TaskInstance: example_bash_operator.this_will_skip scheduled__2025-01-20T00:00:00+00:00 [queued]>
[2025-01-21T01:49:33.830+0000] {taskinstance.py:2866} INFO - Starting attempt 2 of 1
[2025-01-21T01:49:33.852+0000] {taskinstance.py:2889} INFO - Executing <Task(BashOperator): this_will_skip> on 2025-01-20 00:00:00+00:00
[2025-01-21T01:49:33.864+0000] {standard_task_runner.py:72} INFO - Started process 995449 to run task
[2025-01-21T01:49:33.870+0000] {standard_task_runner.py:104} INFO - Running: ['airflow', 'tasks', 'run', 'example_bash_operator', 'this_will_skip', 'scheduled__2025-01-20T00:00:00+00:00', '--job-id', '41', '--raw', '--subdir', '/root/airflow-venv/lib/python3.12/site-packages/airflow/example_dags/example_bash_operator.py', '--cfg-path', '/tmp/tmpqjdvp6xv']
[2025-01-21T01:49:33.871+0000] {standard_task_runner.py:105} INFO - Job 41: Subtask this_will_skip
[2025-01-21T01:49:34.179+0000] {task_command.py:467} INFO - Running <TaskInstance: example_bash_operator.this_will_skip scheduled__2025-01-20T00:00:00+00:00 [running]> on host ubuntu-s-2vcpu-4gb-amd-sfo3-01
[2025-01-21T01:49:34.262+0000] {taskinstance.py:3132} INFO - Exporting env vars: AIRFLOW_CTX_DAG_OWNER='airflow' AIRFLOW_CTX_DAG_ID='example_bash_operator' AIRFLOW_CTX_TASK_ID='this_will_skip' AIRFLOW_CTX_EXECUTION_DATE='2025-01-20T00:00:00+00:00' AIRFLOW_CTX_TRY_NUMBER='2' AIRFLOW_CTX_DAG_RUN_ID='scheduled__2025-01-20T00:00:00+00:00'
[2025-01-21T01:49:34.263+0000] {logging_mixin.py:190} INFO - Task instance is in running state
[2025-01-21T01:49:34.263+0000] {logging_mixin.py:190} INFO -  Previous state of the Task instance: queued
[2025-01-21T01:49:34.263+0000] {logging_mixin.py:190} INFO - Current task name:this_will_skip state:running start_date:2025-01-21 01:49:33.821126+00:00
[2025-01-21T01:49:34.264+0000] {logging_mixin.py:190} INFO - Dag name:example_bash_operator and current dag run status:running
[2025-01-21T01:49:34.264+0000] {taskinstance.py:731} INFO - ::endgroup::
[2025-01-21T01:49:34.265+0000] {subprocess.py:78} INFO - Tmp dir root location: /tmp
[2025-01-21T01:49:34.265+0000] {subprocess.py:88} INFO - Running command: ['/usr/bin/bash', '-c', 'echo "hello world"; exit 99;']
[2025-01-21T01:49:34.289+0000] {subprocess.py:99} INFO - Output:
[2025-01-21T01:49:34.291+0000] {subprocess.py:106} INFO - hello world
[2025-01-21T01:49:34.292+0000] {subprocess.py:110} INFO - Command exited with return code 99
[2025-01-21T01:49:34.293+0000] {taskinstance.py:301} INFO - Bash command returned exit code 99. Skipping.
[2025-01-21T01:49:34.325+0000] {taskinstance.py:340} INFO - ::group::Post task execution logs
[2025-01-21T01:49:34.326+0000] {taskinstance.py:352} INFO - Marking task as SKIPPED. dag_id=example_bash_operator, task_id=this_will_skip, run_id=scheduled__2025-01-20T00:00:00+00:00, execution_date=20250120T000000, start_date=20250121T014933, end_date=20250121T014934
[2025-01-21T01:49:34.367+0000] {local_task_job_runner.py:266} INFO - Task exited with return code 0
[2025-01-21T01:49:34.591+0000] {taskinstance.py:3895} INFO - 0 downstream tasks scheduled from follow-on schedule check
[2025-01-21T01:49:34.632+0000] {local_task_job_runner.py:245} INFO - ::endgroup::
