[2025-01-21T01:49:17.682+0000] {local_task_job_runner.py:123} INFO - ::group::Pre task execution logs
[2025-01-21T01:49:17.696+0000] {taskinstance.py:2613} INFO - Dependencies all met for dep_context=non-requeueable deps ti=<TaskInstance: example_bash_operator.run_after_loop scheduled__2024-12-20T00:00:00+00:00 [queued]>
[2025-01-21T01:49:17.704+0000] {taskinstance.py:2613} INFO - Dependencies all met for dep_context=requeueable deps ti=<TaskInstance: example_bash_operator.run_after_loop scheduled__2024-12-20T00:00:00+00:00 [queued]>
[2025-01-21T01:49:17.705+0000] {taskinstance.py:2866} INFO - Starting attempt 2 of 1
[2025-01-21T01:49:17.729+0000] {taskinstance.py:2889} INFO - Executing <Task(BashOperator): run_after_loop> on 2024-12-20 00:00:00+00:00
[2025-01-21T01:49:17.746+0000] {standard_task_runner.py:72} INFO - Started process 995432 to run task
[2025-01-21T01:49:17.754+0000] {standard_task_runner.py:104} INFO - Running: ['airflow', 'tasks', 'run', 'example_bash_operator', 'run_after_loop', 'scheduled__2024-12-20T00:00:00+00:00', '--job-id', '38', '--raw', '--subdir', '/root/airflow-venv/lib/python3.12/site-packages/airflow/example_dags/example_bash_operator.py', '--cfg-path', '/tmp/tmpmonhsuu6']
[2025-01-21T01:49:17.755+0000] {standard_task_runner.py:105} INFO - Job 38: Subtask run_after_loop
[2025-01-21T01:49:18.046+0000] {task_command.py:467} INFO - Running <TaskInstance: example_bash_operator.run_after_loop scheduled__2024-12-20T00:00:00+00:00 [running]> on host ubuntu-s-2vcpu-4gb-amd-sfo3-01
[2025-01-21T01:49:18.147+0000] {taskinstance.py:3132} INFO - Exporting env vars: AIRFLOW_CTX_DAG_OWNER='airflow' AIRFLOW_CTX_DAG_ID='example_bash_operator' AIRFLOW_CTX_TASK_ID='run_after_loop' AIRFLOW_CTX_EXECUTION_DATE='2024-12-20T00:00:00+00:00' AIRFLOW_CTX_TRY_NUMBER='2' AIRFLOW_CTX_DAG_RUN_ID='scheduled__2024-12-20T00:00:00+00:00'
[2025-01-21T01:49:18.149+0000] {logging_mixin.py:190} INFO - Task instance is in running state
[2025-01-21T01:49:18.149+0000] {logging_mixin.py:190} INFO -  Previous state of the Task instance: queued
[2025-01-21T01:49:18.149+0000] {logging_mixin.py:190} INFO - Current task name:run_after_loop state:running start_date:2025-01-21 01:49:17.696612+00:00
[2025-01-21T01:49:18.150+0000] {logging_mixin.py:190} INFO - Dag name:example_bash_operator and current dag run status:running
[2025-01-21T01:49:18.150+0000] {taskinstance.py:731} INFO - ::endgroup::
[2025-01-21T01:49:18.151+0000] {subprocess.py:78} INFO - Tmp dir root location: /tmp
[2025-01-21T01:49:18.152+0000] {subprocess.py:88} INFO - Running command: ['/usr/bin/bash', '-c', 'echo https://airflow.apache.org/']
[2025-01-21T01:49:18.189+0000] {subprocess.py:99} INFO - Output:
[2025-01-21T01:49:18.191+0000] {subprocess.py:106} INFO - https://airflow.apache.org/
[2025-01-21T01:49:18.192+0000] {subprocess.py:110} INFO - Command exited with return code 0
[2025-01-21T01:49:18.245+0000] {taskinstance.py:340} INFO - ::group::Post task execution logs
[2025-01-21T01:49:18.246+0000] {taskinstance.py:352} INFO - Marking task as SUCCESS. dag_id=example_bash_operator, task_id=run_after_loop, run_id=scheduled__2024-12-20T00:00:00+00:00, execution_date=20241220T000000, start_date=20250121T014917, end_date=20250121T014918
[2025-01-21T01:49:18.270+0000] {logging_mixin.py:190} INFO - Task instance in success state
[2025-01-21T01:49:18.270+0000] {logging_mixin.py:190} INFO -  Previous state of the Task instance: running
[2025-01-21T01:49:18.271+0000] {logging_mixin.py:190} INFO - Dag name:example_bash_operator queued_at:2025-01-21 01:47:41.391173+00:00
[2025-01-21T01:49:18.271+0000] {logging_mixin.py:190} INFO - Task hostname:ubuntu-s-2vcpu-4gb-amd-sfo3-01 operator:BashOperator
[2025-01-21T01:49:18.328+0000] {local_task_job_runner.py:266} INFO - Task exited with return code 0
[2025-01-21T01:49:18.532+0000] {taskinstance.py:3895} INFO - 0 downstream tasks scheduled from follow-on schedule check
[2025-01-21T01:49:18.533+0000] {local_task_job_runner.py:245} INFO - ::endgroup::
