[2025-04-04T15:04:52.215+0000] {processor.py:186} INFO - Started process (PID=1962517) to work on /root/airflow/dags/bigquery_dag.py
[2025-04-04T15:04:52.216+0000] {processor.py:914} INFO - Processing file /root/airflow/dags/bigquery_dag.py for tasks to queue
[2025-04-04T15:04:52.219+0000] {logging_mixin.py:190} INFO - [2025-04-04T15:04:52.218+0000] {dagbag.py:588} INFO - Filling up the DagBag from /root/airflow/dags/bigquery_dag.py
[2025-04-04T15:04:52.627+0000] {processor.py:925} INFO - DAG(s) 'bigquery_attempt' retrieved from /root/airflow/dags/bigquery_dag.py
[2025-04-04T15:04:52.657+0000] {logging_mixin.py:190} INFO - [2025-04-04T15:04:52.656+0000] {dag.py:3239} INFO - Sync 1 DAGs
[2025-04-04T15:04:52.673+0000] {logging_mixin.py:190} INFO - [2025-04-04T15:04:52.672+0000] {dag.py:4180} INFO - Setting next_dagrun for bigquery_attempt to None, run_after=None
[2025-04-04T15:04:52.706+0000] {processor.py:208} INFO - Processing /root/airflow/dags/bigquery_dag.py took 0.500 seconds
[2025-04-04T15:19:22.126+0000] {processor.py:186} INFO - Started process (PID=1962861) to work on /root/airflow/dags/bigquery_dag.py
[2025-04-04T15:19:22.127+0000] {processor.py:914} INFO - Processing file /root/airflow/dags/bigquery_dag.py for tasks to queue
[2025-04-04T15:19:22.130+0000] {logging_mixin.py:190} INFO - [2025-04-04T15:19:22.129+0000] {dagbag.py:588} INFO - Filling up the DagBag from /root/airflow/dags/bigquery_dag.py
[2025-04-04T15:19:22.741+0000] {processor.py:925} INFO - DAG(s) 'bigquery_attempt' retrieved from /root/airflow/dags/bigquery_dag.py
[2025-04-04T15:19:23.256+0000] {logging_mixin.py:190} INFO - [2025-04-04T15:19:23.234+0000] {dag.py:3239} INFO - Sync 1 DAGs
[2025-04-04T15:19:23.331+0000] {logging_mixin.py:190} INFO - [2025-04-04T15:19:23.328+0000] {dag.py:4180} INFO - Setting next_dagrun for bigquery_attempt to None, run_after=None
[2025-04-04T15:19:23.367+0000] {processor.py:208} INFO - Processing /root/airflow/dags/bigquery_dag.py took 1.250 seconds
[2025-04-04T15:36:27.513+0000] {processor.py:186} INFO - Started process (PID=1963272) to work on /root/airflow/dags/bigquery_dag.py
[2025-04-04T15:36:27.515+0000] {processor.py:914} INFO - Processing file /root/airflow/dags/bigquery_dag.py for tasks to queue
[2025-04-04T15:36:27.518+0000] {logging_mixin.py:190} INFO - [2025-04-04T15:36:27.517+0000] {dagbag.py:588} INFO - Filling up the DagBag from /root/airflow/dags/bigquery_dag.py
[2025-04-04T15:36:27.766+0000] {processor.py:925} INFO - DAG(s) 'bigquery_attempt' retrieved from /root/airflow/dags/bigquery_dag.py
[2025-04-04T15:36:27.802+0000] {logging_mixin.py:190} INFO - [2025-04-04T15:36:27.800+0000] {dag.py:3239} INFO - Sync 1 DAGs
[2025-04-04T15:36:27.825+0000] {logging_mixin.py:190} INFO - [2025-04-04T15:36:27.824+0000] {dag.py:4180} INFO - Setting next_dagrun for bigquery_attempt to None, run_after=None
[2025-04-04T15:36:27.861+0000] {processor.py:208} INFO - Processing /root/airflow/dags/bigquery_dag.py took 0.358 seconds
[2025-04-04T15:36:58.755+0000] {processor.py:186} INFO - Started process (PID=1963290) to work on /root/airflow/dags/bigquery_dag.py
[2025-04-04T15:36:58.757+0000] {processor.py:914} INFO - Processing file /root/airflow/dags/bigquery_dag.py for tasks to queue
[2025-04-04T15:36:58.759+0000] {logging_mixin.py:190} INFO - [2025-04-04T15:36:58.758+0000] {dagbag.py:588} INFO - Filling up the DagBag from /root/airflow/dags/bigquery_dag.py
[2025-04-04T15:36:58.962+0000] {processor.py:925} INFO - DAG(s) 'bigquery_attempt' retrieved from /root/airflow/dags/bigquery_dag.py
[2025-04-04T15:36:58.991+0000] {logging_mixin.py:190} INFO - [2025-04-04T15:36:58.989+0000] {dag.py:3239} INFO - Sync 1 DAGs
[2025-04-04T15:36:59.007+0000] {logging_mixin.py:190} INFO - [2025-04-04T15:36:59.007+0000] {dag.py:4180} INFO - Setting next_dagrun for bigquery_attempt to None, run_after=None
[2025-04-04T15:36:59.033+0000] {processor.py:208} INFO - Processing /root/airflow/dags/bigquery_dag.py took 0.288 seconds
[2025-04-04T15:37:29.412+0000] {processor.py:186} INFO - Started process (PID=1963301) to work on /root/airflow/dags/bigquery_dag.py
[2025-04-04T15:37:29.414+0000] {processor.py:914} INFO - Processing file /root/airflow/dags/bigquery_dag.py for tasks to queue
[2025-04-04T15:37:29.416+0000] {logging_mixin.py:190} INFO - [2025-04-04T15:37:29.416+0000] {dagbag.py:588} INFO - Filling up the DagBag from /root/airflow/dags/bigquery_dag.py
[2025-04-04T15:37:29.641+0000] {processor.py:925} INFO - DAG(s) 'bigquery_attempt' retrieved from /root/airflow/dags/bigquery_dag.py
[2025-04-04T15:37:29.675+0000] {logging_mixin.py:190} INFO - [2025-04-04T15:37:29.674+0000] {dag.py:3239} INFO - Sync 1 DAGs
[2025-04-04T15:37:29.690+0000] {logging_mixin.py:190} INFO - [2025-04-04T15:37:29.690+0000] {dag.py:4180} INFO - Setting next_dagrun for bigquery_attempt to None, run_after=None
[2025-04-04T15:37:29.717+0000] {processor.py:208} INFO - Processing /root/airflow/dags/bigquery_dag.py took 0.317 seconds
[2025-04-04T15:38:00.741+0000] {processor.py:186} INFO - Started process (PID=1963321) to work on /root/airflow/dags/bigquery_dag.py
[2025-04-04T15:38:00.742+0000] {processor.py:914} INFO - Processing file /root/airflow/dags/bigquery_dag.py for tasks to queue
[2025-04-04T15:38:00.744+0000] {logging_mixin.py:190} INFO - [2025-04-04T15:38:00.744+0000] {dagbag.py:588} INFO - Filling up the DagBag from /root/airflow/dags/bigquery_dag.py
[2025-04-04T15:38:00.955+0000] {processor.py:925} INFO - DAG(s) 'bigquery_attempt' retrieved from /root/airflow/dags/bigquery_dag.py
[2025-04-04T15:38:00.983+0000] {logging_mixin.py:190} INFO - [2025-04-04T15:38:00.982+0000] {dag.py:3239} INFO - Sync 1 DAGs
[2025-04-04T15:38:01.001+0000] {logging_mixin.py:190} INFO - [2025-04-04T15:38:01.001+0000] {dag.py:4180} INFO - Setting next_dagrun for bigquery_attempt to None, run_after=None
[2025-04-04T15:38:01.025+0000] {processor.py:208} INFO - Processing /root/airflow/dags/bigquery_dag.py took 0.291 seconds
[2025-04-04T15:38:31.372+0000] {processor.py:186} INFO - Started process (PID=1963330) to work on /root/airflow/dags/bigquery_dag.py
[2025-04-04T15:38:31.374+0000] {processor.py:914} INFO - Processing file /root/airflow/dags/bigquery_dag.py for tasks to queue
[2025-04-04T15:38:31.375+0000] {logging_mixin.py:190} INFO - [2025-04-04T15:38:31.375+0000] {dagbag.py:588} INFO - Filling up the DagBag from /root/airflow/dags/bigquery_dag.py
[2025-04-04T15:38:31.549+0000] {processor.py:925} INFO - DAG(s) 'bigquery_attempt' retrieved from /root/airflow/dags/bigquery_dag.py
[2025-04-04T15:38:31.575+0000] {logging_mixin.py:190} INFO - [2025-04-04T15:38:31.575+0000] {dag.py:3239} INFO - Sync 1 DAGs
[2025-04-04T15:38:31.589+0000] {logging_mixin.py:190} INFO - [2025-04-04T15:38:31.589+0000] {dag.py:4180} INFO - Setting next_dagrun for bigquery_attempt to None, run_after=None
[2025-04-04T15:38:31.614+0000] {processor.py:208} INFO - Processing /root/airflow/dags/bigquery_dag.py took 0.249 seconds
[2025-04-04T15:39:03.369+0000] {processor.py:186} INFO - Started process (PID=1963338) to work on /root/airflow/dags/bigquery_dag.py
[2025-04-04T15:39:03.371+0000] {processor.py:914} INFO - Processing file /root/airflow/dags/bigquery_dag.py for tasks to queue
[2025-04-04T15:39:03.373+0000] {logging_mixin.py:190} INFO - [2025-04-04T15:39:03.372+0000] {dagbag.py:588} INFO - Filling up the DagBag from /root/airflow/dags/bigquery_dag.py
[2025-04-04T15:39:03.586+0000] {processor.py:925} INFO - DAG(s) 'bigquery_attempt' retrieved from /root/airflow/dags/bigquery_dag.py
[2025-04-04T15:39:03.615+0000] {logging_mixin.py:190} INFO - [2025-04-04T15:39:03.614+0000] {dag.py:3239} INFO - Sync 1 DAGs
[2025-04-04T15:39:03.633+0000] {logging_mixin.py:190} INFO - [2025-04-04T15:39:03.632+0000] {dag.py:4180} INFO - Setting next_dagrun for bigquery_attempt to None, run_after=None
[2025-04-04T15:39:03.664+0000] {processor.py:208} INFO - Processing /root/airflow/dags/bigquery_dag.py took 0.304 seconds
[2025-04-04T15:39:34.034+0000] {processor.py:186} INFO - Started process (PID=1963346) to work on /root/airflow/dags/bigquery_dag.py
[2025-04-04T15:39:34.035+0000] {processor.py:914} INFO - Processing file /root/airflow/dags/bigquery_dag.py for tasks to queue
[2025-04-04T15:39:34.036+0000] {logging_mixin.py:190} INFO - [2025-04-04T15:39:34.036+0000] {dagbag.py:588} INFO - Filling up the DagBag from /root/airflow/dags/bigquery_dag.py
[2025-04-04T15:39:34.198+0000] {processor.py:925} INFO - DAG(s) 'bigquery_attempt' retrieved from /root/airflow/dags/bigquery_dag.py
[2025-04-04T15:39:34.221+0000] {logging_mixin.py:190} INFO - [2025-04-04T15:39:34.221+0000] {dag.py:3239} INFO - Sync 1 DAGs
[2025-04-04T15:39:34.235+0000] {logging_mixin.py:190} INFO - [2025-04-04T15:39:34.235+0000] {dag.py:4180} INFO - Setting next_dagrun for bigquery_attempt to None, run_after=None
[2025-04-04T15:39:34.258+0000] {processor.py:208} INFO - Processing /root/airflow/dags/bigquery_dag.py took 0.231 seconds
[2025-04-04T15:40:04.899+0000] {processor.py:186} INFO - Started process (PID=1963360) to work on /root/airflow/dags/bigquery_dag.py
[2025-04-04T15:40:04.901+0000] {processor.py:914} INFO - Processing file /root/airflow/dags/bigquery_dag.py for tasks to queue
[2025-04-04T15:40:04.903+0000] {logging_mixin.py:190} INFO - [2025-04-04T15:40:04.903+0000] {dagbag.py:588} INFO - Filling up the DagBag from /root/airflow/dags/bigquery_dag.py
[2025-04-04T15:40:05.084+0000] {processor.py:925} INFO - DAG(s) 'bigquery_attempt' retrieved from /root/airflow/dags/bigquery_dag.py
[2025-04-04T15:40:05.110+0000] {logging_mixin.py:190} INFO - [2025-04-04T15:40:05.109+0000] {dag.py:3239} INFO - Sync 1 DAGs
[2025-04-04T15:40:05.125+0000] {logging_mixin.py:190} INFO - [2025-04-04T15:40:05.124+0000] {dag.py:4180} INFO - Setting next_dagrun for bigquery_attempt to None, run_after=None
[2025-04-04T15:40:05.151+0000] {processor.py:208} INFO - Processing /root/airflow/dags/bigquery_dag.py took 0.259 seconds
[2025-04-04T15:43:29.180+0000] {processor.py:186} INFO - Started process (PID=1963410) to work on /root/airflow/dags/bigquery_dag.py
[2025-04-04T15:43:29.183+0000] {processor.py:914} INFO - Processing file /root/airflow/dags/bigquery_dag.py for tasks to queue
[2025-04-04T15:43:29.185+0000] {logging_mixin.py:190} INFO - [2025-04-04T15:43:29.184+0000] {dagbag.py:588} INFO - Filling up the DagBag from /root/airflow/dags/bigquery_dag.py
[2025-04-04T15:43:29.393+0000] {processor.py:925} INFO - DAG(s) 'bigquery_attempt' retrieved from /root/airflow/dags/bigquery_dag.py
[2025-04-04T15:43:29.419+0000] {logging_mixin.py:190} INFO - [2025-04-04T15:43:29.418+0000] {dag.py:3239} INFO - Sync 1 DAGs
[2025-04-04T15:43:29.433+0000] {logging_mixin.py:190} INFO - [2025-04-04T15:43:29.433+0000] {dag.py:4180} INFO - Setting next_dagrun for bigquery_attempt to None, run_after=None
[2025-04-04T15:43:29.456+0000] {processor.py:208} INFO - Processing /root/airflow/dags/bigquery_dag.py took 0.284 seconds
[2025-04-04T15:44:00.186+0000] {processor.py:186} INFO - Started process (PID=1963421) to work on /root/airflow/dags/bigquery_dag.py
[2025-04-04T15:44:00.187+0000] {processor.py:914} INFO - Processing file /root/airflow/dags/bigquery_dag.py for tasks to queue
[2025-04-04T15:44:00.189+0000] {logging_mixin.py:190} INFO - [2025-04-04T15:44:00.188+0000] {dagbag.py:588} INFO - Filling up the DagBag from /root/airflow/dags/bigquery_dag.py
[2025-04-04T15:44:00.378+0000] {processor.py:925} INFO - DAG(s) 'bigquery_attempt' retrieved from /root/airflow/dags/bigquery_dag.py
[2025-04-04T15:44:00.406+0000] {logging_mixin.py:190} INFO - [2025-04-04T15:44:00.405+0000] {dag.py:3239} INFO - Sync 1 DAGs
[2025-04-04T15:44:00.421+0000] {logging_mixin.py:190} INFO - [2025-04-04T15:44:00.420+0000] {dag.py:4180} INFO - Setting next_dagrun for bigquery_attempt to None, run_after=None
[2025-04-04T15:44:00.447+0000] {processor.py:208} INFO - Processing /root/airflow/dags/bigquery_dag.py took 0.271 seconds
[2025-04-04T15:49:26.467+0000] {processor.py:186} INFO - Started process (PID=1963547) to work on /root/airflow/dags/bigquery_dag.py
[2025-04-04T15:49:26.469+0000] {processor.py:914} INFO - Processing file /root/airflow/dags/bigquery_dag.py for tasks to queue
[2025-04-04T15:49:26.472+0000] {logging_mixin.py:190} INFO - [2025-04-04T15:49:26.471+0000] {dagbag.py:588} INFO - Filling up the DagBag from /root/airflow/dags/bigquery_dag.py
[2025-04-04T15:49:26.645+0000] {processor.py:925} INFO - DAG(s) 'bigquery_attempt' retrieved from /root/airflow/dags/bigquery_dag.py
[2025-04-04T15:49:26.669+0000] {logging_mixin.py:190} INFO - [2025-04-04T15:49:26.669+0000] {dag.py:3239} INFO - Sync 1 DAGs
[2025-04-04T15:49:26.683+0000] {logging_mixin.py:190} INFO - [2025-04-04T15:49:26.683+0000] {dag.py:4180} INFO - Setting next_dagrun for bigquery_attempt to None, run_after=None
[2025-04-04T15:49:26.707+0000] {processor.py:208} INFO - Processing /root/airflow/dags/bigquery_dag.py took 0.246 seconds
[2025-04-04T16:24:27.616+0000] {processor.py:186} INFO - Started process (PID=1963882) to work on /root/airflow/dags/bigquery_dag.py
[2025-04-04T16:24:27.617+0000] {processor.py:914} INFO - Processing file /root/airflow/dags/bigquery_dag.py for tasks to queue
[2025-04-04T16:24:27.619+0000] {logging_mixin.py:190} INFO - [2025-04-04T16:24:27.618+0000] {dagbag.py:588} INFO - Filling up the DagBag from /root/airflow/dags/bigquery_dag.py
[2025-04-04T16:24:27.801+0000] {processor.py:925} INFO - DAG(s) 'bigquery_attempt' retrieved from /root/airflow/dags/bigquery_dag.py
[2025-04-04T16:24:27.829+0000] {logging_mixin.py:190} INFO - [2025-04-04T16:24:27.827+0000] {dag.py:3239} INFO - Sync 1 DAGs
[2025-04-04T16:24:27.844+0000] {logging_mixin.py:190} INFO - [2025-04-04T16:24:27.844+0000] {dag.py:4180} INFO - Setting next_dagrun for bigquery_attempt to None, run_after=None
[2025-04-04T16:24:27.868+0000] {processor.py:208} INFO - Processing /root/airflow/dags/bigquery_dag.py took 0.260 seconds
[2025-04-04T16:24:59.027+0000] {processor.py:186} INFO - Started process (PID=1963888) to work on /root/airflow/dags/bigquery_dag.py
[2025-04-04T16:24:59.029+0000] {processor.py:914} INFO - Processing file /root/airflow/dags/bigquery_dag.py for tasks to queue
[2025-04-04T16:24:59.031+0000] {logging_mixin.py:190} INFO - [2025-04-04T16:24:59.030+0000] {dagbag.py:588} INFO - Filling up the DagBag from /root/airflow/dags/bigquery_dag.py
[2025-04-04T16:24:59.226+0000] {processor.py:925} INFO - DAG(s) 'bigquery_attempt' retrieved from /root/airflow/dags/bigquery_dag.py
[2025-04-04T16:24:59.256+0000] {logging_mixin.py:190} INFO - [2025-04-04T16:24:59.255+0000] {dag.py:3239} INFO - Sync 1 DAGs
[2025-04-04T16:24:59.272+0000] {logging_mixin.py:190} INFO - [2025-04-04T16:24:59.271+0000] {dag.py:4180} INFO - Setting next_dagrun for bigquery_attempt to None, run_after=None
[2025-04-04T16:24:59.296+0000] {processor.py:208} INFO - Processing /root/airflow/dags/bigquery_dag.py took 0.276 seconds
[2025-04-04T16:25:29.556+0000] {processor.py:186} INFO - Started process (PID=1963901) to work on /root/airflow/dags/bigquery_dag.py
[2025-04-04T16:25:29.558+0000] {processor.py:914} INFO - Processing file /root/airflow/dags/bigquery_dag.py for tasks to queue
[2025-04-04T16:25:29.561+0000] {logging_mixin.py:190} INFO - [2025-04-04T16:25:29.560+0000] {dagbag.py:588} INFO - Filling up the DagBag from /root/airflow/dags/bigquery_dag.py
[2025-04-04T16:25:29.783+0000] {processor.py:925} INFO - DAG(s) 'bigquery_attempt' retrieved from /root/airflow/dags/bigquery_dag.py
[2025-04-04T16:25:29.811+0000] {logging_mixin.py:190} INFO - [2025-04-04T16:25:29.810+0000] {dag.py:3239} INFO - Sync 1 DAGs
[2025-04-04T16:25:29.826+0000] {logging_mixin.py:190} INFO - [2025-04-04T16:25:29.825+0000] {dag.py:4180} INFO - Setting next_dagrun for bigquery_attempt to None, run_after=None
[2025-04-04T16:25:29.860+0000] {processor.py:208} INFO - Processing /root/airflow/dags/bigquery_dag.py took 0.314 seconds
[2025-04-04T16:28:18.509+0000] {processor.py:186} INFO - Started process (PID=1963946) to work on /root/airflow/dags/bigquery_dag.py
[2025-04-04T16:28:18.557+0000] {processor.py:914} INFO - Processing file /root/airflow/dags/bigquery_dag.py for tasks to queue
[2025-04-04T16:28:18.606+0000] {logging_mixin.py:190} INFO - [2025-04-04T16:28:18.591+0000] {dagbag.py:588} INFO - Filling up the DagBag from /root/airflow/dags/bigquery_dag.py
[2025-04-04T16:28:29.046+0000] {processor.py:925} INFO - DAG(s) 'bigquery_attempt' retrieved from /root/airflow/dags/bigquery_dag.py
[2025-04-04T16:28:36.123+0000] {logging_mixin.py:190} INFO - [2025-04-04T16:28:36.117+0000] {dag.py:3239} INFO - Sync 1 DAGs
[2025-04-04T16:28:36.143+0000] {logging_mixin.py:190} INFO - [2025-04-04T16:28:36.142+0000] {dag.py:4180} INFO - Setting next_dagrun for bigquery_attempt to None, run_after=None
[2025-04-04T16:28:36.179+0000] {processor.py:208} INFO - Processing /root/airflow/dags/bigquery_dag.py took 17.876 seconds
[2025-04-04T16:29:32.536+0000] {processor.py:186} INFO - Started process (PID=1963968) to work on /root/airflow/dags/bigquery_dag.py
[2025-04-04T16:29:32.538+0000] {processor.py:914} INFO - Processing file /root/airflow/dags/bigquery_dag.py for tasks to queue
[2025-04-04T16:29:32.539+0000] {logging_mixin.py:190} INFO - [2025-04-04T16:29:32.539+0000] {dagbag.py:588} INFO - Filling up the DagBag from /root/airflow/dags/bigquery_dag.py
[2025-04-04T16:29:32.703+0000] {processor.py:925} INFO - DAG(s) 'bigquery_attempt' retrieved from /root/airflow/dags/bigquery_dag.py
[2025-04-04T16:29:32.729+0000] {logging_mixin.py:190} INFO - [2025-04-04T16:29:32.728+0000] {dag.py:3239} INFO - Sync 1 DAGs
[2025-04-04T16:29:32.741+0000] {logging_mixin.py:190} INFO - [2025-04-04T16:29:32.741+0000] {dag.py:4180} INFO - Setting next_dagrun for bigquery_attempt to None, run_after=None
[2025-04-04T16:29:32.763+0000] {processor.py:208} INFO - Processing /root/airflow/dags/bigquery_dag.py took 0.233 seconds
[2025-04-04T16:32:14.970+0000] {processor.py:186} INFO - Started process (PID=1964023) to work on /root/airflow/dags/bigquery_dag.py
[2025-04-04T16:32:14.973+0000] {processor.py:914} INFO - Processing file /root/airflow/dags/bigquery_dag.py for tasks to queue
[2025-04-04T16:32:14.976+0000] {logging_mixin.py:190} INFO - [2025-04-04T16:32:14.975+0000] {dagbag.py:588} INFO - Filling up the DagBag from /root/airflow/dags/bigquery_dag.py
[2025-04-04T16:32:15.336+0000] {processor.py:925} INFO - DAG(s) 'bigquery_attempt' retrieved from /root/airflow/dags/bigquery_dag.py
[2025-04-04T16:32:17.194+0000] {logging_mixin.py:190} INFO - [2025-04-04T16:32:17.180+0000] {dag.py:3239} INFO - Sync 1 DAGs
[2025-04-04T16:32:17.517+0000] {logging_mixin.py:190} INFO - [2025-04-04T16:32:17.337+0000] {dag.py:4180} INFO - Setting next_dagrun for bigquery_attempt to None, run_after=None
[2025-04-04T16:32:17.736+0000] {processor.py:208} INFO - Processing /root/airflow/dags/bigquery_dag.py took 2.774 seconds
