[2025-04-04T15:04:48.822+0000] {processor.py:186} INFO - Started process (PID=1962513) to work on /root/airflow/dags/run_external_queries.py
[2025-04-04T15:04:48.823+0000] {processor.py:914} INFO - Processing file /root/airflow/dags/run_external_queries.py for tasks to queue
[2025-04-04T15:04:48.826+0000] {logging_mixin.py:190} INFO - [2025-04-04T15:04:48.825+0000] {dagbag.py:588} INFO - Filling up the DagBag from /root/airflow/dags/run_external_queries.py
[2025-04-04T15:04:49.199+0000] {processor.py:925} INFO - DAG(s) 'run_external_queries' retrieved from /root/airflow/dags/run_external_queries.py
[2025-04-04T15:04:49.246+0000] {logging_mixin.py:190} INFO - [2025-04-04T15:04:49.245+0000] {dag.py:3239} INFO - Sync 1 DAGs
[2025-04-04T15:04:49.263+0000] {logging_mixin.py:190} INFO - [2025-04-04T15:04:49.263+0000] {dag.py:4180} INFO - Setting next_dagrun for run_external_queries to None, run_after=None
[2025-04-04T15:04:49.300+0000] {processor.py:208} INFO - Processing /root/airflow/dags/run_external_queries.py took 0.485 seconds
[2025-04-04T15:19:20.469+0000] {processor.py:186} INFO - Started process (PID=1962859) to work on /root/airflow/dags/run_external_queries.py
[2025-04-04T15:19:20.471+0000] {processor.py:914} INFO - Processing file /root/airflow/dags/run_external_queries.py for tasks to queue
[2025-04-04T15:19:20.477+0000] {logging_mixin.py:190} INFO - [2025-04-04T15:19:20.473+0000] {dagbag.py:588} INFO - Filling up the DagBag from /root/airflow/dags/run_external_queries.py
[2025-04-04T15:19:20.890+0000] {processor.py:925} INFO - DAG(s) 'run_external_queries' retrieved from /root/airflow/dags/run_external_queries.py
[2025-04-04T15:19:20.944+0000] {logging_mixin.py:190} INFO - [2025-04-04T15:19:20.944+0000] {dag.py:3239} INFO - Sync 1 DAGs
[2025-04-04T15:19:20.975+0000] {logging_mixin.py:190} INFO - [2025-04-04T15:19:20.974+0000] {dag.py:4180} INFO - Setting next_dagrun for run_external_queries to None, run_after=None
[2025-04-04T15:19:21.000+0000] {processor.py:208} INFO - Processing /root/airflow/dags/run_external_queries.py took 0.537 seconds
[2025-04-04T15:36:26.164+0000] {processor.py:186} INFO - Started process (PID=1963271) to work on /root/airflow/dags/run_external_queries.py
[2025-04-04T15:36:26.166+0000] {processor.py:914} INFO - Processing file /root/airflow/dags/run_external_queries.py for tasks to queue
[2025-04-04T15:36:26.168+0000] {logging_mixin.py:190} INFO - [2025-04-04T15:36:26.167+0000] {dagbag.py:588} INFO - Filling up the DagBag from /root/airflow/dags/run_external_queries.py
[2025-04-04T15:36:26.351+0000] {processor.py:925} INFO - DAG(s) 'run_external_queries' retrieved from /root/airflow/dags/run_external_queries.py
[2025-04-04T15:36:26.375+0000] {logging_mixin.py:190} INFO - [2025-04-04T15:36:26.374+0000] {dag.py:3239} INFO - Sync 1 DAGs
[2025-04-04T15:36:26.390+0000] {logging_mixin.py:190} INFO - [2025-04-04T15:36:26.390+0000] {dag.py:4180} INFO - Setting next_dagrun for run_external_queries to None, run_after=None
[2025-04-04T15:36:26.416+0000] {processor.py:208} INFO - Processing /root/airflow/dags/run_external_queries.py took 0.262 seconds
[2025-04-04T15:36:57.403+0000] {processor.py:186} INFO - Started process (PID=1963289) to work on /root/airflow/dags/run_external_queries.py
[2025-04-04T15:36:57.405+0000] {processor.py:914} INFO - Processing file /root/airflow/dags/run_external_queries.py for tasks to queue
[2025-04-04T15:36:57.407+0000] {logging_mixin.py:190} INFO - [2025-04-04T15:36:57.406+0000] {dagbag.py:588} INFO - Filling up the DagBag from /root/airflow/dags/run_external_queries.py
[2025-04-04T15:36:57.604+0000] {processor.py:925} INFO - DAG(s) 'run_external_queries' retrieved from /root/airflow/dags/run_external_queries.py
[2025-04-04T15:36:57.634+0000] {logging_mixin.py:190} INFO - [2025-04-04T15:36:57.632+0000] {dag.py:3239} INFO - Sync 1 DAGs
[2025-04-04T15:36:57.649+0000] {logging_mixin.py:190} INFO - [2025-04-04T15:36:57.649+0000] {dag.py:4180} INFO - Setting next_dagrun for run_external_queries to None, run_after=None
[2025-04-04T15:36:57.677+0000] {processor.py:208} INFO - Processing /root/airflow/dags/run_external_queries.py took 0.283 seconds
[2025-04-04T15:37:27.939+0000] {processor.py:186} INFO - Started process (PID=1963300) to work on /root/airflow/dags/run_external_queries.py
[2025-04-04T15:37:27.941+0000] {processor.py:914} INFO - Processing file /root/airflow/dags/run_external_queries.py for tasks to queue
[2025-04-04T15:37:27.944+0000] {logging_mixin.py:190} INFO - [2025-04-04T15:37:27.943+0000] {dagbag.py:588} INFO - Filling up the DagBag from /root/airflow/dags/run_external_queries.py
[2025-04-04T15:37:28.183+0000] {processor.py:925} INFO - DAG(s) 'run_external_queries' retrieved from /root/airflow/dags/run_external_queries.py
[2025-04-04T15:37:28.214+0000] {logging_mixin.py:190} INFO - [2025-04-04T15:37:28.213+0000] {dag.py:3239} INFO - Sync 1 DAGs
[2025-04-04T15:37:28.230+0000] {logging_mixin.py:190} INFO - [2025-04-04T15:37:28.229+0000] {dag.py:4180} INFO - Setting next_dagrun for run_external_queries to None, run_after=None
[2025-04-04T15:37:28.256+0000] {processor.py:208} INFO - Processing /root/airflow/dags/run_external_queries.py took 0.326 seconds
[2025-04-04T15:37:59.391+0000] {processor.py:186} INFO - Started process (PID=1963320) to work on /root/airflow/dags/run_external_queries.py
[2025-04-04T15:37:59.393+0000] {processor.py:914} INFO - Processing file /root/airflow/dags/run_external_queries.py for tasks to queue
[2025-04-04T15:37:59.394+0000] {logging_mixin.py:190} INFO - [2025-04-04T15:37:59.394+0000] {dagbag.py:588} INFO - Filling up the DagBag from /root/airflow/dags/run_external_queries.py
[2025-04-04T15:37:59.591+0000] {processor.py:925} INFO - DAG(s) 'run_external_queries' retrieved from /root/airflow/dags/run_external_queries.py
[2025-04-04T15:37:59.618+0000] {logging_mixin.py:190} INFO - [2025-04-04T15:37:59.617+0000] {dag.py:3239} INFO - Sync 1 DAGs
[2025-04-04T15:37:59.639+0000] {logging_mixin.py:190} INFO - [2025-04-04T15:37:59.638+0000] {dag.py:4180} INFO - Setting next_dagrun for run_external_queries to None, run_after=None
[2025-04-04T15:37:59.667+0000] {processor.py:208} INFO - Processing /root/airflow/dags/run_external_queries.py took 0.285 seconds
[2025-04-04T15:38:30.646+0000] {processor.py:186} INFO - Started process (PID=1963329) to work on /root/airflow/dags/run_external_queries.py
[2025-04-04T15:38:30.647+0000] {processor.py:914} INFO - Processing file /root/airflow/dags/run_external_queries.py for tasks to queue
[2025-04-04T15:38:30.649+0000] {logging_mixin.py:190} INFO - [2025-04-04T15:38:30.648+0000] {dagbag.py:588} INFO - Filling up the DagBag from /root/airflow/dags/run_external_queries.py
[2025-04-04T15:38:31.007+0000] {processor.py:925} INFO - DAG(s) 'run_external_queries' retrieved from /root/airflow/dags/run_external_queries.py
[2025-04-04T15:38:31.042+0000] {logging_mixin.py:190} INFO - [2025-04-04T15:38:31.041+0000] {dag.py:3239} INFO - Sync 1 DAGs
[2025-04-04T15:38:31.054+0000] {logging_mixin.py:190} INFO - [2025-04-04T15:38:31.054+0000] {dag.py:4180} INFO - Setting next_dagrun for run_external_queries to None, run_after=None
[2025-04-04T15:38:31.076+0000] {processor.py:208} INFO - Processing /root/airflow/dags/run_external_queries.py took 0.439 seconds
[2025-04-04T15:39:01.787+0000] {processor.py:186} INFO - Started process (PID=1963337) to work on /root/airflow/dags/run_external_queries.py
[2025-04-04T15:39:01.790+0000] {processor.py:914} INFO - Processing file /root/airflow/dags/run_external_queries.py for tasks to queue
[2025-04-04T15:39:01.793+0000] {logging_mixin.py:190} INFO - [2025-04-04T15:39:01.792+0000] {dagbag.py:588} INFO - Filling up the DagBag from /root/airflow/dags/run_external_queries.py
[2025-04-04T15:39:02.143+0000] {processor.py:925} INFO - DAG(s) 'run_external_queries' retrieved from /root/airflow/dags/run_external_queries.py
[2025-04-04T15:39:02.185+0000] {logging_mixin.py:190} INFO - [2025-04-04T15:39:02.184+0000] {dag.py:3239} INFO - Sync 1 DAGs
[2025-04-04T15:39:02.210+0000] {logging_mixin.py:190} INFO - [2025-04-04T15:39:02.209+0000] {dag.py:4180} INFO - Setting next_dagrun for run_external_queries to None, run_after=None
[2025-04-04T15:39:02.249+0000] {processor.py:208} INFO - Processing /root/airflow/dags/run_external_queries.py took 0.474 seconds
[2025-04-04T15:39:32.373+0000] {processor.py:186} INFO - Started process (PID=1963345) to work on /root/airflow/dags/run_external_queries.py
[2025-04-04T15:39:32.374+0000] {processor.py:914} INFO - Processing file /root/airflow/dags/run_external_queries.py for tasks to queue
[2025-04-04T15:39:32.379+0000] {logging_mixin.py:190} INFO - [2025-04-04T15:39:32.375+0000] {dagbag.py:588} INFO - Filling up the DagBag from /root/airflow/dags/run_external_queries.py
[2025-04-04T15:39:32.818+0000] {processor.py:925} INFO - DAG(s) 'run_external_queries' retrieved from /root/airflow/dags/run_external_queries.py
[2025-04-04T15:39:32.860+0000] {logging_mixin.py:190} INFO - [2025-04-04T15:39:32.860+0000] {dag.py:3239} INFO - Sync 1 DAGs
[2025-04-04T15:39:32.876+0000] {logging_mixin.py:190} INFO - [2025-04-04T15:39:32.875+0000] {dag.py:4180} INFO - Setting next_dagrun for run_external_queries to None, run_after=None
[2025-04-04T15:39:32.903+0000] {processor.py:208} INFO - Processing /root/airflow/dags/run_external_queries.py took 0.539 seconds
[2025-04-04T15:40:03.233+0000] {processor.py:186} INFO - Started process (PID=1963357) to work on /root/airflow/dags/run_external_queries.py
[2025-04-04T15:40:03.235+0000] {processor.py:914} INFO - Processing file /root/airflow/dags/run_external_queries.py for tasks to queue
[2025-04-04T15:40:03.241+0000] {logging_mixin.py:190} INFO - [2025-04-04T15:40:03.236+0000] {dagbag.py:588} INFO - Filling up the DagBag from /root/airflow/dags/run_external_queries.py
[2025-04-04T15:40:03.656+0000] {processor.py:925} INFO - DAG(s) 'run_external_queries' retrieved from /root/airflow/dags/run_external_queries.py
[2025-04-04T15:40:03.695+0000] {logging_mixin.py:190} INFO - [2025-04-04T15:40:03.694+0000] {dag.py:3239} INFO - Sync 1 DAGs
[2025-04-04T15:40:03.713+0000] {logging_mixin.py:190} INFO - [2025-04-04T15:40:03.713+0000] {dag.py:4180} INFO - Setting next_dagrun for run_external_queries to None, run_after=None
[2025-04-04T15:40:03.747+0000] {processor.py:208} INFO - Processing /root/airflow/dags/run_external_queries.py took 0.525 seconds
[2025-04-04T15:43:27.828+0000] {processor.py:186} INFO - Started process (PID=1963405) to work on /root/airflow/dags/run_external_queries.py
[2025-04-04T15:43:27.830+0000] {processor.py:914} INFO - Processing file /root/airflow/dags/run_external_queries.py for tasks to queue
[2025-04-04T15:43:27.832+0000] {logging_mixin.py:190} INFO - [2025-04-04T15:43:27.831+0000] {dagbag.py:588} INFO - Filling up the DagBag from /root/airflow/dags/run_external_queries.py
[2025-04-04T15:43:28.024+0000] {processor.py:925} INFO - DAG(s) 'run_external_queries' retrieved from /root/airflow/dags/run_external_queries.py
[2025-04-04T15:43:28.054+0000] {logging_mixin.py:190} INFO - [2025-04-04T15:43:28.053+0000] {dag.py:3239} INFO - Sync 1 DAGs
[2025-04-04T15:43:28.070+0000] {logging_mixin.py:190} INFO - [2025-04-04T15:43:28.070+0000] {dag.py:4180} INFO - Setting next_dagrun for run_external_queries to None, run_after=None
[2025-04-04T15:43:28.096+0000] {processor.py:208} INFO - Processing /root/airflow/dags/run_external_queries.py took 0.278 seconds
[2025-04-04T15:43:58.830+0000] {processor.py:186} INFO - Started process (PID=1963420) to work on /root/airflow/dags/run_external_queries.py
[2025-04-04T15:43:58.832+0000] {processor.py:914} INFO - Processing file /root/airflow/dags/run_external_queries.py for tasks to queue
[2025-04-04T15:43:58.834+0000] {logging_mixin.py:190} INFO - [2025-04-04T15:43:58.833+0000] {dagbag.py:588} INFO - Filling up the DagBag from /root/airflow/dags/run_external_queries.py
[2025-04-04T15:43:59.029+0000] {processor.py:925} INFO - DAG(s) 'run_external_queries' retrieved from /root/airflow/dags/run_external_queries.py
[2025-04-04T15:43:59.058+0000] {logging_mixin.py:190} INFO - [2025-04-04T15:43:59.057+0000] {dag.py:3239} INFO - Sync 1 DAGs
[2025-04-04T15:43:59.073+0000] {logging_mixin.py:190} INFO - [2025-04-04T15:43:59.073+0000] {dag.py:4180} INFO - Setting next_dagrun for run_external_queries to None, run_after=None
[2025-04-04T15:43:59.100+0000] {processor.py:208} INFO - Processing /root/airflow/dags/run_external_queries.py took 0.278 seconds
[2025-04-04T15:49:25.112+0000] {processor.py:186} INFO - Started process (PID=1963546) to work on /root/airflow/dags/run_external_queries.py
[2025-04-04T15:49:25.114+0000] {processor.py:914} INFO - Processing file /root/airflow/dags/run_external_queries.py for tasks to queue
[2025-04-04T15:49:25.117+0000] {logging_mixin.py:190} INFO - [2025-04-04T15:49:25.116+0000] {dagbag.py:588} INFO - Filling up the DagBag from /root/airflow/dags/run_external_queries.py
[2025-04-04T15:49:25.276+0000] {processor.py:925} INFO - DAG(s) 'run_external_queries' retrieved from /root/airflow/dags/run_external_queries.py
[2025-04-04T15:49:25.299+0000] {logging_mixin.py:190} INFO - [2025-04-04T15:49:25.299+0000] {dag.py:3239} INFO - Sync 1 DAGs
[2025-04-04T15:49:25.313+0000] {logging_mixin.py:190} INFO - [2025-04-04T15:49:25.312+0000] {dag.py:4180} INFO - Setting next_dagrun for run_external_queries to None, run_after=None
[2025-04-04T15:49:25.341+0000] {processor.py:208} INFO - Processing /root/airflow/dags/run_external_queries.py took 0.235 seconds
[2025-04-04T16:24:26.264+0000] {processor.py:186} INFO - Started process (PID=1963881) to work on /root/airflow/dags/run_external_queries.py
[2025-04-04T16:24:26.266+0000] {processor.py:914} INFO - Processing file /root/airflow/dags/run_external_queries.py for tasks to queue
[2025-04-04T16:24:26.267+0000] {logging_mixin.py:190} INFO - [2025-04-04T16:24:26.267+0000] {dagbag.py:588} INFO - Filling up the DagBag from /root/airflow/dags/run_external_queries.py
[2025-04-04T16:24:26.466+0000] {processor.py:925} INFO - DAG(s) 'run_external_queries' retrieved from /root/airflow/dags/run_external_queries.py
[2025-04-04T16:24:26.495+0000] {logging_mixin.py:190} INFO - [2025-04-04T16:24:26.493+0000] {dag.py:3239} INFO - Sync 1 DAGs
[2025-04-04T16:24:26.509+0000] {logging_mixin.py:190} INFO - [2025-04-04T16:24:26.509+0000] {dag.py:4180} INFO - Setting next_dagrun for run_external_queries to None, run_after=None
[2025-04-04T16:24:26.538+0000] {processor.py:208} INFO - Processing /root/airflow/dags/run_external_queries.py took 0.280 seconds
[2025-04-04T16:24:57.662+0000] {processor.py:186} INFO - Started process (PID=1963887) to work on /root/airflow/dags/run_external_queries.py
[2025-04-04T16:24:57.664+0000] {processor.py:914} INFO - Processing file /root/airflow/dags/run_external_queries.py for tasks to queue
[2025-04-04T16:24:57.666+0000] {logging_mixin.py:190} INFO - [2025-04-04T16:24:57.665+0000] {dagbag.py:588} INFO - Filling up the DagBag from /root/airflow/dags/run_external_queries.py
[2025-04-04T16:24:57.870+0000] {processor.py:925} INFO - DAG(s) 'run_external_queries' retrieved from /root/airflow/dags/run_external_queries.py
[2025-04-04T16:24:57.902+0000] {logging_mixin.py:190} INFO - [2025-04-04T16:24:57.901+0000] {dag.py:3239} INFO - Sync 1 DAGs
[2025-04-04T16:24:57.918+0000] {logging_mixin.py:190} INFO - [2025-04-04T16:24:57.918+0000] {dag.py:4180} INFO - Setting next_dagrun for run_external_queries to None, run_after=None
[2025-04-04T16:24:57.946+0000] {processor.py:208} INFO - Processing /root/airflow/dags/run_external_queries.py took 0.292 seconds
[2025-04-04T16:25:28.202+0000] {processor.py:186} INFO - Started process (PID=1963900) to work on /root/airflow/dags/run_external_queries.py
[2025-04-04T16:25:28.203+0000] {processor.py:914} INFO - Processing file /root/airflow/dags/run_external_queries.py for tasks to queue
[2025-04-04T16:25:28.205+0000] {logging_mixin.py:190} INFO - [2025-04-04T16:25:28.205+0000] {dagbag.py:588} INFO - Filling up the DagBag from /root/airflow/dags/run_external_queries.py
[2025-04-04T16:25:28.397+0000] {processor.py:925} INFO - DAG(s) 'run_external_queries' retrieved from /root/airflow/dags/run_external_queries.py
[2025-04-04T16:25:28.423+0000] {logging_mixin.py:190} INFO - [2025-04-04T16:25:28.422+0000] {dag.py:3239} INFO - Sync 1 DAGs
[2025-04-04T16:25:28.438+0000] {logging_mixin.py:190} INFO - [2025-04-04T16:25:28.438+0000] {dag.py:4180} INFO - Setting next_dagrun for run_external_queries to None, run_after=None
[2025-04-04T16:25:28.464+0000] {processor.py:208} INFO - Processing /root/airflow/dags/run_external_queries.py took 0.270 seconds
[2025-04-04T16:28:14.211+0000] {processor.py:186} INFO - Started process (PID=1963945) to work on /root/airflow/dags/run_external_queries.py
[2025-04-04T16:28:14.214+0000] {processor.py:914} INFO - Processing file /root/airflow/dags/run_external_queries.py for tasks to queue
[2025-04-04T16:28:14.224+0000] {logging_mixin.py:190} INFO - [2025-04-04T16:28:14.218+0000] {dagbag.py:588} INFO - Filling up the DagBag from /root/airflow/dags/run_external_queries.py
[2025-04-04T16:28:16.436+0000] {processor.py:925} INFO - DAG(s) 'run_external_queries' retrieved from /root/airflow/dags/run_external_queries.py
[2025-04-04T16:28:16.769+0000] {logging_mixin.py:190} INFO - [2025-04-04T16:28:16.719+0000] {dag.py:3239} INFO - Sync 1 DAGs
[2025-04-04T16:28:17.183+0000] {logging_mixin.py:190} INFO - [2025-04-04T16:28:17.177+0000] {dag.py:4180} INFO - Setting next_dagrun for run_external_queries to None, run_after=None
[2025-04-04T16:28:17.818+0000] {processor.py:208} INFO - Processing /root/airflow/dags/run_external_queries.py took 3.620 seconds
[2025-04-04T16:29:31.188+0000] {processor.py:186} INFO - Started process (PID=1963967) to work on /root/airflow/dags/run_external_queries.py
[2025-04-04T16:29:31.190+0000] {processor.py:914} INFO - Processing file /root/airflow/dags/run_external_queries.py for tasks to queue
[2025-04-04T16:29:31.192+0000] {logging_mixin.py:190} INFO - [2025-04-04T16:29:31.191+0000] {dagbag.py:588} INFO - Filling up the DagBag from /root/airflow/dags/run_external_queries.py
[2025-04-04T16:29:31.378+0000] {processor.py:925} INFO - DAG(s) 'run_external_queries' retrieved from /root/airflow/dags/run_external_queries.py
[2025-04-04T16:29:31.403+0000] {logging_mixin.py:190} INFO - [2025-04-04T16:29:31.402+0000] {dag.py:3239} INFO - Sync 1 DAGs
[2025-04-04T16:29:31.420+0000] {logging_mixin.py:190} INFO - [2025-04-04T16:29:31.420+0000] {dag.py:4180} INFO - Setting next_dagrun for run_external_queries to None, run_after=None
[2025-04-04T16:29:31.441+0000] {processor.py:208} INFO - Processing /root/airflow/dags/run_external_queries.py took 0.261 seconds
[2025-04-04T16:32:13.419+0000] {processor.py:186} INFO - Started process (PID=1964022) to work on /root/airflow/dags/run_external_queries.py
[2025-04-04T16:32:13.420+0000] {processor.py:914} INFO - Processing file /root/airflow/dags/run_external_queries.py for tasks to queue
[2025-04-04T16:32:13.424+0000] {logging_mixin.py:190} INFO - [2025-04-04T16:32:13.423+0000] {dagbag.py:588} INFO - Filling up the DagBag from /root/airflow/dags/run_external_queries.py
[2025-04-04T16:32:13.770+0000] {processor.py:925} INFO - DAG(s) 'run_external_queries' retrieved from /root/airflow/dags/run_external_queries.py
[2025-04-04T16:32:13.805+0000] {logging_mixin.py:190} INFO - [2025-04-04T16:32:13.804+0000] {dag.py:3239} INFO - Sync 1 DAGs
[2025-04-04T16:32:13.824+0000] {logging_mixin.py:190} INFO - [2025-04-04T16:32:13.824+0000] {dag.py:4180} INFO - Setting next_dagrun for run_external_queries to None, run_after=None
[2025-04-04T16:32:13.863+0000] {processor.py:208} INFO - Processing /root/airflow/dags/run_external_queries.py took 0.455 seconds
