[2024-12-14T23:53:06.854+0000] {processor.py:186} INFO - Started process (PID=401698) to work on /root/airflow-venv/lib/python3.12/site-packages/airflow/example_dags/example_python_operator.py
[2024-12-14T23:53:06.856+0000] {processor.py:914} INFO - Processing file /root/airflow-venv/lib/python3.12/site-packages/airflow/example_dags/example_python_operator.py for tasks to queue
[2024-12-14T23:53:06.858+0000] {logging_mixin.py:190} INFO - [2024-12-14T23:53:06.857+0000] {dagbag.py:588} INFO - Filling up the DagBag from /root/airflow-venv/lib/python3.12/site-packages/airflow/example_dags/example_python_operator.py
[2024-12-14T23:53:06.867+0000] {logging_mixin.py:190} INFO - [2024-12-14T23:53:06.867+0000] {example_python_operator.py:93} WARNING - The virtalenv_python example task requires virtualenv, please install it.
[2024-12-14T23:53:06.870+0000] {processor.py:925} INFO - DAG(s) 'example_python_operator' retrieved from /root/airflow-venv/lib/python3.12/site-packages/airflow/example_dags/example_python_operator.py
[2024-12-14T23:53:06.894+0000] {logging_mixin.py:190} INFO - [2024-12-14T23:53:06.894+0000] {dag.py:3239} INFO - Sync 1 DAGs
[2024-12-14T23:53:06.914+0000] {logging_mixin.py:190} INFO - [2024-12-14T23:53:06.914+0000] {dag.py:4180} INFO - Setting next_dagrun for example_python_operator to None, run_after=None
[2024-12-14T23:53:06.947+0000] {processor.py:208} INFO - Processing /root/airflow-venv/lib/python3.12/site-packages/airflow/example_dags/example_python_operator.py took 0.100 seconds
[2024-12-14T23:54:03.806+0000] {processor.py:186} INFO - Started process (PID=401759) to work on /root/airflow-venv/lib/python3.12/site-packages/airflow/example_dags/example_python_operator.py
[2024-12-14T23:54:03.808+0000] {processor.py:914} INFO - Processing file /root/airflow-venv/lib/python3.12/site-packages/airflow/example_dags/example_python_operator.py for tasks to queue
[2024-12-14T23:54:03.811+0000] {logging_mixin.py:190} INFO - [2024-12-14T23:54:03.811+0000] {dagbag.py:588} INFO - Filling up the DagBag from /root/airflow-venv/lib/python3.12/site-packages/airflow/example_dags/example_python_operator.py
[2024-12-14T23:54:03.822+0000] {logging_mixin.py:190} INFO - [2024-12-14T23:54:03.822+0000] {example_python_operator.py:93} WARNING - The virtalenv_python example task requires virtualenv, please install it.
[2024-12-14T23:54:03.827+0000] {processor.py:925} INFO - DAG(s) 'example_python_operator' retrieved from /root/airflow-venv/lib/python3.12/site-packages/airflow/example_dags/example_python_operator.py
[2024-12-14T23:54:03.855+0000] {logging_mixin.py:190} INFO - [2024-12-14T23:54:03.854+0000] {dag.py:3239} INFO - Sync 1 DAGs
[2024-12-14T23:54:03.873+0000] {logging_mixin.py:190} INFO - [2024-12-14T23:54:03.873+0000] {dag.py:4180} INFO - Setting next_dagrun for example_python_operator to None, run_after=None
[2024-12-14T23:54:03.906+0000] {processor.py:208} INFO - Processing /root/airflow-venv/lib/python3.12/site-packages/airflow/example_dags/example_python_operator.py took 0.110 seconds
[2024-12-14T23:55:00.813+0000] {processor.py:186} INFO - Started process (PID=401820) to work on /root/airflow-venv/lib/python3.12/site-packages/airflow/example_dags/example_python_operator.py
[2024-12-14T23:55:00.815+0000] {processor.py:914} INFO - Processing file /root/airflow-venv/lib/python3.12/site-packages/airflow/example_dags/example_python_operator.py for tasks to queue
[2024-12-14T23:55:00.818+0000] {logging_mixin.py:190} INFO - [2024-12-14T23:55:00.818+0000] {dagbag.py:588} INFO - Filling up the DagBag from /root/airflow-venv/lib/python3.12/site-packages/airflow/example_dags/example_python_operator.py
[2024-12-14T23:55:00.828+0000] {logging_mixin.py:190} INFO - [2024-12-14T23:55:00.827+0000] {example_python_operator.py:93} WARNING - The virtalenv_python example task requires virtualenv, please install it.
[2024-12-14T23:55:00.831+0000] {processor.py:925} INFO - DAG(s) 'example_python_operator' retrieved from /root/airflow-venv/lib/python3.12/site-packages/airflow/example_dags/example_python_operator.py
[2024-12-14T23:55:00.853+0000] {logging_mixin.py:190} INFO - [2024-12-14T23:55:00.853+0000] {dag.py:3239} INFO - Sync 1 DAGs
[2024-12-14T23:55:00.868+0000] {logging_mixin.py:190} INFO - [2024-12-14T23:55:00.867+0000] {dag.py:4180} INFO - Setting next_dagrun for example_python_operator to None, run_after=None
[2024-12-14T23:55:00.889+0000] {processor.py:208} INFO - Processing /root/airflow-venv/lib/python3.12/site-packages/airflow/example_dags/example_python_operator.py took 0.084 seconds
