[2024-12-14T23:52:50.833+0000] {processor.py:186} INFO - Started process (PID=401682) to work on /root/airflow-venv/lib/python3.12/site-packages/airflow/example_dags/example_xcom.py
[2024-12-14T23:52:50.834+0000] {processor.py:914} INFO - Processing file /root/airflow-venv/lib/python3.12/site-packages/airflow/example_dags/example_xcom.py for tasks to queue
[2024-12-14T23:52:50.837+0000] {logging_mixin.py:190} INFO - [2024-12-14T23:52:50.836+0000] {dagbag.py:588} INFO - Filling up the DagBag from /root/airflow-venv/lib/python3.12/site-packages/airflow/example_dags/example_xcom.py
[2024-12-14T23:52:50.848+0000] {processor.py:925} INFO - DAG(s) 'example_xcom' retrieved from /root/airflow-venv/lib/python3.12/site-packages/airflow/example_dags/example_xcom.py
[2024-12-14T23:52:50.874+0000] {logging_mixin.py:190} INFO - [2024-12-14T23:52:50.874+0000] {dag.py:3239} INFO - Sync 1 DAGs
[2024-12-14T23:52:50.897+0000] {logging_mixin.py:190} INFO - [2024-12-14T23:52:50.896+0000] {dag.py:4180} INFO - Setting next_dagrun for example_xcom to 2021-01-01 00:00:00+00:00, run_after=2021-01-01 00:00:00+00:00
[2024-12-14T23:52:50.924+0000] {processor.py:208} INFO - Processing /root/airflow-venv/lib/python3.12/site-packages/airflow/example_dags/example_xcom.py took 0.098 seconds
[2024-12-14T23:53:47.875+0000] {processor.py:186} INFO - Started process (PID=401743) to work on /root/airflow-venv/lib/python3.12/site-packages/airflow/example_dags/example_xcom.py
[2024-12-14T23:53:47.877+0000] {processor.py:914} INFO - Processing file /root/airflow-venv/lib/python3.12/site-packages/airflow/example_dags/example_xcom.py for tasks to queue
[2024-12-14T23:53:47.880+0000] {logging_mixin.py:190} INFO - [2024-12-14T23:53:47.879+0000] {dagbag.py:588} INFO - Filling up the DagBag from /root/airflow-venv/lib/python3.12/site-packages/airflow/example_dags/example_xcom.py
[2024-12-14T23:53:47.895+0000] {processor.py:925} INFO - DAG(s) 'example_xcom' retrieved from /root/airflow-venv/lib/python3.12/site-packages/airflow/example_dags/example_xcom.py
[2024-12-14T23:53:47.920+0000] {logging_mixin.py:190} INFO - [2024-12-14T23:53:47.919+0000] {dag.py:3239} INFO - Sync 1 DAGs
[2024-12-14T23:53:47.942+0000] {logging_mixin.py:190} INFO - [2024-12-14T23:53:47.942+0000] {dag.py:4180} INFO - Setting next_dagrun for example_xcom to 2021-01-01 00:00:00+00:00, run_after=2021-01-01 00:00:00+00:00
[2024-12-14T23:53:47.966+0000] {processor.py:208} INFO - Processing /root/airflow-venv/lib/python3.12/site-packages/airflow/example_dags/example_xcom.py took 0.097 seconds
[2024-12-14T23:54:41.164+0000] {processor.py:186} INFO - Started process (PID=401799) to work on /root/airflow-venv/lib/python3.12/site-packages/airflow/example_dags/example_xcom.py
[2024-12-14T23:54:41.165+0000] {processor.py:914} INFO - Processing file /root/airflow-venv/lib/python3.12/site-packages/airflow/example_dags/example_xcom.py for tasks to queue
[2024-12-14T23:54:41.167+0000] {logging_mixin.py:190} INFO - [2024-12-14T23:54:41.167+0000] {dagbag.py:588} INFO - Filling up the DagBag from /root/airflow-venv/lib/python3.12/site-packages/airflow/example_dags/example_xcom.py
[2024-12-14T23:54:41.178+0000] {processor.py:925} INFO - DAG(s) 'example_xcom' retrieved from /root/airflow-venv/lib/python3.12/site-packages/airflow/example_dags/example_xcom.py
[2024-12-14T23:54:41.199+0000] {logging_mixin.py:190} INFO - [2024-12-14T23:54:41.198+0000] {dag.py:3239} INFO - Sync 1 DAGs
[2024-12-14T23:54:41.220+0000] {logging_mixin.py:190} INFO - [2024-12-14T23:54:41.220+0000] {dag.py:4180} INFO - Setting next_dagrun for example_xcom to 2021-01-01 00:00:00+00:00, run_after=2021-01-01 00:00:00+00:00
[2024-12-14T23:54:41.240+0000] {processor.py:208} INFO - Processing /root/airflow-venv/lib/python3.12/site-packages/airflow/example_dags/example_xcom.py took 0.083 seconds
