[2024-12-14T23:53:24.927+0000] {processor.py:186} INFO - Started process (PID=401716) to work on /root/airflow-venv/lib/python3.12/site-packages/airflow/example_dags/example_dynamic_task_mapping_with_no_taskflow_operators.py
[2024-12-14T23:53:24.928+0000] {processor.py:914} INFO - Processing file /root/airflow-venv/lib/python3.12/site-packages/airflow/example_dags/example_dynamic_task_mapping_with_no_taskflow_operators.py for tasks to queue
[2024-12-14T23:53:24.931+0000] {logging_mixin.py:190} INFO - [2024-12-14T23:53:24.931+0000] {dagbag.py:588} INFO - Filling up the DagBag from /root/airflow-venv/lib/python3.12/site-packages/airflow/example_dags/example_dynamic_task_mapping_with_no_taskflow_operators.py
[2024-12-14T23:53:24.946+0000] {processor.py:925} INFO - DAG(s) 'example_dynamic_task_mapping_with_no_taskflow_operators' retrieved from /root/airflow-venv/lib/python3.12/site-packages/airflow/example_dags/example_dynamic_task_mapping_with_no_taskflow_operators.py
[2024-12-14T23:53:24.966+0000] {logging_mixin.py:190} INFO - [2024-12-14T23:53:24.966+0000] {dag.py:3239} INFO - Sync 1 DAGs
[2024-12-14T23:53:24.979+0000] {logging_mixin.py:190} INFO - [2024-12-14T23:53:24.979+0000] {dag.py:4180} INFO - Setting next_dagrun for example_dynamic_task_mapping_with_no_taskflow_operators to None, run_after=None
[2024-12-14T23:53:25.001+0000] {processor.py:208} INFO - Processing /root/airflow-venv/lib/python3.12/site-packages/airflow/example_dags/example_dynamic_task_mapping_with_no_taskflow_operators.py took 0.083 seconds
[2024-12-14T23:54:21.889+0000] {processor.py:186} INFO - Started process (PID=401779) to work on /root/airflow-venv/lib/python3.12/site-packages/airflow/example_dags/example_dynamic_task_mapping_with_no_taskflow_operators.py
[2024-12-14T23:54:21.890+0000] {processor.py:914} INFO - Processing file /root/airflow-venv/lib/python3.12/site-packages/airflow/example_dags/example_dynamic_task_mapping_with_no_taskflow_operators.py for tasks to queue
[2024-12-14T23:54:21.893+0000] {logging_mixin.py:190} INFO - [2024-12-14T23:54:21.893+0000] {dagbag.py:588} INFO - Filling up the DagBag from /root/airflow-venv/lib/python3.12/site-packages/airflow/example_dags/example_dynamic_task_mapping_with_no_taskflow_operators.py
[2024-12-14T23:54:21.903+0000] {processor.py:925} INFO - DAG(s) 'example_dynamic_task_mapping_with_no_taskflow_operators' retrieved from /root/airflow-venv/lib/python3.12/site-packages/airflow/example_dags/example_dynamic_task_mapping_with_no_taskflow_operators.py
[2024-12-14T23:54:21.922+0000] {logging_mixin.py:190} INFO - [2024-12-14T23:54:21.922+0000] {dag.py:3239} INFO - Sync 1 DAGs
[2024-12-14T23:54:21.936+0000] {logging_mixin.py:190} INFO - [2024-12-14T23:54:21.935+0000] {dag.py:4180} INFO - Setting next_dagrun for example_dynamic_task_mapping_with_no_taskflow_operators to None, run_after=None
[2024-12-14T23:54:21.957+0000] {processor.py:208} INFO - Processing /root/airflow-venv/lib/python3.12/site-packages/airflow/example_dags/example_dynamic_task_mapping_with_no_taskflow_operators.py took 0.076 seconds
[2024-12-14T23:55:18.801+0000] {processor.py:186} INFO - Started process (PID=401842) to work on /root/airflow-venv/lib/python3.12/site-packages/airflow/example_dags/example_dynamic_task_mapping_with_no_taskflow_operators.py
[2024-12-14T23:55:18.803+0000] {processor.py:914} INFO - Processing file /root/airflow-venv/lib/python3.12/site-packages/airflow/example_dags/example_dynamic_task_mapping_with_no_taskflow_operators.py for tasks to queue
[2024-12-14T23:55:18.807+0000] {logging_mixin.py:190} INFO - [2024-12-14T23:55:18.806+0000] {dagbag.py:588} INFO - Filling up the DagBag from /root/airflow-venv/lib/python3.12/site-packages/airflow/example_dags/example_dynamic_task_mapping_with_no_taskflow_operators.py
[2024-12-14T23:55:18.823+0000] {processor.py:925} INFO - DAG(s) 'example_dynamic_task_mapping_with_no_taskflow_operators' retrieved from /root/airflow-venv/lib/python3.12/site-packages/airflow/example_dags/example_dynamic_task_mapping_with_no_taskflow_operators.py
[2024-12-14T23:55:18.852+0000] {logging_mixin.py:190} INFO - [2024-12-14T23:55:18.852+0000] {dag.py:3239} INFO - Sync 1 DAGs
[2024-12-14T23:55:18.874+0000] {logging_mixin.py:190} INFO - [2024-12-14T23:55:18.874+0000] {dag.py:4180} INFO - Setting next_dagrun for example_dynamic_task_mapping_with_no_taskflow_operators to None, run_after=None
[2024-12-14T23:55:18.908+0000] {processor.py:208} INFO - Processing /root/airflow-venv/lib/python3.12/site-packages/airflow/example_dags/example_dynamic_task_mapping_with_no_taskflow_operators.py took 0.117 seconds
