[2024-12-14T23:53:11.351+0000] {processor.py:186} INFO - Started process (PID=401703) to work on /root/airflow-venv/lib/python3.12/site-packages/airflow/example_dags/example_params_ui_tutorial.py
[2024-12-14T23:53:11.353+0000] {processor.py:914} INFO - Processing file /root/airflow-venv/lib/python3.12/site-packages/airflow/example_dags/example_params_ui_tutorial.py for tasks to queue
[2024-12-14T23:53:11.356+0000] {logging_mixin.py:190} INFO - [2024-12-14T23:53:11.355+0000] {dagbag.py:588} INFO - Filling up the DagBag from /root/airflow-venv/lib/python3.12/site-packages/airflow/example_dags/example_params_ui_tutorial.py
[2024-12-14T23:53:11.370+0000] {processor.py:925} INFO - DAG(s) 'example_params_ui_tutorial' retrieved from /root/airflow-venv/lib/python3.12/site-packages/airflow/example_dags/example_params_ui_tutorial.py
[2024-12-14T23:53:11.523+0000] {logging_mixin.py:190} INFO - [2024-12-14T23:53:11.523+0000] {dag.py:3239} INFO - Sync 1 DAGs
[2024-12-14T23:53:11.536+0000] {logging_mixin.py:190} INFO - [2024-12-14T23:53:11.536+0000] {dag.py:4180} INFO - Setting next_dagrun for example_params_ui_tutorial to None, run_after=None
[2024-12-14T23:53:11.566+0000] {processor.py:208} INFO - Processing /root/airflow-venv/lib/python3.12/site-packages/airflow/example_dags/example_params_ui_tutorial.py took 0.223 seconds
[2024-12-14T23:54:09.067+0000] {processor.py:186} INFO - Started process (PID=401764) to work on /root/airflow-venv/lib/python3.12/site-packages/airflow/example_dags/example_params_ui_tutorial.py
[2024-12-14T23:54:09.068+0000] {processor.py:914} INFO - Processing file /root/airflow-venv/lib/python3.12/site-packages/airflow/example_dags/example_params_ui_tutorial.py for tasks to queue
[2024-12-14T23:54:09.071+0000] {logging_mixin.py:190} INFO - [2024-12-14T23:54:09.070+0000] {dagbag.py:588} INFO - Filling up the DagBag from /root/airflow-venv/lib/python3.12/site-packages/airflow/example_dags/example_params_ui_tutorial.py
[2024-12-14T23:54:09.085+0000] {processor.py:925} INFO - DAG(s) 'example_params_ui_tutorial' retrieved from /root/airflow-venv/lib/python3.12/site-packages/airflow/example_dags/example_params_ui_tutorial.py
[2024-12-14T23:54:09.138+0000] {logging_mixin.py:190} INFO - [2024-12-14T23:54:09.138+0000] {dag.py:3239} INFO - Sync 1 DAGs
[2024-12-14T23:54:09.154+0000] {logging_mixin.py:190} INFO - [2024-12-14T23:54:09.153+0000] {dag.py:4180} INFO - Setting next_dagrun for example_params_ui_tutorial to None, run_after=None
[2024-12-14T23:54:09.181+0000] {processor.py:208} INFO - Processing /root/airflow-venv/lib/python3.12/site-packages/airflow/example_dags/example_params_ui_tutorial.py took 0.123 seconds
[2024-12-14T23:55:05.803+0000] {processor.py:186} INFO - Started process (PID=401828) to work on /root/airflow-venv/lib/python3.12/site-packages/airflow/example_dags/example_params_ui_tutorial.py
[2024-12-14T23:55:05.804+0000] {processor.py:914} INFO - Processing file /root/airflow-venv/lib/python3.12/site-packages/airflow/example_dags/example_params_ui_tutorial.py for tasks to queue
[2024-12-14T23:55:05.807+0000] {logging_mixin.py:190} INFO - [2024-12-14T23:55:05.806+0000] {dagbag.py:588} INFO - Filling up the DagBag from /root/airflow-venv/lib/python3.12/site-packages/airflow/example_dags/example_params_ui_tutorial.py
[2024-12-14T23:55:05.818+0000] {processor.py:925} INFO - DAG(s) 'example_params_ui_tutorial' retrieved from /root/airflow-venv/lib/python3.12/site-packages/airflow/example_dags/example_params_ui_tutorial.py
[2024-12-14T23:55:05.865+0000] {logging_mixin.py:190} INFO - [2024-12-14T23:55:05.865+0000] {dag.py:3239} INFO - Sync 1 DAGs
[2024-12-14T23:55:05.879+0000] {logging_mixin.py:190} INFO - [2024-12-14T23:55:05.879+0000] {dag.py:4180} INFO - Setting next_dagrun for example_params_ui_tutorial to None, run_after=None
[2024-12-14T23:55:05.903+0000] {processor.py:208} INFO - Processing /root/airflow-venv/lib/python3.12/site-packages/airflow/example_dags/example_params_ui_tutorial.py took 0.108 seconds
