[2024-12-14T23:53:22.516+0000] {processor.py:186} INFO - Started process (PID=401714) to work on /root/airflow-venv/lib/python3.12/site-packages/airflow/example_dags/example_dataset_alias_with_no_taskflow.py
[2024-12-14T23:53:22.517+0000] {processor.py:914} INFO - Processing file /root/airflow-venv/lib/python3.12/site-packages/airflow/example_dags/example_dataset_alias_with_no_taskflow.py for tasks to queue
[2024-12-14T23:53:22.520+0000] {logging_mixin.py:190} INFO - [2024-12-14T23:53:22.519+0000] {dagbag.py:588} INFO - Filling up the DagBag from /root/airflow-venv/lib/python3.12/site-packages/airflow/example_dags/example_dataset_alias_with_no_taskflow.py
[2024-12-14T23:53:22.550+0000] {processor.py:925} INFO - DAG(s) 'dataset_s3_bucket_consumer_with_no_taskflow', 'dataset_alias_example_alias_producer_with_no_taskflow', 'dataset_s3_bucket_producer_with_no_taskflow', 'dataset_alias_example_alias_consumer_with_no_taskflow' retrieved from /root/airflow-venv/lib/python3.12/site-packages/airflow/example_dags/example_dataset_alias_with_no_taskflow.py
[2024-12-14T23:53:22.572+0000] {logging_mixin.py:190} INFO - [2024-12-14T23:53:22.572+0000] {dag.py:3239} INFO - Sync 4 DAGs
[2024-12-14T23:53:22.594+0000] {logging_mixin.py:190} INFO - [2024-12-14T23:53:22.593+0000] {dag.py:4180} INFO - Setting next_dagrun for dataset_alias_example_alias_consumer_with_no_taskflow to None, run_after=None
[2024-12-14T23:53:22.596+0000] {logging_mixin.py:190} INFO - [2024-12-14T23:53:22.596+0000] {dag.py:4180} INFO - Setting next_dagrun for dataset_alias_example_alias_producer_with_no_taskflow to None, run_after=None
[2024-12-14T23:53:22.597+0000] {logging_mixin.py:190} INFO - [2024-12-14T23:53:22.597+0000] {dag.py:4180} INFO - Setting next_dagrun for dataset_s3_bucket_consumer_with_no_taskflow to None, run_after=None
[2024-12-14T23:53:22.598+0000] {logging_mixin.py:190} INFO - [2024-12-14T23:53:22.598+0000] {dag.py:4180} INFO - Setting next_dagrun for dataset_s3_bucket_producer_with_no_taskflow to None, run_after=None
[2024-12-14T23:53:22.622+0000] {processor.py:208} INFO - Processing /root/airflow-venv/lib/python3.12/site-packages/airflow/example_dags/example_dataset_alias_with_no_taskflow.py took 0.112 seconds
[2024-12-14T23:54:19.484+0000] {processor.py:186} INFO - Started process (PID=401775) to work on /root/airflow-venv/lib/python3.12/site-packages/airflow/example_dags/example_dataset_alias_with_no_taskflow.py
[2024-12-14T23:54:19.485+0000] {processor.py:914} INFO - Processing file /root/airflow-venv/lib/python3.12/site-packages/airflow/example_dags/example_dataset_alias_with_no_taskflow.py for tasks to queue
[2024-12-14T23:54:19.488+0000] {logging_mixin.py:190} INFO - [2024-12-14T23:54:19.487+0000] {dagbag.py:588} INFO - Filling up the DagBag from /root/airflow-venv/lib/python3.12/site-packages/airflow/example_dags/example_dataset_alias_with_no_taskflow.py
[2024-12-14T23:54:19.516+0000] {processor.py:925} INFO - DAG(s) 'dataset_s3_bucket_consumer_with_no_taskflow', 'dataset_s3_bucket_producer_with_no_taskflow', 'dataset_alias_example_alias_consumer_with_no_taskflow', 'dataset_alias_example_alias_producer_with_no_taskflow' retrieved from /root/airflow-venv/lib/python3.12/site-packages/airflow/example_dags/example_dataset_alias_with_no_taskflow.py
[2024-12-14T23:54:19.535+0000] {logging_mixin.py:190} INFO - [2024-12-14T23:54:19.535+0000] {dag.py:3239} INFO - Sync 4 DAGs
[2024-12-14T23:54:19.554+0000] {logging_mixin.py:190} INFO - [2024-12-14T23:54:19.554+0000] {dag.py:4180} INFO - Setting next_dagrun for dataset_alias_example_alias_consumer_with_no_taskflow to None, run_after=None
[2024-12-14T23:54:19.556+0000] {logging_mixin.py:190} INFO - [2024-12-14T23:54:19.555+0000] {dag.py:4180} INFO - Setting next_dagrun for dataset_alias_example_alias_producer_with_no_taskflow to None, run_after=None
[2024-12-14T23:54:19.556+0000] {logging_mixin.py:190} INFO - [2024-12-14T23:54:19.556+0000] {dag.py:4180} INFO - Setting next_dagrun for dataset_s3_bucket_consumer_with_no_taskflow to None, run_after=None
[2024-12-14T23:54:19.557+0000] {logging_mixin.py:190} INFO - [2024-12-14T23:54:19.557+0000] {dag.py:4180} INFO - Setting next_dagrun for dataset_s3_bucket_producer_with_no_taskflow to None, run_after=None
[2024-12-14T23:54:19.579+0000] {processor.py:208} INFO - Processing /root/airflow-venv/lib/python3.12/site-packages/airflow/example_dags/example_dataset_alias_with_no_taskflow.py took 0.102 seconds
[2024-12-14T23:55:16.222+0000] {processor.py:186} INFO - Started process (PID=401840) to work on /root/airflow-venv/lib/python3.12/site-packages/airflow/example_dags/example_dataset_alias_with_no_taskflow.py
[2024-12-14T23:55:16.224+0000] {processor.py:914} INFO - Processing file /root/airflow-venv/lib/python3.12/site-packages/airflow/example_dags/example_dataset_alias_with_no_taskflow.py for tasks to queue
[2024-12-14T23:55:16.227+0000] {logging_mixin.py:190} INFO - [2024-12-14T23:55:16.226+0000] {dagbag.py:588} INFO - Filling up the DagBag from /root/airflow-venv/lib/python3.12/site-packages/airflow/example_dags/example_dataset_alias_with_no_taskflow.py
[2024-12-14T23:55:16.267+0000] {processor.py:925} INFO - DAG(s) 'dataset_alias_example_alias_consumer_with_no_taskflow', 'dataset_s3_bucket_producer_with_no_taskflow', 'dataset_alias_example_alias_producer_with_no_taskflow', 'dataset_s3_bucket_consumer_with_no_taskflow' retrieved from /root/airflow-venv/lib/python3.12/site-packages/airflow/example_dags/example_dataset_alias_with_no_taskflow.py
[2024-12-14T23:55:16.300+0000] {logging_mixin.py:190} INFO - [2024-12-14T23:55:16.300+0000] {dag.py:3239} INFO - Sync 4 DAGs
[2024-12-14T23:55:16.333+0000] {logging_mixin.py:190} INFO - [2024-12-14T23:55:16.333+0000] {dag.py:4180} INFO - Setting next_dagrun for dataset_alias_example_alias_consumer_with_no_taskflow to None, run_after=None
[2024-12-14T23:55:16.337+0000] {logging_mixin.py:190} INFO - [2024-12-14T23:55:16.336+0000] {dag.py:4180} INFO - Setting next_dagrun for dataset_alias_example_alias_producer_with_no_taskflow to None, run_after=None
[2024-12-14T23:55:16.338+0000] {logging_mixin.py:190} INFO - [2024-12-14T23:55:16.338+0000] {dag.py:4180} INFO - Setting next_dagrun for dataset_s3_bucket_consumer_with_no_taskflow to None, run_after=None
[2024-12-14T23:55:16.340+0000] {logging_mixin.py:190} INFO - [2024-12-14T23:55:16.339+0000] {dag.py:4180} INFO - Setting next_dagrun for dataset_s3_bucket_producer_with_no_taskflow to None, run_after=None
[2024-12-14T23:55:16.374+0000] {processor.py:208} INFO - Processing /root/airflow-venv/lib/python3.12/site-packages/airflow/example_dags/example_dataset_alias_with_no_taskflow.py took 0.162 seconds
