[2024-12-14T23:53:04.095+0000] {processor.py:186} INFO - Started process (PID=401695) to work on /root/airflow-venv/lib/python3.12/site-packages/airflow/example_dags/example_skip_dag.py
[2024-12-14T23:53:04.096+0000] {processor.py:914} INFO - Processing file /root/airflow-venv/lib/python3.12/site-packages/airflow/example_dags/example_skip_dag.py for tasks to queue
[2024-12-14T23:53:04.100+0000] {logging_mixin.py:190} INFO - [2024-12-14T23:53:04.099+0000] {dagbag.py:588} INFO - Filling up the DagBag from /root/airflow-venv/lib/python3.12/site-packages/airflow/example_dags/example_skip_dag.py
[2024-12-14T23:53:04.110+0000] {processor.py:925} INFO - DAG(s) 'example_skip_dag' retrieved from /root/airflow-venv/lib/python3.12/site-packages/airflow/example_dags/example_skip_dag.py
[2024-12-14T23:53:04.134+0000] {logging_mixin.py:190} INFO - [2024-12-14T23:53:04.134+0000] {dag.py:3239} INFO - Sync 1 DAGs
[2024-12-14T23:53:04.157+0000] {logging_mixin.py:190} INFO - [2024-12-14T23:53:04.157+0000] {dag.py:4180} INFO - Setting next_dagrun for example_skip_dag to 2024-12-13 00:00:00+00:00, run_after=2024-12-14 00:00:00+00:00
[2024-12-14T23:53:04.179+0000] {processor.py:208} INFO - Processing /root/airflow-venv/lib/python3.12/site-packages/airflow/example_dags/example_skip_dag.py took 0.092 seconds
[2024-12-14T23:54:01.053+0000] {processor.py:186} INFO - Started process (PID=401756) to work on /root/airflow-venv/lib/python3.12/site-packages/airflow/example_dags/example_skip_dag.py
[2024-12-14T23:54:01.054+0000] {processor.py:914} INFO - Processing file /root/airflow-venv/lib/python3.12/site-packages/airflow/example_dags/example_skip_dag.py for tasks to queue
[2024-12-14T23:54:01.058+0000] {logging_mixin.py:190} INFO - [2024-12-14T23:54:01.057+0000] {dagbag.py:588} INFO - Filling up the DagBag from /root/airflow-venv/lib/python3.12/site-packages/airflow/example_dags/example_skip_dag.py
[2024-12-14T23:54:01.071+0000] {processor.py:925} INFO - DAG(s) 'example_skip_dag' retrieved from /root/airflow-venv/lib/python3.12/site-packages/airflow/example_dags/example_skip_dag.py
[2024-12-14T23:54:01.095+0000] {logging_mixin.py:190} INFO - [2024-12-14T23:54:01.095+0000] {dag.py:3239} INFO - Sync 1 DAGs
[2024-12-14T23:54:01.123+0000] {logging_mixin.py:190} INFO - [2024-12-14T23:54:01.123+0000] {dag.py:4180} INFO - Setting next_dagrun for example_skip_dag to 2024-12-13 00:00:00+00:00, run_after=2024-12-14 00:00:00+00:00
[2024-12-14T23:54:01.152+0000] {processor.py:208} INFO - Processing /root/airflow-venv/lib/python3.12/site-packages/airflow/example_dags/example_skip_dag.py took 0.108 seconds
[2024-12-14T23:54:54.405+0000] {processor.py:186} INFO - Started process (PID=401812) to work on /root/airflow-venv/lib/python3.12/site-packages/airflow/example_dags/example_skip_dag.py
[2024-12-14T23:54:54.406+0000] {processor.py:914} INFO - Processing file /root/airflow-venv/lib/python3.12/site-packages/airflow/example_dags/example_skip_dag.py for tasks to queue
[2024-12-14T23:54:54.409+0000] {logging_mixin.py:190} INFO - [2024-12-14T23:54:54.409+0000] {dagbag.py:588} INFO - Filling up the DagBag from /root/airflow-venv/lib/python3.12/site-packages/airflow/example_dags/example_skip_dag.py
[2024-12-14T23:54:54.419+0000] {processor.py:925} INFO - DAG(s) 'example_skip_dag' retrieved from /root/airflow-venv/lib/python3.12/site-packages/airflow/example_dags/example_skip_dag.py
[2024-12-14T23:54:54.440+0000] {logging_mixin.py:190} INFO - [2024-12-14T23:54:54.440+0000] {dag.py:3239} INFO - Sync 1 DAGs
[2024-12-14T23:54:54.460+0000] {logging_mixin.py:190} INFO - [2024-12-14T23:54:54.460+0000] {dag.py:4180} INFO - Setting next_dagrun for example_skip_dag to 2024-12-13 00:00:00+00:00, run_after=2024-12-14 00:00:00+00:00
[2024-12-14T23:54:54.481+0000] {processor.py:208} INFO - Processing /root/airflow-venv/lib/python3.12/site-packages/airflow/example_dags/example_skip_dag.py took 0.083 seconds
