[2024-12-14T23:52:54.750+0000] {processor.py:186} INFO - Started process (PID=401686) to work on /root/airflow-venv/lib/python3.12/site-packages/airflow/example_dags/example_trigger_controller_dag.py
[2024-12-14T23:52:54.751+0000] {processor.py:914} INFO - Processing file /root/airflow-venv/lib/python3.12/site-packages/airflow/example_dags/example_trigger_controller_dag.py for tasks to queue
[2024-12-14T23:52:54.754+0000] {logging_mixin.py:190} INFO - [2024-12-14T23:52:54.753+0000] {dagbag.py:588} INFO - Filling up the DagBag from /root/airflow-venv/lib/python3.12/site-packages/airflow/example_dags/example_trigger_controller_dag.py
[2024-12-14T23:52:54.762+0000] {processor.py:925} INFO - DAG(s) 'example_trigger_controller_dag' retrieved from /root/airflow-venv/lib/python3.12/site-packages/airflow/example_dags/example_trigger_controller_dag.py
[2024-12-14T23:52:54.781+0000] {logging_mixin.py:190} INFO - [2024-12-14T23:52:54.781+0000] {dag.py:3239} INFO - Sync 1 DAGs
[2024-12-14T23:52:54.804+0000] {logging_mixin.py:190} INFO - [2024-12-14T23:52:54.804+0000] {dag.py:4180} INFO - Setting next_dagrun for example_trigger_controller_dag to 2021-01-01 00:00:00+00:00, run_after=2021-01-01 00:00:00+00:00
[2024-12-14T23:52:54.828+0000] {processor.py:208} INFO - Processing /root/airflow-venv/lib/python3.12/site-packages/airflow/example_dags/example_trigger_controller_dag.py took 0.085 seconds
[2024-12-14T23:53:51.743+0000] {processor.py:186} INFO - Started process (PID=401747) to work on /root/airflow-venv/lib/python3.12/site-packages/airflow/example_dags/example_trigger_controller_dag.py
[2024-12-14T23:53:51.745+0000] {processor.py:914} INFO - Processing file /root/airflow-venv/lib/python3.12/site-packages/airflow/example_dags/example_trigger_controller_dag.py for tasks to queue
[2024-12-14T23:53:51.748+0000] {logging_mixin.py:190} INFO - [2024-12-14T23:53:51.748+0000] {dagbag.py:588} INFO - Filling up the DagBag from /root/airflow-venv/lib/python3.12/site-packages/airflow/example_dags/example_trigger_controller_dag.py
[2024-12-14T23:53:51.757+0000] {processor.py:925} INFO - DAG(s) 'example_trigger_controller_dag' retrieved from /root/airflow-venv/lib/python3.12/site-packages/airflow/example_dags/example_trigger_controller_dag.py
[2024-12-14T23:53:51.778+0000] {logging_mixin.py:190} INFO - [2024-12-14T23:53:51.778+0000] {dag.py:3239} INFO - Sync 1 DAGs
[2024-12-14T23:53:51.799+0000] {logging_mixin.py:190} INFO - [2024-12-14T23:53:51.798+0000] {dag.py:4180} INFO - Setting next_dagrun for example_trigger_controller_dag to 2021-01-01 00:00:00+00:00, run_after=2021-01-01 00:00:00+00:00
[2024-12-14T23:53:51.819+0000] {processor.py:208} INFO - Processing /root/airflow-venv/lib/python3.12/site-packages/airflow/example_dags/example_trigger_controller_dag.py took 0.084 seconds
[2024-12-14T23:54:45.394+0000] {processor.py:186} INFO - Started process (PID=401803) to work on /root/airflow-venv/lib/python3.12/site-packages/airflow/example_dags/example_trigger_controller_dag.py
[2024-12-14T23:54:45.396+0000] {processor.py:914} INFO - Processing file /root/airflow-venv/lib/python3.12/site-packages/airflow/example_dags/example_trigger_controller_dag.py for tasks to queue
[2024-12-14T23:54:45.399+0000] {logging_mixin.py:190} INFO - [2024-12-14T23:54:45.398+0000] {dagbag.py:588} INFO - Filling up the DagBag from /root/airflow-venv/lib/python3.12/site-packages/airflow/example_dags/example_trigger_controller_dag.py
[2024-12-14T23:54:45.407+0000] {processor.py:925} INFO - DAG(s) 'example_trigger_controller_dag' retrieved from /root/airflow-venv/lib/python3.12/site-packages/airflow/example_dags/example_trigger_controller_dag.py
[2024-12-14T23:54:45.426+0000] {logging_mixin.py:190} INFO - [2024-12-14T23:54:45.425+0000] {dag.py:3239} INFO - Sync 1 DAGs
[2024-12-14T23:54:45.448+0000] {logging_mixin.py:190} INFO - [2024-12-14T23:54:45.448+0000] {dag.py:4180} INFO - Setting next_dagrun for example_trigger_controller_dag to 2021-01-01 00:00:00+00:00, run_after=2021-01-01 00:00:00+00:00
[2024-12-14T23:54:45.472+0000] {processor.py:208} INFO - Processing /root/airflow-venv/lib/python3.12/site-packages/airflow/example_dags/example_trigger_controller_dag.py took 0.084 seconds
