[2024-12-14T23:52:57.595+0000] {processor.py:186} INFO - Started process (PID=401689) to work on /root/airflow-venv/lib/python3.12/site-packages/airflow/example_dags/example_trigger_target_dag.py
[2024-12-14T23:52:57.596+0000] {processor.py:914} INFO - Processing file /root/airflow-venv/lib/python3.12/site-packages/airflow/example_dags/example_trigger_target_dag.py for tasks to queue
[2024-12-14T23:52:57.598+0000] {logging_mixin.py:190} INFO - [2024-12-14T23:52:57.598+0000] {dagbag.py:588} INFO - Filling up the DagBag from /root/airflow-venv/lib/python3.12/site-packages/airflow/example_dags/example_trigger_target_dag.py
[2024-12-14T23:52:57.608+0000] {processor.py:925} INFO - DAG(s) 'example_trigger_target_dag' retrieved from /root/airflow-venv/lib/python3.12/site-packages/airflow/example_dags/example_trigger_target_dag.py
[2024-12-14T23:52:57.629+0000] {logging_mixin.py:190} INFO - [2024-12-14T23:52:57.628+0000] {dag.py:3239} INFO - Sync 1 DAGs
[2024-12-14T23:52:57.645+0000] {logging_mixin.py:190} INFO - [2024-12-14T23:52:57.644+0000] {dag.py:4180} INFO - Setting next_dagrun for example_trigger_target_dag to None, run_after=None
[2024-12-14T23:52:57.670+0000] {processor.py:208} INFO - Processing /root/airflow-venv/lib/python3.12/site-packages/airflow/example_dags/example_trigger_target_dag.py took 0.082 seconds
[2024-12-14T23:53:54.543+0000] {processor.py:186} INFO - Started process (PID=401750) to work on /root/airflow-venv/lib/python3.12/site-packages/airflow/example_dags/example_trigger_target_dag.py
[2024-12-14T23:53:54.545+0000] {processor.py:914} INFO - Processing file /root/airflow-venv/lib/python3.12/site-packages/airflow/example_dags/example_trigger_target_dag.py for tasks to queue
[2024-12-14T23:53:54.549+0000] {logging_mixin.py:190} INFO - [2024-12-14T23:53:54.548+0000] {dagbag.py:588} INFO - Filling up the DagBag from /root/airflow-venv/lib/python3.12/site-packages/airflow/example_dags/example_trigger_target_dag.py
[2024-12-14T23:53:54.561+0000] {processor.py:925} INFO - DAG(s) 'example_trigger_target_dag' retrieved from /root/airflow-venv/lib/python3.12/site-packages/airflow/example_dags/example_trigger_target_dag.py
[2024-12-14T23:53:54.584+0000] {logging_mixin.py:190} INFO - [2024-12-14T23:53:54.583+0000] {dag.py:3239} INFO - Sync 1 DAGs
[2024-12-14T23:53:54.602+0000] {logging_mixin.py:190} INFO - [2024-12-14T23:53:54.602+0000] {dag.py:4180} INFO - Setting next_dagrun for example_trigger_target_dag to None, run_after=None
[2024-12-14T23:53:54.634+0000] {processor.py:208} INFO - Processing /root/airflow-venv/lib/python3.12/site-packages/airflow/example_dags/example_trigger_target_dag.py took 0.097 seconds
[2024-12-14T23:54:48.845+0000] {processor.py:186} INFO - Started process (PID=401806) to work on /root/airflow-venv/lib/python3.12/site-packages/airflow/example_dags/example_trigger_target_dag.py
[2024-12-14T23:54:48.846+0000] {processor.py:914} INFO - Processing file /root/airflow-venv/lib/python3.12/site-packages/airflow/example_dags/example_trigger_target_dag.py for tasks to queue
[2024-12-14T23:54:48.849+0000] {logging_mixin.py:190} INFO - [2024-12-14T23:54:48.848+0000] {dagbag.py:588} INFO - Filling up the DagBag from /root/airflow-venv/lib/python3.12/site-packages/airflow/example_dags/example_trigger_target_dag.py
[2024-12-14T23:54:48.859+0000] {processor.py:925} INFO - DAG(s) 'example_trigger_target_dag' retrieved from /root/airflow-venv/lib/python3.12/site-packages/airflow/example_dags/example_trigger_target_dag.py
[2024-12-14T23:54:48.876+0000] {logging_mixin.py:190} INFO - [2024-12-14T23:54:48.876+0000] {dag.py:3239} INFO - Sync 1 DAGs
[2024-12-14T23:54:48.890+0000] {logging_mixin.py:190} INFO - [2024-12-14T23:54:48.889+0000] {dag.py:4180} INFO - Setting next_dagrun for example_trigger_target_dag to None, run_after=None
[2024-12-14T23:54:48.915+0000] {processor.py:208} INFO - Processing /root/airflow-venv/lib/python3.12/site-packages/airflow/example_dags/example_trigger_target_dag.py took 0.078 seconds
