[2024-12-14T23:52:59.993+0000] {processor.py:186} INFO - Started process (PID=401691) to work on /root/airflow-venv/lib/python3.12/site-packages/airflow/example_dags/example_task_group.py
[2024-12-14T23:52:59.995+0000] {processor.py:914} INFO - Processing file /root/airflow-venv/lib/python3.12/site-packages/airflow/example_dags/example_task_group.py for tasks to queue
[2024-12-14T23:52:59.997+0000] {logging_mixin.py:190} INFO - [2024-12-14T23:52:59.997+0000] {dagbag.py:588} INFO - Filling up the DagBag from /root/airflow-venv/lib/python3.12/site-packages/airflow/example_dags/example_task_group.py
[2024-12-14T23:53:00.010+0000] {processor.py:925} INFO - DAG(s) 'example_task_group' retrieved from /root/airflow-venv/lib/python3.12/site-packages/airflow/example_dags/example_task_group.py
[2024-12-14T23:53:00.036+0000] {logging_mixin.py:190} INFO - [2024-12-14T23:53:00.036+0000] {dag.py:3239} INFO - Sync 1 DAGs
[2024-12-14T23:53:00.053+0000] {logging_mixin.py:190} INFO - [2024-12-14T23:53:00.053+0000] {dag.py:4180} INFO - Setting next_dagrun for example_task_group to None, run_after=None
[2024-12-14T23:53:00.085+0000] {processor.py:208} INFO - Processing /root/airflow-venv/lib/python3.12/site-packages/airflow/example_dags/example_task_group.py took 0.099 seconds
[2024-12-14T23:53:56.729+0000] {processor.py:186} INFO - Started process (PID=401752) to work on /root/airflow-venv/lib/python3.12/site-packages/airflow/example_dags/example_task_group.py
[2024-12-14T23:53:56.730+0000] {processor.py:914} INFO - Processing file /root/airflow-venv/lib/python3.12/site-packages/airflow/example_dags/example_task_group.py for tasks to queue
[2024-12-14T23:53:56.734+0000] {logging_mixin.py:190} INFO - [2024-12-14T23:53:56.733+0000] {dagbag.py:588} INFO - Filling up the DagBag from /root/airflow-venv/lib/python3.12/site-packages/airflow/example_dags/example_task_group.py
[2024-12-14T23:53:56.749+0000] {processor.py:925} INFO - DAG(s) 'example_task_group' retrieved from /root/airflow-venv/lib/python3.12/site-packages/airflow/example_dags/example_task_group.py
[2024-12-14T23:53:56.778+0000] {logging_mixin.py:190} INFO - [2024-12-14T23:53:56.778+0000] {dag.py:3239} INFO - Sync 1 DAGs
[2024-12-14T23:53:56.798+0000] {logging_mixin.py:190} INFO - [2024-12-14T23:53:56.797+0000] {dag.py:4180} INFO - Setting next_dagrun for example_task_group to None, run_after=None
[2024-12-14T23:53:56.826+0000] {processor.py:208} INFO - Processing /root/airflow-venv/lib/python3.12/site-packages/airflow/example_dags/example_task_group.py took 0.106 seconds
[2024-12-14T23:54:50.556+0000] {processor.py:186} INFO - Started process (PID=401808) to work on /root/airflow-venv/lib/python3.12/site-packages/airflow/example_dags/example_task_group.py
[2024-12-14T23:54:50.558+0000] {processor.py:914} INFO - Processing file /root/airflow-venv/lib/python3.12/site-packages/airflow/example_dags/example_task_group.py for tasks to queue
[2024-12-14T23:54:50.561+0000] {logging_mixin.py:190} INFO - [2024-12-14T23:54:50.560+0000] {dagbag.py:588} INFO - Filling up the DagBag from /root/airflow-venv/lib/python3.12/site-packages/airflow/example_dags/example_task_group.py
[2024-12-14T23:54:50.576+0000] {processor.py:925} INFO - DAG(s) 'example_task_group' retrieved from /root/airflow-venv/lib/python3.12/site-packages/airflow/example_dags/example_task_group.py
[2024-12-14T23:54:50.604+0000] {logging_mixin.py:190} INFO - [2024-12-14T23:54:50.603+0000] {dag.py:3239} INFO - Sync 1 DAGs
[2024-12-14T23:54:50.620+0000] {logging_mixin.py:190} INFO - [2024-12-14T23:54:50.619+0000] {dag.py:4180} INFO - Setting next_dagrun for example_task_group to None, run_after=None
[2024-12-14T23:54:50.644+0000] {processor.py:208} INFO - Processing /root/airflow-venv/lib/python3.12/site-packages/airflow/example_dags/example_task_group.py took 0.096 seconds
