[2024-12-14T23:53:13.362+0000] {processor.py:186} INFO - Started process (PID=401705) to work on /root/airflow-venv/lib/python3.12/site-packages/airflow/example_dags/example_nested_branch_dag.py
[2024-12-14T23:53:13.363+0000] {processor.py:914} INFO - Processing file /root/airflow-venv/lib/python3.12/site-packages/airflow/example_dags/example_nested_branch_dag.py for tasks to queue
[2024-12-14T23:53:13.366+0000] {logging_mixin.py:190} INFO - [2024-12-14T23:53:13.366+0000] {dagbag.py:588} INFO - Filling up the DagBag from /root/airflow-venv/lib/python3.12/site-packages/airflow/example_dags/example_nested_branch_dag.py
[2024-12-14T23:53:13.381+0000] {processor.py:925} INFO - DAG(s) 'example_nested_branch_dag' retrieved from /root/airflow-venv/lib/python3.12/site-packages/airflow/example_dags/example_nested_branch_dag.py
[2024-12-14T23:53:13.405+0000] {logging_mixin.py:190} INFO - [2024-12-14T23:53:13.405+0000] {dag.py:3239} INFO - Sync 1 DAGs
[2024-12-14T23:53:13.429+0000] {logging_mixin.py:190} INFO - [2024-12-14T23:53:13.429+0000] {dag.py:4180} INFO - Setting next_dagrun for example_nested_branch_dag to 2024-12-13 00:00:00+00:00, run_after=2024-12-14 00:00:00+00:00
[2024-12-14T23:53:13.452+0000] {processor.py:208} INFO - Processing /root/airflow-venv/lib/python3.12/site-packages/airflow/example_dags/example_nested_branch_dag.py took 0.096 seconds
[2024-12-14T23:54:11.581+0000] {processor.py:186} INFO - Started process (PID=401766) to work on /root/airflow-venv/lib/python3.12/site-packages/airflow/example_dags/example_nested_branch_dag.py
[2024-12-14T23:54:11.582+0000] {processor.py:914} INFO - Processing file /root/airflow-venv/lib/python3.12/site-packages/airflow/example_dags/example_nested_branch_dag.py for tasks to queue
[2024-12-14T23:54:11.585+0000] {logging_mixin.py:190} INFO - [2024-12-14T23:54:11.585+0000] {dagbag.py:588} INFO - Filling up the DagBag from /root/airflow-venv/lib/python3.12/site-packages/airflow/example_dags/example_nested_branch_dag.py
[2024-12-14T23:54:11.600+0000] {processor.py:925} INFO - DAG(s) 'example_nested_branch_dag' retrieved from /root/airflow-venv/lib/python3.12/site-packages/airflow/example_dags/example_nested_branch_dag.py
[2024-12-14T23:54:11.624+0000] {logging_mixin.py:190} INFO - [2024-12-14T23:54:11.624+0000] {dag.py:3239} INFO - Sync 1 DAGs
[2024-12-14T23:54:11.651+0000] {logging_mixin.py:190} INFO - [2024-12-14T23:54:11.651+0000] {dag.py:4180} INFO - Setting next_dagrun for example_nested_branch_dag to 2024-12-13 00:00:00+00:00, run_after=2024-12-14 00:00:00+00:00
[2024-12-14T23:54:11.680+0000] {processor.py:208} INFO - Processing /root/airflow-venv/lib/python3.12/site-packages/airflow/example_dags/example_nested_branch_dag.py took 0.107 seconds
[2024-12-14T23:55:08.302+0000] {processor.py:186} INFO - Started process (PID=401831) to work on /root/airflow-venv/lib/python3.12/site-packages/airflow/example_dags/example_nested_branch_dag.py
[2024-12-14T23:55:08.304+0000] {processor.py:914} INFO - Processing file /root/airflow-venv/lib/python3.12/site-packages/airflow/example_dags/example_nested_branch_dag.py for tasks to queue
[2024-12-14T23:55:08.307+0000] {logging_mixin.py:190} INFO - [2024-12-14T23:55:08.306+0000] {dagbag.py:588} INFO - Filling up the DagBag from /root/airflow-venv/lib/python3.12/site-packages/airflow/example_dags/example_nested_branch_dag.py
[2024-12-14T23:55:08.324+0000] {processor.py:925} INFO - DAG(s) 'example_nested_branch_dag' retrieved from /root/airflow-venv/lib/python3.12/site-packages/airflow/example_dags/example_nested_branch_dag.py
[2024-12-14T23:55:08.348+0000] {logging_mixin.py:190} INFO - [2024-12-14T23:55:08.348+0000] {dag.py:3239} INFO - Sync 1 DAGs
[2024-12-14T23:55:08.374+0000] {logging_mixin.py:190} INFO - [2024-12-14T23:55:08.374+0000] {dag.py:4180} INFO - Setting next_dagrun for example_nested_branch_dag to 2024-12-13 00:00:00+00:00, run_after=2024-12-14 00:00:00+00:00
[2024-12-14T23:55:08.400+0000] {processor.py:208} INFO - Processing /root/airflow-venv/lib/python3.12/site-packages/airflow/example_dags/example_nested_branch_dag.py took 0.106 seconds
