[2024-12-14T23:53:15.660+0000] {processor.py:186} INFO - Started process (PID=401707) to work on /root/airflow-venv/lib/python3.12/site-packages/airflow/example_dags/example_params_trigger_ui.py
[2024-12-14T23:53:15.661+0000] {processor.py:914} INFO - Processing file /root/airflow-venv/lib/python3.12/site-packages/airflow/example_dags/example_params_trigger_ui.py for tasks to queue
[2024-12-14T23:53:15.663+0000] {logging_mixin.py:190} INFO - [2024-12-14T23:53:15.663+0000] {dagbag.py:588} INFO - Filling up the DagBag from /root/airflow-venv/lib/python3.12/site-packages/airflow/example_dags/example_params_trigger_ui.py
[2024-12-14T23:53:15.676+0000] {processor.py:925} INFO - DAG(s) 'example_params_trigger_ui' retrieved from /root/airflow-venv/lib/python3.12/site-packages/airflow/example_dags/example_params_trigger_ui.py
[2024-12-14T23:53:15.726+0000] {logging_mixin.py:190} INFO - [2024-12-14T23:53:15.726+0000] {dag.py:3239} INFO - Sync 1 DAGs
[2024-12-14T23:53:15.740+0000] {logging_mixin.py:190} INFO - [2024-12-14T23:53:15.740+0000] {dag.py:4180} INFO - Setting next_dagrun for example_params_trigger_ui to None, run_after=None
[2024-12-14T23:53:15.762+0000] {processor.py:208} INFO - Processing /root/airflow-venv/lib/python3.12/site-packages/airflow/example_dags/example_params_trigger_ui.py took 0.109 seconds
[2024-12-14T23:54:12.452+0000] {processor.py:186} INFO - Started process (PID=401768) to work on /root/airflow-venv/lib/python3.12/site-packages/airflow/example_dags/example_params_trigger_ui.py
[2024-12-14T23:54:12.454+0000] {processor.py:914} INFO - Processing file /root/airflow-venv/lib/python3.12/site-packages/airflow/example_dags/example_params_trigger_ui.py for tasks to queue
[2024-12-14T23:54:12.458+0000] {logging_mixin.py:190} INFO - [2024-12-14T23:54:12.457+0000] {dagbag.py:588} INFO - Filling up the DagBag from /root/airflow-venv/lib/python3.12/site-packages/airflow/example_dags/example_params_trigger_ui.py
[2024-12-14T23:54:12.474+0000] {processor.py:925} INFO - DAG(s) 'example_params_trigger_ui' retrieved from /root/airflow-venv/lib/python3.12/site-packages/airflow/example_dags/example_params_trigger_ui.py
[2024-12-14T23:54:12.521+0000] {logging_mixin.py:190} INFO - [2024-12-14T23:54:12.521+0000] {dag.py:3239} INFO - Sync 1 DAGs
[2024-12-14T23:54:12.537+0000] {logging_mixin.py:190} INFO - [2024-12-14T23:54:12.537+0000] {dag.py:4180} INFO - Setting next_dagrun for example_params_trigger_ui to None, run_after=None
[2024-12-14T23:54:12.563+0000] {processor.py:208} INFO - Processing /root/airflow-venv/lib/python3.12/site-packages/airflow/example_dags/example_params_trigger_ui.py took 0.120 seconds
[2024-12-14T23:55:10.801+0000] {processor.py:186} INFO - Started process (PID=401833) to work on /root/airflow-venv/lib/python3.12/site-packages/airflow/example_dags/example_params_trigger_ui.py
[2024-12-14T23:55:10.803+0000] {processor.py:914} INFO - Processing file /root/airflow-venv/lib/python3.12/site-packages/airflow/example_dags/example_params_trigger_ui.py for tasks to queue
[2024-12-14T23:55:10.805+0000] {logging_mixin.py:190} INFO - [2024-12-14T23:55:10.805+0000] {dagbag.py:588} INFO - Filling up the DagBag from /root/airflow-venv/lib/python3.12/site-packages/airflow/example_dags/example_params_trigger_ui.py
[2024-12-14T23:55:10.819+0000] {processor.py:925} INFO - DAG(s) 'example_params_trigger_ui' retrieved from /root/airflow-venv/lib/python3.12/site-packages/airflow/example_dags/example_params_trigger_ui.py
[2024-12-14T23:55:10.862+0000] {logging_mixin.py:190} INFO - [2024-12-14T23:55:10.862+0000] {dag.py:3239} INFO - Sync 1 DAGs
[2024-12-14T23:55:10.876+0000] {logging_mixin.py:190} INFO - [2024-12-14T23:55:10.876+0000] {dag.py:4180} INFO - Setting next_dagrun for example_params_trigger_ui to None, run_after=None
[2024-12-14T23:55:10.901+0000] {processor.py:208} INFO - Processing /root/airflow-venv/lib/python3.12/site-packages/airflow/example_dags/example_params_trigger_ui.py took 0.107 seconds
