[2024-12-14T23:53:01.104+0000] {processor.py:186} INFO - Started process (PID=401692) to work on /root/airflow-venv/lib/python3.12/site-packages/airflow/example_dags/example_sla_dag.py
[2024-12-14T23:53:01.105+0000] {processor.py:914} INFO - Processing file /root/airflow-venv/lib/python3.12/site-packages/airflow/example_dags/example_sla_dag.py for tasks to queue
[2024-12-14T23:53:01.109+0000] {logging_mixin.py:190} INFO - [2024-12-14T23:53:01.108+0000] {dagbag.py:588} INFO - Filling up the DagBag from /root/airflow-venv/lib/python3.12/site-packages/airflow/example_dags/example_sla_dag.py
[2024-12-14T23:53:01.127+0000] {processor.py:925} INFO - DAG(s) 'example_sla_dag' retrieved from /root/airflow-venv/lib/python3.12/site-packages/airflow/example_dags/example_sla_dag.py
[2024-12-14T23:53:01.154+0000] {logging_mixin.py:190} INFO - [2024-12-14T23:53:01.154+0000] {dag.py:3239} INFO - Sync 1 DAGs
[2024-12-14T23:53:01.190+0000] {logging_mixin.py:190} INFO - [2024-12-14T23:53:01.190+0000] {dag.py:4180} INFO - Setting next_dagrun for example_sla_dag to 2024-12-14 23:50:00+00:00, run_after=2024-12-14 23:52:00+00:00
[2024-12-14T23:53:01.218+0000] {processor.py:208} INFO - Processing /root/airflow-venv/lib/python3.12/site-packages/airflow/example_dags/example_sla_dag.py took 0.123 seconds
[2024-12-14T23:53:57.976+0000] {processor.py:186} INFO - Started process (PID=401753) to work on /root/airflow-venv/lib/python3.12/site-packages/airflow/example_dags/example_sla_dag.py
[2024-12-14T23:53:57.978+0000] {processor.py:914} INFO - Processing file /root/airflow-venv/lib/python3.12/site-packages/airflow/example_dags/example_sla_dag.py for tasks to queue
[2024-12-14T23:53:57.980+0000] {logging_mixin.py:190} INFO - [2024-12-14T23:53:57.980+0000] {dagbag.py:588} INFO - Filling up the DagBag from /root/airflow-venv/lib/python3.12/site-packages/airflow/example_dags/example_sla_dag.py
[2024-12-14T23:53:57.994+0000] {processor.py:925} INFO - DAG(s) 'example_sla_dag' retrieved from /root/airflow-venv/lib/python3.12/site-packages/airflow/example_dags/example_sla_dag.py
[2024-12-14T23:53:58.014+0000] {logging_mixin.py:190} INFO - [2024-12-14T23:53:58.014+0000] {dag.py:3239} INFO - Sync 1 DAGs
[2024-12-14T23:53:58.041+0000] {logging_mixin.py:190} INFO - [2024-12-14T23:53:58.041+0000] {dag.py:4180} INFO - Setting next_dagrun for example_sla_dag to 2024-12-14 23:50:00+00:00, run_after=2024-12-14 23:52:00+00:00
[2024-12-14T23:53:58.069+0000] {processor.py:208} INFO - Processing /root/airflow-venv/lib/python3.12/site-packages/airflow/example_dags/example_sla_dag.py took 0.099 seconds
[2024-12-14T23:54:51.720+0000] {processor.py:186} INFO - Started process (PID=401809) to work on /root/airflow-venv/lib/python3.12/site-packages/airflow/example_dags/example_sla_dag.py
[2024-12-14T23:54:51.722+0000] {processor.py:914} INFO - Processing file /root/airflow-venv/lib/python3.12/site-packages/airflow/example_dags/example_sla_dag.py for tasks to queue
[2024-12-14T23:54:51.725+0000] {logging_mixin.py:190} INFO - [2024-12-14T23:54:51.725+0000] {dagbag.py:588} INFO - Filling up the DagBag from /root/airflow-venv/lib/python3.12/site-packages/airflow/example_dags/example_sla_dag.py
[2024-12-14T23:54:51.739+0000] {processor.py:925} INFO - DAG(s) 'example_sla_dag' retrieved from /root/airflow-venv/lib/python3.12/site-packages/airflow/example_dags/example_sla_dag.py
[2024-12-14T23:54:51.759+0000] {logging_mixin.py:190} INFO - [2024-12-14T23:54:51.758+0000] {dag.py:3239} INFO - Sync 1 DAGs
[2024-12-14T23:54:51.782+0000] {logging_mixin.py:190} INFO - [2024-12-14T23:54:51.781+0000] {dag.py:4180} INFO - Setting next_dagrun for example_sla_dag to 2024-12-14 23:52:00+00:00, run_after=2024-12-14 23:54:00+00:00
[2024-12-14T23:54:51.805+0000] {processor.py:208} INFO - Processing /root/airflow-venv/lib/python3.12/site-packages/airflow/example_dags/example_sla_dag.py took 0.095 seconds
