[2024-12-14T23:53:01.596+0000] {processor.py:186} INFO - Started process (PID=401693) to work on /root/airflow-venv/lib/python3.12/site-packages/airflow/example_dags/example_subdag_operator.py
[2024-12-14T23:53:01.597+0000] {processor.py:914} INFO - Processing file /root/airflow-venv/lib/python3.12/site-packages/airflow/example_dags/example_subdag_operator.py for tasks to queue
[2024-12-14T23:53:01.600+0000] {logging_mixin.py:190} INFO - [2024-12-14T23:53:01.599+0000] {dagbag.py:588} INFO - Filling up the DagBag from /root/airflow-venv/lib/python3.12/site-packages/airflow/example_dags/example_subdag_operator.py
[2024-12-14T23:53:01.637+0000] {processor.py:925} INFO - DAG(s) 'example_subdag_operator.section-1', 'example_subdag_operator.section-2', 'example_subdag_operator' retrieved from /root/airflow-venv/lib/python3.12/site-packages/airflow/example_dags/example_subdag_operator.py
[2024-12-14T23:53:01.655+0000] {logging_mixin.py:190} INFO - [2024-12-14T23:53:01.655+0000] {dag.py:3239} INFO - Sync 3 DAGs
[2024-12-14T23:53:01.679+0000] {logging_mixin.py:190} INFO - [2024-12-14T23:53:01.679+0000] {dag.py:4180} INFO - Setting next_dagrun for example_subdag_operator to 2022-01-01 00:00:00+00:00, run_after=2022-01-01 00:00:00+00:00
[2024-12-14T23:53:01.682+0000] {logging_mixin.py:190} INFO - [2024-12-14T23:53:01.682+0000] {dag.py:4180} INFO - Setting next_dagrun for example_subdag_operator.section-1 to None, run_after=None
[2024-12-14T23:53:01.684+0000] {logging_mixin.py:190} INFO - [2024-12-14T23:53:01.683+0000] {dag.py:4180} INFO - Setting next_dagrun for example_subdag_operator.section-2 to None, run_after=None
[2024-12-14T23:53:01.691+0000] {logging_mixin.py:190} INFO - [2024-12-14T23:53:01.691+0000] {dag.py:3239} INFO - Sync 2 DAGs
[2024-12-14T23:53:01.695+0000] {logging_mixin.py:190} INFO - [2024-12-14T23:53:01.695+0000] {dag.py:4180} INFO - Setting next_dagrun for example_subdag_operator.section-1 to None, run_after=None
[2024-12-14T23:53:01.695+0000] {logging_mixin.py:190} INFO - [2024-12-14T23:53:01.695+0000] {dag.py:4180} INFO - Setting next_dagrun for example_subdag_operator.section-2 to None, run_after=None
[2024-12-14T23:53:01.712+0000] {processor.py:208} INFO - Processing /root/airflow-venv/lib/python3.12/site-packages/airflow/example_dags/example_subdag_operator.py took 0.122 seconds
[2024-12-14T23:53:58.548+0000] {processor.py:186} INFO - Started process (PID=401754) to work on /root/airflow-venv/lib/python3.12/site-packages/airflow/example_dags/example_subdag_operator.py
[2024-12-14T23:53:58.549+0000] {processor.py:914} INFO - Processing file /root/airflow-venv/lib/python3.12/site-packages/airflow/example_dags/example_subdag_operator.py for tasks to queue
[2024-12-14T23:53:58.552+0000] {logging_mixin.py:190} INFO - [2024-12-14T23:53:58.552+0000] {dagbag.py:588} INFO - Filling up the DagBag from /root/airflow-venv/lib/python3.12/site-packages/airflow/example_dags/example_subdag_operator.py
[2024-12-14T23:53:58.585+0000] {processor.py:925} INFO - DAG(s) 'example_subdag_operator.section-1', 'example_subdag_operator.section-2', 'example_subdag_operator' retrieved from /root/airflow-venv/lib/python3.12/site-packages/airflow/example_dags/example_subdag_operator.py
[2024-12-14T23:53:58.604+0000] {logging_mixin.py:190} INFO - [2024-12-14T23:53:58.604+0000] {dag.py:3239} INFO - Sync 3 DAGs
[2024-12-14T23:53:58.632+0000] {logging_mixin.py:190} INFO - [2024-12-14T23:53:58.631+0000] {dag.py:4180} INFO - Setting next_dagrun for example_subdag_operator to 2022-01-01 00:00:00+00:00, run_after=2022-01-01 00:00:00+00:00
[2024-12-14T23:53:58.635+0000] {logging_mixin.py:190} INFO - [2024-12-14T23:53:58.635+0000] {dag.py:4180} INFO - Setting next_dagrun for example_subdag_operator.section-1 to None, run_after=None
[2024-12-14T23:53:58.636+0000] {logging_mixin.py:190} INFO - [2024-12-14T23:53:58.636+0000] {dag.py:4180} INFO - Setting next_dagrun for example_subdag_operator.section-2 to None, run_after=None
[2024-12-14T23:53:58.644+0000] {logging_mixin.py:190} INFO - [2024-12-14T23:53:58.643+0000] {dag.py:3239} INFO - Sync 2 DAGs
[2024-12-14T23:53:58.648+0000] {logging_mixin.py:190} INFO - [2024-12-14T23:53:58.648+0000] {dag.py:4180} INFO - Setting next_dagrun for example_subdag_operator.section-1 to None, run_after=None
[2024-12-14T23:53:58.649+0000] {logging_mixin.py:190} INFO - [2024-12-14T23:53:58.648+0000] {dag.py:4180} INFO - Setting next_dagrun for example_subdag_operator.section-2 to None, run_after=None
[2024-12-14T23:53:58.662+0000] {processor.py:208} INFO - Processing /root/airflow-venv/lib/python3.12/site-packages/airflow/example_dags/example_subdag_operator.py took 0.122 seconds
[2024-12-14T23:54:52.874+0000] {processor.py:186} INFO - Started process (PID=401810) to work on /root/airflow-venv/lib/python3.12/site-packages/airflow/example_dags/example_subdag_operator.py
[2024-12-14T23:54:52.876+0000] {processor.py:914} INFO - Processing file /root/airflow-venv/lib/python3.12/site-packages/airflow/example_dags/example_subdag_operator.py for tasks to queue
[2024-12-14T23:54:52.880+0000] {logging_mixin.py:190} INFO - [2024-12-14T23:54:52.879+0000] {dagbag.py:588} INFO - Filling up the DagBag from /root/airflow-venv/lib/python3.12/site-packages/airflow/example_dags/example_subdag_operator.py
[2024-12-14T23:54:52.921+0000] {processor.py:925} INFO - DAG(s) 'example_subdag_operator.section-1', 'example_subdag_operator.section-2', 'example_subdag_operator' retrieved from /root/airflow-venv/lib/python3.12/site-packages/airflow/example_dags/example_subdag_operator.py
[2024-12-14T23:54:52.945+0000] {logging_mixin.py:190} INFO - [2024-12-14T23:54:52.944+0000] {dag.py:3239} INFO - Sync 3 DAGs
[2024-12-14T23:54:52.969+0000] {logging_mixin.py:190} INFO - [2024-12-14T23:54:52.969+0000] {dag.py:4180} INFO - Setting next_dagrun for example_subdag_operator to 2022-01-01 00:00:00+00:00, run_after=2022-01-01 00:00:00+00:00
[2024-12-14T23:54:52.972+0000] {logging_mixin.py:190} INFO - [2024-12-14T23:54:52.972+0000] {dag.py:4180} INFO - Setting next_dagrun for example_subdag_operator.section-1 to None, run_after=None
[2024-12-14T23:54:52.973+0000] {logging_mixin.py:190} INFO - [2024-12-14T23:54:52.973+0000] {dag.py:4180} INFO - Setting next_dagrun for example_subdag_operator.section-2 to None, run_after=None
[2024-12-14T23:54:52.980+0000] {logging_mixin.py:190} INFO - [2024-12-14T23:54:52.980+0000] {dag.py:3239} INFO - Sync 2 DAGs
[2024-12-14T23:54:52.984+0000] {logging_mixin.py:190} INFO - [2024-12-14T23:54:52.984+0000] {dag.py:4180} INFO - Setting next_dagrun for example_subdag_operator.section-1 to None, run_after=None
[2024-12-14T23:54:52.984+0000] {logging_mixin.py:190} INFO - [2024-12-14T23:54:52.984+0000] {dag.py:4180} INFO - Setting next_dagrun for example_subdag_operator.section-2 to None, run_after=None
[2024-12-14T23:54:53.000+0000] {processor.py:208} INFO - Processing /root/airflow-venv/lib/python3.12/site-packages/airflow/example_dags/example_subdag_operator.py took 0.134 seconds
