[2024-12-14T23:53:23.782+0000] {processor.py:186} INFO - Started process (PID=401715) to work on /root/airflow-venv/lib/python3.12/site-packages/airflow/example_dags/example_display_name.py
[2024-12-14T23:53:23.783+0000] {processor.py:914} INFO - Processing file /root/airflow-venv/lib/python3.12/site-packages/airflow/example_dags/example_display_name.py for tasks to queue
[2024-12-14T23:53:23.786+0000] {logging_mixin.py:190} INFO - [2024-12-14T23:53:23.786+0000] {dagbag.py:588} INFO - Filling up the DagBag from /root/airflow-venv/lib/python3.12/site-packages/airflow/example_dags/example_display_name.py
[2024-12-14T23:53:23.798+0000] {processor.py:925} INFO - DAG(s) 'example_display_name' retrieved from /root/airflow-venv/lib/python3.12/site-packages/airflow/example_dags/example_display_name.py
[2024-12-14T23:53:23.817+0000] {logging_mixin.py:190} INFO - [2024-12-14T23:53:23.817+0000] {dag.py:3239} INFO - Sync 1 DAGs
[2024-12-14T23:53:23.832+0000] {logging_mixin.py:190} INFO - [2024-12-14T23:53:23.832+0000] {dag.py:4180} INFO - Setting next_dagrun for example_display_name to None, run_after=None
[2024-12-14T23:53:23.856+0000] {processor.py:208} INFO - Processing /root/airflow-venv/lib/python3.12/site-packages/airflow/example_dags/example_display_name.py took 0.082 seconds
[2024-12-14T23:54:20.747+0000] {processor.py:186} INFO - Started process (PID=401778) to work on /root/airflow-venv/lib/python3.12/site-packages/airflow/example_dags/example_display_name.py
[2024-12-14T23:54:20.748+0000] {processor.py:914} INFO - Processing file /root/airflow-venv/lib/python3.12/site-packages/airflow/example_dags/example_display_name.py for tasks to queue
[2024-12-14T23:54:20.751+0000] {logging_mixin.py:190} INFO - [2024-12-14T23:54:20.750+0000] {dagbag.py:588} INFO - Filling up the DagBag from /root/airflow-venv/lib/python3.12/site-packages/airflow/example_dags/example_display_name.py
[2024-12-14T23:54:20.761+0000] {processor.py:925} INFO - DAG(s) 'example_display_name' retrieved from /root/airflow-venv/lib/python3.12/site-packages/airflow/example_dags/example_display_name.py
[2024-12-14T23:54:20.783+0000] {logging_mixin.py:190} INFO - [2024-12-14T23:54:20.783+0000] {dag.py:3239} INFO - Sync 1 DAGs
[2024-12-14T23:54:20.802+0000] {logging_mixin.py:190} INFO - [2024-12-14T23:54:20.801+0000] {dag.py:4180} INFO - Setting next_dagrun for example_display_name to None, run_after=None
[2024-12-14T23:54:20.830+0000] {processor.py:208} INFO - Processing /root/airflow-venv/lib/python3.12/site-packages/airflow/example_dags/example_display_name.py took 0.090 seconds
[2024-12-14T23:55:17.649+0000] {processor.py:186} INFO - Started process (PID=401841) to work on /root/airflow-venv/lib/python3.12/site-packages/airflow/example_dags/example_display_name.py
[2024-12-14T23:55:17.650+0000] {processor.py:914} INFO - Processing file /root/airflow-venv/lib/python3.12/site-packages/airflow/example_dags/example_display_name.py for tasks to queue
[2024-12-14T23:55:17.653+0000] {logging_mixin.py:190} INFO - [2024-12-14T23:55:17.652+0000] {dagbag.py:588} INFO - Filling up the DagBag from /root/airflow-venv/lib/python3.12/site-packages/airflow/example_dags/example_display_name.py
[2024-12-14T23:55:17.663+0000] {processor.py:925} INFO - DAG(s) 'example_display_name' retrieved from /root/airflow-venv/lib/python3.12/site-packages/airflow/example_dags/example_display_name.py
[2024-12-14T23:55:17.682+0000] {logging_mixin.py:190} INFO - [2024-12-14T23:55:17.682+0000] {dag.py:3239} INFO - Sync 1 DAGs
[2024-12-14T23:55:17.697+0000] {logging_mixin.py:190} INFO - [2024-12-14T23:55:17.697+0000] {dag.py:4180} INFO - Setting next_dagrun for example_display_name to None, run_after=None
[2024-12-14T23:55:17.720+0000] {processor.py:208} INFO - Processing /root/airflow-venv/lib/python3.12/site-packages/airflow/example_dags/example_display_name.py took 0.080 seconds
