[2024-12-14T23:53:17.362+0000] {processor.py:186} INFO - Started process (PID=401709) to work on /root/airflow-venv/lib/python3.12/site-packages/airflow/example_dags/example_external_task_marker_dag.py
[2024-12-14T23:53:17.363+0000] {processor.py:914} INFO - Processing file /root/airflow-venv/lib/python3.12/site-packages/airflow/example_dags/example_external_task_marker_dag.py for tasks to queue
[2024-12-14T23:53:17.365+0000] {logging_mixin.py:190} INFO - [2024-12-14T23:53:17.365+0000] {dagbag.py:588} INFO - Filling up the DagBag from /root/airflow-venv/lib/python3.12/site-packages/airflow/example_dags/example_external_task_marker_dag.py
[2024-12-14T23:53:17.374+0000] {processor.py:925} INFO - DAG(s) 'example_external_task_marker_child', 'example_external_task_marker_parent' retrieved from /root/airflow-venv/lib/python3.12/site-packages/airflow/example_dags/example_external_task_marker_dag.py
[2024-12-14T23:53:17.396+0000] {logging_mixin.py:190} INFO - [2024-12-14T23:53:17.395+0000] {dag.py:3239} INFO - Sync 2 DAGs
[2024-12-14T23:53:17.409+0000] {logging_mixin.py:190} INFO - [2024-12-14T23:53:17.408+0000] {dag.py:4180} INFO - Setting next_dagrun for example_external_task_marker_child to None, run_after=None
[2024-12-14T23:53:17.412+0000] {logging_mixin.py:190} INFO - [2024-12-14T23:53:17.412+0000] {dag.py:4180} INFO - Setting next_dagrun for example_external_task_marker_parent to None, run_after=None
[2024-12-14T23:53:17.433+0000] {processor.py:208} INFO - Processing /root/airflow-venv/lib/python3.12/site-packages/airflow/example_dags/example_external_task_marker_dag.py took 0.077 seconds
[2024-12-14T23:54:14.324+0000] {processor.py:186} INFO - Started process (PID=401770) to work on /root/airflow-venv/lib/python3.12/site-packages/airflow/example_dags/example_external_task_marker_dag.py
[2024-12-14T23:54:14.325+0000] {processor.py:914} INFO - Processing file /root/airflow-venv/lib/python3.12/site-packages/airflow/example_dags/example_external_task_marker_dag.py for tasks to queue
[2024-12-14T23:54:14.328+0000] {logging_mixin.py:190} INFO - [2024-12-14T23:54:14.327+0000] {dagbag.py:588} INFO - Filling up the DagBag from /root/airflow-venv/lib/python3.12/site-packages/airflow/example_dags/example_external_task_marker_dag.py
[2024-12-14T23:54:14.339+0000] {processor.py:925} INFO - DAG(s) 'example_external_task_marker_parent', 'example_external_task_marker_child' retrieved from /root/airflow-venv/lib/python3.12/site-packages/airflow/example_dags/example_external_task_marker_dag.py
[2024-12-14T23:54:14.362+0000] {logging_mixin.py:190} INFO - [2024-12-14T23:54:14.362+0000] {dag.py:3239} INFO - Sync 2 DAGs
[2024-12-14T23:54:14.381+0000] {logging_mixin.py:190} INFO - [2024-12-14T23:54:14.380+0000] {dag.py:4180} INFO - Setting next_dagrun for example_external_task_marker_child to None, run_after=None
[2024-12-14T23:54:14.385+0000] {logging_mixin.py:190} INFO - [2024-12-14T23:54:14.385+0000] {dag.py:4180} INFO - Setting next_dagrun for example_external_task_marker_parent to None, run_after=None
[2024-12-14T23:54:14.409+0000] {processor.py:208} INFO - Processing /root/airflow-venv/lib/python3.12/site-packages/airflow/example_dags/example_external_task_marker_dag.py took 0.092 seconds
[2024-12-14T23:55:12.213+0000] {processor.py:186} INFO - Started process (PID=401835) to work on /root/airflow-venv/lib/python3.12/site-packages/airflow/example_dags/example_external_task_marker_dag.py
[2024-12-14T23:55:12.215+0000] {processor.py:914} INFO - Processing file /root/airflow-venv/lib/python3.12/site-packages/airflow/example_dags/example_external_task_marker_dag.py for tasks to queue
[2024-12-14T23:55:12.218+0000] {logging_mixin.py:190} INFO - [2024-12-14T23:55:12.217+0000] {dagbag.py:588} INFO - Filling up the DagBag from /root/airflow-venv/lib/python3.12/site-packages/airflow/example_dags/example_external_task_marker_dag.py
[2024-12-14T23:55:12.229+0000] {processor.py:925} INFO - DAG(s) 'example_external_task_marker_child', 'example_external_task_marker_parent' retrieved from /root/airflow-venv/lib/python3.12/site-packages/airflow/example_dags/example_external_task_marker_dag.py
[2024-12-14T23:55:12.250+0000] {logging_mixin.py:190} INFO - [2024-12-14T23:55:12.250+0000] {dag.py:3239} INFO - Sync 2 DAGs
[2024-12-14T23:55:12.264+0000] {logging_mixin.py:190} INFO - [2024-12-14T23:55:12.263+0000] {dag.py:4180} INFO - Setting next_dagrun for example_external_task_marker_child to None, run_after=None
[2024-12-14T23:55:12.268+0000] {logging_mixin.py:190} INFO - [2024-12-14T23:55:12.268+0000] {dag.py:4180} INFO - Setting next_dagrun for example_external_task_marker_parent to None, run_after=None
[2024-12-14T23:55:12.288+0000] {processor.py:208} INFO - Processing /root/airflow-venv/lib/python3.12/site-packages/airflow/example_dags/example_external_task_marker_dag.py took 0.082 seconds
