[2024-12-14T23:53:18.515+0000] {processor.py:186} INFO - Started process (PID=401710) to work on /root/airflow-venv/lib/python3.12/site-packages/airflow/example_dags/example_inlet_event_extra.py
[2024-12-14T23:53:18.517+0000] {processor.py:914} INFO - Processing file /root/airflow-venv/lib/python3.12/site-packages/airflow/example_dags/example_inlet_event_extra.py for tasks to queue
[2024-12-14T23:53:18.519+0000] {logging_mixin.py:190} INFO - [2024-12-14T23:53:18.518+0000] {dagbag.py:588} INFO - Filling up the DagBag from /root/airflow-venv/lib/python3.12/site-packages/airflow/example_dags/example_inlet_event_extra.py
[2024-12-14T23:53:18.536+0000] {processor.py:925} INFO - DAG(s) 'read_dataset_event_from_classic', 'read_dataset_event' retrieved from /root/airflow-venv/lib/python3.12/site-packages/airflow/example_dags/example_inlet_event_extra.py
[2024-12-14T23:53:18.557+0000] {logging_mixin.py:190} INFO - [2024-12-14T23:53:18.557+0000] {dag.py:3239} INFO - Sync 2 DAGs
[2024-12-14T23:53:18.579+0000] {logging_mixin.py:190} INFO - [2024-12-14T23:53:18.578+0000] {dag.py:4180} INFO - Setting next_dagrun for read_dataset_event to 2024-12-13 00:00:00+00:00, run_after=2024-12-14 00:00:00+00:00
[2024-12-14T23:53:18.583+0000] {logging_mixin.py:190} INFO - [2024-12-14T23:53:18.583+0000] {dag.py:4180} INFO - Setting next_dagrun for read_dataset_event_from_classic to 2024-12-13 00:00:00+00:00, run_after=2024-12-14 00:00:00+00:00
[2024-12-14T23:53:18.603+0000] {processor.py:208} INFO - Processing /root/airflow-venv/lib/python3.12/site-packages/airflow/example_dags/example_inlet_event_extra.py took 0.094 seconds
[2024-12-14T23:54:15.489+0000] {processor.py:186} INFO - Started process (PID=401771) to work on /root/airflow-venv/lib/python3.12/site-packages/airflow/example_dags/example_inlet_event_extra.py
[2024-12-14T23:54:15.490+0000] {processor.py:914} INFO - Processing file /root/airflow-venv/lib/python3.12/site-packages/airflow/example_dags/example_inlet_event_extra.py for tasks to queue
[2024-12-14T23:54:15.493+0000] {logging_mixin.py:190} INFO - [2024-12-14T23:54:15.493+0000] {dagbag.py:588} INFO - Filling up the DagBag from /root/airflow-venv/lib/python3.12/site-packages/airflow/example_dags/example_inlet_event_extra.py
[2024-12-14T23:54:15.511+0000] {processor.py:925} INFO - DAG(s) 'read_dataset_event', 'read_dataset_event_from_classic' retrieved from /root/airflow-venv/lib/python3.12/site-packages/airflow/example_dags/example_inlet_event_extra.py
[2024-12-14T23:54:15.534+0000] {logging_mixin.py:190} INFO - [2024-12-14T23:54:15.533+0000] {dag.py:3239} INFO - Sync 2 DAGs
[2024-12-14T23:54:15.561+0000] {logging_mixin.py:190} INFO - [2024-12-14T23:54:15.561+0000] {dag.py:4180} INFO - Setting next_dagrun for read_dataset_event to 2024-12-13 00:00:00+00:00, run_after=2024-12-14 00:00:00+00:00
[2024-12-14T23:54:15.565+0000] {logging_mixin.py:190} INFO - [2024-12-14T23:54:15.565+0000] {dag.py:4180} INFO - Setting next_dagrun for read_dataset_event_from_classic to 2024-12-13 00:00:00+00:00, run_after=2024-12-14 00:00:00+00:00
[2024-12-14T23:54:15.588+0000] {processor.py:208} INFO - Processing /root/airflow-venv/lib/python3.12/site-packages/airflow/example_dags/example_inlet_event_extra.py took 0.108 seconds
[2024-12-14T23:55:12.722+0000] {processor.py:186} INFO - Started process (PID=401836) to work on /root/airflow-venv/lib/python3.12/site-packages/airflow/example_dags/example_inlet_event_extra.py
[2024-12-14T23:55:12.724+0000] {processor.py:914} INFO - Processing file /root/airflow-venv/lib/python3.12/site-packages/airflow/example_dags/example_inlet_event_extra.py for tasks to queue
[2024-12-14T23:55:12.726+0000] {logging_mixin.py:190} INFO - [2024-12-14T23:55:12.726+0000] {dagbag.py:588} INFO - Filling up the DagBag from /root/airflow-venv/lib/python3.12/site-packages/airflow/example_dags/example_inlet_event_extra.py
[2024-12-14T23:55:12.744+0000] {processor.py:925} INFO - DAG(s) 'read_dataset_event_from_classic', 'read_dataset_event' retrieved from /root/airflow-venv/lib/python3.12/site-packages/airflow/example_dags/example_inlet_event_extra.py
[2024-12-14T23:55:12.766+0000] {logging_mixin.py:190} INFO - [2024-12-14T23:55:12.766+0000] {dag.py:3239} INFO - Sync 2 DAGs
[2024-12-14T23:55:12.789+0000] {logging_mixin.py:190} INFO - [2024-12-14T23:55:12.789+0000] {dag.py:4180} INFO - Setting next_dagrun for read_dataset_event to 2024-12-13 00:00:00+00:00, run_after=2024-12-14 00:00:00+00:00
[2024-12-14T23:55:12.794+0000] {logging_mixin.py:190} INFO - [2024-12-14T23:55:12.794+0000] {dag.py:4180} INFO - Setting next_dagrun for read_dataset_event_from_classic to 2024-12-13 00:00:00+00:00, run_after=2024-12-14 00:00:00+00:00
[2024-12-14T23:55:12.815+0000] {processor.py:208} INFO - Processing /root/airflow-venv/lib/python3.12/site-packages/airflow/example_dags/example_inlet_event_extra.py took 0.100 seconds
