[2024-12-14T23:53:09.264+0000] {processor.py:186} INFO - Started process (PID=401700) to work on /root/airflow-venv/lib/python3.12/site-packages/airflow/example_dags/example_setup_teardown_taskflow.py
[2024-12-14T23:53:09.265+0000] {processor.py:914} INFO - Processing file /root/airflow-venv/lib/python3.12/site-packages/airflow/example_dags/example_setup_teardown_taskflow.py for tasks to queue
[2024-12-14T23:53:09.268+0000] {logging_mixin.py:190} INFO - [2024-12-14T23:53:09.267+0000] {dagbag.py:588} INFO - Filling up the DagBag from /root/airflow-venv/lib/python3.12/site-packages/airflow/example_dags/example_setup_teardown_taskflow.py
[2024-12-14T23:53:09.283+0000] {processor.py:925} INFO - DAG(s) 'example_setup_teardown_taskflow' retrieved from /root/airflow-venv/lib/python3.12/site-packages/airflow/example_dags/example_setup_teardown_taskflow.py
[2024-12-14T23:53:09.310+0000] {logging_mixin.py:190} INFO - [2024-12-14T23:53:09.309+0000] {dag.py:3239} INFO - Sync 1 DAGs
[2024-12-14T23:53:09.330+0000] {logging_mixin.py:190} INFO - [2024-12-14T23:53:09.330+0000] {dag.py:4180} INFO - Setting next_dagrun for example_setup_teardown_taskflow to None, run_after=None
[2024-12-14T23:53:09.358+0000] {processor.py:208} INFO - Processing /root/airflow-venv/lib/python3.12/site-packages/airflow/example_dags/example_setup_teardown_taskflow.py took 0.102 seconds
[2024-12-14T23:54:06.311+0000] {processor.py:186} INFO - Started process (PID=401761) to work on /root/airflow-venv/lib/python3.12/site-packages/airflow/example_dags/example_setup_teardown_taskflow.py
[2024-12-14T23:54:06.312+0000] {processor.py:914} INFO - Processing file /root/airflow-venv/lib/python3.12/site-packages/airflow/example_dags/example_setup_teardown_taskflow.py for tasks to queue
[2024-12-14T23:54:06.316+0000] {logging_mixin.py:190} INFO - [2024-12-14T23:54:06.315+0000] {dagbag.py:588} INFO - Filling up the DagBag from /root/airflow-venv/lib/python3.12/site-packages/airflow/example_dags/example_setup_teardown_taskflow.py
[2024-12-14T23:54:06.330+0000] {processor.py:925} INFO - DAG(s) 'example_setup_teardown_taskflow' retrieved from /root/airflow-venv/lib/python3.12/site-packages/airflow/example_dags/example_setup_teardown_taskflow.py
[2024-12-14T23:54:06.351+0000] {logging_mixin.py:190} INFO - [2024-12-14T23:54:06.351+0000] {dag.py:3239} INFO - Sync 1 DAGs
[2024-12-14T23:54:06.364+0000] {logging_mixin.py:190} INFO - [2024-12-14T23:54:06.364+0000] {dag.py:4180} INFO - Setting next_dagrun for example_setup_teardown_taskflow to None, run_after=None
[2024-12-14T23:54:06.388+0000] {processor.py:208} INFO - Processing /root/airflow-venv/lib/python3.12/site-packages/airflow/example_dags/example_setup_teardown_taskflow.py took 0.084 seconds
[2024-12-14T23:55:03.219+0000] {processor.py:186} INFO - Started process (PID=401825) to work on /root/airflow-venv/lib/python3.12/site-packages/airflow/example_dags/example_setup_teardown_taskflow.py
[2024-12-14T23:55:03.220+0000] {processor.py:914} INFO - Processing file /root/airflow-venv/lib/python3.12/site-packages/airflow/example_dags/example_setup_teardown_taskflow.py for tasks to queue
[2024-12-14T23:55:03.223+0000] {logging_mixin.py:190} INFO - [2024-12-14T23:55:03.223+0000] {dagbag.py:588} INFO - Filling up the DagBag from /root/airflow-venv/lib/python3.12/site-packages/airflow/example_dags/example_setup_teardown_taskflow.py
[2024-12-14T23:55:03.239+0000] {processor.py:925} INFO - DAG(s) 'example_setup_teardown_taskflow' retrieved from /root/airflow-venv/lib/python3.12/site-packages/airflow/example_dags/example_setup_teardown_taskflow.py
[2024-12-14T23:55:03.262+0000] {logging_mixin.py:190} INFO - [2024-12-14T23:55:03.261+0000] {dag.py:3239} INFO - Sync 1 DAGs
[2024-12-14T23:55:03.275+0000] {logging_mixin.py:190} INFO - [2024-12-14T23:55:03.275+0000] {dag.py:4180} INFO - Setting next_dagrun for example_setup_teardown_taskflow to None, run_after=None
[2024-12-14T23:55:03.299+0000] {processor.py:208} INFO - Processing /root/airflow-venv/lib/python3.12/site-packages/airflow/example_dags/example_setup_teardown_taskflow.py took 0.088 seconds
