[2024-12-14T23:53:21.700+0000] {processor.py:186} INFO - Started process (PID=401713) to work on /root/airflow-venv/lib/python3.12/site-packages/airflow/example_dags/example_latest_only.py
[2024-12-14T23:53:21.701+0000] {processor.py:914} INFO - Processing file /root/airflow-venv/lib/python3.12/site-packages/airflow/example_dags/example_latest_only.py for tasks to queue
[2024-12-14T23:53:21.703+0000] {logging_mixin.py:190} INFO - [2024-12-14T23:53:21.703+0000] {dagbag.py:588} INFO - Filling up the DagBag from /root/airflow-venv/lib/python3.12/site-packages/airflow/example_dags/example_latest_only.py
[2024-12-14T23:53:21.714+0000] {processor.py:925} INFO - DAG(s) 'latest_only' retrieved from /root/airflow-venv/lib/python3.12/site-packages/airflow/example_dags/example_latest_only.py
[2024-12-14T23:53:21.734+0000] {logging_mixin.py:190} INFO - [2024-12-14T23:53:21.733+0000] {dag.py:3239} INFO - Sync 1 DAGs
[2024-12-14T23:53:21.757+0000] {logging_mixin.py:190} INFO - [2024-12-14T23:53:21.757+0000] {dag.py:4180} INFO - Setting next_dagrun for latest_only to 2024-12-14 16:00:00+00:00, run_after=2024-12-14 20:00:00+00:00
[2024-12-14T23:53:21.781+0000] {processor.py:208} INFO - Processing /root/airflow-venv/lib/python3.12/site-packages/airflow/example_dags/example_latest_only.py took 0.088 seconds
[2024-12-14T23:54:19.031+0000] {processor.py:186} INFO - Started process (PID=401774) to work on /root/airflow-venv/lib/python3.12/site-packages/airflow/example_dags/example_latest_only.py
[2024-12-14T23:54:19.033+0000] {processor.py:914} INFO - Processing file /root/airflow-venv/lib/python3.12/site-packages/airflow/example_dags/example_latest_only.py for tasks to queue
[2024-12-14T23:54:19.035+0000] {logging_mixin.py:190} INFO - [2024-12-14T23:54:19.034+0000] {dagbag.py:588} INFO - Filling up the DagBag from /root/airflow-venv/lib/python3.12/site-packages/airflow/example_dags/example_latest_only.py
[2024-12-14T23:54:19.044+0000] {processor.py:925} INFO - DAG(s) 'latest_only' retrieved from /root/airflow-venv/lib/python3.12/site-packages/airflow/example_dags/example_latest_only.py
[2024-12-14T23:54:19.063+0000] {logging_mixin.py:190} INFO - [2024-12-14T23:54:19.063+0000] {dag.py:3239} INFO - Sync 1 DAGs
[2024-12-14T23:54:19.084+0000] {logging_mixin.py:190} INFO - [2024-12-14T23:54:19.084+0000] {dag.py:4180} INFO - Setting next_dagrun for latest_only to 2024-12-14 16:00:00+00:00, run_after=2024-12-14 20:00:00+00:00
[2024-12-14T23:54:19.104+0000] {processor.py:208} INFO - Processing /root/airflow-venv/lib/python3.12/site-packages/airflow/example_dags/example_latest_only.py took 0.079 seconds
[2024-12-14T23:55:15.849+0000] {processor.py:186} INFO - Started process (PID=401839) to work on /root/airflow-venv/lib/python3.12/site-packages/airflow/example_dags/example_latest_only.py
[2024-12-14T23:55:15.850+0000] {processor.py:914} INFO - Processing file /root/airflow-venv/lib/python3.12/site-packages/airflow/example_dags/example_latest_only.py for tasks to queue
[2024-12-14T23:55:15.853+0000] {logging_mixin.py:190} INFO - [2024-12-14T23:55:15.852+0000] {dagbag.py:588} INFO - Filling up the DagBag from /root/airflow-venv/lib/python3.12/site-packages/airflow/example_dags/example_latest_only.py
[2024-12-14T23:55:15.862+0000] {processor.py:925} INFO - DAG(s) 'latest_only' retrieved from /root/airflow-venv/lib/python3.12/site-packages/airflow/example_dags/example_latest_only.py
[2024-12-14T23:55:15.885+0000] {logging_mixin.py:190} INFO - [2024-12-14T23:55:15.885+0000] {dag.py:3239} INFO - Sync 1 DAGs
[2024-12-14T23:55:15.908+0000] {logging_mixin.py:190} INFO - [2024-12-14T23:55:15.908+0000] {dag.py:4180} INFO - Setting next_dagrun for latest_only to 2024-12-14 16:00:00+00:00, run_after=2024-12-14 20:00:00+00:00
[2024-12-14T23:55:15.933+0000] {processor.py:208} INFO - Processing /root/airflow-venv/lib/python3.12/site-packages/airflow/example_dags/example_latest_only.py took 0.091 seconds
