[2024-12-14T23:53:20.809+0000] {processor.py:186} INFO - Started process (PID=401712) to work on /root/airflow-venv/lib/python3.12/site-packages/airflow/example_dags/example_latest_only_with_trigger.py
[2024-12-14T23:53:20.810+0000] {processor.py:914} INFO - Processing file /root/airflow-venv/lib/python3.12/site-packages/airflow/example_dags/example_latest_only_with_trigger.py for tasks to queue
[2024-12-14T23:53:20.812+0000] {logging_mixin.py:190} INFO - [2024-12-14T23:53:20.812+0000] {dagbag.py:588} INFO - Filling up the DagBag from /root/airflow-venv/lib/python3.12/site-packages/airflow/example_dags/example_latest_only_with_trigger.py
[2024-12-14T23:53:20.824+0000] {processor.py:925} INFO - DAG(s) 'latest_only_with_trigger' retrieved from /root/airflow-venv/lib/python3.12/site-packages/airflow/example_dags/example_latest_only_with_trigger.py
[2024-12-14T23:53:20.843+0000] {logging_mixin.py:190} INFO - [2024-12-14T23:53:20.843+0000] {dag.py:3239} INFO - Sync 1 DAGs
[2024-12-14T23:53:20.865+0000] {logging_mixin.py:190} INFO - [2024-12-14T23:53:20.865+0000] {dag.py:4180} INFO - Setting next_dagrun for latest_only_with_trigger to 2024-12-14 16:00:00+00:00, run_after=2024-12-14 20:00:00+00:00
[2024-12-14T23:53:20.894+0000] {processor.py:208} INFO - Processing /root/airflow-venv/lib/python3.12/site-packages/airflow/example_dags/example_latest_only_with_trigger.py took 0.092 seconds
[2024-12-14T23:54:17.880+0000] {processor.py:186} INFO - Started process (PID=401773) to work on /root/airflow-venv/lib/python3.12/site-packages/airflow/example_dags/example_latest_only_with_trigger.py
[2024-12-14T23:54:17.882+0000] {processor.py:914} INFO - Processing file /root/airflow-venv/lib/python3.12/site-packages/airflow/example_dags/example_latest_only_with_trigger.py for tasks to queue
[2024-12-14T23:54:17.884+0000] {logging_mixin.py:190} INFO - [2024-12-14T23:54:17.884+0000] {dagbag.py:588} INFO - Filling up the DagBag from /root/airflow-venv/lib/python3.12/site-packages/airflow/example_dags/example_latest_only_with_trigger.py
[2024-12-14T23:54:17.895+0000] {processor.py:925} INFO - DAG(s) 'latest_only_with_trigger' retrieved from /root/airflow-venv/lib/python3.12/site-packages/airflow/example_dags/example_latest_only_with_trigger.py
[2024-12-14T23:54:17.916+0000] {logging_mixin.py:190} INFO - [2024-12-14T23:54:17.915+0000] {dag.py:3239} INFO - Sync 1 DAGs
[2024-12-14T23:54:17.940+0000] {logging_mixin.py:190} INFO - [2024-12-14T23:54:17.940+0000] {dag.py:4180} INFO - Setting next_dagrun for latest_only_with_trigger to 2024-12-14 16:00:00+00:00, run_after=2024-12-14 20:00:00+00:00
[2024-12-14T23:54:17.969+0000] {processor.py:208} INFO - Processing /root/airflow-venv/lib/python3.12/site-packages/airflow/example_dags/example_latest_only_with_trigger.py took 0.096 seconds
[2024-12-14T23:55:14.705+0000] {processor.py:186} INFO - Started process (PID=401838) to work on /root/airflow-venv/lib/python3.12/site-packages/airflow/example_dags/example_latest_only_with_trigger.py
[2024-12-14T23:55:14.706+0000] {processor.py:914} INFO - Processing file /root/airflow-venv/lib/python3.12/site-packages/airflow/example_dags/example_latest_only_with_trigger.py for tasks to queue
[2024-12-14T23:55:14.709+0000] {logging_mixin.py:190} INFO - [2024-12-14T23:55:14.708+0000] {dagbag.py:588} INFO - Filling up the DagBag from /root/airflow-venv/lib/python3.12/site-packages/airflow/example_dags/example_latest_only_with_trigger.py
[2024-12-14T23:55:14.719+0000] {processor.py:925} INFO - DAG(s) 'latest_only_with_trigger' retrieved from /root/airflow-venv/lib/python3.12/site-packages/airflow/example_dags/example_latest_only_with_trigger.py
[2024-12-14T23:55:14.741+0000] {logging_mixin.py:190} INFO - [2024-12-14T23:55:14.741+0000] {dag.py:3239} INFO - Sync 1 DAGs
[2024-12-14T23:55:14.761+0000] {logging_mixin.py:190} INFO - [2024-12-14T23:55:14.761+0000] {dag.py:4180} INFO - Setting next_dagrun for latest_only_with_trigger to 2024-12-14 16:00:00+00:00, run_after=2024-12-14 20:00:00+00:00
[2024-12-14T23:55:14.784+0000] {processor.py:208} INFO - Processing /root/airflow-venv/lib/python3.12/site-packages/airflow/example_dags/example_latest_only_with_trigger.py took 0.086 seconds
