[2024-12-14T23:53:08.114+0000] {processor.py:186} INFO - Started process (PID=401699) to work on /root/airflow-venv/lib/python3.12/site-packages/airflow/example_dags/example_sensors.py
[2024-12-14T23:53:08.115+0000] {processor.py:914} INFO - Processing file /root/airflow-venv/lib/python3.12/site-packages/airflow/example_dags/example_sensors.py for tasks to queue
[2024-12-14T23:53:08.118+0000] {logging_mixin.py:190} INFO - [2024-12-14T23:53:08.117+0000] {dagbag.py:588} INFO - Filling up the DagBag from /root/airflow-venv/lib/python3.12/site-packages/airflow/example_dags/example_sensors.py
[2024-12-14T23:53:08.131+0000] {processor.py:925} INFO - DAG(s) 'example_sensors' retrieved from /root/airflow-venv/lib/python3.12/site-packages/airflow/example_dags/example_sensors.py
[2024-12-14T23:53:08.161+0000] {logging_mixin.py:190} INFO - [2024-12-14T23:53:08.160+0000] {dag.py:3239} INFO - Sync 1 DAGs
[2024-12-14T23:53:08.174+0000] {logging_mixin.py:190} INFO - [2024-12-14T23:53:08.174+0000] {dag.py:4180} INFO - Setting next_dagrun for example_sensors to None, run_after=None
[2024-12-14T23:53:08.199+0000] {processor.py:208} INFO - Processing /root/airflow-venv/lib/python3.12/site-packages/airflow/example_dags/example_sensors.py took 0.092 seconds
[2024-12-14T23:54:05.063+0000] {processor.py:186} INFO - Started process (PID=401760) to work on /root/airflow-venv/lib/python3.12/site-packages/airflow/example_dags/example_sensors.py
[2024-12-14T23:54:05.065+0000] {processor.py:914} INFO - Processing file /root/airflow-venv/lib/python3.12/site-packages/airflow/example_dags/example_sensors.py for tasks to queue
[2024-12-14T23:54:05.068+0000] {logging_mixin.py:190} INFO - [2024-12-14T23:54:05.067+0000] {dagbag.py:588} INFO - Filling up the DagBag from /root/airflow-venv/lib/python3.12/site-packages/airflow/example_dags/example_sensors.py
[2024-12-14T23:54:05.086+0000] {processor.py:925} INFO - DAG(s) 'example_sensors' retrieved from /root/airflow-venv/lib/python3.12/site-packages/airflow/example_dags/example_sensors.py
[2024-12-14T23:54:05.121+0000] {logging_mixin.py:190} INFO - [2024-12-14T23:54:05.120+0000] {dag.py:3239} INFO - Sync 1 DAGs
[2024-12-14T23:54:05.138+0000] {logging_mixin.py:190} INFO - [2024-12-14T23:54:05.137+0000] {dag.py:4180} INFO - Setting next_dagrun for example_sensors to None, run_after=None
[2024-12-14T23:54:05.167+0000] {processor.py:208} INFO - Processing /root/airflow-venv/lib/python3.12/site-packages/airflow/example_dags/example_sensors.py took 0.110 seconds
[2024-12-14T23:55:01.975+0000] {processor.py:186} INFO - Started process (PID=401824) to work on /root/airflow-venv/lib/python3.12/site-packages/airflow/example_dags/example_sensors.py
[2024-12-14T23:55:01.976+0000] {processor.py:914} INFO - Processing file /root/airflow-venv/lib/python3.12/site-packages/airflow/example_dags/example_sensors.py for tasks to queue
[2024-12-14T23:55:01.980+0000] {logging_mixin.py:190} INFO - [2024-12-14T23:55:01.980+0000] {dagbag.py:588} INFO - Filling up the DagBag from /root/airflow-venv/lib/python3.12/site-packages/airflow/example_dags/example_sensors.py
[2024-12-14T23:55:02.001+0000] {processor.py:925} INFO - DAG(s) 'example_sensors' retrieved from /root/airflow-venv/lib/python3.12/site-packages/airflow/example_dags/example_sensors.py
[2024-12-14T23:55:02.040+0000] {logging_mixin.py:190} INFO - [2024-12-14T23:55:02.040+0000] {dag.py:3239} INFO - Sync 1 DAGs
[2024-12-14T23:55:02.061+0000] {logging_mixin.py:190} INFO - [2024-12-14T23:55:02.061+0000] {dag.py:4180} INFO - Setting next_dagrun for example_sensors to None, run_after=None
[2024-12-14T23:55:02.096+0000] {processor.py:208} INFO - Processing /root/airflow-venv/lib/python3.12/site-packages/airflow/example_dags/example_sensors.py took 0.131 seconds
