[2024-12-14T23:53:11.050+0000] {processor.py:186} INFO - Started process (PID=401702) to work on /root/airflow-venv/lib/python3.12/site-packages/airflow/example_dags/example_python_decorator.py
[2024-12-14T23:53:11.051+0000] {processor.py:914} INFO - Processing file /root/airflow-venv/lib/python3.12/site-packages/airflow/example_dags/example_python_decorator.py for tasks to queue
[2024-12-14T23:53:11.053+0000] {logging_mixin.py:190} INFO - [2024-12-14T23:53:11.053+0000] {dagbag.py:588} INFO - Filling up the DagBag from /root/airflow-venv/lib/python3.12/site-packages/airflow/example_dags/example_python_decorator.py
[2024-12-14T23:53:11.064+0000] {logging_mixin.py:190} INFO - [2024-12-14T23:53:11.064+0000] {example_python_decorator.py:80} WARNING - The virtalenv_python example task requires virtualenv, please install it.
[2024-12-14T23:53:11.068+0000] {processor.py:925} INFO - DAG(s) 'example_python_decorator' retrieved from /root/airflow-venv/lib/python3.12/site-packages/airflow/example_dags/example_python_decorator.py
[2024-12-14T23:53:11.098+0000] {logging_mixin.py:190} INFO - [2024-12-14T23:53:11.098+0000] {dag.py:3239} INFO - Sync 1 DAGs
[2024-12-14T23:53:11.117+0000] {logging_mixin.py:190} INFO - [2024-12-14T23:53:11.116+0000] {dag.py:4180} INFO - Setting next_dagrun for example_python_decorator to None, run_after=None
[2024-12-14T23:53:11.141+0000] {processor.py:208} INFO - Processing /root/airflow-venv/lib/python3.12/site-packages/airflow/example_dags/example_python_decorator.py took 0.098 seconds
[2024-12-14T23:54:08.609+0000] {processor.py:186} INFO - Started process (PID=401763) to work on /root/airflow-venv/lib/python3.12/site-packages/airflow/example_dags/example_python_decorator.py
[2024-12-14T23:54:08.611+0000] {processor.py:914} INFO - Processing file /root/airflow-venv/lib/python3.12/site-packages/airflow/example_dags/example_python_decorator.py for tasks to queue
[2024-12-14T23:54:08.614+0000] {logging_mixin.py:190} INFO - [2024-12-14T23:54:08.613+0000] {dagbag.py:588} INFO - Filling up the DagBag from /root/airflow-venv/lib/python3.12/site-packages/airflow/example_dags/example_python_decorator.py
[2024-12-14T23:54:08.627+0000] {logging_mixin.py:190} INFO - [2024-12-14T23:54:08.627+0000] {example_python_decorator.py:80} WARNING - The virtalenv_python example task requires virtualenv, please install it.
[2024-12-14T23:54:08.631+0000] {processor.py:925} INFO - DAG(s) 'example_python_decorator' retrieved from /root/airflow-venv/lib/python3.12/site-packages/airflow/example_dags/example_python_decorator.py
[2024-12-14T23:54:08.663+0000] {logging_mixin.py:190} INFO - [2024-12-14T23:54:08.663+0000] {dag.py:3239} INFO - Sync 1 DAGs
[2024-12-14T23:54:08.680+0000] {logging_mixin.py:190} INFO - [2024-12-14T23:54:08.680+0000] {dag.py:4180} INFO - Setting next_dagrun for example_python_decorator to None, run_after=None
[2024-12-14T23:54:08.708+0000] {processor.py:208} INFO - Processing /root/airflow-venv/lib/python3.12/site-packages/airflow/example_dags/example_python_decorator.py took 0.106 seconds
[2024-12-14T23:55:04.556+0000] {processor.py:186} INFO - Started process (PID=401827) to work on /root/airflow-venv/lib/python3.12/site-packages/airflow/example_dags/example_python_decorator.py
[2024-12-14T23:55:04.557+0000] {processor.py:914} INFO - Processing file /root/airflow-venv/lib/python3.12/site-packages/airflow/example_dags/example_python_decorator.py for tasks to queue
[2024-12-14T23:55:04.561+0000] {logging_mixin.py:190} INFO - [2024-12-14T23:55:04.560+0000] {dagbag.py:588} INFO - Filling up the DagBag from /root/airflow-venv/lib/python3.12/site-packages/airflow/example_dags/example_python_decorator.py
[2024-12-14T23:55:04.575+0000] {logging_mixin.py:190} INFO - [2024-12-14T23:55:04.575+0000] {example_python_decorator.py:80} WARNING - The virtalenv_python example task requires virtualenv, please install it.
[2024-12-14T23:55:04.579+0000] {processor.py:925} INFO - DAG(s) 'example_python_decorator' retrieved from /root/airflow-venv/lib/python3.12/site-packages/airflow/example_dags/example_python_decorator.py
[2024-12-14T23:55:04.608+0000] {logging_mixin.py:190} INFO - [2024-12-14T23:55:04.608+0000] {dag.py:3239} INFO - Sync 1 DAGs
[2024-12-14T23:55:04.629+0000] {logging_mixin.py:190} INFO - [2024-12-14T23:55:04.629+0000] {dag.py:4180} INFO - Setting next_dagrun for example_python_decorator to None, run_after=None
[2024-12-14T23:55:04.661+0000] {processor.py:208} INFO - Processing /root/airflow-venv/lib/python3.12/site-packages/airflow/example_dags/example_python_decorator.py took 0.112 seconds
