[2024-12-14T23:53:05.247+0000] {processor.py:186} INFO - Started process (PID=401696) to work on /root/airflow-venv/lib/python3.12/site-packages/airflow/example_dags/example_short_circuit_operator.py
[2024-12-14T23:53:05.248+0000] {processor.py:914} INFO - Processing file /root/airflow-venv/lib/python3.12/site-packages/airflow/example_dags/example_short_circuit_operator.py for tasks to queue
[2024-12-14T23:53:05.251+0000] {logging_mixin.py:190} INFO - [2024-12-14T23:53:05.250+0000] {dagbag.py:588} INFO - Filling up the DagBag from /root/airflow-venv/lib/python3.12/site-packages/airflow/example_dags/example_short_circuit_operator.py
[2024-12-14T23:53:05.265+0000] {processor.py:925} INFO - DAG(s) 'example_short_circuit_operator' retrieved from /root/airflow-venv/lib/python3.12/site-packages/airflow/example_dags/example_short_circuit_operator.py
[2024-12-14T23:53:05.293+0000] {logging_mixin.py:190} INFO - [2024-12-14T23:53:05.292+0000] {dag.py:3239} INFO - Sync 1 DAGs
[2024-12-14T23:53:05.312+0000] {logging_mixin.py:190} INFO - [2024-12-14T23:53:05.311+0000] {dag.py:4180} INFO - Setting next_dagrun for example_short_circuit_operator to None, run_after=None
[2024-12-14T23:53:05.339+0000] {processor.py:208} INFO - Processing /root/airflow-venv/lib/python3.12/site-packages/airflow/example_dags/example_short_circuit_operator.py took 0.100 seconds
[2024-12-14T23:54:02.287+0000] {processor.py:186} INFO - Started process (PID=401757) to work on /root/airflow-venv/lib/python3.12/site-packages/airflow/example_dags/example_short_circuit_operator.py
[2024-12-14T23:54:02.289+0000] {processor.py:914} INFO - Processing file /root/airflow-venv/lib/python3.12/site-packages/airflow/example_dags/example_short_circuit_operator.py for tasks to queue
[2024-12-14T23:54:02.292+0000] {logging_mixin.py:190} INFO - [2024-12-14T23:54:02.291+0000] {dagbag.py:588} INFO - Filling up the DagBag from /root/airflow-venv/lib/python3.12/site-packages/airflow/example_dags/example_short_circuit_operator.py
[2024-12-14T23:54:02.303+0000] {processor.py:925} INFO - DAG(s) 'example_short_circuit_operator' retrieved from /root/airflow-venv/lib/python3.12/site-packages/airflow/example_dags/example_short_circuit_operator.py
[2024-12-14T23:54:02.328+0000] {logging_mixin.py:190} INFO - [2024-12-14T23:54:02.327+0000] {dag.py:3239} INFO - Sync 1 DAGs
[2024-12-14T23:54:02.344+0000] {logging_mixin.py:190} INFO - [2024-12-14T23:54:02.343+0000] {dag.py:4180} INFO - Setting next_dagrun for example_short_circuit_operator to None, run_after=None
[2024-12-14T23:54:02.370+0000] {processor.py:208} INFO - Processing /root/airflow-venv/lib/python3.12/site-packages/airflow/example_dags/example_short_circuit_operator.py took 0.091 seconds
[2024-12-14T23:54:55.554+0000] {processor.py:186} INFO - Started process (PID=401813) to work on /root/airflow-venv/lib/python3.12/site-packages/airflow/example_dags/example_short_circuit_operator.py
[2024-12-14T23:54:55.556+0000] {processor.py:914} INFO - Processing file /root/airflow-venv/lib/python3.12/site-packages/airflow/example_dags/example_short_circuit_operator.py for tasks to queue
[2024-12-14T23:54:55.558+0000] {logging_mixin.py:190} INFO - [2024-12-14T23:54:55.558+0000] {dagbag.py:588} INFO - Filling up the DagBag from /root/airflow-venv/lib/python3.12/site-packages/airflow/example_dags/example_short_circuit_operator.py
[2024-12-14T23:54:55.569+0000] {processor.py:925} INFO - DAG(s) 'example_short_circuit_operator' retrieved from /root/airflow-venv/lib/python3.12/site-packages/airflow/example_dags/example_short_circuit_operator.py
[2024-12-14T23:54:55.594+0000] {logging_mixin.py:190} INFO - [2024-12-14T23:54:55.593+0000] {dag.py:3239} INFO - Sync 1 DAGs
[2024-12-14T23:54:55.612+0000] {logging_mixin.py:190} INFO - [2024-12-14T23:54:55.612+0000] {dag.py:4180} INFO - Setting next_dagrun for example_short_circuit_operator to None, run_after=None
[2024-12-14T23:54:55.643+0000] {processor.py:208} INFO - Processing /root/airflow-venv/lib/python3.12/site-packages/airflow/example_dags/example_short_circuit_operator.py took 0.097 seconds
