[2024-12-14T23:52:56.442+0000] {processor.py:186} INFO - Started process (PID=401688) to work on /root/airflow-venv/lib/python3.12/site-packages/airflow/example_dags/example_workday_timetable.py
[2024-12-14T23:52:56.443+0000] {processor.py:914} INFO - Processing file /root/airflow-venv/lib/python3.12/site-packages/airflow/example_dags/example_workday_timetable.py for tasks to queue
[2024-12-14T23:52:56.445+0000] {logging_mixin.py:190} INFO - [2024-12-14T23:52:56.445+0000] {dagbag.py:588} INFO - Filling up the DagBag from /root/airflow-venv/lib/python3.12/site-packages/airflow/example_dags/example_workday_timetable.py
[2024-12-14T23:52:56.453+0000] {processor.py:925} INFO - DAG(s) 'example_workday_timetable' retrieved from /root/airflow-venv/lib/python3.12/site-packages/airflow/example_dags/example_workday_timetable.py
[2024-12-14T23:52:56.473+0000] {logging_mixin.py:190} INFO - [2024-12-14T23:52:56.473+0000] {dag.py:3239} INFO - Sync 1 DAGs
[2024-12-14T23:52:56.494+0000] {logging_mixin.py:190} INFO - [2024-12-14T23:52:56.494+0000] {dag.py:4180} INFO - Setting next_dagrun for example_workday_timetable to 2021-01-01 00:00:00+00:00, run_after=2021-01-02 00:00:00+00:00
[2024-12-14T23:52:56.516+0000] {processor.py:208} INFO - Processing /root/airflow-venv/lib/python3.12/site-packages/airflow/example_dags/example_workday_timetable.py took 0.080 seconds
[2024-12-14T23:53:53.288+0000] {processor.py:186} INFO - Started process (PID=401749) to work on /root/airflow-venv/lib/python3.12/site-packages/airflow/example_dags/example_workday_timetable.py
[2024-12-14T23:53:53.290+0000] {processor.py:914} INFO - Processing file /root/airflow-venv/lib/python3.12/site-packages/airflow/example_dags/example_workday_timetable.py for tasks to queue
[2024-12-14T23:53:53.294+0000] {logging_mixin.py:190} INFO - [2024-12-14T23:53:53.294+0000] {dagbag.py:588} INFO - Filling up the DagBag from /root/airflow-venv/lib/python3.12/site-packages/airflow/example_dags/example_workday_timetable.py
[2024-12-14T23:53:53.303+0000] {processor.py:925} INFO - DAG(s) 'example_workday_timetable' retrieved from /root/airflow-venv/lib/python3.12/site-packages/airflow/example_dags/example_workday_timetable.py
[2024-12-14T23:53:53.328+0000] {logging_mixin.py:190} INFO - [2024-12-14T23:53:53.327+0000] {dag.py:3239} INFO - Sync 1 DAGs
[2024-12-14T23:53:53.358+0000] {logging_mixin.py:190} INFO - [2024-12-14T23:53:53.358+0000] {dag.py:4180} INFO - Setting next_dagrun for example_workday_timetable to 2021-01-01 00:00:00+00:00, run_after=2021-01-02 00:00:00+00:00
[2024-12-14T23:53:53.390+0000] {processor.py:208} INFO - Processing /root/airflow-venv/lib/python3.12/site-packages/airflow/example_dags/example_workday_timetable.py took 0.112 seconds
[2024-12-14T23:54:47.698+0000] {processor.py:186} INFO - Started process (PID=401805) to work on /root/airflow-venv/lib/python3.12/site-packages/airflow/example_dags/example_workday_timetable.py
[2024-12-14T23:54:47.699+0000] {processor.py:914} INFO - Processing file /root/airflow-venv/lib/python3.12/site-packages/airflow/example_dags/example_workday_timetable.py for tasks to queue
[2024-12-14T23:54:47.702+0000] {logging_mixin.py:190} INFO - [2024-12-14T23:54:47.702+0000] {dagbag.py:588} INFO - Filling up the DagBag from /root/airflow-venv/lib/python3.12/site-packages/airflow/example_dags/example_workday_timetable.py
[2024-12-14T23:54:47.713+0000] {processor.py:925} INFO - DAG(s) 'example_workday_timetable' retrieved from /root/airflow-venv/lib/python3.12/site-packages/airflow/example_dags/example_workday_timetable.py
[2024-12-14T23:54:47.732+0000] {logging_mixin.py:190} INFO - [2024-12-14T23:54:47.731+0000] {dag.py:3239} INFO - Sync 1 DAGs
[2024-12-14T23:54:47.754+0000] {logging_mixin.py:190} INFO - [2024-12-14T23:54:47.754+0000] {dag.py:4180} INFO - Setting next_dagrun for example_workday_timetable to 2021-01-01 00:00:00+00:00, run_after=2021-01-02 00:00:00+00:00
[2024-12-14T23:54:47.778+0000] {processor.py:208} INFO - Processing /root/airflow-venv/lib/python3.12/site-packages/airflow/example_dags/example_workday_timetable.py took 0.088 seconds
