[2024-12-14T23:53:27.564+0000] {processor.py:186} INFO - Started process (PID=401719) to work on /root/airflow-venv/lib/python3.12/site-packages/airflow/example_dags/example_dataset_alias.py
[2024-12-14T23:53:27.564+0000] {processor.py:914} INFO - Processing file /root/airflow-venv/lib/python3.12/site-packages/airflow/example_dags/example_dataset_alias.py for tasks to queue
[2024-12-14T23:53:27.568+0000] {logging_mixin.py:190} INFO - [2024-12-14T23:53:27.568+0000] {dagbag.py:588} INFO - Filling up the DagBag from /root/airflow-venv/lib/python3.12/site-packages/airflow/example_dags/example_dataset_alias.py
[2024-12-14T23:53:27.595+0000] {processor.py:925} INFO - DAG(s) 'dataset_s3_bucket_consumer', 'dataset_s3_bucket_producer', 'dataset_alias_example_alias_producer', 'dataset_alias_example_alias_consumer' retrieved from /root/airflow-venv/lib/python3.12/site-packages/airflow/example_dags/example_dataset_alias.py
[2024-12-14T23:53:27.614+0000] {logging_mixin.py:190} INFO - [2024-12-14T23:53:27.614+0000] {dag.py:3239} INFO - Sync 4 DAGs
[2024-12-14T23:53:27.636+0000] {logging_mixin.py:190} INFO - [2024-12-14T23:53:27.635+0000] {dag.py:4180} INFO - Setting next_dagrun for dataset_alias_example_alias_consumer to None, run_after=None
[2024-12-14T23:53:27.638+0000] {logging_mixin.py:190} INFO - [2024-12-14T23:53:27.637+0000] {dag.py:4180} INFO - Setting next_dagrun for dataset_alias_example_alias_producer to None, run_after=None
[2024-12-14T23:53:27.639+0000] {logging_mixin.py:190} INFO - [2024-12-14T23:53:27.639+0000] {dag.py:4180} INFO - Setting next_dagrun for dataset_s3_bucket_consumer to None, run_after=None
[2024-12-14T23:53:27.639+0000] {logging_mixin.py:190} INFO - [2024-12-14T23:53:27.639+0000] {dag.py:4180} INFO - Setting next_dagrun for dataset_s3_bucket_producer to None, run_after=None
[2024-12-14T23:53:27.668+0000] {processor.py:208} INFO - Processing /root/airflow-venv/lib/python3.12/site-packages/airflow/example_dags/example_dataset_alias.py took 0.111 seconds
[2024-12-14T23:54:24.747+0000] {processor.py:186} INFO - Started process (PID=401782) to work on /root/airflow-venv/lib/python3.12/site-packages/airflow/example_dags/example_dataset_alias.py
[2024-12-14T23:54:24.748+0000] {processor.py:914} INFO - Processing file /root/airflow-venv/lib/python3.12/site-packages/airflow/example_dags/example_dataset_alias.py for tasks to queue
[2024-12-14T23:54:24.751+0000] {logging_mixin.py:190} INFO - [2024-12-14T23:54:24.751+0000] {dagbag.py:588} INFO - Filling up the DagBag from /root/airflow-venv/lib/python3.12/site-packages/airflow/example_dags/example_dataset_alias.py
[2024-12-14T23:54:24.781+0000] {processor.py:925} INFO - DAG(s) 'dataset_alias_example_alias_consumer', 'dataset_s3_bucket_consumer', 'dataset_alias_example_alias_producer', 'dataset_s3_bucket_producer' retrieved from /root/airflow-venv/lib/python3.12/site-packages/airflow/example_dags/example_dataset_alias.py
[2024-12-14T23:54:24.803+0000] {logging_mixin.py:190} INFO - [2024-12-14T23:54:24.802+0000] {dag.py:3239} INFO - Sync 4 DAGs
[2024-12-14T23:54:24.823+0000] {logging_mixin.py:190} INFO - [2024-12-14T23:54:24.823+0000] {dag.py:4180} INFO - Setting next_dagrun for dataset_alias_example_alias_consumer to None, run_after=None
[2024-12-14T23:54:24.826+0000] {logging_mixin.py:190} INFO - [2024-12-14T23:54:24.825+0000] {dag.py:4180} INFO - Setting next_dagrun for dataset_alias_example_alias_producer to None, run_after=None
[2024-12-14T23:54:24.826+0000] {logging_mixin.py:190} INFO - [2024-12-14T23:54:24.826+0000] {dag.py:4180} INFO - Setting next_dagrun for dataset_s3_bucket_consumer to None, run_after=None
[2024-12-14T23:54:24.827+0000] {logging_mixin.py:190} INFO - [2024-12-14T23:54:24.827+0000] {dag.py:4180} INFO - Setting next_dagrun for dataset_s3_bucket_producer to None, run_after=None
[2024-12-14T23:54:24.851+0000] {processor.py:208} INFO - Processing /root/airflow-venv/lib/python3.12/site-packages/airflow/example_dags/example_dataset_alias.py took 0.111 seconds
[2024-12-14T23:55:21.649+0000] {processor.py:186} INFO - Started process (PID=401845) to work on /root/airflow-venv/lib/python3.12/site-packages/airflow/example_dags/example_dataset_alias.py
[2024-12-14T23:55:21.650+0000] {processor.py:914} INFO - Processing file /root/airflow-venv/lib/python3.12/site-packages/airflow/example_dags/example_dataset_alias.py for tasks to queue
[2024-12-14T23:55:21.653+0000] {logging_mixin.py:190} INFO - [2024-12-14T23:55:21.652+0000] {dagbag.py:588} INFO - Filling up the DagBag from /root/airflow-venv/lib/python3.12/site-packages/airflow/example_dags/example_dataset_alias.py
[2024-12-14T23:55:21.683+0000] {processor.py:925} INFO - DAG(s) 'dataset_alias_example_alias_consumer', 'dataset_s3_bucket_consumer', 'dataset_alias_example_alias_producer', 'dataset_s3_bucket_producer' retrieved from /root/airflow-venv/lib/python3.12/site-packages/airflow/example_dags/example_dataset_alias.py
[2024-12-14T23:55:21.710+0000] {logging_mixin.py:190} INFO - [2024-12-14T23:55:21.709+0000] {dag.py:3239} INFO - Sync 4 DAGs
[2024-12-14T23:55:21.735+0000] {logging_mixin.py:190} INFO - [2024-12-14T23:55:21.735+0000] {dag.py:4180} INFO - Setting next_dagrun for dataset_alias_example_alias_consumer to None, run_after=None
[2024-12-14T23:55:21.738+0000] {logging_mixin.py:190} INFO - [2024-12-14T23:55:21.738+0000] {dag.py:4180} INFO - Setting next_dagrun for dataset_alias_example_alias_producer to None, run_after=None
[2024-12-14T23:55:21.739+0000] {logging_mixin.py:190} INFO - [2024-12-14T23:55:21.739+0000] {dag.py:4180} INFO - Setting next_dagrun for dataset_s3_bucket_consumer to None, run_after=None
[2024-12-14T23:55:21.740+0000] {logging_mixin.py:190} INFO - [2024-12-14T23:55:21.739+0000] {dag.py:4180} INFO - Setting next_dagrun for dataset_s3_bucket_producer to None, run_after=None
[2024-12-14T23:55:21.763+0000] {processor.py:208} INFO - Processing /root/airflow-venv/lib/python3.12/site-packages/airflow/example_dags/example_dataset_alias.py took 0.122 seconds
