[2025-01-30T04:35:55.855+0000] {processor.py:186} INFO - Started process (PID=1129549) to work on /root/airflow-venv/lib/python3.12/site-packages/airflow/example_dags/example_local_kubernetes_executor.py
[2025-01-30T04:35:55.856+0000] {processor.py:914} INFO - Processing file /root/airflow-venv/lib/python3.12/site-packages/airflow/example_dags/example_local_kubernetes_executor.py for tasks to queue
[2025-01-30T04:35:55.859+0000] {logging_mixin.py:190} INFO - [2025-01-30T04:35:55.859+0000] {dagbag.py:588} INFO - Filling up the DagBag from /root/airflow-venv/lib/python3.12/site-packages/airflow/example_dags/example_local_kubernetes_executor.py
[2025-01-30T04:35:55.875+0000] {processor.py:925} INFO - DAG(s) 'example_local_kubernetes_executor' retrieved from /root/airflow-venv/lib/python3.12/site-packages/airflow/example_dags/example_local_kubernetes_executor.py
[2025-01-30T04:35:55.899+0000] {logging_mixin.py:190} INFO - [2025-01-30T04:35:55.899+0000] {dag.py:3239} INFO - Sync 1 DAGs
[2025-01-30T04:35:55.917+0000] {logging_mixin.py:190} INFO - [2025-01-30T04:35:55.917+0000] {dag.py:4180} INFO - Setting next_dagrun for example_local_kubernetes_executor to None, run_after=None
[2025-01-30T04:35:55.947+0000] {processor.py:208} INFO - Processing /root/airflow-venv/lib/python3.12/site-packages/airflow/example_dags/example_local_kubernetes_executor.py took 0.100 seconds
[2025-01-30T04:37:30.363+0000] {processor.py:186} INFO - Started process (PID=1129636) to work on /root/airflow-venv/lib/python3.12/site-packages/airflow/example_dags/example_local_kubernetes_executor.py
[2025-01-30T04:37:30.365+0000] {processor.py:914} INFO - Processing file /root/airflow-venv/lib/python3.12/site-packages/airflow/example_dags/example_local_kubernetes_executor.py for tasks to queue
[2025-01-30T04:37:30.369+0000] {logging_mixin.py:190} INFO - [2025-01-30T04:37:30.369+0000] {dagbag.py:588} INFO - Filling up the DagBag from /root/airflow-venv/lib/python3.12/site-packages/airflow/example_dags/example_local_kubernetes_executor.py
[2025-01-30T04:37:30.385+0000] {processor.py:925} INFO - DAG(s) 'example_local_kubernetes_executor' retrieved from /root/airflow-venv/lib/python3.12/site-packages/airflow/example_dags/example_local_kubernetes_executor.py
[2025-01-30T04:37:30.413+0000] {logging_mixin.py:190} INFO - [2025-01-30T04:37:30.412+0000] {dag.py:3239} INFO - Sync 1 DAGs
[2025-01-30T04:37:30.431+0000] {logging_mixin.py:190} INFO - [2025-01-30T04:37:30.431+0000] {dag.py:4180} INFO - Setting next_dagrun for example_local_kubernetes_executor to None, run_after=None
[2025-01-30T04:37:30.469+0000] {processor.py:208} INFO - Processing /root/airflow-venv/lib/python3.12/site-packages/airflow/example_dags/example_local_kubernetes_executor.py took 0.115 seconds
[2025-01-30T04:40:55.266+0000] {processor.py:186} INFO - Started process (PID=1129733) to work on /root/airflow-venv/lib/python3.12/site-packages/airflow/example_dags/example_local_kubernetes_executor.py
[2025-01-30T04:40:55.268+0000] {processor.py:914} INFO - Processing file /root/airflow-venv/lib/python3.12/site-packages/airflow/example_dags/example_local_kubernetes_executor.py for tasks to queue
[2025-01-30T04:40:55.272+0000] {logging_mixin.py:190} INFO - [2025-01-30T04:40:55.271+0000] {dagbag.py:588} INFO - Filling up the DagBag from /root/airflow-venv/lib/python3.12/site-packages/airflow/example_dags/example_local_kubernetes_executor.py
[2025-01-30T04:40:55.288+0000] {processor.py:925} INFO - DAG(s) 'example_local_kubernetes_executor' retrieved from /root/airflow-venv/lib/python3.12/site-packages/airflow/example_dags/example_local_kubernetes_executor.py
[2025-01-30T04:40:55.318+0000] {logging_mixin.py:190} INFO - [2025-01-30T04:40:55.318+0000] {dag.py:3239} INFO - Sync 1 DAGs
[2025-01-30T04:40:55.336+0000] {logging_mixin.py:190} INFO - [2025-01-30T04:40:55.336+0000] {dag.py:4180} INFO - Setting next_dagrun for example_local_kubernetes_executor to None, run_after=None
[2025-01-30T04:40:55.365+0000] {processor.py:208} INFO - Processing /root/airflow-venv/lib/python3.12/site-packages/airflow/example_dags/example_local_kubernetes_executor.py took 0.108 seconds
