[2025-01-30T04:35:54.583+0000] {processor.py:186} INFO - Started process (PID=1129548) to work on /root/airflow-venv/lib/python3.12/site-packages/airflow/example_dags/example_params_trigger_ui.py
[2025-01-30T04:35:54.584+0000] {processor.py:914} INFO - Processing file /root/airflow-venv/lib/python3.12/site-packages/airflow/example_dags/example_params_trigger_ui.py for tasks to queue
[2025-01-30T04:35:54.587+0000] {logging_mixin.py:190} INFO - [2025-01-30T04:35:54.586+0000] {dagbag.py:588} INFO - Filling up the DagBag from /root/airflow-venv/lib/python3.12/site-packages/airflow/example_dags/example_params_trigger_ui.py
[2025-01-30T04:35:54.604+0000] {processor.py:925} INFO - DAG(s) 'example_params_trigger_ui' retrieved from /root/airflow-venv/lib/python3.12/site-packages/airflow/example_dags/example_params_trigger_ui.py
[2025-01-30T04:35:54.663+0000] {logging_mixin.py:190} INFO - [2025-01-30T04:35:54.662+0000] {dag.py:3239} INFO - Sync 1 DAGs
[2025-01-30T04:35:54.682+0000] {logging_mixin.py:190} INFO - [2025-01-30T04:35:54.681+0000] {dag.py:4180} INFO - Setting next_dagrun for example_params_trigger_ui to None, run_after=None
[2025-01-30T04:35:54.722+0000] {processor.py:208} INFO - Processing /root/airflow-venv/lib/python3.12/site-packages/airflow/example_dags/example_params_trigger_ui.py took 0.148 seconds
[2025-01-30T04:37:29.093+0000] {processor.py:186} INFO - Started process (PID=1129635) to work on /root/airflow-venv/lib/python3.12/site-packages/airflow/example_dags/example_params_trigger_ui.py
[2025-01-30T04:37:29.095+0000] {processor.py:914} INFO - Processing file /root/airflow-venv/lib/python3.12/site-packages/airflow/example_dags/example_params_trigger_ui.py for tasks to queue
[2025-01-30T04:37:29.098+0000] {logging_mixin.py:190} INFO - [2025-01-30T04:37:29.097+0000] {dagbag.py:588} INFO - Filling up the DagBag from /root/airflow-venv/lib/python3.12/site-packages/airflow/example_dags/example_params_trigger_ui.py
[2025-01-30T04:37:29.113+0000] {processor.py:925} INFO - DAG(s) 'example_params_trigger_ui' retrieved from /root/airflow-venv/lib/python3.12/site-packages/airflow/example_dags/example_params_trigger_ui.py
[2025-01-30T04:37:29.173+0000] {logging_mixin.py:190} INFO - [2025-01-30T04:37:29.172+0000] {dag.py:3239} INFO - Sync 1 DAGs
[2025-01-30T04:37:29.197+0000] {logging_mixin.py:190} INFO - [2025-01-30T04:37:29.197+0000] {dag.py:4180} INFO - Setting next_dagrun for example_params_trigger_ui to None, run_after=None
[2025-01-30T04:37:29.236+0000] {processor.py:208} INFO - Processing /root/airflow-venv/lib/python3.12/site-packages/airflow/example_dags/example_params_trigger_ui.py took 0.152 seconds
[2025-01-30T04:40:54.009+0000] {processor.py:186} INFO - Started process (PID=1129732) to work on /root/airflow-venv/lib/python3.12/site-packages/airflow/example_dags/example_params_trigger_ui.py
[2025-01-30T04:40:54.011+0000] {processor.py:914} INFO - Processing file /root/airflow-venv/lib/python3.12/site-packages/airflow/example_dags/example_params_trigger_ui.py for tasks to queue
[2025-01-30T04:40:54.014+0000] {logging_mixin.py:190} INFO - [2025-01-30T04:40:54.014+0000] {dagbag.py:588} INFO - Filling up the DagBag from /root/airflow-venv/lib/python3.12/site-packages/airflow/example_dags/example_params_trigger_ui.py
[2025-01-30T04:40:54.029+0000] {processor.py:925} INFO - DAG(s) 'example_params_trigger_ui' retrieved from /root/airflow-venv/lib/python3.12/site-packages/airflow/example_dags/example_params_trigger_ui.py
[2025-01-30T04:40:54.079+0000] {logging_mixin.py:190} INFO - [2025-01-30T04:40:54.078+0000] {dag.py:3239} INFO - Sync 1 DAGs
[2025-01-30T04:40:54.094+0000] {logging_mixin.py:190} INFO - [2025-01-30T04:40:54.094+0000] {dag.py:4180} INFO - Setting next_dagrun for example_params_trigger_ui to None, run_after=None
[2025-01-30T04:40:54.131+0000] {processor.py:208} INFO - Processing /root/airflow-venv/lib/python3.12/site-packages/airflow/example_dags/example_params_trigger_ui.py took 0.131 seconds
