[2025-01-30T04:35:32.619+0000] {processor.py:186} INFO - Started process (PID=1129527) to work on /root/airflow-venv/lib/python3.12/site-packages/airflow/example_dags/example_workday_timetable.py
[2025-01-30T04:35:32.621+0000] {processor.py:914} INFO - Processing file /root/airflow-venv/lib/python3.12/site-packages/airflow/example_dags/example_workday_timetable.py for tasks to queue
[2025-01-30T04:35:32.624+0000] {logging_mixin.py:190} INFO - [2025-01-30T04:35:32.624+0000] {dagbag.py:588} INFO - Filling up the DagBag from /root/airflow-venv/lib/python3.12/site-packages/airflow/example_dags/example_workday_timetable.py
[2025-01-30T04:35:32.634+0000] {processor.py:925} INFO - DAG(s) 'example_workday_timetable' retrieved from /root/airflow-venv/lib/python3.12/site-packages/airflow/example_dags/example_workday_timetable.py
[2025-01-30T04:35:32.662+0000] {logging_mixin.py:190} INFO - [2025-01-30T04:35:32.662+0000] {dag.py:3239} INFO - Sync 1 DAGs
[2025-01-30T04:35:32.690+0000] {logging_mixin.py:190} INFO - [2025-01-30T04:35:32.690+0000] {dag.py:4180} INFO - Setting next_dagrun for example_workday_timetable to 2021-01-01 00:00:00+00:00, run_after=2021-01-02 00:00:00+00:00
[2025-01-30T04:35:32.725+0000] {processor.py:208} INFO - Processing /root/airflow-venv/lib/python3.12/site-packages/airflow/example_dags/example_workday_timetable.py took 0.115 seconds
[2025-01-30T04:37:07.029+0000] {processor.py:186} INFO - Started process (PID=1129614) to work on /root/airflow-venv/lib/python3.12/site-packages/airflow/example_dags/example_workday_timetable.py
[2025-01-30T04:37:07.031+0000] {processor.py:914} INFO - Processing file /root/airflow-venv/lib/python3.12/site-packages/airflow/example_dags/example_workday_timetable.py for tasks to queue
[2025-01-30T04:37:07.035+0000] {logging_mixin.py:190} INFO - [2025-01-30T04:37:07.035+0000] {dagbag.py:588} INFO - Filling up the DagBag from /root/airflow-venv/lib/python3.12/site-packages/airflow/example_dags/example_workday_timetable.py
[2025-01-30T04:37:07.044+0000] {processor.py:925} INFO - DAG(s) 'example_workday_timetable' retrieved from /root/airflow-venv/lib/python3.12/site-packages/airflow/example_dags/example_workday_timetable.py
[2025-01-30T04:37:07.072+0000] {logging_mixin.py:190} INFO - [2025-01-30T04:37:07.071+0000] {dag.py:3239} INFO - Sync 1 DAGs
[2025-01-30T04:37:07.099+0000] {logging_mixin.py:190} INFO - [2025-01-30T04:37:07.098+0000] {dag.py:4180} INFO - Setting next_dagrun for example_workday_timetable to 2021-01-01 00:00:00+00:00, run_after=2021-01-02 00:00:00+00:00
[2025-01-30T04:37:07.123+0000] {processor.py:208} INFO - Processing /root/airflow-venv/lib/python3.12/site-packages/airflow/example_dags/example_workday_timetable.py took 0.102 seconds
[2025-01-30T04:40:34.358+0000] {processor.py:186} INFO - Started process (PID=1129713) to work on /root/airflow-venv/lib/python3.12/site-packages/airflow/example_dags/example_workday_timetable.py
[2025-01-30T04:40:34.360+0000] {processor.py:914} INFO - Processing file /root/airflow-venv/lib/python3.12/site-packages/airflow/example_dags/example_workday_timetable.py for tasks to queue
[2025-01-30T04:40:34.363+0000] {logging_mixin.py:190} INFO - [2025-01-30T04:40:34.362+0000] {dagbag.py:588} INFO - Filling up the DagBag from /root/airflow-venv/lib/python3.12/site-packages/airflow/example_dags/example_workday_timetable.py
[2025-01-30T04:40:34.370+0000] {processor.py:925} INFO - DAG(s) 'example_workday_timetable' retrieved from /root/airflow-venv/lib/python3.12/site-packages/airflow/example_dags/example_workday_timetable.py
[2025-01-30T04:40:34.397+0000] {logging_mixin.py:190} INFO - [2025-01-30T04:40:34.397+0000] {dag.py:3239} INFO - Sync 1 DAGs
[2025-01-30T04:40:34.423+0000] {logging_mixin.py:190} INFO - [2025-01-30T04:40:34.423+0000] {dag.py:4180} INFO - Setting next_dagrun for example_workday_timetable to 2021-01-01 00:00:00+00:00, run_after=2021-01-02 00:00:00+00:00
[2025-01-30T04:40:34.447+0000] {processor.py:208} INFO - Processing /root/airflow-venv/lib/python3.12/site-packages/airflow/example_dags/example_workday_timetable.py took 0.096 seconds
