[2025-01-30T04:35:35.202+0000] {processor.py:186} INFO - Started process (PID=1129529) to work on /root/airflow-venv/lib/python3.12/site-packages/airflow/example_dags/example_task_group_decorator.py
[2025-01-30T04:35:35.204+0000] {processor.py:914} INFO - Processing file /root/airflow-venv/lib/python3.12/site-packages/airflow/example_dags/example_task_group_decorator.py for tasks to queue
[2025-01-30T04:35:35.208+0000] {logging_mixin.py:190} INFO - [2025-01-30T04:35:35.207+0000] {dagbag.py:588} INFO - Filling up the DagBag from /root/airflow-venv/lib/python3.12/site-packages/airflow/example_dags/example_task_group_decorator.py
[2025-01-30T04:35:35.246+0000] {processor.py:925} INFO - DAG(s) 'example_task_group_decorator' retrieved from /root/airflow-venv/lib/python3.12/site-packages/airflow/example_dags/example_task_group_decorator.py
[2025-01-30T04:35:35.288+0000] {logging_mixin.py:190} INFO - [2025-01-30T04:35:35.287+0000] {dag.py:3239} INFO - Sync 1 DAGs
[2025-01-30T04:35:35.308+0000] {logging_mixin.py:190} INFO - [2025-01-30T04:35:35.308+0000] {dag.py:4180} INFO - Setting next_dagrun for example_task_group_decorator to None, run_after=None
[2025-01-30T04:35:35.341+0000] {processor.py:208} INFO - Processing /root/airflow-venv/lib/python3.12/site-packages/airflow/example_dags/example_task_group_decorator.py took 0.153 seconds
[2025-01-30T04:37:09.600+0000] {processor.py:186} INFO - Started process (PID=1129618) to work on /root/airflow-venv/lib/python3.12/site-packages/airflow/example_dags/example_task_group_decorator.py
[2025-01-30T04:37:09.602+0000] {processor.py:914} INFO - Processing file /root/airflow-venv/lib/python3.12/site-packages/airflow/example_dags/example_task_group_decorator.py for tasks to queue
[2025-01-30T04:37:09.607+0000] {logging_mixin.py:190} INFO - [2025-01-30T04:37:09.606+0000] {dagbag.py:588} INFO - Filling up the DagBag from /root/airflow-venv/lib/python3.12/site-packages/airflow/example_dags/example_task_group_decorator.py
[2025-01-30T04:37:09.638+0000] {processor.py:925} INFO - DAG(s) 'example_task_group_decorator' retrieved from /root/airflow-venv/lib/python3.12/site-packages/airflow/example_dags/example_task_group_decorator.py
[2025-01-30T04:37:09.677+0000] {logging_mixin.py:190} INFO - [2025-01-30T04:37:09.676+0000] {dag.py:3239} INFO - Sync 1 DAGs
[2025-01-30T04:37:09.698+0000] {logging_mixin.py:190} INFO - [2025-01-30T04:37:09.698+0000] {dag.py:4180} INFO - Setting next_dagrun for example_task_group_decorator to None, run_after=None
[2025-01-30T04:37:09.743+0000] {processor.py:208} INFO - Processing /root/airflow-venv/lib/python3.12/site-packages/airflow/example_dags/example_task_group_decorator.py took 0.153 seconds
[2025-01-30T04:40:36.821+0000] {processor.py:186} INFO - Started process (PID=1129715) to work on /root/airflow-venv/lib/python3.12/site-packages/airflow/example_dags/example_task_group_decorator.py
[2025-01-30T04:40:36.823+0000] {processor.py:914} INFO - Processing file /root/airflow-venv/lib/python3.12/site-packages/airflow/example_dags/example_task_group_decorator.py for tasks to queue
[2025-01-30T04:40:36.827+0000] {logging_mixin.py:190} INFO - [2025-01-30T04:40:36.827+0000] {dagbag.py:588} INFO - Filling up the DagBag from /root/airflow-venv/lib/python3.12/site-packages/airflow/example_dags/example_task_group_decorator.py
[2025-01-30T04:40:36.856+0000] {processor.py:925} INFO - DAG(s) 'example_task_group_decorator' retrieved from /root/airflow-venv/lib/python3.12/site-packages/airflow/example_dags/example_task_group_decorator.py
[2025-01-30T04:40:36.896+0000] {logging_mixin.py:190} INFO - [2025-01-30T04:40:36.895+0000] {dag.py:3239} INFO - Sync 1 DAGs
[2025-01-30T04:40:36.911+0000] {logging_mixin.py:190} INFO - [2025-01-30T04:40:36.910+0000] {dag.py:4180} INFO - Setting next_dagrun for example_task_group_decorator to None, run_after=None
[2025-01-30T04:40:36.944+0000] {processor.py:208} INFO - Processing /root/airflow-venv/lib/python3.12/site-packages/airflow/example_dags/example_task_group_decorator.py took 0.131 seconds
