[2025-01-30T04:35:59.856+0000] {processor.py:186} INFO - Started process (PID=1129555) to work on /root/airflow-venv/lib/python3.12/site-packages/airflow/example_dags/example_latest_only_with_trigger.py
[2025-01-30T04:35:59.858+0000] {processor.py:914} INFO - Processing file /root/airflow-venv/lib/python3.12/site-packages/airflow/example_dags/example_latest_only_with_trigger.py for tasks to queue
[2025-01-30T04:35:59.861+0000] {logging_mixin.py:190} INFO - [2025-01-30T04:35:59.860+0000] {dagbag.py:588} INFO - Filling up the DagBag from /root/airflow-venv/lib/python3.12/site-packages/airflow/example_dags/example_latest_only_with_trigger.py
[2025-01-30T04:35:59.873+0000] {processor.py:925} INFO - DAG(s) 'latest_only_with_trigger' retrieved from /root/airflow-venv/lib/python3.12/site-packages/airflow/example_dags/example_latest_only_with_trigger.py
[2025-01-30T04:35:59.897+0000] {logging_mixin.py:190} INFO - [2025-01-30T04:35:59.897+0000] {dag.py:3239} INFO - Sync 1 DAGs
[2025-01-30T04:35:59.922+0000] {logging_mixin.py:190} INFO - [2025-01-30T04:35:59.922+0000] {dag.py:4180} INFO - Setting next_dagrun for latest_only_with_trigger to 2025-01-30 00:00:00+00:00, run_after=2025-01-30 04:00:00+00:00
[2025-01-30T04:35:59.954+0000] {processor.py:208} INFO - Processing /root/airflow-venv/lib/python3.12/site-packages/airflow/example_dags/example_latest_only_with_trigger.py took 0.107 seconds
[2025-01-30T04:37:34.376+0000] {processor.py:186} INFO - Started process (PID=1129640) to work on /root/airflow-venv/lib/python3.12/site-packages/airflow/example_dags/example_latest_only_with_trigger.py
[2025-01-30T04:37:34.379+0000] {processor.py:914} INFO - Processing file /root/airflow-venv/lib/python3.12/site-packages/airflow/example_dags/example_latest_only_with_trigger.py for tasks to queue
[2025-01-30T04:37:34.383+0000] {logging_mixin.py:190} INFO - [2025-01-30T04:37:34.383+0000] {dagbag.py:588} INFO - Filling up the DagBag from /root/airflow-venv/lib/python3.12/site-packages/airflow/example_dags/example_latest_only_with_trigger.py
[2025-01-30T04:37:34.399+0000] {processor.py:925} INFO - DAG(s) 'latest_only_with_trigger' retrieved from /root/airflow-venv/lib/python3.12/site-packages/airflow/example_dags/example_latest_only_with_trigger.py
[2025-01-30T04:37:34.432+0000] {logging_mixin.py:190} INFO - [2025-01-30T04:37:34.432+0000] {dag.py:3239} INFO - Sync 1 DAGs
[2025-01-30T04:37:34.474+0000] {logging_mixin.py:190} INFO - [2025-01-30T04:37:34.473+0000] {dag.py:4180} INFO - Setting next_dagrun for latest_only_with_trigger to 2025-01-30 00:00:00+00:00, run_after=2025-01-30 04:00:00+00:00
[2025-01-30T04:37:34.527+0000] {processor.py:208} INFO - Processing /root/airflow-venv/lib/python3.12/site-packages/airflow/example_dags/example_latest_only_with_trigger.py took 0.161 seconds
[2025-01-30T04:40:59.307+0000] {processor.py:186} INFO - Started process (PID=1129737) to work on /root/airflow-venv/lib/python3.12/site-packages/airflow/example_dags/example_latest_only_with_trigger.py
[2025-01-30T04:40:59.309+0000] {processor.py:914} INFO - Processing file /root/airflow-venv/lib/python3.12/site-packages/airflow/example_dags/example_latest_only_with_trigger.py for tasks to queue
[2025-01-30T04:40:59.313+0000] {logging_mixin.py:190} INFO - [2025-01-30T04:40:59.312+0000] {dagbag.py:588} INFO - Filling up the DagBag from /root/airflow-venv/lib/python3.12/site-packages/airflow/example_dags/example_latest_only_with_trigger.py
[2025-01-30T04:40:59.327+0000] {processor.py:925} INFO - DAG(s) 'latest_only_with_trigger' retrieved from /root/airflow-venv/lib/python3.12/site-packages/airflow/example_dags/example_latest_only_with_trigger.py
[2025-01-30T04:40:59.357+0000] {logging_mixin.py:190} INFO - [2025-01-30T04:40:59.356+0000] {dag.py:3239} INFO - Sync 1 DAGs
[2025-01-30T04:40:59.392+0000] {logging_mixin.py:190} INFO - [2025-01-30T04:40:59.392+0000] {dag.py:4180} INFO - Setting next_dagrun for latest_only_with_trigger to 2025-01-30 00:00:00+00:00, run_after=2025-01-30 04:00:00+00:00
[2025-01-30T04:40:59.424+0000] {processor.py:208} INFO - Processing /root/airflow-venv/lib/python3.12/site-packages/airflow/example_dags/example_latest_only_with_trigger.py took 0.128 seconds
