[2025-01-30T04:35:24.965+0000] {processor.py:186} INFO - Started process (PID=1129519) to work on /root/airflow-venv/lib/python3.12/site-packages/airflow/example_dags/example_xcom.py
[2025-01-30T04:35:24.967+0000] {processor.py:914} INFO - Processing file /root/airflow-venv/lib/python3.12/site-packages/airflow/example_dags/example_xcom.py for tasks to queue
[2025-01-30T04:35:24.973+0000] {logging_mixin.py:190} INFO - [2025-01-30T04:35:24.972+0000] {dagbag.py:588} INFO - Filling up the DagBag from /root/airflow-venv/lib/python3.12/site-packages/airflow/example_dags/example_xcom.py
[2025-01-30T04:35:24.992+0000] {processor.py:925} INFO - DAG(s) 'example_xcom' retrieved from /root/airflow-venv/lib/python3.12/site-packages/airflow/example_dags/example_xcom.py
[2025-01-30T04:35:25.045+0000] {logging_mixin.py:190} INFO - [2025-01-30T04:35:25.044+0000] {dag.py:3239} INFO - Sync 1 DAGs
[2025-01-30T04:35:25.081+0000] {logging_mixin.py:190} INFO - [2025-01-30T04:35:25.081+0000] {dag.py:4180} INFO - Setting next_dagrun for example_xcom to 2021-01-01 00:00:00+00:00, run_after=2021-01-01 00:00:00+00:00
[2025-01-30T04:35:25.118+0000] {processor.py:208} INFO - Processing /root/airflow-venv/lib/python3.12/site-packages/airflow/example_dags/example_xcom.py took 0.164 seconds
[2025-01-30T04:36:59.495+0000] {processor.py:186} INFO - Started process (PID=1129608) to work on /root/airflow-venv/lib/python3.12/site-packages/airflow/example_dags/example_xcom.py
[2025-01-30T04:36:59.497+0000] {processor.py:914} INFO - Processing file /root/airflow-venv/lib/python3.12/site-packages/airflow/example_dags/example_xcom.py for tasks to queue
[2025-01-30T04:36:59.500+0000] {logging_mixin.py:190} INFO - [2025-01-30T04:36:59.500+0000] {dagbag.py:588} INFO - Filling up the DagBag from /root/airflow-venv/lib/python3.12/site-packages/airflow/example_dags/example_xcom.py
[2025-01-30T04:36:59.520+0000] {processor.py:925} INFO - DAG(s) 'example_xcom' retrieved from /root/airflow-venv/lib/python3.12/site-packages/airflow/example_dags/example_xcom.py
[2025-01-30T04:36:59.559+0000] {logging_mixin.py:190} INFO - [2025-01-30T04:36:59.559+0000] {dag.py:3239} INFO - Sync 1 DAGs
[2025-01-30T04:36:59.587+0000] {logging_mixin.py:190} INFO - [2025-01-30T04:36:59.586+0000] {dag.py:4180} INFO - Setting next_dagrun for example_xcom to 2021-01-01 00:00:00+00:00, run_after=2021-01-01 00:00:00+00:00
[2025-01-30T04:36:59.617+0000] {processor.py:208} INFO - Processing /root/airflow-venv/lib/python3.12/site-packages/airflow/example_dags/example_xcom.py took 0.129 seconds
[2025-01-30T04:40:27.823+0000] {processor.py:186} INFO - Started process (PID=1129707) to work on /root/airflow-venv/lib/python3.12/site-packages/airflow/example_dags/example_xcom.py
[2025-01-30T04:40:27.824+0000] {processor.py:914} INFO - Processing file /root/airflow-venv/lib/python3.12/site-packages/airflow/example_dags/example_xcom.py for tasks to queue
[2025-01-30T04:40:27.828+0000] {logging_mixin.py:190} INFO - [2025-01-30T04:40:27.827+0000] {dagbag.py:588} INFO - Filling up the DagBag from /root/airflow-venv/lib/python3.12/site-packages/airflow/example_dags/example_xcom.py
[2025-01-30T04:40:27.842+0000] {processor.py:925} INFO - DAG(s) 'example_xcom' retrieved from /root/airflow-venv/lib/python3.12/site-packages/airflow/example_dags/example_xcom.py
[2025-01-30T04:40:27.882+0000] {logging_mixin.py:190} INFO - [2025-01-30T04:40:27.882+0000] {dag.py:3239} INFO - Sync 1 DAGs
[2025-01-30T04:40:27.905+0000] {logging_mixin.py:190} INFO - [2025-01-30T04:40:27.904+0000] {dag.py:4180} INFO - Setting next_dagrun for example_xcom to 2021-01-01 00:00:00+00:00, run_after=2021-01-01 00:00:00+00:00
[2025-01-30T04:40:27.929+0000] {processor.py:208} INFO - Processing /root/airflow-venv/lib/python3.12/site-packages/airflow/example_dags/example_xcom.py took 0.113 seconds
[2025-01-30T04:41:29.573+0000] {processor.py:186} INFO - Started process (PID=1129767) to work on /root/airflow-venv/lib/python3.12/site-packages/airflow/example_dags/example_xcom.py
[2025-01-30T04:41:29.575+0000] {processor.py:914} INFO - Processing file /root/airflow-venv/lib/python3.12/site-packages/airflow/example_dags/example_xcom.py for tasks to queue
[2025-01-30T04:41:29.578+0000] {logging_mixin.py:190} INFO - [2025-01-30T04:41:29.578+0000] {dagbag.py:588} INFO - Filling up the DagBag from /root/airflow-venv/lib/python3.12/site-packages/airflow/example_dags/example_xcom.py
[2025-01-30T04:41:29.593+0000] {processor.py:925} INFO - DAG(s) 'example_xcom' retrieved from /root/airflow-venv/lib/python3.12/site-packages/airflow/example_dags/example_xcom.py
[2025-01-30T04:41:29.620+0000] {logging_mixin.py:190} INFO - [2025-01-30T04:41:29.620+0000] {dag.py:3239} INFO - Sync 1 DAGs
[2025-01-30T04:41:29.652+0000] {logging_mixin.py:190} INFO - [2025-01-30T04:41:29.652+0000] {dag.py:4180} INFO - Setting next_dagrun for example_xcom to 2021-01-01 00:00:00+00:00, run_after=2021-01-01 00:00:00+00:00
[2025-01-30T04:41:29.694+0000] {processor.py:208} INFO - Processing /root/airflow-venv/lib/python3.12/site-packages/airflow/example_dags/example_xcom.py took 0.130 seconds
