[2025-01-30T04:35:44.032+0000] {processor.py:186} INFO - Started process (PID=1129536) to work on /root/airflow-venv/lib/python3.12/site-packages/airflow/example_dags/example_sensor_decorator.py
[2025-01-30T04:35:44.034+0000] {processor.py:914} INFO - Processing file /root/airflow-venv/lib/python3.12/site-packages/airflow/example_dags/example_sensor_decorator.py for tasks to queue
[2025-01-30T04:35:44.037+0000] {logging_mixin.py:190} INFO - [2025-01-30T04:35:44.036+0000] {dagbag.py:588} INFO - Filling up the DagBag from /root/airflow-venv/lib/python3.12/site-packages/airflow/example_dags/example_sensor_decorator.py
[2025-01-30T04:35:44.052+0000] {processor.py:925} INFO - DAG(s) 'example_sensor_decorator' retrieved from /root/airflow-venv/lib/python3.12/site-packages/airflow/example_dags/example_sensor_decorator.py
[2025-01-30T04:35:44.156+0000] {logging_mixin.py:190} INFO - [2025-01-30T04:35:44.156+0000] {dag.py:3239} INFO - Sync 1 DAGs
[2025-01-30T04:35:44.173+0000] {logging_mixin.py:190} INFO - [2025-01-30T04:35:44.172+0000] {dag.py:4180} INFO - Setting next_dagrun for example_sensor_decorator to None, run_after=None
[2025-01-30T04:35:44.201+0000] {processor.py:208} INFO - Processing /root/airflow-venv/lib/python3.12/site-packages/airflow/example_dags/example_sensor_decorator.py took 0.176 seconds
[2025-01-30T04:37:18.503+0000] {processor.py:186} INFO - Started process (PID=1129625) to work on /root/airflow-venv/lib/python3.12/site-packages/airflow/example_dags/example_sensor_decorator.py
[2025-01-30T04:37:18.505+0000] {processor.py:914} INFO - Processing file /root/airflow-venv/lib/python3.12/site-packages/airflow/example_dags/example_sensor_decorator.py for tasks to queue
[2025-01-30T04:37:18.509+0000] {logging_mixin.py:190} INFO - [2025-01-30T04:37:18.509+0000] {dagbag.py:588} INFO - Filling up the DagBag from /root/airflow-venv/lib/python3.12/site-packages/airflow/example_dags/example_sensor_decorator.py
[2025-01-30T04:37:18.526+0000] {processor.py:925} INFO - DAG(s) 'example_sensor_decorator' retrieved from /root/airflow-venv/lib/python3.12/site-packages/airflow/example_dags/example_sensor_decorator.py
[2025-01-30T04:37:18.553+0000] {logging_mixin.py:190} INFO - [2025-01-30T04:37:18.553+0000] {dag.py:3239} INFO - Sync 1 DAGs
[2025-01-30T04:37:18.572+0000] {logging_mixin.py:190} INFO - [2025-01-30T04:37:18.571+0000] {dag.py:4180} INFO - Setting next_dagrun for example_sensor_decorator to None, run_after=None
[2025-01-30T04:37:18.605+0000] {processor.py:208} INFO - Processing /root/airflow-venv/lib/python3.12/site-packages/airflow/example_dags/example_sensor_decorator.py took 0.114 seconds
[2025-01-30T04:40:44.746+0000] {processor.py:186} INFO - Started process (PID=1129722) to work on /root/airflow-venv/lib/python3.12/site-packages/airflow/example_dags/example_sensor_decorator.py
[2025-01-30T04:40:44.749+0000] {processor.py:914} INFO - Processing file /root/airflow-venv/lib/python3.12/site-packages/airflow/example_dags/example_sensor_decorator.py for tasks to queue
[2025-01-30T04:40:44.754+0000] {logging_mixin.py:190} INFO - [2025-01-30T04:40:44.753+0000] {dagbag.py:588} INFO - Filling up the DagBag from /root/airflow-venv/lib/python3.12/site-packages/airflow/example_dags/example_sensor_decorator.py
[2025-01-30T04:40:44.773+0000] {processor.py:925} INFO - DAG(s) 'example_sensor_decorator' retrieved from /root/airflow-venv/lib/python3.12/site-packages/airflow/example_dags/example_sensor_decorator.py
[2025-01-30T04:40:44.806+0000] {logging_mixin.py:190} INFO - [2025-01-30T04:40:44.806+0000] {dag.py:3239} INFO - Sync 1 DAGs
[2025-01-30T04:40:44.828+0000] {logging_mixin.py:190} INFO - [2025-01-30T04:40:44.828+0000] {dag.py:4180} INFO - Setting next_dagrun for example_sensor_decorator to None, run_after=None
[2025-01-30T04:40:44.867+0000] {processor.py:208} INFO - Processing /root/airflow-venv/lib/python3.12/site-packages/airflow/example_dags/example_sensor_decorator.py took 0.132 seconds
