[2025-01-30T04:35:42.786+0000] {processor.py:186} INFO - Started process (PID=1129535) to work on /root/airflow-venv/lib/python3.12/site-packages/airflow/example_dags/example_short_circuit_operator.py
[2025-01-30T04:35:42.788+0000] {processor.py:914} INFO - Processing file /root/airflow-venv/lib/python3.12/site-packages/airflow/example_dags/example_short_circuit_operator.py for tasks to queue
[2025-01-30T04:35:42.791+0000] {logging_mixin.py:190} INFO - [2025-01-30T04:35:42.791+0000] {dagbag.py:588} INFO - Filling up the DagBag from /root/airflow-venv/lib/python3.12/site-packages/airflow/example_dags/example_short_circuit_operator.py
[2025-01-30T04:35:42.808+0000] {processor.py:925} INFO - DAG(s) 'example_short_circuit_operator' retrieved from /root/airflow-venv/lib/python3.12/site-packages/airflow/example_dags/example_short_circuit_operator.py
[2025-01-30T04:35:42.840+0000] {logging_mixin.py:190} INFO - [2025-01-30T04:35:42.840+0000] {dag.py:3239} INFO - Sync 1 DAGs
[2025-01-30T04:35:42.858+0000] {logging_mixin.py:190} INFO - [2025-01-30T04:35:42.858+0000] {dag.py:4180} INFO - Setting next_dagrun for example_short_circuit_operator to None, run_after=None
[2025-01-30T04:35:42.889+0000] {processor.py:208} INFO - Processing /root/airflow-venv/lib/python3.12/site-packages/airflow/example_dags/example_short_circuit_operator.py took 0.112 seconds
[2025-01-30T04:37:17.321+0000] {processor.py:186} INFO - Started process (PID=1129624) to work on /root/airflow-venv/lib/python3.12/site-packages/airflow/example_dags/example_short_circuit_operator.py
[2025-01-30T04:37:17.323+0000] {processor.py:914} INFO - Processing file /root/airflow-venv/lib/python3.12/site-packages/airflow/example_dags/example_short_circuit_operator.py for tasks to queue
[2025-01-30T04:37:17.327+0000] {logging_mixin.py:190} INFO - [2025-01-30T04:37:17.326+0000] {dagbag.py:588} INFO - Filling up the DagBag from /root/airflow-venv/lib/python3.12/site-packages/airflow/example_dags/example_short_circuit_operator.py
[2025-01-30T04:37:17.343+0000] {processor.py:925} INFO - DAG(s) 'example_short_circuit_operator' retrieved from /root/airflow-venv/lib/python3.12/site-packages/airflow/example_dags/example_short_circuit_operator.py
[2025-01-30T04:37:17.371+0000] {logging_mixin.py:190} INFO - [2025-01-30T04:37:17.371+0000] {dag.py:3239} INFO - Sync 1 DAGs
[2025-01-30T04:37:17.392+0000] {logging_mixin.py:190} INFO - [2025-01-30T04:37:17.392+0000] {dag.py:4180} INFO - Setting next_dagrun for example_short_circuit_operator to None, run_after=None
[2025-01-30T04:37:17.424+0000] {processor.py:208} INFO - Processing /root/airflow-venv/lib/python3.12/site-packages/airflow/example_dags/example_short_circuit_operator.py took 0.113 seconds
[2025-01-30T04:40:43.484+0000] {processor.py:186} INFO - Started process (PID=1129721) to work on /root/airflow-venv/lib/python3.12/site-packages/airflow/example_dags/example_short_circuit_operator.py
[2025-01-30T04:40:43.485+0000] {processor.py:914} INFO - Processing file /root/airflow-venv/lib/python3.12/site-packages/airflow/example_dags/example_short_circuit_operator.py for tasks to queue
[2025-01-30T04:40:43.489+0000] {logging_mixin.py:190} INFO - [2025-01-30T04:40:43.488+0000] {dagbag.py:588} INFO - Filling up the DagBag from /root/airflow-venv/lib/python3.12/site-packages/airflow/example_dags/example_short_circuit_operator.py
[2025-01-30T04:40:43.506+0000] {processor.py:925} INFO - DAG(s) 'example_short_circuit_operator' retrieved from /root/airflow-venv/lib/python3.12/site-packages/airflow/example_dags/example_short_circuit_operator.py
[2025-01-30T04:40:43.540+0000] {logging_mixin.py:190} INFO - [2025-01-30T04:40:43.540+0000] {dag.py:3239} INFO - Sync 1 DAGs
[2025-01-30T04:40:43.561+0000] {logging_mixin.py:190} INFO - [2025-01-30T04:40:43.560+0000] {dag.py:4180} INFO - Setting next_dagrun for example_short_circuit_operator to None, run_after=None
[2025-01-30T04:40:43.605+0000] {processor.py:208} INFO - Processing /root/airflow-venv/lib/python3.12/site-packages/airflow/example_dags/example_short_circuit_operator.py took 0.130 seconds
