[2025-01-30T04:35:45.319+0000] {processor.py:186} INFO - Started process (PID=1129537) to work on /root/airflow-venv/lib/python3.12/site-packages/airflow/example_dags/example_python_operator.py
[2025-01-30T04:35:45.321+0000] {processor.py:914} INFO - Processing file /root/airflow-venv/lib/python3.12/site-packages/airflow/example_dags/example_python_operator.py for tasks to queue
[2025-01-30T04:35:45.324+0000] {logging_mixin.py:190} INFO - [2025-01-30T04:35:45.323+0000] {dagbag.py:588} INFO - Filling up the DagBag from /root/airflow-venv/lib/python3.12/site-packages/airflow/example_dags/example_python_operator.py
[2025-01-30T04:35:45.333+0000] {logging_mixin.py:190} INFO - [2025-01-30T04:35:45.333+0000] {example_python_operator.py:93} WARNING - The virtalenv_python example task requires virtualenv, please install it.
[2025-01-30T04:35:45.337+0000] {processor.py:925} INFO - DAG(s) 'example_python_operator' retrieved from /root/airflow-venv/lib/python3.12/site-packages/airflow/example_dags/example_python_operator.py
[2025-01-30T04:35:45.363+0000] {logging_mixin.py:190} INFO - [2025-01-30T04:35:45.363+0000] {dag.py:3239} INFO - Sync 1 DAGs
[2025-01-30T04:35:45.381+0000] {logging_mixin.py:190} INFO - [2025-01-30T04:35:45.380+0000] {dag.py:4180} INFO - Setting next_dagrun for example_python_operator to None, run_after=None
[2025-01-30T04:35:45.413+0000] {processor.py:208} INFO - Processing /root/airflow-venv/lib/python3.12/site-packages/airflow/example_dags/example_python_operator.py took 0.103 seconds
[2025-01-30T04:37:18.789+0000] {processor.py:186} INFO - Started process (PID=1129626) to work on /root/airflow-venv/lib/python3.12/site-packages/airflow/example_dags/example_python_operator.py
[2025-01-30T04:37:18.791+0000] {processor.py:914} INFO - Processing file /root/airflow-venv/lib/python3.12/site-packages/airflow/example_dags/example_python_operator.py for tasks to queue
[2025-01-30T04:37:18.795+0000] {logging_mixin.py:190} INFO - [2025-01-30T04:37:18.795+0000] {dagbag.py:588} INFO - Filling up the DagBag from /root/airflow-venv/lib/python3.12/site-packages/airflow/example_dags/example_python_operator.py
[2025-01-30T04:37:18.808+0000] {logging_mixin.py:190} INFO - [2025-01-30T04:37:18.807+0000] {example_python_operator.py:93} WARNING - The virtalenv_python example task requires virtualenv, please install it.
[2025-01-30T04:37:18.812+0000] {processor.py:925} INFO - DAG(s) 'example_python_operator' retrieved from /root/airflow-venv/lib/python3.12/site-packages/airflow/example_dags/example_python_operator.py
[2025-01-30T04:37:18.846+0000] {logging_mixin.py:190} INFO - [2025-01-30T04:37:18.846+0000] {dag.py:3239} INFO - Sync 1 DAGs
[2025-01-30T04:37:18.869+0000] {logging_mixin.py:190} INFO - [2025-01-30T04:37:18.868+0000] {dag.py:4180} INFO - Setting next_dagrun for example_python_operator to None, run_after=None
[2025-01-30T04:37:18.904+0000] {processor.py:208} INFO - Processing /root/airflow-venv/lib/python3.12/site-packages/airflow/example_dags/example_python_operator.py took 0.126 seconds
[2025-01-30T04:40:46.003+0000] {processor.py:186} INFO - Started process (PID=1129723) to work on /root/airflow-venv/lib/python3.12/site-packages/airflow/example_dags/example_python_operator.py
[2025-01-30T04:40:46.005+0000] {processor.py:914} INFO - Processing file /root/airflow-venv/lib/python3.12/site-packages/airflow/example_dags/example_python_operator.py for tasks to queue
[2025-01-30T04:40:46.009+0000] {logging_mixin.py:190} INFO - [2025-01-30T04:40:46.009+0000] {dagbag.py:588} INFO - Filling up the DagBag from /root/airflow-venv/lib/python3.12/site-packages/airflow/example_dags/example_python_operator.py
[2025-01-30T04:40:46.022+0000] {logging_mixin.py:190} INFO - [2025-01-30T04:40:46.021+0000] {example_python_operator.py:93} WARNING - The virtalenv_python example task requires virtualenv, please install it.
[2025-01-30T04:40:46.026+0000] {processor.py:925} INFO - DAG(s) 'example_python_operator' retrieved from /root/airflow-venv/lib/python3.12/site-packages/airflow/example_dags/example_python_operator.py
[2025-01-30T04:40:46.058+0000] {logging_mixin.py:190} INFO - [2025-01-30T04:40:46.057+0000] {dag.py:3239} INFO - Sync 1 DAGs
[2025-01-30T04:40:46.076+0000] {logging_mixin.py:190} INFO - [2025-01-30T04:40:46.076+0000] {dag.py:4180} INFO - Setting next_dagrun for example_python_operator to None, run_after=None
[2025-01-30T04:40:46.110+0000] {processor.py:208} INFO - Processing /root/airflow-venv/lib/python3.12/site-packages/airflow/example_dags/example_python_operator.py took 0.116 seconds
