[2025-01-30T04:36:05.127+0000] {processor.py:186} INFO - Started process (PID=1129562) to work on /root/airflow-venv/lib/python3.12/site-packages/airflow/example_dags/example_dynamic_task_mapping.py
[2025-01-30T04:36:05.128+0000] {processor.py:914} INFO - Processing file /root/airflow-venv/lib/python3.12/site-packages/airflow/example_dags/example_dynamic_task_mapping.py for tasks to queue
[2025-01-30T04:36:05.132+0000] {logging_mixin.py:190} INFO - [2025-01-30T04:36:05.131+0000] {dagbag.py:588} INFO - Filling up the DagBag from /root/airflow-venv/lib/python3.12/site-packages/airflow/example_dags/example_dynamic_task_mapping.py
[2025-01-30T04:36:05.147+0000] {processor.py:925} INFO - DAG(s) 'example_dynamic_task_mapping' retrieved from /root/airflow-venv/lib/python3.12/site-packages/airflow/example_dags/example_dynamic_task_mapping.py
[2025-01-30T04:36:05.175+0000] {logging_mixin.py:190} INFO - [2025-01-30T04:36:05.175+0000] {dag.py:3239} INFO - Sync 1 DAGs
[2025-01-30T04:36:05.196+0000] {logging_mixin.py:190} INFO - [2025-01-30T04:36:05.196+0000] {dag.py:4180} INFO - Setting next_dagrun for example_dynamic_task_mapping to None, run_after=None
[2025-01-30T04:36:05.238+0000] {processor.py:208} INFO - Processing /root/airflow-venv/lib/python3.12/site-packages/airflow/example_dags/example_dynamic_task_mapping.py took 0.120 seconds
[2025-01-30T04:37:39.677+0000] {processor.py:186} INFO - Started process (PID=1129647) to work on /root/airflow-venv/lib/python3.12/site-packages/airflow/example_dags/example_dynamic_task_mapping.py
[2025-01-30T04:37:39.680+0000] {processor.py:914} INFO - Processing file /root/airflow-venv/lib/python3.12/site-packages/airflow/example_dags/example_dynamic_task_mapping.py for tasks to queue
[2025-01-30T04:37:39.685+0000] {logging_mixin.py:190} INFO - [2025-01-30T04:37:39.684+0000] {dagbag.py:588} INFO - Filling up the DagBag from /root/airflow-venv/lib/python3.12/site-packages/airflow/example_dags/example_dynamic_task_mapping.py
[2025-01-30T04:37:39.700+0000] {processor.py:925} INFO - DAG(s) 'example_dynamic_task_mapping' retrieved from /root/airflow-venv/lib/python3.12/site-packages/airflow/example_dags/example_dynamic_task_mapping.py
[2025-01-30T04:37:39.730+0000] {logging_mixin.py:190} INFO - [2025-01-30T04:37:39.729+0000] {dag.py:3239} INFO - Sync 1 DAGs
[2025-01-30T04:37:39.752+0000] {logging_mixin.py:190} INFO - [2025-01-30T04:37:39.752+0000] {dag.py:4180} INFO - Setting next_dagrun for example_dynamic_task_mapping to None, run_after=None
[2025-01-30T04:37:39.798+0000] {processor.py:208} INFO - Processing /root/airflow-venv/lib/python3.12/site-packages/airflow/example_dags/example_dynamic_task_mapping.py took 0.131 seconds
[2025-01-30T04:41:05.779+0000] {processor.py:186} INFO - Started process (PID=1129742) to work on /root/airflow-venv/lib/python3.12/site-packages/airflow/example_dags/example_dynamic_task_mapping.py
[2025-01-30T04:41:05.781+0000] {processor.py:914} INFO - Processing file /root/airflow-venv/lib/python3.12/site-packages/airflow/example_dags/example_dynamic_task_mapping.py for tasks to queue
[2025-01-30T04:41:05.785+0000] {logging_mixin.py:190} INFO - [2025-01-30T04:41:05.784+0000] {dagbag.py:588} INFO - Filling up the DagBag from /root/airflow-venv/lib/python3.12/site-packages/airflow/example_dags/example_dynamic_task_mapping.py
[2025-01-30T04:41:05.801+0000] {processor.py:925} INFO - DAG(s) 'example_dynamic_task_mapping' retrieved from /root/airflow-venv/lib/python3.12/site-packages/airflow/example_dags/example_dynamic_task_mapping.py
[2025-01-30T04:41:05.830+0000] {logging_mixin.py:190} INFO - [2025-01-30T04:41:05.830+0000] {dag.py:3239} INFO - Sync 1 DAGs
[2025-01-30T04:41:05.854+0000] {logging_mixin.py:190} INFO - [2025-01-30T04:41:05.854+0000] {dag.py:4180} INFO - Setting next_dagrun for example_dynamic_task_mapping to None, run_after=None
[2025-01-30T04:41:05.895+0000] {processor.py:208} INFO - Processing /root/airflow-venv/lib/python3.12/site-packages/airflow/example_dags/example_dynamic_task_mapping.py took 0.129 seconds
