[2025-01-30T04:36:03.674+0000] {processor.py:186} INFO - Started process (PID=1129560) to work on /root/airflow-venv/lib/python3.12/site-packages/airflow/example_dags/example_display_name.py
[2025-01-30T04:36:03.676+0000] {processor.py:914} INFO - Processing file /root/airflow-venv/lib/python3.12/site-packages/airflow/example_dags/example_display_name.py for tasks to queue
[2025-01-30T04:36:03.680+0000] {logging_mixin.py:190} INFO - [2025-01-30T04:36:03.679+0000] {dagbag.py:588} INFO - Filling up the DagBag from /root/airflow-venv/lib/python3.12/site-packages/airflow/example_dags/example_display_name.py
[2025-01-30T04:36:03.697+0000] {processor.py:925} INFO - DAG(s) 'example_display_name' retrieved from /root/airflow-venv/lib/python3.12/site-packages/airflow/example_dags/example_display_name.py
[2025-01-30T04:36:03.726+0000] {logging_mixin.py:190} INFO - [2025-01-30T04:36:03.726+0000] {dag.py:3239} INFO - Sync 1 DAGs
[2025-01-30T04:36:03.753+0000] {logging_mixin.py:190} INFO - [2025-01-30T04:36:03.753+0000] {dag.py:4180} INFO - Setting next_dagrun for example_display_name to None, run_after=None
[2025-01-30T04:36:03.799+0000] {processor.py:208} INFO - Processing /root/airflow-venv/lib/python3.12/site-packages/airflow/example_dags/example_display_name.py took 0.136 seconds
[2025-01-30T04:37:38.203+0000] {processor.py:186} INFO - Started process (PID=1129645) to work on /root/airflow-venv/lib/python3.12/site-packages/airflow/example_dags/example_display_name.py
[2025-01-30T04:37:38.205+0000] {processor.py:914} INFO - Processing file /root/airflow-venv/lib/python3.12/site-packages/airflow/example_dags/example_display_name.py for tasks to queue
[2025-01-30T04:37:38.209+0000] {logging_mixin.py:190} INFO - [2025-01-30T04:37:38.208+0000] {dagbag.py:588} INFO - Filling up the DagBag from /root/airflow-venv/lib/python3.12/site-packages/airflow/example_dags/example_display_name.py
[2025-01-30T04:37:38.226+0000] {processor.py:925} INFO - DAG(s) 'example_display_name' retrieved from /root/airflow-venv/lib/python3.12/site-packages/airflow/example_dags/example_display_name.py
[2025-01-30T04:37:38.258+0000] {logging_mixin.py:190} INFO - [2025-01-30T04:37:38.258+0000] {dag.py:3239} INFO - Sync 1 DAGs
[2025-01-30T04:37:38.282+0000] {logging_mixin.py:190} INFO - [2025-01-30T04:37:38.281+0000] {dag.py:4180} INFO - Setting next_dagrun for example_display_name to None, run_after=None
[2025-01-30T04:37:38.328+0000] {processor.py:208} INFO - Processing /root/airflow-venv/lib/python3.12/site-packages/airflow/example_dags/example_display_name.py took 0.137 seconds
[2025-01-30T04:41:03.222+0000] {processor.py:186} INFO - Started process (PID=1129740) to work on /root/airflow-venv/lib/python3.12/site-packages/airflow/example_dags/example_display_name.py
[2025-01-30T04:41:03.224+0000] {processor.py:914} INFO - Processing file /root/airflow-venv/lib/python3.12/site-packages/airflow/example_dags/example_display_name.py for tasks to queue
[2025-01-30T04:41:03.229+0000] {logging_mixin.py:190} INFO - [2025-01-30T04:41:03.228+0000] {dagbag.py:588} INFO - Filling up the DagBag from /root/airflow-venv/lib/python3.12/site-packages/airflow/example_dags/example_display_name.py
[2025-01-30T04:41:03.245+0000] {processor.py:925} INFO - DAG(s) 'example_display_name' retrieved from /root/airflow-venv/lib/python3.12/site-packages/airflow/example_dags/example_display_name.py
[2025-01-30T04:41:03.275+0000] {logging_mixin.py:190} INFO - [2025-01-30T04:41:03.274+0000] {dag.py:3239} INFO - Sync 1 DAGs
[2025-01-30T04:41:03.299+0000] {logging_mixin.py:190} INFO - [2025-01-30T04:41:03.298+0000] {dag.py:4180} INFO - Setting next_dagrun for example_display_name to None, run_after=None
[2025-01-30T04:41:03.339+0000] {processor.py:208} INFO - Processing /root/airflow-venv/lib/python3.12/site-packages/airflow/example_dags/example_display_name.py took 0.127 seconds
