[2025-01-30T04:35:30.054+0000] {processor.py:186} INFO - Started process (PID=1129525) to work on /root/airflow-venv/lib/python3.12/site-packages/airflow/example_dags/example_trigger_controller_dag.py
[2025-01-30T04:35:30.055+0000] {processor.py:914} INFO - Processing file /root/airflow-venv/lib/python3.12/site-packages/airflow/example_dags/example_trigger_controller_dag.py for tasks to queue
[2025-01-30T04:35:30.059+0000] {logging_mixin.py:190} INFO - [2025-01-30T04:35:30.059+0000] {dagbag.py:588} INFO - Filling up the DagBag from /root/airflow-venv/lib/python3.12/site-packages/airflow/example_dags/example_trigger_controller_dag.py
[2025-01-30T04:35:30.073+0000] {processor.py:925} INFO - DAG(s) 'example_trigger_controller_dag' retrieved from /root/airflow-venv/lib/python3.12/site-packages/airflow/example_dags/example_trigger_controller_dag.py
[2025-01-30T04:35:30.107+0000] {logging_mixin.py:190} INFO - [2025-01-30T04:35:30.107+0000] {dag.py:3239} INFO - Sync 1 DAGs
[2025-01-30T04:35:30.138+0000] {logging_mixin.py:190} INFO - [2025-01-30T04:35:30.137+0000] {dag.py:4180} INFO - Setting next_dagrun for example_trigger_controller_dag to 2021-01-01 00:00:00+00:00, run_after=2021-01-01 00:00:00+00:00
[2025-01-30T04:35:30.173+0000] {processor.py:208} INFO - Processing /root/airflow-venv/lib/python3.12/site-packages/airflow/example_dags/example_trigger_controller_dag.py took 0.131 seconds
[2025-01-30T04:37:04.507+0000] {processor.py:186} INFO - Started process (PID=1129612) to work on /root/airflow-venv/lib/python3.12/site-packages/airflow/example_dags/example_trigger_controller_dag.py
[2025-01-30T04:37:04.509+0000] {processor.py:914} INFO - Processing file /root/airflow-venv/lib/python3.12/site-packages/airflow/example_dags/example_trigger_controller_dag.py for tasks to queue
[2025-01-30T04:37:04.512+0000] {logging_mixin.py:190} INFO - [2025-01-30T04:37:04.511+0000] {dagbag.py:588} INFO - Filling up the DagBag from /root/airflow-venv/lib/python3.12/site-packages/airflow/example_dags/example_trigger_controller_dag.py
[2025-01-30T04:37:04.523+0000] {processor.py:925} INFO - DAG(s) 'example_trigger_controller_dag' retrieved from /root/airflow-venv/lib/python3.12/site-packages/airflow/example_dags/example_trigger_controller_dag.py
[2025-01-30T04:37:04.553+0000] {logging_mixin.py:190} INFO - [2025-01-30T04:37:04.553+0000] {dag.py:3239} INFO - Sync 1 DAGs
[2025-01-30T04:37:04.582+0000] {logging_mixin.py:190} INFO - [2025-01-30T04:37:04.582+0000] {dag.py:4180} INFO - Setting next_dagrun for example_trigger_controller_dag to 2021-01-01 00:00:00+00:00, run_after=2021-01-01 00:00:00+00:00
[2025-01-30T04:37:04.610+0000] {processor.py:208} INFO - Processing /root/airflow-venv/lib/python3.12/site-packages/airflow/example_dags/example_trigger_controller_dag.py took 0.111 seconds
[2025-01-30T04:40:31.830+0000] {processor.py:186} INFO - Started process (PID=1129711) to work on /root/airflow-venv/lib/python3.12/site-packages/airflow/example_dags/example_trigger_controller_dag.py
[2025-01-30T04:40:31.832+0000] {processor.py:914} INFO - Processing file /root/airflow-venv/lib/python3.12/site-packages/airflow/example_dags/example_trigger_controller_dag.py for tasks to queue
[2025-01-30T04:40:31.835+0000] {logging_mixin.py:190} INFO - [2025-01-30T04:40:31.835+0000] {dagbag.py:588} INFO - Filling up the DagBag from /root/airflow-venv/lib/python3.12/site-packages/airflow/example_dags/example_trigger_controller_dag.py
[2025-01-30T04:40:31.846+0000] {processor.py:925} INFO - DAG(s) 'example_trigger_controller_dag' retrieved from /root/airflow-venv/lib/python3.12/site-packages/airflow/example_dags/example_trigger_controller_dag.py
[2025-01-30T04:40:31.870+0000] {logging_mixin.py:190} INFO - [2025-01-30T04:40:31.870+0000] {dag.py:3239} INFO - Sync 1 DAGs
[2025-01-30T04:40:31.895+0000] {logging_mixin.py:190} INFO - [2025-01-30T04:40:31.894+0000] {dag.py:4180} INFO - Setting next_dagrun for example_trigger_controller_dag to 2021-01-01 00:00:00+00:00, run_after=2021-01-01 00:00:00+00:00
[2025-01-30T04:40:31.922+0000] {processor.py:208} INFO - Processing /root/airflow-venv/lib/python3.12/site-packages/airflow/example_dags/example_trigger_controller_dag.py took 0.100 seconds
[2025-01-30T04:41:33.741+0000] {processor.py:186} INFO - Started process (PID=1129773) to work on /root/airflow-venv/lib/python3.12/site-packages/airflow/example_dags/example_trigger_controller_dag.py
[2025-01-30T04:41:33.744+0000] {processor.py:914} INFO - Processing file /root/airflow-venv/lib/python3.12/site-packages/airflow/example_dags/example_trigger_controller_dag.py for tasks to queue
[2025-01-30T04:41:33.748+0000] {logging_mixin.py:190} INFO - [2025-01-30T04:41:33.747+0000] {dagbag.py:588} INFO - Filling up the DagBag from /root/airflow-venv/lib/python3.12/site-packages/airflow/example_dags/example_trigger_controller_dag.py
[2025-01-30T04:41:33.761+0000] {processor.py:925} INFO - DAG(s) 'example_trigger_controller_dag' retrieved from /root/airflow-venv/lib/python3.12/site-packages/airflow/example_dags/example_trigger_controller_dag.py
[2025-01-30T04:41:33.788+0000] {logging_mixin.py:190} INFO - [2025-01-30T04:41:33.788+0000] {dag.py:3239} INFO - Sync 1 DAGs
[2025-01-30T04:41:33.840+0000] {logging_mixin.py:190} INFO - [2025-01-30T04:41:33.840+0000] {dag.py:4180} INFO - Setting next_dagrun for example_trigger_controller_dag to 2021-01-01 00:00:00+00:00, run_after=2021-01-01 00:00:00+00:00
[2025-01-30T04:41:33.921+0000] {processor.py:208} INFO - Processing /root/airflow-venv/lib/python3.12/site-packages/airflow/example_dags/example_trigger_controller_dag.py took 0.189 seconds
