[2025-01-30T04:35:58.366+0000] {processor.py:186} INFO - Started process (PID=1129551) to work on /root/airflow-venv/lib/python3.12/site-packages/airflow/example_dags/example_inlet_event_extra.py
[2025-01-30T04:35:58.367+0000] {processor.py:914} INFO - Processing file /root/airflow-venv/lib/python3.12/site-packages/airflow/example_dags/example_inlet_event_extra.py for tasks to queue
[2025-01-30T04:35:58.371+0000] {logging_mixin.py:190} INFO - [2025-01-30T04:35:58.370+0000] {dagbag.py:588} INFO - Filling up the DagBag from /root/airflow-venv/lib/python3.12/site-packages/airflow/example_dags/example_inlet_event_extra.py
[2025-01-30T04:35:58.389+0000] {processor.py:925} INFO - DAG(s) 'read_dataset_event_from_classic', 'read_dataset_event' retrieved from /root/airflow-venv/lib/python3.12/site-packages/airflow/example_dags/example_inlet_event_extra.py
[2025-01-30T04:35:58.414+0000] {logging_mixin.py:190} INFO - [2025-01-30T04:35:58.413+0000] {dag.py:3239} INFO - Sync 2 DAGs
[2025-01-30T04:35:58.444+0000] {logging_mixin.py:190} INFO - [2025-01-30T04:35:58.444+0000] {dag.py:4180} INFO - Setting next_dagrun for read_dataset_event to 2025-01-29 00:00:00+00:00, run_after=2025-01-30 00:00:00+00:00
[2025-01-30T04:35:58.450+0000] {logging_mixin.py:190} INFO - [2025-01-30T04:35:58.450+0000] {dag.py:4180} INFO - Setting next_dagrun for read_dataset_event_from_classic to 2025-01-29 00:00:00+00:00, run_after=2025-01-30 00:00:00+00:00
[2025-01-30T04:35:58.474+0000] {processor.py:208} INFO - Processing /root/airflow-venv/lib/python3.12/site-packages/airflow/example_dags/example_inlet_event_extra.py took 0.115 seconds
[2025-01-30T04:37:32.908+0000] {processor.py:186} INFO - Started process (PID=1129638) to work on /root/airflow-venv/lib/python3.12/site-packages/airflow/example_dags/example_inlet_event_extra.py
[2025-01-30T04:37:32.910+0000] {processor.py:914} INFO - Processing file /root/airflow-venv/lib/python3.12/site-packages/airflow/example_dags/example_inlet_event_extra.py for tasks to queue
[2025-01-30T04:37:32.916+0000] {logging_mixin.py:190} INFO - [2025-01-30T04:37:32.915+0000] {dagbag.py:588} INFO - Filling up the DagBag from /root/airflow-venv/lib/python3.12/site-packages/airflow/example_dags/example_inlet_event_extra.py
[2025-01-30T04:37:32.946+0000] {processor.py:925} INFO - DAG(s) 'read_dataset_event_from_classic', 'read_dataset_event' retrieved from /root/airflow-venv/lib/python3.12/site-packages/airflow/example_dags/example_inlet_event_extra.py
[2025-01-30T04:37:32.986+0000] {logging_mixin.py:190} INFO - [2025-01-30T04:37:32.986+0000] {dag.py:3239} INFO - Sync 2 DAGs
[2025-01-30T04:37:33.033+0000] {logging_mixin.py:190} INFO - [2025-01-30T04:37:33.032+0000] {dag.py:4180} INFO - Setting next_dagrun for read_dataset_event to 2025-01-29 00:00:00+00:00, run_after=2025-01-30 00:00:00+00:00
[2025-01-30T04:37:33.041+0000] {logging_mixin.py:190} INFO - [2025-01-30T04:37:33.041+0000] {dag.py:4180} INFO - Setting next_dagrun for read_dataset_event_from_classic to 2025-01-29 00:00:00+00:00, run_after=2025-01-30 00:00:00+00:00
[2025-01-30T04:37:33.075+0000] {processor.py:208} INFO - Processing /root/airflow-venv/lib/python3.12/site-packages/airflow/example_dags/example_inlet_event_extra.py took 0.182 seconds
[2025-01-30T04:40:57.340+0000] {processor.py:186} INFO - Started process (PID=1129735) to work on /root/airflow-venv/lib/python3.12/site-packages/airflow/example_dags/example_inlet_event_extra.py
[2025-01-30T04:40:57.342+0000] {processor.py:914} INFO - Processing file /root/airflow-venv/lib/python3.12/site-packages/airflow/example_dags/example_inlet_event_extra.py for tasks to queue
[2025-01-30T04:40:57.345+0000] {logging_mixin.py:190} INFO - [2025-01-30T04:40:57.345+0000] {dagbag.py:588} INFO - Filling up the DagBag from /root/airflow-venv/lib/python3.12/site-packages/airflow/example_dags/example_inlet_event_extra.py
[2025-01-30T04:40:57.363+0000] {processor.py:925} INFO - DAG(s) 'read_dataset_event_from_classic', 'read_dataset_event' retrieved from /root/airflow-venv/lib/python3.12/site-packages/airflow/example_dags/example_inlet_event_extra.py
[2025-01-30T04:40:57.388+0000] {logging_mixin.py:190} INFO - [2025-01-30T04:40:57.388+0000] {dag.py:3239} INFO - Sync 2 DAGs
[2025-01-30T04:40:57.420+0000] {logging_mixin.py:190} INFO - [2025-01-30T04:40:57.419+0000] {dag.py:4180} INFO - Setting next_dagrun for read_dataset_event to 2025-01-29 00:00:00+00:00, run_after=2025-01-30 00:00:00+00:00
[2025-01-30T04:40:57.427+0000] {logging_mixin.py:190} INFO - [2025-01-30T04:40:57.426+0000] {dag.py:4180} INFO - Setting next_dagrun for read_dataset_event_from_classic to 2025-01-29 00:00:00+00:00, run_after=2025-01-30 00:00:00+00:00
[2025-01-30T04:40:57.454+0000] {processor.py:208} INFO - Processing /root/airflow-venv/lib/python3.12/site-packages/airflow/example_dags/example_inlet_event_extra.py took 0.123 seconds
