[2025-01-30T04:35:37.730+0000] {processor.py:186} INFO - Started process (PID=1129531) to work on /root/airflow-venv/lib/python3.12/site-packages/airflow/example_dags/example_sla_dag.py
[2025-01-30T04:35:37.731+0000] {processor.py:914} INFO - Processing file /root/airflow-venv/lib/python3.12/site-packages/airflow/example_dags/example_sla_dag.py for tasks to queue
[2025-01-30T04:35:37.736+0000] {logging_mixin.py:190} INFO - [2025-01-30T04:35:37.736+0000] {dagbag.py:588} INFO - Filling up the DagBag from /root/airflow-venv/lib/python3.12/site-packages/airflow/example_dags/example_sla_dag.py
[2025-01-30T04:35:37.756+0000] {processor.py:925} INFO - DAG(s) 'example_sla_dag' retrieved from /root/airflow-venv/lib/python3.12/site-packages/airflow/example_dags/example_sla_dag.py
[2025-01-30T04:35:37.787+0000] {logging_mixin.py:190} INFO - [2025-01-30T04:35:37.787+0000] {dag.py:3239} INFO - Sync 1 DAGs
[2025-01-30T04:35:37.819+0000] {logging_mixin.py:190} INFO - [2025-01-30T04:35:37.818+0000] {dag.py:4180} INFO - Setting next_dagrun for example_sla_dag to 2025-01-30 04:32:00+00:00, run_after=2025-01-30 04:34:00+00:00
[2025-01-30T04:35:37.849+0000] {processor.py:208} INFO - Processing /root/airflow-venv/lib/python3.12/site-packages/airflow/example_dags/example_sla_dag.py took 0.130 seconds
[2025-01-30T04:37:12.136+0000] {processor.py:186} INFO - Started process (PID=1129620) to work on /root/airflow-venv/lib/python3.12/site-packages/airflow/example_dags/example_sla_dag.py
[2025-01-30T04:37:12.139+0000] {processor.py:914} INFO - Processing file /root/airflow-venv/lib/python3.12/site-packages/airflow/example_dags/example_sla_dag.py for tasks to queue
[2025-01-30T04:37:12.143+0000] {logging_mixin.py:190} INFO - [2025-01-30T04:37:12.142+0000] {dagbag.py:588} INFO - Filling up the DagBag from /root/airflow-venv/lib/python3.12/site-packages/airflow/example_dags/example_sla_dag.py
[2025-01-30T04:37:12.165+0000] {processor.py:925} INFO - DAG(s) 'example_sla_dag' retrieved from /root/airflow-venv/lib/python3.12/site-packages/airflow/example_dags/example_sla_dag.py
[2025-01-30T04:37:12.202+0000] {logging_mixin.py:190} INFO - [2025-01-30T04:37:12.201+0000] {dag.py:3239} INFO - Sync 1 DAGs
[2025-01-30T04:37:12.237+0000] {logging_mixin.py:190} INFO - [2025-01-30T04:37:12.237+0000] {dag.py:4180} INFO - Setting next_dagrun for example_sla_dag to 2025-01-30 04:34:00+00:00, run_after=2025-01-30 04:36:00+00:00
[2025-01-30T04:37:12.272+0000] {processor.py:208} INFO - Processing /root/airflow-venv/lib/python3.12/site-packages/airflow/example_dags/example_sla_dag.py took 0.148 seconds
[2025-01-30T04:40:38.380+0000] {processor.py:186} INFO - Started process (PID=1129717) to work on /root/airflow-venv/lib/python3.12/site-packages/airflow/example_dags/example_sla_dag.py
[2025-01-30T04:40:38.383+0000] {processor.py:914} INFO - Processing file /root/airflow-venv/lib/python3.12/site-packages/airflow/example_dags/example_sla_dag.py for tasks to queue
[2025-01-30T04:40:38.387+0000] {logging_mixin.py:190} INFO - [2025-01-30T04:40:38.387+0000] {dagbag.py:588} INFO - Filling up the DagBag from /root/airflow-venv/lib/python3.12/site-packages/airflow/example_dags/example_sla_dag.py
[2025-01-30T04:40:38.406+0000] {processor.py:925} INFO - DAG(s) 'example_sla_dag' retrieved from /root/airflow-venv/lib/python3.12/site-packages/airflow/example_dags/example_sla_dag.py
[2025-01-30T04:40:38.444+0000] {logging_mixin.py:190} INFO - [2025-01-30T04:40:38.444+0000] {dag.py:3239} INFO - Sync 1 DAGs
[2025-01-30T04:40:38.489+0000] {logging_mixin.py:190} INFO - [2025-01-30T04:40:38.489+0000] {dag.py:4180} INFO - Setting next_dagrun for example_sla_dag to 2025-01-30 04:38:00+00:00, run_after=2025-01-30 04:40:00+00:00
[2025-01-30T04:40:38.526+0000] {processor.py:208} INFO - Processing /root/airflow-venv/lib/python3.12/site-packages/airflow/example_dags/example_sla_dag.py took 0.155 seconds
