[2025-01-30T04:35:31.338+0000] {processor.py:186} INFO - Started process (PID=1129526) to work on /root/airflow-venv/lib/python3.12/site-packages/airflow/example_dags/example_time_delta_sensor_async.py
[2025-01-30T04:35:31.340+0000] {processor.py:914} INFO - Processing file /root/airflow-venv/lib/python3.12/site-packages/airflow/example_dags/example_time_delta_sensor_async.py for tasks to queue
[2025-01-30T04:35:31.343+0000] {logging_mixin.py:190} INFO - [2025-01-30T04:35:31.343+0000] {dagbag.py:588} INFO - Filling up the DagBag from /root/airflow-venv/lib/python3.12/site-packages/airflow/example_dags/example_time_delta_sensor_async.py
[2025-01-30T04:35:31.358+0000] {processor.py:925} INFO - DAG(s) 'example_time_delta_sensor_async' retrieved from /root/airflow-venv/lib/python3.12/site-packages/airflow/example_dags/example_time_delta_sensor_async.py
[2025-01-30T04:35:31.404+0000] {logging_mixin.py:190} INFO - [2025-01-30T04:35:31.403+0000] {dag.py:3239} INFO - Sync 1 DAGs
[2025-01-30T04:35:31.423+0000] {logging_mixin.py:190} INFO - [2025-01-30T04:35:31.422+0000] {dag.py:4180} INFO - Setting next_dagrun for example_time_delta_sensor_async to None, run_after=None
[2025-01-30T04:35:31.452+0000] {processor.py:208} INFO - Processing /root/airflow-venv/lib/python3.12/site-packages/airflow/example_dags/example_time_delta_sensor_async.py took 0.122 seconds
[2025-01-30T04:37:05.767+0000] {processor.py:186} INFO - Started process (PID=1129613) to work on /root/airflow-venv/lib/python3.12/site-packages/airflow/example_dags/example_time_delta_sensor_async.py
[2025-01-30T04:37:05.769+0000] {processor.py:914} INFO - Processing file /root/airflow-venv/lib/python3.12/site-packages/airflow/example_dags/example_time_delta_sensor_async.py for tasks to queue
[2025-01-30T04:37:05.774+0000] {logging_mixin.py:190} INFO - [2025-01-30T04:37:05.773+0000] {dagbag.py:588} INFO - Filling up the DagBag from /root/airflow-venv/lib/python3.12/site-packages/airflow/example_dags/example_time_delta_sensor_async.py
[2025-01-30T04:37:05.785+0000] {processor.py:925} INFO - DAG(s) 'example_time_delta_sensor_async' retrieved from /root/airflow-venv/lib/python3.12/site-packages/airflow/example_dags/example_time_delta_sensor_async.py
[2025-01-30T04:37:05.816+0000] {logging_mixin.py:190} INFO - [2025-01-30T04:37:05.815+0000] {dag.py:3239} INFO - Sync 1 DAGs
[2025-01-30T04:37:05.833+0000] {logging_mixin.py:190} INFO - [2025-01-30T04:37:05.833+0000] {dag.py:4180} INFO - Setting next_dagrun for example_time_delta_sensor_async to None, run_after=None
[2025-01-30T04:37:05.868+0000] {processor.py:208} INFO - Processing /root/airflow-venv/lib/python3.12/site-packages/airflow/example_dags/example_time_delta_sensor_async.py took 0.113 seconds
[2025-01-30T04:40:33.104+0000] {processor.py:186} INFO - Started process (PID=1129712) to work on /root/airflow-venv/lib/python3.12/site-packages/airflow/example_dags/example_time_delta_sensor_async.py
[2025-01-30T04:40:33.106+0000] {processor.py:914} INFO - Processing file /root/airflow-venv/lib/python3.12/site-packages/airflow/example_dags/example_time_delta_sensor_async.py for tasks to queue
[2025-01-30T04:40:33.110+0000] {logging_mixin.py:190} INFO - [2025-01-30T04:40:33.110+0000] {dagbag.py:588} INFO - Filling up the DagBag from /root/airflow-venv/lib/python3.12/site-packages/airflow/example_dags/example_time_delta_sensor_async.py
[2025-01-30T04:40:33.124+0000] {processor.py:925} INFO - DAG(s) 'example_time_delta_sensor_async' retrieved from /root/airflow-venv/lib/python3.12/site-packages/airflow/example_dags/example_time_delta_sensor_async.py
[2025-01-30T04:40:33.159+0000] {logging_mixin.py:190} INFO - [2025-01-30T04:40:33.159+0000] {dag.py:3239} INFO - Sync 1 DAGs
[2025-01-30T04:40:33.180+0000] {logging_mixin.py:190} INFO - [2025-01-30T04:40:33.180+0000] {dag.py:4180} INFO - Setting next_dagrun for example_time_delta_sensor_async to None, run_after=None
[2025-01-30T04:40:33.215+0000] {processor.py:208} INFO - Processing /root/airflow-venv/lib/python3.12/site-packages/airflow/example_dags/example_time_delta_sensor_async.py took 0.121 seconds
