[2025-01-30T04:35:53.195+0000] {processor.py:186} INFO - Started process (PID=1129546) to work on /root/airflow-venv/lib/python3.12/site-packages/airflow/example_dags/example_nested_branch_dag.py
[2025-01-30T04:35:53.197+0000] {processor.py:914} INFO - Processing file /root/airflow-venv/lib/python3.12/site-packages/airflow/example_dags/example_nested_branch_dag.py for tasks to queue
[2025-01-30T04:35:53.200+0000] {logging_mixin.py:190} INFO - [2025-01-30T04:35:53.199+0000] {dagbag.py:588} INFO - Filling up the DagBag from /root/airflow-venv/lib/python3.12/site-packages/airflow/example_dags/example_nested_branch_dag.py
[2025-01-30T04:35:53.222+0000] {processor.py:925} INFO - DAG(s) 'example_nested_branch_dag' retrieved from /root/airflow-venv/lib/python3.12/site-packages/airflow/example_dags/example_nested_branch_dag.py
[2025-01-30T04:35:53.258+0000] {logging_mixin.py:190} INFO - [2025-01-30T04:35:53.257+0000] {dag.py:3239} INFO - Sync 1 DAGs
[2025-01-30T04:35:53.283+0000] {logging_mixin.py:190} INFO - [2025-01-30T04:35:53.283+0000] {dag.py:4180} INFO - Setting next_dagrun for example_nested_branch_dag to 2025-01-29 00:00:00+00:00, run_after=2025-01-30 00:00:00+00:00
[2025-01-30T04:35:53.310+0000] {processor.py:208} INFO - Processing /root/airflow-venv/lib/python3.12/site-packages/airflow/example_dags/example_nested_branch_dag.py took 0.125 seconds
[2025-01-30T04:37:27.602+0000] {processor.py:186} INFO - Started process (PID=1129633) to work on /root/airflow-venv/lib/python3.12/site-packages/airflow/example_dags/example_nested_branch_dag.py
[2025-01-30T04:37:27.604+0000] {processor.py:914} INFO - Processing file /root/airflow-venv/lib/python3.12/site-packages/airflow/example_dags/example_nested_branch_dag.py for tasks to queue
[2025-01-30T04:37:27.608+0000] {logging_mixin.py:190} INFO - [2025-01-30T04:37:27.607+0000] {dagbag.py:588} INFO - Filling up the DagBag from /root/airflow-venv/lib/python3.12/site-packages/airflow/example_dags/example_nested_branch_dag.py
[2025-01-30T04:37:27.625+0000] {processor.py:925} INFO - DAG(s) 'example_nested_branch_dag' retrieved from /root/airflow-venv/lib/python3.12/site-packages/airflow/example_dags/example_nested_branch_dag.py
[2025-01-30T04:37:27.653+0000] {logging_mixin.py:190} INFO - [2025-01-30T04:37:27.652+0000] {dag.py:3239} INFO - Sync 1 DAGs
[2025-01-30T04:37:27.687+0000] {logging_mixin.py:190} INFO - [2025-01-30T04:37:27.687+0000] {dag.py:4180} INFO - Setting next_dagrun for example_nested_branch_dag to 2025-01-29 00:00:00+00:00, run_after=2025-01-30 00:00:00+00:00
[2025-01-30T04:37:27.717+0000] {processor.py:208} INFO - Processing /root/airflow-venv/lib/python3.12/site-packages/airflow/example_dags/example_nested_branch_dag.py took 0.123 seconds
[2025-01-30T04:40:52.416+0000] {processor.py:186} INFO - Started process (PID=1129730) to work on /root/airflow-venv/lib/python3.12/site-packages/airflow/example_dags/example_nested_branch_dag.py
[2025-01-30T04:40:52.417+0000] {processor.py:914} INFO - Processing file /root/airflow-venv/lib/python3.12/site-packages/airflow/example_dags/example_nested_branch_dag.py for tasks to queue
[2025-01-30T04:40:52.420+0000] {logging_mixin.py:190} INFO - [2025-01-30T04:40:52.420+0000] {dagbag.py:588} INFO - Filling up the DagBag from /root/airflow-venv/lib/python3.12/site-packages/airflow/example_dags/example_nested_branch_dag.py
[2025-01-30T04:40:52.440+0000] {processor.py:925} INFO - DAG(s) 'example_nested_branch_dag' retrieved from /root/airflow-venv/lib/python3.12/site-packages/airflow/example_dags/example_nested_branch_dag.py
[2025-01-30T04:40:52.468+0000] {logging_mixin.py:190} INFO - [2025-01-30T04:40:52.467+0000] {dag.py:3239} INFO - Sync 1 DAGs
[2025-01-30T04:40:52.496+0000] {logging_mixin.py:190} INFO - [2025-01-30T04:40:52.496+0000] {dag.py:4180} INFO - Setting next_dagrun for example_nested_branch_dag to 2025-01-29 00:00:00+00:00, run_after=2025-01-30 00:00:00+00:00
[2025-01-30T04:40:52.526+0000] {processor.py:208} INFO - Processing /root/airflow-venv/lib/python3.12/site-packages/airflow/example_dags/example_nested_branch_dag.py took 0.117 seconds
