[2025-01-30T04:36:02.393+0000] {processor.py:186} INFO - Started process (PID=1129559) to work on /root/airflow-venv/lib/python3.12/site-packages/airflow/example_dags/example_dataset_alias_with_no_taskflow.py
[2025-01-30T04:36:02.396+0000] {processor.py:914} INFO - Processing file /root/airflow-venv/lib/python3.12/site-packages/airflow/example_dags/example_dataset_alias_with_no_taskflow.py for tasks to queue
[2025-01-30T04:36:02.400+0000] {logging_mixin.py:190} INFO - [2025-01-30T04:36:02.399+0000] {dagbag.py:588} INFO - Filling up the DagBag from /root/airflow-venv/lib/python3.12/site-packages/airflow/example_dags/example_dataset_alias_with_no_taskflow.py
[2025-01-30T04:36:02.446+0000] {processor.py:925} INFO - DAG(s) 'dataset_s3_bucket_producer_with_no_taskflow', 'dataset_alias_example_alias_consumer_with_no_taskflow', 'dataset_alias_example_alias_producer_with_no_taskflow', 'dataset_s3_bucket_consumer_with_no_taskflow' retrieved from /root/airflow-venv/lib/python3.12/site-packages/airflow/example_dags/example_dataset_alias_with_no_taskflow.py
[2025-01-30T04:36:02.483+0000] {logging_mixin.py:190} INFO - [2025-01-30T04:36:02.482+0000] {dag.py:3239} INFO - Sync 4 DAGs
[2025-01-30T04:36:02.520+0000] {logging_mixin.py:190} INFO - [2025-01-30T04:36:02.519+0000] {dag.py:4180} INFO - Setting next_dagrun for dataset_alias_example_alias_consumer_with_no_taskflow to None, run_after=None
[2025-01-30T04:36:02.523+0000] {logging_mixin.py:190} INFO - [2025-01-30T04:36:02.523+0000] {dag.py:4180} INFO - Setting next_dagrun for dataset_alias_example_alias_producer_with_no_taskflow to None, run_after=None
[2025-01-30T04:36:02.525+0000] {logging_mixin.py:190} INFO - [2025-01-30T04:36:02.524+0000] {dag.py:4180} INFO - Setting next_dagrun for dataset_s3_bucket_consumer_with_no_taskflow to None, run_after=None
[2025-01-30T04:36:02.526+0000] {logging_mixin.py:190} INFO - [2025-01-30T04:36:02.526+0000] {dag.py:4180} INFO - Setting next_dagrun for dataset_s3_bucket_producer_with_no_taskflow to None, run_after=None
[2025-01-30T04:36:02.568+0000] {processor.py:208} INFO - Processing /root/airflow-venv/lib/python3.12/site-packages/airflow/example_dags/example_dataset_alias_with_no_taskflow.py took 0.184 seconds
[2025-01-30T04:37:36.939+0000] {processor.py:186} INFO - Started process (PID=1129642) to work on /root/airflow-venv/lib/python3.12/site-packages/airflow/example_dags/example_dataset_alias_with_no_taskflow.py
[2025-01-30T04:37:36.941+0000] {processor.py:914} INFO - Processing file /root/airflow-venv/lib/python3.12/site-packages/airflow/example_dags/example_dataset_alias_with_no_taskflow.py for tasks to queue
[2025-01-30T04:37:36.944+0000] {logging_mixin.py:190} INFO - [2025-01-30T04:37:36.944+0000] {dagbag.py:588} INFO - Filling up the DagBag from /root/airflow-venv/lib/python3.12/site-packages/airflow/example_dags/example_dataset_alias_with_no_taskflow.py
[2025-01-30T04:37:36.985+0000] {processor.py:925} INFO - DAG(s) 'dataset_alias_example_alias_producer_with_no_taskflow', 'dataset_s3_bucket_consumer_with_no_taskflow', 'dataset_s3_bucket_producer_with_no_taskflow', 'dataset_alias_example_alias_consumer_with_no_taskflow' retrieved from /root/airflow-venv/lib/python3.12/site-packages/airflow/example_dags/example_dataset_alias_with_no_taskflow.py
[2025-01-30T04:37:37.016+0000] {logging_mixin.py:190} INFO - [2025-01-30T04:37:37.016+0000] {dag.py:3239} INFO - Sync 4 DAGs
[2025-01-30T04:37:37.049+0000] {logging_mixin.py:190} INFO - [2025-01-30T04:37:37.048+0000] {dag.py:4180} INFO - Setting next_dagrun for dataset_alias_example_alias_consumer_with_no_taskflow to None, run_after=None
[2025-01-30T04:37:37.052+0000] {logging_mixin.py:190} INFO - [2025-01-30T04:37:37.052+0000] {dag.py:4180} INFO - Setting next_dagrun for dataset_alias_example_alias_producer_with_no_taskflow to None, run_after=None
[2025-01-30T04:37:37.053+0000] {logging_mixin.py:190} INFO - [2025-01-30T04:37:37.053+0000] {dag.py:4180} INFO - Setting next_dagrun for dataset_s3_bucket_consumer_with_no_taskflow to None, run_after=None
[2025-01-30T04:37:37.055+0000] {logging_mixin.py:190} INFO - [2025-01-30T04:37:37.055+0000] {dag.py:4180} INFO - Setting next_dagrun for dataset_s3_bucket_producer_with_no_taskflow to None, run_after=None
[2025-01-30T04:37:37.099+0000] {processor.py:208} INFO - Processing /root/airflow-venv/lib/python3.12/site-packages/airflow/example_dags/example_dataset_alias_with_no_taskflow.py took 0.167 seconds
[2025-01-30T04:41:01.855+0000] {processor.py:186} INFO - Started process (PID=1129739) to work on /root/airflow-venv/lib/python3.12/site-packages/airflow/example_dags/example_dataset_alias_with_no_taskflow.py
[2025-01-30T04:41:01.857+0000] {processor.py:914} INFO - Processing file /root/airflow-venv/lib/python3.12/site-packages/airflow/example_dags/example_dataset_alias_with_no_taskflow.py for tasks to queue
[2025-01-30T04:41:01.862+0000] {logging_mixin.py:190} INFO - [2025-01-30T04:41:01.861+0000] {dagbag.py:588} INFO - Filling up the DagBag from /root/airflow-venv/lib/python3.12/site-packages/airflow/example_dags/example_dataset_alias_with_no_taskflow.py
[2025-01-30T04:41:01.912+0000] {processor.py:925} INFO - DAG(s) 'dataset_alias_example_alias_consumer_with_no_taskflow', 'dataset_alias_example_alias_producer_with_no_taskflow', 'dataset_s3_bucket_consumer_with_no_taskflow', 'dataset_s3_bucket_producer_with_no_taskflow' retrieved from /root/airflow-venv/lib/python3.12/site-packages/airflow/example_dags/example_dataset_alias_with_no_taskflow.py
[2025-01-30T04:41:01.951+0000] {logging_mixin.py:190} INFO - [2025-01-30T04:41:01.951+0000] {dag.py:3239} INFO - Sync 4 DAGs
[2025-01-30T04:41:02.006+0000] {logging_mixin.py:190} INFO - [2025-01-30T04:41:02.006+0000] {dag.py:4180} INFO - Setting next_dagrun for dataset_alias_example_alias_consumer_with_no_taskflow to None, run_after=None
[2025-01-30T04:41:02.010+0000] {logging_mixin.py:190} INFO - [2025-01-30T04:41:02.009+0000] {dag.py:4180} INFO - Setting next_dagrun for dataset_alias_example_alias_producer_with_no_taskflow to None, run_after=None
[2025-01-30T04:41:02.011+0000] {logging_mixin.py:190} INFO - [2025-01-30T04:41:02.011+0000] {dag.py:4180} INFO - Setting next_dagrun for dataset_s3_bucket_consumer_with_no_taskflow to None, run_after=None
[2025-01-30T04:41:02.012+0000] {logging_mixin.py:190} INFO - [2025-01-30T04:41:02.012+0000] {dag.py:4180} INFO - Setting next_dagrun for dataset_s3_bucket_producer_with_no_taskflow to None, run_after=None
[2025-01-30T04:41:02.061+0000] {processor.py:208} INFO - Processing /root/airflow-venv/lib/python3.12/site-packages/airflow/example_dags/example_dataset_alias_with_no_taskflow.py took 0.220 seconds
