[2025-01-30T04:36:07.778+0000] {processor.py:186} INFO - Started process (PID=1129564) to work on /root/airflow-venv/lib/python3.12/site-packages/airflow/example_dags/example_dataset_alias.py
[2025-01-30T04:36:07.779+0000] {processor.py:914} INFO - Processing file /root/airflow-venv/lib/python3.12/site-packages/airflow/example_dags/example_dataset_alias.py for tasks to queue
[2025-01-30T04:36:07.783+0000] {logging_mixin.py:190} INFO - [2025-01-30T04:36:07.782+0000] {dagbag.py:588} INFO - Filling up the DagBag from /root/airflow-venv/lib/python3.12/site-packages/airflow/example_dags/example_dataset_alias.py
[2025-01-30T04:36:07.823+0000] {processor.py:925} INFO - DAG(s) 'dataset_s3_bucket_consumer', 'dataset_alias_example_alias_producer', 'dataset_alias_example_alias_consumer', 'dataset_s3_bucket_producer' retrieved from /root/airflow-venv/lib/python3.12/site-packages/airflow/example_dags/example_dataset_alias.py
[2025-01-30T04:36:07.855+0000] {logging_mixin.py:190} INFO - [2025-01-30T04:36:07.854+0000] {dag.py:3239} INFO - Sync 4 DAGs
[2025-01-30T04:36:07.885+0000] {logging_mixin.py:190} INFO - [2025-01-30T04:36:07.885+0000] {dag.py:4180} INFO - Setting next_dagrun for dataset_alias_example_alias_consumer to None, run_after=None
[2025-01-30T04:36:07.888+0000] {logging_mixin.py:190} INFO - [2025-01-30T04:36:07.888+0000] {dag.py:4180} INFO - Setting next_dagrun for dataset_alias_example_alias_producer to None, run_after=None
[2025-01-30T04:36:07.889+0000] {logging_mixin.py:190} INFO - [2025-01-30T04:36:07.889+0000] {dag.py:4180} INFO - Setting next_dagrun for dataset_s3_bucket_consumer to None, run_after=None
[2025-01-30T04:36:07.890+0000] {logging_mixin.py:190} INFO - [2025-01-30T04:36:07.890+0000] {dag.py:4180} INFO - Setting next_dagrun for dataset_s3_bucket_producer to None, run_after=None
[2025-01-30T04:36:07.932+0000] {processor.py:208} INFO - Processing /root/airflow-venv/lib/python3.12/site-packages/airflow/example_dags/example_dataset_alias.py took 0.164 seconds
[2025-01-30T04:37:42.320+0000] {processor.py:186} INFO - Started process (PID=1129649) to work on /root/airflow-venv/lib/python3.12/site-packages/airflow/example_dags/example_dataset_alias.py
[2025-01-30T04:37:42.322+0000] {processor.py:914} INFO - Processing file /root/airflow-venv/lib/python3.12/site-packages/airflow/example_dags/example_dataset_alias.py for tasks to queue
[2025-01-30T04:37:42.326+0000] {logging_mixin.py:190} INFO - [2025-01-30T04:37:42.325+0000] {dagbag.py:588} INFO - Filling up the DagBag from /root/airflow-venv/lib/python3.12/site-packages/airflow/example_dags/example_dataset_alias.py
[2025-01-30T04:37:42.369+0000] {processor.py:925} INFO - DAG(s) 'dataset_s3_bucket_producer', 'dataset_alias_example_alias_producer', 'dataset_alias_example_alias_consumer', 'dataset_s3_bucket_consumer' retrieved from /root/airflow-venv/lib/python3.12/site-packages/airflow/example_dags/example_dataset_alias.py
[2025-01-30T04:37:42.402+0000] {logging_mixin.py:190} INFO - [2025-01-30T04:37:42.402+0000] {dag.py:3239} INFO - Sync 4 DAGs
[2025-01-30T04:37:42.473+0000] {logging_mixin.py:190} INFO - [2025-01-30T04:37:42.473+0000] {dag.py:4180} INFO - Setting next_dagrun for dataset_alias_example_alias_consumer to None, run_after=None
[2025-01-30T04:37:42.482+0000] {logging_mixin.py:190} INFO - [2025-01-30T04:37:42.482+0000] {dag.py:4180} INFO - Setting next_dagrun for dataset_alias_example_alias_producer to None, run_after=None
[2025-01-30T04:37:42.486+0000] {logging_mixin.py:190} INFO - [2025-01-30T04:37:42.486+0000] {dag.py:4180} INFO - Setting next_dagrun for dataset_s3_bucket_consumer to None, run_after=None
[2025-01-30T04:37:42.490+0000] {logging_mixin.py:190} INFO - [2025-01-30T04:37:42.490+0000] {dag.py:4180} INFO - Setting next_dagrun for dataset_s3_bucket_producer to None, run_after=None
[2025-01-30T04:37:42.576+0000] {processor.py:208} INFO - Processing /root/airflow-venv/lib/python3.12/site-packages/airflow/example_dags/example_dataset_alias.py took 0.266 seconds
[2025-01-30T04:41:07.601+0000] {processor.py:186} INFO - Started process (PID=1129744) to work on /root/airflow-venv/lib/python3.12/site-packages/airflow/example_dags/example_dataset_alias.py
[2025-01-30T04:41:07.603+0000] {processor.py:914} INFO - Processing file /root/airflow-venv/lib/python3.12/site-packages/airflow/example_dags/example_dataset_alias.py for tasks to queue
[2025-01-30T04:41:07.608+0000] {logging_mixin.py:190} INFO - [2025-01-30T04:41:07.607+0000] {dagbag.py:588} INFO - Filling up the DagBag from /root/airflow-venv/lib/python3.12/site-packages/airflow/example_dags/example_dataset_alias.py
[2025-01-30T04:41:07.649+0000] {processor.py:925} INFO - DAG(s) 'dataset_alias_example_alias_consumer', 'dataset_s3_bucket_producer', 'dataset_alias_example_alias_producer', 'dataset_s3_bucket_consumer' retrieved from /root/airflow-venv/lib/python3.12/site-packages/airflow/example_dags/example_dataset_alias.py
[2025-01-30T04:41:07.683+0000] {logging_mixin.py:190} INFO - [2025-01-30T04:41:07.682+0000] {dag.py:3239} INFO - Sync 4 DAGs
[2025-01-30T04:41:07.719+0000] {logging_mixin.py:190} INFO - [2025-01-30T04:41:07.718+0000] {dag.py:4180} INFO - Setting next_dagrun for dataset_alias_example_alias_consumer to None, run_after=None
[2025-01-30T04:41:07.722+0000] {logging_mixin.py:190} INFO - [2025-01-30T04:41:07.721+0000] {dag.py:4180} INFO - Setting next_dagrun for dataset_alias_example_alias_producer to None, run_after=None
[2025-01-30T04:41:07.723+0000] {logging_mixin.py:190} INFO - [2025-01-30T04:41:07.723+0000] {dag.py:4180} INFO - Setting next_dagrun for dataset_s3_bucket_consumer to None, run_after=None
[2025-01-30T04:41:07.724+0000] {logging_mixin.py:190} INFO - [2025-01-30T04:41:07.724+0000] {dag.py:4180} INFO - Setting next_dagrun for dataset_s3_bucket_producer to None, run_after=None
[2025-01-30T04:41:07.759+0000] {processor.py:208} INFO - Processing /root/airflow-venv/lib/python3.12/site-packages/airflow/example_dags/example_dataset_alias.py took 0.170 seconds
