[2025-01-30T04:35:47.841+0000] {processor.py:186} INFO - Started process (PID=1129539) to work on /root/airflow-venv/lib/python3.12/site-packages/airflow/example_dags/example_setup_teardown_taskflow.py
[2025-01-30T04:35:47.842+0000] {processor.py:914} INFO - Processing file /root/airflow-venv/lib/python3.12/site-packages/airflow/example_dags/example_setup_teardown_taskflow.py for tasks to queue
[2025-01-30T04:35:47.845+0000] {logging_mixin.py:190} INFO - [2025-01-30T04:35:47.845+0000] {dagbag.py:588} INFO - Filling up the DagBag from /root/airflow-venv/lib/python3.12/site-packages/airflow/example_dags/example_setup_teardown_taskflow.py
[2025-01-30T04:35:47.861+0000] {processor.py:925} INFO - DAG(s) 'example_setup_teardown_taskflow' retrieved from /root/airflow-venv/lib/python3.12/site-packages/airflow/example_dags/example_setup_teardown_taskflow.py
[2025-01-30T04:35:47.891+0000] {logging_mixin.py:190} INFO - [2025-01-30T04:35:47.891+0000] {dag.py:3239} INFO - Sync 1 DAGs
[2025-01-30T04:35:47.908+0000] {logging_mixin.py:190} INFO - [2025-01-30T04:35:47.907+0000] {dag.py:4180} INFO - Setting next_dagrun for example_setup_teardown_taskflow to None, run_after=None
[2025-01-30T04:35:47.936+0000] {processor.py:208} INFO - Processing /root/airflow-venv/lib/python3.12/site-packages/airflow/example_dags/example_setup_teardown_taskflow.py took 0.104 seconds
[2025-01-30T04:37:21.319+0000] {processor.py:186} INFO - Started process (PID=1129628) to work on /root/airflow-venv/lib/python3.12/site-packages/airflow/example_dags/example_setup_teardown_taskflow.py
[2025-01-30T04:37:21.321+0000] {processor.py:914} INFO - Processing file /root/airflow-venv/lib/python3.12/site-packages/airflow/example_dags/example_setup_teardown_taskflow.py for tasks to queue
[2025-01-30T04:37:21.325+0000] {logging_mixin.py:190} INFO - [2025-01-30T04:37:21.324+0000] {dagbag.py:588} INFO - Filling up the DagBag from /root/airflow-venv/lib/python3.12/site-packages/airflow/example_dags/example_setup_teardown_taskflow.py
[2025-01-30T04:37:21.347+0000] {processor.py:925} INFO - DAG(s) 'example_setup_teardown_taskflow' retrieved from /root/airflow-venv/lib/python3.12/site-packages/airflow/example_dags/example_setup_teardown_taskflow.py
[2025-01-30T04:37:21.385+0000] {logging_mixin.py:190} INFO - [2025-01-30T04:37:21.385+0000] {dag.py:3239} INFO - Sync 1 DAGs
[2025-01-30T04:37:21.410+0000] {logging_mixin.py:190} INFO - [2025-01-30T04:37:21.410+0000] {dag.py:4180} INFO - Setting next_dagrun for example_setup_teardown_taskflow to None, run_after=None
[2025-01-30T04:37:21.445+0000] {processor.py:208} INFO - Processing /root/airflow-venv/lib/python3.12/site-packages/airflow/example_dags/example_setup_teardown_taskflow.py took 0.137 seconds
[2025-01-30T04:40:47.083+0000] {processor.py:186} INFO - Started process (PID=1129725) to work on /root/airflow-venv/lib/python3.12/site-packages/airflow/example_dags/example_setup_teardown_taskflow.py
[2025-01-30T04:40:47.084+0000] {processor.py:914} INFO - Processing file /root/airflow-venv/lib/python3.12/site-packages/airflow/example_dags/example_setup_teardown_taskflow.py for tasks to queue
[2025-01-30T04:40:47.088+0000] {logging_mixin.py:190} INFO - [2025-01-30T04:40:47.087+0000] {dagbag.py:588} INFO - Filling up the DagBag from /root/airflow-venv/lib/python3.12/site-packages/airflow/example_dags/example_setup_teardown_taskflow.py
[2025-01-30T04:40:47.102+0000] {processor.py:925} INFO - DAG(s) 'example_setup_teardown_taskflow' retrieved from /root/airflow-venv/lib/python3.12/site-packages/airflow/example_dags/example_setup_teardown_taskflow.py
[2025-01-30T04:40:47.128+0000] {logging_mixin.py:190} INFO - [2025-01-30T04:40:47.128+0000] {dag.py:3239} INFO - Sync 1 DAGs
[2025-01-30T04:40:47.143+0000] {logging_mixin.py:190} INFO - [2025-01-30T04:40:47.143+0000] {dag.py:4180} INFO - Setting next_dagrun for example_setup_teardown_taskflow to None, run_after=None
[2025-01-30T04:40:47.172+0000] {processor.py:208} INFO - Processing /root/airflow-venv/lib/python3.12/site-packages/airflow/example_dags/example_setup_teardown_taskflow.py took 0.098 seconds
