[2025-01-30T04:35:40.277+0000] {processor.py:186} INFO - Started process (PID=1129533) to work on /root/airflow-venv/lib/python3.12/site-packages/airflow/example_dags/example_short_circuit_decorator.py
[2025-01-30T04:35:40.278+0000] {processor.py:914} INFO - Processing file /root/airflow-venv/lib/python3.12/site-packages/airflow/example_dags/example_short_circuit_decorator.py for tasks to queue
[2025-01-30T04:35:40.282+0000] {logging_mixin.py:190} INFO - [2025-01-30T04:35:40.281+0000] {dagbag.py:588} INFO - Filling up the DagBag from /root/airflow-venv/lib/python3.12/site-packages/airflow/example_dags/example_short_circuit_decorator.py
[2025-01-30T04:35:40.301+0000] {processor.py:925} INFO - DAG(s) 'example_short_circuit_decorator' retrieved from /root/airflow-venv/lib/python3.12/site-packages/airflow/example_dags/example_short_circuit_decorator.py
[2025-01-30T04:35:40.332+0000] {logging_mixin.py:190} INFO - [2025-01-30T04:35:40.332+0000] {dag.py:3239} INFO - Sync 1 DAGs
[2025-01-30T04:35:40.350+0000] {logging_mixin.py:190} INFO - [2025-01-30T04:35:40.350+0000] {dag.py:4180} INFO - Setting next_dagrun for example_short_circuit_decorator to None, run_after=None
[2025-01-30T04:35:40.379+0000] {processor.py:208} INFO - Processing /root/airflow-venv/lib/python3.12/site-packages/airflow/example_dags/example_short_circuit_decorator.py took 0.111 seconds
[2025-01-30T04:37:14.793+0000] {processor.py:186} INFO - Started process (PID=1129622) to work on /root/airflow-venv/lib/python3.12/site-packages/airflow/example_dags/example_short_circuit_decorator.py
[2025-01-30T04:37:14.795+0000] {processor.py:914} INFO - Processing file /root/airflow-venv/lib/python3.12/site-packages/airflow/example_dags/example_short_circuit_decorator.py for tasks to queue
[2025-01-30T04:37:14.799+0000] {logging_mixin.py:190} INFO - [2025-01-30T04:37:14.798+0000] {dagbag.py:588} INFO - Filling up the DagBag from /root/airflow-venv/lib/python3.12/site-packages/airflow/example_dags/example_short_circuit_decorator.py
[2025-01-30T04:37:14.822+0000] {processor.py:925} INFO - DAG(s) 'example_short_circuit_decorator' retrieved from /root/airflow-venv/lib/python3.12/site-packages/airflow/example_dags/example_short_circuit_decorator.py
[2025-01-30T04:37:14.856+0000] {logging_mixin.py:190} INFO - [2025-01-30T04:37:14.856+0000] {dag.py:3239} INFO - Sync 1 DAGs
[2025-01-30T04:37:14.876+0000] {logging_mixin.py:190} INFO - [2025-01-30T04:37:14.875+0000] {dag.py:4180} INFO - Setting next_dagrun for example_short_circuit_decorator to None, run_after=None
[2025-01-30T04:37:14.914+0000] {processor.py:208} INFO - Processing /root/airflow-venv/lib/python3.12/site-packages/airflow/example_dags/example_short_circuit_decorator.py took 0.130 seconds
[2025-01-30T04:40:40.938+0000] {processor.py:186} INFO - Started process (PID=1129719) to work on /root/airflow-venv/lib/python3.12/site-packages/airflow/example_dags/example_short_circuit_decorator.py
[2025-01-30T04:40:40.941+0000] {processor.py:914} INFO - Processing file /root/airflow-venv/lib/python3.12/site-packages/airflow/example_dags/example_short_circuit_decorator.py for tasks to queue
[2025-01-30T04:40:40.945+0000] {logging_mixin.py:190} INFO - [2025-01-30T04:40:40.944+0000] {dagbag.py:588} INFO - Filling up the DagBag from /root/airflow-venv/lib/python3.12/site-packages/airflow/example_dags/example_short_circuit_decorator.py
[2025-01-30T04:40:40.970+0000] {processor.py:925} INFO - DAG(s) 'example_short_circuit_decorator' retrieved from /root/airflow-venv/lib/python3.12/site-packages/airflow/example_dags/example_short_circuit_decorator.py
[2025-01-30T04:40:41.002+0000] {logging_mixin.py:190} INFO - [2025-01-30T04:40:41.002+0000] {dag.py:3239} INFO - Sync 1 DAGs
[2025-01-30T04:40:41.023+0000] {logging_mixin.py:190} INFO - [2025-01-30T04:40:41.022+0000] {dag.py:4180} INFO - Setting next_dagrun for example_short_circuit_decorator to None, run_after=None
[2025-01-30T04:40:41.065+0000] {processor.py:208} INFO - Processing /root/airflow-venv/lib/python3.12/site-packages/airflow/example_dags/example_short_circuit_decorator.py took 0.138 seconds
