[2025-01-30T04:35:49.310+0000] {processor.py:186} INFO - Started process (PID=1129543) to work on /root/airflow-venv/lib/python3.12/site-packages/airflow/example_dags/example_python_decorator.py
[2025-01-30T04:35:49.311+0000] {processor.py:914} INFO - Processing file /root/airflow-venv/lib/python3.12/site-packages/airflow/example_dags/example_python_decorator.py for tasks to queue
[2025-01-30T04:35:49.314+0000] {logging_mixin.py:190} INFO - [2025-01-30T04:35:49.314+0000] {dagbag.py:588} INFO - Filling up the DagBag from /root/airflow-venv/lib/python3.12/site-packages/airflow/example_dags/example_python_decorator.py
[2025-01-30T04:35:49.327+0000] {logging_mixin.py:190} INFO - [2025-01-30T04:35:49.326+0000] {example_python_decorator.py:80} WARNING - The virtalenv_python example task requires virtualenv, please install it.
[2025-01-30T04:35:49.330+0000] {processor.py:925} INFO - DAG(s) 'example_python_decorator' retrieved from /root/airflow-venv/lib/python3.12/site-packages/airflow/example_dags/example_python_decorator.py
[2025-01-30T04:35:49.358+0000] {logging_mixin.py:190} INFO - [2025-01-30T04:35:49.358+0000] {dag.py:3239} INFO - Sync 1 DAGs
[2025-01-30T04:35:49.374+0000] {logging_mixin.py:190} INFO - [2025-01-30T04:35:49.374+0000] {dag.py:4180} INFO - Setting next_dagrun for example_python_decorator to None, run_after=None
[2025-01-30T04:35:49.399+0000] {processor.py:208} INFO - Processing /root/airflow-venv/lib/python3.12/site-packages/airflow/example_dags/example_python_decorator.py took 0.097 seconds
[2025-01-30T04:37:23.827+0000] {processor.py:186} INFO - Started process (PID=1129630) to work on /root/airflow-venv/lib/python3.12/site-packages/airflow/example_dags/example_python_decorator.py
[2025-01-30T04:37:23.828+0000] {processor.py:914} INFO - Processing file /root/airflow-venv/lib/python3.12/site-packages/airflow/example_dags/example_python_decorator.py for tasks to queue
[2025-01-30T04:37:23.832+0000] {logging_mixin.py:190} INFO - [2025-01-30T04:37:23.831+0000] {dagbag.py:588} INFO - Filling up the DagBag from /root/airflow-venv/lib/python3.12/site-packages/airflow/example_dags/example_python_decorator.py
[2025-01-30T04:37:23.844+0000] {logging_mixin.py:190} INFO - [2025-01-30T04:37:23.844+0000] {example_python_decorator.py:80} WARNING - The virtalenv_python example task requires virtualenv, please install it.
[2025-01-30T04:37:23.848+0000] {processor.py:925} INFO - DAG(s) 'example_python_decorator' retrieved from /root/airflow-venv/lib/python3.12/site-packages/airflow/example_dags/example_python_decorator.py
[2025-01-30T04:37:23.897+0000] {logging_mixin.py:190} INFO - [2025-01-30T04:37:23.896+0000] {dag.py:3239} INFO - Sync 1 DAGs
[2025-01-30T04:37:23.924+0000] {logging_mixin.py:190} INFO - [2025-01-30T04:37:23.924+0000] {dag.py:4180} INFO - Setting next_dagrun for example_python_decorator to None, run_after=None
[2025-01-30T04:37:23.958+0000] {processor.py:208} INFO - Processing /root/airflow-venv/lib/python3.12/site-packages/airflow/example_dags/example_python_decorator.py took 0.141 seconds
[2025-01-30T04:40:48.747+0000] {processor.py:186} INFO - Started process (PID=1129727) to work on /root/airflow-venv/lib/python3.12/site-packages/airflow/example_dags/example_python_decorator.py
[2025-01-30T04:40:48.749+0000] {processor.py:914} INFO - Processing file /root/airflow-venv/lib/python3.12/site-packages/airflow/example_dags/example_python_decorator.py for tasks to queue
[2025-01-30T04:40:48.752+0000] {logging_mixin.py:190} INFO - [2025-01-30T04:40:48.751+0000] {dagbag.py:588} INFO - Filling up the DagBag from /root/airflow-venv/lib/python3.12/site-packages/airflow/example_dags/example_python_decorator.py
[2025-01-30T04:40:48.763+0000] {logging_mixin.py:190} INFO - [2025-01-30T04:40:48.762+0000] {example_python_decorator.py:80} WARNING - The virtalenv_python example task requires virtualenv, please install it.
[2025-01-30T04:40:48.766+0000] {processor.py:925} INFO - DAG(s) 'example_python_decorator' retrieved from /root/airflow-venv/lib/python3.12/site-packages/airflow/example_dags/example_python_decorator.py
[2025-01-30T04:40:48.791+0000] {logging_mixin.py:190} INFO - [2025-01-30T04:40:48.791+0000] {dag.py:3239} INFO - Sync 1 DAGs
[2025-01-30T04:40:48.807+0000] {logging_mixin.py:190} INFO - [2025-01-30T04:40:48.807+0000] {dag.py:4180} INFO - Setting next_dagrun for example_python_decorator to None, run_after=None
[2025-01-30T04:40:48.833+0000] {processor.py:208} INFO - Processing /root/airflow-venv/lib/python3.12/site-packages/airflow/example_dags/example_python_decorator.py took 0.095 seconds
