[2025-01-30T04:35:26.226+0000] {processor.py:186} INFO - Started process (PID=1129521) to work on /root/airflow-venv/lib/python3.12/site-packages/airflow/example_dags/tutorial.py
[2025-01-30T04:35:26.227+0000] {processor.py:914} INFO - Processing file /root/airflow-venv/lib/python3.12/site-packages/airflow/example_dags/tutorial.py for tasks to queue
[2025-01-30T04:35:26.233+0000] {logging_mixin.py:190} INFO - [2025-01-30T04:35:26.232+0000] {dagbag.py:588} INFO - Filling up the DagBag from /root/airflow-venv/lib/python3.12/site-packages/airflow/example_dags/tutorial.py
[2025-01-30T04:35:26.250+0000] {processor.py:925} INFO - DAG(s) 'tutorial' retrieved from /root/airflow-venv/lib/python3.12/site-packages/airflow/example_dags/tutorial.py
[2025-01-30T04:35:26.295+0000] {logging_mixin.py:190} INFO - [2025-01-30T04:35:26.294+0000] {dag.py:3239} INFO - Sync 1 DAGs
[2025-01-30T04:35:26.325+0000] {logging_mixin.py:190} INFO - [2025-01-30T04:35:26.324+0000] {dag.py:4180} INFO - Setting next_dagrun for tutorial to 2025-01-29 00:00:00+00:00, run_after=2025-01-30 00:00:00+00:00
[2025-01-30T04:35:26.358+0000] {processor.py:208} INFO - Processing /root/airflow-venv/lib/python3.12/site-packages/airflow/example_dags/tutorial.py took 0.144 seconds
[2025-01-30T04:37:00.752+0000] {processor.py:186} INFO - Started process (PID=1129609) to work on /root/airflow-venv/lib/python3.12/site-packages/airflow/example_dags/tutorial.py
[2025-01-30T04:37:00.754+0000] {processor.py:914} INFO - Processing file /root/airflow-venv/lib/python3.12/site-packages/airflow/example_dags/tutorial.py for tasks to queue
[2025-01-30T04:37:00.758+0000] {logging_mixin.py:190} INFO - [2025-01-30T04:37:00.758+0000] {dagbag.py:588} INFO - Filling up the DagBag from /root/airflow-venv/lib/python3.12/site-packages/airflow/example_dags/tutorial.py
[2025-01-30T04:37:00.774+0000] {processor.py:925} INFO - DAG(s) 'tutorial' retrieved from /root/airflow-venv/lib/python3.12/site-packages/airflow/example_dags/tutorial.py
[2025-01-30T04:37:00.817+0000] {logging_mixin.py:190} INFO - [2025-01-30T04:37:00.816+0000] {dag.py:3239} INFO - Sync 1 DAGs
[2025-01-30T04:37:00.850+0000] {logging_mixin.py:190} INFO - [2025-01-30T04:37:00.850+0000] {dag.py:4180} INFO - Setting next_dagrun for tutorial to 2025-01-29 00:00:00+00:00, run_after=2025-01-30 00:00:00+00:00
[2025-01-30T04:37:00.878+0000] {processor.py:208} INFO - Processing /root/airflow-venv/lib/python3.12/site-packages/airflow/example_dags/tutorial.py took 0.133 seconds
[2025-01-30T04:40:29.073+0000] {processor.py:186} INFO - Started process (PID=1129708) to work on /root/airflow-venv/lib/python3.12/site-packages/airflow/example_dags/tutorial.py
[2025-01-30T04:40:29.075+0000] {processor.py:914} INFO - Processing file /root/airflow-venv/lib/python3.12/site-packages/airflow/example_dags/tutorial.py for tasks to queue
[2025-01-30T04:40:29.079+0000] {logging_mixin.py:190} INFO - [2025-01-30T04:40:29.078+0000] {dagbag.py:588} INFO - Filling up the DagBag from /root/airflow-venv/lib/python3.12/site-packages/airflow/example_dags/tutorial.py
[2025-01-30T04:40:29.091+0000] {processor.py:925} INFO - DAG(s) 'tutorial' retrieved from /root/airflow-venv/lib/python3.12/site-packages/airflow/example_dags/tutorial.py
[2025-01-30T04:40:29.123+0000] {logging_mixin.py:190} INFO - [2025-01-30T04:40:29.123+0000] {dag.py:3239} INFO - Sync 1 DAGs
[2025-01-30T04:40:29.147+0000] {logging_mixin.py:190} INFO - [2025-01-30T04:40:29.146+0000] {dag.py:4180} INFO - Setting next_dagrun for tutorial to 2025-01-29 00:00:00+00:00, run_after=2025-01-30 00:00:00+00:00
[2025-01-30T04:40:29.173+0000] {processor.py:208} INFO - Processing /root/airflow-venv/lib/python3.12/site-packages/airflow/example_dags/tutorial.py took 0.106 seconds
[2025-01-30T04:41:30.852+0000] {processor.py:186} INFO - Started process (PID=1129768) to work on /root/airflow-venv/lib/python3.12/site-packages/airflow/example_dags/tutorial.py
[2025-01-30T04:41:30.855+0000] {processor.py:914} INFO - Processing file /root/airflow-venv/lib/python3.12/site-packages/airflow/example_dags/tutorial.py for tasks to queue
[2025-01-30T04:41:30.860+0000] {logging_mixin.py:190} INFO - [2025-01-30T04:41:30.859+0000] {dagbag.py:588} INFO - Filling up the DagBag from /root/airflow-venv/lib/python3.12/site-packages/airflow/example_dags/tutorial.py
[2025-01-30T04:41:30.876+0000] {processor.py:925} INFO - DAG(s) 'tutorial' retrieved from /root/airflow-venv/lib/python3.12/site-packages/airflow/example_dags/tutorial.py
[2025-01-30T04:41:30.901+0000] {logging_mixin.py:190} INFO - [2025-01-30T04:41:30.901+0000] {dag.py:3239} INFO - Sync 1 DAGs
[2025-01-30T04:41:30.930+0000] {logging_mixin.py:190} INFO - [2025-01-30T04:41:30.930+0000] {dag.py:4180} INFO - Setting next_dagrun for tutorial to 2025-01-29 00:00:00+00:00, run_after=2025-01-30 00:00:00+00:00
[2025-01-30T04:41:30.960+0000] {processor.py:208} INFO - Processing /root/airflow-venv/lib/python3.12/site-packages/airflow/example_dags/tutorial.py took 0.118 seconds
