[2025-01-30T04:35:27.493+0000] {processor.py:186} INFO - Started process (PID=1129523) to work on /root/airflow-venv/lib/python3.12/site-packages/airflow/example_dags/tutorial_objectstorage.py
[2025-01-30T04:35:27.495+0000] {processor.py:914} INFO - Processing file /root/airflow-venv/lib/python3.12/site-packages/airflow/example_dags/tutorial_objectstorage.py for tasks to queue
[2025-01-30T04:35:27.499+0000] {logging_mixin.py:190} INFO - [2025-01-30T04:35:27.499+0000] {dagbag.py:588} INFO - Filling up the DagBag from /root/airflow-venv/lib/python3.12/site-packages/airflow/example_dags/tutorial_objectstorage.py
[2025-01-30T04:35:27.518+0000] {processor.py:925} INFO - DAG(s) 'tutorial_objectstorage' retrieved from /root/airflow-venv/lib/python3.12/site-packages/airflow/example_dags/tutorial_objectstorage.py
[2025-01-30T04:35:27.555+0000] {logging_mixin.py:190} INFO - [2025-01-30T04:35:27.554+0000] {dag.py:3239} INFO - Sync 1 DAGs
[2025-01-30T04:35:27.573+0000] {logging_mixin.py:190} INFO - [2025-01-30T04:35:27.572+0000] {dag.py:4180} INFO - Setting next_dagrun for tutorial_objectstorage to None, run_after=None
[2025-01-30T04:35:27.601+0000] {processor.py:208} INFO - Processing /root/airflow-venv/lib/python3.12/site-packages/airflow/example_dags/tutorial_objectstorage.py took 0.120 seconds
[2025-01-30T04:37:02.007+0000] {processor.py:186} INFO - Started process (PID=1129610) to work on /root/airflow-venv/lib/python3.12/site-packages/airflow/example_dags/tutorial_objectstorage.py
[2025-01-30T04:37:02.009+0000] {processor.py:914} INFO - Processing file /root/airflow-venv/lib/python3.12/site-packages/airflow/example_dags/tutorial_objectstorage.py for tasks to queue
[2025-01-30T04:37:02.012+0000] {logging_mixin.py:190} INFO - [2025-01-30T04:37:02.012+0000] {dagbag.py:588} INFO - Filling up the DagBag from /root/airflow-venv/lib/python3.12/site-packages/airflow/example_dags/tutorial_objectstorage.py
[2025-01-30T04:37:02.028+0000] {processor.py:925} INFO - DAG(s) 'tutorial_objectstorage' retrieved from /root/airflow-venv/lib/python3.12/site-packages/airflow/example_dags/tutorial_objectstorage.py
[2025-01-30T04:37:02.062+0000] {logging_mixin.py:190} INFO - [2025-01-30T04:37:02.062+0000] {dag.py:3239} INFO - Sync 1 DAGs
[2025-01-30T04:37:02.081+0000] {logging_mixin.py:190} INFO - [2025-01-30T04:37:02.080+0000] {dag.py:4180} INFO - Setting next_dagrun for tutorial_objectstorage to None, run_after=None
[2025-01-30T04:37:02.111+0000] {processor.py:208} INFO - Processing /root/airflow-venv/lib/python3.12/site-packages/airflow/example_dags/tutorial_objectstorage.py took 0.111 seconds
[2025-01-30T04:40:30.326+0000] {processor.py:186} INFO - Started process (PID=1129709) to work on /root/airflow-venv/lib/python3.12/site-packages/airflow/example_dags/tutorial_objectstorage.py
[2025-01-30T04:40:30.328+0000] {processor.py:914} INFO - Processing file /root/airflow-venv/lib/python3.12/site-packages/airflow/example_dags/tutorial_objectstorage.py for tasks to queue
[2025-01-30T04:40:30.331+0000] {logging_mixin.py:190} INFO - [2025-01-30T04:40:30.331+0000] {dagbag.py:588} INFO - Filling up the DagBag from /root/airflow-venv/lib/python3.12/site-packages/airflow/example_dags/tutorial_objectstorage.py
[2025-01-30T04:40:30.345+0000] {processor.py:925} INFO - DAG(s) 'tutorial_objectstorage' retrieved from /root/airflow-venv/lib/python3.12/site-packages/airflow/example_dags/tutorial_objectstorage.py
[2025-01-30T04:40:30.375+0000] {logging_mixin.py:190} INFO - [2025-01-30T04:40:30.375+0000] {dag.py:3239} INFO - Sync 1 DAGs
[2025-01-30T04:40:30.390+0000] {logging_mixin.py:190} INFO - [2025-01-30T04:40:30.390+0000] {dag.py:4180} INFO - Setting next_dagrun for tutorial_objectstorage to None, run_after=None
[2025-01-30T04:40:30.424+0000] {processor.py:208} INFO - Processing /root/airflow-venv/lib/python3.12/site-packages/airflow/example_dags/tutorial_objectstorage.py took 0.106 seconds
[2025-01-30T04:41:32.115+0000] {processor.py:186} INFO - Started process (PID=1129771) to work on /root/airflow-venv/lib/python3.12/site-packages/airflow/example_dags/tutorial_objectstorage.py
[2025-01-30T04:41:32.118+0000] {processor.py:914} INFO - Processing file /root/airflow-venv/lib/python3.12/site-packages/airflow/example_dags/tutorial_objectstorage.py for tasks to queue
[2025-01-30T04:41:32.122+0000] {logging_mixin.py:190} INFO - [2025-01-30T04:41:32.121+0000] {dagbag.py:588} INFO - Filling up the DagBag from /root/airflow-venv/lib/python3.12/site-packages/airflow/example_dags/tutorial_objectstorage.py
[2025-01-30T04:41:32.141+0000] {processor.py:925} INFO - DAG(s) 'tutorial_objectstorage' retrieved from /root/airflow-venv/lib/python3.12/site-packages/airflow/example_dags/tutorial_objectstorage.py
[2025-01-30T04:41:32.169+0000] {logging_mixin.py:190} INFO - [2025-01-30T04:41:32.169+0000] {dag.py:3239} INFO - Sync 1 DAGs
[2025-01-30T04:41:32.192+0000] {logging_mixin.py:190} INFO - [2025-01-30T04:41:32.191+0000] {dag.py:4180} INFO - Setting next_dagrun for tutorial_objectstorage to None, run_after=None
[2025-01-30T04:41:32.232+0000] {processor.py:208} INFO - Processing /root/airflow-venv/lib/python3.12/site-packages/airflow/example_dags/tutorial_objectstorage.py took 0.128 seconds
