[2025-01-30T04:35:22.156+0000] {processor.py:186} INFO - Started process (PID=1129515) to work on /root/airflow-venv/lib/python3.12/site-packages/airflow/example_dags/tutorial_taskflow_templates.py
[2025-01-30T04:35:22.157+0000] {processor.py:914} INFO - Processing file /root/airflow-venv/lib/python3.12/site-packages/airflow/example_dags/tutorial_taskflow_templates.py for tasks to queue
[2025-01-30T04:35:22.161+0000] {logging_mixin.py:190} INFO - [2025-01-30T04:35:22.160+0000] {dagbag.py:588} INFO - Filling up the DagBag from /root/airflow-venv/lib/python3.12/site-packages/airflow/example_dags/tutorial_taskflow_templates.py
[2025-01-30T04:35:22.183+0000] {processor.py:925} INFO - DAG(s) 'tutorial_taskflow_templates' retrieved from /root/airflow-venv/lib/python3.12/site-packages/airflow/example_dags/tutorial_taskflow_templates.py
[2025-01-30T04:35:22.218+0000] {logging_mixin.py:190} INFO - [2025-01-30T04:35:22.218+0000] {dag.py:3239} INFO - Sync 1 DAGs
[2025-01-30T04:35:22.247+0000] {logging_mixin.py:190} INFO - [2025-01-30T04:35:22.247+0000] {dag.py:4180} INFO - Setting next_dagrun for tutorial_taskflow_templates to 2025-01-29 00:00:00+00:00, run_after=2025-01-30 00:00:00+00:00
[2025-01-30T04:35:22.279+0000] {processor.py:208} INFO - Processing /root/airflow-venv/lib/python3.12/site-packages/airflow/example_dags/tutorial_taskflow_templates.py took 0.132 seconds
[2025-01-30T04:36:56.679+0000] {processor.py:186} INFO - Started process (PID=1129605) to work on /root/airflow-venv/lib/python3.12/site-packages/airflow/example_dags/tutorial_taskflow_templates.py
[2025-01-30T04:36:56.681+0000] {processor.py:914} INFO - Processing file /root/airflow-venv/lib/python3.12/site-packages/airflow/example_dags/tutorial_taskflow_templates.py for tasks to queue
[2025-01-30T04:36:56.685+0000] {logging_mixin.py:190} INFO - [2025-01-30T04:36:56.685+0000] {dagbag.py:588} INFO - Filling up the DagBag from /root/airflow-venv/lib/python3.12/site-packages/airflow/example_dags/tutorial_taskflow_templates.py
[2025-01-30T04:36:56.709+0000] {processor.py:925} INFO - DAG(s) 'tutorial_taskflow_templates' retrieved from /root/airflow-venv/lib/python3.12/site-packages/airflow/example_dags/tutorial_taskflow_templates.py
[2025-01-30T04:36:56.750+0000] {logging_mixin.py:190} INFO - [2025-01-30T04:36:56.750+0000] {dag.py:3239} INFO - Sync 1 DAGs
[2025-01-30T04:36:56.783+0000] {logging_mixin.py:190} INFO - [2025-01-30T04:36:56.782+0000] {dag.py:4180} INFO - Setting next_dagrun for tutorial_taskflow_templates to 2025-01-29 00:00:00+00:00, run_after=2025-01-30 00:00:00+00:00
[2025-01-30T04:36:56.813+0000] {processor.py:208} INFO - Processing /root/airflow-venv/lib/python3.12/site-packages/airflow/example_dags/tutorial_taskflow_templates.py took 0.144 seconds
[2025-01-30T04:40:24.932+0000] {processor.py:186} INFO - Started process (PID=1129704) to work on /root/airflow-venv/lib/python3.12/site-packages/airflow/example_dags/tutorial_taskflow_templates.py
[2025-01-30T04:40:24.933+0000] {processor.py:914} INFO - Processing file /root/airflow-venv/lib/python3.12/site-packages/airflow/example_dags/tutorial_taskflow_templates.py for tasks to queue
[2025-01-30T04:40:24.937+0000] {logging_mixin.py:190} INFO - [2025-01-30T04:40:24.936+0000] {dagbag.py:588} INFO - Filling up the DagBag from /root/airflow-venv/lib/python3.12/site-packages/airflow/example_dags/tutorial_taskflow_templates.py
[2025-01-30T04:40:24.957+0000] {processor.py:925} INFO - DAG(s) 'tutorial_taskflow_templates' retrieved from /root/airflow-venv/lib/python3.12/site-packages/airflow/example_dags/tutorial_taskflow_templates.py
[2025-01-30T04:40:24.994+0000] {logging_mixin.py:190} INFO - [2025-01-30T04:40:24.994+0000] {dag.py:3239} INFO - Sync 1 DAGs
[2025-01-30T04:40:25.022+0000] {logging_mixin.py:190} INFO - [2025-01-30T04:40:25.022+0000] {dag.py:4180} INFO - Setting next_dagrun for tutorial_taskflow_templates to 2025-01-29 00:00:00+00:00, run_after=2025-01-30 00:00:00+00:00
[2025-01-30T04:40:25.051+0000] {processor.py:208} INFO - Processing /root/airflow-venv/lib/python3.12/site-packages/airflow/example_dags/tutorial_taskflow_templates.py took 0.128 seconds
[2025-01-30T04:41:26.741+0000] {processor.py:186} INFO - Started process (PID=1129762) to work on /root/airflow-venv/lib/python3.12/site-packages/airflow/example_dags/tutorial_taskflow_templates.py
[2025-01-30T04:41:26.744+0000] {processor.py:914} INFO - Processing file /root/airflow-venv/lib/python3.12/site-packages/airflow/example_dags/tutorial_taskflow_templates.py for tasks to queue
[2025-01-30T04:41:26.748+0000] {logging_mixin.py:190} INFO - [2025-01-30T04:41:26.747+0000] {dagbag.py:588} INFO - Filling up the DagBag from /root/airflow-venv/lib/python3.12/site-packages/airflow/example_dags/tutorial_taskflow_templates.py
[2025-01-30T04:41:26.776+0000] {processor.py:925} INFO - DAG(s) 'tutorial_taskflow_templates' retrieved from /root/airflow-venv/lib/python3.12/site-packages/airflow/example_dags/tutorial_taskflow_templates.py
[2025-01-30T04:41:26.808+0000] {logging_mixin.py:190} INFO - [2025-01-30T04:41:26.808+0000] {dag.py:3239} INFO - Sync 1 DAGs
[2025-01-30T04:41:26.845+0000] {logging_mixin.py:190} INFO - [2025-01-30T04:41:26.844+0000] {dag.py:4180} INFO - Setting next_dagrun for tutorial_taskflow_templates to 2025-01-29 00:00:00+00:00, run_after=2025-01-30 00:00:00+00:00
[2025-01-30T04:41:26.877+0000] {processor.py:208} INFO - Processing /root/airflow-venv/lib/python3.12/site-packages/airflow/example_dags/tutorial_taskflow_templates.py took 0.145 seconds
