[2025-01-21T01:47:41.252+0000] {processor.py:186} INFO - Started process (PID=995331) to work on /root/airflow-venv/lib/python3.12/site-packages/airflow/example_dags/subdags/subdag.py
[2025-01-21T01:47:41.254+0000] {processor.py:914} INFO - Processing file /root/airflow-venv/lib/python3.12/site-packages/airflow/example_dags/subdags/subdag.py for tasks to queue
[2025-01-21T01:47:41.269+0000] {logging_mixin.py:190} INFO - [2025-01-21T01:47:41.268+0000] {dagbag.py:588} INFO - Filling up the DagBag from /root/airflow-venv/lib/python3.12/site-packages/airflow/example_dags/subdags/subdag.py
[2025-01-21T01:47:41.273+0000] {processor.py:927} WARNING - No viable dags retrieved from /root/airflow-venv/lib/python3.12/site-packages/airflow/example_dags/subdags/subdag.py
[2025-01-21T01:47:41.296+0000] {processor.py:208} INFO - Processing /root/airflow-venv/lib/python3.12/site-packages/airflow/example_dags/subdags/subdag.py took 0.059 seconds
[2025-01-21T01:49:13.650+0000] {processor.py:186} INFO - Started process (PID=995427) to work on /root/airflow-venv/lib/python3.12/site-packages/airflow/example_dags/subdags/subdag.py
[2025-01-21T01:49:13.653+0000] {processor.py:914} INFO - Processing file /root/airflow-venv/lib/python3.12/site-packages/airflow/example_dags/subdags/subdag.py for tasks to queue
[2025-01-21T01:49:13.658+0000] {logging_mixin.py:190} INFO - [2025-01-21T01:49:13.657+0000] {dagbag.py:588} INFO - Filling up the DagBag from /root/airflow-venv/lib/python3.12/site-packages/airflow/example_dags/subdags/subdag.py
[2025-01-21T01:49:13.663+0000] {processor.py:927} WARNING - No viable dags retrieved from /root/airflow-venv/lib/python3.12/site-packages/airflow/example_dags/subdags/subdag.py
[2025-01-21T01:49:13.688+0000] {processor.py:208} INFO - Processing /root/airflow-venv/lib/python3.12/site-packages/airflow/example_dags/subdags/subdag.py took 0.050 seconds
[2025-01-21T01:50:37.337+0000] {processor.py:186} INFO - Started process (PID=995522) to work on /root/airflow-venv/lib/python3.12/site-packages/airflow/example_dags/subdags/subdag.py
[2025-01-21T01:50:37.339+0000] {processor.py:914} INFO - Processing file /root/airflow-venv/lib/python3.12/site-packages/airflow/example_dags/subdags/subdag.py for tasks to queue
[2025-01-21T01:50:37.345+0000] {logging_mixin.py:190} INFO - [2025-01-21T01:50:37.344+0000] {dagbag.py:588} INFO - Filling up the DagBag from /root/airflow-venv/lib/python3.12/site-packages/airflow/example_dags/subdags/subdag.py
[2025-01-21T01:50:37.351+0000] {processor.py:927} WARNING - No viable dags retrieved from /root/airflow-venv/lib/python3.12/site-packages/airflow/example_dags/subdags/subdag.py
[2025-01-21T01:50:37.374+0000] {processor.py:208} INFO - Processing /root/airflow-venv/lib/python3.12/site-packages/airflow/example_dags/subdags/subdag.py took 0.049 seconds
[2025-01-21T01:51:11.063+0000] {processor.py:186} INFO - Started process (PID=995556) to work on /root/airflow-venv/lib/python3.12/site-packages/airflow/example_dags/subdags/subdag.py
[2025-01-21T01:51:11.065+0000] {processor.py:914} INFO - Processing file /root/airflow-venv/lib/python3.12/site-packages/airflow/example_dags/subdags/subdag.py for tasks to queue
[2025-01-21T01:51:11.070+0000] {logging_mixin.py:190} INFO - [2025-01-21T01:51:11.069+0000] {dagbag.py:588} INFO - Filling up the DagBag from /root/airflow-venv/lib/python3.12/site-packages/airflow/example_dags/subdags/subdag.py
[2025-01-21T01:51:11.074+0000] {processor.py:927} WARNING - No viable dags retrieved from /root/airflow-venv/lib/python3.12/site-packages/airflow/example_dags/subdags/subdag.py
[2025-01-21T01:51:11.093+0000] {processor.py:208} INFO - Processing /root/airflow-venv/lib/python3.12/site-packages/airflow/example_dags/subdags/subdag.py took 0.043 seconds
[2025-01-21T01:51:42.707+0000] {processor.py:186} INFO - Started process (PID=995590) to work on /root/airflow-venv/lib/python3.12/site-packages/airflow/example_dags/subdags/subdag.py
[2025-01-21T01:51:42.708+0000] {processor.py:914} INFO - Processing file /root/airflow-venv/lib/python3.12/site-packages/airflow/example_dags/subdags/subdag.py for tasks to queue
[2025-01-21T01:51:42.713+0000] {logging_mixin.py:190} INFO - [2025-01-21T01:51:42.712+0000] {dagbag.py:588} INFO - Filling up the DagBag from /root/airflow-venv/lib/python3.12/site-packages/airflow/example_dags/subdags/subdag.py
[2025-01-21T01:51:42.718+0000] {processor.py:927} WARNING - No viable dags retrieved from /root/airflow-venv/lib/python3.12/site-packages/airflow/example_dags/subdags/subdag.py
[2025-01-21T01:51:42.737+0000] {processor.py:208} INFO - Processing /root/airflow-venv/lib/python3.12/site-packages/airflow/example_dags/subdags/subdag.py took 0.041 seconds
[2025-01-21T01:52:13.988+0000] {processor.py:186} INFO - Started process (PID=995625) to work on /root/airflow-venv/lib/python3.12/site-packages/airflow/example_dags/subdags/subdag.py
[2025-01-21T01:52:13.990+0000] {processor.py:914} INFO - Processing file /root/airflow-venv/lib/python3.12/site-packages/airflow/example_dags/subdags/subdag.py for tasks to queue
[2025-01-21T01:52:13.994+0000] {logging_mixin.py:190} INFO - [2025-01-21T01:52:13.993+0000] {dagbag.py:588} INFO - Filling up the DagBag from /root/airflow-venv/lib/python3.12/site-packages/airflow/example_dags/subdags/subdag.py
[2025-01-21T01:52:13.998+0000] {processor.py:927} WARNING - No viable dags retrieved from /root/airflow-venv/lib/python3.12/site-packages/airflow/example_dags/subdags/subdag.py
[2025-01-21T01:52:14.020+0000] {processor.py:208} INFO - Processing /root/airflow-venv/lib/python3.12/site-packages/airflow/example_dags/subdags/subdag.py took 0.045 seconds
[2025-01-21T01:52:46.973+0000] {processor.py:186} INFO - Started process (PID=995654) to work on /root/airflow-venv/lib/python3.12/site-packages/airflow/example_dags/subdags/subdag.py
[2025-01-21T01:52:46.976+0000] {processor.py:914} INFO - Processing file /root/airflow-venv/lib/python3.12/site-packages/airflow/example_dags/subdags/subdag.py for tasks to queue
[2025-01-21T01:52:46.980+0000] {logging_mixin.py:190} INFO - [2025-01-21T01:52:46.979+0000] {dagbag.py:588} INFO - Filling up the DagBag from /root/airflow-venv/lib/python3.12/site-packages/airflow/example_dags/subdags/subdag.py
[2025-01-21T01:52:46.985+0000] {processor.py:927} WARNING - No viable dags retrieved from /root/airflow-venv/lib/python3.12/site-packages/airflow/example_dags/subdags/subdag.py
[2025-01-21T01:52:47.007+0000] {processor.py:208} INFO - Processing /root/airflow-venv/lib/python3.12/site-packages/airflow/example_dags/subdags/subdag.py took 0.044 seconds
[2025-01-21T01:53:19.706+0000] {processor.py:186} INFO - Started process (PID=995692) to work on /root/airflow-venv/lib/python3.12/site-packages/airflow/example_dags/subdags/subdag.py
[2025-01-21T01:53:19.708+0000] {processor.py:914} INFO - Processing file /root/airflow-venv/lib/python3.12/site-packages/airflow/example_dags/subdags/subdag.py for tasks to queue
[2025-01-21T01:53:19.713+0000] {logging_mixin.py:190} INFO - [2025-01-21T01:53:19.712+0000] {dagbag.py:588} INFO - Filling up the DagBag from /root/airflow-venv/lib/python3.12/site-packages/airflow/example_dags/subdags/subdag.py
[2025-01-21T01:53:19.718+0000] {processor.py:927} WARNING - No viable dags retrieved from /root/airflow-venv/lib/python3.12/site-packages/airflow/example_dags/subdags/subdag.py
[2025-01-21T01:53:19.744+0000] {processor.py:208} INFO - Processing /root/airflow-venv/lib/python3.12/site-packages/airflow/example_dags/subdags/subdag.py took 0.049 seconds
[2025-01-21T01:53:50.834+0000] {processor.py:186} INFO - Started process (PID=995724) to work on /root/airflow-venv/lib/python3.12/site-packages/airflow/example_dags/subdags/subdag.py
[2025-01-21T01:53:50.835+0000] {processor.py:914} INFO - Processing file /root/airflow-venv/lib/python3.12/site-packages/airflow/example_dags/subdags/subdag.py for tasks to queue
[2025-01-21T01:53:50.839+0000] {logging_mixin.py:190} INFO - [2025-01-21T01:53:50.838+0000] {dagbag.py:588} INFO - Filling up the DagBag from /root/airflow-venv/lib/python3.12/site-packages/airflow/example_dags/subdags/subdag.py
[2025-01-21T01:53:50.843+0000] {processor.py:927} WARNING - No viable dags retrieved from /root/airflow-venv/lib/python3.12/site-packages/airflow/example_dags/subdags/subdag.py
[2025-01-21T01:53:50.861+0000] {processor.py:208} INFO - Processing /root/airflow-venv/lib/python3.12/site-packages/airflow/example_dags/subdags/subdag.py took 0.036 seconds
[2025-01-21T01:54:22.134+0000] {processor.py:186} INFO - Started process (PID=995757) to work on /root/airflow-venv/lib/python3.12/site-packages/airflow/example_dags/subdags/subdag.py
[2025-01-21T01:54:22.136+0000] {processor.py:914} INFO - Processing file /root/airflow-venv/lib/python3.12/site-packages/airflow/example_dags/subdags/subdag.py for tasks to queue
[2025-01-21T01:54:22.139+0000] {logging_mixin.py:190} INFO - [2025-01-21T01:54:22.138+0000] {dagbag.py:588} INFO - Filling up the DagBag from /root/airflow-venv/lib/python3.12/site-packages/airflow/example_dags/subdags/subdag.py
[2025-01-21T01:54:22.143+0000] {processor.py:927} WARNING - No viable dags retrieved from /root/airflow-venv/lib/python3.12/site-packages/airflow/example_dags/subdags/subdag.py
[2025-01-21T01:54:22.160+0000] {processor.py:208} INFO - Processing /root/airflow-venv/lib/python3.12/site-packages/airflow/example_dags/subdags/subdag.py took 0.034 seconds
[2025-01-21T20:44:44.225+0000] {processor.py:186} INFO - Started process (PID=1007638) to work on /root/airflow-venv/lib/python3.12/site-packages/airflow/example_dags/subdags/subdag.py
[2025-01-21T20:44:44.229+0000] {processor.py:914} INFO - Processing file /root/airflow-venv/lib/python3.12/site-packages/airflow/example_dags/subdags/subdag.py for tasks to queue
[2025-01-21T20:44:44.233+0000] {logging_mixin.py:190} INFO - [2025-01-21T20:44:44.232+0000] {dagbag.py:588} INFO - Filling up the DagBag from /root/airflow-venv/lib/python3.12/site-packages/airflow/example_dags/subdags/subdag.py
[2025-01-21T20:44:44.237+0000] {processor.py:927} WARNING - No viable dags retrieved from /root/airflow-venv/lib/python3.12/site-packages/airflow/example_dags/subdags/subdag.py
[2025-01-21T20:44:44.254+0000] {processor.py:208} INFO - Processing /root/airflow-venv/lib/python3.12/site-packages/airflow/example_dags/subdags/subdag.py took 0.038 seconds
[2025-01-21T20:45:51.858+0000] {processor.py:186} INFO - Started process (PID=1007718) to work on /root/airflow-venv/lib/python3.12/site-packages/airflow/example_dags/subdags/subdag.py
[2025-01-21T20:45:51.860+0000] {processor.py:914} INFO - Processing file /root/airflow-venv/lib/python3.12/site-packages/airflow/example_dags/subdags/subdag.py for tasks to queue
[2025-01-21T20:45:51.864+0000] {logging_mixin.py:190} INFO - [2025-01-21T20:45:51.863+0000] {dagbag.py:588} INFO - Filling up the DagBag from /root/airflow-venv/lib/python3.12/site-packages/airflow/example_dags/subdags/subdag.py
[2025-01-21T20:45:51.868+0000] {processor.py:927} WARNING - No viable dags retrieved from /root/airflow-venv/lib/python3.12/site-packages/airflow/example_dags/subdags/subdag.py
[2025-01-21T20:45:51.888+0000] {processor.py:208} INFO - Processing /root/airflow-venv/lib/python3.12/site-packages/airflow/example_dags/subdags/subdag.py took 0.041 seconds
[2025-01-21T20:46:29.196+0000] {processor.py:186} INFO - Started process (PID=1007754) to work on /root/airflow-venv/lib/python3.12/site-packages/airflow/example_dags/subdags/subdag.py
[2025-01-21T20:46:29.199+0000] {processor.py:914} INFO - Processing file /root/airflow-venv/lib/python3.12/site-packages/airflow/example_dags/subdags/subdag.py for tasks to queue
[2025-01-21T20:46:29.203+0000] {logging_mixin.py:190} INFO - [2025-01-21T20:46:29.202+0000] {dagbag.py:588} INFO - Filling up the DagBag from /root/airflow-venv/lib/python3.12/site-packages/airflow/example_dags/subdags/subdag.py
[2025-01-21T20:46:29.208+0000] {processor.py:927} WARNING - No viable dags retrieved from /root/airflow-venv/lib/python3.12/site-packages/airflow/example_dags/subdags/subdag.py
[2025-01-21T20:46:29.232+0000] {processor.py:208} INFO - Processing /root/airflow-venv/lib/python3.12/site-packages/airflow/example_dags/subdags/subdag.py took 0.050 seconds
