[2025-03-13T18:00:53.361+0000] {local_task_job_runner.py:123} INFO - ::group::Pre task execution logs
[2025-03-13T18:00:53.384+0000] {taskinstance.py:2614} INFO - Dependencies all met for dep_context=non-requeueable deps ti=<TaskInstance: example_python_decorator.sleep_for_4 manual__2025-03-13T18:00:27.243348+00:00 [queued]>
[2025-03-13T18:00:53.396+0000] {taskinstance.py:2614} INFO - Dependencies all met for dep_context=requeueable deps ti=<TaskInstance: example_python_decorator.sleep_for_4 manual__2025-03-13T18:00:27.243348+00:00 [queued]>
[2025-03-13T18:00:53.397+0000] {taskinstance.py:2867} INFO - Starting attempt 1 of 1
[2025-03-13T18:00:53.416+0000] {taskinstance.py:2890} INFO - Executing <Task(_PythonDecoratedOperator): sleep_for_4> on 2025-03-13 18:00:27.243348+00:00
[2025-03-13T18:00:53.425+0000] {standard_task_runner.py:72} INFO - Started process 1660835 to run task
[2025-03-13T18:00:53.430+0000] {standard_task_runner.py:104} INFO - Running: ['airflow', 'tasks', 'run', 'example_python_decorator', 'sleep_for_4', 'manual__2025-03-13T18:00:27.243348+00:00', '--job-id', '67', '--raw', '--subdir', '/root/venv/lib/python3.12/site-packages/airflow/example_dags/example_python_decorator.py', '--cfg-path', '/tmp/tmpos52n1i6']
[2025-03-13T18:00:53.431+0000] {standard_task_runner.py:105} INFO - Job 67: Subtask sleep_for_4
[2025-03-13T18:00:53.481+0000] {task_command.py:467} INFO - Running <TaskInstance: example_python_decorator.sleep_for_4 manual__2025-03-13T18:00:27.243348+00:00 [running]> on host ubuntu-s-2vcpu-4gb-amd-sfo3-01
[2025-03-13T18:00:53.556+0000] {taskinstance.py:3134} INFO - Exporting env vars: AIRFLOW_CTX_DAG_OWNER='airflow' AIRFLOW_CTX_DAG_ID='example_python_decorator' AIRFLOW_CTX_TASK_ID='sleep_for_4' AIRFLOW_CTX_EXECUTION_DATE='2025-03-13T18:00:27.243348+00:00' AIRFLOW_CTX_TRY_NUMBER='1' AIRFLOW_CTX_DAG_RUN_ID='manual__2025-03-13T18:00:27.243348+00:00'
[2025-03-13T18:00:53.558+0000] {logging_mixin.py:190} INFO - Task instance is in running state
[2025-03-13T18:00:53.558+0000] {logging_mixin.py:190} INFO -  Previous state of the Task instance: queued
[2025-03-13T18:00:53.559+0000] {logging_mixin.py:190} INFO - Current task name:sleep_for_4 state:running start_date:2025-03-13 18:00:53.384769+00:00
[2025-03-13T18:00:53.559+0000] {logging_mixin.py:190} INFO - Dag name:example_python_decorator and current dag run status:running
[2025-03-13T18:00:53.559+0000] {taskinstance.py:732} INFO - ::endgroup::
[2025-03-13T18:00:53.960+0000] {python.py:240} INFO - Done. Returned value was: None
[2025-03-13T18:00:53.968+0000] {taskinstance.py:341} INFO - ::group::Post task execution logs
[2025-03-13T18:00:53.969+0000] {taskinstance.py:353} INFO - Marking task as SUCCESS. dag_id=example_python_decorator, task_id=sleep_for_4, run_id=manual__2025-03-13T18:00:27.243348+00:00, execution_date=20250313T180027, start_date=20250313T180053, end_date=20250313T180053
[2025-03-13T18:00:53.995+0000] {logging_mixin.py:190} INFO - Task instance in success state
[2025-03-13T18:00:53.996+0000] {logging_mixin.py:190} INFO -  Previous state of the Task instance: running
[2025-03-13T18:00:53.996+0000] {logging_mixin.py:190} INFO - Dag name:example_python_decorator queued_at:2025-03-13 18:00:27.288517+00:00
[2025-03-13T18:00:53.996+0000] {logging_mixin.py:190} INFO - Task hostname:ubuntu-s-2vcpu-4gb-amd-sfo3-01 operator:_PythonDecoratedOperator
[2025-03-13T18:00:54.048+0000] {local_task_job_runner.py:266} INFO - Task exited with return code 0
[2025-03-13T18:00:54.068+0000] {taskinstance.py:3901} INFO - 0 downstream tasks scheduled from follow-on schedule check
[2025-03-13T18:00:54.069+0000] {local_task_job_runner.py:245} INFO - ::endgroup::
