[2024-12-17T04:42:29.837+0000] {processor.py:186} INFO - Started process (PID=434238) to work on /root/airflow-venv/lib/python3.12/site-packages/airflow/example_dags/plugins/event_listener.py
[2024-12-17T04:42:29.838+0000] {processor.py:914} INFO - Processing file /root/airflow-venv/lib/python3.12/site-packages/airflow/example_dags/plugins/event_listener.py for tasks to queue
[2024-12-17T04:42:29.843+0000] {logging_mixin.py:190} INFO - [2024-12-17T04:42:29.843+0000] {dagbag.py:588} INFO - Filling up the DagBag from /root/airflow-venv/lib/python3.12/site-packages/airflow/example_dags/plugins/event_listener.py
[2024-12-17T04:42:29.849+0000] {processor.py:927} WARNING - No viable dags retrieved from /root/airflow-venv/lib/python3.12/site-packages/airflow/example_dags/plugins/event_listener.py
[2024-12-17T04:42:29.868+0000] {processor.py:208} INFO - Processing /root/airflow-venv/lib/python3.12/site-packages/airflow/example_dags/plugins/event_listener.py took 0.041 seconds
[2024-12-17T04:44:42.940+0000] {processor.py:186} INFO - Started process (PID=434342) to work on /root/airflow-venv/lib/python3.12/site-packages/airflow/example_dags/plugins/event_listener.py
[2024-12-17T04:44:42.942+0000] {processor.py:914} INFO - Processing file /root/airflow-venv/lib/python3.12/site-packages/airflow/example_dags/plugins/event_listener.py for tasks to queue
[2024-12-17T04:44:42.944+0000] {logging_mixin.py:190} INFO - [2024-12-17T04:44:42.944+0000] {dagbag.py:588} INFO - Filling up the DagBag from /root/airflow-venv/lib/python3.12/site-packages/airflow/example_dags/plugins/event_listener.py
[2024-12-17T04:44:42.947+0000] {processor.py:927} WARNING - No viable dags retrieved from /root/airflow-venv/lib/python3.12/site-packages/airflow/example_dags/plugins/event_listener.py
[2024-12-17T04:44:42.964+0000] {processor.py:208} INFO - Processing /root/airflow-venv/lib/python3.12/site-packages/airflow/example_dags/plugins/event_listener.py took 0.031 seconds
[2024-12-17T04:45:39.980+0000] {processor.py:186} INFO - Started process (PID=434407) to work on /root/airflow-venv/lib/python3.12/site-packages/airflow/example_dags/plugins/event_listener.py
[2024-12-17T04:45:39.981+0000] {processor.py:914} INFO - Processing file /root/airflow-venv/lib/python3.12/site-packages/airflow/example_dags/plugins/event_listener.py for tasks to queue
[2024-12-17T04:45:39.983+0000] {logging_mixin.py:190} INFO - [2024-12-17T04:45:39.983+0000] {dagbag.py:588} INFO - Filling up the DagBag from /root/airflow-venv/lib/python3.12/site-packages/airflow/example_dags/plugins/event_listener.py
[2024-12-17T04:45:39.986+0000] {processor.py:927} WARNING - No viable dags retrieved from /root/airflow-venv/lib/python3.12/site-packages/airflow/example_dags/plugins/event_listener.py
[2024-12-17T04:45:40.003+0000] {processor.py:208} INFO - Processing /root/airflow-venv/lib/python3.12/site-packages/airflow/example_dags/plugins/event_listener.py took 0.030 seconds
[2024-12-17T04:54:31.920+0000] {processor.py:186} INFO - Started process (PID=434565) to work on /root/airflow-venv/lib/python3.12/site-packages/airflow/example_dags/plugins/event_listener.py
[2024-12-17T04:54:31.921+0000] {processor.py:914} INFO - Processing file /root/airflow-venv/lib/python3.12/site-packages/airflow/example_dags/plugins/event_listener.py for tasks to queue
[2024-12-17T04:54:31.924+0000] {logging_mixin.py:190} INFO - [2024-12-17T04:54:31.924+0000] {dagbag.py:588} INFO - Filling up the DagBag from /root/airflow-venv/lib/python3.12/site-packages/airflow/example_dags/plugins/event_listener.py
[2024-12-17T04:54:31.927+0000] {processor.py:927} WARNING - No viable dags retrieved from /root/airflow-venv/lib/python3.12/site-packages/airflow/example_dags/plugins/event_listener.py
[2024-12-17T04:54:31.943+0000] {processor.py:208} INFO - Processing /root/airflow-venv/lib/python3.12/site-packages/airflow/example_dags/plugins/event_listener.py took 0.031 seconds
[2024-12-17T04:55:29.917+0000] {processor.py:186} INFO - Started process (PID=434629) to work on /root/airflow-venv/lib/python3.12/site-packages/airflow/example_dags/plugins/event_listener.py
[2024-12-17T04:55:29.919+0000] {processor.py:914} INFO - Processing file /root/airflow-venv/lib/python3.12/site-packages/airflow/example_dags/plugins/event_listener.py for tasks to queue
[2024-12-17T04:55:29.921+0000] {logging_mixin.py:190} INFO - [2024-12-17T04:55:29.921+0000] {dagbag.py:588} INFO - Filling up the DagBag from /root/airflow-venv/lib/python3.12/site-packages/airflow/example_dags/plugins/event_listener.py
[2024-12-17T04:55:29.924+0000] {processor.py:927} WARNING - No viable dags retrieved from /root/airflow-venv/lib/python3.12/site-packages/airflow/example_dags/plugins/event_listener.py
[2024-12-17T04:55:29.939+0000] {processor.py:208} INFO - Processing /root/airflow-venv/lib/python3.12/site-packages/airflow/example_dags/plugins/event_listener.py took 0.031 seconds
[2024-12-17T04:56:29.274+0000] {processor.py:186} INFO - Started process (PID=434690) to work on /root/airflow-venv/lib/python3.12/site-packages/airflow/example_dags/plugins/event_listener.py
[2024-12-17T04:56:29.275+0000] {processor.py:914} INFO - Processing file /root/airflow-venv/lib/python3.12/site-packages/airflow/example_dags/plugins/event_listener.py for tasks to queue
[2024-12-17T04:56:29.278+0000] {logging_mixin.py:190} INFO - [2024-12-17T04:56:29.277+0000] {dagbag.py:588} INFO - Filling up the DagBag from /root/airflow-venv/lib/python3.12/site-packages/airflow/example_dags/plugins/event_listener.py
[2024-12-17T04:56:29.281+0000] {processor.py:927} WARNING - No viable dags retrieved from /root/airflow-venv/lib/python3.12/site-packages/airflow/example_dags/plugins/event_listener.py
[2024-12-17T04:56:29.296+0000] {processor.py:208} INFO - Processing /root/airflow-venv/lib/python3.12/site-packages/airflow/example_dags/plugins/event_listener.py took 0.030 seconds
[2024-12-17T04:57:22.512+0000] {processor.py:186} INFO - Started process (PID=434751) to work on /root/airflow-venv/lib/python3.12/site-packages/airflow/example_dags/plugins/event_listener.py
[2024-12-17T04:57:22.514+0000] {processor.py:914} INFO - Processing file /root/airflow-venv/lib/python3.12/site-packages/airflow/example_dags/plugins/event_listener.py for tasks to queue
[2024-12-17T04:57:22.516+0000] {logging_mixin.py:190} INFO - [2024-12-17T04:57:22.516+0000] {dagbag.py:588} INFO - Filling up the DagBag from /root/airflow-venv/lib/python3.12/site-packages/airflow/example_dags/plugins/event_listener.py
[2024-12-17T04:57:22.519+0000] {processor.py:927} WARNING - No viable dags retrieved from /root/airflow-venv/lib/python3.12/site-packages/airflow/example_dags/plugins/event_listener.py
[2024-12-17T04:57:22.533+0000] {processor.py:208} INFO - Processing /root/airflow-venv/lib/python3.12/site-packages/airflow/example_dags/plugins/event_listener.py took 0.027 seconds
