[2024-12-17T04:42:33.275+0000] {processor.py:186} INFO - Started process (PID=434245) to work on /root/airflow-venv/lib/python3.12/site-packages/airflow/example_dags/plugins/listener_plugin.py
[2024-12-17T04:42:33.277+0000] {processor.py:914} INFO - Processing file /root/airflow-venv/lib/python3.12/site-packages/airflow/example_dags/plugins/listener_plugin.py for tasks to queue
[2024-12-17T04:42:33.280+0000] {logging_mixin.py:190} INFO - [2024-12-17T04:42:33.279+0000] {dagbag.py:588} INFO - Filling up the DagBag from /root/airflow-venv/lib/python3.12/site-packages/airflow/example_dags/plugins/listener_plugin.py
[2024-12-17T04:42:33.284+0000] {processor.py:927} WARNING - No viable dags retrieved from /root/airflow-venv/lib/python3.12/site-packages/airflow/example_dags/plugins/listener_plugin.py
[2024-12-17T04:42:33.305+0000] {processor.py:208} INFO - Processing /root/airflow-venv/lib/python3.12/site-packages/airflow/example_dags/plugins/listener_plugin.py took 0.040 seconds
[2024-12-17T04:44:46.388+0000] {processor.py:186} INFO - Started process (PID=434345) to work on /root/airflow-venv/lib/python3.12/site-packages/airflow/example_dags/plugins/listener_plugin.py
[2024-12-17T04:44:46.390+0000] {processor.py:914} INFO - Processing file /root/airflow-venv/lib/python3.12/site-packages/airflow/example_dags/plugins/listener_plugin.py for tasks to queue
[2024-12-17T04:44:46.392+0000] {logging_mixin.py:190} INFO - [2024-12-17T04:44:46.391+0000] {dagbag.py:588} INFO - Filling up the DagBag from /root/airflow-venv/lib/python3.12/site-packages/airflow/example_dags/plugins/listener_plugin.py
[2024-12-17T04:44:46.395+0000] {processor.py:927} WARNING - No viable dags retrieved from /root/airflow-venv/lib/python3.12/site-packages/airflow/example_dags/plugins/listener_plugin.py
[2024-12-17T04:44:46.408+0000] {processor.py:208} INFO - Processing /root/airflow-venv/lib/python3.12/site-packages/airflow/example_dags/plugins/listener_plugin.py took 0.025 seconds
[2024-12-17T04:45:42.301+0000] {processor.py:186} INFO - Started process (PID=434410) to work on /root/airflow-venv/lib/python3.12/site-packages/airflow/example_dags/plugins/listener_plugin.py
[2024-12-17T04:45:42.302+0000] {processor.py:914} INFO - Processing file /root/airflow-venv/lib/python3.12/site-packages/airflow/example_dags/plugins/listener_plugin.py for tasks to queue
[2024-12-17T04:45:42.304+0000] {logging_mixin.py:190} INFO - [2024-12-17T04:45:42.304+0000] {dagbag.py:588} INFO - Filling up the DagBag from /root/airflow-venv/lib/python3.12/site-packages/airflow/example_dags/plugins/listener_plugin.py
[2024-12-17T04:45:42.307+0000] {processor.py:927} WARNING - No viable dags retrieved from /root/airflow-venv/lib/python3.12/site-packages/airflow/example_dags/plugins/listener_plugin.py
[2024-12-17T04:45:42.320+0000] {processor.py:208} INFO - Processing /root/airflow-venv/lib/python3.12/site-packages/airflow/example_dags/plugins/listener_plugin.py took 0.025 seconds
[2024-12-17T04:54:35.375+0000] {processor.py:186} INFO - Started process (PID=434568) to work on /root/airflow-venv/lib/python3.12/site-packages/airflow/example_dags/plugins/listener_plugin.py
[2024-12-17T04:54:35.377+0000] {processor.py:914} INFO - Processing file /root/airflow-venv/lib/python3.12/site-packages/airflow/example_dags/plugins/listener_plugin.py for tasks to queue
[2024-12-17T04:54:35.380+0000] {logging_mixin.py:190} INFO - [2024-12-17T04:54:35.379+0000] {dagbag.py:588} INFO - Filling up the DagBag from /root/airflow-venv/lib/python3.12/site-packages/airflow/example_dags/plugins/listener_plugin.py
[2024-12-17T04:54:35.383+0000] {processor.py:927} WARNING - No viable dags retrieved from /root/airflow-venv/lib/python3.12/site-packages/airflow/example_dags/plugins/listener_plugin.py
[2024-12-17T04:54:35.397+0000] {processor.py:208} INFO - Processing /root/airflow-venv/lib/python3.12/site-packages/airflow/example_dags/plugins/listener_plugin.py took 0.032 seconds
[2024-12-17T04:55:32.526+0000] {processor.py:186} INFO - Started process (PID=434634) to work on /root/airflow-venv/lib/python3.12/site-packages/airflow/example_dags/plugins/listener_plugin.py
[2024-12-17T04:55:32.528+0000] {processor.py:914} INFO - Processing file /root/airflow-venv/lib/python3.12/site-packages/airflow/example_dags/plugins/listener_plugin.py for tasks to queue
[2024-12-17T04:55:32.531+0000] {logging_mixin.py:190} INFO - [2024-12-17T04:55:32.531+0000] {dagbag.py:588} INFO - Filling up the DagBag from /root/airflow-venv/lib/python3.12/site-packages/airflow/example_dags/plugins/listener_plugin.py
[2024-12-17T04:55:32.536+0000] {processor.py:927} WARNING - No viable dags retrieved from /root/airflow-venv/lib/python3.12/site-packages/airflow/example_dags/plugins/listener_plugin.py
[2024-12-17T04:55:32.557+0000] {processor.py:208} INFO - Processing /root/airflow-venv/lib/python3.12/site-packages/airflow/example_dags/plugins/listener_plugin.py took 0.041 seconds
[2024-12-17T04:56:31.806+0000] {processor.py:186} INFO - Started process (PID=434693) to work on /root/airflow-venv/lib/python3.12/site-packages/airflow/example_dags/plugins/listener_plugin.py
[2024-12-17T04:56:31.808+0000] {processor.py:914} INFO - Processing file /root/airflow-venv/lib/python3.12/site-packages/airflow/example_dags/plugins/listener_plugin.py for tasks to queue
[2024-12-17T04:56:31.811+0000] {logging_mixin.py:190} INFO - [2024-12-17T04:56:31.810+0000] {dagbag.py:588} INFO - Filling up the DagBag from /root/airflow-venv/lib/python3.12/site-packages/airflow/example_dags/plugins/listener_plugin.py
[2024-12-17T04:56:31.814+0000] {processor.py:927} WARNING - No viable dags retrieved from /root/airflow-venv/lib/python3.12/site-packages/airflow/example_dags/plugins/listener_plugin.py
[2024-12-17T04:56:31.830+0000] {processor.py:208} INFO - Processing /root/airflow-venv/lib/python3.12/site-packages/airflow/example_dags/plugins/listener_plugin.py took 0.033 seconds
[2024-12-17T04:57:25.663+0000] {processor.py:186} INFO - Started process (PID=434754) to work on /root/airflow-venv/lib/python3.12/site-packages/airflow/example_dags/plugins/listener_plugin.py
[2024-12-17T04:57:25.665+0000] {processor.py:914} INFO - Processing file /root/airflow-venv/lib/python3.12/site-packages/airflow/example_dags/plugins/listener_plugin.py for tasks to queue
[2024-12-17T04:57:25.668+0000] {logging_mixin.py:190} INFO - [2024-12-17T04:57:25.668+0000] {dagbag.py:588} INFO - Filling up the DagBag from /root/airflow-venv/lib/python3.12/site-packages/airflow/example_dags/plugins/listener_plugin.py
[2024-12-17T04:57:25.673+0000] {processor.py:927} WARNING - No viable dags retrieved from /root/airflow-venv/lib/python3.12/site-packages/airflow/example_dags/plugins/listener_plugin.py
[2024-12-17T04:57:25.690+0000] {processor.py:208} INFO - Processing /root/airflow-venv/lib/python3.12/site-packages/airflow/example_dags/plugins/listener_plugin.py took 0.035 seconds
