[2024-12-17T04:42:32.134+0000] {processor.py:186} INFO - Started process (PID=434244) to work on /root/airflow-venv/lib/python3.12/site-packages/airflow/example_dags/plugins/workday.py
[2024-12-17T04:42:32.135+0000] {processor.py:914} INFO - Processing file /root/airflow-venv/lib/python3.12/site-packages/airflow/example_dags/plugins/workday.py for tasks to queue
[2024-12-17T04:42:32.139+0000] {logging_mixin.py:190} INFO - [2024-12-17T04:42:32.138+0000] {dagbag.py:588} INFO - Filling up the DagBag from /root/airflow-venv/lib/python3.12/site-packages/airflow/example_dags/plugins/workday.py
[2024-12-17T04:42:32.144+0000] {logging_mixin.py:190} INFO - [2024-12-17T04:42:32.144+0000] {workday.py:41} WARNING - Could not import pandas. Holidays will not be considered.
[2024-12-17T04:42:32.145+0000] {processor.py:927} WARNING - No viable dags retrieved from /root/airflow-venv/lib/python3.12/site-packages/airflow/example_dags/plugins/workday.py
[2024-12-17T04:42:32.163+0000] {processor.py:208} INFO - Processing /root/airflow-venv/lib/python3.12/site-packages/airflow/example_dags/plugins/workday.py took 0.039 seconds
[2024-12-17T04:44:45.246+0000] {processor.py:186} INFO - Started process (PID=434344) to work on /root/airflow-venv/lib/python3.12/site-packages/airflow/example_dags/plugins/workday.py
[2024-12-17T04:44:45.248+0000] {processor.py:914} INFO - Processing file /root/airflow-venv/lib/python3.12/site-packages/airflow/example_dags/plugins/workday.py for tasks to queue
[2024-12-17T04:44:45.250+0000] {logging_mixin.py:190} INFO - [2024-12-17T04:44:45.250+0000] {dagbag.py:588} INFO - Filling up the DagBag from /root/airflow-venv/lib/python3.12/site-packages/airflow/example_dags/plugins/workday.py
[2024-12-17T04:44:45.254+0000] {logging_mixin.py:190} INFO - [2024-12-17T04:44:45.254+0000] {workday.py:41} WARNING - Could not import pandas. Holidays will not be considered.
[2024-12-17T04:44:45.255+0000] {processor.py:927} WARNING - No viable dags retrieved from /root/airflow-venv/lib/python3.12/site-packages/airflow/example_dags/plugins/workday.py
[2024-12-17T04:44:45.269+0000] {processor.py:208} INFO - Processing /root/airflow-venv/lib/python3.12/site-packages/airflow/example_dags/plugins/workday.py took 0.029 seconds
[2024-12-17T04:45:41.661+0000] {processor.py:186} INFO - Started process (PID=434409) to work on /root/airflow-venv/lib/python3.12/site-packages/airflow/example_dags/plugins/workday.py
[2024-12-17T04:45:41.662+0000] {processor.py:914} INFO - Processing file /root/airflow-venv/lib/python3.12/site-packages/airflow/example_dags/plugins/workday.py for tasks to queue
[2024-12-17T04:45:41.666+0000] {logging_mixin.py:190} INFO - [2024-12-17T04:45:41.665+0000] {dagbag.py:588} INFO - Filling up the DagBag from /root/airflow-venv/lib/python3.12/site-packages/airflow/example_dags/plugins/workday.py
[2024-12-17T04:45:41.672+0000] {logging_mixin.py:190} INFO - [2024-12-17T04:45:41.672+0000] {workday.py:41} WARNING - Could not import pandas. Holidays will not be considered.
[2024-12-17T04:45:41.673+0000] {processor.py:927} WARNING - No viable dags retrieved from /root/airflow-venv/lib/python3.12/site-packages/airflow/example_dags/plugins/workday.py
[2024-12-17T04:45:41.689+0000] {processor.py:208} INFO - Processing /root/airflow-venv/lib/python3.12/site-packages/airflow/example_dags/plugins/workday.py took 0.038 seconds
[2024-12-17T04:54:34.222+0000] {processor.py:186} INFO - Started process (PID=434567) to work on /root/airflow-venv/lib/python3.12/site-packages/airflow/example_dags/plugins/workday.py
[2024-12-17T04:54:34.224+0000] {processor.py:914} INFO - Processing file /root/airflow-venv/lib/python3.12/site-packages/airflow/example_dags/plugins/workday.py for tasks to queue
[2024-12-17T04:54:34.226+0000] {logging_mixin.py:190} INFO - [2024-12-17T04:54:34.226+0000] {dagbag.py:588} INFO - Filling up the DagBag from /root/airflow-venv/lib/python3.12/site-packages/airflow/example_dags/plugins/workday.py
[2024-12-17T04:54:34.230+0000] {logging_mixin.py:190} INFO - [2024-12-17T04:54:34.230+0000] {workday.py:41} WARNING - Could not import pandas. Holidays will not be considered.
[2024-12-17T04:54:34.231+0000] {processor.py:927} WARNING - No viable dags retrieved from /root/airflow-venv/lib/python3.12/site-packages/airflow/example_dags/plugins/workday.py
[2024-12-17T04:54:34.246+0000] {processor.py:208} INFO - Processing /root/airflow-venv/lib/python3.12/site-packages/airflow/example_dags/plugins/workday.py took 0.031 seconds
[2024-12-17T04:55:31.359+0000] {processor.py:186} INFO - Started process (PID=434633) to work on /root/airflow-venv/lib/python3.12/site-packages/airflow/example_dags/plugins/workday.py
[2024-12-17T04:55:31.360+0000] {processor.py:914} INFO - Processing file /root/airflow-venv/lib/python3.12/site-packages/airflow/example_dags/plugins/workday.py for tasks to queue
[2024-12-17T04:55:31.363+0000] {logging_mixin.py:190} INFO - [2024-12-17T04:55:31.363+0000] {dagbag.py:588} INFO - Filling up the DagBag from /root/airflow-venv/lib/python3.12/site-packages/airflow/example_dags/plugins/workday.py
[2024-12-17T04:55:31.367+0000] {logging_mixin.py:190} INFO - [2024-12-17T04:55:31.367+0000] {workday.py:41} WARNING - Could not import pandas. Holidays will not be considered.
[2024-12-17T04:55:31.367+0000] {processor.py:927} WARNING - No viable dags retrieved from /root/airflow-venv/lib/python3.12/site-packages/airflow/example_dags/plugins/workday.py
[2024-12-17T04:55:31.385+0000] {processor.py:208} INFO - Processing /root/airflow-venv/lib/python3.12/site-packages/airflow/example_dags/plugins/workday.py took 0.033 seconds
[2024-12-17T04:56:30.645+0000] {processor.py:186} INFO - Started process (PID=434692) to work on /root/airflow-venv/lib/python3.12/site-packages/airflow/example_dags/plugins/workday.py
[2024-12-17T04:56:30.647+0000] {processor.py:914} INFO - Processing file /root/airflow-venv/lib/python3.12/site-packages/airflow/example_dags/plugins/workday.py for tasks to queue
[2024-12-17T04:56:30.649+0000] {logging_mixin.py:190} INFO - [2024-12-17T04:56:30.649+0000] {dagbag.py:588} INFO - Filling up the DagBag from /root/airflow-venv/lib/python3.12/site-packages/airflow/example_dags/plugins/workday.py
[2024-12-17T04:56:30.653+0000] {logging_mixin.py:190} INFO - [2024-12-17T04:56:30.653+0000] {workday.py:41} WARNING - Could not import pandas. Holidays will not be considered.
[2024-12-17T04:56:30.653+0000] {processor.py:927} WARNING - No viable dags retrieved from /root/airflow-venv/lib/python3.12/site-packages/airflow/example_dags/plugins/workday.py
[2024-12-17T04:56:30.670+0000] {processor.py:208} INFO - Processing /root/airflow-venv/lib/python3.12/site-packages/airflow/example_dags/plugins/workday.py took 0.032 seconds
[2024-12-17T04:57:24.521+0000] {processor.py:186} INFO - Started process (PID=434753) to work on /root/airflow-venv/lib/python3.12/site-packages/airflow/example_dags/plugins/workday.py
[2024-12-17T04:57:24.522+0000] {processor.py:914} INFO - Processing file /root/airflow-venv/lib/python3.12/site-packages/airflow/example_dags/plugins/workday.py for tasks to queue
[2024-12-17T04:57:24.525+0000] {logging_mixin.py:190} INFO - [2024-12-17T04:57:24.524+0000] {dagbag.py:588} INFO - Filling up the DagBag from /root/airflow-venv/lib/python3.12/site-packages/airflow/example_dags/plugins/workday.py
[2024-12-17T04:57:24.528+0000] {logging_mixin.py:190} INFO - [2024-12-17T04:57:24.528+0000] {workday.py:41} WARNING - Could not import pandas. Holidays will not be considered.
[2024-12-17T04:57:24.528+0000] {processor.py:927} WARNING - No viable dags retrieved from /root/airflow-venv/lib/python3.12/site-packages/airflow/example_dags/plugins/workday.py
[2024-12-17T04:57:24.541+0000] {processor.py:208} INFO - Processing /root/airflow-venv/lib/python3.12/site-packages/airflow/example_dags/plugins/workday.py took 0.027 seconds
