[2024-11-21T21:20:48.081+0000] {processor.py:186} INFO - Started process (PID=3271) to work on /root/airflow-venv/lib/python3.12/site-packages/airflow/example_dags/example_dynamic_task_mapping_with_no_taskflow_operators.py
[2024-11-21T21:20:48.082+0000] {processor.py:914} INFO - Processing file /root/airflow-venv/lib/python3.12/site-packages/airflow/example_dags/example_dynamic_task_mapping_with_no_taskflow_operators.py for tasks to queue
[2024-11-21T21:20:48.085+0000] {logging_mixin.py:190} INFO - [2024-11-21T21:20:48.084+0000] {dagbag.py:588} INFO - Filling up the DagBag from /root/airflow-venv/lib/python3.12/site-packages/airflow/example_dags/example_dynamic_task_mapping_with_no_taskflow_operators.py
[2024-11-21T21:20:48.098+0000] {processor.py:925} INFO - DAG(s) 'example_dynamic_task_mapping_with_no_taskflow_operators' retrieved from /root/airflow-venv/lib/python3.12/site-packages/airflow/example_dags/example_dynamic_task_mapping_with_no_taskflow_operators.py
[2024-11-21T21:20:48.219+0000] {logging_mixin.py:190} INFO - [2024-11-21T21:20:48.219+0000] {override.py:1911} INFO - Created Permission View: can delete on DAG:example_dynamic_task_mapping_with_no_taskflow_operators
[2024-11-21T21:20:48.231+0000] {logging_mixin.py:190} INFO - [2024-11-21T21:20:48.231+0000] {override.py:1911} INFO - Created Permission View: can edit on DAG:example_dynamic_task_mapping_with_no_taskflow_operators
[2024-11-21T21:20:48.241+0000] {logging_mixin.py:190} INFO - [2024-11-21T21:20:48.240+0000] {override.py:1911} INFO - Created Permission View: can read on DAG:example_dynamic_task_mapping_with_no_taskflow_operators
[2024-11-21T21:20:48.257+0000] {logging_mixin.py:190} INFO - [2024-11-21T21:20:48.257+0000] {override.py:1911} INFO - Created Permission View: can delete on DAG Run:example_dynamic_task_mapping_with_no_taskflow_operators
[2024-11-21T21:20:48.269+0000] {logging_mixin.py:190} INFO - [2024-11-21T21:20:48.269+0000] {override.py:1911} INFO - Created Permission View: can create on DAG Run:example_dynamic_task_mapping_with_no_taskflow_operators
[2024-11-21T21:20:48.278+0000] {logging_mixin.py:190} INFO - [2024-11-21T21:20:48.277+0000] {override.py:1911} INFO - Created Permission View: can read on DAG Run:example_dynamic_task_mapping_with_no_taskflow_operators
[2024-11-21T21:20:48.287+0000] {logging_mixin.py:190} INFO - [2024-11-21T21:20:48.287+0000] {override.py:1911} INFO - Created Permission View: menu access on DAG Run:example_dynamic_task_mapping_with_no_taskflow_operators
[2024-11-21T21:20:48.287+0000] {logging_mixin.py:190} INFO - [2024-11-21T21:20:48.287+0000] {dag.py:3239} INFO - Sync 1 DAGs
[2024-11-21T21:20:48.299+0000] {logging_mixin.py:190} INFO - [2024-11-21T21:20:48.299+0000] {dag.py:3262} INFO - Creating ORM DAG for example_dynamic_task_mapping_with_no_taskflow_operators
[2024-11-21T21:20:48.300+0000] {logging_mixin.py:190} INFO - [2024-11-21T21:20:48.300+0000] {dag.py:4180} INFO - Setting next_dagrun for example_dynamic_task_mapping_with_no_taskflow_operators to None, run_after=None
[2024-11-21T21:20:48.323+0000] {processor.py:208} INFO - Processing /root/airflow-venv/lib/python3.12/site-packages/airflow/example_dags/example_dynamic_task_mapping_with_no_taskflow_operators.py took 0.252 seconds
[2024-11-21T21:20:55.948+0000] {processor.py:186} INFO - Started process (PID=3285) to work on /root/airflow-venv/lib/python3.12/site-packages/airflow/example_dags/example_dynamic_task_mapping_with_no_taskflow_operators.py
[2024-11-21T21:20:55.949+0000] {processor.py:914} INFO - Processing file /root/airflow-venv/lib/python3.12/site-packages/airflow/example_dags/example_dynamic_task_mapping_with_no_taskflow_operators.py for tasks to queue
[2024-11-21T21:20:55.951+0000] {logging_mixin.py:190} INFO - [2024-11-21T21:20:55.951+0000] {dagbag.py:588} INFO - Filling up the DagBag from /root/airflow-venv/lib/python3.12/site-packages/airflow/example_dags/example_dynamic_task_mapping_with_no_taskflow_operators.py
[2024-11-21T21:20:55.962+0000] {processor.py:925} INFO - DAG(s) 'example_dynamic_task_mapping_with_no_taskflow_operators' retrieved from /root/airflow-venv/lib/python3.12/site-packages/airflow/example_dags/example_dynamic_task_mapping_with_no_taskflow_operators.py
[2024-11-21T21:20:55.973+0000] {logging_mixin.py:190} INFO - [2024-11-21T21:20:55.973+0000] {dag.py:3239} INFO - Sync 1 DAGs
[2024-11-21T21:20:55.990+0000] {logging_mixin.py:190} INFO - [2024-11-21T21:20:55.990+0000] {dag.py:4180} INFO - Setting next_dagrun for example_dynamic_task_mapping_with_no_taskflow_operators to None, run_after=None
[2024-11-21T21:20:56.014+0000] {processor.py:208} INFO - Processing /root/airflow-venv/lib/python3.12/site-packages/airflow/example_dags/example_dynamic_task_mapping_with_no_taskflow_operators.py took 0.073 seconds
[2024-11-21T21:21:56.900+0000] {processor.py:186} INFO - Started process (PID=3349) to work on /root/airflow-venv/lib/python3.12/site-packages/airflow/example_dags/example_dynamic_task_mapping_with_no_taskflow_operators.py
[2024-11-21T21:21:56.902+0000] {processor.py:914} INFO - Processing file /root/airflow-venv/lib/python3.12/site-packages/airflow/example_dags/example_dynamic_task_mapping_with_no_taskflow_operators.py for tasks to queue
[2024-11-21T21:21:56.905+0000] {logging_mixin.py:190} INFO - [2024-11-21T21:21:56.904+0000] {dagbag.py:588} INFO - Filling up the DagBag from /root/airflow-venv/lib/python3.12/site-packages/airflow/example_dags/example_dynamic_task_mapping_with_no_taskflow_operators.py
[2024-11-21T21:21:56.917+0000] {processor.py:925} INFO - DAG(s) 'example_dynamic_task_mapping_with_no_taskflow_operators' retrieved from /root/airflow-venv/lib/python3.12/site-packages/airflow/example_dags/example_dynamic_task_mapping_with_no_taskflow_operators.py
[2024-11-21T21:21:56.939+0000] {logging_mixin.py:190} INFO - [2024-11-21T21:21:56.938+0000] {dag.py:3239} INFO - Sync 1 DAGs
[2024-11-21T21:21:56.954+0000] {logging_mixin.py:190} INFO - [2024-11-21T21:21:56.954+0000] {dag.py:4180} INFO - Setting next_dagrun for example_dynamic_task_mapping_with_no_taskflow_operators to None, run_after=None
[2024-11-21T21:21:56.984+0000] {processor.py:208} INFO - Processing /root/airflow-venv/lib/python3.12/site-packages/airflow/example_dags/example_dynamic_task_mapping_with_no_taskflow_operators.py took 0.092 seconds
[2024-11-21T21:22:55.398+0000] {processor.py:186} INFO - Started process (PID=3406) to work on /root/airflow-venv/lib/python3.12/site-packages/airflow/example_dags/example_dynamic_task_mapping_with_no_taskflow_operators.py
[2024-11-21T21:22:55.399+0000] {processor.py:914} INFO - Processing file /root/airflow-venv/lib/python3.12/site-packages/airflow/example_dags/example_dynamic_task_mapping_with_no_taskflow_operators.py for tasks to queue
[2024-11-21T21:22:55.402+0000] {logging_mixin.py:190} INFO - [2024-11-21T21:22:55.401+0000] {dagbag.py:588} INFO - Filling up the DagBag from /root/airflow-venv/lib/python3.12/site-packages/airflow/example_dags/example_dynamic_task_mapping_with_no_taskflow_operators.py
[2024-11-21T21:22:55.413+0000] {processor.py:925} INFO - DAG(s) 'example_dynamic_task_mapping_with_no_taskflow_operators' retrieved from /root/airflow-venv/lib/python3.12/site-packages/airflow/example_dags/example_dynamic_task_mapping_with_no_taskflow_operators.py
[2024-11-21T21:22:55.435+0000] {logging_mixin.py:190} INFO - [2024-11-21T21:22:55.434+0000] {dag.py:3239} INFO - Sync 1 DAGs
[2024-11-21T21:22:55.450+0000] {logging_mixin.py:190} INFO - [2024-11-21T21:22:55.450+0000] {dag.py:4180} INFO - Setting next_dagrun for example_dynamic_task_mapping_with_no_taskflow_operators to None, run_after=None
[2024-11-21T21:22:55.475+0000] {processor.py:208} INFO - Processing /root/airflow-venv/lib/python3.12/site-packages/airflow/example_dags/example_dynamic_task_mapping_with_no_taskflow_operators.py took 0.083 seconds
[2024-11-21T21:23:55.396+0000] {processor.py:186} INFO - Started process (PID=3466) to work on /root/airflow-venv/lib/python3.12/site-packages/airflow/example_dags/example_dynamic_task_mapping_with_no_taskflow_operators.py
[2024-11-21T21:23:55.398+0000] {processor.py:914} INFO - Processing file /root/airflow-venv/lib/python3.12/site-packages/airflow/example_dags/example_dynamic_task_mapping_with_no_taskflow_operators.py for tasks to queue
[2024-11-21T21:23:55.401+0000] {logging_mixin.py:190} INFO - [2024-11-21T21:23:55.400+0000] {dagbag.py:588} INFO - Filling up the DagBag from /root/airflow-venv/lib/python3.12/site-packages/airflow/example_dags/example_dynamic_task_mapping_with_no_taskflow_operators.py
[2024-11-21T21:23:55.413+0000] {processor.py:925} INFO - DAG(s) 'example_dynamic_task_mapping_with_no_taskflow_operators' retrieved from /root/airflow-venv/lib/python3.12/site-packages/airflow/example_dags/example_dynamic_task_mapping_with_no_taskflow_operators.py
[2024-11-21T21:23:55.435+0000] {logging_mixin.py:190} INFO - [2024-11-21T21:23:55.434+0000] {dag.py:3239} INFO - Sync 1 DAGs
[2024-11-21T21:23:55.449+0000] {logging_mixin.py:190} INFO - [2024-11-21T21:23:55.449+0000] {dag.py:4180} INFO - Setting next_dagrun for example_dynamic_task_mapping_with_no_taskflow_operators to None, run_after=None
[2024-11-21T21:23:55.476+0000] {processor.py:208} INFO - Processing /root/airflow-venv/lib/python3.12/site-packages/airflow/example_dags/example_dynamic_task_mapping_with_no_taskflow_operators.py took 0.087 seconds
[2024-11-21T21:24:53.148+0000] {processor.py:186} INFO - Started process (PID=3523) to work on /root/airflow-venv/lib/python3.12/site-packages/airflow/example_dags/example_dynamic_task_mapping_with_no_taskflow_operators.py
[2024-11-21T21:24:53.149+0000] {processor.py:914} INFO - Processing file /root/airflow-venv/lib/python3.12/site-packages/airflow/example_dags/example_dynamic_task_mapping_with_no_taskflow_operators.py for tasks to queue
[2024-11-21T21:24:53.152+0000] {logging_mixin.py:190} INFO - [2024-11-21T21:24:53.152+0000] {dagbag.py:588} INFO - Filling up the DagBag from /root/airflow-venv/lib/python3.12/site-packages/airflow/example_dags/example_dynamic_task_mapping_with_no_taskflow_operators.py
[2024-11-21T21:24:53.163+0000] {processor.py:925} INFO - DAG(s) 'example_dynamic_task_mapping_with_no_taskflow_operators' retrieved from /root/airflow-venv/lib/python3.12/site-packages/airflow/example_dags/example_dynamic_task_mapping_with_no_taskflow_operators.py
[2024-11-21T21:24:53.183+0000] {logging_mixin.py:190} INFO - [2024-11-21T21:24:53.183+0000] {dag.py:3239} INFO - Sync 1 DAGs
[2024-11-21T21:24:53.198+0000] {logging_mixin.py:190} INFO - [2024-11-21T21:24:53.198+0000] {dag.py:4180} INFO - Setting next_dagrun for example_dynamic_task_mapping_with_no_taskflow_operators to None, run_after=None
[2024-11-21T21:24:53.221+0000] {processor.py:208} INFO - Processing /root/airflow-venv/lib/python3.12/site-packages/airflow/example_dags/example_dynamic_task_mapping_with_no_taskflow_operators.py took 0.080 seconds
[2024-11-21T21:25:53.476+0000] {processor.py:186} INFO - Started process (PID=3585) to work on /root/airflow-venv/lib/python3.12/site-packages/airflow/example_dags/example_dynamic_task_mapping_with_no_taskflow_operators.py
[2024-11-21T21:25:53.478+0000] {processor.py:914} INFO - Processing file /root/airflow-venv/lib/python3.12/site-packages/airflow/example_dags/example_dynamic_task_mapping_with_no_taskflow_operators.py for tasks to queue
[2024-11-21T21:25:53.482+0000] {logging_mixin.py:190} INFO - [2024-11-21T21:25:53.481+0000] {dagbag.py:588} INFO - Filling up the DagBag from /root/airflow-venv/lib/python3.12/site-packages/airflow/example_dags/example_dynamic_task_mapping_with_no_taskflow_operators.py
[2024-11-21T21:25:53.497+0000] {processor.py:925} INFO - DAG(s) 'example_dynamic_task_mapping_with_no_taskflow_operators' retrieved from /root/airflow-venv/lib/python3.12/site-packages/airflow/example_dags/example_dynamic_task_mapping_with_no_taskflow_operators.py
[2024-11-21T21:25:53.524+0000] {logging_mixin.py:190} INFO - [2024-11-21T21:25:53.523+0000] {dag.py:3239} INFO - Sync 1 DAGs
[2024-11-21T21:25:53.544+0000] {logging_mixin.py:190} INFO - [2024-11-21T21:25:53.543+0000] {dag.py:4180} INFO - Setting next_dagrun for example_dynamic_task_mapping_with_no_taskflow_operators to None, run_after=None
[2024-11-21T21:25:53.628+0000] {processor.py:208} INFO - Processing /root/airflow-venv/lib/python3.12/site-packages/airflow/example_dags/example_dynamic_task_mapping_with_no_taskflow_operators.py took 0.160 seconds
[2024-11-21T21:27:03.903+0000] {processor.py:186} INFO - Started process (PID=3648) to work on /root/airflow-venv/lib/python3.12/site-packages/airflow/example_dags/example_dynamic_task_mapping_with_no_taskflow_operators.py
[2024-11-21T21:27:03.905+0000] {processor.py:914} INFO - Processing file /root/airflow-venv/lib/python3.12/site-packages/airflow/example_dags/example_dynamic_task_mapping_with_no_taskflow_operators.py for tasks to queue
[2024-11-21T21:27:03.909+0000] {logging_mixin.py:190} INFO - [2024-11-21T21:27:03.909+0000] {dagbag.py:588} INFO - Filling up the DagBag from /root/airflow-venv/lib/python3.12/site-packages/airflow/example_dags/example_dynamic_task_mapping_with_no_taskflow_operators.py
[2024-11-21T21:27:03.923+0000] {processor.py:925} INFO - DAG(s) 'example_dynamic_task_mapping_with_no_taskflow_operators' retrieved from /root/airflow-venv/lib/python3.12/site-packages/airflow/example_dags/example_dynamic_task_mapping_with_no_taskflow_operators.py
[2024-11-21T21:27:03.949+0000] {logging_mixin.py:190} INFO - [2024-11-21T21:27:03.949+0000] {dag.py:3239} INFO - Sync 1 DAGs
[2024-11-21T21:27:03.967+0000] {logging_mixin.py:190} INFO - [2024-11-21T21:27:03.967+0000] {dag.py:4180} INFO - Setting next_dagrun for example_dynamic_task_mapping_with_no_taskflow_operators to None, run_after=None
[2024-11-21T21:27:03.997+0000] {processor.py:208} INFO - Processing /root/airflow-venv/lib/python3.12/site-packages/airflow/example_dags/example_dynamic_task_mapping_with_no_taskflow_operators.py took 0.103 seconds
[2024-11-21T21:28:00.827+0000] {processor.py:186} INFO - Started process (PID=3705) to work on /root/airflow-venv/lib/python3.12/site-packages/airflow/example_dags/example_dynamic_task_mapping_with_no_taskflow_operators.py
[2024-11-21T21:28:00.829+0000] {processor.py:914} INFO - Processing file /root/airflow-venv/lib/python3.12/site-packages/airflow/example_dags/example_dynamic_task_mapping_with_no_taskflow_operators.py for tasks to queue
[2024-11-21T21:28:00.832+0000] {logging_mixin.py:190} INFO - [2024-11-21T21:28:00.831+0000] {dagbag.py:588} INFO - Filling up the DagBag from /root/airflow-venv/lib/python3.12/site-packages/airflow/example_dags/example_dynamic_task_mapping_with_no_taskflow_operators.py
[2024-11-21T21:28:00.843+0000] {processor.py:925} INFO - DAG(s) 'example_dynamic_task_mapping_with_no_taskflow_operators' retrieved from /root/airflow-venv/lib/python3.12/site-packages/airflow/example_dags/example_dynamic_task_mapping_with_no_taskflow_operators.py
[2024-11-21T21:28:00.863+0000] {logging_mixin.py:190} INFO - [2024-11-21T21:28:00.863+0000] {dag.py:3239} INFO - Sync 1 DAGs
[2024-11-21T21:28:00.878+0000] {logging_mixin.py:190} INFO - [2024-11-21T21:28:00.878+0000] {dag.py:4180} INFO - Setting next_dagrun for example_dynamic_task_mapping_with_no_taskflow_operators to None, run_after=None
[2024-11-21T21:28:00.904+0000] {processor.py:208} INFO - Processing /root/airflow-venv/lib/python3.12/site-packages/airflow/example_dags/example_dynamic_task_mapping_with_no_taskflow_operators.py took 0.084 seconds
[2024-11-21T21:28:56.340+0000] {processor.py:186} INFO - Started process (PID=3764) to work on /root/airflow-venv/lib/python3.12/site-packages/airflow/example_dags/example_dynamic_task_mapping_with_no_taskflow_operators.py
[2024-11-21T21:28:56.342+0000] {processor.py:914} INFO - Processing file /root/airflow-venv/lib/python3.12/site-packages/airflow/example_dags/example_dynamic_task_mapping_with_no_taskflow_operators.py for tasks to queue
[2024-11-21T21:28:56.344+0000] {logging_mixin.py:190} INFO - [2024-11-21T21:28:56.344+0000] {dagbag.py:588} INFO - Filling up the DagBag from /root/airflow-venv/lib/python3.12/site-packages/airflow/example_dags/example_dynamic_task_mapping_with_no_taskflow_operators.py
[2024-11-21T21:28:56.356+0000] {processor.py:925} INFO - DAG(s) 'example_dynamic_task_mapping_with_no_taskflow_operators' retrieved from /root/airflow-venv/lib/python3.12/site-packages/airflow/example_dags/example_dynamic_task_mapping_with_no_taskflow_operators.py
[2024-11-21T21:28:56.377+0000] {logging_mixin.py:190} INFO - [2024-11-21T21:28:56.377+0000] {dag.py:3239} INFO - Sync 1 DAGs
[2024-11-21T21:28:56.395+0000] {logging_mixin.py:190} INFO - [2024-11-21T21:28:56.394+0000] {dag.py:4180} INFO - Setting next_dagrun for example_dynamic_task_mapping_with_no_taskflow_operators to None, run_after=None
[2024-11-21T21:28:56.422+0000] {processor.py:208} INFO - Processing /root/airflow-venv/lib/python3.12/site-packages/airflow/example_dags/example_dynamic_task_mapping_with_no_taskflow_operators.py took 0.091 seconds
[2024-11-21T21:29:52.177+0000] {processor.py:186} INFO - Started process (PID=3878) to work on /root/airflow-venv/lib/python3.12/site-packages/airflow/example_dags/example_dynamic_task_mapping_with_no_taskflow_operators.py
[2024-11-21T21:29:52.178+0000] {processor.py:914} INFO - Processing file /root/airflow-venv/lib/python3.12/site-packages/airflow/example_dags/example_dynamic_task_mapping_with_no_taskflow_operators.py for tasks to queue
[2024-11-21T21:29:52.181+0000] {logging_mixin.py:190} INFO - [2024-11-21T21:29:52.180+0000] {dagbag.py:588} INFO - Filling up the DagBag from /root/airflow-venv/lib/python3.12/site-packages/airflow/example_dags/example_dynamic_task_mapping_with_no_taskflow_operators.py
[2024-11-21T21:29:52.193+0000] {processor.py:925} INFO - DAG(s) 'example_dynamic_task_mapping_with_no_taskflow_operators' retrieved from /root/airflow-venv/lib/python3.12/site-packages/airflow/example_dags/example_dynamic_task_mapping_with_no_taskflow_operators.py
[2024-11-21T21:29:52.214+0000] {logging_mixin.py:190} INFO - [2024-11-21T21:29:52.214+0000] {dag.py:3239} INFO - Sync 1 DAGs
[2024-11-21T21:29:52.229+0000] {logging_mixin.py:190} INFO - [2024-11-21T21:29:52.229+0000] {dag.py:4180} INFO - Setting next_dagrun for example_dynamic_task_mapping_with_no_taskflow_operators to None, run_after=None
[2024-11-21T21:29:52.252+0000] {processor.py:208} INFO - Processing /root/airflow-venv/lib/python3.12/site-packages/airflow/example_dags/example_dynamic_task_mapping_with_no_taskflow_operators.py took 0.083 seconds
[2024-11-21T21:30:45.396+0000] {processor.py:186} INFO - Started process (PID=3944) to work on /root/airflow-venv/lib/python3.12/site-packages/airflow/example_dags/example_dynamic_task_mapping_with_no_taskflow_operators.py
[2024-11-21T21:30:45.398+0000] {processor.py:914} INFO - Processing file /root/airflow-venv/lib/python3.12/site-packages/airflow/example_dags/example_dynamic_task_mapping_with_no_taskflow_operators.py for tasks to queue
[2024-11-21T21:30:45.400+0000] {logging_mixin.py:190} INFO - [2024-11-21T21:30:45.400+0000] {dagbag.py:588} INFO - Filling up the DagBag from /root/airflow-venv/lib/python3.12/site-packages/airflow/example_dags/example_dynamic_task_mapping_with_no_taskflow_operators.py
[2024-11-21T21:30:45.410+0000] {processor.py:925} INFO - DAG(s) 'example_dynamic_task_mapping_with_no_taskflow_operators' retrieved from /root/airflow-venv/lib/python3.12/site-packages/airflow/example_dags/example_dynamic_task_mapping_with_no_taskflow_operators.py
[2024-11-21T21:30:45.428+0000] {logging_mixin.py:190} INFO - [2024-11-21T21:30:45.428+0000] {dag.py:3239} INFO - Sync 1 DAGs
[2024-11-21T21:30:45.443+0000] {logging_mixin.py:190} INFO - [2024-11-21T21:30:45.443+0000] {dag.py:4180} INFO - Setting next_dagrun for example_dynamic_task_mapping_with_no_taskflow_operators to None, run_after=None
[2024-11-21T21:30:45.463+0000] {processor.py:208} INFO - Processing /root/airflow-venv/lib/python3.12/site-packages/airflow/example_dags/example_dynamic_task_mapping_with_no_taskflow_operators.py took 0.073 seconds
[2024-11-21T21:31:42.768+0000] {processor.py:186} INFO - Started process (PID=4002) to work on /root/airflow-venv/lib/python3.12/site-packages/airflow/example_dags/example_dynamic_task_mapping_with_no_taskflow_operators.py
[2024-11-21T21:31:42.770+0000] {processor.py:914} INFO - Processing file /root/airflow-venv/lib/python3.12/site-packages/airflow/example_dags/example_dynamic_task_mapping_with_no_taskflow_operators.py for tasks to queue
[2024-11-21T21:31:42.772+0000] {logging_mixin.py:190} INFO - [2024-11-21T21:31:42.772+0000] {dagbag.py:588} INFO - Filling up the DagBag from /root/airflow-venv/lib/python3.12/site-packages/airflow/example_dags/example_dynamic_task_mapping_with_no_taskflow_operators.py
[2024-11-21T21:31:42.783+0000] {processor.py:925} INFO - DAG(s) 'example_dynamic_task_mapping_with_no_taskflow_operators' retrieved from /root/airflow-venv/lib/python3.12/site-packages/airflow/example_dags/example_dynamic_task_mapping_with_no_taskflow_operators.py
[2024-11-21T21:31:42.803+0000] {logging_mixin.py:190} INFO - [2024-11-21T21:31:42.803+0000] {dag.py:3239} INFO - Sync 1 DAGs
[2024-11-21T21:31:42.818+0000] {logging_mixin.py:190} INFO - [2024-11-21T21:31:42.818+0000] {dag.py:4180} INFO - Setting next_dagrun for example_dynamic_task_mapping_with_no_taskflow_operators to None, run_after=None
[2024-11-21T21:31:42.843+0000] {processor.py:208} INFO - Processing /root/airflow-venv/lib/python3.12/site-packages/airflow/example_dags/example_dynamic_task_mapping_with_no_taskflow_operators.py took 0.082 seconds
