[2024-11-21T21:20:50.802+0000] {processor.py:186} INFO - Started process (PID=3276) to work on /root/airflow-venv/lib/python3.12/site-packages/airflow/example_dags/example_dag_decorator.py
[2024-11-21T21:20:50.803+0000] {processor.py:914} INFO - Processing file /root/airflow-venv/lib/python3.12/site-packages/airflow/example_dags/example_dag_decorator.py for tasks to queue
[2024-11-21T21:20:50.807+0000] {logging_mixin.py:190} INFO - [2024-11-21T21:20:50.807+0000] {dagbag.py:588} INFO - Filling up the DagBag from /root/airflow-venv/lib/python3.12/site-packages/airflow/example_dags/example_dag_decorator.py
[2024-11-21T21:20:50.830+0000] {processor.py:925} INFO - DAG(s) 'example_dag_decorator' retrieved from /root/airflow-venv/lib/python3.12/site-packages/airflow/example_dags/example_dag_decorator.py
[2024-11-21T21:20:50.974+0000] {logging_mixin.py:190} INFO - [2024-11-21T21:20:50.973+0000] {override.py:1911} INFO - Created Permission View: can delete on DAG:example_dag_decorator
[2024-11-21T21:20:50.988+0000] {logging_mixin.py:190} INFO - [2024-11-21T21:20:50.987+0000] {override.py:1911} INFO - Created Permission View: can edit on DAG:example_dag_decorator
[2024-11-21T21:20:50.997+0000] {logging_mixin.py:190} INFO - [2024-11-21T21:20:50.996+0000] {override.py:1911} INFO - Created Permission View: can read on DAG:example_dag_decorator
[2024-11-21T21:20:51.012+0000] {logging_mixin.py:190} INFO - [2024-11-21T21:20:51.011+0000] {override.py:1911} INFO - Created Permission View: can delete on DAG Run:example_dag_decorator
[2024-11-21T21:20:51.021+0000] {logging_mixin.py:190} INFO - [2024-11-21T21:20:51.021+0000] {override.py:1911} INFO - Created Permission View: can create on DAG Run:example_dag_decorator
[2024-11-21T21:20:51.031+0000] {logging_mixin.py:190} INFO - [2024-11-21T21:20:51.030+0000] {override.py:1911} INFO - Created Permission View: can read on DAG Run:example_dag_decorator
[2024-11-21T21:20:51.039+0000] {logging_mixin.py:190} INFO - [2024-11-21T21:20:51.039+0000] {override.py:1911} INFO - Created Permission View: menu access on DAG Run:example_dag_decorator
[2024-11-21T21:20:51.040+0000] {logging_mixin.py:190} INFO - [2024-11-21T21:20:51.039+0000] {dag.py:3239} INFO - Sync 1 DAGs
[2024-11-21T21:20:51.053+0000] {logging_mixin.py:190} INFO - [2024-11-21T21:20:51.053+0000] {dag.py:3262} INFO - Creating ORM DAG for example_dag_decorator
[2024-11-21T21:20:51.054+0000] {logging_mixin.py:190} INFO - [2024-11-21T21:20:51.054+0000] {dag.py:4180} INFO - Setting next_dagrun for example_dag_decorator to None, run_after=None
[2024-11-21T21:20:51.075+0000] {processor.py:208} INFO - Processing /root/airflow-venv/lib/python3.12/site-packages/airflow/example_dags/example_dag_decorator.py took 0.283 seconds
[2024-11-21T21:20:57.824+0000] {processor.py:186} INFO - Started process (PID=3289) to work on /root/airflow-venv/lib/python3.12/site-packages/airflow/example_dags/example_dag_decorator.py
[2024-11-21T21:20:57.825+0000] {processor.py:914} INFO - Processing file /root/airflow-venv/lib/python3.12/site-packages/airflow/example_dags/example_dag_decorator.py for tasks to queue
[2024-11-21T21:20:57.828+0000] {logging_mixin.py:190} INFO - [2024-11-21T21:20:57.827+0000] {dagbag.py:588} INFO - Filling up the DagBag from /root/airflow-venv/lib/python3.12/site-packages/airflow/example_dags/example_dag_decorator.py
[2024-11-21T21:20:57.843+0000] {processor.py:925} INFO - DAG(s) 'example_dag_decorator' retrieved from /root/airflow-venv/lib/python3.12/site-packages/airflow/example_dags/example_dag_decorator.py
[2024-11-21T21:20:57.854+0000] {logging_mixin.py:190} INFO - [2024-11-21T21:20:57.854+0000] {dag.py:3239} INFO - Sync 1 DAGs
[2024-11-21T21:20:57.869+0000] {logging_mixin.py:190} INFO - [2024-11-21T21:20:57.869+0000] {dag.py:4180} INFO - Setting next_dagrun for example_dag_decorator to None, run_after=None
[2024-11-21T21:20:57.895+0000] {processor.py:208} INFO - Processing /root/airflow-venv/lib/python3.12/site-packages/airflow/example_dags/example_dag_decorator.py took 0.078 seconds
[2024-11-21T21:21:58.008+0000] {processor.py:186} INFO - Started process (PID=3351) to work on /root/airflow-venv/lib/python3.12/site-packages/airflow/example_dags/example_dag_decorator.py
[2024-11-21T21:21:58.009+0000] {processor.py:914} INFO - Processing file /root/airflow-venv/lib/python3.12/site-packages/airflow/example_dags/example_dag_decorator.py for tasks to queue
[2024-11-21T21:21:58.013+0000] {logging_mixin.py:190} INFO - [2024-11-21T21:21:58.012+0000] {dagbag.py:588} INFO - Filling up the DagBag from /root/airflow-venv/lib/python3.12/site-packages/airflow/example_dags/example_dag_decorator.py
[2024-11-21T21:21:58.032+0000] {processor.py:925} INFO - DAG(s) 'example_dag_decorator' retrieved from /root/airflow-venv/lib/python3.12/site-packages/airflow/example_dags/example_dag_decorator.py
[2024-11-21T21:21:58.168+0000] {logging_mixin.py:190} INFO - [2024-11-21T21:21:58.168+0000] {dag.py:3239} INFO - Sync 1 DAGs
[2024-11-21T21:21:58.181+0000] {logging_mixin.py:190} INFO - [2024-11-21T21:21:58.180+0000] {dag.py:4180} INFO - Setting next_dagrun for example_dag_decorator to None, run_after=None
[2024-11-21T21:21:58.209+0000] {processor.py:208} INFO - Processing /root/airflow-venv/lib/python3.12/site-packages/airflow/example_dags/example_dag_decorator.py took 0.211 seconds
[2024-11-21T21:22:57.698+0000] {processor.py:186} INFO - Started process (PID=3408) to work on /root/airflow-venv/lib/python3.12/site-packages/airflow/example_dags/example_dag_decorator.py
[2024-11-21T21:22:57.699+0000] {processor.py:914} INFO - Processing file /root/airflow-venv/lib/python3.12/site-packages/airflow/example_dags/example_dag_decorator.py for tasks to queue
[2024-11-21T21:22:57.703+0000] {logging_mixin.py:190} INFO - [2024-11-21T21:22:57.702+0000] {dagbag.py:588} INFO - Filling up the DagBag from /root/airflow-venv/lib/python3.12/site-packages/airflow/example_dags/example_dag_decorator.py
[2024-11-21T21:22:57.719+0000] {processor.py:925} INFO - DAG(s) 'example_dag_decorator' retrieved from /root/airflow-venv/lib/python3.12/site-packages/airflow/example_dags/example_dag_decorator.py
[2024-11-21T21:22:57.841+0000] {logging_mixin.py:190} INFO - [2024-11-21T21:22:57.841+0000] {dag.py:3239} INFO - Sync 1 DAGs
[2024-11-21T21:22:57.854+0000] {logging_mixin.py:190} INFO - [2024-11-21T21:22:57.854+0000] {dag.py:4180} INFO - Setting next_dagrun for example_dag_decorator to None, run_after=None
[2024-11-21T21:22:57.879+0000] {processor.py:208} INFO - Processing /root/airflow-venv/lib/python3.12/site-packages/airflow/example_dags/example_dag_decorator.py took 0.188 seconds
[2024-11-21T21:23:57.175+0000] {processor.py:186} INFO - Started process (PID=3468) to work on /root/airflow-venv/lib/python3.12/site-packages/airflow/example_dags/example_dag_decorator.py
[2024-11-21T21:23:57.177+0000] {processor.py:914} INFO - Processing file /root/airflow-venv/lib/python3.12/site-packages/airflow/example_dags/example_dag_decorator.py for tasks to queue
[2024-11-21T21:23:57.180+0000] {logging_mixin.py:190} INFO - [2024-11-21T21:23:57.179+0000] {dagbag.py:588} INFO - Filling up the DagBag from /root/airflow-venv/lib/python3.12/site-packages/airflow/example_dags/example_dag_decorator.py
[2024-11-21T21:23:57.197+0000] {processor.py:925} INFO - DAG(s) 'example_dag_decorator' retrieved from /root/airflow-venv/lib/python3.12/site-packages/airflow/example_dags/example_dag_decorator.py
[2024-11-21T21:23:57.335+0000] {logging_mixin.py:190} INFO - [2024-11-21T21:23:57.334+0000] {dag.py:3239} INFO - Sync 1 DAGs
[2024-11-21T21:23:57.348+0000] {logging_mixin.py:190} INFO - [2024-11-21T21:23:57.347+0000] {dag.py:4180} INFO - Setting next_dagrun for example_dag_decorator to None, run_after=None
[2024-11-21T21:23:57.372+0000] {processor.py:208} INFO - Processing /root/airflow-venv/lib/python3.12/site-packages/airflow/example_dags/example_dag_decorator.py took 0.205 seconds
[2024-11-21T21:24:55.141+0000] {processor.py:186} INFO - Started process (PID=3525) to work on /root/airflow-venv/lib/python3.12/site-packages/airflow/example_dags/example_dag_decorator.py
[2024-11-21T21:24:55.144+0000] {processor.py:914} INFO - Processing file /root/airflow-venv/lib/python3.12/site-packages/airflow/example_dags/example_dag_decorator.py for tasks to queue
[2024-11-21T21:24:55.147+0000] {logging_mixin.py:190} INFO - [2024-11-21T21:24:55.147+0000] {dagbag.py:588} INFO - Filling up the DagBag from /root/airflow-venv/lib/python3.12/site-packages/airflow/example_dags/example_dag_decorator.py
[2024-11-21T21:24:55.163+0000] {processor.py:925} INFO - DAG(s) 'example_dag_decorator' retrieved from /root/airflow-venv/lib/python3.12/site-packages/airflow/example_dags/example_dag_decorator.py
[2024-11-21T21:24:55.459+0000] {logging_mixin.py:190} INFO - [2024-11-21T21:24:55.458+0000] {dag.py:3239} INFO - Sync 1 DAGs
[2024-11-21T21:24:55.469+0000] {logging_mixin.py:190} INFO - [2024-11-21T21:24:55.468+0000] {dag.py:4180} INFO - Setting next_dagrun for example_dag_decorator to None, run_after=None
[2024-11-21T21:24:55.490+0000] {processor.py:208} INFO - Processing /root/airflow-venv/lib/python3.12/site-packages/airflow/example_dags/example_dag_decorator.py took 0.358 seconds
[2024-11-21T21:25:55.419+0000] {processor.py:186} INFO - Started process (PID=3587) to work on /root/airflow-venv/lib/python3.12/site-packages/airflow/example_dags/example_dag_decorator.py
[2024-11-21T21:25:55.420+0000] {processor.py:914} INFO - Processing file /root/airflow-venv/lib/python3.12/site-packages/airflow/example_dags/example_dag_decorator.py for tasks to queue
[2024-11-21T21:25:55.423+0000] {logging_mixin.py:190} INFO - [2024-11-21T21:25:55.423+0000] {dagbag.py:588} INFO - Filling up the DagBag from /root/airflow-venv/lib/python3.12/site-packages/airflow/example_dags/example_dag_decorator.py
[2024-11-21T21:25:55.441+0000] {processor.py:925} INFO - DAG(s) 'example_dag_decorator' retrieved from /root/airflow-venv/lib/python3.12/site-packages/airflow/example_dags/example_dag_decorator.py
[2024-11-21T21:25:55.723+0000] {logging_mixin.py:190} INFO - [2024-11-21T21:25:55.723+0000] {dag.py:3239} INFO - Sync 1 DAGs
[2024-11-21T21:25:55.735+0000] {logging_mixin.py:190} INFO - [2024-11-21T21:25:55.735+0000] {dag.py:4180} INFO - Setting next_dagrun for example_dag_decorator to None, run_after=None
[2024-11-21T21:25:55.756+0000] {processor.py:208} INFO - Processing /root/airflow-venv/lib/python3.12/site-packages/airflow/example_dags/example_dag_decorator.py took 0.345 seconds
[2024-11-21T21:27:05.343+0000] {processor.py:186} INFO - Started process (PID=3650) to work on /root/airflow-venv/lib/python3.12/site-packages/airflow/example_dags/example_dag_decorator.py
[2024-11-21T21:27:05.344+0000] {processor.py:914} INFO - Processing file /root/airflow-venv/lib/python3.12/site-packages/airflow/example_dags/example_dag_decorator.py for tasks to queue
[2024-11-21T21:27:05.347+0000] {logging_mixin.py:190} INFO - [2024-11-21T21:27:05.347+0000] {dagbag.py:588} INFO - Filling up the DagBag from /root/airflow-venv/lib/python3.12/site-packages/airflow/example_dags/example_dag_decorator.py
[2024-11-21T21:27:05.362+0000] {processor.py:925} INFO - DAG(s) 'example_dag_decorator' retrieved from /root/airflow-venv/lib/python3.12/site-packages/airflow/example_dags/example_dag_decorator.py
[2024-11-21T21:27:05.470+0000] {logging_mixin.py:190} INFO - [2024-11-21T21:27:05.469+0000] {dag.py:3239} INFO - Sync 1 DAGs
[2024-11-21T21:27:05.480+0000] {logging_mixin.py:190} INFO - [2024-11-21T21:27:05.480+0000] {dag.py:4180} INFO - Setting next_dagrun for example_dag_decorator to None, run_after=None
[2024-11-21T21:27:05.503+0000] {processor.py:208} INFO - Processing /root/airflow-venv/lib/python3.12/site-packages/airflow/example_dags/example_dag_decorator.py took 0.167 seconds
[2024-11-21T21:28:02.777+0000] {processor.py:186} INFO - Started process (PID=3709) to work on /root/airflow-venv/lib/python3.12/site-packages/airflow/example_dags/example_dag_decorator.py
[2024-11-21T21:28:02.779+0000] {processor.py:914} INFO - Processing file /root/airflow-venv/lib/python3.12/site-packages/airflow/example_dags/example_dag_decorator.py for tasks to queue
[2024-11-21T21:28:02.783+0000] {logging_mixin.py:190} INFO - [2024-11-21T21:28:02.782+0000] {dagbag.py:588} INFO - Filling up the DagBag from /root/airflow-venv/lib/python3.12/site-packages/airflow/example_dags/example_dag_decorator.py
[2024-11-21T21:28:02.807+0000] {processor.py:925} INFO - DAG(s) 'example_dag_decorator' retrieved from /root/airflow-venv/lib/python3.12/site-packages/airflow/example_dags/example_dag_decorator.py
[2024-11-21T21:28:02.942+0000] {logging_mixin.py:190} INFO - [2024-11-21T21:28:02.941+0000] {dag.py:3239} INFO - Sync 1 DAGs
[2024-11-21T21:28:02.953+0000] {logging_mixin.py:190} INFO - [2024-11-21T21:28:02.953+0000] {dag.py:4180} INFO - Setting next_dagrun for example_dag_decorator to None, run_after=None
[2024-11-21T21:28:02.978+0000] {processor.py:208} INFO - Processing /root/airflow-venv/lib/python3.12/site-packages/airflow/example_dags/example_dag_decorator.py took 0.208 seconds
[2024-11-21T21:28:57.912+0000] {processor.py:186} INFO - Started process (PID=3766) to work on /root/airflow-venv/lib/python3.12/site-packages/airflow/example_dags/example_dag_decorator.py
[2024-11-21T21:28:57.932+0000] {processor.py:914} INFO - Processing file /root/airflow-venv/lib/python3.12/site-packages/airflow/example_dags/example_dag_decorator.py for tasks to queue
[2024-11-21T21:28:57.936+0000] {logging_mixin.py:190} INFO - [2024-11-21T21:28:57.936+0000] {dagbag.py:588} INFO - Filling up the DagBag from /root/airflow-venv/lib/python3.12/site-packages/airflow/example_dags/example_dag_decorator.py
[2024-11-21T21:28:57.953+0000] {processor.py:925} INFO - DAG(s) 'example_dag_decorator' retrieved from /root/airflow-venv/lib/python3.12/site-packages/airflow/example_dags/example_dag_decorator.py
[2024-11-21T21:28:58.087+0000] {logging_mixin.py:190} INFO - [2024-11-21T21:28:58.087+0000] {dag.py:3239} INFO - Sync 1 DAGs
[2024-11-21T21:28:58.101+0000] {logging_mixin.py:190} INFO - [2024-11-21T21:28:58.101+0000] {dag.py:4180} INFO - Setting next_dagrun for example_dag_decorator to None, run_after=None
[2024-11-21T21:28:58.129+0000] {processor.py:208} INFO - Processing /root/airflow-venv/lib/python3.12/site-packages/airflow/example_dags/example_dag_decorator.py took 0.226 seconds
[2024-11-21T21:29:54.472+0000] {processor.py:186} INFO - Started process (PID=3880) to work on /root/airflow-venv/lib/python3.12/site-packages/airflow/example_dags/example_dag_decorator.py
[2024-11-21T21:29:54.474+0000] {processor.py:914} INFO - Processing file /root/airflow-venv/lib/python3.12/site-packages/airflow/example_dags/example_dag_decorator.py for tasks to queue
[2024-11-21T21:29:54.477+0000] {logging_mixin.py:190} INFO - [2024-11-21T21:29:54.477+0000] {dagbag.py:588} INFO - Filling up the DagBag from /root/airflow-venv/lib/python3.12/site-packages/airflow/example_dags/example_dag_decorator.py
[2024-11-21T21:29:54.497+0000] {processor.py:925} INFO - DAG(s) 'example_dag_decorator' retrieved from /root/airflow-venv/lib/python3.12/site-packages/airflow/example_dags/example_dag_decorator.py
[2024-11-21T21:29:54.619+0000] {logging_mixin.py:190} INFO - [2024-11-21T21:29:54.619+0000] {dag.py:3239} INFO - Sync 1 DAGs
[2024-11-21T21:29:54.629+0000] {logging_mixin.py:190} INFO - [2024-11-21T21:29:54.629+0000] {dag.py:4180} INFO - Setting next_dagrun for example_dag_decorator to None, run_after=None
[2024-11-21T21:29:54.652+0000] {processor.py:208} INFO - Processing /root/airflow-venv/lib/python3.12/site-packages/airflow/example_dags/example_dag_decorator.py took 0.189 seconds
[2024-11-21T21:30:47.016+0000] {processor.py:186} INFO - Started process (PID=3946) to work on /root/airflow-venv/lib/python3.12/site-packages/airflow/example_dags/example_dag_decorator.py
[2024-11-21T21:30:47.018+0000] {processor.py:914} INFO - Processing file /root/airflow-venv/lib/python3.12/site-packages/airflow/example_dags/example_dag_decorator.py for tasks to queue
[2024-11-21T21:30:47.021+0000] {logging_mixin.py:190} INFO - [2024-11-21T21:30:47.021+0000] {dagbag.py:588} INFO - Filling up the DagBag from /root/airflow-venv/lib/python3.12/site-packages/airflow/example_dags/example_dag_decorator.py
[2024-11-21T21:30:47.039+0000] {processor.py:925} INFO - DAG(s) 'example_dag_decorator' retrieved from /root/airflow-venv/lib/python3.12/site-packages/airflow/example_dags/example_dag_decorator.py
[2024-11-21T21:30:47.152+0000] {logging_mixin.py:190} INFO - [2024-11-21T21:30:47.152+0000] {dag.py:3239} INFO - Sync 1 DAGs
[2024-11-21T21:30:47.162+0000] {logging_mixin.py:190} INFO - [2024-11-21T21:30:47.162+0000] {dag.py:4180} INFO - Setting next_dagrun for example_dag_decorator to None, run_after=None
[2024-11-21T21:30:47.185+0000] {processor.py:208} INFO - Processing /root/airflow-venv/lib/python3.12/site-packages/airflow/example_dags/example_dag_decorator.py took 0.179 seconds
[2024-11-21T21:31:44.361+0000] {processor.py:186} INFO - Started process (PID=4004) to work on /root/airflow-venv/lib/python3.12/site-packages/airflow/example_dags/example_dag_decorator.py
[2024-11-21T21:31:44.362+0000] {processor.py:914} INFO - Processing file /root/airflow-venv/lib/python3.12/site-packages/airflow/example_dags/example_dag_decorator.py for tasks to queue
[2024-11-21T21:31:44.365+0000] {logging_mixin.py:190} INFO - [2024-11-21T21:31:44.364+0000] {dagbag.py:588} INFO - Filling up the DagBag from /root/airflow-venv/lib/python3.12/site-packages/airflow/example_dags/example_dag_decorator.py
[2024-11-21T21:31:44.381+0000] {processor.py:925} INFO - DAG(s) 'example_dag_decorator' retrieved from /root/airflow-venv/lib/python3.12/site-packages/airflow/example_dags/example_dag_decorator.py
[2024-11-21T21:31:44.497+0000] {logging_mixin.py:190} INFO - [2024-11-21T21:31:44.497+0000] {dag.py:3239} INFO - Sync 1 DAGs
[2024-11-21T21:31:44.515+0000] {logging_mixin.py:190} INFO - [2024-11-21T21:31:44.514+0000] {dag.py:4180} INFO - Setting next_dagrun for example_dag_decorator to None, run_after=None
[2024-11-21T21:31:44.541+0000] {processor.py:211} ERROR - Got an exception! Propagating...
Traceback (most recent call last):
  File "/root/airflow-venv/lib/python3.12/site-packages/airflow/dag_processing/processor.py", line 207, in _run_file_processor
    _handle_dag_file_processing()
  File "/root/airflow-venv/lib/python3.12/site-packages/airflow/dag_processing/processor.py", line 193, in _handle_dag_file_processing
    result_channel.send(result)
  File "/usr/lib/python3.12/multiprocessing/connection.py", line 206, in send
    self._send_bytes(_ForkingPickler.dumps(obj))
  File "/usr/lib/python3.12/multiprocessing/connection.py", line 427, in _send_bytes
    self._send(header + buf)
  File "/usr/lib/python3.12/multiprocessing/connection.py", line 384, in _send
    n = write(self._handle, buf)
        ^^^^^^^^^^^^^^^^^^^^^^^^
BrokenPipeError: [Errno 32] Broken pipe
