[2024-11-21T21:20:45.455+0000] {processor.py:186} INFO - Started process (PID=3266) to work on /root/airflow-venv/lib/python3.12/site-packages/airflow/example_dags/example_dataset_alias_with_no_taskflow.py
[2024-11-21T21:20:45.456+0000] {processor.py:914} INFO - Processing file /root/airflow-venv/lib/python3.12/site-packages/airflow/example_dags/example_dataset_alias_with_no_taskflow.py for tasks to queue
[2024-11-21T21:20:45.459+0000] {logging_mixin.py:190} INFO - [2024-11-21T21:20:45.459+0000] {dagbag.py:588} INFO - Filling up the DagBag from /root/airflow-venv/lib/python3.12/site-packages/airflow/example_dags/example_dataset_alias_with_no_taskflow.py
[2024-11-21T21:20:45.482+0000] {processor.py:925} INFO - DAG(s) 'dataset_s3_bucket_consumer_with_no_taskflow', 'dataset_alias_example_alias_consumer_with_no_taskflow', 'dataset_alias_example_alias_producer_with_no_taskflow', 'dataset_s3_bucket_producer_with_no_taskflow' retrieved from /root/airflow-venv/lib/python3.12/site-packages/airflow/example_dags/example_dataset_alias_with_no_taskflow.py
[2024-11-21T21:20:45.600+0000] {logging_mixin.py:190} INFO - [2024-11-21T21:20:45.599+0000] {override.py:1911} INFO - Created Permission View: can delete on DAG:dataset_s3_bucket_consumer_with_no_taskflow
[2024-11-21T21:20:45.617+0000] {logging_mixin.py:190} INFO - [2024-11-21T21:20:45.617+0000] {override.py:1911} INFO - Created Permission View: can edit on DAG:dataset_s3_bucket_consumer_with_no_taskflow
[2024-11-21T21:20:45.625+0000] {logging_mixin.py:190} INFO - [2024-11-21T21:20:45.624+0000] {override.py:1911} INFO - Created Permission View: can read on DAG:dataset_s3_bucket_consumer_with_no_taskflow
[2024-11-21T21:20:45.638+0000] {logging_mixin.py:190} INFO - [2024-11-21T21:20:45.638+0000] {override.py:1911} INFO - Created Permission View: can delete on DAG Run:dataset_s3_bucket_consumer_with_no_taskflow
[2024-11-21T21:20:45.647+0000] {logging_mixin.py:190} INFO - [2024-11-21T21:20:45.647+0000] {override.py:1911} INFO - Created Permission View: can create on DAG Run:dataset_s3_bucket_consumer_with_no_taskflow
[2024-11-21T21:20:45.656+0000] {logging_mixin.py:190} INFO - [2024-11-21T21:20:45.655+0000] {override.py:1911} INFO - Created Permission View: can read on DAG Run:dataset_s3_bucket_consumer_with_no_taskflow
[2024-11-21T21:20:45.665+0000] {logging_mixin.py:190} INFO - [2024-11-21T21:20:45.665+0000] {override.py:1911} INFO - Created Permission View: menu access on DAG Run:dataset_s3_bucket_consumer_with_no_taskflow
[2024-11-21T21:20:45.684+0000] {logging_mixin.py:190} INFO - [2024-11-21T21:20:45.683+0000] {override.py:1911} INFO - Created Permission View: can delete on DAG:dataset_alias_example_alias_consumer_with_no_taskflow
[2024-11-21T21:20:45.693+0000] {logging_mixin.py:190} INFO - [2024-11-21T21:20:45.692+0000] {override.py:1911} INFO - Created Permission View: can edit on DAG:dataset_alias_example_alias_consumer_with_no_taskflow
[2024-11-21T21:20:45.701+0000] {logging_mixin.py:190} INFO - [2024-11-21T21:20:45.701+0000] {override.py:1911} INFO - Created Permission View: can read on DAG:dataset_alias_example_alias_consumer_with_no_taskflow
[2024-11-21T21:20:45.715+0000] {logging_mixin.py:190} INFO - [2024-11-21T21:20:45.715+0000] {override.py:1911} INFO - Created Permission View: can delete on DAG Run:dataset_alias_example_alias_consumer_with_no_taskflow
[2024-11-21T21:20:45.727+0000] {logging_mixin.py:190} INFO - [2024-11-21T21:20:45.726+0000] {override.py:1911} INFO - Created Permission View: can create on DAG Run:dataset_alias_example_alias_consumer_with_no_taskflow
[2024-11-21T21:20:45.739+0000] {logging_mixin.py:190} INFO - [2024-11-21T21:20:45.738+0000] {override.py:1911} INFO - Created Permission View: can read on DAG Run:dataset_alias_example_alias_consumer_with_no_taskflow
[2024-11-21T21:20:45.750+0000] {logging_mixin.py:190} INFO - [2024-11-21T21:20:45.749+0000] {override.py:1911} INFO - Created Permission View: menu access on DAG Run:dataset_alias_example_alias_consumer_with_no_taskflow
[2024-11-21T21:20:45.777+0000] {logging_mixin.py:190} INFO - [2024-11-21T21:20:45.776+0000] {override.py:1911} INFO - Created Permission View: can delete on DAG:dataset_alias_example_alias_producer_with_no_taskflow
[2024-11-21T21:20:45.789+0000] {logging_mixin.py:190} INFO - [2024-11-21T21:20:45.788+0000] {override.py:1911} INFO - Created Permission View: can edit on DAG:dataset_alias_example_alias_producer_with_no_taskflow
[2024-11-21T21:20:45.800+0000] {logging_mixin.py:190} INFO - [2024-11-21T21:20:45.799+0000] {override.py:1911} INFO - Created Permission View: can read on DAG:dataset_alias_example_alias_producer_with_no_taskflow
[2024-11-21T21:20:45.819+0000] {logging_mixin.py:190} INFO - [2024-11-21T21:20:45.819+0000] {override.py:1911} INFO - Created Permission View: can delete on DAG Run:dataset_alias_example_alias_producer_with_no_taskflow
[2024-11-21T21:20:45.830+0000] {logging_mixin.py:190} INFO - [2024-11-21T21:20:45.830+0000] {override.py:1911} INFO - Created Permission View: can create on DAG Run:dataset_alias_example_alias_producer_with_no_taskflow
[2024-11-21T21:20:45.841+0000] {logging_mixin.py:190} INFO - [2024-11-21T21:20:45.840+0000] {override.py:1911} INFO - Created Permission View: can read on DAG Run:dataset_alias_example_alias_producer_with_no_taskflow
[2024-11-21T21:20:45.850+0000] {logging_mixin.py:190} INFO - [2024-11-21T21:20:45.850+0000] {override.py:1911} INFO - Created Permission View: menu access on DAG Run:dataset_alias_example_alias_producer_with_no_taskflow
[2024-11-21T21:20:45.871+0000] {logging_mixin.py:190} INFO - [2024-11-21T21:20:45.871+0000] {override.py:1911} INFO - Created Permission View: can delete on DAG:dataset_s3_bucket_producer_with_no_taskflow
[2024-11-21T21:20:45.881+0000] {logging_mixin.py:190} INFO - [2024-11-21T21:20:45.880+0000] {override.py:1911} INFO - Created Permission View: can edit on DAG:dataset_s3_bucket_producer_with_no_taskflow
[2024-11-21T21:20:45.891+0000] {logging_mixin.py:190} INFO - [2024-11-21T21:20:45.891+0000] {override.py:1911} INFO - Created Permission View: can read on DAG:dataset_s3_bucket_producer_with_no_taskflow
[2024-11-21T21:20:45.907+0000] {logging_mixin.py:190} INFO - [2024-11-21T21:20:45.907+0000] {override.py:1911} INFO - Created Permission View: can delete on DAG Run:dataset_s3_bucket_producer_with_no_taskflow
[2024-11-21T21:20:45.917+0000] {logging_mixin.py:190} INFO - [2024-11-21T21:20:45.916+0000] {override.py:1911} INFO - Created Permission View: can create on DAG Run:dataset_s3_bucket_producer_with_no_taskflow
[2024-11-21T21:20:45.927+0000] {logging_mixin.py:190} INFO - [2024-11-21T21:20:45.927+0000] {override.py:1911} INFO - Created Permission View: can read on DAG Run:dataset_s3_bucket_producer_with_no_taskflow
[2024-11-21T21:20:45.936+0000] {logging_mixin.py:190} INFO - [2024-11-21T21:20:45.936+0000] {override.py:1911} INFO - Created Permission View: menu access on DAG Run:dataset_s3_bucket_producer_with_no_taskflow
[2024-11-21T21:20:45.937+0000] {logging_mixin.py:190} INFO - [2024-11-21T21:20:45.937+0000] {dag.py:3239} INFO - Sync 4 DAGs
[2024-11-21T21:20:45.949+0000] {logging_mixin.py:190} INFO - [2024-11-21T21:20:45.949+0000] {dag.py:3262} INFO - Creating ORM DAG for dataset_s3_bucket_producer_with_no_taskflow
[2024-11-21T21:20:45.950+0000] {logging_mixin.py:190} INFO - [2024-11-21T21:20:45.950+0000] {dag.py:3262} INFO - Creating ORM DAG for dataset_s3_bucket_consumer_with_no_taskflow
[2024-11-21T21:20:45.950+0000] {logging_mixin.py:190} INFO - [2024-11-21T21:20:45.950+0000] {dag.py:3262} INFO - Creating ORM DAG for dataset_alias_example_alias_producer_with_no_taskflow
[2024-11-21T21:20:45.951+0000] {logging_mixin.py:190} INFO - [2024-11-21T21:20:45.950+0000] {dag.py:3262} INFO - Creating ORM DAG for dataset_alias_example_alias_consumer_with_no_taskflow
[2024-11-21T21:20:45.959+0000] {logging_mixin.py:190} INFO - [2024-11-21T21:20:45.958+0000] {dag.py:4180} INFO - Setting next_dagrun for dataset_alias_example_alias_consumer_with_no_taskflow to None, run_after=None
[2024-11-21T21:20:45.959+0000] {logging_mixin.py:190} INFO - [2024-11-21T21:20:45.959+0000] {dag.py:4180} INFO - Setting next_dagrun for dataset_alias_example_alias_producer_with_no_taskflow to None, run_after=None
[2024-11-21T21:20:45.960+0000] {logging_mixin.py:190} INFO - [2024-11-21T21:20:45.960+0000] {dag.py:4180} INFO - Setting next_dagrun for dataset_s3_bucket_consumer_with_no_taskflow to None, run_after=None
[2024-11-21T21:20:45.960+0000] {logging_mixin.py:190} INFO - [2024-11-21T21:20:45.960+0000] {dag.py:4180} INFO - Setting next_dagrun for dataset_s3_bucket_producer_with_no_taskflow to None, run_after=None
[2024-11-21T21:20:45.991+0000] {processor.py:208} INFO - Processing /root/airflow-venv/lib/python3.12/site-packages/airflow/example_dags/example_dataset_alias_with_no_taskflow.py took 0.543 seconds
[2024-11-21T21:20:53.480+0000] {processor.py:186} INFO - Started process (PID=3282) to work on /root/airflow-venv/lib/python3.12/site-packages/airflow/example_dags/example_dataset_alias_with_no_taskflow.py
[2024-11-21T21:20:53.481+0000] {processor.py:914} INFO - Processing file /root/airflow-venv/lib/python3.12/site-packages/airflow/example_dags/example_dataset_alias_with_no_taskflow.py for tasks to queue
[2024-11-21T21:20:53.484+0000] {logging_mixin.py:190} INFO - [2024-11-21T21:20:53.484+0000] {dagbag.py:588} INFO - Filling up the DagBag from /root/airflow-venv/lib/python3.12/site-packages/airflow/example_dags/example_dataset_alias_with_no_taskflow.py
[2024-11-21T21:20:53.526+0000] {processor.py:925} INFO - DAG(s) 'dataset_alias_example_alias_consumer_with_no_taskflow', 'dataset_s3_bucket_consumer_with_no_taskflow', 'dataset_s3_bucket_producer_with_no_taskflow', 'dataset_alias_example_alias_producer_with_no_taskflow' retrieved from /root/airflow-venv/lib/python3.12/site-packages/airflow/example_dags/example_dataset_alias_with_no_taskflow.py
[2024-11-21T21:20:53.533+0000] {logging_mixin.py:190} INFO - [2024-11-21T21:20:53.532+0000] {dag.py:3239} INFO - Sync 4 DAGs
[2024-11-21T21:20:53.555+0000] {logging_mixin.py:190} INFO - [2024-11-21T21:20:53.555+0000] {dag.py:4180} INFO - Setting next_dagrun for dataset_alias_example_alias_consumer_with_no_taskflow to None, run_after=None
[2024-11-21T21:20:53.558+0000] {logging_mixin.py:190} INFO - [2024-11-21T21:20:53.557+0000] {dag.py:4180} INFO - Setting next_dagrun for dataset_alias_example_alias_producer_with_no_taskflow to None, run_after=None
[2024-11-21T21:20:53.559+0000] {logging_mixin.py:190} INFO - [2024-11-21T21:20:53.559+0000] {dag.py:4180} INFO - Setting next_dagrun for dataset_s3_bucket_consumer_with_no_taskflow to None, run_after=None
[2024-11-21T21:20:53.560+0000] {logging_mixin.py:190} INFO - [2024-11-21T21:20:53.560+0000] {dag.py:4180} INFO - Setting next_dagrun for dataset_s3_bucket_producer_with_no_taskflow to None, run_after=None
[2024-11-21T21:20:53.593+0000] {processor.py:208} INFO - Processing /root/airflow-venv/lib/python3.12/site-packages/airflow/example_dags/example_dataset_alias_with_no_taskflow.py took 0.123 seconds
[2024-11-21T21:21:55.147+0000] {processor.py:186} INFO - Started process (PID=3347) to work on /root/airflow-venv/lib/python3.12/site-packages/airflow/example_dags/example_dataset_alias_with_no_taskflow.py
[2024-11-21T21:21:55.149+0000] {processor.py:914} INFO - Processing file /root/airflow-venv/lib/python3.12/site-packages/airflow/example_dags/example_dataset_alias_with_no_taskflow.py for tasks to queue
[2024-11-21T21:21:55.152+0000] {logging_mixin.py:190} INFO - [2024-11-21T21:21:55.152+0000] {dagbag.py:588} INFO - Filling up the DagBag from /root/airflow-venv/lib/python3.12/site-packages/airflow/example_dags/example_dataset_alias_with_no_taskflow.py
[2024-11-21T21:21:55.187+0000] {processor.py:925} INFO - DAG(s) 'dataset_s3_bucket_consumer_with_no_taskflow', 'dataset_s3_bucket_producer_with_no_taskflow', 'dataset_alias_example_alias_consumer_with_no_taskflow', 'dataset_alias_example_alias_producer_with_no_taskflow' retrieved from /root/airflow-venv/lib/python3.12/site-packages/airflow/example_dags/example_dataset_alias_with_no_taskflow.py
[2024-11-21T21:21:55.215+0000] {logging_mixin.py:190} INFO - [2024-11-21T21:21:55.214+0000] {dag.py:3239} INFO - Sync 4 DAGs
[2024-11-21T21:21:55.241+0000] {logging_mixin.py:190} INFO - [2024-11-21T21:21:55.240+0000] {dag.py:4180} INFO - Setting next_dagrun for dataset_alias_example_alias_consumer_with_no_taskflow to None, run_after=None
[2024-11-21T21:21:55.244+0000] {logging_mixin.py:190} INFO - [2024-11-21T21:21:55.243+0000] {dag.py:4180} INFO - Setting next_dagrun for dataset_alias_example_alias_producer_with_no_taskflow to None, run_after=None
[2024-11-21T21:21:55.245+0000] {logging_mixin.py:190} INFO - [2024-11-21T21:21:55.244+0000] {dag.py:4180} INFO - Setting next_dagrun for dataset_s3_bucket_consumer_with_no_taskflow to None, run_after=None
[2024-11-21T21:21:55.246+0000] {logging_mixin.py:190} INFO - [2024-11-21T21:21:55.245+0000] {dag.py:4180} INFO - Setting next_dagrun for dataset_s3_bucket_producer_with_no_taskflow to None, run_after=None
[2024-11-21T21:21:55.275+0000] {processor.py:208} INFO - Processing /root/airflow-venv/lib/python3.12/site-packages/airflow/example_dags/example_dataset_alias_with_no_taskflow.py took 0.139 seconds
[2024-11-21T21:22:53.950+0000] {processor.py:186} INFO - Started process (PID=3404) to work on /root/airflow-venv/lib/python3.12/site-packages/airflow/example_dags/example_dataset_alias_with_no_taskflow.py
[2024-11-21T21:22:53.951+0000] {processor.py:914} INFO - Processing file /root/airflow-venv/lib/python3.12/site-packages/airflow/example_dags/example_dataset_alias_with_no_taskflow.py for tasks to queue
[2024-11-21T21:22:53.954+0000] {logging_mixin.py:190} INFO - [2024-11-21T21:22:53.953+0000] {dagbag.py:588} INFO - Filling up the DagBag from /root/airflow-venv/lib/python3.12/site-packages/airflow/example_dags/example_dataset_alias_with_no_taskflow.py
[2024-11-21T21:22:53.984+0000] {processor.py:925} INFO - DAG(s) 'dataset_alias_example_alias_consumer_with_no_taskflow', 'dataset_s3_bucket_consumer_with_no_taskflow', 'dataset_s3_bucket_producer_with_no_taskflow', 'dataset_alias_example_alias_producer_with_no_taskflow' retrieved from /root/airflow-venv/lib/python3.12/site-packages/airflow/example_dags/example_dataset_alias_with_no_taskflow.py
[2024-11-21T21:22:54.008+0000] {logging_mixin.py:190} INFO - [2024-11-21T21:22:54.008+0000] {dag.py:3239} INFO - Sync 4 DAGs
[2024-11-21T21:22:54.034+0000] {logging_mixin.py:190} INFO - [2024-11-21T21:22:54.034+0000] {dag.py:4180} INFO - Setting next_dagrun for dataset_alias_example_alias_consumer_with_no_taskflow to None, run_after=None
[2024-11-21T21:22:54.037+0000] {logging_mixin.py:190} INFO - [2024-11-21T21:22:54.036+0000] {dag.py:4180} INFO - Setting next_dagrun for dataset_alias_example_alias_producer_with_no_taskflow to None, run_after=None
[2024-11-21T21:22:54.038+0000] {logging_mixin.py:190} INFO - [2024-11-21T21:22:54.037+0000] {dag.py:4180} INFO - Setting next_dagrun for dataset_s3_bucket_consumer_with_no_taskflow to None, run_after=None
[2024-11-21T21:22:54.038+0000] {logging_mixin.py:190} INFO - [2024-11-21T21:22:54.038+0000] {dag.py:4180} INFO - Setting next_dagrun for dataset_s3_bucket_producer_with_no_taskflow to None, run_after=None
[2024-11-21T21:22:54.063+0000] {processor.py:208} INFO - Processing /root/airflow-venv/lib/python3.12/site-packages/airflow/example_dags/example_dataset_alias_with_no_taskflow.py took 0.121 seconds
[2024-11-21T21:23:53.051+0000] {processor.py:186} INFO - Started process (PID=3464) to work on /root/airflow-venv/lib/python3.12/site-packages/airflow/example_dags/example_dataset_alias_with_no_taskflow.py
[2024-11-21T21:23:53.052+0000] {processor.py:914} INFO - Processing file /root/airflow-venv/lib/python3.12/site-packages/airflow/example_dags/example_dataset_alias_with_no_taskflow.py for tasks to queue
[2024-11-21T21:23:53.055+0000] {logging_mixin.py:190} INFO - [2024-11-21T21:23:53.054+0000] {dagbag.py:588} INFO - Filling up the DagBag from /root/airflow-venv/lib/python3.12/site-packages/airflow/example_dags/example_dataset_alias_with_no_taskflow.py
[2024-11-21T21:23:53.084+0000] {processor.py:925} INFO - DAG(s) 'dataset_s3_bucket_producer_with_no_taskflow', 'dataset_alias_example_alias_producer_with_no_taskflow', 'dataset_s3_bucket_consumer_with_no_taskflow', 'dataset_alias_example_alias_consumer_with_no_taskflow' retrieved from /root/airflow-venv/lib/python3.12/site-packages/airflow/example_dags/example_dataset_alias_with_no_taskflow.py
[2024-11-21T21:23:53.106+0000] {logging_mixin.py:190} INFO - [2024-11-21T21:23:53.106+0000] {dag.py:3239} INFO - Sync 4 DAGs
[2024-11-21T21:23:53.128+0000] {logging_mixin.py:190} INFO - [2024-11-21T21:23:53.128+0000] {dag.py:4180} INFO - Setting next_dagrun for dataset_alias_example_alias_consumer_with_no_taskflow to None, run_after=None
[2024-11-21T21:23:53.130+0000] {logging_mixin.py:190} INFO - [2024-11-21T21:23:53.130+0000] {dag.py:4180} INFO - Setting next_dagrun for dataset_alias_example_alias_producer_with_no_taskflow to None, run_after=None
[2024-11-21T21:23:53.131+0000] {logging_mixin.py:190} INFO - [2024-11-21T21:23:53.131+0000] {dag.py:4180} INFO - Setting next_dagrun for dataset_s3_bucket_consumer_with_no_taskflow to None, run_after=None
[2024-11-21T21:23:53.132+0000] {logging_mixin.py:190} INFO - [2024-11-21T21:23:53.132+0000] {dag.py:4180} INFO - Setting next_dagrun for dataset_s3_bucket_producer_with_no_taskflow to None, run_after=None
[2024-11-21T21:23:53.160+0000] {processor.py:208} INFO - Processing /root/airflow-venv/lib/python3.12/site-packages/airflow/example_dags/example_dataset_alias_with_no_taskflow.py took 0.115 seconds
[2024-11-21T21:24:51.159+0000] {processor.py:186} INFO - Started process (PID=3521) to work on /root/airflow-venv/lib/python3.12/site-packages/airflow/example_dags/example_dataset_alias_with_no_taskflow.py
[2024-11-21T21:24:51.161+0000] {processor.py:914} INFO - Processing file /root/airflow-venv/lib/python3.12/site-packages/airflow/example_dags/example_dataset_alias_with_no_taskflow.py for tasks to queue
[2024-11-21T21:24:51.164+0000] {logging_mixin.py:190} INFO - [2024-11-21T21:24:51.163+0000] {dagbag.py:588} INFO - Filling up the DagBag from /root/airflow-venv/lib/python3.12/site-packages/airflow/example_dags/example_dataset_alias_with_no_taskflow.py
[2024-11-21T21:24:51.195+0000] {processor.py:925} INFO - DAG(s) 'dataset_alias_example_alias_producer_with_no_taskflow', 'dataset_s3_bucket_producer_with_no_taskflow', 'dataset_s3_bucket_consumer_with_no_taskflow', 'dataset_alias_example_alias_consumer_with_no_taskflow' retrieved from /root/airflow-venv/lib/python3.12/site-packages/airflow/example_dags/example_dataset_alias_with_no_taskflow.py
[2024-11-21T21:24:51.226+0000] {logging_mixin.py:190} INFO - [2024-11-21T21:24:51.226+0000] {dag.py:3239} INFO - Sync 4 DAGs
[2024-11-21T21:24:51.252+0000] {logging_mixin.py:190} INFO - [2024-11-21T21:24:51.252+0000] {dag.py:4180} INFO - Setting next_dagrun for dataset_alias_example_alias_consumer_with_no_taskflow to None, run_after=None
[2024-11-21T21:24:51.254+0000] {logging_mixin.py:190} INFO - [2024-11-21T21:24:51.254+0000] {dag.py:4180} INFO - Setting next_dagrun for dataset_alias_example_alias_producer_with_no_taskflow to None, run_after=None
[2024-11-21T21:24:51.256+0000] {logging_mixin.py:190} INFO - [2024-11-21T21:24:51.256+0000] {dag.py:4180} INFO - Setting next_dagrun for dataset_s3_bucket_consumer_with_no_taskflow to None, run_after=None
[2024-11-21T21:24:51.257+0000] {logging_mixin.py:190} INFO - [2024-11-21T21:24:51.256+0000] {dag.py:4180} INFO - Setting next_dagrun for dataset_s3_bucket_producer_with_no_taskflow to None, run_after=None
[2024-11-21T21:24:51.282+0000] {processor.py:208} INFO - Processing /root/airflow-venv/lib/python3.12/site-packages/airflow/example_dags/example_dataset_alias_with_no_taskflow.py took 0.130 seconds
[2024-11-21T21:25:51.424+0000] {processor.py:186} INFO - Started process (PID=3583) to work on /root/airflow-venv/lib/python3.12/site-packages/airflow/example_dags/example_dataset_alias_with_no_taskflow.py
[2024-11-21T21:25:51.426+0000] {processor.py:914} INFO - Processing file /root/airflow-venv/lib/python3.12/site-packages/airflow/example_dags/example_dataset_alias_with_no_taskflow.py for tasks to queue
[2024-11-21T21:25:51.431+0000] {logging_mixin.py:190} INFO - [2024-11-21T21:25:51.430+0000] {dagbag.py:588} INFO - Filling up the DagBag from /root/airflow-venv/lib/python3.12/site-packages/airflow/example_dags/example_dataset_alias_with_no_taskflow.py
[2024-11-21T21:25:51.477+0000] {processor.py:925} INFO - DAG(s) 'dataset_alias_example_alias_consumer_with_no_taskflow', 'dataset_s3_bucket_consumer_with_no_taskflow', 'dataset_s3_bucket_producer_with_no_taskflow', 'dataset_alias_example_alias_producer_with_no_taskflow' retrieved from /root/airflow-venv/lib/python3.12/site-packages/airflow/example_dags/example_dataset_alias_with_no_taskflow.py
[2024-11-21T21:25:51.512+0000] {logging_mixin.py:190} INFO - [2024-11-21T21:25:51.511+0000] {dag.py:3239} INFO - Sync 4 DAGs
[2024-11-21T21:25:51.718+0000] {logging_mixin.py:190} INFO - [2024-11-21T21:25:51.718+0000] {dag.py:4180} INFO - Setting next_dagrun for dataset_alias_example_alias_consumer_with_no_taskflow to None, run_after=None
[2024-11-21T21:25:51.720+0000] {logging_mixin.py:190} INFO - [2024-11-21T21:25:51.720+0000] {dag.py:4180} INFO - Setting next_dagrun for dataset_alias_example_alias_producer_with_no_taskflow to None, run_after=None
[2024-11-21T21:25:51.721+0000] {logging_mixin.py:190} INFO - [2024-11-21T21:25:51.721+0000] {dag.py:4180} INFO - Setting next_dagrun for dataset_s3_bucket_consumer_with_no_taskflow to None, run_after=None
[2024-11-21T21:25:51.722+0000] {logging_mixin.py:190} INFO - [2024-11-21T21:25:51.722+0000] {dag.py:4180} INFO - Setting next_dagrun for dataset_s3_bucket_producer_with_no_taskflow to None, run_after=None
[2024-11-21T21:25:51.750+0000] {processor.py:208} INFO - Processing /root/airflow-venv/lib/python3.12/site-packages/airflow/example_dags/example_dataset_alias_with_no_taskflow.py took 0.336 seconds
[2024-11-21T21:27:01.864+0000] {processor.py:186} INFO - Started process (PID=3646) to work on /root/airflow-venv/lib/python3.12/site-packages/airflow/example_dags/example_dataset_alias_with_no_taskflow.py
[2024-11-21T21:27:01.865+0000] {processor.py:914} INFO - Processing file /root/airflow-venv/lib/python3.12/site-packages/airflow/example_dags/example_dataset_alias_with_no_taskflow.py for tasks to queue
[2024-11-21T21:27:01.870+0000] {logging_mixin.py:190} INFO - [2024-11-21T21:27:01.869+0000] {dagbag.py:588} INFO - Filling up the DagBag from /root/airflow-venv/lib/python3.12/site-packages/airflow/example_dags/example_dataset_alias_with_no_taskflow.py
[2024-11-21T21:27:01.913+0000] {processor.py:925} INFO - DAG(s) 'dataset_alias_example_alias_consumer_with_no_taskflow', 'dataset_alias_example_alias_producer_with_no_taskflow', 'dataset_s3_bucket_producer_with_no_taskflow', 'dataset_s3_bucket_consumer_with_no_taskflow' retrieved from /root/airflow-venv/lib/python3.12/site-packages/airflow/example_dags/example_dataset_alias_with_no_taskflow.py
[2024-11-21T21:27:01.942+0000] {logging_mixin.py:190} INFO - [2024-11-21T21:27:01.942+0000] {dag.py:3239} INFO - Sync 4 DAGs
[2024-11-21T21:27:01.972+0000] {logging_mixin.py:190} INFO - [2024-11-21T21:27:01.971+0000] {dag.py:4180} INFO - Setting next_dagrun for dataset_alias_example_alias_consumer_with_no_taskflow to None, run_after=None
[2024-11-21T21:27:01.974+0000] {logging_mixin.py:190} INFO - [2024-11-21T21:27:01.974+0000] {dag.py:4180} INFO - Setting next_dagrun for dataset_alias_example_alias_producer_with_no_taskflow to None, run_after=None
[2024-11-21T21:27:01.975+0000] {logging_mixin.py:190} INFO - [2024-11-21T21:27:01.975+0000] {dag.py:4180} INFO - Setting next_dagrun for dataset_s3_bucket_consumer_with_no_taskflow to None, run_after=None
[2024-11-21T21:27:01.976+0000] {logging_mixin.py:190} INFO - [2024-11-21T21:27:01.976+0000] {dag.py:4180} INFO - Setting next_dagrun for dataset_s3_bucket_producer_with_no_taskflow to None, run_after=None
[2024-11-21T21:27:02.013+0000] {processor.py:208} INFO - Processing /root/airflow-venv/lib/python3.12/site-packages/airflow/example_dags/example_dataset_alias_with_no_taskflow.py took 0.157 seconds
[2024-11-21T21:27:59.351+0000] {processor.py:186} INFO - Started process (PID=3703) to work on /root/airflow-venv/lib/python3.12/site-packages/airflow/example_dags/example_dataset_alias_with_no_taskflow.py
[2024-11-21T21:27:59.353+0000] {processor.py:914} INFO - Processing file /root/airflow-venv/lib/python3.12/site-packages/airflow/example_dags/example_dataset_alias_with_no_taskflow.py for tasks to queue
[2024-11-21T21:27:59.356+0000] {logging_mixin.py:190} INFO - [2024-11-21T21:27:59.355+0000] {dagbag.py:588} INFO - Filling up the DagBag from /root/airflow-venv/lib/python3.12/site-packages/airflow/example_dags/example_dataset_alias_with_no_taskflow.py
[2024-11-21T21:27:59.390+0000] {processor.py:925} INFO - DAG(s) 'dataset_s3_bucket_producer_with_no_taskflow', 'dataset_alias_example_alias_producer_with_no_taskflow', 'dataset_s3_bucket_consumer_with_no_taskflow', 'dataset_alias_example_alias_consumer_with_no_taskflow' retrieved from /root/airflow-venv/lib/python3.12/site-packages/airflow/example_dags/example_dataset_alias_with_no_taskflow.py
[2024-11-21T21:27:59.416+0000] {logging_mixin.py:190} INFO - [2024-11-21T21:27:59.416+0000] {dag.py:3239} INFO - Sync 4 DAGs
[2024-11-21T21:27:59.441+0000] {logging_mixin.py:190} INFO - [2024-11-21T21:27:59.440+0000] {dag.py:4180} INFO - Setting next_dagrun for dataset_alias_example_alias_consumer_with_no_taskflow to None, run_after=None
[2024-11-21T21:27:59.443+0000] {logging_mixin.py:190} INFO - [2024-11-21T21:27:59.443+0000] {dag.py:4180} INFO - Setting next_dagrun for dataset_alias_example_alias_producer_with_no_taskflow to None, run_after=None
[2024-11-21T21:27:59.444+0000] {logging_mixin.py:190} INFO - [2024-11-21T21:27:59.444+0000] {dag.py:4180} INFO - Setting next_dagrun for dataset_s3_bucket_consumer_with_no_taskflow to None, run_after=None
[2024-11-21T21:27:59.445+0000] {logging_mixin.py:190} INFO - [2024-11-21T21:27:59.445+0000] {dag.py:4180} INFO - Setting next_dagrun for dataset_s3_bucket_producer_with_no_taskflow to None, run_after=None
[2024-11-21T21:27:59.479+0000] {processor.py:208} INFO - Processing /root/airflow-venv/lib/python3.12/site-packages/airflow/example_dags/example_dataset_alias_with_no_taskflow.py took 0.136 seconds
[2024-11-21T21:28:55.062+0000] {processor.py:186} INFO - Started process (PID=3762) to work on /root/airflow-venv/lib/python3.12/site-packages/airflow/example_dags/example_dataset_alias_with_no_taskflow.py
[2024-11-21T21:28:55.064+0000] {processor.py:914} INFO - Processing file /root/airflow-venv/lib/python3.12/site-packages/airflow/example_dags/example_dataset_alias_with_no_taskflow.py for tasks to queue
[2024-11-21T21:28:55.068+0000] {logging_mixin.py:190} INFO - [2024-11-21T21:28:55.068+0000] {dagbag.py:588} INFO - Filling up the DagBag from /root/airflow-venv/lib/python3.12/site-packages/airflow/example_dags/example_dataset_alias_with_no_taskflow.py
[2024-11-21T21:28:55.106+0000] {processor.py:925} INFO - DAG(s) 'dataset_s3_bucket_consumer_with_no_taskflow', 'dataset_s3_bucket_producer_with_no_taskflow', 'dataset_alias_example_alias_consumer_with_no_taskflow', 'dataset_alias_example_alias_producer_with_no_taskflow' retrieved from /root/airflow-venv/lib/python3.12/site-packages/airflow/example_dags/example_dataset_alias_with_no_taskflow.py
[2024-11-21T21:28:55.127+0000] {logging_mixin.py:190} INFO - [2024-11-21T21:28:55.127+0000] {dag.py:3239} INFO - Sync 4 DAGs
[2024-11-21T21:28:55.151+0000] {logging_mixin.py:190} INFO - [2024-11-21T21:28:55.150+0000] {dag.py:4180} INFO - Setting next_dagrun for dataset_alias_example_alias_consumer_with_no_taskflow to None, run_after=None
[2024-11-21T21:28:55.153+0000] {logging_mixin.py:190} INFO - [2024-11-21T21:28:55.153+0000] {dag.py:4180} INFO - Setting next_dagrun for dataset_alias_example_alias_producer_with_no_taskflow to None, run_after=None
[2024-11-21T21:28:55.154+0000] {logging_mixin.py:190} INFO - [2024-11-21T21:28:55.154+0000] {dag.py:4180} INFO - Setting next_dagrun for dataset_s3_bucket_consumer_with_no_taskflow to None, run_after=None
[2024-11-21T21:28:55.155+0000] {logging_mixin.py:190} INFO - [2024-11-21T21:28:55.155+0000] {dag.py:4180} INFO - Setting next_dagrun for dataset_s3_bucket_producer_with_no_taskflow to None, run_after=None
[2024-11-21T21:28:55.180+0000] {processor.py:208} INFO - Processing /root/airflow-venv/lib/python3.12/site-packages/airflow/example_dags/example_dataset_alias_with_no_taskflow.py took 0.127 seconds
[2024-11-21T21:29:49.667+0000] {processor.py:186} INFO - Started process (PID=3876) to work on /root/airflow-venv/lib/python3.12/site-packages/airflow/example_dags/example_dataset_alias_with_no_taskflow.py
[2024-11-21T21:29:49.669+0000] {processor.py:914} INFO - Processing file /root/airflow-venv/lib/python3.12/site-packages/airflow/example_dags/example_dataset_alias_with_no_taskflow.py for tasks to queue
[2024-11-21T21:29:49.672+0000] {logging_mixin.py:190} INFO - [2024-11-21T21:29:49.672+0000] {dagbag.py:588} INFO - Filling up the DagBag from /root/airflow-venv/lib/python3.12/site-packages/airflow/example_dags/example_dataset_alias_with_no_taskflow.py
[2024-11-21T21:29:49.710+0000] {processor.py:925} INFO - DAG(s) 'dataset_alias_example_alias_consumer_with_no_taskflow', 'dataset_alias_example_alias_producer_with_no_taskflow', 'dataset_s3_bucket_consumer_with_no_taskflow', 'dataset_s3_bucket_producer_with_no_taskflow' retrieved from /root/airflow-venv/lib/python3.12/site-packages/airflow/example_dags/example_dataset_alias_with_no_taskflow.py
[2024-11-21T21:29:49.734+0000] {logging_mixin.py:190} INFO - [2024-11-21T21:29:49.734+0000] {dag.py:3239} INFO - Sync 4 DAGs
[2024-11-21T21:29:49.756+0000] {logging_mixin.py:190} INFO - [2024-11-21T21:29:49.756+0000] {dag.py:4180} INFO - Setting next_dagrun for dataset_alias_example_alias_consumer_with_no_taskflow to None, run_after=None
[2024-11-21T21:29:49.758+0000] {logging_mixin.py:190} INFO - [2024-11-21T21:29:49.758+0000] {dag.py:4180} INFO - Setting next_dagrun for dataset_alias_example_alias_producer_with_no_taskflow to None, run_after=None
[2024-11-21T21:29:49.761+0000] {logging_mixin.py:190} INFO - [2024-11-21T21:29:49.761+0000] {dag.py:4180} INFO - Setting next_dagrun for dataset_s3_bucket_consumer_with_no_taskflow to None, run_after=None
[2024-11-21T21:29:49.762+0000] {logging_mixin.py:190} INFO - [2024-11-21T21:29:49.762+0000] {dag.py:4180} INFO - Setting next_dagrun for dataset_s3_bucket_producer_with_no_taskflow to None, run_after=None
[2024-11-21T21:29:49.786+0000] {processor.py:208} INFO - Processing /root/airflow-venv/lib/python3.12/site-packages/airflow/example_dags/example_dataset_alias_with_no_taskflow.py took 0.128 seconds
[2024-11-21T21:30:43.011+0000] {processor.py:186} INFO - Started process (PID=3942) to work on /root/airflow-venv/lib/python3.12/site-packages/airflow/example_dags/example_dataset_alias_with_no_taskflow.py
[2024-11-21T21:30:43.012+0000] {processor.py:914} INFO - Processing file /root/airflow-venv/lib/python3.12/site-packages/airflow/example_dags/example_dataset_alias_with_no_taskflow.py for tasks to queue
[2024-11-21T21:30:43.015+0000] {logging_mixin.py:190} INFO - [2024-11-21T21:30:43.014+0000] {dagbag.py:588} INFO - Filling up the DagBag from /root/airflow-venv/lib/python3.12/site-packages/airflow/example_dags/example_dataset_alias_with_no_taskflow.py
[2024-11-21T21:30:43.041+0000] {processor.py:925} INFO - DAG(s) 'dataset_alias_example_alias_consumer_with_no_taskflow', 'dataset_s3_bucket_consumer_with_no_taskflow', 'dataset_alias_example_alias_producer_with_no_taskflow', 'dataset_s3_bucket_producer_with_no_taskflow' retrieved from /root/airflow-venv/lib/python3.12/site-packages/airflow/example_dags/example_dataset_alias_with_no_taskflow.py
[2024-11-21T21:30:43.061+0000] {logging_mixin.py:190} INFO - [2024-11-21T21:30:43.061+0000] {dag.py:3239} INFO - Sync 4 DAGs
[2024-11-21T21:30:43.079+0000] {logging_mixin.py:190} INFO - [2024-11-21T21:30:43.079+0000] {dag.py:4180} INFO - Setting next_dagrun for dataset_alias_example_alias_consumer_with_no_taskflow to None, run_after=None
[2024-11-21T21:30:43.081+0000] {logging_mixin.py:190} INFO - [2024-11-21T21:30:43.081+0000] {dag.py:4180} INFO - Setting next_dagrun for dataset_alias_example_alias_producer_with_no_taskflow to None, run_after=None
[2024-11-21T21:30:43.082+0000] {logging_mixin.py:190} INFO - [2024-11-21T21:30:43.082+0000] {dag.py:4180} INFO - Setting next_dagrun for dataset_s3_bucket_consumer_with_no_taskflow to None, run_after=None
[2024-11-21T21:30:43.083+0000] {logging_mixin.py:190} INFO - [2024-11-21T21:30:43.082+0000] {dag.py:4180} INFO - Setting next_dagrun for dataset_s3_bucket_producer_with_no_taskflow to None, run_after=None
[2024-11-21T21:30:43.105+0000] {processor.py:208} INFO - Processing /root/airflow-venv/lib/python3.12/site-packages/airflow/example_dags/example_dataset_alias_with_no_taskflow.py took 0.101 seconds
[2024-11-21T21:31:40.372+0000] {processor.py:186} INFO - Started process (PID=4000) to work on /root/airflow-venv/lib/python3.12/site-packages/airflow/example_dags/example_dataset_alias_with_no_taskflow.py
[2024-11-21T21:31:40.373+0000] {processor.py:914} INFO - Processing file /root/airflow-venv/lib/python3.12/site-packages/airflow/example_dags/example_dataset_alias_with_no_taskflow.py for tasks to queue
[2024-11-21T21:31:40.376+0000] {logging_mixin.py:190} INFO - [2024-11-21T21:31:40.376+0000] {dagbag.py:588} INFO - Filling up the DagBag from /root/airflow-venv/lib/python3.12/site-packages/airflow/example_dags/example_dataset_alias_with_no_taskflow.py
[2024-11-21T21:31:40.416+0000] {processor.py:925} INFO - DAG(s) 'dataset_s3_bucket_consumer_with_no_taskflow', 'dataset_alias_example_alias_producer_with_no_taskflow', 'dataset_alias_example_alias_consumer_with_no_taskflow', 'dataset_s3_bucket_producer_with_no_taskflow' retrieved from /root/airflow-venv/lib/python3.12/site-packages/airflow/example_dags/example_dataset_alias_with_no_taskflow.py
[2024-11-21T21:31:40.447+0000] {logging_mixin.py:190} INFO - [2024-11-21T21:31:40.446+0000] {dag.py:3239} INFO - Sync 4 DAGs
[2024-11-21T21:31:40.478+0000] {logging_mixin.py:190} INFO - [2024-11-21T21:31:40.478+0000] {dag.py:4180} INFO - Setting next_dagrun for dataset_alias_example_alias_consumer_with_no_taskflow to None, run_after=None
[2024-11-21T21:31:40.481+0000] {logging_mixin.py:190} INFO - [2024-11-21T21:31:40.481+0000] {dag.py:4180} INFO - Setting next_dagrun for dataset_alias_example_alias_producer_with_no_taskflow to None, run_after=None
[2024-11-21T21:31:40.482+0000] {logging_mixin.py:190} INFO - [2024-11-21T21:31:40.482+0000] {dag.py:4180} INFO - Setting next_dagrun for dataset_s3_bucket_consumer_with_no_taskflow to None, run_after=None
[2024-11-21T21:31:40.484+0000] {logging_mixin.py:190} INFO - [2024-11-21T21:31:40.484+0000] {dag.py:4180} INFO - Setting next_dagrun for dataset_s3_bucket_producer_with_no_taskflow to None, run_after=None
[2024-11-21T21:31:40.511+0000] {processor.py:208} INFO - Processing /root/airflow-venv/lib/python3.12/site-packages/airflow/example_dags/example_dataset_alias_with_no_taskflow.py took 0.147 seconds
