[2024-11-21T21:20:34.926+0000] {processor.py:186} INFO - Started process (PID=3247) to work on /root/airflow-venv/lib/python3.12/site-packages/airflow/example_dags/example_nested_branch_dag.py
[2024-11-21T21:20:34.927+0000] {processor.py:914} INFO - Processing file /root/airflow-venv/lib/python3.12/site-packages/airflow/example_dags/example_nested_branch_dag.py for tasks to queue
[2024-11-21T21:20:34.930+0000] {logging_mixin.py:190} INFO - [2024-11-21T21:20:34.930+0000] {dagbag.py:588} INFO - Filling up the DagBag from /root/airflow-venv/lib/python3.12/site-packages/airflow/example_dags/example_nested_branch_dag.py
[2024-11-21T21:20:34.948+0000] {processor.py:925} INFO - DAG(s) 'example_nested_branch_dag' retrieved from /root/airflow-venv/lib/python3.12/site-packages/airflow/example_dags/example_nested_branch_dag.py
[2024-11-21T21:20:35.092+0000] {logging_mixin.py:190} INFO - [2024-11-21T21:20:35.092+0000] {override.py:1911} INFO - Created Permission View: can delete on DAG:example_nested_branch_dag
[2024-11-21T21:20:35.105+0000] {logging_mixin.py:190} INFO - [2024-11-21T21:20:35.105+0000] {override.py:1911} INFO - Created Permission View: can edit on DAG:example_nested_branch_dag
[2024-11-21T21:20:35.115+0000] {logging_mixin.py:190} INFO - [2024-11-21T21:20:35.114+0000] {override.py:1911} INFO - Created Permission View: can read on DAG:example_nested_branch_dag
[2024-11-21T21:20:35.127+0000] {logging_mixin.py:190} INFO - [2024-11-21T21:20:35.127+0000] {override.py:1911} INFO - Created Permission View: can delete on DAG Run:example_nested_branch_dag
[2024-11-21T21:20:35.136+0000] {logging_mixin.py:190} INFO - [2024-11-21T21:20:35.136+0000] {override.py:1911} INFO - Created Permission View: can create on DAG Run:example_nested_branch_dag
[2024-11-21T21:20:35.145+0000] {logging_mixin.py:190} INFO - [2024-11-21T21:20:35.144+0000] {override.py:1911} INFO - Created Permission View: can read on DAG Run:example_nested_branch_dag
[2024-11-21T21:20:35.152+0000] {logging_mixin.py:190} INFO - [2024-11-21T21:20:35.151+0000] {override.py:1911} INFO - Created Permission View: menu access on DAG Run:example_nested_branch_dag
[2024-11-21T21:20:35.152+0000] {logging_mixin.py:190} INFO - [2024-11-21T21:20:35.152+0000] {dag.py:3239} INFO - Sync 1 DAGs
[2024-11-21T21:20:35.164+0000] {logging_mixin.py:190} INFO - [2024-11-21T21:20:35.164+0000] {dag.py:3262} INFO - Creating ORM DAG for example_nested_branch_dag
[2024-11-21T21:20:35.173+0000] {logging_mixin.py:190} INFO - [2024-11-21T21:20:35.173+0000] {dag.py:4180} INFO - Setting next_dagrun for example_nested_branch_dag to 2024-11-20 00:00:00+00:00, run_after=2024-11-21 00:00:00+00:00
[2024-11-21T21:20:35.190+0000] {processor.py:208} INFO - Processing /root/airflow-venv/lib/python3.12/site-packages/airflow/example_dags/example_nested_branch_dag.py took 0.274 seconds
[2024-11-21T21:20:45.520+0000] {processor.py:186} INFO - Started process (PID=3267) to work on /root/airflow-venv/lib/python3.12/site-packages/airflow/example_dags/example_nested_branch_dag.py
[2024-11-21T21:20:45.521+0000] {processor.py:914} INFO - Processing file /root/airflow-venv/lib/python3.12/site-packages/airflow/example_dags/example_nested_branch_dag.py for tasks to queue
[2024-11-21T21:20:45.524+0000] {logging_mixin.py:190} INFO - [2024-11-21T21:20:45.524+0000] {dagbag.py:588} INFO - Filling up the DagBag from /root/airflow-venv/lib/python3.12/site-packages/airflow/example_dags/example_nested_branch_dag.py
[2024-11-21T21:20:45.540+0000] {processor.py:925} INFO - DAG(s) 'example_nested_branch_dag' retrieved from /root/airflow-venv/lib/python3.12/site-packages/airflow/example_dags/example_nested_branch_dag.py
[2024-11-21T21:20:45.551+0000] {logging_mixin.py:190} INFO - [2024-11-21T21:20:45.550+0000] {dag.py:3239} INFO - Sync 1 DAGs
[2024-11-21T21:20:45.582+0000] {logging_mixin.py:190} INFO - [2024-11-21T21:20:45.582+0000] {dag.py:4180} INFO - Setting next_dagrun for example_nested_branch_dag to 2024-11-20 00:00:00+00:00, run_after=2024-11-21 00:00:00+00:00
[2024-11-21T21:20:45.627+0000] {processor.py:208} INFO - Processing /root/airflow-venv/lib/python3.12/site-packages/airflow/example_dags/example_nested_branch_dag.py took 0.113 seconds
[2024-11-21T21:21:40.185+0000] {processor.py:186} INFO - Started process (PID=3333) to work on /root/airflow-venv/lib/python3.12/site-packages/airflow/example_dags/example_nested_branch_dag.py
[2024-11-21T21:21:40.186+0000] {processor.py:914} INFO - Processing file /root/airflow-venv/lib/python3.12/site-packages/airflow/example_dags/example_nested_branch_dag.py for tasks to queue
[2024-11-21T21:21:40.189+0000] {logging_mixin.py:190} INFO - [2024-11-21T21:21:40.188+0000] {dagbag.py:588} INFO - Filling up the DagBag from /root/airflow-venv/lib/python3.12/site-packages/airflow/example_dags/example_nested_branch_dag.py
[2024-11-21T21:21:40.204+0000] {processor.py:925} INFO - DAG(s) 'example_nested_branch_dag' retrieved from /root/airflow-venv/lib/python3.12/site-packages/airflow/example_dags/example_nested_branch_dag.py
[2024-11-21T21:21:40.226+0000] {logging_mixin.py:190} INFO - [2024-11-21T21:21:40.225+0000] {dag.py:3239} INFO - Sync 1 DAGs
[2024-11-21T21:21:40.249+0000] {logging_mixin.py:190} INFO - [2024-11-21T21:21:40.249+0000] {dag.py:4180} INFO - Setting next_dagrun for example_nested_branch_dag to 2024-11-20 00:00:00+00:00, run_after=2024-11-21 00:00:00+00:00
[2024-11-21T21:21:40.272+0000] {processor.py:208} INFO - Processing /root/airflow-venv/lib/python3.12/site-packages/airflow/example_dags/example_nested_branch_dag.py took 0.095 seconds
[2024-11-21T21:22:40.104+0000] {processor.py:186} INFO - Started process (PID=3391) to work on /root/airflow-venv/lib/python3.12/site-packages/airflow/example_dags/example_nested_branch_dag.py
[2024-11-21T21:22:40.105+0000] {processor.py:914} INFO - Processing file /root/airflow-venv/lib/python3.12/site-packages/airflow/example_dags/example_nested_branch_dag.py for tasks to queue
[2024-11-21T21:22:40.108+0000] {logging_mixin.py:190} INFO - [2024-11-21T21:22:40.107+0000] {dagbag.py:588} INFO - Filling up the DagBag from /root/airflow-venv/lib/python3.12/site-packages/airflow/example_dags/example_nested_branch_dag.py
[2024-11-21T21:22:40.123+0000] {processor.py:925} INFO - DAG(s) 'example_nested_branch_dag' retrieved from /root/airflow-venv/lib/python3.12/site-packages/airflow/example_dags/example_nested_branch_dag.py
[2024-11-21T21:22:40.145+0000] {logging_mixin.py:190} INFO - [2024-11-21T21:22:40.145+0000] {dag.py:3239} INFO - Sync 1 DAGs
[2024-11-21T21:22:40.170+0000] {logging_mixin.py:190} INFO - [2024-11-21T21:22:40.169+0000] {dag.py:4180} INFO - Setting next_dagrun for example_nested_branch_dag to 2024-11-20 00:00:00+00:00, run_after=2024-11-21 00:00:00+00:00
[2024-11-21T21:22:40.195+0000] {processor.py:208} INFO - Processing /root/airflow-venv/lib/python3.12/site-packages/airflow/example_dags/example_nested_branch_dag.py took 0.098 seconds
[2024-11-21T21:23:40.050+0000] {processor.py:186} INFO - Started process (PID=3451) to work on /root/airflow-venv/lib/python3.12/site-packages/airflow/example_dags/example_nested_branch_dag.py
[2024-11-21T21:23:40.052+0000] {processor.py:914} INFO - Processing file /root/airflow-venv/lib/python3.12/site-packages/airflow/example_dags/example_nested_branch_dag.py for tasks to queue
[2024-11-21T21:23:40.054+0000] {logging_mixin.py:190} INFO - [2024-11-21T21:23:40.054+0000] {dagbag.py:588} INFO - Filling up the DagBag from /root/airflow-venv/lib/python3.12/site-packages/airflow/example_dags/example_nested_branch_dag.py
[2024-11-21T21:23:40.068+0000] {processor.py:925} INFO - DAG(s) 'example_nested_branch_dag' retrieved from /root/airflow-venv/lib/python3.12/site-packages/airflow/example_dags/example_nested_branch_dag.py
[2024-11-21T21:23:40.088+0000] {logging_mixin.py:190} INFO - [2024-11-21T21:23:40.088+0000] {dag.py:3239} INFO - Sync 1 DAGs
[2024-11-21T21:23:40.112+0000] {logging_mixin.py:190} INFO - [2024-11-21T21:23:40.111+0000] {dag.py:4180} INFO - Setting next_dagrun for example_nested_branch_dag to 2024-11-20 00:00:00+00:00, run_after=2024-11-21 00:00:00+00:00
[2024-11-21T21:23:40.142+0000] {processor.py:208} INFO - Processing /root/airflow-venv/lib/python3.12/site-packages/airflow/example_dags/example_nested_branch_dag.py took 0.098 seconds
[2024-11-21T21:24:42.162+0000] {processor.py:186} INFO - Started process (PID=3512) to work on /root/airflow-venv/lib/python3.12/site-packages/airflow/example_dags/example_nested_branch_dag.py
[2024-11-21T21:24:42.164+0000] {processor.py:914} INFO - Processing file /root/airflow-venv/lib/python3.12/site-packages/airflow/example_dags/example_nested_branch_dag.py for tasks to queue
[2024-11-21T21:24:42.166+0000] {logging_mixin.py:190} INFO - [2024-11-21T21:24:42.166+0000] {dagbag.py:588} INFO - Filling up the DagBag from /root/airflow-venv/lib/python3.12/site-packages/airflow/example_dags/example_nested_branch_dag.py
[2024-11-21T21:24:42.181+0000] {processor.py:925} INFO - DAG(s) 'example_nested_branch_dag' retrieved from /root/airflow-venv/lib/python3.12/site-packages/airflow/example_dags/example_nested_branch_dag.py
[2024-11-21T21:24:42.203+0000] {logging_mixin.py:190} INFO - [2024-11-21T21:24:42.202+0000] {dag.py:3239} INFO - Sync 1 DAGs
[2024-11-21T21:24:42.227+0000] {logging_mixin.py:190} INFO - [2024-11-21T21:24:42.227+0000] {dag.py:4180} INFO - Setting next_dagrun for example_nested_branch_dag to 2024-11-20 00:00:00+00:00, run_after=2024-11-21 00:00:00+00:00
[2024-11-21T21:24:42.251+0000] {processor.py:208} INFO - Processing /root/airflow-venv/lib/python3.12/site-packages/airflow/example_dags/example_nested_branch_dag.py took 0.098 seconds
[2024-11-21T21:25:41.059+0000] {processor.py:186} INFO - Started process (PID=3574) to work on /root/airflow-venv/lib/python3.12/site-packages/airflow/example_dags/example_nested_branch_dag.py
[2024-11-21T21:25:41.061+0000] {processor.py:914} INFO - Processing file /root/airflow-venv/lib/python3.12/site-packages/airflow/example_dags/example_nested_branch_dag.py for tasks to queue
[2024-11-21T21:25:41.063+0000] {logging_mixin.py:190} INFO - [2024-11-21T21:25:41.063+0000] {dagbag.py:588} INFO - Filling up the DagBag from /root/airflow-venv/lib/python3.12/site-packages/airflow/example_dags/example_nested_branch_dag.py
[2024-11-21T21:25:41.076+0000] {processor.py:925} INFO - DAG(s) 'example_nested_branch_dag' retrieved from /root/airflow-venv/lib/python3.12/site-packages/airflow/example_dags/example_nested_branch_dag.py
[2024-11-21T21:25:41.094+0000] {logging_mixin.py:190} INFO - [2024-11-21T21:25:41.093+0000] {dag.py:3239} INFO - Sync 1 DAGs
[2024-11-21T21:25:41.113+0000] {logging_mixin.py:190} INFO - [2024-11-21T21:25:41.113+0000] {dag.py:4180} INFO - Setting next_dagrun for example_nested_branch_dag to 2024-11-20 00:00:00+00:00, run_after=2024-11-21 00:00:00+00:00
[2024-11-21T21:25:41.130+0000] {processor.py:208} INFO - Processing /root/airflow-venv/lib/python3.12/site-packages/airflow/example_dags/example_nested_branch_dag.py took 0.078 seconds
[2024-11-21T21:26:53.370+0000] {processor.py:186} INFO - Started process (PID=3637) to work on /root/airflow-venv/lib/python3.12/site-packages/airflow/example_dags/example_nested_branch_dag.py
[2024-11-21T21:26:53.373+0000] {processor.py:914} INFO - Processing file /root/airflow-venv/lib/python3.12/site-packages/airflow/example_dags/example_nested_branch_dag.py for tasks to queue
[2024-11-21T21:26:53.375+0000] {logging_mixin.py:190} INFO - [2024-11-21T21:26:53.375+0000] {dagbag.py:588} INFO - Filling up the DagBag from /root/airflow-venv/lib/python3.12/site-packages/airflow/example_dags/example_nested_branch_dag.py
[2024-11-21T21:26:53.540+0000] {processor.py:925} INFO - DAG(s) 'example_nested_branch_dag' retrieved from /root/airflow-venv/lib/python3.12/site-packages/airflow/example_dags/example_nested_branch_dag.py
[2024-11-21T21:26:53.556+0000] {logging_mixin.py:190} INFO - [2024-11-21T21:26:53.556+0000] {dag.py:3239} INFO - Sync 1 DAGs
[2024-11-21T21:26:53.575+0000] {logging_mixin.py:190} INFO - [2024-11-21T21:26:53.575+0000] {dag.py:4180} INFO - Setting next_dagrun for example_nested_branch_dag to 2024-11-20 00:00:00+00:00, run_after=2024-11-21 00:00:00+00:00
[2024-11-21T21:26:53.595+0000] {processor.py:208} INFO - Processing /root/airflow-venv/lib/python3.12/site-packages/airflow/example_dags/example_nested_branch_dag.py took 0.232 seconds
[2024-11-21T21:27:50.288+0000] {processor.py:186} INFO - Started process (PID=3694) to work on /root/airflow-venv/lib/python3.12/site-packages/airflow/example_dags/example_nested_branch_dag.py
[2024-11-21T21:27:50.290+0000] {processor.py:914} INFO - Processing file /root/airflow-venv/lib/python3.12/site-packages/airflow/example_dags/example_nested_branch_dag.py for tasks to queue
[2024-11-21T21:27:50.293+0000] {logging_mixin.py:190} INFO - [2024-11-21T21:27:50.292+0000] {dagbag.py:588} INFO - Filling up the DagBag from /root/airflow-venv/lib/python3.12/site-packages/airflow/example_dags/example_nested_branch_dag.py
[2024-11-21T21:27:50.311+0000] {processor.py:925} INFO - DAG(s) 'example_nested_branch_dag' retrieved from /root/airflow-venv/lib/python3.12/site-packages/airflow/example_dags/example_nested_branch_dag.py
[2024-11-21T21:27:50.339+0000] {logging_mixin.py:190} INFO - [2024-11-21T21:27:50.338+0000] {dag.py:3239} INFO - Sync 1 DAGs
[2024-11-21T21:27:50.366+0000] {logging_mixin.py:190} INFO - [2024-11-21T21:27:50.366+0000] {dag.py:4180} INFO - Setting next_dagrun for example_nested_branch_dag to 2024-11-20 00:00:00+00:00, run_after=2024-11-21 00:00:00+00:00
[2024-11-21T21:27:50.394+0000] {processor.py:208} INFO - Processing /root/airflow-venv/lib/python3.12/site-packages/airflow/example_dags/example_nested_branch_dag.py took 0.113 seconds
[2024-11-21T21:28:46.097+0000] {processor.py:186} INFO - Started process (PID=3753) to work on /root/airflow-venv/lib/python3.12/site-packages/airflow/example_dags/example_nested_branch_dag.py
[2024-11-21T21:28:46.099+0000] {processor.py:914} INFO - Processing file /root/airflow-venv/lib/python3.12/site-packages/airflow/example_dags/example_nested_branch_dag.py for tasks to queue
[2024-11-21T21:28:46.101+0000] {logging_mixin.py:190} INFO - [2024-11-21T21:28:46.101+0000] {dagbag.py:588} INFO - Filling up the DagBag from /root/airflow-venv/lib/python3.12/site-packages/airflow/example_dags/example_nested_branch_dag.py
[2024-11-21T21:28:46.116+0000] {processor.py:925} INFO - DAG(s) 'example_nested_branch_dag' retrieved from /root/airflow-venv/lib/python3.12/site-packages/airflow/example_dags/example_nested_branch_dag.py
[2024-11-21T21:28:46.141+0000] {logging_mixin.py:190} INFO - [2024-11-21T21:28:46.141+0000] {dag.py:3239} INFO - Sync 1 DAGs
[2024-11-21T21:28:46.171+0000] {logging_mixin.py:190} INFO - [2024-11-21T21:28:46.170+0000] {dag.py:4180} INFO - Setting next_dagrun for example_nested_branch_dag to 2024-11-20 00:00:00+00:00, run_after=2024-11-21 00:00:00+00:00
[2024-11-21T21:28:46.194+0000] {processor.py:208} INFO - Processing /root/airflow-venv/lib/python3.12/site-packages/airflow/example_dags/example_nested_branch_dag.py took 0.105 seconds
[2024-11-21T21:29:41.752+0000] {processor.py:186} INFO - Started process (PID=3867) to work on /root/airflow-venv/lib/python3.12/site-packages/airflow/example_dags/example_nested_branch_dag.py
[2024-11-21T21:29:41.753+0000] {processor.py:914} INFO - Processing file /root/airflow-venv/lib/python3.12/site-packages/airflow/example_dags/example_nested_branch_dag.py for tasks to queue
[2024-11-21T21:29:41.757+0000] {logging_mixin.py:190} INFO - [2024-11-21T21:29:41.756+0000] {dagbag.py:588} INFO - Filling up the DagBag from /root/airflow-venv/lib/python3.12/site-packages/airflow/example_dags/example_nested_branch_dag.py
[2024-11-21T21:29:41.771+0000] {processor.py:925} INFO - DAG(s) 'example_nested_branch_dag' retrieved from /root/airflow-venv/lib/python3.12/site-packages/airflow/example_dags/example_nested_branch_dag.py
[2024-11-21T21:29:41.790+0000] {logging_mixin.py:190} INFO - [2024-11-21T21:29:41.790+0000] {dag.py:3239} INFO - Sync 1 DAGs
[2024-11-21T21:29:41.813+0000] {logging_mixin.py:190} INFO - [2024-11-21T21:29:41.812+0000] {dag.py:4180} INFO - Setting next_dagrun for example_nested_branch_dag to 2024-11-20 00:00:00+00:00, run_after=2024-11-21 00:00:00+00:00
[2024-11-21T21:29:41.836+0000] {processor.py:208} INFO - Processing /root/airflow-venv/lib/python3.12/site-packages/airflow/example_dags/example_nested_branch_dag.py took 0.090 seconds
[2024-11-21T21:30:34.642+0000] {processor.py:186} INFO - Started process (PID=3929) to work on /root/airflow-venv/lib/python3.12/site-packages/airflow/example_dags/example_nested_branch_dag.py
[2024-11-21T21:30:34.644+0000] {processor.py:914} INFO - Processing file /root/airflow-venv/lib/python3.12/site-packages/airflow/example_dags/example_nested_branch_dag.py for tasks to queue
[2024-11-21T21:30:34.646+0000] {logging_mixin.py:190} INFO - [2024-11-21T21:30:34.646+0000] {dagbag.py:588} INFO - Filling up the DagBag from /root/airflow-venv/lib/python3.12/site-packages/airflow/example_dags/example_nested_branch_dag.py
[2024-11-21T21:30:34.662+0000] {processor.py:925} INFO - DAG(s) 'example_nested_branch_dag' retrieved from /root/airflow-venv/lib/python3.12/site-packages/airflow/example_dags/example_nested_branch_dag.py
[2024-11-21T21:30:34.684+0000] {logging_mixin.py:190} INFO - [2024-11-21T21:30:34.684+0000] {dag.py:3239} INFO - Sync 1 DAGs
[2024-11-21T21:30:34.708+0000] {logging_mixin.py:190} INFO - [2024-11-21T21:30:34.708+0000] {dag.py:4180} INFO - Setting next_dagrun for example_nested_branch_dag to 2024-11-20 00:00:00+00:00, run_after=2024-11-21 00:00:00+00:00
[2024-11-21T21:30:34.729+0000] {processor.py:208} INFO - Processing /root/airflow-venv/lib/python3.12/site-packages/airflow/example_dags/example_nested_branch_dag.py took 0.094 seconds
[2024-11-21T21:31:30.309+0000] {processor.py:186} INFO - Started process (PID=3989) to work on /root/airflow-venv/lib/python3.12/site-packages/airflow/example_dags/example_nested_branch_dag.py
[2024-11-21T21:31:30.311+0000] {processor.py:914} INFO - Processing file /root/airflow-venv/lib/python3.12/site-packages/airflow/example_dags/example_nested_branch_dag.py for tasks to queue
[2024-11-21T21:31:30.314+0000] {logging_mixin.py:190} INFO - [2024-11-21T21:31:30.313+0000] {dagbag.py:588} INFO - Filling up the DagBag from /root/airflow-venv/lib/python3.12/site-packages/airflow/example_dags/example_nested_branch_dag.py
[2024-11-21T21:31:30.329+0000] {processor.py:925} INFO - DAG(s) 'example_nested_branch_dag' retrieved from /root/airflow-venv/lib/python3.12/site-packages/airflow/example_dags/example_nested_branch_dag.py
[2024-11-21T21:31:30.349+0000] {logging_mixin.py:190} INFO - [2024-11-21T21:31:30.349+0000] {dag.py:3239} INFO - Sync 1 DAGs
[2024-11-21T21:31:30.371+0000] {logging_mixin.py:190} INFO - [2024-11-21T21:31:30.371+0000] {dag.py:4180} INFO - Setting next_dagrun for example_nested_branch_dag to 2024-11-20 00:00:00+00:00, run_after=2024-11-21 00:00:00+00:00
[2024-11-21T21:31:30.394+0000] {processor.py:208} INFO - Processing /root/airflow-venv/lib/python3.12/site-packages/airflow/example_dags/example_nested_branch_dag.py took 0.093 seconds
