[2024-11-21T21:20:19.896+0000] {processor.py:186} INFO - Started process (PID=3220) to work on /root/airflow-venv/lib/python3.12/site-packages/airflow/example_dags/example_subdag_operator.py
[2024-11-21T21:20:19.897+0000] {processor.py:914} INFO - Processing file /root/airflow-venv/lib/python3.12/site-packages/airflow/example_dags/example_subdag_operator.py for tasks to queue
[2024-11-21T21:20:19.900+0000] {logging_mixin.py:190} INFO - [2024-11-21T21:20:19.899+0000] {dagbag.py:588} INFO - Filling up the DagBag from /root/airflow-venv/lib/python3.12/site-packages/airflow/example_dags/example_subdag_operator.py
[2024-11-21T21:20:19.936+0000] {processor.py:925} INFO - DAG(s) 'example_subdag_operator.section-1', 'example_subdag_operator.section-2', 'example_subdag_operator' retrieved from /root/airflow-venv/lib/python3.12/site-packages/airflow/example_dags/example_subdag_operator.py
[2024-11-21T21:20:20.064+0000] {logging_mixin.py:190} INFO - [2024-11-21T21:20:20.063+0000] {override.py:1911} INFO - Created Permission View: can delete on DAG:example_subdag_operator
[2024-11-21T21:20:20.076+0000] {logging_mixin.py:190} INFO - [2024-11-21T21:20:20.076+0000] {override.py:1911} INFO - Created Permission View: can edit on DAG:example_subdag_operator
[2024-11-21T21:20:20.090+0000] {logging_mixin.py:190} INFO - [2024-11-21T21:20:20.090+0000] {override.py:1911} INFO - Created Permission View: can read on DAG:example_subdag_operator
[2024-11-21T21:20:20.102+0000] {logging_mixin.py:190} INFO - [2024-11-21T21:20:20.102+0000] {override.py:1911} INFO - Created Permission View: can delete on DAG Run:example_subdag_operator
[2024-11-21T21:20:20.109+0000] {logging_mixin.py:190} INFO - [2024-11-21T21:20:20.109+0000] {override.py:1911} INFO - Created Permission View: can create on DAG Run:example_subdag_operator
[2024-11-21T21:20:20.117+0000] {logging_mixin.py:190} INFO - [2024-11-21T21:20:20.117+0000] {override.py:1911} INFO - Created Permission View: can read on DAG Run:example_subdag_operator
[2024-11-21T21:20:20.125+0000] {logging_mixin.py:190} INFO - [2024-11-21T21:20:20.125+0000] {override.py:1911} INFO - Created Permission View: menu access on DAG Run:example_subdag_operator
[2024-11-21T21:20:20.126+0000] {logging_mixin.py:190} INFO - [2024-11-21T21:20:20.126+0000] {dag.py:3239} INFO - Sync 3 DAGs
[2024-11-21T21:20:20.144+0000] {logging_mixin.py:190} INFO - [2024-11-21T21:20:20.144+0000] {dag.py:3262} INFO - Creating ORM DAG for example_subdag_operator.section-1
[2024-11-21T21:20:20.145+0000] {logging_mixin.py:190} INFO - [2024-11-21T21:20:20.145+0000] {dag.py:3262} INFO - Creating ORM DAG for example_subdag_operator.section-2
[2024-11-21T21:20:20.146+0000] {logging_mixin.py:190} INFO - [2024-11-21T21:20:20.145+0000] {dag.py:3262} INFO - Creating ORM DAG for example_subdag_operator
[2024-11-21T21:20:20.156+0000] {logging_mixin.py:190} INFO - [2024-11-21T21:20:20.155+0000] {dag.py:4180} INFO - Setting next_dagrun for example_subdag_operator to 2022-01-01 00:00:00+00:00, run_after=2022-01-01 00:00:00+00:00
[2024-11-21T21:20:20.157+0000] {logging_mixin.py:190} INFO - [2024-11-21T21:20:20.156+0000] {dag.py:4180} INFO - Setting next_dagrun for example_subdag_operator.section-1 to None, run_after=None
[2024-11-21T21:20:20.157+0000] {logging_mixin.py:190} INFO - [2024-11-21T21:20:20.157+0000] {dag.py:4180} INFO - Setting next_dagrun for example_subdag_operator.section-2 to None, run_after=None
[2024-11-21T21:20:20.165+0000] {logging_mixin.py:190} INFO - [2024-11-21T21:20:20.164+0000] {dag.py:3239} INFO - Sync 2 DAGs
[2024-11-21T21:20:20.170+0000] {logging_mixin.py:190} INFO - [2024-11-21T21:20:20.170+0000] {dag.py:4180} INFO - Setting next_dagrun for example_subdag_operator.section-1 to None, run_after=None
[2024-11-21T21:20:20.173+0000] {logging_mixin.py:190} INFO - [2024-11-21T21:20:20.173+0000] {dag.py:4180} INFO - Setting next_dagrun for example_subdag_operator.section-2 to None, run_after=None
[2024-11-21T21:20:20.192+0000] {processor.py:208} INFO - Processing /root/airflow-venv/lib/python3.12/site-packages/airflow/example_dags/example_subdag_operator.py took 0.304 seconds
[2024-11-21T21:20:32.828+0000] {processor.py:186} INFO - Started process (PID=3244) to work on /root/airflow-venv/lib/python3.12/site-packages/airflow/example_dags/example_subdag_operator.py
[2024-11-21T21:20:32.829+0000] {processor.py:914} INFO - Processing file /root/airflow-venv/lib/python3.12/site-packages/airflow/example_dags/example_subdag_operator.py for tasks to queue
[2024-11-21T21:20:32.832+0000] {logging_mixin.py:190} INFO - [2024-11-21T21:20:32.832+0000] {dagbag.py:588} INFO - Filling up the DagBag from /root/airflow-venv/lib/python3.12/site-packages/airflow/example_dags/example_subdag_operator.py
[2024-11-21T21:20:32.873+0000] {processor.py:925} INFO - DAG(s) 'example_subdag_operator.section-1', 'example_subdag_operator.section-2', 'example_subdag_operator' retrieved from /root/airflow-venv/lib/python3.12/site-packages/airflow/example_dags/example_subdag_operator.py
[2024-11-21T21:20:32.880+0000] {logging_mixin.py:190} INFO - [2024-11-21T21:20:32.879+0000] {dag.py:3239} INFO - Sync 3 DAGs
[2024-11-21T21:20:32.914+0000] {logging_mixin.py:190} INFO - [2024-11-21T21:20:32.913+0000] {dag.py:4180} INFO - Setting next_dagrun for example_subdag_operator to 2022-01-01 00:00:00+00:00, run_after=2022-01-01 00:00:00+00:00
[2024-11-21T21:20:32.920+0000] {logging_mixin.py:190} INFO - [2024-11-21T21:20:32.920+0000] {dag.py:4180} INFO - Setting next_dagrun for example_subdag_operator.section-1 to None, run_after=None
[2024-11-21T21:20:32.921+0000] {logging_mixin.py:190} INFO - [2024-11-21T21:20:32.921+0000] {dag.py:4180} INFO - Setting next_dagrun for example_subdag_operator.section-2 to None, run_after=None
[2024-11-21T21:20:32.928+0000] {logging_mixin.py:190} INFO - [2024-11-21T21:20:32.927+0000] {dag.py:3239} INFO - Sync 2 DAGs
[2024-11-21T21:20:32.932+0000] {logging_mixin.py:190} INFO - [2024-11-21T21:20:32.932+0000] {dag.py:4180} INFO - Setting next_dagrun for example_subdag_operator.section-1 to None, run_after=None
[2024-11-21T21:20:32.932+0000] {logging_mixin.py:190} INFO - [2024-11-21T21:20:32.932+0000] {dag.py:4180} INFO - Setting next_dagrun for example_subdag_operator.section-2 to None, run_after=None
[2024-11-21T21:20:32.949+0000] {processor.py:208} INFO - Processing /root/airflow-venv/lib/python3.12/site-packages/airflow/example_dags/example_subdag_operator.py took 0.131 seconds
[2024-11-21T21:21:26.697+0000] {processor.py:186} INFO - Started process (PID=3321) to work on /root/airflow-venv/lib/python3.12/site-packages/airflow/example_dags/example_subdag_operator.py
[2024-11-21T21:21:26.699+0000] {processor.py:914} INFO - Processing file /root/airflow-venv/lib/python3.12/site-packages/airflow/example_dags/example_subdag_operator.py for tasks to queue
[2024-11-21T21:21:26.702+0000] {logging_mixin.py:190} INFO - [2024-11-21T21:21:26.701+0000] {dagbag.py:588} INFO - Filling up the DagBag from /root/airflow-venv/lib/python3.12/site-packages/airflow/example_dags/example_subdag_operator.py
[2024-11-21T21:21:26.732+0000] {processor.py:925} INFO - DAG(s) 'example_subdag_operator.section-1', 'example_subdag_operator.section-2', 'example_subdag_operator' retrieved from /root/airflow-venv/lib/python3.12/site-packages/airflow/example_dags/example_subdag_operator.py
[2024-11-21T21:21:26.750+0000] {logging_mixin.py:190} INFO - [2024-11-21T21:21:26.750+0000] {dag.py:3239} INFO - Sync 3 DAGs
[2024-11-21T21:21:26.771+0000] {logging_mixin.py:190} INFO - [2024-11-21T21:21:26.771+0000] {dag.py:4180} INFO - Setting next_dagrun for example_subdag_operator to 2022-01-01 00:00:00+00:00, run_after=2022-01-01 00:00:00+00:00
[2024-11-21T21:21:26.775+0000] {logging_mixin.py:190} INFO - [2024-11-21T21:21:26.775+0000] {dag.py:4180} INFO - Setting next_dagrun for example_subdag_operator.section-1 to None, run_after=None
[2024-11-21T21:21:26.776+0000] {logging_mixin.py:190} INFO - [2024-11-21T21:21:26.776+0000] {dag.py:4180} INFO - Setting next_dagrun for example_subdag_operator.section-2 to None, run_after=None
[2024-11-21T21:21:26.783+0000] {logging_mixin.py:190} INFO - [2024-11-21T21:21:26.783+0000] {dag.py:3239} INFO - Sync 2 DAGs
[2024-11-21T21:21:26.787+0000] {logging_mixin.py:190} INFO - [2024-11-21T21:21:26.786+0000] {dag.py:4180} INFO - Setting next_dagrun for example_subdag_operator.section-1 to None, run_after=None
[2024-11-21T21:21:26.787+0000] {logging_mixin.py:190} INFO - [2024-11-21T21:21:26.787+0000] {dag.py:4180} INFO - Setting next_dagrun for example_subdag_operator.section-2 to None, run_after=None
[2024-11-21T21:21:26.802+0000] {processor.py:208} INFO - Processing /root/airflow-venv/lib/python3.12/site-packages/airflow/example_dags/example_subdag_operator.py took 0.114 seconds
[2024-11-21T21:22:27.852+0000] {processor.py:186} INFO - Started process (PID=3379) to work on /root/airflow-venv/lib/python3.12/site-packages/airflow/example_dags/example_subdag_operator.py
[2024-11-21T21:22:27.854+0000] {processor.py:914} INFO - Processing file /root/airflow-venv/lib/python3.12/site-packages/airflow/example_dags/example_subdag_operator.py for tasks to queue
[2024-11-21T21:22:27.857+0000] {logging_mixin.py:190} INFO - [2024-11-21T21:22:27.857+0000] {dagbag.py:588} INFO - Filling up the DagBag from /root/airflow-venv/lib/python3.12/site-packages/airflow/example_dags/example_subdag_operator.py
[2024-11-21T21:22:27.891+0000] {processor.py:925} INFO - DAG(s) 'example_subdag_operator.section-1', 'example_subdag_operator.section-2', 'example_subdag_operator' retrieved from /root/airflow-venv/lib/python3.12/site-packages/airflow/example_dags/example_subdag_operator.py
[2024-11-21T21:22:27.910+0000] {logging_mixin.py:190} INFO - [2024-11-21T21:22:27.910+0000] {dag.py:3239} INFO - Sync 3 DAGs
[2024-11-21T21:22:27.935+0000] {logging_mixin.py:190} INFO - [2024-11-21T21:22:27.935+0000] {dag.py:4180} INFO - Setting next_dagrun for example_subdag_operator to 2022-01-01 00:00:00+00:00, run_after=2022-01-01 00:00:00+00:00
[2024-11-21T21:22:27.939+0000] {logging_mixin.py:190} INFO - [2024-11-21T21:22:27.939+0000] {dag.py:4180} INFO - Setting next_dagrun for example_subdag_operator.section-1 to None, run_after=None
[2024-11-21T21:22:27.940+0000] {logging_mixin.py:190} INFO - [2024-11-21T21:22:27.940+0000] {dag.py:4180} INFO - Setting next_dagrun for example_subdag_operator.section-2 to None, run_after=None
[2024-11-21T21:22:27.947+0000] {logging_mixin.py:190} INFO - [2024-11-21T21:22:27.947+0000] {dag.py:3239} INFO - Sync 2 DAGs
[2024-11-21T21:22:27.952+0000] {logging_mixin.py:190} INFO - [2024-11-21T21:22:27.951+0000] {dag.py:4180} INFO - Setting next_dagrun for example_subdag_operator.section-1 to None, run_after=None
[2024-11-21T21:22:27.952+0000] {logging_mixin.py:190} INFO - [2024-11-21T21:22:27.952+0000] {dag.py:4180} INFO - Setting next_dagrun for example_subdag_operator.section-2 to None, run_after=None
[2024-11-21T21:22:27.975+0000] {processor.py:208} INFO - Processing /root/airflow-venv/lib/python3.12/site-packages/airflow/example_dags/example_subdag_operator.py took 0.130 seconds
[2024-11-21T21:23:27.305+0000] {processor.py:186} INFO - Started process (PID=3439) to work on /root/airflow-venv/lib/python3.12/site-packages/airflow/example_dags/example_subdag_operator.py
[2024-11-21T21:23:27.307+0000] {processor.py:914} INFO - Processing file /root/airflow-venv/lib/python3.12/site-packages/airflow/example_dags/example_subdag_operator.py for tasks to queue
[2024-11-21T21:23:27.312+0000] {logging_mixin.py:190} INFO - [2024-11-21T21:23:27.311+0000] {dagbag.py:588} INFO - Filling up the DagBag from /root/airflow-venv/lib/python3.12/site-packages/airflow/example_dags/example_subdag_operator.py
[2024-11-21T21:23:27.350+0000] {processor.py:925} INFO - DAG(s) 'example_subdag_operator.section-1', 'example_subdag_operator.section-2', 'example_subdag_operator' retrieved from /root/airflow-venv/lib/python3.12/site-packages/airflow/example_dags/example_subdag_operator.py
[2024-11-21T21:23:27.372+0000] {logging_mixin.py:190} INFO - [2024-11-21T21:23:27.372+0000] {dag.py:3239} INFO - Sync 3 DAGs
[2024-11-21T21:23:27.403+0000] {logging_mixin.py:190} INFO - [2024-11-21T21:23:27.403+0000] {dag.py:4180} INFO - Setting next_dagrun for example_subdag_operator to 2022-01-01 00:00:00+00:00, run_after=2022-01-01 00:00:00+00:00
[2024-11-21T21:23:27.408+0000] {logging_mixin.py:190} INFO - [2024-11-21T21:23:27.408+0000] {dag.py:4180} INFO - Setting next_dagrun for example_subdag_operator.section-1 to None, run_after=None
[2024-11-21T21:23:27.410+0000] {logging_mixin.py:190} INFO - [2024-11-21T21:23:27.410+0000] {dag.py:4180} INFO - Setting next_dagrun for example_subdag_operator.section-2 to None, run_after=None
[2024-11-21T21:23:27.419+0000] {logging_mixin.py:190} INFO - [2024-11-21T21:23:27.418+0000] {dag.py:3239} INFO - Sync 2 DAGs
[2024-11-21T21:23:27.425+0000] {logging_mixin.py:190} INFO - [2024-11-21T21:23:27.425+0000] {dag.py:4180} INFO - Setting next_dagrun for example_subdag_operator.section-1 to None, run_after=None
[2024-11-21T21:23:27.425+0000] {logging_mixin.py:190} INFO - [2024-11-21T21:23:27.425+0000] {dag.py:4180} INFO - Setting next_dagrun for example_subdag_operator.section-2 to None, run_after=None
[2024-11-21T21:23:27.442+0000] {processor.py:208} INFO - Processing /root/airflow-venv/lib/python3.12/site-packages/airflow/example_dags/example_subdag_operator.py took 0.144 seconds
[2024-11-21T21:24:26.772+0000] {processor.py:186} INFO - Started process (PID=3496) to work on /root/airflow-venv/lib/python3.12/site-packages/airflow/example_dags/example_subdag_operator.py
[2024-11-21T21:24:26.773+0000] {processor.py:914} INFO - Processing file /root/airflow-venv/lib/python3.12/site-packages/airflow/example_dags/example_subdag_operator.py for tasks to queue
[2024-11-21T21:24:26.776+0000] {logging_mixin.py:190} INFO - [2024-11-21T21:24:26.776+0000] {dagbag.py:588} INFO - Filling up the DagBag from /root/airflow-venv/lib/python3.12/site-packages/airflow/example_dags/example_subdag_operator.py
[2024-11-21T21:24:26.808+0000] {processor.py:925} INFO - DAG(s) 'example_subdag_operator.section-1', 'example_subdag_operator.section-2', 'example_subdag_operator' retrieved from /root/airflow-venv/lib/python3.12/site-packages/airflow/example_dags/example_subdag_operator.py
[2024-11-21T21:24:26.826+0000] {logging_mixin.py:190} INFO - [2024-11-21T21:24:26.825+0000] {dag.py:3239} INFO - Sync 3 DAGs
[2024-11-21T21:24:26.851+0000] {logging_mixin.py:190} INFO - [2024-11-21T21:24:26.851+0000] {dag.py:4180} INFO - Setting next_dagrun for example_subdag_operator to 2022-01-01 00:00:00+00:00, run_after=2022-01-01 00:00:00+00:00
[2024-11-21T21:24:26.854+0000] {logging_mixin.py:190} INFO - [2024-11-21T21:24:26.854+0000] {dag.py:4180} INFO - Setting next_dagrun for example_subdag_operator.section-1 to None, run_after=None
[2024-11-21T21:24:26.855+0000] {logging_mixin.py:190} INFO - [2024-11-21T21:24:26.855+0000] {dag.py:4180} INFO - Setting next_dagrun for example_subdag_operator.section-2 to None, run_after=None
[2024-11-21T21:24:26.863+0000] {logging_mixin.py:190} INFO - [2024-11-21T21:24:26.863+0000] {dag.py:3239} INFO - Sync 2 DAGs
[2024-11-21T21:24:26.868+0000] {logging_mixin.py:190} INFO - [2024-11-21T21:24:26.867+0000] {dag.py:4180} INFO - Setting next_dagrun for example_subdag_operator.section-1 to None, run_after=None
[2024-11-21T21:24:26.868+0000] {logging_mixin.py:190} INFO - [2024-11-21T21:24:26.868+0000] {dag.py:4180} INFO - Setting next_dagrun for example_subdag_operator.section-2 to None, run_after=None
[2024-11-21T21:24:26.887+0000] {processor.py:208} INFO - Processing /root/airflow-venv/lib/python3.12/site-packages/airflow/example_dags/example_subdag_operator.py took 0.123 seconds
[2024-11-21T21:25:21.833+0000] {processor.py:186} INFO - Started process (PID=3555) to work on /root/airflow-venv/lib/python3.12/site-packages/airflow/example_dags/example_subdag_operator.py
[2024-11-21T21:25:21.835+0000] {processor.py:914} INFO - Processing file /root/airflow-venv/lib/python3.12/site-packages/airflow/example_dags/example_subdag_operator.py for tasks to queue
[2024-11-21T21:25:21.839+0000] {logging_mixin.py:190} INFO - [2024-11-21T21:25:21.838+0000] {dagbag.py:588} INFO - Filling up the DagBag from /root/airflow-venv/lib/python3.12/site-packages/airflow/example_dags/example_subdag_operator.py
[2024-11-21T21:25:21.880+0000] {processor.py:925} INFO - DAG(s) 'example_subdag_operator.section-1', 'example_subdag_operator.section-2', 'example_subdag_operator' retrieved from /root/airflow-venv/lib/python3.12/site-packages/airflow/example_dags/example_subdag_operator.py
[2024-11-21T21:25:21.904+0000] {logging_mixin.py:190} INFO - [2024-11-21T21:25:21.904+0000] {dag.py:3239} INFO - Sync 3 DAGs
[2024-11-21T21:25:21.933+0000] {logging_mixin.py:190} INFO - [2024-11-21T21:25:21.932+0000] {dag.py:4180} INFO - Setting next_dagrun for example_subdag_operator to 2022-01-01 00:00:00+00:00, run_after=2022-01-01 00:00:00+00:00
[2024-11-21T21:25:21.937+0000] {logging_mixin.py:190} INFO - [2024-11-21T21:25:21.937+0000] {dag.py:4180} INFO - Setting next_dagrun for example_subdag_operator.section-1 to None, run_after=None
[2024-11-21T21:25:21.939+0000] {logging_mixin.py:190} INFO - [2024-11-21T21:25:21.938+0000] {dag.py:4180} INFO - Setting next_dagrun for example_subdag_operator.section-2 to None, run_after=None
[2024-11-21T21:25:21.946+0000] {logging_mixin.py:190} INFO - [2024-11-21T21:25:21.945+0000] {dag.py:3239} INFO - Sync 2 DAGs
[2024-11-21T21:25:21.950+0000] {logging_mixin.py:190} INFO - [2024-11-21T21:25:21.950+0000] {dag.py:4180} INFO - Setting next_dagrun for example_subdag_operator.section-1 to None, run_after=None
[2024-11-21T21:25:21.950+0000] {logging_mixin.py:190} INFO - [2024-11-21T21:25:21.950+0000] {dag.py:4180} INFO - Setting next_dagrun for example_subdag_operator.section-2 to None, run_after=None
[2024-11-21T21:25:21.964+0000] {processor.py:208} INFO - Processing /root/airflow-venv/lib/python3.12/site-packages/airflow/example_dags/example_subdag_operator.py took 0.140 seconds
[2024-11-21T21:26:27.035+0000] {processor.py:186} INFO - Started process (PID=3614) to work on /root/airflow-venv/lib/python3.12/site-packages/airflow/example_dags/example_subdag_operator.py
[2024-11-21T21:26:27.037+0000] {processor.py:914} INFO - Processing file /root/airflow-venv/lib/python3.12/site-packages/airflow/example_dags/example_subdag_operator.py for tasks to queue
[2024-11-21T21:26:27.040+0000] {logging_mixin.py:190} INFO - [2024-11-21T21:26:27.039+0000] {dagbag.py:588} INFO - Filling up the DagBag from /root/airflow-venv/lib/python3.12/site-packages/airflow/example_dags/example_subdag_operator.py
[2024-11-21T21:26:27.069+0000] {processor.py:925} INFO - DAG(s) 'example_subdag_operator.section-1', 'example_subdag_operator.section-2', 'example_subdag_operator' retrieved from /root/airflow-venv/lib/python3.12/site-packages/airflow/example_dags/example_subdag_operator.py
[2024-11-21T21:26:27.085+0000] {logging_mixin.py:190} INFO - [2024-11-21T21:26:27.085+0000] {dag.py:3239} INFO - Sync 3 DAGs
[2024-11-21T21:26:27.240+0000] {logging_mixin.py:190} INFO - [2024-11-21T21:26:27.239+0000] {dag.py:4180} INFO - Setting next_dagrun for example_subdag_operator to 2022-01-01 00:00:00+00:00, run_after=2022-01-01 00:00:00+00:00
[2024-11-21T21:26:27.243+0000] {logging_mixin.py:190} INFO - [2024-11-21T21:26:27.242+0000] {dag.py:4180} INFO - Setting next_dagrun for example_subdag_operator.section-1 to None, run_after=None
[2024-11-21T21:26:27.244+0000] {logging_mixin.py:190} INFO - [2024-11-21T21:26:27.243+0000] {dag.py:4180} INFO - Setting next_dagrun for example_subdag_operator.section-2 to None, run_after=None
[2024-11-21T21:26:27.248+0000] {logging_mixin.py:190} INFO - [2024-11-21T21:26:27.248+0000] {dag.py:3239} INFO - Sync 2 DAGs
[2024-11-21T21:26:27.252+0000] {logging_mixin.py:190} INFO - [2024-11-21T21:26:27.252+0000] {dag.py:4180} INFO - Setting next_dagrun for example_subdag_operator.section-1 to None, run_after=None
[2024-11-21T21:26:27.252+0000] {logging_mixin.py:190} INFO - [2024-11-21T21:26:27.252+0000] {dag.py:4180} INFO - Setting next_dagrun for example_subdag_operator.section-2 to None, run_after=None
[2024-11-21T21:26:27.265+0000] {processor.py:208} INFO - Processing /root/airflow-venv/lib/python3.12/site-packages/airflow/example_dags/example_subdag_operator.py took 0.237 seconds
[2024-11-21T21:27:30.723+0000] {processor.py:186} INFO - Started process (PID=3674) to work on /root/airflow-venv/lib/python3.12/site-packages/airflow/example_dags/example_subdag_operator.py
[2024-11-21T21:27:30.725+0000] {processor.py:914} INFO - Processing file /root/airflow-venv/lib/python3.12/site-packages/airflow/example_dags/example_subdag_operator.py for tasks to queue
[2024-11-21T21:27:30.728+0000] {logging_mixin.py:190} INFO - [2024-11-21T21:27:30.727+0000] {dagbag.py:588} INFO - Filling up the DagBag from /root/airflow-venv/lib/python3.12/site-packages/airflow/example_dags/example_subdag_operator.py
[2024-11-21T21:27:30.757+0000] {processor.py:925} INFO - DAG(s) 'example_subdag_operator.section-1', 'example_subdag_operator.section-2', 'example_subdag_operator' retrieved from /root/airflow-venv/lib/python3.12/site-packages/airflow/example_dags/example_subdag_operator.py
[2024-11-21T21:27:30.774+0000] {logging_mixin.py:190} INFO - [2024-11-21T21:27:30.774+0000] {dag.py:3239} INFO - Sync 3 DAGs
[2024-11-21T21:27:30.799+0000] {logging_mixin.py:190} INFO - [2024-11-21T21:27:30.799+0000] {dag.py:4180} INFO - Setting next_dagrun for example_subdag_operator to 2022-01-01 00:00:00+00:00, run_after=2022-01-01 00:00:00+00:00
[2024-11-21T21:27:30.802+0000] {logging_mixin.py:190} INFO - [2024-11-21T21:27:30.802+0000] {dag.py:4180} INFO - Setting next_dagrun for example_subdag_operator.section-1 to None, run_after=None
[2024-11-21T21:27:30.803+0000] {logging_mixin.py:190} INFO - [2024-11-21T21:27:30.803+0000] {dag.py:4180} INFO - Setting next_dagrun for example_subdag_operator.section-2 to None, run_after=None
[2024-11-21T21:27:30.810+0000] {logging_mixin.py:190} INFO - [2024-11-21T21:27:30.809+0000] {dag.py:3239} INFO - Sync 2 DAGs
[2024-11-21T21:27:30.814+0000] {logging_mixin.py:190} INFO - [2024-11-21T21:27:30.813+0000] {dag.py:4180} INFO - Setting next_dagrun for example_subdag_operator.section-1 to None, run_after=None
[2024-11-21T21:27:30.814+0000] {logging_mixin.py:190} INFO - [2024-11-21T21:27:30.814+0000] {dag.py:4180} INFO - Setting next_dagrun for example_subdag_operator.section-2 to None, run_after=None
[2024-11-21T21:27:30.832+0000] {processor.py:208} INFO - Processing /root/airflow-venv/lib/python3.12/site-packages/airflow/example_dags/example_subdag_operator.py took 0.117 seconds
[2024-11-21T21:28:25.592+0000] {processor.py:186} INFO - Started process (PID=3733) to work on /root/airflow-venv/lib/python3.12/site-packages/airflow/example_dags/example_subdag_operator.py
[2024-11-21T21:28:25.594+0000] {processor.py:914} INFO - Processing file /root/airflow-venv/lib/python3.12/site-packages/airflow/example_dags/example_subdag_operator.py for tasks to queue
[2024-11-21T21:28:25.598+0000] {logging_mixin.py:190} INFO - [2024-11-21T21:28:25.598+0000] {dagbag.py:588} INFO - Filling up the DagBag from /root/airflow-venv/lib/python3.12/site-packages/airflow/example_dags/example_subdag_operator.py
[2024-11-21T21:28:25.632+0000] {processor.py:925} INFO - DAG(s) 'example_subdag_operator.section-1', 'example_subdag_operator.section-2', 'example_subdag_operator' retrieved from /root/airflow-venv/lib/python3.12/site-packages/airflow/example_dags/example_subdag_operator.py
[2024-11-21T21:28:25.655+0000] {logging_mixin.py:190} INFO - [2024-11-21T21:28:25.655+0000] {dag.py:3239} INFO - Sync 3 DAGs
[2024-11-21T21:28:25.681+0000] {logging_mixin.py:190} INFO - [2024-11-21T21:28:25.680+0000] {dag.py:4180} INFO - Setting next_dagrun for example_subdag_operator to 2022-01-01 00:00:00+00:00, run_after=2022-01-01 00:00:00+00:00
[2024-11-21T21:28:25.685+0000] {logging_mixin.py:190} INFO - [2024-11-21T21:28:25.684+0000] {dag.py:4180} INFO - Setting next_dagrun for example_subdag_operator.section-1 to None, run_after=None
[2024-11-21T21:28:25.686+0000] {logging_mixin.py:190} INFO - [2024-11-21T21:28:25.686+0000] {dag.py:4180} INFO - Setting next_dagrun for example_subdag_operator.section-2 to None, run_after=None
[2024-11-21T21:28:25.694+0000] {logging_mixin.py:190} INFO - [2024-11-21T21:28:25.694+0000] {dag.py:3239} INFO - Sync 2 DAGs
[2024-11-21T21:28:25.699+0000] {logging_mixin.py:190} INFO - [2024-11-21T21:28:25.699+0000] {dag.py:4180} INFO - Setting next_dagrun for example_subdag_operator.section-1 to None, run_after=None
[2024-11-21T21:28:25.699+0000] {logging_mixin.py:190} INFO - [2024-11-21T21:28:25.699+0000] {dag.py:4180} INFO - Setting next_dagrun for example_subdag_operator.section-2 to None, run_after=None
[2024-11-21T21:28:25.716+0000] {processor.py:208} INFO - Processing /root/airflow-venv/lib/python3.12/site-packages/airflow/example_dags/example_subdag_operator.py took 0.134 seconds
[2024-11-21T21:29:21.174+0000] {processor.py:186} INFO - Started process (PID=3800) to work on /root/airflow-venv/lib/python3.12/site-packages/airflow/example_dags/example_subdag_operator.py
[2024-11-21T21:29:21.176+0000] {processor.py:914} INFO - Processing file /root/airflow-venv/lib/python3.12/site-packages/airflow/example_dags/example_subdag_operator.py for tasks to queue
[2024-11-21T21:29:21.180+0000] {logging_mixin.py:190} INFO - [2024-11-21T21:29:21.179+0000] {dagbag.py:588} INFO - Filling up the DagBag from /root/airflow-venv/lib/python3.12/site-packages/airflow/example_dags/example_subdag_operator.py
[2024-11-21T21:29:21.218+0000] {processor.py:925} INFO - DAG(s) 'example_subdag_operator.section-1', 'example_subdag_operator.section-2', 'example_subdag_operator' retrieved from /root/airflow-venv/lib/python3.12/site-packages/airflow/example_dags/example_subdag_operator.py
[2024-11-21T21:29:21.237+0000] {logging_mixin.py:190} INFO - [2024-11-21T21:29:21.237+0000] {dag.py:3239} INFO - Sync 3 DAGs
[2024-11-21T21:29:21.262+0000] {logging_mixin.py:190} INFO - [2024-11-21T21:29:21.262+0000] {dag.py:4180} INFO - Setting next_dagrun for example_subdag_operator to 2022-01-01 00:00:00+00:00, run_after=2022-01-01 00:00:00+00:00
[2024-11-21T21:29:21.266+0000] {logging_mixin.py:190} INFO - [2024-11-21T21:29:21.266+0000] {dag.py:4180} INFO - Setting next_dagrun for example_subdag_operator.section-1 to None, run_after=None
[2024-11-21T21:29:21.267+0000] {logging_mixin.py:190} INFO - [2024-11-21T21:29:21.267+0000] {dag.py:4180} INFO - Setting next_dagrun for example_subdag_operator.section-2 to None, run_after=None
[2024-11-21T21:29:21.274+0000] {logging_mixin.py:190} INFO - [2024-11-21T21:29:21.274+0000] {dag.py:3239} INFO - Sync 2 DAGs
[2024-11-21T21:29:21.279+0000] {logging_mixin.py:190} INFO - [2024-11-21T21:29:21.279+0000] {dag.py:4180} INFO - Setting next_dagrun for example_subdag_operator.section-1 to None, run_after=None
[2024-11-21T21:29:21.279+0000] {logging_mixin.py:190} INFO - [2024-11-21T21:29:21.279+0000] {dag.py:4180} INFO - Setting next_dagrun for example_subdag_operator.section-2 to None, run_after=None
[2024-11-21T21:29:21.297+0000] {processor.py:208} INFO - Processing /root/airflow-venv/lib/python3.12/site-packages/airflow/example_dags/example_subdag_operator.py took 0.134 seconds
[2024-11-21T21:30:15.773+0000] {processor.py:186} INFO - Started process (PID=3910) to work on /root/airflow-venv/lib/python3.12/site-packages/airflow/example_dags/example_subdag_operator.py
[2024-11-21T21:30:15.775+0000] {processor.py:914} INFO - Processing file /root/airflow-venv/lib/python3.12/site-packages/airflow/example_dags/example_subdag_operator.py for tasks to queue
[2024-11-21T21:30:15.779+0000] {logging_mixin.py:190} INFO - [2024-11-21T21:30:15.779+0000] {dagbag.py:588} INFO - Filling up the DagBag from /root/airflow-venv/lib/python3.12/site-packages/airflow/example_dags/example_subdag_operator.py
[2024-11-21T21:30:15.821+0000] {processor.py:925} INFO - DAG(s) 'example_subdag_operator.section-1', 'example_subdag_operator.section-2', 'example_subdag_operator' retrieved from /root/airflow-venv/lib/python3.12/site-packages/airflow/example_dags/example_subdag_operator.py
[2024-11-21T21:30:15.846+0000] {logging_mixin.py:190} INFO - [2024-11-21T21:30:15.846+0000] {dag.py:3239} INFO - Sync 3 DAGs
[2024-11-21T21:30:15.880+0000] {logging_mixin.py:190} INFO - [2024-11-21T21:30:15.879+0000] {dag.py:4180} INFO - Setting next_dagrun for example_subdag_operator to 2022-01-01 00:00:00+00:00, run_after=2022-01-01 00:00:00+00:00
[2024-11-21T21:30:15.886+0000] {logging_mixin.py:190} INFO - [2024-11-21T21:30:15.885+0000] {dag.py:4180} INFO - Setting next_dagrun for example_subdag_operator.section-1 to None, run_after=None
[2024-11-21T21:30:15.887+0000] {logging_mixin.py:190} INFO - [2024-11-21T21:30:15.887+0000] {dag.py:4180} INFO - Setting next_dagrun for example_subdag_operator.section-2 to None, run_after=None
[2024-11-21T21:30:15.896+0000] {logging_mixin.py:190} INFO - [2024-11-21T21:30:15.895+0000] {dag.py:3239} INFO - Sync 2 DAGs
[2024-11-21T21:30:15.899+0000] {logging_mixin.py:190} INFO - [2024-11-21T21:30:15.899+0000] {dag.py:4180} INFO - Setting next_dagrun for example_subdag_operator.section-1 to None, run_after=None
[2024-11-21T21:30:15.899+0000] {logging_mixin.py:190} INFO - [2024-11-21T21:30:15.899+0000] {dag.py:4180} INFO - Setting next_dagrun for example_subdag_operator.section-2 to None, run_after=None
[2024-11-21T21:30:15.915+0000] {processor.py:208} INFO - Processing /root/airflow-venv/lib/python3.12/site-packages/airflow/example_dags/example_subdag_operator.py took 0.152 seconds
[2024-11-21T21:31:07.954+0000] {processor.py:186} INFO - Started process (PID=3966) to work on /root/airflow-venv/lib/python3.12/site-packages/airflow/example_dags/example_subdag_operator.py
[2024-11-21T21:31:07.956+0000] {processor.py:914} INFO - Processing file /root/airflow-venv/lib/python3.12/site-packages/airflow/example_dags/example_subdag_operator.py for tasks to queue
[2024-11-21T21:31:07.959+0000] {logging_mixin.py:190} INFO - [2024-11-21T21:31:07.958+0000] {dagbag.py:588} INFO - Filling up the DagBag from /root/airflow-venv/lib/python3.12/site-packages/airflow/example_dags/example_subdag_operator.py
[2024-11-21T21:31:07.984+0000] {processor.py:925} INFO - DAG(s) 'example_subdag_operator.section-1', 'example_subdag_operator.section-2', 'example_subdag_operator' retrieved from /root/airflow-venv/lib/python3.12/site-packages/airflow/example_dags/example_subdag_operator.py
[2024-11-21T21:31:08.001+0000] {logging_mixin.py:190} INFO - [2024-11-21T21:31:08.000+0000] {dag.py:3239} INFO - Sync 3 DAGs
[2024-11-21T21:31:08.021+0000] {logging_mixin.py:190} INFO - [2024-11-21T21:31:08.021+0000] {dag.py:4180} INFO - Setting next_dagrun for example_subdag_operator to 2022-01-01 00:00:00+00:00, run_after=2022-01-01 00:00:00+00:00
[2024-11-21T21:31:08.025+0000] {logging_mixin.py:190} INFO - [2024-11-21T21:31:08.025+0000] {dag.py:4180} INFO - Setting next_dagrun for example_subdag_operator.section-1 to None, run_after=None
[2024-11-21T21:31:08.026+0000] {logging_mixin.py:190} INFO - [2024-11-21T21:31:08.026+0000] {dag.py:4180} INFO - Setting next_dagrun for example_subdag_operator.section-2 to None, run_after=None
[2024-11-21T21:31:08.032+0000] {logging_mixin.py:190} INFO - [2024-11-21T21:31:08.032+0000] {dag.py:3239} INFO - Sync 2 DAGs
[2024-11-21T21:31:08.036+0000] {logging_mixin.py:190} INFO - [2024-11-21T21:31:08.036+0000] {dag.py:4180} INFO - Setting next_dagrun for example_subdag_operator.section-1 to None, run_after=None
[2024-11-21T21:31:08.036+0000] {logging_mixin.py:190} INFO - [2024-11-21T21:31:08.036+0000] {dag.py:4180} INFO - Setting next_dagrun for example_subdag_operator.section-2 to None, run_after=None
[2024-11-21T21:31:08.050+0000] {processor.py:208} INFO - Processing /root/airflow-venv/lib/python3.12/site-packages/airflow/example_dags/example_subdag_operator.py took 0.102 seconds
