[2024-11-21T21:20:22.447+0000] {processor.py:186} INFO - Started process (PID=3224) to work on /root/airflow-venv/lib/python3.12/site-packages/airflow/example_dags/example_skip_dag.py
[2024-11-21T21:20:22.448+0000] {processor.py:914} INFO - Processing file /root/airflow-venv/lib/python3.12/site-packages/airflow/example_dags/example_skip_dag.py for tasks to queue
[2024-11-21T21:20:22.452+0000] {logging_mixin.py:190} INFO - [2024-11-21T21:20:22.452+0000] {dagbag.py:588} INFO - Filling up the DagBag from /root/airflow-venv/lib/python3.12/site-packages/airflow/example_dags/example_skip_dag.py
[2024-11-21T21:20:22.465+0000] {processor.py:925} INFO - DAG(s) 'example_skip_dag' retrieved from /root/airflow-venv/lib/python3.12/site-packages/airflow/example_dags/example_skip_dag.py
[2024-11-21T21:20:22.617+0000] {logging_mixin.py:190} INFO - [2024-11-21T21:20:22.616+0000] {override.py:1911} INFO - Created Permission View: can delete on DAG:example_skip_dag
[2024-11-21T21:20:22.631+0000] {logging_mixin.py:190} INFO - [2024-11-21T21:20:22.631+0000] {override.py:1911} INFO - Created Permission View: can edit on DAG:example_skip_dag
[2024-11-21T21:20:22.642+0000] {logging_mixin.py:190} INFO - [2024-11-21T21:20:22.642+0000] {override.py:1911} INFO - Created Permission View: can read on DAG:example_skip_dag
[2024-11-21T21:20:22.658+0000] {logging_mixin.py:190} INFO - [2024-11-21T21:20:22.657+0000] {override.py:1911} INFO - Created Permission View: can delete on DAG Run:example_skip_dag
[2024-11-21T21:20:22.669+0000] {logging_mixin.py:190} INFO - [2024-11-21T21:20:22.668+0000] {override.py:1911} INFO - Created Permission View: can create on DAG Run:example_skip_dag
[2024-11-21T21:20:22.679+0000] {logging_mixin.py:190} INFO - [2024-11-21T21:20:22.679+0000] {override.py:1911} INFO - Created Permission View: can read on DAG Run:example_skip_dag
[2024-11-21T21:20:22.689+0000] {logging_mixin.py:190} INFO - [2024-11-21T21:20:22.689+0000] {override.py:1911} INFO - Created Permission View: menu access on DAG Run:example_skip_dag
[2024-11-21T21:20:22.690+0000] {logging_mixin.py:190} INFO - [2024-11-21T21:20:22.690+0000] {dag.py:3239} INFO - Sync 1 DAGs
[2024-11-21T21:20:22.709+0000] {logging_mixin.py:190} INFO - [2024-11-21T21:20:22.708+0000] {dag.py:3262} INFO - Creating ORM DAG for example_skip_dag
[2024-11-21T21:20:22.724+0000] {logging_mixin.py:190} INFO - [2024-11-21T21:20:22.724+0000] {dag.py:4180} INFO - Setting next_dagrun for example_skip_dag to 2024-11-20 00:00:00+00:00, run_after=2024-11-21 00:00:00+00:00
[2024-11-21T21:20:22.759+0000] {processor.py:208} INFO - Processing /root/airflow-venv/lib/python3.12/site-packages/airflow/example_dags/example_skip_dag.py took 0.320 seconds
[2024-11-21T21:20:35.254+0000] {processor.py:186} INFO - Started process (PID=3248) to work on /root/airflow-venv/lib/python3.12/site-packages/airflow/example_dags/example_skip_dag.py
[2024-11-21T21:20:35.256+0000] {processor.py:914} INFO - Processing file /root/airflow-venv/lib/python3.12/site-packages/airflow/example_dags/example_skip_dag.py for tasks to queue
[2024-11-21T21:20:35.260+0000] {logging_mixin.py:190} INFO - [2024-11-21T21:20:35.260+0000] {dagbag.py:588} INFO - Filling up the DagBag from /root/airflow-venv/lib/python3.12/site-packages/airflow/example_dags/example_skip_dag.py
[2024-11-21T21:20:35.273+0000] {processor.py:925} INFO - DAG(s) 'example_skip_dag' retrieved from /root/airflow-venv/lib/python3.12/site-packages/airflow/example_dags/example_skip_dag.py
[2024-11-21T21:20:35.289+0000] {logging_mixin.py:190} INFO - [2024-11-21T21:20:35.288+0000] {dag.py:3239} INFO - Sync 1 DAGs
[2024-11-21T21:20:35.321+0000] {logging_mixin.py:190} INFO - [2024-11-21T21:20:35.321+0000] {dag.py:4180} INFO - Setting next_dagrun for example_skip_dag to 2024-11-20 00:00:00+00:00, run_after=2024-11-21 00:00:00+00:00
[2024-11-21T21:20:35.354+0000] {processor.py:208} INFO - Processing /root/airflow-venv/lib/python3.12/site-packages/airflow/example_dags/example_skip_dag.py took 0.111 seconds
[2024-11-21T21:21:28.689+0000] {processor.py:186} INFO - Started process (PID=3323) to work on /root/airflow-venv/lib/python3.12/site-packages/airflow/example_dags/example_skip_dag.py
[2024-11-21T21:21:28.690+0000] {processor.py:914} INFO - Processing file /root/airflow-venv/lib/python3.12/site-packages/airflow/example_dags/example_skip_dag.py for tasks to queue
[2024-11-21T21:21:28.694+0000] {logging_mixin.py:190} INFO - [2024-11-21T21:21:28.693+0000] {dagbag.py:588} INFO - Filling up the DagBag from /root/airflow-venv/lib/python3.12/site-packages/airflow/example_dags/example_skip_dag.py
[2024-11-21T21:21:28.703+0000] {processor.py:925} INFO - DAG(s) 'example_skip_dag' retrieved from /root/airflow-venv/lib/python3.12/site-packages/airflow/example_dags/example_skip_dag.py
[2024-11-21T21:21:28.725+0000] {logging_mixin.py:190} INFO - [2024-11-21T21:21:28.725+0000] {dag.py:3239} INFO - Sync 1 DAGs
[2024-11-21T21:21:28.748+0000] {logging_mixin.py:190} INFO - [2024-11-21T21:21:28.748+0000] {dag.py:4180} INFO - Setting next_dagrun for example_skip_dag to 2024-11-20 00:00:00+00:00, run_after=2024-11-21 00:00:00+00:00
[2024-11-21T21:21:28.775+0000] {processor.py:208} INFO - Processing /root/airflow-venv/lib/python3.12/site-packages/airflow/example_dags/example_skip_dag.py took 0.092 seconds
[2024-11-21T21:22:29.860+0000] {processor.py:186} INFO - Started process (PID=3381) to work on /root/airflow-venv/lib/python3.12/site-packages/airflow/example_dags/example_skip_dag.py
[2024-11-21T21:22:29.861+0000] {processor.py:914} INFO - Processing file /root/airflow-venv/lib/python3.12/site-packages/airflow/example_dags/example_skip_dag.py for tasks to queue
[2024-11-21T21:22:29.865+0000] {logging_mixin.py:190} INFO - [2024-11-21T21:22:29.864+0000] {dagbag.py:588} INFO - Filling up the DagBag from /root/airflow-venv/lib/python3.12/site-packages/airflow/example_dags/example_skip_dag.py
[2024-11-21T21:22:29.877+0000] {processor.py:925} INFO - DAG(s) 'example_skip_dag' retrieved from /root/airflow-venv/lib/python3.12/site-packages/airflow/example_dags/example_skip_dag.py
[2024-11-21T21:22:29.900+0000] {logging_mixin.py:190} INFO - [2024-11-21T21:22:29.900+0000] {dag.py:3239} INFO - Sync 1 DAGs
[2024-11-21T21:22:29.925+0000] {logging_mixin.py:190} INFO - [2024-11-21T21:22:29.925+0000] {dag.py:4180} INFO - Setting next_dagrun for example_skip_dag to 2024-11-20 00:00:00+00:00, run_after=2024-11-21 00:00:00+00:00
[2024-11-21T21:22:29.953+0000] {processor.py:208} INFO - Processing /root/airflow-venv/lib/python3.12/site-packages/airflow/example_dags/example_skip_dag.py took 0.101 seconds
[2024-11-21T21:23:29.267+0000] {processor.py:186} INFO - Started process (PID=3441) to work on /root/airflow-venv/lib/python3.12/site-packages/airflow/example_dags/example_skip_dag.py
[2024-11-21T21:23:29.269+0000] {processor.py:914} INFO - Processing file /root/airflow-venv/lib/python3.12/site-packages/airflow/example_dags/example_skip_dag.py for tasks to queue
[2024-11-21T21:23:29.273+0000] {logging_mixin.py:190} INFO - [2024-11-21T21:23:29.273+0000] {dagbag.py:588} INFO - Filling up the DagBag from /root/airflow-venv/lib/python3.12/site-packages/airflow/example_dags/example_skip_dag.py
[2024-11-21T21:23:29.287+0000] {processor.py:925} INFO - DAG(s) 'example_skip_dag' retrieved from /root/airflow-venv/lib/python3.12/site-packages/airflow/example_dags/example_skip_dag.py
[2024-11-21T21:23:29.315+0000] {logging_mixin.py:190} INFO - [2024-11-21T21:23:29.315+0000] {dag.py:3239} INFO - Sync 1 DAGs
[2024-11-21T21:23:29.341+0000] {logging_mixin.py:190} INFO - [2024-11-21T21:23:29.341+0000] {dag.py:4180} INFO - Setting next_dagrun for example_skip_dag to 2024-11-20 00:00:00+00:00, run_after=2024-11-21 00:00:00+00:00
[2024-11-21T21:23:29.369+0000] {processor.py:208} INFO - Processing /root/airflow-venv/lib/python3.12/site-packages/airflow/example_dags/example_skip_dag.py took 0.109 seconds
[2024-11-21T21:24:28.396+0000] {processor.py:186} INFO - Started process (PID=3498) to work on /root/airflow-venv/lib/python3.12/site-packages/airflow/example_dags/example_skip_dag.py
[2024-11-21T21:24:28.398+0000] {processor.py:914} INFO - Processing file /root/airflow-venv/lib/python3.12/site-packages/airflow/example_dags/example_skip_dag.py for tasks to queue
[2024-11-21T21:24:28.403+0000] {logging_mixin.py:190} INFO - [2024-11-21T21:24:28.403+0000] {dagbag.py:588} INFO - Filling up the DagBag from /root/airflow-venv/lib/python3.12/site-packages/airflow/example_dags/example_skip_dag.py
[2024-11-21T21:24:28.417+0000] {processor.py:925} INFO - DAG(s) 'example_skip_dag' retrieved from /root/airflow-venv/lib/python3.12/site-packages/airflow/example_dags/example_skip_dag.py
[2024-11-21T21:24:28.444+0000] {logging_mixin.py:190} INFO - [2024-11-21T21:24:28.444+0000] {dag.py:3239} INFO - Sync 1 DAGs
[2024-11-21T21:24:28.466+0000] {logging_mixin.py:190} INFO - [2024-11-21T21:24:28.466+0000] {dag.py:4180} INFO - Setting next_dagrun for example_skip_dag to 2024-11-20 00:00:00+00:00, run_after=2024-11-21 00:00:00+00:00
[2024-11-21T21:24:28.490+0000] {processor.py:208} INFO - Processing /root/airflow-venv/lib/python3.12/site-packages/airflow/example_dags/example_skip_dag.py took 0.103 seconds
[2024-11-21T21:25:24.212+0000] {processor.py:186} INFO - Started process (PID=3557) to work on /root/airflow-venv/lib/python3.12/site-packages/airflow/example_dags/example_skip_dag.py
[2024-11-21T21:25:24.213+0000] {processor.py:914} INFO - Processing file /root/airflow-venv/lib/python3.12/site-packages/airflow/example_dags/example_skip_dag.py for tasks to queue
[2024-11-21T21:25:24.215+0000] {logging_mixin.py:190} INFO - [2024-11-21T21:25:24.215+0000] {dagbag.py:588} INFO - Filling up the DagBag from /root/airflow-venv/lib/python3.12/site-packages/airflow/example_dags/example_skip_dag.py
[2024-11-21T21:25:24.226+0000] {processor.py:925} INFO - DAG(s) 'example_skip_dag' retrieved from /root/airflow-venv/lib/python3.12/site-packages/airflow/example_dags/example_skip_dag.py
[2024-11-21T21:25:24.247+0000] {logging_mixin.py:190} INFO - [2024-11-21T21:25:24.247+0000] {dag.py:3239} INFO - Sync 1 DAGs
[2024-11-21T21:25:24.269+0000] {logging_mixin.py:190} INFO - [2024-11-21T21:25:24.269+0000] {dag.py:4180} INFO - Setting next_dagrun for example_skip_dag to 2024-11-20 00:00:00+00:00, run_after=2024-11-21 00:00:00+00:00
[2024-11-21T21:25:24.290+0000] {processor.py:208} INFO - Processing /root/airflow-venv/lib/python3.12/site-packages/airflow/example_dags/example_skip_dag.py took 0.085 seconds
[2024-11-21T21:26:29.745+0000] {processor.py:186} INFO - Started process (PID=3616) to work on /root/airflow-venv/lib/python3.12/site-packages/airflow/example_dags/example_skip_dag.py
[2024-11-21T21:26:29.747+0000] {processor.py:914} INFO - Processing file /root/airflow-venv/lib/python3.12/site-packages/airflow/example_dags/example_skip_dag.py for tasks to queue
[2024-11-21T21:26:29.749+0000] {logging_mixin.py:190} INFO - [2024-11-21T21:26:29.749+0000] {dagbag.py:588} INFO - Filling up the DagBag from /root/airflow-venv/lib/python3.12/site-packages/airflow/example_dags/example_skip_dag.py
[2024-11-21T21:26:29.759+0000] {processor.py:925} INFO - DAG(s) 'example_skip_dag' retrieved from /root/airflow-venv/lib/python3.12/site-packages/airflow/example_dags/example_skip_dag.py
[2024-11-21T21:26:29.781+0000] {logging_mixin.py:190} INFO - [2024-11-21T21:26:29.781+0000] {dag.py:3239} INFO - Sync 1 DAGs
[2024-11-21T21:26:29.950+0000] {logging_mixin.py:190} INFO - [2024-11-21T21:26:29.950+0000] {dag.py:4180} INFO - Setting next_dagrun for example_skip_dag to 2024-11-20 00:00:00+00:00, run_after=2024-11-21 00:00:00+00:00
[2024-11-21T21:26:29.968+0000] {processor.py:208} INFO - Processing /root/airflow-venv/lib/python3.12/site-packages/airflow/example_dags/example_skip_dag.py took 0.229 seconds
[2024-11-21T21:27:32.256+0000] {processor.py:186} INFO - Started process (PID=3676) to work on /root/airflow-venv/lib/python3.12/site-packages/airflow/example_dags/example_skip_dag.py
[2024-11-21T21:27:32.257+0000] {processor.py:914} INFO - Processing file /root/airflow-venv/lib/python3.12/site-packages/airflow/example_dags/example_skip_dag.py for tasks to queue
[2024-11-21T21:27:32.260+0000] {logging_mixin.py:190} INFO - [2024-11-21T21:27:32.260+0000] {dagbag.py:588} INFO - Filling up the DagBag from /root/airflow-venv/lib/python3.12/site-packages/airflow/example_dags/example_skip_dag.py
[2024-11-21T21:27:32.271+0000] {processor.py:925} INFO - DAG(s) 'example_skip_dag' retrieved from /root/airflow-venv/lib/python3.12/site-packages/airflow/example_dags/example_skip_dag.py
[2024-11-21T21:27:32.292+0000] {logging_mixin.py:190} INFO - [2024-11-21T21:27:32.292+0000] {dag.py:3239} INFO - Sync 1 DAGs
[2024-11-21T21:27:32.318+0000] {logging_mixin.py:190} INFO - [2024-11-21T21:27:32.317+0000] {dag.py:4180} INFO - Setting next_dagrun for example_skip_dag to 2024-11-20 00:00:00+00:00, run_after=2024-11-21 00:00:00+00:00
[2024-11-21T21:27:32.339+0000] {processor.py:208} INFO - Processing /root/airflow-venv/lib/python3.12/site-packages/airflow/example_dags/example_skip_dag.py took 0.090 seconds
[2024-11-21T21:28:27.673+0000] {processor.py:186} INFO - Started process (PID=3735) to work on /root/airflow-venv/lib/python3.12/site-packages/airflow/example_dags/example_skip_dag.py
[2024-11-21T21:28:27.675+0000] {processor.py:914} INFO - Processing file /root/airflow-venv/lib/python3.12/site-packages/airflow/example_dags/example_skip_dag.py for tasks to queue
[2024-11-21T21:28:27.679+0000] {logging_mixin.py:190} INFO - [2024-11-21T21:28:27.678+0000] {dagbag.py:588} INFO - Filling up the DagBag from /root/airflow-venv/lib/python3.12/site-packages/airflow/example_dags/example_skip_dag.py
[2024-11-21T21:28:27.693+0000] {processor.py:925} INFO - DAG(s) 'example_skip_dag' retrieved from /root/airflow-venv/lib/python3.12/site-packages/airflow/example_dags/example_skip_dag.py
[2024-11-21T21:28:27.719+0000] {logging_mixin.py:190} INFO - [2024-11-21T21:28:27.719+0000] {dag.py:3239} INFO - Sync 1 DAGs
[2024-11-21T21:28:27.743+0000] {logging_mixin.py:190} INFO - [2024-11-21T21:28:27.743+0000] {dag.py:4180} INFO - Setting next_dagrun for example_skip_dag to 2024-11-20 00:00:00+00:00, run_after=2024-11-21 00:00:00+00:00
[2024-11-21T21:28:27.766+0000] {processor.py:208} INFO - Processing /root/airflow-venv/lib/python3.12/site-packages/airflow/example_dags/example_skip_dag.py took 0.101 seconds
[2024-11-21T21:29:23.672+0000] {processor.py:186} INFO - Started process (PID=3802) to work on /root/airflow-venv/lib/python3.12/site-packages/airflow/example_dags/example_skip_dag.py
[2024-11-21T21:29:23.674+0000] {processor.py:914} INFO - Processing file /root/airflow-venv/lib/python3.12/site-packages/airflow/example_dags/example_skip_dag.py for tasks to queue
[2024-11-21T21:29:23.676+0000] {logging_mixin.py:190} INFO - [2024-11-21T21:29:23.676+0000] {dagbag.py:588} INFO - Filling up the DagBag from /root/airflow-venv/lib/python3.12/site-packages/airflow/example_dags/example_skip_dag.py
[2024-11-21T21:29:23.692+0000] {processor.py:925} INFO - DAG(s) 'example_skip_dag' retrieved from /root/airflow-venv/lib/python3.12/site-packages/airflow/example_dags/example_skip_dag.py
[2024-11-21T21:29:23.717+0000] {logging_mixin.py:190} INFO - [2024-11-21T21:29:23.716+0000] {dag.py:3239} INFO - Sync 1 DAGs
[2024-11-21T21:29:23.743+0000] {logging_mixin.py:190} INFO - [2024-11-21T21:29:23.742+0000] {dag.py:4180} INFO - Setting next_dagrun for example_skip_dag to 2024-11-20 00:00:00+00:00, run_after=2024-11-21 00:00:00+00:00
[2024-11-21T21:29:23.773+0000] {processor.py:208} INFO - Processing /root/airflow-venv/lib/python3.12/site-packages/airflow/example_dags/example_skip_dag.py took 0.109 seconds
[2024-11-21T21:30:17.836+0000] {processor.py:186} INFO - Started process (PID=3912) to work on /root/airflow-venv/lib/python3.12/site-packages/airflow/example_dags/example_skip_dag.py
[2024-11-21T21:30:17.838+0000] {processor.py:914} INFO - Processing file /root/airflow-venv/lib/python3.12/site-packages/airflow/example_dags/example_skip_dag.py for tasks to queue
[2024-11-21T21:30:17.841+0000] {logging_mixin.py:190} INFO - [2024-11-21T21:30:17.840+0000] {dagbag.py:588} INFO - Filling up the DagBag from /root/airflow-venv/lib/python3.12/site-packages/airflow/example_dags/example_skip_dag.py
[2024-11-21T21:30:17.851+0000] {processor.py:925} INFO - DAG(s) 'example_skip_dag' retrieved from /root/airflow-venv/lib/python3.12/site-packages/airflow/example_dags/example_skip_dag.py
[2024-11-21T21:30:17.871+0000] {logging_mixin.py:190} INFO - [2024-11-21T21:30:17.871+0000] {dag.py:3239} INFO - Sync 1 DAGs
[2024-11-21T21:30:17.895+0000] {logging_mixin.py:190} INFO - [2024-11-21T21:30:17.894+0000] {dag.py:4180} INFO - Setting next_dagrun for example_skip_dag to 2024-11-20 00:00:00+00:00, run_after=2024-11-21 00:00:00+00:00
[2024-11-21T21:30:17.917+0000] {processor.py:208} INFO - Processing /root/airflow-venv/lib/python3.12/site-packages/airflow/example_dags/example_skip_dag.py took 0.090 seconds
[2024-11-21T21:31:09.809+0000] {processor.py:186} INFO - Started process (PID=3968) to work on /root/airflow-venv/lib/python3.12/site-packages/airflow/example_dags/example_skip_dag.py
[2024-11-21T21:31:09.812+0000] {processor.py:914} INFO - Processing file /root/airflow-venv/lib/python3.12/site-packages/airflow/example_dags/example_skip_dag.py for tasks to queue
[2024-11-21T21:31:09.815+0000] {logging_mixin.py:190} INFO - [2024-11-21T21:31:09.815+0000] {dagbag.py:588} INFO - Filling up the DagBag from /root/airflow-venv/lib/python3.12/site-packages/airflow/example_dags/example_skip_dag.py
[2024-11-21T21:31:09.827+0000] {processor.py:925} INFO - DAG(s) 'example_skip_dag' retrieved from /root/airflow-venv/lib/python3.12/site-packages/airflow/example_dags/example_skip_dag.py
[2024-11-21T21:31:09.850+0000] {logging_mixin.py:190} INFO - [2024-11-21T21:31:09.849+0000] {dag.py:3239} INFO - Sync 1 DAGs
[2024-11-21T21:31:09.875+0000] {logging_mixin.py:190} INFO - [2024-11-21T21:31:09.875+0000] {dag.py:4180} INFO - Setting next_dagrun for example_skip_dag to 2024-11-20 00:00:00+00:00, run_after=2024-11-21 00:00:00+00:00
[2024-11-21T21:31:09.898+0000] {processor.py:208} INFO - Processing /root/airflow-venv/lib/python3.12/site-packages/airflow/example_dags/example_skip_dag.py took 0.095 seconds
