[2024-11-21T21:20:59.610+0000] {processor.py:186} INFO - Started process (PID=3291) to work on /root/airflow-venv/lib/python3.12/site-packages/airflow/example_dags/example_branch_python_dop_operator_3.py
[2024-11-21T21:20:59.611+0000] {processor.py:914} INFO - Processing file /root/airflow-venv/lib/python3.12/site-packages/airflow/example_dags/example_branch_python_dop_operator_3.py for tasks to queue
[2024-11-21T21:20:59.617+0000] {logging_mixin.py:190} INFO - [2024-11-21T21:20:59.616+0000] {dagbag.py:588} INFO - Filling up the DagBag from /root/airflow-venv/lib/python3.12/site-packages/airflow/example_dags/example_branch_python_dop_operator_3.py
[2024-11-21T21:20:59.639+0000] {processor.py:925} INFO - DAG(s) 'example_branch_dop_operator_v3' retrieved from /root/airflow-venv/lib/python3.12/site-packages/airflow/example_dags/example_branch_python_dop_operator_3.py
[2024-11-21T21:20:59.801+0000] {logging_mixin.py:190} INFO - [2024-11-21T21:20:59.800+0000] {override.py:1911} INFO - Created Permission View: can delete on DAG:example_branch_dop_operator_v3
[2024-11-21T21:20:59.815+0000] {logging_mixin.py:190} INFO - [2024-11-21T21:20:59.814+0000] {override.py:1911} INFO - Created Permission View: can edit on DAG:example_branch_dop_operator_v3
[2024-11-21T21:20:59.827+0000] {logging_mixin.py:190} INFO - [2024-11-21T21:20:59.827+0000] {override.py:1911} INFO - Created Permission View: can read on DAG:example_branch_dop_operator_v3
[2024-11-21T21:20:59.844+0000] {logging_mixin.py:190} INFO - [2024-11-21T21:20:59.843+0000] {override.py:1911} INFO - Created Permission View: can delete on DAG Run:example_branch_dop_operator_v3
[2024-11-21T21:20:59.854+0000] {logging_mixin.py:190} INFO - [2024-11-21T21:20:59.854+0000] {override.py:1911} INFO - Created Permission View: can create on DAG Run:example_branch_dop_operator_v3
[2024-11-21T21:20:59.865+0000] {logging_mixin.py:190} INFO - [2024-11-21T21:20:59.863+0000] {override.py:1911} INFO - Created Permission View: can read on DAG Run:example_branch_dop_operator_v3
[2024-11-21T21:20:59.874+0000] {logging_mixin.py:190} INFO - [2024-11-21T21:20:59.874+0000] {override.py:1911} INFO - Created Permission View: menu access on DAG Run:example_branch_dop_operator_v3
[2024-11-21T21:20:59.875+0000] {logging_mixin.py:190} INFO - [2024-11-21T21:20:59.875+0000] {dag.py:3239} INFO - Sync 1 DAGs
[2024-11-21T21:20:59.891+0000] {logging_mixin.py:190} INFO - [2024-11-21T21:20:59.890+0000] {dag.py:3262} INFO - Creating ORM DAG for example_branch_dop_operator_v3
[2024-11-21T21:20:59.907+0000] {logging_mixin.py:190} INFO - [2024-11-21T21:20:59.907+0000] {dag.py:4180} INFO - Setting next_dagrun for example_branch_dop_operator_v3 to 2024-11-21 21:19:00+00:00, run_after=2024-11-21 21:20:00+00:00
[2024-11-21T21:20:59.930+0000] {processor.py:208} INFO - Processing /root/airflow-venv/lib/python3.12/site-packages/airflow/example_dags/example_branch_python_dop_operator_3.py took 0.337 seconds
[2024-11-21T21:22:06.790+0000] {processor.py:186} INFO - Started process (PID=3358) to work on /root/airflow-venv/lib/python3.12/site-packages/airflow/example_dags/example_branch_python_dop_operator_3.py
[2024-11-21T21:22:06.791+0000] {processor.py:914} INFO - Processing file /root/airflow-venv/lib/python3.12/site-packages/airflow/example_dags/example_branch_python_dop_operator_3.py for tasks to queue
[2024-11-21T21:22:06.794+0000] {logging_mixin.py:190} INFO - [2024-11-21T21:22:06.793+0000] {dagbag.py:588} INFO - Filling up the DagBag from /root/airflow-venv/lib/python3.12/site-packages/airflow/example_dags/example_branch_python_dop_operator_3.py
[2024-11-21T21:22:06.807+0000] {processor.py:925} INFO - DAG(s) 'example_branch_dop_operator_v3' retrieved from /root/airflow-venv/lib/python3.12/site-packages/airflow/example_dags/example_branch_python_dop_operator_3.py
[2024-11-21T21:22:06.827+0000] {logging_mixin.py:190} INFO - [2024-11-21T21:22:06.826+0000] {dag.py:3239} INFO - Sync 1 DAGs
[2024-11-21T21:22:06.853+0000] {logging_mixin.py:190} INFO - [2024-11-21T21:22:06.853+0000] {dag.py:4180} INFO - Setting next_dagrun for example_branch_dop_operator_v3 to 2024-11-21 21:21:00+00:00, run_after=2024-11-21 21:22:00+00:00
[2024-11-21T21:22:06.878+0000] {processor.py:208} INFO - Processing /root/airflow-venv/lib/python3.12/site-packages/airflow/example_dags/example_branch_python_dop_operator_3.py took 0.096 seconds
[2024-11-21T21:23:05.436+0000] {processor.py:186} INFO - Started process (PID=3415) to work on /root/airflow-venv/lib/python3.12/site-packages/airflow/example_dags/example_branch_python_dop_operator_3.py
[2024-11-21T21:23:05.438+0000] {processor.py:914} INFO - Processing file /root/airflow-venv/lib/python3.12/site-packages/airflow/example_dags/example_branch_python_dop_operator_3.py for tasks to queue
[2024-11-21T21:23:05.441+0000] {logging_mixin.py:190} INFO - [2024-11-21T21:23:05.440+0000] {dagbag.py:588} INFO - Filling up the DagBag from /root/airflow-venv/lib/python3.12/site-packages/airflow/example_dags/example_branch_python_dop_operator_3.py
[2024-11-21T21:23:05.460+0000] {processor.py:925} INFO - DAG(s) 'example_branch_dop_operator_v3' retrieved from /root/airflow-venv/lib/python3.12/site-packages/airflow/example_dags/example_branch_python_dop_operator_3.py
[2024-11-21T21:23:05.487+0000] {logging_mixin.py:190} INFO - [2024-11-21T21:23:05.487+0000] {dag.py:3239} INFO - Sync 1 DAGs
[2024-11-21T21:23:05.526+0000] {logging_mixin.py:190} INFO - [2024-11-21T21:23:05.526+0000] {dag.py:4180} INFO - Setting next_dagrun for example_branch_dop_operator_v3 to 2024-11-21 21:22:00+00:00, run_after=2024-11-21 21:23:00+00:00
[2024-11-21T21:23:05.559+0000] {processor.py:208} INFO - Processing /root/airflow-venv/lib/python3.12/site-packages/airflow/example_dags/example_branch_python_dop_operator_3.py took 0.133 seconds
[2024-11-21T21:24:04.819+0000] {processor.py:186} INFO - Started process (PID=3475) to work on /root/airflow-venv/lib/python3.12/site-packages/airflow/example_dags/example_branch_python_dop_operator_3.py
[2024-11-21T21:24:04.821+0000] {processor.py:914} INFO - Processing file /root/airflow-venv/lib/python3.12/site-packages/airflow/example_dags/example_branch_python_dop_operator_3.py for tasks to queue
[2024-11-21T21:24:04.823+0000] {logging_mixin.py:190} INFO - [2024-11-21T21:24:04.823+0000] {dagbag.py:588} INFO - Filling up the DagBag from /root/airflow-venv/lib/python3.12/site-packages/airflow/example_dags/example_branch_python_dop_operator_3.py
[2024-11-21T21:24:04.836+0000] {processor.py:925} INFO - DAG(s) 'example_branch_dop_operator_v3' retrieved from /root/airflow-venv/lib/python3.12/site-packages/airflow/example_dags/example_branch_python_dop_operator_3.py
[2024-11-21T21:24:04.855+0000] {logging_mixin.py:190} INFO - [2024-11-21T21:24:04.855+0000] {dag.py:3239} INFO - Sync 1 DAGs
[2024-11-21T21:24:04.878+0000] {logging_mixin.py:190} INFO - [2024-11-21T21:24:04.878+0000] {dag.py:4180} INFO - Setting next_dagrun for example_branch_dop_operator_v3 to 2024-11-21 21:23:00+00:00, run_after=2024-11-21 21:24:00+00:00
[2024-11-21T21:24:04.902+0000] {processor.py:208} INFO - Processing /root/airflow-venv/lib/python3.12/site-packages/airflow/example_dags/example_branch_python_dop_operator_3.py took 0.089 seconds
[2024-11-21T21:25:02.683+0000] {processor.py:186} INFO - Started process (PID=3535) to work on /root/airflow-venv/lib/python3.12/site-packages/airflow/example_dags/example_branch_python_dop_operator_3.py
[2024-11-21T21:25:02.685+0000] {processor.py:914} INFO - Processing file /root/airflow-venv/lib/python3.12/site-packages/airflow/example_dags/example_branch_python_dop_operator_3.py for tasks to queue
[2024-11-21T21:25:02.689+0000] {logging_mixin.py:190} INFO - [2024-11-21T21:25:02.689+0000] {dagbag.py:588} INFO - Filling up the DagBag from /root/airflow-venv/lib/python3.12/site-packages/airflow/example_dags/example_branch_python_dop_operator_3.py
[2024-11-21T21:25:02.711+0000] {processor.py:925} INFO - DAG(s) 'example_branch_dop_operator_v3' retrieved from /root/airflow-venv/lib/python3.12/site-packages/airflow/example_dags/example_branch_python_dop_operator_3.py
[2024-11-21T21:25:02.742+0000] {logging_mixin.py:190} INFO - [2024-11-21T21:25:02.742+0000] {dag.py:3239} INFO - Sync 1 DAGs
[2024-11-21T21:25:02.784+0000] {logging_mixin.py:190} INFO - [2024-11-21T21:25:02.784+0000] {dag.py:4180} INFO - Setting next_dagrun for example_branch_dop_operator_v3 to 2024-11-21 21:24:00+00:00, run_after=2024-11-21 21:25:00+00:00
[2024-11-21T21:25:02.822+0000] {processor.py:208} INFO - Processing /root/airflow-venv/lib/python3.12/site-packages/airflow/example_dags/example_branch_python_dop_operator_3.py took 0.150 seconds
[2024-11-21T21:26:03.826+0000] {processor.py:186} INFO - Started process (PID=3594) to work on /root/airflow-venv/lib/python3.12/site-packages/airflow/example_dags/example_branch_python_dop_operator_3.py
[2024-11-21T21:26:03.828+0000] {processor.py:914} INFO - Processing file /root/airflow-venv/lib/python3.12/site-packages/airflow/example_dags/example_branch_python_dop_operator_3.py for tasks to queue
[2024-11-21T21:26:03.830+0000] {logging_mixin.py:190} INFO - [2024-11-21T21:26:03.830+0000] {dagbag.py:588} INFO - Filling up the DagBag from /root/airflow-venv/lib/python3.12/site-packages/airflow/example_dags/example_branch_python_dop_operator_3.py
[2024-11-21T21:26:03.844+0000] {processor.py:925} INFO - DAG(s) 'example_branch_dop_operator_v3' retrieved from /root/airflow-venv/lib/python3.12/site-packages/airflow/example_dags/example_branch_python_dop_operator_3.py
[2024-11-21T21:26:03.864+0000] {logging_mixin.py:190} INFO - [2024-11-21T21:26:03.864+0000] {dag.py:3239} INFO - Sync 1 DAGs
[2024-11-21T21:26:04.043+0000] {logging_mixin.py:190} INFO - [2024-11-21T21:26:04.043+0000] {dag.py:4180} INFO - Setting next_dagrun for example_branch_dop_operator_v3 to 2024-11-21 21:25:00+00:00, run_after=2024-11-21 21:26:00+00:00
[2024-11-21T21:26:04.064+0000] {processor.py:208} INFO - Processing /root/airflow-venv/lib/python3.12/site-packages/airflow/example_dags/example_branch_python_dop_operator_3.py took 0.246 seconds
[2024-11-21T21:27:13.664+0000] {processor.py:186} INFO - Started process (PID=3657) to work on /root/airflow-venv/lib/python3.12/site-packages/airflow/example_dags/example_branch_python_dop_operator_3.py
[2024-11-21T21:27:13.666+0000] {processor.py:914} INFO - Processing file /root/airflow-venv/lib/python3.12/site-packages/airflow/example_dags/example_branch_python_dop_operator_3.py for tasks to queue
[2024-11-21T21:27:13.669+0000] {logging_mixin.py:190} INFO - [2024-11-21T21:27:13.669+0000] {dagbag.py:588} INFO - Filling up the DagBag from /root/airflow-venv/lib/python3.12/site-packages/airflow/example_dags/example_branch_python_dop_operator_3.py
[2024-11-21T21:27:13.686+0000] {processor.py:925} INFO - DAG(s) 'example_branch_dop_operator_v3' retrieved from /root/airflow-venv/lib/python3.12/site-packages/airflow/example_dags/example_branch_python_dop_operator_3.py
[2024-11-21T21:27:13.707+0000] {logging_mixin.py:190} INFO - [2024-11-21T21:27:13.706+0000] {dag.py:3239} INFO - Sync 1 DAGs
[2024-11-21T21:27:13.736+0000] {logging_mixin.py:190} INFO - [2024-11-21T21:27:13.736+0000] {dag.py:4180} INFO - Setting next_dagrun for example_branch_dop_operator_v3 to 2024-11-21 21:26:00+00:00, run_after=2024-11-21 21:27:00+00:00
[2024-11-21T21:27:13.761+0000] {processor.py:208} INFO - Processing /root/airflow-venv/lib/python3.12/site-packages/airflow/example_dags/example_branch_python_dop_operator_3.py took 0.104 seconds
[2024-11-21T21:28:35.844+0000] {processor.py:186} INFO - Started process (PID=3743) to work on /root/airflow-venv/lib/python3.12/site-packages/airflow/example_dags/example_branch_python_dop_operator_3.py
[2024-11-21T21:28:35.845+0000] {processor.py:914} INFO - Processing file /root/airflow-venv/lib/python3.12/site-packages/airflow/example_dags/example_branch_python_dop_operator_3.py for tasks to queue
[2024-11-21T21:28:35.848+0000] {logging_mixin.py:190} INFO - [2024-11-21T21:28:35.847+0000] {dagbag.py:588} INFO - Filling up the DagBag from /root/airflow-venv/lib/python3.12/site-packages/airflow/example_dags/example_branch_python_dop_operator_3.py
[2024-11-21T21:28:35.863+0000] {processor.py:925} INFO - DAG(s) 'example_branch_dop_operator_v3' retrieved from /root/airflow-venv/lib/python3.12/site-packages/airflow/example_dags/example_branch_python_dop_operator_3.py
[2024-11-21T21:28:35.883+0000] {logging_mixin.py:190} INFO - [2024-11-21T21:28:35.883+0000] {dag.py:3239} INFO - Sync 1 DAGs
[2024-11-21T21:28:35.911+0000] {logging_mixin.py:190} INFO - [2024-11-21T21:28:35.911+0000] {dag.py:4180} INFO - Setting next_dagrun for example_branch_dop_operator_v3 to 2024-11-21 21:27:00+00:00, run_after=2024-11-21 21:28:00+00:00
[2024-11-21T21:28:35.937+0000] {processor.py:208} INFO - Processing /root/airflow-venv/lib/python3.12/site-packages/airflow/example_dags/example_branch_python_dop_operator_3.py took 0.101 seconds
[2024-11-21T21:29:33.733+0000] {processor.py:186} INFO - Started process (PID=3859) to work on /root/airflow-venv/lib/python3.12/site-packages/airflow/example_dags/example_branch_python_dop_operator_3.py
[2024-11-21T21:29:33.735+0000] {processor.py:914} INFO - Processing file /root/airflow-venv/lib/python3.12/site-packages/airflow/example_dags/example_branch_python_dop_operator_3.py for tasks to queue
[2024-11-21T21:29:33.738+0000] {logging_mixin.py:190} INFO - [2024-11-21T21:29:33.737+0000] {dagbag.py:588} INFO - Filling up the DagBag from /root/airflow-venv/lib/python3.12/site-packages/airflow/example_dags/example_branch_python_dop_operator_3.py
[2024-11-21T21:29:33.755+0000] {processor.py:925} INFO - DAG(s) 'example_branch_dop_operator_v3' retrieved from /root/airflow-venv/lib/python3.12/site-packages/airflow/example_dags/example_branch_python_dop_operator_3.py
[2024-11-21T21:29:33.778+0000] {logging_mixin.py:190} INFO - [2024-11-21T21:29:33.777+0000] {dag.py:3239} INFO - Sync 1 DAGs
[2024-11-21T21:29:33.809+0000] {logging_mixin.py:190} INFO - [2024-11-21T21:29:33.809+0000] {dag.py:4180} INFO - Setting next_dagrun for example_branch_dop_operator_v3 to 2024-11-21 21:28:00+00:00, run_after=2024-11-21 21:29:00+00:00
[2024-11-21T21:29:33.837+0000] {processor.py:208} INFO - Processing /root/airflow-venv/lib/python3.12/site-packages/airflow/example_dags/example_branch_python_dop_operator_3.py took 0.112 seconds
[2024-11-21T21:30:51.022+0000] {processor.py:186} INFO - Started process (PID=3950) to work on /root/airflow-venv/lib/python3.12/site-packages/airflow/example_dags/example_branch_python_dop_operator_3.py
[2024-11-21T21:30:51.023+0000] {processor.py:914} INFO - Processing file /root/airflow-venv/lib/python3.12/site-packages/airflow/example_dags/example_branch_python_dop_operator_3.py for tasks to queue
[2024-11-21T21:30:51.026+0000] {logging_mixin.py:190} INFO - [2024-11-21T21:30:51.026+0000] {dagbag.py:588} INFO - Filling up the DagBag from /root/airflow-venv/lib/python3.12/site-packages/airflow/example_dags/example_branch_python_dop_operator_3.py
[2024-11-21T21:30:51.041+0000] {processor.py:925} INFO - DAG(s) 'example_branch_dop_operator_v3' retrieved from /root/airflow-venv/lib/python3.12/site-packages/airflow/example_dags/example_branch_python_dop_operator_3.py
[2024-11-21T21:30:51.061+0000] {logging_mixin.py:190} INFO - [2024-11-21T21:30:51.061+0000] {dag.py:3239} INFO - Sync 1 DAGs
[2024-11-21T21:30:51.088+0000] {logging_mixin.py:190} INFO - [2024-11-21T21:30:51.088+0000] {dag.py:4180} INFO - Setting next_dagrun for example_branch_dop_operator_v3 to 2024-11-21 21:29:00+00:00, run_after=2024-11-21 21:30:00+00:00
[2024-11-21T21:30:51.117+0000] {processor.py:208} INFO - Processing /root/airflow-venv/lib/python3.12/site-packages/airflow/example_dags/example_branch_python_dop_operator_3.py took 0.102 seconds
