[2024-11-21T21:20:39.867+0000] {processor.py:186} INFO - Started process (PID=3256) to work on /root/airflow-venv/lib/python3.12/site-packages/airflow/example_dags/example_external_task_marker_dag.py
[2024-11-21T21:20:39.869+0000] {processor.py:914} INFO - Processing file /root/airflow-venv/lib/python3.12/site-packages/airflow/example_dags/example_external_task_marker_dag.py for tasks to queue
[2024-11-21T21:20:39.871+0000] {logging_mixin.py:190} INFO - [2024-11-21T21:20:39.871+0000] {dagbag.py:588} INFO - Filling up the DagBag from /root/airflow-venv/lib/python3.12/site-packages/airflow/example_dags/example_external_task_marker_dag.py
[2024-11-21T21:20:39.882+0000] {processor.py:925} INFO - DAG(s) 'example_external_task_marker_parent', 'example_external_task_marker_child' retrieved from /root/airflow-venv/lib/python3.12/site-packages/airflow/example_dags/example_external_task_marker_dag.py
[2024-11-21T21:20:39.995+0000] {logging_mixin.py:190} INFO - [2024-11-21T21:20:39.995+0000] {override.py:1911} INFO - Created Permission View: can delete on DAG:example_external_task_marker_parent
[2024-11-21T21:20:40.007+0000] {logging_mixin.py:190} INFO - [2024-11-21T21:20:40.006+0000] {override.py:1911} INFO - Created Permission View: can edit on DAG:example_external_task_marker_parent
[2024-11-21T21:20:40.014+0000] {logging_mixin.py:190} INFO - [2024-11-21T21:20:40.014+0000] {override.py:1911} INFO - Created Permission View: can read on DAG:example_external_task_marker_parent
[2024-11-21T21:20:40.025+0000] {logging_mixin.py:190} INFO - [2024-11-21T21:20:40.024+0000] {override.py:1911} INFO - Created Permission View: can delete on DAG Run:example_external_task_marker_parent
[2024-11-21T21:20:40.037+0000] {logging_mixin.py:190} INFO - [2024-11-21T21:20:40.037+0000] {override.py:1911} INFO - Created Permission View: can create on DAG Run:example_external_task_marker_parent
[2024-11-21T21:20:40.045+0000] {logging_mixin.py:190} INFO - [2024-11-21T21:20:40.045+0000] {override.py:1911} INFO - Created Permission View: can read on DAG Run:example_external_task_marker_parent
[2024-11-21T21:20:40.052+0000] {logging_mixin.py:190} INFO - [2024-11-21T21:20:40.051+0000] {override.py:1911} INFO - Created Permission View: menu access on DAG Run:example_external_task_marker_parent
[2024-11-21T21:20:40.071+0000] {logging_mixin.py:190} INFO - [2024-11-21T21:20:40.070+0000] {override.py:1911} INFO - Created Permission View: can delete on DAG:example_external_task_marker_child
[2024-11-21T21:20:40.080+0000] {logging_mixin.py:190} INFO - [2024-11-21T21:20:40.079+0000] {override.py:1911} INFO - Created Permission View: can edit on DAG:example_external_task_marker_child
[2024-11-21T21:20:40.087+0000] {logging_mixin.py:190} INFO - [2024-11-21T21:20:40.087+0000] {override.py:1911} INFO - Created Permission View: can read on DAG:example_external_task_marker_child
[2024-11-21T21:20:40.098+0000] {logging_mixin.py:190} INFO - [2024-11-21T21:20:40.098+0000] {override.py:1911} INFO - Created Permission View: can delete on DAG Run:example_external_task_marker_child
[2024-11-21T21:20:40.106+0000] {logging_mixin.py:190} INFO - [2024-11-21T21:20:40.105+0000] {override.py:1911} INFO - Created Permission View: can create on DAG Run:example_external_task_marker_child
[2024-11-21T21:20:40.114+0000] {logging_mixin.py:190} INFO - [2024-11-21T21:20:40.113+0000] {override.py:1911} INFO - Created Permission View: can read on DAG Run:example_external_task_marker_child
[2024-11-21T21:20:40.122+0000] {logging_mixin.py:190} INFO - [2024-11-21T21:20:40.122+0000] {override.py:1911} INFO - Created Permission View: menu access on DAG Run:example_external_task_marker_child
[2024-11-21T21:20:40.122+0000] {logging_mixin.py:190} INFO - [2024-11-21T21:20:40.122+0000] {dag.py:3239} INFO - Sync 2 DAGs
[2024-11-21T21:20:40.133+0000] {logging_mixin.py:190} INFO - [2024-11-21T21:20:40.133+0000] {dag.py:3262} INFO - Creating ORM DAG for example_external_task_marker_child
[2024-11-21T21:20:40.134+0000] {logging_mixin.py:190} INFO - [2024-11-21T21:20:40.134+0000] {dag.py:3262} INFO - Creating ORM DAG for example_external_task_marker_parent
[2024-11-21T21:20:40.134+0000] {logging_mixin.py:190} INFO - [2024-11-21T21:20:40.134+0000] {dag.py:4180} INFO - Setting next_dagrun for example_external_task_marker_child to None, run_after=None
[2024-11-21T21:20:40.135+0000] {logging_mixin.py:190} INFO - [2024-11-21T21:20:40.135+0000] {dag.py:4180} INFO - Setting next_dagrun for example_external_task_marker_parent to None, run_after=None
[2024-11-21T21:20:40.160+0000] {processor.py:208} INFO - Processing /root/airflow-venv/lib/python3.12/site-packages/airflow/example_dags/example_external_task_marker_dag.py took 0.299 seconds
[2024-11-21T21:20:49.473+0000] {processor.py:186} INFO - Started process (PID=3274) to work on /root/airflow-venv/lib/python3.12/site-packages/airflow/example_dags/example_external_task_marker_dag.py
[2024-11-21T21:20:49.474+0000] {processor.py:914} INFO - Processing file /root/airflow-venv/lib/python3.12/site-packages/airflow/example_dags/example_external_task_marker_dag.py for tasks to queue
[2024-11-21T21:20:49.476+0000] {logging_mixin.py:190} INFO - [2024-11-21T21:20:49.476+0000] {dagbag.py:588} INFO - Filling up the DagBag from /root/airflow-venv/lib/python3.12/site-packages/airflow/example_dags/example_external_task_marker_dag.py
[2024-11-21T21:20:49.487+0000] {processor.py:925} INFO - DAG(s) 'example_external_task_marker_parent', 'example_external_task_marker_child' retrieved from /root/airflow-venv/lib/python3.12/site-packages/airflow/example_dags/example_external_task_marker_dag.py
[2024-11-21T21:20:49.502+0000] {logging_mixin.py:190} INFO - [2024-11-21T21:20:49.501+0000] {dag.py:3239} INFO - Sync 2 DAGs
[2024-11-21T21:20:49.523+0000] {logging_mixin.py:190} INFO - [2024-11-21T21:20:49.523+0000] {dag.py:4180} INFO - Setting next_dagrun for example_external_task_marker_child to None, run_after=None
[2024-11-21T21:20:49.527+0000] {logging_mixin.py:190} INFO - [2024-11-21T21:20:49.527+0000] {dag.py:4180} INFO - Setting next_dagrun for example_external_task_marker_parent to None, run_after=None
[2024-11-21T21:20:49.549+0000] {processor.py:208} INFO - Processing /root/airflow-venv/lib/python3.12/site-packages/airflow/example_dags/example_external_task_marker_dag.py took 0.083 seconds
[2024-11-21T21:21:50.150+0000] {processor.py:186} INFO - Started process (PID=3342) to work on /root/airflow-venv/lib/python3.12/site-packages/airflow/example_dags/example_external_task_marker_dag.py
[2024-11-21T21:21:50.151+0000] {processor.py:914} INFO - Processing file /root/airflow-venv/lib/python3.12/site-packages/airflow/example_dags/example_external_task_marker_dag.py for tasks to queue
[2024-11-21T21:21:50.153+0000] {logging_mixin.py:190} INFO - [2024-11-21T21:21:50.153+0000] {dagbag.py:588} INFO - Filling up the DagBag from /root/airflow-venv/lib/python3.12/site-packages/airflow/example_dags/example_external_task_marker_dag.py
[2024-11-21T21:21:50.164+0000] {processor.py:925} INFO - DAG(s) 'example_external_task_marker_child', 'example_external_task_marker_parent' retrieved from /root/airflow-venv/lib/python3.12/site-packages/airflow/example_dags/example_external_task_marker_dag.py
[2024-11-21T21:21:50.186+0000] {logging_mixin.py:190} INFO - [2024-11-21T21:21:50.186+0000] {dag.py:3239} INFO - Sync 2 DAGs
[2024-11-21T21:21:50.201+0000] {logging_mixin.py:190} INFO - [2024-11-21T21:21:50.201+0000] {dag.py:4180} INFO - Setting next_dagrun for example_external_task_marker_child to None, run_after=None
[2024-11-21T21:21:50.204+0000] {logging_mixin.py:190} INFO - [2024-11-21T21:21:50.204+0000] {dag.py:4180} INFO - Setting next_dagrun for example_external_task_marker_parent to None, run_after=None
[2024-11-21T21:21:50.227+0000] {processor.py:208} INFO - Processing /root/airflow-venv/lib/python3.12/site-packages/airflow/example_dags/example_external_task_marker_dag.py took 0.084 seconds
[2024-11-21T21:22:48.790+0000] {processor.py:186} INFO - Started process (PID=3399) to work on /root/airflow-venv/lib/python3.12/site-packages/airflow/example_dags/example_external_task_marker_dag.py
[2024-11-21T21:22:48.792+0000] {processor.py:914} INFO - Processing file /root/airflow-venv/lib/python3.12/site-packages/airflow/example_dags/example_external_task_marker_dag.py for tasks to queue
[2024-11-21T21:22:48.794+0000] {logging_mixin.py:190} INFO - [2024-11-21T21:22:48.794+0000] {dagbag.py:588} INFO - Filling up the DagBag from /root/airflow-venv/lib/python3.12/site-packages/airflow/example_dags/example_external_task_marker_dag.py
[2024-11-21T21:22:48.804+0000] {processor.py:925} INFO - DAG(s) 'example_external_task_marker_child', 'example_external_task_marker_parent' retrieved from /root/airflow-venv/lib/python3.12/site-packages/airflow/example_dags/example_external_task_marker_dag.py
[2024-11-21T21:22:48.827+0000] {logging_mixin.py:190} INFO - [2024-11-21T21:22:48.827+0000] {dag.py:3239} INFO - Sync 2 DAGs
[2024-11-21T21:22:48.842+0000] {logging_mixin.py:190} INFO - [2024-11-21T21:22:48.842+0000] {dag.py:4180} INFO - Setting next_dagrun for example_external_task_marker_child to None, run_after=None
[2024-11-21T21:22:48.847+0000] {logging_mixin.py:190} INFO - [2024-11-21T21:22:48.846+0000] {dag.py:4180} INFO - Setting next_dagrun for example_external_task_marker_parent to None, run_after=None
[2024-11-21T21:22:48.870+0000] {processor.py:208} INFO - Processing /root/airflow-venv/lib/python3.12/site-packages/airflow/example_dags/example_external_task_marker_dag.py took 0.087 seconds
[2024-11-21T21:23:47.862+0000] {processor.py:186} INFO - Started process (PID=3459) to work on /root/airflow-venv/lib/python3.12/site-packages/airflow/example_dags/example_external_task_marker_dag.py
[2024-11-21T21:23:47.863+0000] {processor.py:914} INFO - Processing file /root/airflow-venv/lib/python3.12/site-packages/airflow/example_dags/example_external_task_marker_dag.py for tasks to queue
[2024-11-21T21:23:47.866+0000] {logging_mixin.py:190} INFO - [2024-11-21T21:23:47.865+0000] {dagbag.py:588} INFO - Filling up the DagBag from /root/airflow-venv/lib/python3.12/site-packages/airflow/example_dags/example_external_task_marker_dag.py
[2024-11-21T21:23:47.876+0000] {processor.py:925} INFO - DAG(s) 'example_external_task_marker_parent', 'example_external_task_marker_child' retrieved from /root/airflow-venv/lib/python3.12/site-packages/airflow/example_dags/example_external_task_marker_dag.py
[2024-11-21T21:23:47.897+0000] {logging_mixin.py:190} INFO - [2024-11-21T21:23:47.897+0000] {dag.py:3239} INFO - Sync 2 DAGs
[2024-11-21T21:23:47.911+0000] {logging_mixin.py:190} INFO - [2024-11-21T21:23:47.910+0000] {dag.py:4180} INFO - Setting next_dagrun for example_external_task_marker_child to None, run_after=None
[2024-11-21T21:23:47.914+0000] {logging_mixin.py:190} INFO - [2024-11-21T21:23:47.914+0000] {dag.py:4180} INFO - Setting next_dagrun for example_external_task_marker_parent to None, run_after=None
[2024-11-21T21:23:47.935+0000] {processor.py:208} INFO - Processing /root/airflow-venv/lib/python3.12/site-packages/airflow/example_dags/example_external_task_marker_dag.py took 0.080 seconds
[2024-11-21T21:24:46.379+0000] {processor.py:186} INFO - Started process (PID=3516) to work on /root/airflow-venv/lib/python3.12/site-packages/airflow/example_dags/example_external_task_marker_dag.py
[2024-11-21T21:24:46.381+0000] {processor.py:914} INFO - Processing file /root/airflow-venv/lib/python3.12/site-packages/airflow/example_dags/example_external_task_marker_dag.py for tasks to queue
[2024-11-21T21:24:46.384+0000] {logging_mixin.py:190} INFO - [2024-11-21T21:24:46.384+0000] {dagbag.py:588} INFO - Filling up the DagBag from /root/airflow-venv/lib/python3.12/site-packages/airflow/example_dags/example_external_task_marker_dag.py
[2024-11-21T21:24:46.394+0000] {processor.py:925} INFO - DAG(s) 'example_external_task_marker_parent', 'example_external_task_marker_child' retrieved from /root/airflow-venv/lib/python3.12/site-packages/airflow/example_dags/example_external_task_marker_dag.py
[2024-11-21T21:24:46.416+0000] {logging_mixin.py:190} INFO - [2024-11-21T21:24:46.416+0000] {dag.py:3239} INFO - Sync 2 DAGs
[2024-11-21T21:24:46.433+0000] {logging_mixin.py:190} INFO - [2024-11-21T21:24:46.432+0000] {dag.py:4180} INFO - Setting next_dagrun for example_external_task_marker_child to None, run_after=None
[2024-11-21T21:24:46.437+0000] {logging_mixin.py:190} INFO - [2024-11-21T21:24:46.437+0000] {dag.py:4180} INFO - Setting next_dagrun for example_external_task_marker_parent to None, run_after=None
[2024-11-21T21:24:46.462+0000] {processor.py:208} INFO - Processing /root/airflow-venv/lib/python3.12/site-packages/airflow/example_dags/example_external_task_marker_dag.py took 0.091 seconds
[2024-11-21T21:25:45.062+0000] {processor.py:186} INFO - Started process (PID=3578) to work on /root/airflow-venv/lib/python3.12/site-packages/airflow/example_dags/example_external_task_marker_dag.py
[2024-11-21T21:25:45.064+0000] {processor.py:914} INFO - Processing file /root/airflow-venv/lib/python3.12/site-packages/airflow/example_dags/example_external_task_marker_dag.py for tasks to queue
[2024-11-21T21:25:45.066+0000] {logging_mixin.py:190} INFO - [2024-11-21T21:25:45.066+0000] {dagbag.py:588} INFO - Filling up the DagBag from /root/airflow-venv/lib/python3.12/site-packages/airflow/example_dags/example_external_task_marker_dag.py
[2024-11-21T21:25:45.077+0000] {processor.py:925} INFO - DAG(s) 'example_external_task_marker_child', 'example_external_task_marker_parent' retrieved from /root/airflow-venv/lib/python3.12/site-packages/airflow/example_dags/example_external_task_marker_dag.py
[2024-11-21T21:25:45.100+0000] {logging_mixin.py:190} INFO - [2024-11-21T21:25:45.100+0000] {dag.py:3239} INFO - Sync 2 DAGs
[2024-11-21T21:25:45.113+0000] {logging_mixin.py:190} INFO - [2024-11-21T21:25:45.113+0000] {dag.py:4180} INFO - Setting next_dagrun for example_external_task_marker_child to None, run_after=None
[2024-11-21T21:25:45.116+0000] {logging_mixin.py:190} INFO - [2024-11-21T21:25:45.116+0000] {dag.py:4180} INFO - Setting next_dagrun for example_external_task_marker_parent to None, run_after=None
[2024-11-21T21:25:45.135+0000] {processor.py:208} INFO - Processing /root/airflow-venv/lib/python3.12/site-packages/airflow/example_dags/example_external_task_marker_dag.py took 0.081 seconds
[2024-11-21T21:26:57.038+0000] {processor.py:186} INFO - Started process (PID=3641) to work on /root/airflow-venv/lib/python3.12/site-packages/airflow/example_dags/example_external_task_marker_dag.py
[2024-11-21T21:26:57.039+0000] {processor.py:914} INFO - Processing file /root/airflow-venv/lib/python3.12/site-packages/airflow/example_dags/example_external_task_marker_dag.py for tasks to queue
[2024-11-21T21:26:57.042+0000] {logging_mixin.py:190} INFO - [2024-11-21T21:26:57.042+0000] {dagbag.py:588} INFO - Filling up the DagBag from /root/airflow-venv/lib/python3.12/site-packages/airflow/example_dags/example_external_task_marker_dag.py
[2024-11-21T21:26:57.052+0000] {processor.py:925} INFO - DAG(s) 'example_external_task_marker_child', 'example_external_task_marker_parent' retrieved from /root/airflow-venv/lib/python3.12/site-packages/airflow/example_dags/example_external_task_marker_dag.py
[2024-11-21T21:26:57.077+0000] {logging_mixin.py:190} INFO - [2024-11-21T21:26:57.076+0000] {dag.py:3239} INFO - Sync 2 DAGs
[2024-11-21T21:26:57.093+0000] {logging_mixin.py:190} INFO - [2024-11-21T21:26:57.093+0000] {dag.py:4180} INFO - Setting next_dagrun for example_external_task_marker_child to None, run_after=None
[2024-11-21T21:26:57.097+0000] {logging_mixin.py:190} INFO - [2024-11-21T21:26:57.097+0000] {dag.py:4180} INFO - Setting next_dagrun for example_external_task_marker_parent to None, run_after=None
[2024-11-21T21:26:57.123+0000] {processor.py:208} INFO - Processing /root/airflow-venv/lib/python3.12/site-packages/airflow/example_dags/example_external_task_marker_dag.py took 0.092 seconds
[2024-11-21T21:27:54.817+0000] {processor.py:186} INFO - Started process (PID=3698) to work on /root/airflow-venv/lib/python3.12/site-packages/airflow/example_dags/example_external_task_marker_dag.py
[2024-11-21T21:27:54.818+0000] {processor.py:914} INFO - Processing file /root/airflow-venv/lib/python3.12/site-packages/airflow/example_dags/example_external_task_marker_dag.py for tasks to queue
[2024-11-21T21:27:54.822+0000] {logging_mixin.py:190} INFO - [2024-11-21T21:27:54.821+0000] {dagbag.py:588} INFO - Filling up the DagBag from /root/airflow-venv/lib/python3.12/site-packages/airflow/example_dags/example_external_task_marker_dag.py
[2024-11-21T21:27:54.836+0000] {processor.py:925} INFO - DAG(s) 'example_external_task_marker_child', 'example_external_task_marker_parent' retrieved from /root/airflow-venv/lib/python3.12/site-packages/airflow/example_dags/example_external_task_marker_dag.py
[2024-11-21T21:27:54.866+0000] {logging_mixin.py:190} INFO - [2024-11-21T21:27:54.866+0000] {dag.py:3239} INFO - Sync 2 DAGs
[2024-11-21T21:27:54.887+0000] {logging_mixin.py:190} INFO - [2024-11-21T21:27:54.886+0000] {dag.py:4180} INFO - Setting next_dagrun for example_external_task_marker_child to None, run_after=None
[2024-11-21T21:27:54.892+0000] {logging_mixin.py:190} INFO - [2024-11-21T21:27:54.891+0000] {dag.py:4180} INFO - Setting next_dagrun for example_external_task_marker_parent to None, run_after=None
[2024-11-21T21:27:54.919+0000] {processor.py:208} INFO - Processing /root/airflow-venv/lib/python3.12/site-packages/airflow/example_dags/example_external_task_marker_dag.py took 0.111 seconds
[2024-11-21T21:28:49.773+0000] {processor.py:186} INFO - Started process (PID=3757) to work on /root/airflow-venv/lib/python3.12/site-packages/airflow/example_dags/example_external_task_marker_dag.py
[2024-11-21T21:28:49.774+0000] {processor.py:914} INFO - Processing file /root/airflow-venv/lib/python3.12/site-packages/airflow/example_dags/example_external_task_marker_dag.py for tasks to queue
[2024-11-21T21:28:49.778+0000] {logging_mixin.py:190} INFO - [2024-11-21T21:28:49.777+0000] {dagbag.py:588} INFO - Filling up the DagBag from /root/airflow-venv/lib/python3.12/site-packages/airflow/example_dags/example_external_task_marker_dag.py
[2024-11-21T21:28:49.788+0000] {processor.py:925} INFO - DAG(s) 'example_external_task_marker_child', 'example_external_task_marker_parent' retrieved from /root/airflow-venv/lib/python3.12/site-packages/airflow/example_dags/example_external_task_marker_dag.py
[2024-11-21T21:28:49.810+0000] {logging_mixin.py:190} INFO - [2024-11-21T21:28:49.809+0000] {dag.py:3239} INFO - Sync 2 DAGs
[2024-11-21T21:28:49.824+0000] {logging_mixin.py:190} INFO - [2024-11-21T21:28:49.824+0000] {dag.py:4180} INFO - Setting next_dagrun for example_external_task_marker_child to None, run_after=None
[2024-11-21T21:28:49.829+0000] {logging_mixin.py:190} INFO - [2024-11-21T21:28:49.829+0000] {dag.py:4180} INFO - Setting next_dagrun for example_external_task_marker_parent to None, run_after=None
[2024-11-21T21:28:49.847+0000] {processor.py:208} INFO - Processing /root/airflow-venv/lib/python3.12/site-packages/airflow/example_dags/example_external_task_marker_dag.py took 0.081 seconds
[2024-11-21T21:29:45.670+0000] {processor.py:186} INFO - Started process (PID=3871) to work on /root/airflow-venv/lib/python3.12/site-packages/airflow/example_dags/example_external_task_marker_dag.py
[2024-11-21T21:29:45.672+0000] {processor.py:914} INFO - Processing file /root/airflow-venv/lib/python3.12/site-packages/airflow/example_dags/example_external_task_marker_dag.py for tasks to queue
[2024-11-21T21:29:45.675+0000] {logging_mixin.py:190} INFO - [2024-11-21T21:29:45.675+0000] {dagbag.py:588} INFO - Filling up the DagBag from /root/airflow-venv/lib/python3.12/site-packages/airflow/example_dags/example_external_task_marker_dag.py
[2024-11-21T21:29:45.688+0000] {processor.py:925} INFO - DAG(s) 'example_external_task_marker_child', 'example_external_task_marker_parent' retrieved from /root/airflow-venv/lib/python3.12/site-packages/airflow/example_dags/example_external_task_marker_dag.py
[2024-11-21T21:29:45.713+0000] {logging_mixin.py:190} INFO - [2024-11-21T21:29:45.713+0000] {dag.py:3239} INFO - Sync 2 DAGs
[2024-11-21T21:29:45.729+0000] {logging_mixin.py:190} INFO - [2024-11-21T21:29:45.729+0000] {dag.py:4180} INFO - Setting next_dagrun for example_external_task_marker_child to None, run_after=None
[2024-11-21T21:29:45.734+0000] {logging_mixin.py:190} INFO - [2024-11-21T21:29:45.733+0000] {dag.py:4180} INFO - Setting next_dagrun for example_external_task_marker_parent to None, run_after=None
[2024-11-21T21:29:45.757+0000] {processor.py:208} INFO - Processing /root/airflow-venv/lib/python3.12/site-packages/airflow/example_dags/example_external_task_marker_dag.py took 0.095 seconds
[2024-11-21T21:30:38.143+0000] {processor.py:186} INFO - Started process (PID=3937) to work on /root/airflow-venv/lib/python3.12/site-packages/airflow/example_dags/example_external_task_marker_dag.py
[2024-11-21T21:30:38.144+0000] {processor.py:914} INFO - Processing file /root/airflow-venv/lib/python3.12/site-packages/airflow/example_dags/example_external_task_marker_dag.py for tasks to queue
[2024-11-21T21:30:38.147+0000] {logging_mixin.py:190} INFO - [2024-11-21T21:30:38.147+0000] {dagbag.py:588} INFO - Filling up the DagBag from /root/airflow-venv/lib/python3.12/site-packages/airflow/example_dags/example_external_task_marker_dag.py
[2024-11-21T21:30:38.159+0000] {processor.py:925} INFO - DAG(s) 'example_external_task_marker_child', 'example_external_task_marker_parent' retrieved from /root/airflow-venv/lib/python3.12/site-packages/airflow/example_dags/example_external_task_marker_dag.py
[2024-11-21T21:30:38.181+0000] {logging_mixin.py:190} INFO - [2024-11-21T21:30:38.181+0000] {dag.py:3239} INFO - Sync 2 DAGs
[2024-11-21T21:30:38.196+0000] {logging_mixin.py:190} INFO - [2024-11-21T21:30:38.196+0000] {dag.py:4180} INFO - Setting next_dagrun for example_external_task_marker_child to None, run_after=None
[2024-11-21T21:30:38.200+0000] {logging_mixin.py:190} INFO - [2024-11-21T21:30:38.200+0000] {dag.py:4180} INFO - Setting next_dagrun for example_external_task_marker_parent to None, run_after=None
[2024-11-21T21:30:38.220+0000] {processor.py:208} INFO - Processing /root/airflow-venv/lib/python3.12/site-packages/airflow/example_dags/example_external_task_marker_dag.py took 0.085 seconds
[2024-11-21T21:31:35.098+0000] {processor.py:186} INFO - Started process (PID=3995) to work on /root/airflow-venv/lib/python3.12/site-packages/airflow/example_dags/example_external_task_marker_dag.py
[2024-11-21T21:31:35.099+0000] {processor.py:914} INFO - Processing file /root/airflow-venv/lib/python3.12/site-packages/airflow/example_dags/example_external_task_marker_dag.py for tasks to queue
[2024-11-21T21:31:35.102+0000] {logging_mixin.py:190} INFO - [2024-11-21T21:31:35.101+0000] {dagbag.py:588} INFO - Filling up the DagBag from /root/airflow-venv/lib/python3.12/site-packages/airflow/example_dags/example_external_task_marker_dag.py
[2024-11-21T21:31:35.111+0000] {processor.py:925} INFO - DAG(s) 'example_external_task_marker_parent', 'example_external_task_marker_child' retrieved from /root/airflow-venv/lib/python3.12/site-packages/airflow/example_dags/example_external_task_marker_dag.py
[2024-11-21T21:31:35.132+0000] {logging_mixin.py:190} INFO - [2024-11-21T21:31:35.132+0000] {dag.py:3239} INFO - Sync 2 DAGs
[2024-11-21T21:31:35.145+0000] {logging_mixin.py:190} INFO - [2024-11-21T21:31:35.145+0000] {dag.py:4180} INFO - Setting next_dagrun for example_external_task_marker_child to None, run_after=None
[2024-11-21T21:31:35.149+0000] {logging_mixin.py:190} INFO - [2024-11-21T21:31:35.148+0000] {dag.py:4180} INFO - Setting next_dagrun for example_external_task_marker_parent to None, run_after=None
[2024-11-21T21:31:35.166+0000] {processor.py:208} INFO - Processing /root/airflow-venv/lib/python3.12/site-packages/airflow/example_dags/example_external_task_marker_dag.py took 0.074 seconds
