[2024-11-21T21:20:25.373+0000] {processor.py:186} INFO - Started process (PID=3229) to work on /root/airflow-venv/lib/python3.12/site-packages/airflow/example_dags/example_sensor_decorator.py
[2024-11-21T21:20:25.374+0000] {processor.py:914} INFO - Processing file /root/airflow-venv/lib/python3.12/site-packages/airflow/example_dags/example_sensor_decorator.py for tasks to queue
[2024-11-21T21:20:25.378+0000] {logging_mixin.py:190} INFO - [2024-11-21T21:20:25.377+0000] {dagbag.py:588} INFO - Filling up the DagBag from /root/airflow-venv/lib/python3.12/site-packages/airflow/example_dags/example_sensor_decorator.py
[2024-11-21T21:20:25.391+0000] {processor.py:925} INFO - DAG(s) 'example_sensor_decorator' retrieved from /root/airflow-venv/lib/python3.12/site-packages/airflow/example_dags/example_sensor_decorator.py
[2024-11-21T21:20:25.533+0000] {logging_mixin.py:190} INFO - [2024-11-21T21:20:25.532+0000] {override.py:1911} INFO - Created Permission View: can delete on DAG:example_sensor_decorator
[2024-11-21T21:20:25.548+0000] {logging_mixin.py:190} INFO - [2024-11-21T21:20:25.547+0000] {override.py:1911} INFO - Created Permission View: can edit on DAG:example_sensor_decorator
[2024-11-21T21:20:25.559+0000] {logging_mixin.py:190} INFO - [2024-11-21T21:20:25.558+0000] {override.py:1911} INFO - Created Permission View: can read on DAG:example_sensor_decorator
[2024-11-21T21:20:25.575+0000] {logging_mixin.py:190} INFO - [2024-11-21T21:20:25.574+0000] {override.py:1911} INFO - Created Permission View: can delete on DAG Run:example_sensor_decorator
[2024-11-21T21:20:25.584+0000] {logging_mixin.py:190} INFO - [2024-11-21T21:20:25.583+0000] {override.py:1911} INFO - Created Permission View: can create on DAG Run:example_sensor_decorator
[2024-11-21T21:20:25.594+0000] {logging_mixin.py:190} INFO - [2024-11-21T21:20:25.593+0000] {override.py:1911} INFO - Created Permission View: can read on DAG Run:example_sensor_decorator
[2024-11-21T21:20:25.603+0000] {logging_mixin.py:190} INFO - [2024-11-21T21:20:25.602+0000] {override.py:1911} INFO - Created Permission View: menu access on DAG Run:example_sensor_decorator
[2024-11-21T21:20:25.603+0000] {logging_mixin.py:190} INFO - [2024-11-21T21:20:25.603+0000] {dag.py:3239} INFO - Sync 1 DAGs
[2024-11-21T21:20:25.624+0000] {logging_mixin.py:190} INFO - [2024-11-21T21:20:25.623+0000] {dag.py:3262} INFO - Creating ORM DAG for example_sensor_decorator
[2024-11-21T21:20:25.624+0000] {logging_mixin.py:190} INFO - [2024-11-21T21:20:25.624+0000] {dag.py:4180} INFO - Setting next_dagrun for example_sensor_decorator to None, run_after=None
[2024-11-21T21:20:25.647+0000] {processor.py:208} INFO - Processing /root/airflow-venv/lib/python3.12/site-packages/airflow/example_dags/example_sensor_decorator.py took 0.283 seconds
[2024-11-21T21:20:37.754+0000] {processor.py:186} INFO - Started process (PID=3252) to work on /root/airflow-venv/lib/python3.12/site-packages/airflow/example_dags/example_sensor_decorator.py
[2024-11-21T21:20:37.755+0000] {processor.py:914} INFO - Processing file /root/airflow-venv/lib/python3.12/site-packages/airflow/example_dags/example_sensor_decorator.py for tasks to queue
[2024-11-21T21:20:37.757+0000] {logging_mixin.py:190} INFO - [2024-11-21T21:20:37.757+0000] {dagbag.py:588} INFO - Filling up the DagBag from /root/airflow-venv/lib/python3.12/site-packages/airflow/example_dags/example_sensor_decorator.py
[2024-11-21T21:20:37.767+0000] {processor.py:925} INFO - DAG(s) 'example_sensor_decorator' retrieved from /root/airflow-venv/lib/python3.12/site-packages/airflow/example_dags/example_sensor_decorator.py
[2024-11-21T21:20:37.776+0000] {logging_mixin.py:190} INFO - [2024-11-21T21:20:37.776+0000] {dag.py:3239} INFO - Sync 1 DAGs
[2024-11-21T21:20:37.789+0000] {logging_mixin.py:190} INFO - [2024-11-21T21:20:37.789+0000] {dag.py:4180} INFO - Setting next_dagrun for example_sensor_decorator to None, run_after=None
[2024-11-21T21:20:37.816+0000] {processor.py:208} INFO - Processing /root/airflow-venv/lib/python3.12/site-packages/airflow/example_dags/example_sensor_decorator.py took 0.068 seconds
[2024-11-21T21:21:31.105+0000] {processor.py:186} INFO - Started process (PID=3325) to work on /root/airflow-venv/lib/python3.12/site-packages/airflow/example_dags/example_sensor_decorator.py
[2024-11-21T21:21:31.107+0000] {processor.py:914} INFO - Processing file /root/airflow-venv/lib/python3.12/site-packages/airflow/example_dags/example_sensor_decorator.py for tasks to queue
[2024-11-21T21:21:31.111+0000] {logging_mixin.py:190} INFO - [2024-11-21T21:21:31.110+0000] {dagbag.py:588} INFO - Filling up the DagBag from /root/airflow-venv/lib/python3.12/site-packages/airflow/example_dags/example_sensor_decorator.py
[2024-11-21T21:21:31.123+0000] {processor.py:925} INFO - DAG(s) 'example_sensor_decorator' retrieved from /root/airflow-venv/lib/python3.12/site-packages/airflow/example_dags/example_sensor_decorator.py
[2024-11-21T21:21:31.146+0000] {logging_mixin.py:190} INFO - [2024-11-21T21:21:31.145+0000] {dag.py:3239} INFO - Sync 1 DAGs
[2024-11-21T21:21:31.163+0000] {logging_mixin.py:190} INFO - [2024-11-21T21:21:31.163+0000] {dag.py:4180} INFO - Setting next_dagrun for example_sensor_decorator to None, run_after=None
[2024-11-21T21:21:31.194+0000] {processor.py:208} INFO - Processing /root/airflow-venv/lib/python3.12/site-packages/airflow/example_dags/example_sensor_decorator.py took 0.100 seconds
[2024-11-21T21:22:32.365+0000] {processor.py:186} INFO - Started process (PID=3383) to work on /root/airflow-venv/lib/python3.12/site-packages/airflow/example_dags/example_sensor_decorator.py
[2024-11-21T21:22:32.367+0000] {processor.py:914} INFO - Processing file /root/airflow-venv/lib/python3.12/site-packages/airflow/example_dags/example_sensor_decorator.py for tasks to queue
[2024-11-21T21:22:32.371+0000] {logging_mixin.py:190} INFO - [2024-11-21T21:22:32.370+0000] {dagbag.py:588} INFO - Filling up the DagBag from /root/airflow-venv/lib/python3.12/site-packages/airflow/example_dags/example_sensor_decorator.py
[2024-11-21T21:22:32.381+0000] {processor.py:925} INFO - DAG(s) 'example_sensor_decorator' retrieved from /root/airflow-venv/lib/python3.12/site-packages/airflow/example_dags/example_sensor_decorator.py
[2024-11-21T21:22:32.401+0000] {logging_mixin.py:190} INFO - [2024-11-21T21:22:32.401+0000] {dag.py:3239} INFO - Sync 1 DAGs
[2024-11-21T21:22:32.417+0000] {logging_mixin.py:190} INFO - [2024-11-21T21:22:32.416+0000] {dag.py:4180} INFO - Setting next_dagrun for example_sensor_decorator to None, run_after=None
[2024-11-21T21:22:32.441+0000] {processor.py:208} INFO - Processing /root/airflow-venv/lib/python3.12/site-packages/airflow/example_dags/example_sensor_decorator.py took 0.084 seconds
[2024-11-21T21:23:31.163+0000] {processor.py:186} INFO - Started process (PID=3443) to work on /root/airflow-venv/lib/python3.12/site-packages/airflow/example_dags/example_sensor_decorator.py
[2024-11-21T21:23:31.165+0000] {processor.py:914} INFO - Processing file /root/airflow-venv/lib/python3.12/site-packages/airflow/example_dags/example_sensor_decorator.py for tasks to queue
[2024-11-21T21:23:31.170+0000] {logging_mixin.py:190} INFO - [2024-11-21T21:23:31.169+0000] {dagbag.py:588} INFO - Filling up the DagBag from /root/airflow-venv/lib/python3.12/site-packages/airflow/example_dags/example_sensor_decorator.py
[2024-11-21T21:23:31.182+0000] {processor.py:925} INFO - DAG(s) 'example_sensor_decorator' retrieved from /root/airflow-venv/lib/python3.12/site-packages/airflow/example_dags/example_sensor_decorator.py
[2024-11-21T21:23:31.210+0000] {logging_mixin.py:190} INFO - [2024-11-21T21:23:31.210+0000] {dag.py:3239} INFO - Sync 1 DAGs
[2024-11-21T21:23:31.230+0000] {logging_mixin.py:190} INFO - [2024-11-21T21:23:31.230+0000] {dag.py:4180} INFO - Setting next_dagrun for example_sensor_decorator to None, run_after=None
[2024-11-21T21:23:31.261+0000] {processor.py:208} INFO - Processing /root/airflow-venv/lib/python3.12/site-packages/airflow/example_dags/example_sensor_decorator.py took 0.108 seconds
[2024-11-21T21:24:29.974+0000] {processor.py:186} INFO - Started process (PID=3500) to work on /root/airflow-venv/lib/python3.12/site-packages/airflow/example_dags/example_sensor_decorator.py
[2024-11-21T21:24:29.975+0000] {processor.py:914} INFO - Processing file /root/airflow-venv/lib/python3.12/site-packages/airflow/example_dags/example_sensor_decorator.py for tasks to queue
[2024-11-21T21:24:29.979+0000] {logging_mixin.py:190} INFO - [2024-11-21T21:24:29.978+0000] {dagbag.py:588} INFO - Filling up the DagBag from /root/airflow-venv/lib/python3.12/site-packages/airflow/example_dags/example_sensor_decorator.py
[2024-11-21T21:24:29.990+0000] {processor.py:925} INFO - DAG(s) 'example_sensor_decorator' retrieved from /root/airflow-venv/lib/python3.12/site-packages/airflow/example_dags/example_sensor_decorator.py
[2024-11-21T21:24:30.011+0000] {logging_mixin.py:190} INFO - [2024-11-21T21:24:30.011+0000] {dag.py:3239} INFO - Sync 1 DAGs
[2024-11-21T21:24:30.028+0000] {logging_mixin.py:190} INFO - [2024-11-21T21:24:30.027+0000] {dag.py:4180} INFO - Setting next_dagrun for example_sensor_decorator to None, run_after=None
[2024-11-21T21:24:30.052+0000] {processor.py:208} INFO - Processing /root/airflow-venv/lib/python3.12/site-packages/airflow/example_dags/example_sensor_decorator.py took 0.085 seconds
[2024-11-21T21:25:26.518+0000] {processor.py:186} INFO - Started process (PID=3560) to work on /root/airflow-venv/lib/python3.12/site-packages/airflow/example_dags/example_sensor_decorator.py
[2024-11-21T21:25:26.519+0000] {processor.py:914} INFO - Processing file /root/airflow-venv/lib/python3.12/site-packages/airflow/example_dags/example_sensor_decorator.py for tasks to queue
[2024-11-21T21:25:26.524+0000] {logging_mixin.py:190} INFO - [2024-11-21T21:25:26.523+0000] {dagbag.py:588} INFO - Filling up the DagBag from /root/airflow-venv/lib/python3.12/site-packages/airflow/example_dags/example_sensor_decorator.py
[2024-11-21T21:25:26.537+0000] {processor.py:925} INFO - DAG(s) 'example_sensor_decorator' retrieved from /root/airflow-venv/lib/python3.12/site-packages/airflow/example_dags/example_sensor_decorator.py
[2024-11-21T21:25:26.561+0000] {logging_mixin.py:190} INFO - [2024-11-21T21:25:26.561+0000] {dag.py:3239} INFO - Sync 1 DAGs
[2024-11-21T21:25:26.579+0000] {logging_mixin.py:190} INFO - [2024-11-21T21:25:26.579+0000] {dag.py:4180} INFO - Setting next_dagrun for example_sensor_decorator to None, run_after=None
[2024-11-21T21:25:26.602+0000] {processor.py:208} INFO - Processing /root/airflow-venv/lib/python3.12/site-packages/airflow/example_dags/example_sensor_decorator.py took 0.093 seconds
[2024-11-21T21:26:31.458+0000] {processor.py:186} INFO - Started process (PID=3618) to work on /root/airflow-venv/lib/python3.12/site-packages/airflow/example_dags/example_sensor_decorator.py
[2024-11-21T21:26:31.459+0000] {processor.py:914} INFO - Processing file /root/airflow-venv/lib/python3.12/site-packages/airflow/example_dags/example_sensor_decorator.py for tasks to queue
[2024-11-21T21:26:31.463+0000] {logging_mixin.py:190} INFO - [2024-11-21T21:26:31.462+0000] {dagbag.py:588} INFO - Filling up the DagBag from /root/airflow-venv/lib/python3.12/site-packages/airflow/example_dags/example_sensor_decorator.py
[2024-11-21T21:26:31.478+0000] {processor.py:925} INFO - DAG(s) 'example_sensor_decorator' retrieved from /root/airflow-venv/lib/python3.12/site-packages/airflow/example_dags/example_sensor_decorator.py
[2024-11-21T21:26:31.499+0000] {logging_mixin.py:190} INFO - [2024-11-21T21:26:31.499+0000] {dag.py:3239} INFO - Sync 1 DAGs
[2024-11-21T21:26:31.679+0000] {logging_mixin.py:190} INFO - [2024-11-21T21:26:31.678+0000] {dag.py:4180} INFO - Setting next_dagrun for example_sensor_decorator to None, run_after=None
[2024-11-21T21:26:31.710+0000] {processor.py:208} INFO - Processing /root/airflow-venv/lib/python3.12/site-packages/airflow/example_dags/example_sensor_decorator.py took 0.260 seconds
[2024-11-21T21:27:34.556+0000] {processor.py:186} INFO - Started process (PID=3678) to work on /root/airflow-venv/lib/python3.12/site-packages/airflow/example_dags/example_sensor_decorator.py
[2024-11-21T21:27:34.558+0000] {processor.py:914} INFO - Processing file /root/airflow-venv/lib/python3.12/site-packages/airflow/example_dags/example_sensor_decorator.py for tasks to queue
[2024-11-21T21:27:34.560+0000] {logging_mixin.py:190} INFO - [2024-11-21T21:27:34.560+0000] {dagbag.py:588} INFO - Filling up the DagBag from /root/airflow-venv/lib/python3.12/site-packages/airflow/example_dags/example_sensor_decorator.py
[2024-11-21T21:27:34.571+0000] {processor.py:925} INFO - DAG(s) 'example_sensor_decorator' retrieved from /root/airflow-venv/lib/python3.12/site-packages/airflow/example_dags/example_sensor_decorator.py
[2024-11-21T21:27:34.590+0000] {logging_mixin.py:190} INFO - [2024-11-21T21:27:34.590+0000] {dag.py:3239} INFO - Sync 1 DAGs
[2024-11-21T21:27:34.605+0000] {logging_mixin.py:190} INFO - [2024-11-21T21:27:34.605+0000] {dag.py:4180} INFO - Setting next_dagrun for example_sensor_decorator to None, run_after=None
[2024-11-21T21:27:34.630+0000] {processor.py:208} INFO - Processing /root/airflow-venv/lib/python3.12/site-packages/airflow/example_dags/example_sensor_decorator.py took 0.080 seconds
[2024-11-21T21:28:30.070+0000] {processor.py:186} INFO - Started process (PID=3737) to work on /root/airflow-venv/lib/python3.12/site-packages/airflow/example_dags/example_sensor_decorator.py
[2024-11-21T21:28:30.071+0000] {processor.py:914} INFO - Processing file /root/airflow-venv/lib/python3.12/site-packages/airflow/example_dags/example_sensor_decorator.py for tasks to queue
[2024-11-21T21:28:30.074+0000] {logging_mixin.py:190} INFO - [2024-11-21T21:28:30.074+0000] {dagbag.py:588} INFO - Filling up the DagBag from /root/airflow-venv/lib/python3.12/site-packages/airflow/example_dags/example_sensor_decorator.py
[2024-11-21T21:28:30.086+0000] {processor.py:925} INFO - DAG(s) 'example_sensor_decorator' retrieved from /root/airflow-venv/lib/python3.12/site-packages/airflow/example_dags/example_sensor_decorator.py
[2024-11-21T21:28:30.107+0000] {logging_mixin.py:190} INFO - [2024-11-21T21:28:30.107+0000] {dag.py:3239} INFO - Sync 1 DAGs
[2024-11-21T21:28:30.122+0000] {logging_mixin.py:190} INFO - [2024-11-21T21:28:30.122+0000] {dag.py:4180} INFO - Setting next_dagrun for example_sensor_decorator to None, run_after=None
[2024-11-21T21:28:30.146+0000] {processor.py:208} INFO - Processing /root/airflow-venv/lib/python3.12/site-packages/airflow/example_dags/example_sensor_decorator.py took 0.083 seconds
[2024-11-21T21:29:26.088+0000] {processor.py:186} INFO - Started process (PID=3804) to work on /root/airflow-venv/lib/python3.12/site-packages/airflow/example_dags/example_sensor_decorator.py
[2024-11-21T21:29:26.090+0000] {processor.py:914} INFO - Processing file /root/airflow-venv/lib/python3.12/site-packages/airflow/example_dags/example_sensor_decorator.py for tasks to queue
[2024-11-21T21:29:26.094+0000] {logging_mixin.py:190} INFO - [2024-11-21T21:29:26.093+0000] {dagbag.py:588} INFO - Filling up the DagBag from /root/airflow-venv/lib/python3.12/site-packages/airflow/example_dags/example_sensor_decorator.py
[2024-11-21T21:29:26.108+0000] {processor.py:925} INFO - DAG(s) 'example_sensor_decorator' retrieved from /root/airflow-venv/lib/python3.12/site-packages/airflow/example_dags/example_sensor_decorator.py
[2024-11-21T21:29:26.130+0000] {logging_mixin.py:190} INFO - [2024-11-21T21:29:26.129+0000] {dag.py:3239} INFO - Sync 1 DAGs
[2024-11-21T21:29:26.146+0000] {logging_mixin.py:190} INFO - [2024-11-21T21:29:26.146+0000] {dag.py:4180} INFO - Setting next_dagrun for example_sensor_decorator to None, run_after=None
[2024-11-21T21:29:26.173+0000] {processor.py:208} INFO - Processing /root/airflow-venv/lib/python3.12/site-packages/airflow/example_dags/example_sensor_decorator.py took 0.093 seconds
[2024-11-21T21:30:19.385+0000] {processor.py:186} INFO - Started process (PID=3914) to work on /root/airflow-venv/lib/python3.12/site-packages/airflow/example_dags/example_sensor_decorator.py
[2024-11-21T21:30:19.387+0000] {processor.py:914} INFO - Processing file /root/airflow-venv/lib/python3.12/site-packages/airflow/example_dags/example_sensor_decorator.py for tasks to queue
[2024-11-21T21:30:19.390+0000] {logging_mixin.py:190} INFO - [2024-11-21T21:30:19.390+0000] {dagbag.py:588} INFO - Filling up the DagBag from /root/airflow-venv/lib/python3.12/site-packages/airflow/example_dags/example_sensor_decorator.py
[2024-11-21T21:30:19.402+0000] {processor.py:925} INFO - DAG(s) 'example_sensor_decorator' retrieved from /root/airflow-venv/lib/python3.12/site-packages/airflow/example_dags/example_sensor_decorator.py
[2024-11-21T21:30:19.423+0000] {logging_mixin.py:190} INFO - [2024-11-21T21:30:19.422+0000] {dag.py:3239} INFO - Sync 1 DAGs
[2024-11-21T21:30:19.438+0000] {logging_mixin.py:190} INFO - [2024-11-21T21:30:19.438+0000] {dag.py:4180} INFO - Setting next_dagrun for example_sensor_decorator to None, run_after=None
[2024-11-21T21:30:19.461+0000] {processor.py:208} INFO - Processing /root/airflow-venv/lib/python3.12/site-packages/airflow/example_dags/example_sensor_decorator.py took 0.083 seconds
[2024-11-21T21:31:12.102+0000] {processor.py:186} INFO - Started process (PID=3970) to work on /root/airflow-venv/lib/python3.12/site-packages/airflow/example_dags/example_sensor_decorator.py
[2024-11-21T21:31:12.104+0000] {processor.py:914} INFO - Processing file /root/airflow-venv/lib/python3.12/site-packages/airflow/example_dags/example_sensor_decorator.py for tasks to queue
[2024-11-21T21:31:12.107+0000] {logging_mixin.py:190} INFO - [2024-11-21T21:31:12.107+0000] {dagbag.py:588} INFO - Filling up the DagBag from /root/airflow-venv/lib/python3.12/site-packages/airflow/example_dags/example_sensor_decorator.py
[2024-11-21T21:31:12.118+0000] {processor.py:925} INFO - DAG(s) 'example_sensor_decorator' retrieved from /root/airflow-venv/lib/python3.12/site-packages/airflow/example_dags/example_sensor_decorator.py
[2024-11-21T21:31:12.136+0000] {logging_mixin.py:190} INFO - [2024-11-21T21:31:12.136+0000] {dag.py:3239} INFO - Sync 1 DAGs
[2024-11-21T21:31:12.150+0000] {logging_mixin.py:190} INFO - [2024-11-21T21:31:12.150+0000] {dag.py:4180} INFO - Setting next_dagrun for example_sensor_decorator to None, run_after=None
[2024-11-21T21:31:12.170+0000] {processor.py:208} INFO - Processing /root/airflow-venv/lib/python3.12/site-packages/airflow/example_dags/example_sensor_decorator.py took 0.074 seconds
