[2024-11-21T21:20:53.447+0000] {processor.py:186} INFO - Started process (PID=3281) to work on /root/airflow-venv/lib/python3.12/site-packages/airflow/example_dags/example_datasets.py
[2024-11-21T21:20:53.448+0000] {processor.py:914} INFO - Processing file /root/airflow-venv/lib/python3.12/site-packages/airflow/example_dags/example_datasets.py for tasks to queue
[2024-11-21T21:20:53.450+0000] {logging_mixin.py:190} INFO - [2024-11-21T21:20:53.450+0000] {dagbag.py:588} INFO - Filling up the DagBag from /root/airflow-venv/lib/python3.12/site-packages/airflow/example_dags/example_datasets.py
[2024-11-21T21:20:53.471+0000] {processor.py:925} INFO - DAG(s) 'conditional_dataset_and_time_based_timetable', 'dataset_produces_2', 'dataset_produces_1', 'consume_1_or_2_with_dataset_expressions', 'dataset_consumes_1_never_scheduled', 'dataset_consumes_unknown_never_scheduled', 'consume_1_or_both_2_and_3_with_dataset_expressions', 'dataset_consumes_1_and_2', 'dataset_consumes_1', 'consume_1_and_2_with_dataset_expressions' retrieved from /root/airflow-venv/lib/python3.12/site-packages/airflow/example_dags/example_datasets.py
[2024-11-21T21:20:53.601+0000] {logging_mixin.py:190} INFO - [2024-11-21T21:20:53.600+0000] {override.py:1911} INFO - Created Permission View: can delete on DAG:conditional_dataset_and_time_based_timetable
[2024-11-21T21:20:53.616+0000] {logging_mixin.py:190} INFO - [2024-11-21T21:20:53.616+0000] {override.py:1911} INFO - Created Permission View: can edit on DAG:conditional_dataset_and_time_based_timetable
[2024-11-21T21:20:53.626+0000] {logging_mixin.py:190} INFO - [2024-11-21T21:20:53.626+0000] {override.py:1911} INFO - Created Permission View: can read on DAG:conditional_dataset_and_time_based_timetable
[2024-11-21T21:20:53.642+0000] {logging_mixin.py:190} INFO - [2024-11-21T21:20:53.641+0000] {override.py:1911} INFO - Created Permission View: can delete on DAG Run:conditional_dataset_and_time_based_timetable
[2024-11-21T21:20:53.653+0000] {logging_mixin.py:190} INFO - [2024-11-21T21:20:53.652+0000] {override.py:1911} INFO - Created Permission View: can create on DAG Run:conditional_dataset_and_time_based_timetable
[2024-11-21T21:20:53.663+0000] {logging_mixin.py:190} INFO - [2024-11-21T21:20:53.662+0000] {override.py:1911} INFO - Created Permission View: can read on DAG Run:conditional_dataset_and_time_based_timetable
[2024-11-21T21:20:53.673+0000] {logging_mixin.py:190} INFO - [2024-11-21T21:20:53.672+0000] {override.py:1911} INFO - Created Permission View: menu access on DAG Run:conditional_dataset_and_time_based_timetable
[2024-11-21T21:20:53.692+0000] {logging_mixin.py:190} INFO - [2024-11-21T21:20:53.692+0000] {override.py:1911} INFO - Created Permission View: can delete on DAG:dataset_produces_2
[2024-11-21T21:20:53.701+0000] {logging_mixin.py:190} INFO - [2024-11-21T21:20:53.700+0000] {override.py:1911} INFO - Created Permission View: can edit on DAG:dataset_produces_2
[2024-11-21T21:20:53.709+0000] {logging_mixin.py:190} INFO - [2024-11-21T21:20:53.708+0000] {override.py:1911} INFO - Created Permission View: can read on DAG:dataset_produces_2
[2024-11-21T21:20:53.724+0000] {logging_mixin.py:190} INFO - [2024-11-21T21:20:53.723+0000] {override.py:1911} INFO - Created Permission View: can delete on DAG Run:dataset_produces_2
[2024-11-21T21:20:53.733+0000] {logging_mixin.py:190} INFO - [2024-11-21T21:20:53.732+0000] {override.py:1911} INFO - Created Permission View: can create on DAG Run:dataset_produces_2
[2024-11-21T21:20:53.742+0000] {logging_mixin.py:190} INFO - [2024-11-21T21:20:53.741+0000] {override.py:1911} INFO - Created Permission View: can read on DAG Run:dataset_produces_2
[2024-11-21T21:20:53.752+0000] {logging_mixin.py:190} INFO - [2024-11-21T21:20:53.751+0000] {override.py:1911} INFO - Created Permission View: menu access on DAG Run:dataset_produces_2
[2024-11-21T21:20:53.773+0000] {logging_mixin.py:190} INFO - [2024-11-21T21:20:53.772+0000] {override.py:1911} INFO - Created Permission View: can delete on DAG:dataset_produces_1
[2024-11-21T21:20:53.786+0000] {logging_mixin.py:190} INFO - [2024-11-21T21:20:53.786+0000] {override.py:1911} INFO - Created Permission View: can edit on DAG:dataset_produces_1
[2024-11-21T21:20:53.798+0000] {logging_mixin.py:190} INFO - [2024-11-21T21:20:53.797+0000] {override.py:1911} INFO - Created Permission View: can read on DAG:dataset_produces_1
[2024-11-21T21:20:53.815+0000] {logging_mixin.py:190} INFO - [2024-11-21T21:20:53.814+0000] {override.py:1911} INFO - Created Permission View: can delete on DAG Run:dataset_produces_1
[2024-11-21T21:20:53.825+0000] {logging_mixin.py:190} INFO - [2024-11-21T21:20:53.824+0000] {override.py:1911} INFO - Created Permission View: can create on DAG Run:dataset_produces_1
[2024-11-21T21:20:53.834+0000] {logging_mixin.py:190} INFO - [2024-11-21T21:20:53.834+0000] {override.py:1911} INFO - Created Permission View: can read on DAG Run:dataset_produces_1
[2024-11-21T21:20:53.844+0000] {logging_mixin.py:190} INFO - [2024-11-21T21:20:53.843+0000] {override.py:1911} INFO - Created Permission View: menu access on DAG Run:dataset_produces_1
[2024-11-21T21:20:53.865+0000] {logging_mixin.py:190} INFO - [2024-11-21T21:20:53.864+0000] {override.py:1911} INFO - Created Permission View: can delete on DAG:consume_1_or_2_with_dataset_expressions
[2024-11-21T21:20:53.874+0000] {logging_mixin.py:190} INFO - [2024-11-21T21:20:53.874+0000] {override.py:1911} INFO - Created Permission View: can edit on DAG:consume_1_or_2_with_dataset_expressions
[2024-11-21T21:20:53.882+0000] {logging_mixin.py:190} INFO - [2024-11-21T21:20:53.881+0000] {override.py:1911} INFO - Created Permission View: can read on DAG:consume_1_or_2_with_dataset_expressions
[2024-11-21T21:20:53.893+0000] {logging_mixin.py:190} INFO - [2024-11-21T21:20:53.893+0000] {override.py:1911} INFO - Created Permission View: can delete on DAG Run:consume_1_or_2_with_dataset_expressions
[2024-11-21T21:20:53.901+0000] {logging_mixin.py:190} INFO - [2024-11-21T21:20:53.901+0000] {override.py:1911} INFO - Created Permission View: can create on DAG Run:consume_1_or_2_with_dataset_expressions
[2024-11-21T21:20:53.911+0000] {logging_mixin.py:190} INFO - [2024-11-21T21:20:53.910+0000] {override.py:1911} INFO - Created Permission View: can read on DAG Run:consume_1_or_2_with_dataset_expressions
[2024-11-21T21:20:53.920+0000] {logging_mixin.py:190} INFO - [2024-11-21T21:20:53.919+0000] {override.py:1911} INFO - Created Permission View: menu access on DAG Run:consume_1_or_2_with_dataset_expressions
[2024-11-21T21:20:53.941+0000] {logging_mixin.py:190} INFO - [2024-11-21T21:20:53.941+0000] {override.py:1911} INFO - Created Permission View: can delete on DAG:dataset_consumes_1_never_scheduled
[2024-11-21T21:20:53.950+0000] {logging_mixin.py:190} INFO - [2024-11-21T21:20:53.949+0000] {override.py:1911} INFO - Created Permission View: can edit on DAG:dataset_consumes_1_never_scheduled
[2024-11-21T21:20:53.958+0000] {logging_mixin.py:190} INFO - [2024-11-21T21:20:53.958+0000] {override.py:1911} INFO - Created Permission View: can read on DAG:dataset_consumes_1_never_scheduled
[2024-11-21T21:20:53.972+0000] {logging_mixin.py:190} INFO - [2024-11-21T21:20:53.971+0000] {override.py:1911} INFO - Created Permission View: can delete on DAG Run:dataset_consumes_1_never_scheduled
[2024-11-21T21:20:53.981+0000] {logging_mixin.py:190} INFO - [2024-11-21T21:20:53.981+0000] {override.py:1911} INFO - Created Permission View: can create on DAG Run:dataset_consumes_1_never_scheduled
[2024-11-21T21:20:53.990+0000] {logging_mixin.py:190} INFO - [2024-11-21T21:20:53.990+0000] {override.py:1911} INFO - Created Permission View: can read on DAG Run:dataset_consumes_1_never_scheduled
[2024-11-21T21:20:54.000+0000] {logging_mixin.py:190} INFO - [2024-11-21T21:20:53.999+0000] {override.py:1911} INFO - Created Permission View: menu access on DAG Run:dataset_consumes_1_never_scheduled
[2024-11-21T21:20:54.021+0000] {logging_mixin.py:190} INFO - [2024-11-21T21:20:54.020+0000] {override.py:1911} INFO - Created Permission View: can delete on DAG:dataset_consumes_unknown_never_scheduled
[2024-11-21T21:20:54.031+0000] {logging_mixin.py:190} INFO - [2024-11-21T21:20:54.031+0000] {override.py:1911} INFO - Created Permission View: can edit on DAG:dataset_consumes_unknown_never_scheduled
[2024-11-21T21:20:54.041+0000] {logging_mixin.py:190} INFO - [2024-11-21T21:20:54.041+0000] {override.py:1911} INFO - Created Permission View: can read on DAG:dataset_consumes_unknown_never_scheduled
[2024-11-21T21:20:54.054+0000] {logging_mixin.py:190} INFO - [2024-11-21T21:20:54.053+0000] {override.py:1911} INFO - Created Permission View: can delete on DAG Run:dataset_consumes_unknown_never_scheduled
[2024-11-21T21:20:54.062+0000] {logging_mixin.py:190} INFO - [2024-11-21T21:20:54.061+0000] {override.py:1911} INFO - Created Permission View: can create on DAG Run:dataset_consumes_unknown_never_scheduled
[2024-11-21T21:20:54.070+0000] {logging_mixin.py:190} INFO - [2024-11-21T21:20:54.069+0000] {override.py:1911} INFO - Created Permission View: can read on DAG Run:dataset_consumes_unknown_never_scheduled
[2024-11-21T21:20:54.077+0000] {logging_mixin.py:190} INFO - [2024-11-21T21:20:54.077+0000] {override.py:1911} INFO - Created Permission View: menu access on DAG Run:dataset_consumes_unknown_never_scheduled
[2024-11-21T21:20:54.096+0000] {logging_mixin.py:190} INFO - [2024-11-21T21:20:54.095+0000] {override.py:1911} INFO - Created Permission View: can delete on DAG:consume_1_or_both_2_and_3_with_dataset_expressions
[2024-11-21T21:20:54.105+0000] {logging_mixin.py:190} INFO - [2024-11-21T21:20:54.104+0000] {override.py:1911} INFO - Created Permission View: can edit on DAG:consume_1_or_both_2_and_3_with_dataset_expressions
[2024-11-21T21:20:54.115+0000] {logging_mixin.py:190} INFO - [2024-11-21T21:20:54.115+0000] {override.py:1911} INFO - Created Permission View: can read on DAG:consume_1_or_both_2_and_3_with_dataset_expressions
[2024-11-21T21:20:54.128+0000] {logging_mixin.py:190} INFO - [2024-11-21T21:20:54.127+0000] {override.py:1911} INFO - Created Permission View: can delete on DAG Run:consume_1_or_both_2_and_3_with_dataset_expressions
[2024-11-21T21:20:54.136+0000] {logging_mixin.py:190} INFO - [2024-11-21T21:20:54.136+0000] {override.py:1911} INFO - Created Permission View: can create on DAG Run:consume_1_or_both_2_and_3_with_dataset_expressions
[2024-11-21T21:20:54.145+0000] {logging_mixin.py:190} INFO - [2024-11-21T21:20:54.144+0000] {override.py:1911} INFO - Created Permission View: can read on DAG Run:consume_1_or_both_2_and_3_with_dataset_expressions
[2024-11-21T21:20:54.152+0000] {logging_mixin.py:190} INFO - [2024-11-21T21:20:54.152+0000] {override.py:1911} INFO - Created Permission View: menu access on DAG Run:consume_1_or_both_2_and_3_with_dataset_expressions
[2024-11-21T21:20:54.170+0000] {logging_mixin.py:190} INFO - [2024-11-21T21:20:54.170+0000] {override.py:1911} INFO - Created Permission View: can delete on DAG:dataset_consumes_1_and_2
[2024-11-21T21:20:54.179+0000] {logging_mixin.py:190} INFO - [2024-11-21T21:20:54.178+0000] {override.py:1911} INFO - Created Permission View: can edit on DAG:dataset_consumes_1_and_2
[2024-11-21T21:20:54.190+0000] {logging_mixin.py:190} INFO - [2024-11-21T21:20:54.189+0000] {override.py:1911} INFO - Created Permission View: can read on DAG:dataset_consumes_1_and_2
[2024-11-21T21:20:54.220+0000] {logging_mixin.py:190} INFO - [2024-11-21T21:20:54.220+0000] {override.py:1911} INFO - Created Permission View: can delete on DAG Run:dataset_consumes_1_and_2
[2024-11-21T21:20:54.229+0000] {logging_mixin.py:190} INFO - [2024-11-21T21:20:54.229+0000] {override.py:1911} INFO - Created Permission View: can create on DAG Run:dataset_consumes_1_and_2
[2024-11-21T21:20:54.238+0000] {logging_mixin.py:190} INFO - [2024-11-21T21:20:54.238+0000] {override.py:1911} INFO - Created Permission View: can read on DAG Run:dataset_consumes_1_and_2
[2024-11-21T21:20:54.252+0000] {logging_mixin.py:190} INFO - [2024-11-21T21:20:54.252+0000] {override.py:1911} INFO - Created Permission View: menu access on DAG Run:dataset_consumes_1_and_2
[2024-11-21T21:20:54.270+0000] {logging_mixin.py:190} INFO - [2024-11-21T21:20:54.270+0000] {override.py:1911} INFO - Created Permission View: can delete on DAG:dataset_consumes_1
[2024-11-21T21:20:54.278+0000] {logging_mixin.py:190} INFO - [2024-11-21T21:20:54.278+0000] {override.py:1911} INFO - Created Permission View: can edit on DAG:dataset_consumes_1
[2024-11-21T21:20:54.287+0000] {logging_mixin.py:190} INFO - [2024-11-21T21:20:54.287+0000] {override.py:1911} INFO - Created Permission View: can read on DAG:dataset_consumes_1
[2024-11-21T21:20:54.303+0000] {logging_mixin.py:190} INFO - [2024-11-21T21:20:54.302+0000] {override.py:1911} INFO - Created Permission View: can delete on DAG Run:dataset_consumes_1
[2024-11-21T21:20:54.312+0000] {logging_mixin.py:190} INFO - [2024-11-21T21:20:54.311+0000] {override.py:1911} INFO - Created Permission View: can create on DAG Run:dataset_consumes_1
[2024-11-21T21:20:54.321+0000] {logging_mixin.py:190} INFO - [2024-11-21T21:20:54.321+0000] {override.py:1911} INFO - Created Permission View: can read on DAG Run:dataset_consumes_1
[2024-11-21T21:20:54.330+0000] {logging_mixin.py:190} INFO - [2024-11-21T21:20:54.330+0000] {override.py:1911} INFO - Created Permission View: menu access on DAG Run:dataset_consumes_1
[2024-11-21T21:20:54.347+0000] {logging_mixin.py:190} INFO - [2024-11-21T21:20:54.347+0000] {override.py:1911} INFO - Created Permission View: can delete on DAG:consume_1_and_2_with_dataset_expressions
[2024-11-21T21:20:54.355+0000] {logging_mixin.py:190} INFO - [2024-11-21T21:20:54.354+0000] {override.py:1911} INFO - Created Permission View: can edit on DAG:consume_1_and_2_with_dataset_expressions
[2024-11-21T21:20:54.362+0000] {logging_mixin.py:190} INFO - [2024-11-21T21:20:54.362+0000] {override.py:1911} INFO - Created Permission View: can read on DAG:consume_1_and_2_with_dataset_expressions
[2024-11-21T21:20:54.374+0000] {logging_mixin.py:190} INFO - [2024-11-21T21:20:54.373+0000] {override.py:1911} INFO - Created Permission View: can delete on DAG Run:consume_1_and_2_with_dataset_expressions
[2024-11-21T21:20:54.384+0000] {logging_mixin.py:190} INFO - [2024-11-21T21:20:54.384+0000] {override.py:1911} INFO - Created Permission View: can create on DAG Run:consume_1_and_2_with_dataset_expressions
[2024-11-21T21:20:54.394+0000] {logging_mixin.py:190} INFO - [2024-11-21T21:20:54.393+0000] {override.py:1911} INFO - Created Permission View: can read on DAG Run:consume_1_and_2_with_dataset_expressions
[2024-11-21T21:20:54.402+0000] {logging_mixin.py:190} INFO - [2024-11-21T21:20:54.402+0000] {override.py:1911} INFO - Created Permission View: menu access on DAG Run:consume_1_and_2_with_dataset_expressions
[2024-11-21T21:20:54.403+0000] {logging_mixin.py:190} INFO - [2024-11-21T21:20:54.403+0000] {dag.py:3239} INFO - Sync 10 DAGs
[2024-11-21T21:20:54.420+0000] {logging_mixin.py:190} INFO - [2024-11-21T21:20:54.419+0000] {dag.py:3262} INFO - Creating ORM DAG for conditional_dataset_and_time_based_timetable
[2024-11-21T21:20:54.420+0000] {logging_mixin.py:190} INFO - [2024-11-21T21:20:54.420+0000] {dag.py:3262} INFO - Creating ORM DAG for dataset_produces_2
[2024-11-21T21:20:54.421+0000] {logging_mixin.py:190} INFO - [2024-11-21T21:20:54.421+0000] {dag.py:3262} INFO - Creating ORM DAG for consume_1_or_2_with_dataset_expressions
[2024-11-21T21:20:54.422+0000] {logging_mixin.py:190} INFO - [2024-11-21T21:20:54.422+0000] {dag.py:3262} INFO - Creating ORM DAG for dataset_consumes_1_never_scheduled
[2024-11-21T21:20:54.422+0000] {logging_mixin.py:190} INFO - [2024-11-21T21:20:54.422+0000] {dag.py:3262} INFO - Creating ORM DAG for dataset_consumes_unknown_never_scheduled
[2024-11-21T21:20:54.423+0000] {logging_mixin.py:190} INFO - [2024-11-21T21:20:54.423+0000] {dag.py:3262} INFO - Creating ORM DAG for consume_1_or_both_2_and_3_with_dataset_expressions
[2024-11-21T21:20:54.424+0000] {logging_mixin.py:190} INFO - [2024-11-21T21:20:54.424+0000] {dag.py:3262} INFO - Creating ORM DAG for dataset_consumes_1
[2024-11-21T21:20:54.424+0000] {logging_mixin.py:190} INFO - [2024-11-21T21:20:54.424+0000] {dag.py:3262} INFO - Creating ORM DAG for dataset_consumes_1_and_2
[2024-11-21T21:20:54.425+0000] {logging_mixin.py:190} INFO - [2024-11-21T21:20:54.425+0000] {dag.py:3262} INFO - Creating ORM DAG for dataset_produces_1
[2024-11-21T21:20:54.426+0000] {logging_mixin.py:190} INFO - [2024-11-21T21:20:54.426+0000] {dag.py:3262} INFO - Creating ORM DAG for consume_1_and_2_with_dataset_expressions
[2024-11-21T21:20:54.441+0000] {logging_mixin.py:190} INFO - [2024-11-21T21:20:54.440+0000] {dag.py:4180} INFO - Setting next_dagrun for conditional_dataset_and_time_based_timetable to 2024-11-20 01:00:00+00:00, run_after=2024-11-20 01:00:00+00:00
[2024-11-21T21:20:54.441+0000] {logging_mixin.py:190} INFO - [2024-11-21T21:20:54.441+0000] {dag.py:4180} INFO - Setting next_dagrun for consume_1_and_2_with_dataset_expressions to None, run_after=None
[2024-11-21T21:20:54.442+0000] {logging_mixin.py:190} INFO - [2024-11-21T21:20:54.442+0000] {dag.py:4180} INFO - Setting next_dagrun for consume_1_or_2_with_dataset_expressions to None, run_after=None
[2024-11-21T21:20:54.442+0000] {logging_mixin.py:190} INFO - [2024-11-21T21:20:54.442+0000] {dag.py:4180} INFO - Setting next_dagrun for consume_1_or_both_2_and_3_with_dataset_expressions to None, run_after=None
[2024-11-21T21:20:54.443+0000] {logging_mixin.py:190} INFO - [2024-11-21T21:20:54.443+0000] {dag.py:4180} INFO - Setting next_dagrun for dataset_consumes_1 to None, run_after=None
[2024-11-21T21:20:54.443+0000] {logging_mixin.py:190} INFO - [2024-11-21T21:20:54.443+0000] {dag.py:4180} INFO - Setting next_dagrun for dataset_consumes_1_and_2 to None, run_after=None
[2024-11-21T21:20:54.444+0000] {logging_mixin.py:190} INFO - [2024-11-21T21:20:54.444+0000] {dag.py:4180} INFO - Setting next_dagrun for dataset_consumes_1_never_scheduled to None, run_after=None
[2024-11-21T21:20:54.445+0000] {logging_mixin.py:190} INFO - [2024-11-21T21:20:54.444+0000] {dag.py:4180} INFO - Setting next_dagrun for dataset_consumes_unknown_never_scheduled to None, run_after=None
[2024-11-21T21:20:54.447+0000] {logging_mixin.py:190} INFO - [2024-11-21T21:20:54.447+0000] {dag.py:4180} INFO - Setting next_dagrun for dataset_produces_1 to 2024-11-20 00:00:00+00:00, run_after=2024-11-21 00:00:00+00:00
[2024-11-21T21:20:54.447+0000] {logging_mixin.py:190} INFO - [2024-11-21T21:20:54.447+0000] {dag.py:4180} INFO - Setting next_dagrun for dataset_produces_2 to None, run_after=None
[2024-11-21T21:20:54.478+0000] {processor.py:208} INFO - Processing /root/airflow-venv/lib/python3.12/site-packages/airflow/example_dags/example_datasets.py took 1.038 seconds
[2024-11-21T21:22:00.631+0000] {processor.py:186} INFO - Started process (PID=3353) to work on /root/airflow-venv/lib/python3.12/site-packages/airflow/example_dags/example_datasets.py
[2024-11-21T21:22:00.633+0000] {processor.py:914} INFO - Processing file /root/airflow-venv/lib/python3.12/site-packages/airflow/example_dags/example_datasets.py for tasks to queue
[2024-11-21T21:22:00.638+0000] {logging_mixin.py:190} INFO - [2024-11-21T21:22:00.637+0000] {dagbag.py:588} INFO - Filling up the DagBag from /root/airflow-venv/lib/python3.12/site-packages/airflow/example_dags/example_datasets.py
[2024-11-21T21:22:00.668+0000] {processor.py:925} INFO - DAG(s) 'consume_1_or_both_2_and_3_with_dataset_expressions', 'dataset_consumes_unknown_never_scheduled', 'dataset_consumes_1', 'dataset_produces_2', 'dataset_consumes_1_never_scheduled', 'dataset_produces_1', 'consume_1_and_2_with_dataset_expressions', 'conditional_dataset_and_time_based_timetable', 'dataset_consumes_1_and_2', 'consume_1_or_2_with_dataset_expressions' retrieved from /root/airflow-venv/lib/python3.12/site-packages/airflow/example_dags/example_datasets.py
[2024-11-21T21:22:00.736+0000] {logging_mixin.py:190} INFO - [2024-11-21T21:22:00.736+0000] {dag.py:3239} INFO - Sync 10 DAGs
[2024-11-21T21:22:00.778+0000] {logging_mixin.py:190} INFO - [2024-11-21T21:22:00.777+0000] {dag.py:4180} INFO - Setting next_dagrun for conditional_dataset_and_time_based_timetable to 2024-11-20 01:00:00+00:00, run_after=2024-11-20 01:00:00+00:00
[2024-11-21T21:22:00.783+0000] {logging_mixin.py:190} INFO - [2024-11-21T21:22:00.783+0000] {dag.py:4180} INFO - Setting next_dagrun for consume_1_and_2_with_dataset_expressions to None, run_after=None
[2024-11-21T21:22:00.785+0000] {logging_mixin.py:190} INFO - [2024-11-21T21:22:00.784+0000] {dag.py:4180} INFO - Setting next_dagrun for consume_1_or_2_with_dataset_expressions to None, run_after=None
[2024-11-21T21:22:00.786+0000] {logging_mixin.py:190} INFO - [2024-11-21T21:22:00.786+0000] {dag.py:4180} INFO - Setting next_dagrun for consume_1_or_both_2_and_3_with_dataset_expressions to None, run_after=None
[2024-11-21T21:22:00.787+0000] {logging_mixin.py:190} INFO - [2024-11-21T21:22:00.787+0000] {dag.py:4180} INFO - Setting next_dagrun for dataset_consumes_1 to None, run_after=None
[2024-11-21T21:22:00.789+0000] {logging_mixin.py:190} INFO - [2024-11-21T21:22:00.789+0000] {dag.py:4180} INFO - Setting next_dagrun for dataset_consumes_1_and_2 to None, run_after=None
[2024-11-21T21:22:00.790+0000] {logging_mixin.py:190} INFO - [2024-11-21T21:22:00.790+0000] {dag.py:4180} INFO - Setting next_dagrun for dataset_consumes_1_never_scheduled to None, run_after=None
[2024-11-21T21:22:00.792+0000] {logging_mixin.py:190} INFO - [2024-11-21T21:22:00.792+0000] {dag.py:4180} INFO - Setting next_dagrun for dataset_consumes_unknown_never_scheduled to None, run_after=None
[2024-11-21T21:22:00.795+0000] {logging_mixin.py:190} INFO - [2024-11-21T21:22:00.795+0000] {dag.py:4180} INFO - Setting next_dagrun for dataset_produces_1 to 2024-11-20 00:00:00+00:00, run_after=2024-11-21 00:00:00+00:00
[2024-11-21T21:22:00.797+0000] {logging_mixin.py:190} INFO - [2024-11-21T21:22:00.797+0000] {dag.py:4180} INFO - Setting next_dagrun for dataset_produces_2 to None, run_after=None
[2024-11-21T21:22:00.851+0000] {processor.py:208} INFO - Processing /root/airflow-venv/lib/python3.12/site-packages/airflow/example_dags/example_datasets.py took 0.230 seconds
[2024-11-21T21:22:59.371+0000] {processor.py:186} INFO - Started process (PID=3410) to work on /root/airflow-venv/lib/python3.12/site-packages/airflow/example_dags/example_datasets.py
[2024-11-21T21:22:59.373+0000] {processor.py:914} INFO - Processing file /root/airflow-venv/lib/python3.12/site-packages/airflow/example_dags/example_datasets.py for tasks to queue
[2024-11-21T21:22:59.376+0000] {logging_mixin.py:190} INFO - [2024-11-21T21:22:59.376+0000] {dagbag.py:588} INFO - Filling up the DagBag from /root/airflow-venv/lib/python3.12/site-packages/airflow/example_dags/example_datasets.py
[2024-11-21T21:22:59.401+0000] {processor.py:925} INFO - DAG(s) 'consume_1_and_2_with_dataset_expressions', 'dataset_consumes_unknown_never_scheduled', 'conditional_dataset_and_time_based_timetable', 'consume_1_or_both_2_and_3_with_dataset_expressions', 'dataset_consumes_1_never_scheduled', 'dataset_produces_2', 'dataset_consumes_1_and_2', 'dataset_consumes_1', 'consume_1_or_2_with_dataset_expressions', 'dataset_produces_1' retrieved from /root/airflow-venv/lib/python3.12/site-packages/airflow/example_dags/example_datasets.py
[2024-11-21T21:22:59.449+0000] {logging_mixin.py:190} INFO - [2024-11-21T21:22:59.449+0000] {dag.py:3239} INFO - Sync 10 DAGs
[2024-11-21T21:22:59.485+0000] {logging_mixin.py:190} INFO - [2024-11-21T21:22:59.484+0000] {dag.py:4180} INFO - Setting next_dagrun for conditional_dataset_and_time_based_timetable to 2024-11-20 01:00:00+00:00, run_after=2024-11-20 01:00:00+00:00
[2024-11-21T21:22:59.490+0000] {logging_mixin.py:190} INFO - [2024-11-21T21:22:59.489+0000] {dag.py:4180} INFO - Setting next_dagrun for consume_1_and_2_with_dataset_expressions to None, run_after=None
[2024-11-21T21:22:59.491+0000] {logging_mixin.py:190} INFO - [2024-11-21T21:22:59.491+0000] {dag.py:4180} INFO - Setting next_dagrun for consume_1_or_2_with_dataset_expressions to None, run_after=None
[2024-11-21T21:22:59.492+0000] {logging_mixin.py:190} INFO - [2024-11-21T21:22:59.492+0000] {dag.py:4180} INFO - Setting next_dagrun for consume_1_or_both_2_and_3_with_dataset_expressions to None, run_after=None
[2024-11-21T21:22:59.493+0000] {logging_mixin.py:190} INFO - [2024-11-21T21:22:59.493+0000] {dag.py:4180} INFO - Setting next_dagrun for dataset_consumes_1 to None, run_after=None
[2024-11-21T21:22:59.494+0000] {logging_mixin.py:190} INFO - [2024-11-21T21:22:59.494+0000] {dag.py:4180} INFO - Setting next_dagrun for dataset_consumes_1_and_2 to None, run_after=None
[2024-11-21T21:22:59.495+0000] {logging_mixin.py:190} INFO - [2024-11-21T21:22:59.495+0000] {dag.py:4180} INFO - Setting next_dagrun for dataset_consumes_1_never_scheduled to None, run_after=None
[2024-11-21T21:22:59.497+0000] {logging_mixin.py:190} INFO - [2024-11-21T21:22:59.497+0000] {dag.py:4180} INFO - Setting next_dagrun for dataset_consumes_unknown_never_scheduled to None, run_after=None
[2024-11-21T21:22:59.500+0000] {logging_mixin.py:190} INFO - [2024-11-21T21:22:59.500+0000] {dag.py:4180} INFO - Setting next_dagrun for dataset_produces_1 to 2024-11-20 00:00:00+00:00, run_after=2024-11-21 00:00:00+00:00
[2024-11-21T21:22:59.502+0000] {logging_mixin.py:190} INFO - [2024-11-21T21:22:59.501+0000] {dag.py:4180} INFO - Setting next_dagrun for dataset_produces_2 to None, run_after=None
[2024-11-21T21:22:59.544+0000] {processor.py:208} INFO - Processing /root/airflow-venv/lib/python3.12/site-packages/airflow/example_dags/example_datasets.py took 0.183 seconds
[2024-11-21T21:23:59.685+0000] {processor.py:186} INFO - Started process (PID=3470) to work on /root/airflow-venv/lib/python3.12/site-packages/airflow/example_dags/example_datasets.py
[2024-11-21T21:23:59.687+0000] {processor.py:914} INFO - Processing file /root/airflow-venv/lib/python3.12/site-packages/airflow/example_dags/example_datasets.py for tasks to queue
[2024-11-21T21:23:59.691+0000] {logging_mixin.py:190} INFO - [2024-11-21T21:23:59.690+0000] {dagbag.py:588} INFO - Filling up the DagBag from /root/airflow-venv/lib/python3.12/site-packages/airflow/example_dags/example_datasets.py
[2024-11-21T21:23:59.718+0000] {processor.py:925} INFO - DAG(s) 'consume_1_or_2_with_dataset_expressions', 'consume_1_or_both_2_and_3_with_dataset_expressions', 'dataset_consumes_1_never_scheduled', 'conditional_dataset_and_time_based_timetable', 'dataset_produces_2', 'consume_1_and_2_with_dataset_expressions', 'dataset_consumes_1', 'dataset_consumes_1_and_2', 'dataset_produces_1', 'dataset_consumes_unknown_never_scheduled' retrieved from /root/airflow-venv/lib/python3.12/site-packages/airflow/example_dags/example_datasets.py
[2024-11-21T21:23:59.762+0000] {logging_mixin.py:190} INFO - [2024-11-21T21:23:59.762+0000] {dag.py:3239} INFO - Sync 10 DAGs
[2024-11-21T21:23:59.788+0000] {logging_mixin.py:190} INFO - [2024-11-21T21:23:59.788+0000] {dag.py:4180} INFO - Setting next_dagrun for conditional_dataset_and_time_based_timetable to 2024-11-20 01:00:00+00:00, run_after=2024-11-20 01:00:00+00:00
[2024-11-21T21:23:59.791+0000] {logging_mixin.py:190} INFO - [2024-11-21T21:23:59.791+0000] {dag.py:4180} INFO - Setting next_dagrun for consume_1_and_2_with_dataset_expressions to None, run_after=None
[2024-11-21T21:23:59.793+0000] {logging_mixin.py:190} INFO - [2024-11-21T21:23:59.792+0000] {dag.py:4180} INFO - Setting next_dagrun for consume_1_or_2_with_dataset_expressions to None, run_after=None
[2024-11-21T21:23:59.794+0000] {logging_mixin.py:190} INFO - [2024-11-21T21:23:59.793+0000] {dag.py:4180} INFO - Setting next_dagrun for consume_1_or_both_2_and_3_with_dataset_expressions to None, run_after=None
[2024-11-21T21:23:59.794+0000] {logging_mixin.py:190} INFO - [2024-11-21T21:23:59.794+0000] {dag.py:4180} INFO - Setting next_dagrun for dataset_consumes_1 to None, run_after=None
[2024-11-21T21:23:59.795+0000] {logging_mixin.py:190} INFO - [2024-11-21T21:23:59.795+0000] {dag.py:4180} INFO - Setting next_dagrun for dataset_consumes_1_and_2 to None, run_after=None
[2024-11-21T21:23:59.796+0000] {logging_mixin.py:190} INFO - [2024-11-21T21:23:59.796+0000] {dag.py:4180} INFO - Setting next_dagrun for dataset_consumes_1_never_scheduled to None, run_after=None
[2024-11-21T21:23:59.797+0000] {logging_mixin.py:190} INFO - [2024-11-21T21:23:59.797+0000] {dag.py:4180} INFO - Setting next_dagrun for dataset_consumes_unknown_never_scheduled to None, run_after=None
[2024-11-21T21:23:59.799+0000] {logging_mixin.py:190} INFO - [2024-11-21T21:23:59.799+0000] {dag.py:4180} INFO - Setting next_dagrun for dataset_produces_1 to 2024-11-20 00:00:00+00:00, run_after=2024-11-21 00:00:00+00:00
[2024-11-21T21:23:59.800+0000] {logging_mixin.py:190} INFO - [2024-11-21T21:23:59.800+0000] {dag.py:4180} INFO - Setting next_dagrun for dataset_produces_2 to None, run_after=None
[2024-11-21T21:23:59.832+0000] {processor.py:208} INFO - Processing /root/airflow-venv/lib/python3.12/site-packages/airflow/example_dags/example_datasets.py took 0.155 seconds
[2024-11-21T21:24:57.891+0000] {processor.py:186} INFO - Started process (PID=3527) to work on /root/airflow-venv/lib/python3.12/site-packages/airflow/example_dags/example_datasets.py
[2024-11-21T21:24:57.893+0000] {processor.py:914} INFO - Processing file /root/airflow-venv/lib/python3.12/site-packages/airflow/example_dags/example_datasets.py for tasks to queue
[2024-11-21T21:24:57.896+0000] {logging_mixin.py:190} INFO - [2024-11-21T21:24:57.896+0000] {dagbag.py:588} INFO - Filling up the DagBag from /root/airflow-venv/lib/python3.12/site-packages/airflow/example_dags/example_datasets.py
[2024-11-21T21:24:57.916+0000] {processor.py:925} INFO - DAG(s) 'dataset_produces_1', 'dataset_consumes_1_never_scheduled', 'dataset_consumes_unknown_never_scheduled', 'dataset_consumes_1', 'dataset_produces_2', 'consume_1_and_2_with_dataset_expressions', 'dataset_consumes_1_and_2', 'conditional_dataset_and_time_based_timetable', 'consume_1_or_2_with_dataset_expressions', 'consume_1_or_both_2_and_3_with_dataset_expressions' retrieved from /root/airflow-venv/lib/python3.12/site-packages/airflow/example_dags/example_datasets.py
[2024-11-21T21:24:57.955+0000] {logging_mixin.py:190} INFO - [2024-11-21T21:24:57.955+0000] {dag.py:3239} INFO - Sync 10 DAGs
[2024-11-21T21:24:57.983+0000] {logging_mixin.py:190} INFO - [2024-11-21T21:24:57.982+0000] {dag.py:4180} INFO - Setting next_dagrun for conditional_dataset_and_time_based_timetable to 2024-11-20 01:00:00+00:00, run_after=2024-11-20 01:00:00+00:00
[2024-11-21T21:24:57.987+0000] {logging_mixin.py:190} INFO - [2024-11-21T21:24:57.986+0000] {dag.py:4180} INFO - Setting next_dagrun for consume_1_and_2_with_dataset_expressions to None, run_after=None
[2024-11-21T21:24:57.988+0000] {logging_mixin.py:190} INFO - [2024-11-21T21:24:57.988+0000] {dag.py:4180} INFO - Setting next_dagrun for consume_1_or_2_with_dataset_expressions to None, run_after=None
[2024-11-21T21:24:57.989+0000] {logging_mixin.py:190} INFO - [2024-11-21T21:24:57.989+0000] {dag.py:4180} INFO - Setting next_dagrun for consume_1_or_both_2_and_3_with_dataset_expressions to None, run_after=None
[2024-11-21T21:24:57.989+0000] {logging_mixin.py:190} INFO - [2024-11-21T21:24:57.989+0000] {dag.py:4180} INFO - Setting next_dagrun for dataset_consumes_1 to None, run_after=None
[2024-11-21T21:24:57.990+0000] {logging_mixin.py:190} INFO - [2024-11-21T21:24:57.990+0000] {dag.py:4180} INFO - Setting next_dagrun for dataset_consumes_1_and_2 to None, run_after=None
[2024-11-21T21:24:57.991+0000] {logging_mixin.py:190} INFO - [2024-11-21T21:24:57.991+0000] {dag.py:4180} INFO - Setting next_dagrun for dataset_consumes_1_never_scheduled to None, run_after=None
[2024-11-21T21:24:57.992+0000] {logging_mixin.py:190} INFO - [2024-11-21T21:24:57.992+0000] {dag.py:4180} INFO - Setting next_dagrun for dataset_consumes_unknown_never_scheduled to None, run_after=None
[2024-11-21T21:24:57.994+0000] {logging_mixin.py:190} INFO - [2024-11-21T21:24:57.994+0000] {dag.py:4180} INFO - Setting next_dagrun for dataset_produces_1 to 2024-11-20 00:00:00+00:00, run_after=2024-11-21 00:00:00+00:00
[2024-11-21T21:24:57.995+0000] {logging_mixin.py:190} INFO - [2024-11-21T21:24:57.995+0000] {dag.py:4180} INFO - Setting next_dagrun for dataset_produces_2 to None, run_after=None
[2024-11-21T21:24:58.027+0000] {processor.py:208} INFO - Processing /root/airflow-venv/lib/python3.12/site-packages/airflow/example_dags/example_datasets.py took 0.144 seconds
[2024-11-21T21:25:58.264+0000] {processor.py:186} INFO - Started process (PID=3589) to work on /root/airflow-venv/lib/python3.12/site-packages/airflow/example_dags/example_datasets.py
[2024-11-21T21:25:58.266+0000] {processor.py:914} INFO - Processing file /root/airflow-venv/lib/python3.12/site-packages/airflow/example_dags/example_datasets.py for tasks to queue
[2024-11-21T21:25:58.269+0000] {logging_mixin.py:190} INFO - [2024-11-21T21:25:58.268+0000] {dagbag.py:588} INFO - Filling up the DagBag from /root/airflow-venv/lib/python3.12/site-packages/airflow/example_dags/example_datasets.py
[2024-11-21T21:25:58.289+0000] {processor.py:925} INFO - DAG(s) 'conditional_dataset_and_time_based_timetable', 'dataset_consumes_1', 'dataset_consumes_1_never_scheduled', 'consume_1_or_both_2_and_3_with_dataset_expressions', 'dataset_produces_2', 'dataset_consumes_1_and_2', 'consume_1_or_2_with_dataset_expressions', 'dataset_consumes_unknown_never_scheduled', 'consume_1_and_2_with_dataset_expressions', 'dataset_produces_1' retrieved from /root/airflow-venv/lib/python3.12/site-packages/airflow/example_dags/example_datasets.py
[2024-11-21T21:25:58.330+0000] {logging_mixin.py:190} INFO - [2024-11-21T21:25:58.330+0000] {dag.py:3239} INFO - Sync 10 DAGs
[2024-11-21T21:25:58.497+0000] {logging_mixin.py:190} INFO - [2024-11-21T21:25:58.497+0000] {dag.py:4180} INFO - Setting next_dagrun for conditional_dataset_and_time_based_timetable to 2024-11-20 01:00:00+00:00, run_after=2024-11-20 01:00:00+00:00
[2024-11-21T21:25:58.500+0000] {logging_mixin.py:190} INFO - [2024-11-21T21:25:58.500+0000] {dag.py:4180} INFO - Setting next_dagrun for consume_1_and_2_with_dataset_expressions to None, run_after=None
[2024-11-21T21:25:58.501+0000] {logging_mixin.py:190} INFO - [2024-11-21T21:25:58.501+0000] {dag.py:4180} INFO - Setting next_dagrun for consume_1_or_2_with_dataset_expressions to None, run_after=None
[2024-11-21T21:25:58.502+0000] {logging_mixin.py:190} INFO - [2024-11-21T21:25:58.502+0000] {dag.py:4180} INFO - Setting next_dagrun for consume_1_or_both_2_and_3_with_dataset_expressions to None, run_after=None
[2024-11-21T21:25:58.503+0000] {logging_mixin.py:190} INFO - [2024-11-21T21:25:58.503+0000] {dag.py:4180} INFO - Setting next_dagrun for dataset_consumes_1 to None, run_after=None
[2024-11-21T21:25:58.504+0000] {logging_mixin.py:190} INFO - [2024-11-21T21:25:58.504+0000] {dag.py:4180} INFO - Setting next_dagrun for dataset_consumes_1_and_2 to None, run_after=None
[2024-11-21T21:25:58.505+0000] {logging_mixin.py:190} INFO - [2024-11-21T21:25:58.505+0000] {dag.py:4180} INFO - Setting next_dagrun for dataset_consumes_1_never_scheduled to None, run_after=None
[2024-11-21T21:25:58.506+0000] {logging_mixin.py:190} INFO - [2024-11-21T21:25:58.505+0000] {dag.py:4180} INFO - Setting next_dagrun for dataset_consumes_unknown_never_scheduled to None, run_after=None
[2024-11-21T21:25:58.508+0000] {logging_mixin.py:190} INFO - [2024-11-21T21:25:58.508+0000] {dag.py:4180} INFO - Setting next_dagrun for dataset_produces_1 to 2024-11-20 00:00:00+00:00, run_after=2024-11-21 00:00:00+00:00
[2024-11-21T21:25:58.509+0000] {logging_mixin.py:190} INFO - [2024-11-21T21:25:58.509+0000] {dag.py:4180} INFO - Setting next_dagrun for dataset_produces_2 to None, run_after=None
[2024-11-21T21:25:58.538+0000] {processor.py:208} INFO - Processing /root/airflow-venv/lib/python3.12/site-packages/airflow/example_dags/example_datasets.py took 0.281 seconds
[2024-11-21T21:27:07.831+0000] {processor.py:186} INFO - Started process (PID=3652) to work on /root/airflow-venv/lib/python3.12/site-packages/airflow/example_dags/example_datasets.py
[2024-11-21T21:27:07.832+0000] {processor.py:914} INFO - Processing file /root/airflow-venv/lib/python3.12/site-packages/airflow/example_dags/example_datasets.py for tasks to queue
[2024-11-21T21:27:07.835+0000] {logging_mixin.py:190} INFO - [2024-11-21T21:27:07.835+0000] {dagbag.py:588} INFO - Filling up the DagBag from /root/airflow-venv/lib/python3.12/site-packages/airflow/example_dags/example_datasets.py
[2024-11-21T21:27:07.853+0000] {processor.py:925} INFO - DAG(s) 'dataset_produces_1', 'consume_1_or_both_2_and_3_with_dataset_expressions', 'dataset_consumes_1', 'conditional_dataset_and_time_based_timetable', 'dataset_consumes_unknown_never_scheduled', 'consume_1_or_2_with_dataset_expressions', 'consume_1_and_2_with_dataset_expressions', 'dataset_consumes_1_and_2', 'dataset_produces_2', 'dataset_consumes_1_never_scheduled' retrieved from /root/airflow-venv/lib/python3.12/site-packages/airflow/example_dags/example_datasets.py
[2024-11-21T21:27:07.891+0000] {logging_mixin.py:190} INFO - [2024-11-21T21:27:07.891+0000] {dag.py:3239} INFO - Sync 10 DAGs
[2024-11-21T21:27:07.916+0000] {logging_mixin.py:190} INFO - [2024-11-21T21:27:07.915+0000] {dag.py:4180} INFO - Setting next_dagrun for conditional_dataset_and_time_based_timetable to 2024-11-20 01:00:00+00:00, run_after=2024-11-20 01:00:00+00:00
[2024-11-21T21:27:07.921+0000] {logging_mixin.py:190} INFO - [2024-11-21T21:27:07.920+0000] {dag.py:4180} INFO - Setting next_dagrun for consume_1_and_2_with_dataset_expressions to None, run_after=None
[2024-11-21T21:27:07.922+0000] {logging_mixin.py:190} INFO - [2024-11-21T21:27:07.921+0000] {dag.py:4180} INFO - Setting next_dagrun for consume_1_or_2_with_dataset_expressions to None, run_after=None
[2024-11-21T21:27:07.922+0000] {logging_mixin.py:190} INFO - [2024-11-21T21:27:07.922+0000] {dag.py:4180} INFO - Setting next_dagrun for consume_1_or_both_2_and_3_with_dataset_expressions to None, run_after=None
[2024-11-21T21:27:07.923+0000] {logging_mixin.py:190} INFO - [2024-11-21T21:27:07.923+0000] {dag.py:4180} INFO - Setting next_dagrun for dataset_consumes_1 to None, run_after=None
[2024-11-21T21:27:07.924+0000] {logging_mixin.py:190} INFO - [2024-11-21T21:27:07.924+0000] {dag.py:4180} INFO - Setting next_dagrun for dataset_consumes_1_and_2 to None, run_after=None
[2024-11-21T21:27:07.924+0000] {logging_mixin.py:190} INFO - [2024-11-21T21:27:07.924+0000] {dag.py:4180} INFO - Setting next_dagrun for dataset_consumes_1_never_scheduled to None, run_after=None
[2024-11-21T21:27:07.925+0000] {logging_mixin.py:190} INFO - [2024-11-21T21:27:07.925+0000] {dag.py:4180} INFO - Setting next_dagrun for dataset_consumes_unknown_never_scheduled to None, run_after=None
[2024-11-21T21:27:07.927+0000] {logging_mixin.py:190} INFO - [2024-11-21T21:27:07.927+0000] {dag.py:4180} INFO - Setting next_dagrun for dataset_produces_1 to 2024-11-20 00:00:00+00:00, run_after=2024-11-21 00:00:00+00:00
[2024-11-21T21:27:07.928+0000] {logging_mixin.py:190} INFO - [2024-11-21T21:27:07.928+0000] {dag.py:4180} INFO - Setting next_dagrun for dataset_produces_2 to None, run_after=None
[2024-11-21T21:27:07.960+0000] {processor.py:208} INFO - Processing /root/airflow-venv/lib/python3.12/site-packages/airflow/example_dags/example_datasets.py took 0.136 seconds
[2024-11-21T21:28:05.071+0000] {processor.py:186} INFO - Started process (PID=3711) to work on /root/airflow-venv/lib/python3.12/site-packages/airflow/example_dags/example_datasets.py
[2024-11-21T21:28:05.073+0000] {processor.py:914} INFO - Processing file /root/airflow-venv/lib/python3.12/site-packages/airflow/example_dags/example_datasets.py for tasks to queue
[2024-11-21T21:28:05.076+0000] {logging_mixin.py:190} INFO - [2024-11-21T21:28:05.075+0000] {dagbag.py:588} INFO - Filling up the DagBag from /root/airflow-venv/lib/python3.12/site-packages/airflow/example_dags/example_datasets.py
[2024-11-21T21:28:05.096+0000] {processor.py:925} INFO - DAG(s) 'dataset_consumes_unknown_never_scheduled', 'dataset_produces_1', 'dataset_consumes_1', 'consume_1_or_both_2_and_3_with_dataset_expressions', 'conditional_dataset_and_time_based_timetable', 'dataset_produces_2', 'consume_1_and_2_with_dataset_expressions', 'consume_1_or_2_with_dataset_expressions', 'dataset_consumes_1_and_2', 'dataset_consumes_1_never_scheduled' retrieved from /root/airflow-venv/lib/python3.12/site-packages/airflow/example_dags/example_datasets.py
[2024-11-21T21:28:05.152+0000] {logging_mixin.py:190} INFO - [2024-11-21T21:28:05.152+0000] {dag.py:3239} INFO - Sync 10 DAGs
[2024-11-21T21:28:05.190+0000] {logging_mixin.py:190} INFO - [2024-11-21T21:28:05.189+0000] {dag.py:4180} INFO - Setting next_dagrun for conditional_dataset_and_time_based_timetable to 2024-11-20 01:00:00+00:00, run_after=2024-11-20 01:00:00+00:00
[2024-11-21T21:28:05.195+0000] {logging_mixin.py:190} INFO - [2024-11-21T21:28:05.194+0000] {dag.py:4180} INFO - Setting next_dagrun for consume_1_and_2_with_dataset_expressions to None, run_after=None
[2024-11-21T21:28:05.196+0000] {logging_mixin.py:190} INFO - [2024-11-21T21:28:05.196+0000] {dag.py:4180} INFO - Setting next_dagrun for consume_1_or_2_with_dataset_expressions to None, run_after=None
[2024-11-21T21:28:05.197+0000] {logging_mixin.py:190} INFO - [2024-11-21T21:28:05.197+0000] {dag.py:4180} INFO - Setting next_dagrun for consume_1_or_both_2_and_3_with_dataset_expressions to None, run_after=None
[2024-11-21T21:28:05.199+0000] {logging_mixin.py:190} INFO - [2024-11-21T21:28:05.199+0000] {dag.py:4180} INFO - Setting next_dagrun for dataset_consumes_1 to None, run_after=None
[2024-11-21T21:28:05.200+0000] {logging_mixin.py:190} INFO - [2024-11-21T21:28:05.200+0000] {dag.py:4180} INFO - Setting next_dagrun for dataset_consumes_1_and_2 to None, run_after=None
[2024-11-21T21:28:05.202+0000] {logging_mixin.py:190} INFO - [2024-11-21T21:28:05.201+0000] {dag.py:4180} INFO - Setting next_dagrun for dataset_consumes_1_never_scheduled to None, run_after=None
[2024-11-21T21:28:05.203+0000] {logging_mixin.py:190} INFO - [2024-11-21T21:28:05.202+0000] {dag.py:4180} INFO - Setting next_dagrun for dataset_consumes_unknown_never_scheduled to None, run_after=None
[2024-11-21T21:28:05.205+0000] {logging_mixin.py:190} INFO - [2024-11-21T21:28:05.205+0000] {dag.py:4180} INFO - Setting next_dagrun for dataset_produces_1 to 2024-11-20 00:00:00+00:00, run_after=2024-11-21 00:00:00+00:00
[2024-11-21T21:28:05.207+0000] {logging_mixin.py:190} INFO - [2024-11-21T21:28:05.206+0000] {dag.py:4180} INFO - Setting next_dagrun for dataset_produces_2 to None, run_after=None
[2024-11-21T21:28:05.255+0000] {processor.py:208} INFO - Processing /root/airflow-venv/lib/python3.12/site-packages/airflow/example_dags/example_datasets.py took 0.192 seconds
[2024-11-21T21:29:00.534+0000] {processor.py:186} INFO - Started process (PID=3768) to work on /root/airflow-venv/lib/python3.12/site-packages/airflow/example_dags/example_datasets.py
[2024-11-21T21:29:00.536+0000] {processor.py:914} INFO - Processing file /root/airflow-venv/lib/python3.12/site-packages/airflow/example_dags/example_datasets.py for tasks to queue
[2024-11-21T21:29:00.540+0000] {logging_mixin.py:190} INFO - [2024-11-21T21:29:00.539+0000] {dagbag.py:588} INFO - Filling up the DagBag from /root/airflow-venv/lib/python3.12/site-packages/airflow/example_dags/example_datasets.py
[2024-11-21T21:29:00.568+0000] {processor.py:925} INFO - DAG(s) 'consume_1_or_2_with_dataset_expressions', 'dataset_consumes_unknown_never_scheduled', 'dataset_consumes_1_and_2', 'dataset_produces_2', 'dataset_produces_1', 'consume_1_or_both_2_and_3_with_dataset_expressions', 'conditional_dataset_and_time_based_timetable', 'consume_1_and_2_with_dataset_expressions', 'dataset_consumes_1_never_scheduled', 'dataset_consumes_1' retrieved from /root/airflow-venv/lib/python3.12/site-packages/airflow/example_dags/example_datasets.py
[2024-11-21T21:29:00.624+0000] {logging_mixin.py:190} INFO - [2024-11-21T21:29:00.624+0000] {dag.py:3239} INFO - Sync 10 DAGs
[2024-11-21T21:29:00.656+0000] {logging_mixin.py:190} INFO - [2024-11-21T21:29:00.656+0000] {dag.py:4180} INFO - Setting next_dagrun for conditional_dataset_and_time_based_timetable to 2024-11-20 01:00:00+00:00, run_after=2024-11-20 01:00:00+00:00
[2024-11-21T21:29:00.661+0000] {logging_mixin.py:190} INFO - [2024-11-21T21:29:00.661+0000] {dag.py:4180} INFO - Setting next_dagrun for consume_1_and_2_with_dataset_expressions to None, run_after=None
[2024-11-21T21:29:00.662+0000] {logging_mixin.py:190} INFO - [2024-11-21T21:29:00.662+0000] {dag.py:4180} INFO - Setting next_dagrun for consume_1_or_2_with_dataset_expressions to None, run_after=None
[2024-11-21T21:29:00.663+0000] {logging_mixin.py:190} INFO - [2024-11-21T21:29:00.663+0000] {dag.py:4180} INFO - Setting next_dagrun for consume_1_or_both_2_and_3_with_dataset_expressions to None, run_after=None
[2024-11-21T21:29:00.664+0000] {logging_mixin.py:190} INFO - [2024-11-21T21:29:00.664+0000] {dag.py:4180} INFO - Setting next_dagrun for dataset_consumes_1 to None, run_after=None
[2024-11-21T21:29:00.665+0000] {logging_mixin.py:190} INFO - [2024-11-21T21:29:00.665+0000] {dag.py:4180} INFO - Setting next_dagrun for dataset_consumes_1_and_2 to None, run_after=None
[2024-11-21T21:29:00.666+0000] {logging_mixin.py:190} INFO - [2024-11-21T21:29:00.665+0000] {dag.py:4180} INFO - Setting next_dagrun for dataset_consumes_1_never_scheduled to None, run_after=None
[2024-11-21T21:29:00.666+0000] {logging_mixin.py:190} INFO - [2024-11-21T21:29:00.666+0000] {dag.py:4180} INFO - Setting next_dagrun for dataset_consumes_unknown_never_scheduled to None, run_after=None
[2024-11-21T21:29:00.669+0000] {logging_mixin.py:190} INFO - [2024-11-21T21:29:00.668+0000] {dag.py:4180} INFO - Setting next_dagrun for dataset_produces_1 to 2024-11-20 00:00:00+00:00, run_after=2024-11-21 00:00:00+00:00
[2024-11-21T21:29:00.670+0000] {logging_mixin.py:190} INFO - [2024-11-21T21:29:00.670+0000] {dag.py:4180} INFO - Setting next_dagrun for dataset_produces_2 to None, run_after=None
[2024-11-21T21:29:00.710+0000] {processor.py:208} INFO - Processing /root/airflow-venv/lib/python3.12/site-packages/airflow/example_dags/example_datasets.py took 0.185 seconds
[2024-11-21T21:29:55.593+0000] {processor.py:186} INFO - Started process (PID=3882) to work on /root/airflow-venv/lib/python3.12/site-packages/airflow/example_dags/example_datasets.py
[2024-11-21T21:29:55.595+0000] {processor.py:914} INFO - Processing file /root/airflow-venv/lib/python3.12/site-packages/airflow/example_dags/example_datasets.py for tasks to queue
[2024-11-21T21:29:55.598+0000] {logging_mixin.py:190} INFO - [2024-11-21T21:29:55.598+0000] {dagbag.py:588} INFO - Filling up the DagBag from /root/airflow-venv/lib/python3.12/site-packages/airflow/example_dags/example_datasets.py
[2024-11-21T21:29:55.620+0000] {processor.py:925} INFO - DAG(s) 'consume_1_or_both_2_and_3_with_dataset_expressions', 'dataset_consumes_unknown_never_scheduled', 'dataset_consumes_1_never_scheduled', 'dataset_produces_2', 'consume_1_and_2_with_dataset_expressions', 'dataset_produces_1', 'dataset_consumes_1', 'consume_1_or_2_with_dataset_expressions', 'conditional_dataset_and_time_based_timetable', 'dataset_consumes_1_and_2' retrieved from /root/airflow-venv/lib/python3.12/site-packages/airflow/example_dags/example_datasets.py
[2024-11-21T21:29:55.661+0000] {logging_mixin.py:190} INFO - [2024-11-21T21:29:55.661+0000] {dag.py:3239} INFO - Sync 10 DAGs
[2024-11-21T21:29:55.691+0000] {logging_mixin.py:190} INFO - [2024-11-21T21:29:55.691+0000] {dag.py:4180} INFO - Setting next_dagrun for conditional_dataset_and_time_based_timetable to 2024-11-20 01:00:00+00:00, run_after=2024-11-20 01:00:00+00:00
[2024-11-21T21:29:55.694+0000] {logging_mixin.py:190} INFO - [2024-11-21T21:29:55.694+0000] {dag.py:4180} INFO - Setting next_dagrun for consume_1_and_2_with_dataset_expressions to None, run_after=None
[2024-11-21T21:29:55.695+0000] {logging_mixin.py:190} INFO - [2024-11-21T21:29:55.695+0000] {dag.py:4180} INFO - Setting next_dagrun for consume_1_or_2_with_dataset_expressions to None, run_after=None
[2024-11-21T21:29:55.696+0000] {logging_mixin.py:190} INFO - [2024-11-21T21:29:55.696+0000] {dag.py:4180} INFO - Setting next_dagrun for consume_1_or_both_2_and_3_with_dataset_expressions to None, run_after=None
[2024-11-21T21:29:55.697+0000] {logging_mixin.py:190} INFO - [2024-11-21T21:29:55.697+0000] {dag.py:4180} INFO - Setting next_dagrun for dataset_consumes_1 to None, run_after=None
[2024-11-21T21:29:55.698+0000] {logging_mixin.py:190} INFO - [2024-11-21T21:29:55.698+0000] {dag.py:4180} INFO - Setting next_dagrun for dataset_consumes_1_and_2 to None, run_after=None
[2024-11-21T21:29:55.699+0000] {logging_mixin.py:190} INFO - [2024-11-21T21:29:55.699+0000] {dag.py:4180} INFO - Setting next_dagrun for dataset_consumes_1_never_scheduled to None, run_after=None
[2024-11-21T21:29:55.700+0000] {logging_mixin.py:190} INFO - [2024-11-21T21:29:55.700+0000] {dag.py:4180} INFO - Setting next_dagrun for dataset_consumes_unknown_never_scheduled to None, run_after=None
[2024-11-21T21:29:55.702+0000] {logging_mixin.py:190} INFO - [2024-11-21T21:29:55.702+0000] {dag.py:4180} INFO - Setting next_dagrun for dataset_produces_1 to 2024-11-20 00:00:00+00:00, run_after=2024-11-21 00:00:00+00:00
[2024-11-21T21:29:55.703+0000] {logging_mixin.py:190} INFO - [2024-11-21T21:29:55.703+0000] {dag.py:4180} INFO - Setting next_dagrun for dataset_produces_2 to None, run_after=None
[2024-11-21T21:29:55.739+0000] {processor.py:208} INFO - Processing /root/airflow-venv/lib/python3.12/site-packages/airflow/example_dags/example_datasets.py took 0.154 seconds
[2024-11-21T21:30:48.634+0000] {processor.py:186} INFO - Started process (PID=3948) to work on /root/airflow-venv/lib/python3.12/site-packages/airflow/example_dags/example_datasets.py
[2024-11-21T21:30:48.635+0000] {processor.py:914} INFO - Processing file /root/airflow-venv/lib/python3.12/site-packages/airflow/example_dags/example_datasets.py for tasks to queue
[2024-11-21T21:30:48.638+0000] {logging_mixin.py:190} INFO - [2024-11-21T21:30:48.638+0000] {dagbag.py:588} INFO - Filling up the DagBag from /root/airflow-venv/lib/python3.12/site-packages/airflow/example_dags/example_datasets.py
[2024-11-21T21:30:48.654+0000] {processor.py:925} INFO - DAG(s) 'dataset_consumes_unknown_never_scheduled', 'consume_1_or_both_2_and_3_with_dataset_expressions', 'consume_1_or_2_with_dataset_expressions', 'consume_1_and_2_with_dataset_expressions', 'dataset_produces_2', 'dataset_produces_1', 'dataset_consumes_1_never_scheduled', 'dataset_consumes_1', 'conditional_dataset_and_time_based_timetable', 'dataset_consumes_1_and_2' retrieved from /root/airflow-venv/lib/python3.12/site-packages/airflow/example_dags/example_datasets.py
[2024-11-21T21:30:48.689+0000] {logging_mixin.py:190} INFO - [2024-11-21T21:30:48.688+0000] {dag.py:3239} INFO - Sync 10 DAGs
[2024-11-21T21:30:48.712+0000] {logging_mixin.py:190} INFO - [2024-11-21T21:30:48.711+0000] {dag.py:4180} INFO - Setting next_dagrun for conditional_dataset_and_time_based_timetable to 2024-11-20 01:00:00+00:00, run_after=2024-11-20 01:00:00+00:00
[2024-11-21T21:30:48.715+0000] {logging_mixin.py:190} INFO - [2024-11-21T21:30:48.714+0000] {dag.py:4180} INFO - Setting next_dagrun for consume_1_and_2_with_dataset_expressions to None, run_after=None
[2024-11-21T21:30:48.717+0000] {logging_mixin.py:190} INFO - [2024-11-21T21:30:48.717+0000] {dag.py:4180} INFO - Setting next_dagrun for consume_1_or_2_with_dataset_expressions to None, run_after=None
[2024-11-21T21:30:48.718+0000] {logging_mixin.py:190} INFO - [2024-11-21T21:30:48.718+0000] {dag.py:4180} INFO - Setting next_dagrun for consume_1_or_both_2_and_3_with_dataset_expressions to None, run_after=None
[2024-11-21T21:30:48.718+0000] {logging_mixin.py:190} INFO - [2024-11-21T21:30:48.718+0000] {dag.py:4180} INFO - Setting next_dagrun for dataset_consumes_1 to None, run_after=None
[2024-11-21T21:30:48.719+0000] {logging_mixin.py:190} INFO - [2024-11-21T21:30:48.719+0000] {dag.py:4180} INFO - Setting next_dagrun for dataset_consumes_1_and_2 to None, run_after=None
[2024-11-21T21:30:48.720+0000] {logging_mixin.py:190} INFO - [2024-11-21T21:30:48.720+0000] {dag.py:4180} INFO - Setting next_dagrun for dataset_consumes_1_never_scheduled to None, run_after=None
[2024-11-21T21:30:48.720+0000] {logging_mixin.py:190} INFO - [2024-11-21T21:30:48.720+0000] {dag.py:4180} INFO - Setting next_dagrun for dataset_consumes_unknown_never_scheduled to None, run_after=None
[2024-11-21T21:30:48.722+0000] {logging_mixin.py:190} INFO - [2024-11-21T21:30:48.722+0000] {dag.py:4180} INFO - Setting next_dagrun for dataset_produces_1 to 2024-11-20 00:00:00+00:00, run_after=2024-11-21 00:00:00+00:00
[2024-11-21T21:30:48.723+0000] {logging_mixin.py:190} INFO - [2024-11-21T21:30:48.723+0000] {dag.py:4180} INFO - Setting next_dagrun for dataset_produces_2 to None, run_after=None
[2024-11-21T21:30:48.750+0000] {processor.py:208} INFO - Processing /root/airflow-venv/lib/python3.12/site-packages/airflow/example_dags/example_datasets.py took 0.122 seconds
