[2024-11-21T21:20:11.653+0000] {processor.py:186} INFO - Started process (PID=3186) to work on /root/airflow-venv/lib/python3.12/site-packages/airflow/example_dags/example_time_delta_sensor_async.py
[2024-11-21T21:20:11.654+0000] {processor.py:914} INFO - Processing file /root/airflow-venv/lib/python3.12/site-packages/airflow/example_dags/example_time_delta_sensor_async.py for tasks to queue
[2024-11-21T21:20:11.660+0000] {logging_mixin.py:190} INFO - [2024-11-21T21:20:11.660+0000] {dagbag.py:588} INFO - Filling up the DagBag from /root/airflow-venv/lib/python3.12/site-packages/airflow/example_dags/example_time_delta_sensor_async.py
[2024-11-21T21:20:11.677+0000] {processor.py:925} INFO - DAG(s) 'example_time_delta_sensor_async' retrieved from /root/airflow-venv/lib/python3.12/site-packages/airflow/example_dags/example_time_delta_sensor_async.py
[2024-11-21T21:20:11.816+0000] {logging_mixin.py:190} INFO - [2024-11-21T21:20:11.815+0000] {override.py:1911} INFO - Created Permission View: can delete on DAG:example_time_delta_sensor_async
[2024-11-21T21:20:11.834+0000] {logging_mixin.py:190} INFO - [2024-11-21T21:20:11.834+0000] {override.py:1911} INFO - Created Permission View: can edit on DAG:example_time_delta_sensor_async
[2024-11-21T21:20:11.850+0000] {logging_mixin.py:190} INFO - [2024-11-21T21:20:11.850+0000] {override.py:1911} INFO - Created Permission View: can read on DAG:example_time_delta_sensor_async
[2024-11-21T21:20:11.869+0000] {logging_mixin.py:190} INFO - [2024-11-21T21:20:11.868+0000] {override.py:1911} INFO - Created Permission View: can delete on DAG Run:example_time_delta_sensor_async
[2024-11-21T21:20:11.880+0000] {logging_mixin.py:190} INFO - [2024-11-21T21:20:11.880+0000] {override.py:1911} INFO - Created Permission View: can create on DAG Run:example_time_delta_sensor_async
[2024-11-21T21:20:11.891+0000] {logging_mixin.py:190} INFO - [2024-11-21T21:20:11.891+0000] {override.py:1911} INFO - Created Permission View: can read on DAG Run:example_time_delta_sensor_async
[2024-11-21T21:20:11.904+0000] {logging_mixin.py:190} INFO - [2024-11-21T21:20:11.904+0000] {override.py:1911} INFO - Created Permission View: menu access on DAG Run:example_time_delta_sensor_async
[2024-11-21T21:20:11.905+0000] {logging_mixin.py:190} INFO - [2024-11-21T21:20:11.904+0000] {dag.py:3239} INFO - Sync 1 DAGs
[2024-11-21T21:20:11.928+0000] {logging_mixin.py:190} INFO - [2024-11-21T21:20:11.927+0000] {dag.py:3262} INFO - Creating ORM DAG for example_time_delta_sensor_async
[2024-11-21T21:20:11.928+0000] {logging_mixin.py:190} INFO - [2024-11-21T21:20:11.928+0000] {dag.py:4180} INFO - Setting next_dagrun for example_time_delta_sensor_async to None, run_after=None
[2024-11-21T21:20:11.959+0000] {processor.py:208} INFO - Processing /root/airflow-venv/lib/python3.12/site-packages/airflow/example_dags/example_time_delta_sensor_async.py took 0.319 seconds
[2024-11-21T21:20:27.555+0000] {processor.py:186} INFO - Started process (PID=3234) to work on /root/airflow-venv/lib/python3.12/site-packages/airflow/example_dags/example_time_delta_sensor_async.py
[2024-11-21T21:20:27.556+0000] {processor.py:914} INFO - Processing file /root/airflow-venv/lib/python3.12/site-packages/airflow/example_dags/example_time_delta_sensor_async.py for tasks to queue
[2024-11-21T21:20:27.559+0000] {logging_mixin.py:190} INFO - [2024-11-21T21:20:27.558+0000] {dagbag.py:588} INFO - Filling up the DagBag from /root/airflow-venv/lib/python3.12/site-packages/airflow/example_dags/example_time_delta_sensor_async.py
[2024-11-21T21:20:27.568+0000] {processor.py:925} INFO - DAG(s) 'example_time_delta_sensor_async' retrieved from /root/airflow-venv/lib/python3.12/site-packages/airflow/example_dags/example_time_delta_sensor_async.py
[2024-11-21T21:20:27.580+0000] {logging_mixin.py:190} INFO - [2024-11-21T21:20:27.580+0000] {dag.py:3239} INFO - Sync 1 DAGs
[2024-11-21T21:20:27.596+0000] {logging_mixin.py:190} INFO - [2024-11-21T21:20:27.595+0000] {dag.py:4180} INFO - Setting next_dagrun for example_time_delta_sensor_async to None, run_after=None
[2024-11-21T21:20:27.622+0000] {processor.py:208} INFO - Processing /root/airflow-venv/lib/python3.12/site-packages/airflow/example_dags/example_time_delta_sensor_async.py took 0.074 seconds
[2024-11-21T21:21:20.814+0000] {processor.py:186} INFO - Started process (PID=3315) to work on /root/airflow-venv/lib/python3.12/site-packages/airflow/example_dags/example_time_delta_sensor_async.py
[2024-11-21T21:21:20.816+0000] {processor.py:914} INFO - Processing file /root/airflow-venv/lib/python3.12/site-packages/airflow/example_dags/example_time_delta_sensor_async.py for tasks to queue
[2024-11-21T21:21:20.819+0000] {logging_mixin.py:190} INFO - [2024-11-21T21:21:20.818+0000] {dagbag.py:588} INFO - Filling up the DagBag from /root/airflow-venv/lib/python3.12/site-packages/airflow/example_dags/example_time_delta_sensor_async.py
[2024-11-21T21:21:20.831+0000] {processor.py:925} INFO - DAG(s) 'example_time_delta_sensor_async' retrieved from /root/airflow-venv/lib/python3.12/site-packages/airflow/example_dags/example_time_delta_sensor_async.py
[2024-11-21T21:21:20.853+0000] {logging_mixin.py:190} INFO - [2024-11-21T21:21:20.853+0000] {dag.py:3239} INFO - Sync 1 DAGs
[2024-11-21T21:21:20.867+0000] {logging_mixin.py:190} INFO - [2024-11-21T21:21:20.867+0000] {dag.py:4180} INFO - Setting next_dagrun for example_time_delta_sensor_async to None, run_after=None
[2024-11-21T21:21:20.893+0000] {processor.py:208} INFO - Processing /root/airflow-venv/lib/python3.12/site-packages/airflow/example_dags/example_time_delta_sensor_async.py took 0.086 seconds
[2024-11-21T21:22:22.023+0000] {processor.py:186} INFO - Started process (PID=3373) to work on /root/airflow-venv/lib/python3.12/site-packages/airflow/example_dags/example_time_delta_sensor_async.py
[2024-11-21T21:22:22.025+0000] {processor.py:914} INFO - Processing file /root/airflow-venv/lib/python3.12/site-packages/airflow/example_dags/example_time_delta_sensor_async.py for tasks to queue
[2024-11-21T21:22:22.029+0000] {logging_mixin.py:190} INFO - [2024-11-21T21:22:22.028+0000] {dagbag.py:588} INFO - Filling up the DagBag from /root/airflow-venv/lib/python3.12/site-packages/airflow/example_dags/example_time_delta_sensor_async.py
[2024-11-21T21:22:22.039+0000] {processor.py:925} INFO - DAG(s) 'example_time_delta_sensor_async' retrieved from /root/airflow-venv/lib/python3.12/site-packages/airflow/example_dags/example_time_delta_sensor_async.py
[2024-11-21T21:22:22.062+0000] {logging_mixin.py:190} INFO - [2024-11-21T21:22:22.061+0000] {dag.py:3239} INFO - Sync 1 DAGs
[2024-11-21T21:22:22.078+0000] {logging_mixin.py:190} INFO - [2024-11-21T21:22:22.078+0000] {dag.py:4180} INFO - Setting next_dagrun for example_time_delta_sensor_async to None, run_after=None
[2024-11-21T21:22:22.104+0000] {processor.py:208} INFO - Processing /root/airflow-venv/lib/python3.12/site-packages/airflow/example_dags/example_time_delta_sensor_async.py took 0.090 seconds
[2024-11-21T21:23:20.892+0000] {processor.py:186} INFO - Started process (PID=3433) to work on /root/airflow-venv/lib/python3.12/site-packages/airflow/example_dags/example_time_delta_sensor_async.py
[2024-11-21T21:23:20.894+0000] {processor.py:914} INFO - Processing file /root/airflow-venv/lib/python3.12/site-packages/airflow/example_dags/example_time_delta_sensor_async.py for tasks to queue
[2024-11-21T21:23:20.897+0000] {logging_mixin.py:190} INFO - [2024-11-21T21:23:20.896+0000] {dagbag.py:588} INFO - Filling up the DagBag from /root/airflow-venv/lib/python3.12/site-packages/airflow/example_dags/example_time_delta_sensor_async.py
[2024-11-21T21:23:20.906+0000] {processor.py:925} INFO - DAG(s) 'example_time_delta_sensor_async' retrieved from /root/airflow-venv/lib/python3.12/site-packages/airflow/example_dags/example_time_delta_sensor_async.py
[2024-11-21T21:23:20.926+0000] {logging_mixin.py:190} INFO - [2024-11-21T21:23:20.926+0000] {dag.py:3239} INFO - Sync 1 DAGs
[2024-11-21T21:23:20.943+0000] {logging_mixin.py:190} INFO - [2024-11-21T21:23:20.943+0000] {dag.py:4180} INFO - Setting next_dagrun for example_time_delta_sensor_async to None, run_after=None
[2024-11-21T21:23:20.967+0000] {processor.py:208} INFO - Processing /root/airflow-venv/lib/python3.12/site-packages/airflow/example_dags/example_time_delta_sensor_async.py took 0.084 seconds
[2024-11-21T21:24:20.416+0000] {processor.py:186} INFO - Started process (PID=3490) to work on /root/airflow-venv/lib/python3.12/site-packages/airflow/example_dags/example_time_delta_sensor_async.py
[2024-11-21T21:24:20.419+0000] {processor.py:914} INFO - Processing file /root/airflow-venv/lib/python3.12/site-packages/airflow/example_dags/example_time_delta_sensor_async.py for tasks to queue
[2024-11-21T21:24:20.425+0000] {logging_mixin.py:190} INFO - [2024-11-21T21:24:20.424+0000] {dagbag.py:588} INFO - Filling up the DagBag from /root/airflow-venv/lib/python3.12/site-packages/airflow/example_dags/example_time_delta_sensor_async.py
[2024-11-21T21:24:20.439+0000] {processor.py:925} INFO - DAG(s) 'example_time_delta_sensor_async' retrieved from /root/airflow-venv/lib/python3.12/site-packages/airflow/example_dags/example_time_delta_sensor_async.py
[2024-11-21T21:24:20.462+0000] {logging_mixin.py:190} INFO - [2024-11-21T21:24:20.461+0000] {dag.py:3239} INFO - Sync 1 DAGs
[2024-11-21T21:24:20.479+0000] {logging_mixin.py:190} INFO - [2024-11-21T21:24:20.479+0000] {dag.py:4180} INFO - Setting next_dagrun for example_time_delta_sensor_async to None, run_after=None
[2024-11-21T21:24:20.507+0000] {processor.py:208} INFO - Processing /root/airflow-venv/lib/python3.12/site-packages/airflow/example_dags/example_time_delta_sensor_async.py took 0.103 seconds
[2024-11-21T21:25:15.622+0000] {processor.py:186} INFO - Started process (PID=3548) to work on /root/airflow-venv/lib/python3.12/site-packages/airflow/example_dags/example_time_delta_sensor_async.py
[2024-11-21T21:25:15.624+0000] {processor.py:914} INFO - Processing file /root/airflow-venv/lib/python3.12/site-packages/airflow/example_dags/example_time_delta_sensor_async.py for tasks to queue
[2024-11-21T21:25:15.627+0000] {logging_mixin.py:190} INFO - [2024-11-21T21:25:15.626+0000] {dagbag.py:588} INFO - Filling up the DagBag from /root/airflow-venv/lib/python3.12/site-packages/airflow/example_dags/example_time_delta_sensor_async.py
[2024-11-21T21:25:15.635+0000] {processor.py:925} INFO - DAG(s) 'example_time_delta_sensor_async' retrieved from /root/airflow-venv/lib/python3.12/site-packages/airflow/example_dags/example_time_delta_sensor_async.py
[2024-11-21T21:25:15.655+0000] {logging_mixin.py:190} INFO - [2024-11-21T21:25:15.654+0000] {dag.py:3239} INFO - Sync 1 DAGs
[2024-11-21T21:25:15.670+0000] {logging_mixin.py:190} INFO - [2024-11-21T21:25:15.670+0000] {dag.py:4180} INFO - Setting next_dagrun for example_time_delta_sensor_async to None, run_after=None
[2024-11-21T21:25:15.695+0000] {processor.py:208} INFO - Processing /root/airflow-venv/lib/python3.12/site-packages/airflow/example_dags/example_time_delta_sensor_async.py took 0.080 seconds
[2024-11-21T21:26:19.362+0000] {processor.py:186} INFO - Started process (PID=3608) to work on /root/airflow-venv/lib/python3.12/site-packages/airflow/example_dags/example_time_delta_sensor_async.py
[2024-11-21T21:26:19.364+0000] {processor.py:914} INFO - Processing file /root/airflow-venv/lib/python3.12/site-packages/airflow/example_dags/example_time_delta_sensor_async.py for tasks to queue
[2024-11-21T21:26:19.368+0000] {logging_mixin.py:190} INFO - [2024-11-21T21:26:19.368+0000] {dagbag.py:588} INFO - Filling up the DagBag from /root/airflow-venv/lib/python3.12/site-packages/airflow/example_dags/example_time_delta_sensor_async.py
[2024-11-21T21:26:19.379+0000] {processor.py:925} INFO - DAG(s) 'example_time_delta_sensor_async' retrieved from /root/airflow-venv/lib/python3.12/site-packages/airflow/example_dags/example_time_delta_sensor_async.py
[2024-11-21T21:26:19.400+0000] {logging_mixin.py:190} INFO - [2024-11-21T21:26:19.399+0000] {dag.py:3239} INFO - Sync 1 DAGs
[2024-11-21T21:26:19.558+0000] {logging_mixin.py:190} INFO - [2024-11-21T21:26:19.558+0000] {dag.py:4180} INFO - Setting next_dagrun for example_time_delta_sensor_async to None, run_after=None
[2024-11-21T21:26:19.577+0000] {processor.py:208} INFO - Processing /root/airflow-venv/lib/python3.12/site-packages/airflow/example_dags/example_time_delta_sensor_async.py took 0.223 seconds
[2024-11-21T21:27:24.387+0000] {processor.py:186} INFO - Started process (PID=3668) to work on /root/airflow-venv/lib/python3.12/site-packages/airflow/example_dags/example_time_delta_sensor_async.py
[2024-11-21T21:27:24.389+0000] {processor.py:914} INFO - Processing file /root/airflow-venv/lib/python3.12/site-packages/airflow/example_dags/example_time_delta_sensor_async.py for tasks to queue
[2024-11-21T21:27:24.393+0000] {logging_mixin.py:190} INFO - [2024-11-21T21:27:24.392+0000] {dagbag.py:588} INFO - Filling up the DagBag from /root/airflow-venv/lib/python3.12/site-packages/airflow/example_dags/example_time_delta_sensor_async.py
[2024-11-21T21:27:24.403+0000] {processor.py:925} INFO - DAG(s) 'example_time_delta_sensor_async' retrieved from /root/airflow-venv/lib/python3.12/site-packages/airflow/example_dags/example_time_delta_sensor_async.py
[2024-11-21T21:27:24.424+0000] {logging_mixin.py:190} INFO - [2024-11-21T21:27:24.424+0000] {dag.py:3239} INFO - Sync 1 DAGs
[2024-11-21T21:27:24.440+0000] {logging_mixin.py:190} INFO - [2024-11-21T21:27:24.440+0000] {dag.py:4180} INFO - Setting next_dagrun for example_time_delta_sensor_async to None, run_after=None
[2024-11-21T21:27:24.470+0000] {processor.py:208} INFO - Processing /root/airflow-venv/lib/python3.12/site-packages/airflow/example_dags/example_time_delta_sensor_async.py took 0.091 seconds
[2024-11-21T21:28:19.058+0000] {processor.py:186} INFO - Started process (PID=3727) to work on /root/airflow-venv/lib/python3.12/site-packages/airflow/example_dags/example_time_delta_sensor_async.py
[2024-11-21T21:28:19.060+0000] {processor.py:914} INFO - Processing file /root/airflow-venv/lib/python3.12/site-packages/airflow/example_dags/example_time_delta_sensor_async.py for tasks to queue
[2024-11-21T21:28:19.062+0000] {logging_mixin.py:190} INFO - [2024-11-21T21:28:19.062+0000] {dagbag.py:588} INFO - Filling up the DagBag from /root/airflow-venv/lib/python3.12/site-packages/airflow/example_dags/example_time_delta_sensor_async.py
[2024-11-21T21:28:19.071+0000] {processor.py:925} INFO - DAG(s) 'example_time_delta_sensor_async' retrieved from /root/airflow-venv/lib/python3.12/site-packages/airflow/example_dags/example_time_delta_sensor_async.py
[2024-11-21T21:28:19.090+0000] {logging_mixin.py:190} INFO - [2024-11-21T21:28:19.090+0000] {dag.py:3239} INFO - Sync 1 DAGs
[2024-11-21T21:28:19.104+0000] {logging_mixin.py:190} INFO - [2024-11-21T21:28:19.104+0000] {dag.py:4180} INFO - Setting next_dagrun for example_time_delta_sensor_async to None, run_after=None
[2024-11-21T21:28:19.127+0000] {processor.py:208} INFO - Processing /root/airflow-venv/lib/python3.12/site-packages/airflow/example_dags/example_time_delta_sensor_async.py took 0.076 seconds
[2024-11-21T21:29:15.915+0000] {processor.py:186} INFO - Started process (PID=3790) to work on /root/airflow-venv/lib/python3.12/site-packages/airflow/example_dags/example_time_delta_sensor_async.py
[2024-11-21T21:29:15.916+0000] {processor.py:914} INFO - Processing file /root/airflow-venv/lib/python3.12/site-packages/airflow/example_dags/example_time_delta_sensor_async.py for tasks to queue
[2024-11-21T21:29:15.919+0000] {logging_mixin.py:190} INFO - [2024-11-21T21:29:15.918+0000] {dagbag.py:588} INFO - Filling up the DagBag from /root/airflow-venv/lib/python3.12/site-packages/airflow/example_dags/example_time_delta_sensor_async.py
[2024-11-21T21:29:15.927+0000] {processor.py:925} INFO - DAG(s) 'example_time_delta_sensor_async' retrieved from /root/airflow-venv/lib/python3.12/site-packages/airflow/example_dags/example_time_delta_sensor_async.py
[2024-11-21T21:29:15.945+0000] {logging_mixin.py:190} INFO - [2024-11-21T21:29:15.944+0000] {dag.py:3239} INFO - Sync 1 DAGs
[2024-11-21T21:29:15.958+0000] {logging_mixin.py:190} INFO - [2024-11-21T21:29:15.958+0000] {dag.py:4180} INFO - Setting next_dagrun for example_time_delta_sensor_async to None, run_after=None
[2024-11-21T21:29:15.981+0000] {processor.py:208} INFO - Processing /root/airflow-venv/lib/python3.12/site-packages/airflow/example_dags/example_time_delta_sensor_async.py took 0.073 seconds
[2024-11-21T21:30:10.083+0000] {processor.py:186} INFO - Started process (PID=3904) to work on /root/airflow-venv/lib/python3.12/site-packages/airflow/example_dags/example_time_delta_sensor_async.py
[2024-11-21T21:30:10.084+0000] {processor.py:914} INFO - Processing file /root/airflow-venv/lib/python3.12/site-packages/airflow/example_dags/example_time_delta_sensor_async.py for tasks to queue
[2024-11-21T21:30:10.087+0000] {logging_mixin.py:190} INFO - [2024-11-21T21:30:10.087+0000] {dagbag.py:588} INFO - Filling up the DagBag from /root/airflow-venv/lib/python3.12/site-packages/airflow/example_dags/example_time_delta_sensor_async.py
[2024-11-21T21:30:10.097+0000] {processor.py:925} INFO - DAG(s) 'example_time_delta_sensor_async' retrieved from /root/airflow-venv/lib/python3.12/site-packages/airflow/example_dags/example_time_delta_sensor_async.py
[2024-11-21T21:30:10.118+0000] {logging_mixin.py:190} INFO - [2024-11-21T21:30:10.118+0000] {dag.py:3239} INFO - Sync 1 DAGs
[2024-11-21T21:30:10.136+0000] {logging_mixin.py:190} INFO - [2024-11-21T21:30:10.135+0000] {dag.py:4180} INFO - Setting next_dagrun for example_time_delta_sensor_async to None, run_after=None
[2024-11-21T21:30:10.162+0000] {processor.py:208} INFO - Processing /root/airflow-venv/lib/python3.12/site-packages/airflow/example_dags/example_time_delta_sensor_async.py took 0.088 seconds
[2024-11-21T21:31:01.973+0000] {processor.py:186} INFO - Started process (PID=3960) to work on /root/airflow-venv/lib/python3.12/site-packages/airflow/example_dags/example_time_delta_sensor_async.py
[2024-11-21T21:31:01.975+0000] {processor.py:914} INFO - Processing file /root/airflow-venv/lib/python3.12/site-packages/airflow/example_dags/example_time_delta_sensor_async.py for tasks to queue
[2024-11-21T21:31:01.978+0000] {logging_mixin.py:190} INFO - [2024-11-21T21:31:01.977+0000] {dagbag.py:588} INFO - Filling up the DagBag from /root/airflow-venv/lib/python3.12/site-packages/airflow/example_dags/example_time_delta_sensor_async.py
[2024-11-21T21:31:01.988+0000] {processor.py:925} INFO - DAG(s) 'example_time_delta_sensor_async' retrieved from /root/airflow-venv/lib/python3.12/site-packages/airflow/example_dags/example_time_delta_sensor_async.py
[2024-11-21T21:31:02.009+0000] {logging_mixin.py:190} INFO - [2024-11-21T21:31:02.009+0000] {dag.py:3239} INFO - Sync 1 DAGs
[2024-11-21T21:31:02.025+0000] {logging_mixin.py:190} INFO - [2024-11-21T21:31:02.024+0000] {dag.py:4180} INFO - Setting next_dagrun for example_time_delta_sensor_async to None, run_after=None
[2024-11-21T21:31:02.050+0000] {processor.py:208} INFO - Processing /root/airflow-venv/lib/python3.12/site-packages/airflow/example_dags/example_time_delta_sensor_async.py took 0.085 seconds
