[2024-11-21T21:20:14.474+0000] {processor.py:186} INFO - Started process (PID=3200) to work on /root/airflow-venv/lib/python3.12/site-packages/airflow/example_dags/example_trigger_target_dag.py
[2024-11-21T21:20:14.475+0000] {processor.py:914} INFO - Processing file /root/airflow-venv/lib/python3.12/site-packages/airflow/example_dags/example_trigger_target_dag.py for tasks to queue
[2024-11-21T21:20:14.477+0000] {logging_mixin.py:190} INFO - [2024-11-21T21:20:14.477+0000] {dagbag.py:588} INFO - Filling up the DagBag from /root/airflow-venv/lib/python3.12/site-packages/airflow/example_dags/example_trigger_target_dag.py
[2024-11-21T21:20:14.487+0000] {processor.py:925} INFO - DAG(s) 'example_trigger_target_dag' retrieved from /root/airflow-venv/lib/python3.12/site-packages/airflow/example_dags/example_trigger_target_dag.py
[2024-11-21T21:20:14.612+0000] {logging_mixin.py:190} INFO - [2024-11-21T21:20:14.611+0000] {override.py:1911} INFO - Created Permission View: can delete on DAG:example_trigger_target_dag
[2024-11-21T21:20:14.627+0000] {logging_mixin.py:190} INFO - [2024-11-21T21:20:14.626+0000] {override.py:1911} INFO - Created Permission View: can edit on DAG:example_trigger_target_dag
[2024-11-21T21:20:14.636+0000] {logging_mixin.py:190} INFO - [2024-11-21T21:20:14.636+0000] {override.py:1911} INFO - Created Permission View: can read on DAG:example_trigger_target_dag
[2024-11-21T21:20:14.652+0000] {logging_mixin.py:190} INFO - [2024-11-21T21:20:14.652+0000] {override.py:1911} INFO - Created Permission View: can delete on DAG Run:example_trigger_target_dag
[2024-11-21T21:20:14.687+0000] {logging_mixin.py:190} INFO - [2024-11-21T21:20:14.686+0000] {override.py:1911} INFO - Created Permission View: can create on DAG Run:example_trigger_target_dag
[2024-11-21T21:20:14.700+0000] {logging_mixin.py:190} INFO - [2024-11-21T21:20:14.699+0000] {override.py:1911} INFO - Created Permission View: can read on DAG Run:example_trigger_target_dag
[2024-11-21T21:20:14.715+0000] {logging_mixin.py:190} INFO - [2024-11-21T21:20:14.714+0000] {override.py:1911} INFO - Created Permission View: menu access on DAG Run:example_trigger_target_dag
[2024-11-21T21:20:14.715+0000] {logging_mixin.py:190} INFO - [2024-11-21T21:20:14.715+0000] {dag.py:3239} INFO - Sync 1 DAGs
[2024-11-21T21:20:14.730+0000] {logging_mixin.py:190} INFO - [2024-11-21T21:20:14.730+0000] {dag.py:3262} INFO - Creating ORM DAG for example_trigger_target_dag
[2024-11-21T21:20:14.731+0000] {logging_mixin.py:190} INFO - [2024-11-21T21:20:14.731+0000] {dag.py:4180} INFO - Setting next_dagrun for example_trigger_target_dag to None, run_after=None
[2024-11-21T21:20:14.784+0000] {processor.py:208} INFO - Processing /root/airflow-venv/lib/python3.12/site-packages/airflow/example_dags/example_trigger_target_dag.py took 0.315 seconds
[2024-11-21T21:20:29.004+0000] {processor.py:186} INFO - Started process (PID=3237) to work on /root/airflow-venv/lib/python3.12/site-packages/airflow/example_dags/example_trigger_target_dag.py
[2024-11-21T21:20:29.005+0000] {processor.py:914} INFO - Processing file /root/airflow-venv/lib/python3.12/site-packages/airflow/example_dags/example_trigger_target_dag.py for tasks to queue
[2024-11-21T21:20:29.007+0000] {logging_mixin.py:190} INFO - [2024-11-21T21:20:29.007+0000] {dagbag.py:588} INFO - Filling up the DagBag from /root/airflow-venv/lib/python3.12/site-packages/airflow/example_dags/example_trigger_target_dag.py
[2024-11-21T21:20:29.019+0000] {processor.py:925} INFO - DAG(s) 'example_trigger_target_dag' retrieved from /root/airflow-venv/lib/python3.12/site-packages/airflow/example_dags/example_trigger_target_dag.py
[2024-11-21T21:20:29.032+0000] {logging_mixin.py:190} INFO - [2024-11-21T21:20:29.031+0000] {dag.py:3239} INFO - Sync 1 DAGs
[2024-11-21T21:20:29.048+0000] {logging_mixin.py:190} INFO - [2024-11-21T21:20:29.047+0000] {dag.py:4180} INFO - Setting next_dagrun for example_trigger_target_dag to None, run_after=None
[2024-11-21T21:20:29.073+0000] {processor.py:208} INFO - Processing /root/airflow-venv/lib/python3.12/site-packages/airflow/example_dags/example_trigger_target_dag.py took 0.076 seconds
[2024-11-21T21:21:23.117+0000] {processor.py:186} INFO - Started process (PID=3317) to work on /root/airflow-venv/lib/python3.12/site-packages/airflow/example_dags/example_trigger_target_dag.py
[2024-11-21T21:21:23.119+0000] {processor.py:914} INFO - Processing file /root/airflow-venv/lib/python3.12/site-packages/airflow/example_dags/example_trigger_target_dag.py for tasks to queue
[2024-11-21T21:21:23.122+0000] {logging_mixin.py:190} INFO - [2024-11-21T21:21:23.122+0000] {dagbag.py:588} INFO - Filling up the DagBag from /root/airflow-venv/lib/python3.12/site-packages/airflow/example_dags/example_trigger_target_dag.py
[2024-11-21T21:21:23.135+0000] {processor.py:925} INFO - DAG(s) 'example_trigger_target_dag' retrieved from /root/airflow-venv/lib/python3.12/site-packages/airflow/example_dags/example_trigger_target_dag.py
[2024-11-21T21:21:23.155+0000] {logging_mixin.py:190} INFO - [2024-11-21T21:21:23.155+0000] {dag.py:3239} INFO - Sync 1 DAGs
[2024-11-21T21:21:23.169+0000] {logging_mixin.py:190} INFO - [2024-11-21T21:21:23.169+0000] {dag.py:4180} INFO - Setting next_dagrun for example_trigger_target_dag to None, run_after=None
[2024-11-21T21:21:23.191+0000] {processor.py:208} INFO - Processing /root/airflow-venv/lib/python3.12/site-packages/airflow/example_dags/example_trigger_target_dag.py took 0.081 seconds
[2024-11-21T21:22:23.854+0000] {processor.py:186} INFO - Started process (PID=3375) to work on /root/airflow-venv/lib/python3.12/site-packages/airflow/example_dags/example_trigger_target_dag.py
[2024-11-21T21:22:23.855+0000] {processor.py:914} INFO - Processing file /root/airflow-venv/lib/python3.12/site-packages/airflow/example_dags/example_trigger_target_dag.py for tasks to queue
[2024-11-21T21:22:23.859+0000] {logging_mixin.py:190} INFO - [2024-11-21T21:22:23.858+0000] {dagbag.py:588} INFO - Filling up the DagBag from /root/airflow-venv/lib/python3.12/site-packages/airflow/example_dags/example_trigger_target_dag.py
[2024-11-21T21:22:23.873+0000] {processor.py:925} INFO - DAG(s) 'example_trigger_target_dag' retrieved from /root/airflow-venv/lib/python3.12/site-packages/airflow/example_dags/example_trigger_target_dag.py
[2024-11-21T21:22:23.898+0000] {logging_mixin.py:190} INFO - [2024-11-21T21:22:23.898+0000] {dag.py:3239} INFO - Sync 1 DAGs
[2024-11-21T21:22:23.917+0000] {logging_mixin.py:190} INFO - [2024-11-21T21:22:23.916+0000] {dag.py:4180} INFO - Setting next_dagrun for example_trigger_target_dag to None, run_after=None
[2024-11-21T21:22:23.941+0000] {processor.py:208} INFO - Processing /root/airflow-venv/lib/python3.12/site-packages/airflow/example_dags/example_trigger_target_dag.py took 0.095 seconds
[2024-11-21T21:23:23.183+0000] {processor.py:186} INFO - Started process (PID=3435) to work on /root/airflow-venv/lib/python3.12/site-packages/airflow/example_dags/example_trigger_target_dag.py
[2024-11-21T21:23:23.184+0000] {processor.py:914} INFO - Processing file /root/airflow-venv/lib/python3.12/site-packages/airflow/example_dags/example_trigger_target_dag.py for tasks to queue
[2024-11-21T21:23:23.188+0000] {logging_mixin.py:190} INFO - [2024-11-21T21:23:23.187+0000] {dagbag.py:588} INFO - Filling up the DagBag from /root/airflow-venv/lib/python3.12/site-packages/airflow/example_dags/example_trigger_target_dag.py
[2024-11-21T21:23:23.199+0000] {processor.py:925} INFO - DAG(s) 'example_trigger_target_dag' retrieved from /root/airflow-venv/lib/python3.12/site-packages/airflow/example_dags/example_trigger_target_dag.py
[2024-11-21T21:23:23.222+0000] {logging_mixin.py:190} INFO - [2024-11-21T21:23:23.222+0000] {dag.py:3239} INFO - Sync 1 DAGs
[2024-11-21T21:23:23.241+0000] {logging_mixin.py:190} INFO - [2024-11-21T21:23:23.241+0000] {dag.py:4180} INFO - Setting next_dagrun for example_trigger_target_dag to None, run_after=None
[2024-11-21T21:23:23.264+0000] {processor.py:208} INFO - Processing /root/airflow-venv/lib/python3.12/site-packages/airflow/example_dags/example_trigger_target_dag.py took 0.091 seconds
[2024-11-21T21:24:21.967+0000] {processor.py:186} INFO - Started process (PID=3492) to work on /root/airflow-venv/lib/python3.12/site-packages/airflow/example_dags/example_trigger_target_dag.py
[2024-11-21T21:24:21.969+0000] {processor.py:914} INFO - Processing file /root/airflow-venv/lib/python3.12/site-packages/airflow/example_dags/example_trigger_target_dag.py for tasks to queue
[2024-11-21T21:24:21.972+0000] {logging_mixin.py:190} INFO - [2024-11-21T21:24:21.971+0000] {dagbag.py:588} INFO - Filling up the DagBag from /root/airflow-venv/lib/python3.12/site-packages/airflow/example_dags/example_trigger_target_dag.py
[2024-11-21T21:24:21.984+0000] {processor.py:925} INFO - DAG(s) 'example_trigger_target_dag' retrieved from /root/airflow-venv/lib/python3.12/site-packages/airflow/example_dags/example_trigger_target_dag.py
[2024-11-21T21:24:22.007+0000] {logging_mixin.py:190} INFO - [2024-11-21T21:24:22.006+0000] {dag.py:3239} INFO - Sync 1 DAGs
[2024-11-21T21:24:22.023+0000] {logging_mixin.py:190} INFO - [2024-11-21T21:24:22.022+0000] {dag.py:4180} INFO - Setting next_dagrun for example_trigger_target_dag to None, run_after=None
[2024-11-21T21:24:22.052+0000] {processor.py:208} INFO - Processing /root/airflow-venv/lib/python3.12/site-packages/airflow/example_dags/example_trigger_target_dag.py took 0.094 seconds
[2024-11-21T21:25:17.919+0000] {processor.py:186} INFO - Started process (PID=3551) to work on /root/airflow-venv/lib/python3.12/site-packages/airflow/example_dags/example_trigger_target_dag.py
[2024-11-21T21:25:17.921+0000] {processor.py:914} INFO - Processing file /root/airflow-venv/lib/python3.12/site-packages/airflow/example_dags/example_trigger_target_dag.py for tasks to queue
[2024-11-21T21:25:17.923+0000] {logging_mixin.py:190} INFO - [2024-11-21T21:25:17.923+0000] {dagbag.py:588} INFO - Filling up the DagBag from /root/airflow-venv/lib/python3.12/site-packages/airflow/example_dags/example_trigger_target_dag.py
[2024-11-21T21:25:17.933+0000] {processor.py:925} INFO - DAG(s) 'example_trigger_target_dag' retrieved from /root/airflow-venv/lib/python3.12/site-packages/airflow/example_dags/example_trigger_target_dag.py
[2024-11-21T21:25:17.952+0000] {logging_mixin.py:190} INFO - [2024-11-21T21:25:17.952+0000] {dag.py:3239} INFO - Sync 1 DAGs
[2024-11-21T21:25:17.965+0000] {logging_mixin.py:190} INFO - [2024-11-21T21:25:17.965+0000] {dag.py:4180} INFO - Setting next_dagrun for example_trigger_target_dag to None, run_after=None
[2024-11-21T21:25:17.987+0000] {processor.py:208} INFO - Processing /root/airflow-venv/lib/python3.12/site-packages/airflow/example_dags/example_trigger_target_dag.py took 0.075 seconds
[2024-11-21T21:26:22.022+0000] {processor.py:186} INFO - Started process (PID=3610) to work on /root/airflow-venv/lib/python3.12/site-packages/airflow/example_dags/example_trigger_target_dag.py
[2024-11-21T21:26:22.023+0000] {processor.py:914} INFO - Processing file /root/airflow-venv/lib/python3.12/site-packages/airflow/example_dags/example_trigger_target_dag.py for tasks to queue
[2024-11-21T21:26:22.026+0000] {logging_mixin.py:190} INFO - [2024-11-21T21:26:22.026+0000] {dagbag.py:588} INFO - Filling up the DagBag from /root/airflow-venv/lib/python3.12/site-packages/airflow/example_dags/example_trigger_target_dag.py
[2024-11-21T21:26:22.036+0000] {processor.py:925} INFO - DAG(s) 'example_trigger_target_dag' retrieved from /root/airflow-venv/lib/python3.12/site-packages/airflow/example_dags/example_trigger_target_dag.py
[2024-11-21T21:26:22.059+0000] {logging_mixin.py:190} INFO - [2024-11-21T21:26:22.058+0000] {dag.py:3239} INFO - Sync 1 DAGs
[2024-11-21T21:26:22.220+0000] {logging_mixin.py:190} INFO - [2024-11-21T21:26:22.220+0000] {dag.py:4180} INFO - Setting next_dagrun for example_trigger_target_dag to None, run_after=None
[2024-11-21T21:26:22.239+0000] {processor.py:208} INFO - Processing /root/airflow-venv/lib/python3.12/site-packages/airflow/example_dags/example_trigger_target_dag.py took 0.226 seconds
[2024-11-21T21:27:26.801+0000] {processor.py:186} INFO - Started process (PID=3670) to work on /root/airflow-venv/lib/python3.12/site-packages/airflow/example_dags/example_trigger_target_dag.py
[2024-11-21T21:27:26.804+0000] {processor.py:914} INFO - Processing file /root/airflow-venv/lib/python3.12/site-packages/airflow/example_dags/example_trigger_target_dag.py for tasks to queue
[2024-11-21T21:27:26.808+0000] {logging_mixin.py:190} INFO - [2024-11-21T21:27:26.807+0000] {dagbag.py:588} INFO - Filling up the DagBag from /root/airflow-venv/lib/python3.12/site-packages/airflow/example_dags/example_trigger_target_dag.py
[2024-11-21T21:27:26.820+0000] {processor.py:925} INFO - DAG(s) 'example_trigger_target_dag' retrieved from /root/airflow-venv/lib/python3.12/site-packages/airflow/example_dags/example_trigger_target_dag.py
[2024-11-21T21:27:26.842+0000] {logging_mixin.py:190} INFO - [2024-11-21T21:27:26.842+0000] {dag.py:3239} INFO - Sync 1 DAGs
[2024-11-21T21:27:26.859+0000] {logging_mixin.py:190} INFO - [2024-11-21T21:27:26.859+0000] {dag.py:4180} INFO - Setting next_dagrun for example_trigger_target_dag to None, run_after=None
[2024-11-21T21:27:26.886+0000] {processor.py:208} INFO - Processing /root/airflow-venv/lib/python3.12/site-packages/airflow/example_dags/example_trigger_target_dag.py took 0.093 seconds
[2024-11-21T21:28:21.354+0000] {processor.py:186} INFO - Started process (PID=3729) to work on /root/airflow-venv/lib/python3.12/site-packages/airflow/example_dags/example_trigger_target_dag.py
[2024-11-21T21:28:21.356+0000] {processor.py:914} INFO - Processing file /root/airflow-venv/lib/python3.12/site-packages/airflow/example_dags/example_trigger_target_dag.py for tasks to queue
[2024-11-21T21:28:21.359+0000] {logging_mixin.py:190} INFO - [2024-11-21T21:28:21.359+0000] {dagbag.py:588} INFO - Filling up the DagBag from /root/airflow-venv/lib/python3.12/site-packages/airflow/example_dags/example_trigger_target_dag.py
[2024-11-21T21:28:21.371+0000] {processor.py:925} INFO - DAG(s) 'example_trigger_target_dag' retrieved from /root/airflow-venv/lib/python3.12/site-packages/airflow/example_dags/example_trigger_target_dag.py
[2024-11-21T21:28:21.389+0000] {logging_mixin.py:190} INFO - [2024-11-21T21:28:21.389+0000] {dag.py:3239} INFO - Sync 1 DAGs
[2024-11-21T21:28:21.402+0000] {logging_mixin.py:190} INFO - [2024-11-21T21:28:21.402+0000] {dag.py:4180} INFO - Setting next_dagrun for example_trigger_target_dag to None, run_after=None
[2024-11-21T21:28:21.424+0000] {processor.py:208} INFO - Processing /root/airflow-venv/lib/python3.12/site-packages/airflow/example_dags/example_trigger_target_dag.py took 0.079 seconds
[2024-11-21T21:29:17.429+0000] {processor.py:186} INFO - Started process (PID=3795) to work on /root/airflow-venv/lib/python3.12/site-packages/airflow/example_dags/example_trigger_target_dag.py
[2024-11-21T21:29:17.431+0000] {processor.py:914} INFO - Processing file /root/airflow-venv/lib/python3.12/site-packages/airflow/example_dags/example_trigger_target_dag.py for tasks to queue
[2024-11-21T21:29:17.434+0000] {logging_mixin.py:190} INFO - [2024-11-21T21:29:17.434+0000] {dagbag.py:588} INFO - Filling up the DagBag from /root/airflow-venv/lib/python3.12/site-packages/airflow/example_dags/example_trigger_target_dag.py
[2024-11-21T21:29:17.444+0000] {processor.py:925} INFO - DAG(s) 'example_trigger_target_dag' retrieved from /root/airflow-venv/lib/python3.12/site-packages/airflow/example_dags/example_trigger_target_dag.py
[2024-11-21T21:29:17.463+0000] {logging_mixin.py:190} INFO - [2024-11-21T21:29:17.462+0000] {dag.py:3239} INFO - Sync 1 DAGs
[2024-11-21T21:29:17.477+0000] {logging_mixin.py:190} INFO - [2024-11-21T21:29:17.477+0000] {dag.py:4180} INFO - Setting next_dagrun for example_trigger_target_dag to None, run_after=None
[2024-11-21T21:29:17.500+0000] {processor.py:208} INFO - Processing /root/airflow-venv/lib/python3.12/site-packages/airflow/example_dags/example_trigger_target_dag.py took 0.077 seconds
[2024-11-21T21:30:11.762+0000] {processor.py:186} INFO - Started process (PID=3906) to work on /root/airflow-venv/lib/python3.12/site-packages/airflow/example_dags/example_trigger_target_dag.py
[2024-11-21T21:30:11.764+0000] {processor.py:914} INFO - Processing file /root/airflow-venv/lib/python3.12/site-packages/airflow/example_dags/example_trigger_target_dag.py for tasks to queue
[2024-11-21T21:30:11.767+0000] {logging_mixin.py:190} INFO - [2024-11-21T21:30:11.767+0000] {dagbag.py:588} INFO - Filling up the DagBag from /root/airflow-venv/lib/python3.12/site-packages/airflow/example_dags/example_trigger_target_dag.py
[2024-11-21T21:30:11.778+0000] {processor.py:925} INFO - DAG(s) 'example_trigger_target_dag' retrieved from /root/airflow-venv/lib/python3.12/site-packages/airflow/example_dags/example_trigger_target_dag.py
[2024-11-21T21:30:11.797+0000] {logging_mixin.py:190} INFO - [2024-11-21T21:30:11.796+0000] {dag.py:3239} INFO - Sync 1 DAGs
[2024-11-21T21:30:11.812+0000] {logging_mixin.py:190} INFO - [2024-11-21T21:30:11.812+0000] {dag.py:4180} INFO - Setting next_dagrun for example_trigger_target_dag to None, run_after=None
[2024-11-21T21:30:11.835+0000] {processor.py:208} INFO - Processing /root/airflow-venv/lib/python3.12/site-packages/airflow/example_dags/example_trigger_target_dag.py took 0.079 seconds
[2024-11-21T21:31:03.880+0000] {processor.py:186} INFO - Started process (PID=3962) to work on /root/airflow-venv/lib/python3.12/site-packages/airflow/example_dags/example_trigger_target_dag.py
[2024-11-21T21:31:03.881+0000] {processor.py:914} INFO - Processing file /root/airflow-venv/lib/python3.12/site-packages/airflow/example_dags/example_trigger_target_dag.py for tasks to queue
[2024-11-21T21:31:03.885+0000] {logging_mixin.py:190} INFO - [2024-11-21T21:31:03.883+0000] {dagbag.py:588} INFO - Filling up the DagBag from /root/airflow-venv/lib/python3.12/site-packages/airflow/example_dags/example_trigger_target_dag.py
[2024-11-21T21:31:03.895+0000] {processor.py:925} INFO - DAG(s) 'example_trigger_target_dag' retrieved from /root/airflow-venv/lib/python3.12/site-packages/airflow/example_dags/example_trigger_target_dag.py
[2024-11-21T21:31:03.915+0000] {logging_mixin.py:190} INFO - [2024-11-21T21:31:03.914+0000] {dag.py:3239} INFO - Sync 1 DAGs
[2024-11-21T21:31:03.930+0000] {logging_mixin.py:190} INFO - [2024-11-21T21:31:03.930+0000] {dag.py:4180} INFO - Setting next_dagrun for example_trigger_target_dag to None, run_after=None
[2024-11-21T21:31:03.960+0000] {processor.py:208} INFO - Processing /root/airflow-venv/lib/python3.12/site-packages/airflow/example_dags/example_trigger_target_dag.py took 0.088 seconds
