[2024-11-21T21:21:02.528+0000] {processor.py:186} INFO - Started process (PID=3293) to work on /root/airflow-venv/lib/python3.12/site-packages/airflow/example_dags/example_bash_operator.py
[2024-11-21T21:21:02.529+0000] {processor.py:914} INFO - Processing file /root/airflow-venv/lib/python3.12/site-packages/airflow/example_dags/example_bash_operator.py for tasks to queue
[2024-11-21T21:21:02.531+0000] {logging_mixin.py:190} INFO - [2024-11-21T21:21:02.531+0000] {dagbag.py:588} INFO - Filling up the DagBag from /root/airflow-venv/lib/python3.12/site-packages/airflow/example_dags/example_bash_operator.py
[2024-11-21T21:21:02.547+0000] {processor.py:925} INFO - DAG(s) 'example_bash_operator' retrieved from /root/airflow-venv/lib/python3.12/site-packages/airflow/example_dags/example_bash_operator.py
[2024-11-21T21:21:02.669+0000] {logging_mixin.py:190} INFO - [2024-11-21T21:21:02.668+0000] {override.py:1911} INFO - Created Permission View: can delete on DAG:example_bash_operator
[2024-11-21T21:21:02.680+0000] {logging_mixin.py:190} INFO - [2024-11-21T21:21:02.679+0000] {override.py:1911} INFO - Created Permission View: can edit on DAG:example_bash_operator
[2024-11-21T21:21:02.691+0000] {logging_mixin.py:190} INFO - [2024-11-21T21:21:02.691+0000] {override.py:1911} INFO - Created Permission View: can read on DAG:example_bash_operator
[2024-11-21T21:21:02.704+0000] {logging_mixin.py:190} INFO - [2024-11-21T21:21:02.703+0000] {override.py:1911} INFO - Created Permission View: can delete on DAG Run:example_bash_operator
[2024-11-21T21:21:02.718+0000] {logging_mixin.py:190} INFO - [2024-11-21T21:21:02.717+0000] {override.py:1911} INFO - Created Permission View: can create on DAG Run:example_bash_operator
[2024-11-21T21:21:02.726+0000] {logging_mixin.py:190} INFO - [2024-11-21T21:21:02.725+0000] {override.py:1911} INFO - Created Permission View: can read on DAG Run:example_bash_operator
[2024-11-21T21:21:02.735+0000] {logging_mixin.py:190} INFO - [2024-11-21T21:21:02.734+0000] {override.py:1911} INFO - Created Permission View: menu access on DAG Run:example_bash_operator
[2024-11-21T21:21:02.735+0000] {logging_mixin.py:190} INFO - [2024-11-21T21:21:02.735+0000] {dag.py:3239} INFO - Sync 1 DAGs
[2024-11-21T21:21:02.748+0000] {logging_mixin.py:190} INFO - [2024-11-21T21:21:02.748+0000] {dag.py:3262} INFO - Creating ORM DAG for example_bash_operator
[2024-11-21T21:21:02.757+0000] {logging_mixin.py:190} INFO - [2024-11-21T21:21:02.757+0000] {dag.py:4180} INFO - Setting next_dagrun for example_bash_operator to 2024-11-20 00:00:00+00:00, run_after=2024-11-21 00:00:00+00:00
[2024-11-21T21:21:02.775+0000] {processor.py:208} INFO - Processing /root/airflow-venv/lib/python3.12/site-packages/airflow/example_dags/example_bash_operator.py took 0.254 seconds
[2024-11-21T21:22:08.294+0000] {processor.py:186} INFO - Started process (PID=3360) to work on /root/airflow-venv/lib/python3.12/site-packages/airflow/example_dags/example_bash_operator.py
[2024-11-21T21:22:08.295+0000] {processor.py:914} INFO - Processing file /root/airflow-venv/lib/python3.12/site-packages/airflow/example_dags/example_bash_operator.py for tasks to queue
[2024-11-21T21:22:08.298+0000] {logging_mixin.py:190} INFO - [2024-11-21T21:22:08.297+0000] {dagbag.py:588} INFO - Filling up the DagBag from /root/airflow-venv/lib/python3.12/site-packages/airflow/example_dags/example_bash_operator.py
[2024-11-21T21:22:08.313+0000] {processor.py:925} INFO - DAG(s) 'example_bash_operator' retrieved from /root/airflow-venv/lib/python3.12/site-packages/airflow/example_dags/example_bash_operator.py
[2024-11-21T21:22:08.338+0000] {logging_mixin.py:190} INFO - [2024-11-21T21:22:08.338+0000] {dag.py:3239} INFO - Sync 1 DAGs
[2024-11-21T21:22:08.360+0000] {logging_mixin.py:190} INFO - [2024-11-21T21:22:08.360+0000] {dag.py:4180} INFO - Setting next_dagrun for example_bash_operator to 2024-11-20 00:00:00+00:00, run_after=2024-11-21 00:00:00+00:00
[2024-11-21T21:22:08.381+0000] {processor.py:208} INFO - Processing /root/airflow-venv/lib/python3.12/site-packages/airflow/example_dags/example_bash_operator.py took 0.095 seconds
[2024-11-21T21:23:07.939+0000] {processor.py:186} INFO - Started process (PID=3417) to work on /root/airflow-venv/lib/python3.12/site-packages/airflow/example_dags/example_bash_operator.py
[2024-11-21T21:23:07.941+0000] {processor.py:914} INFO - Processing file /root/airflow-venv/lib/python3.12/site-packages/airflow/example_dags/example_bash_operator.py for tasks to queue
[2024-11-21T21:23:07.943+0000] {logging_mixin.py:190} INFO - [2024-11-21T21:23:07.943+0000] {dagbag.py:588} INFO - Filling up the DagBag from /root/airflow-venv/lib/python3.12/site-packages/airflow/example_dags/example_bash_operator.py
[2024-11-21T21:23:07.962+0000] {processor.py:925} INFO - DAG(s) 'example_bash_operator' retrieved from /root/airflow-venv/lib/python3.12/site-packages/airflow/example_dags/example_bash_operator.py
[2024-11-21T21:23:07.991+0000] {logging_mixin.py:190} INFO - [2024-11-21T21:23:07.991+0000] {dag.py:3239} INFO - Sync 1 DAGs
[2024-11-21T21:23:08.017+0000] {logging_mixin.py:190} INFO - [2024-11-21T21:23:08.017+0000] {dag.py:4180} INFO - Setting next_dagrun for example_bash_operator to 2024-11-20 00:00:00+00:00, run_after=2024-11-21 00:00:00+00:00
[2024-11-21T21:23:08.041+0000] {processor.py:208} INFO - Processing /root/airflow-venv/lib/python3.12/site-packages/airflow/example_dags/example_bash_operator.py took 0.110 seconds
[2024-11-21T21:24:06.425+0000] {processor.py:186} INFO - Started process (PID=3477) to work on /root/airflow-venv/lib/python3.12/site-packages/airflow/example_dags/example_bash_operator.py
[2024-11-21T21:24:06.426+0000] {processor.py:914} INFO - Processing file /root/airflow-venv/lib/python3.12/site-packages/airflow/example_dags/example_bash_operator.py for tasks to queue
[2024-11-21T21:24:06.429+0000] {logging_mixin.py:190} INFO - [2024-11-21T21:24:06.428+0000] {dagbag.py:588} INFO - Filling up the DagBag from /root/airflow-venv/lib/python3.12/site-packages/airflow/example_dags/example_bash_operator.py
[2024-11-21T21:24:06.445+0000] {processor.py:925} INFO - DAG(s) 'example_bash_operator' retrieved from /root/airflow-venv/lib/python3.12/site-packages/airflow/example_dags/example_bash_operator.py
[2024-11-21T21:24:06.470+0000] {logging_mixin.py:190} INFO - [2024-11-21T21:24:06.470+0000] {dag.py:3239} INFO - Sync 1 DAGs
[2024-11-21T21:24:06.492+0000] {logging_mixin.py:190} INFO - [2024-11-21T21:24:06.492+0000] {dag.py:4180} INFO - Setting next_dagrun for example_bash_operator to 2024-11-20 00:00:00+00:00, run_after=2024-11-21 00:00:00+00:00
[2024-11-21T21:24:06.514+0000] {processor.py:208} INFO - Processing /root/airflow-venv/lib/python3.12/site-packages/airflow/example_dags/example_bash_operator.py took 0.096 seconds
[2024-11-21T21:25:04.718+0000] {processor.py:186} INFO - Started process (PID=3537) to work on /root/airflow-venv/lib/python3.12/site-packages/airflow/example_dags/example_bash_operator.py
[2024-11-21T21:25:04.719+0000] {processor.py:914} INFO - Processing file /root/airflow-venv/lib/python3.12/site-packages/airflow/example_dags/example_bash_operator.py for tasks to queue
[2024-11-21T21:25:04.721+0000] {logging_mixin.py:190} INFO - [2024-11-21T21:25:04.721+0000] {dagbag.py:588} INFO - Filling up the DagBag from /root/airflow-venv/lib/python3.12/site-packages/airflow/example_dags/example_bash_operator.py
[2024-11-21T21:25:04.738+0000] {processor.py:925} INFO - DAG(s) 'example_bash_operator' retrieved from /root/airflow-venv/lib/python3.12/site-packages/airflow/example_dags/example_bash_operator.py
[2024-11-21T21:25:04.764+0000] {logging_mixin.py:190} INFO - [2024-11-21T21:25:04.764+0000] {dag.py:3239} INFO - Sync 1 DAGs
[2024-11-21T21:25:04.787+0000] {logging_mixin.py:190} INFO - [2024-11-21T21:25:04.787+0000] {dag.py:4180} INFO - Setting next_dagrun for example_bash_operator to 2024-11-20 00:00:00+00:00, run_after=2024-11-21 00:00:00+00:00
[2024-11-21T21:25:04.809+0000] {processor.py:208} INFO - Processing /root/airflow-venv/lib/python3.12/site-packages/airflow/example_dags/example_bash_operator.py took 0.099 seconds
[2024-11-21T21:26:38.861+0000] {processor.py:186} INFO - Started process (PID=3624) to work on /root/airflow-venv/lib/python3.12/site-packages/airflow/example_dags/example_bash_operator.py
[2024-11-21T21:26:38.863+0000] {processor.py:914} INFO - Processing file /root/airflow-venv/lib/python3.12/site-packages/airflow/example_dags/example_bash_operator.py for tasks to queue
[2024-11-21T21:26:38.866+0000] {logging_mixin.py:190} INFO - [2024-11-21T21:26:38.865+0000] {dagbag.py:588} INFO - Filling up the DagBag from /root/airflow-venv/lib/python3.12/site-packages/airflow/example_dags/example_bash_operator.py
[2024-11-21T21:26:38.884+0000] {processor.py:925} INFO - DAG(s) 'example_bash_operator' retrieved from /root/airflow-venv/lib/python3.12/site-packages/airflow/example_dags/example_bash_operator.py
[2024-11-21T21:26:39.088+0000] {logging_mixin.py:190} INFO - [2024-11-21T21:26:39.087+0000] {dag.py:3239} INFO - Sync 1 DAGs
[2024-11-21T21:26:39.107+0000] {logging_mixin.py:190} INFO - [2024-11-21T21:26:39.107+0000] {dag.py:4180} INFO - Setting next_dagrun for example_bash_operator to 2024-11-20 00:00:00+00:00, run_after=2024-11-21 00:00:00+00:00
[2024-11-21T21:26:39.137+0000] {processor.py:208} INFO - Processing /root/airflow-venv/lib/python3.12/site-packages/airflow/example_dags/example_bash_operator.py took 0.287 seconds
[2024-11-21T21:27:39.978+0000] {processor.py:186} INFO - Started process (PID=3684) to work on /root/airflow-venv/lib/python3.12/site-packages/airflow/example_dags/example_bash_operator.py
[2024-11-21T21:27:39.980+0000] {processor.py:914} INFO - Processing file /root/airflow-venv/lib/python3.12/site-packages/airflow/example_dags/example_bash_operator.py for tasks to queue
[2024-11-21T21:27:39.982+0000] {logging_mixin.py:190} INFO - [2024-11-21T21:27:39.982+0000] {dagbag.py:588} INFO - Filling up the DagBag from /root/airflow-venv/lib/python3.12/site-packages/airflow/example_dags/example_bash_operator.py
[2024-11-21T21:27:39.997+0000] {processor.py:925} INFO - DAG(s) 'example_bash_operator' retrieved from /root/airflow-venv/lib/python3.12/site-packages/airflow/example_dags/example_bash_operator.py
[2024-11-21T21:27:40.024+0000] {logging_mixin.py:190} INFO - [2024-11-21T21:27:40.023+0000] {dag.py:3239} INFO - Sync 1 DAGs
[2024-11-21T21:27:40.044+0000] {logging_mixin.py:190} INFO - [2024-11-21T21:27:40.044+0000] {dag.py:4180} INFO - Setting next_dagrun for example_bash_operator to 2024-11-20 00:00:00+00:00, run_after=2024-11-21 00:00:00+00:00
[2024-11-21T21:27:40.062+0000] {processor.py:208} INFO - Processing /root/airflow-venv/lib/python3.12/site-packages/airflow/example_dags/example_bash_operator.py took 0.090 seconds
[2024-11-21T21:28:38.202+0000] {processor.py:186} INFO - Started process (PID=3745) to work on /root/airflow-venv/lib/python3.12/site-packages/airflow/example_dags/example_bash_operator.py
[2024-11-21T21:28:38.204+0000] {processor.py:914} INFO - Processing file /root/airflow-venv/lib/python3.12/site-packages/airflow/example_dags/example_bash_operator.py for tasks to queue
[2024-11-21T21:28:38.207+0000] {logging_mixin.py:190} INFO - [2024-11-21T21:28:38.207+0000] {dagbag.py:588} INFO - Filling up the DagBag from /root/airflow-venv/lib/python3.12/site-packages/airflow/example_dags/example_bash_operator.py
[2024-11-21T21:28:38.224+0000] {processor.py:925} INFO - DAG(s) 'example_bash_operator' retrieved from /root/airflow-venv/lib/python3.12/site-packages/airflow/example_dags/example_bash_operator.py
[2024-11-21T21:28:38.251+0000] {logging_mixin.py:190} INFO - [2024-11-21T21:28:38.251+0000] {dag.py:3239} INFO - Sync 1 DAGs
[2024-11-21T21:28:38.277+0000] {logging_mixin.py:190} INFO - [2024-11-21T21:28:38.277+0000] {dag.py:4180} INFO - Setting next_dagrun for example_bash_operator to 2024-11-20 00:00:00+00:00, run_after=2024-11-21 00:00:00+00:00
[2024-11-21T21:28:38.302+0000] {processor.py:208} INFO - Processing /root/airflow-venv/lib/python3.12/site-packages/airflow/example_dags/example_bash_operator.py took 0.109 seconds
[2024-11-21T21:29:59.720+0000] {processor.py:186} INFO - Started process (PID=3887) to work on /root/airflow-venv/lib/python3.12/site-packages/airflow/example_dags/example_bash_operator.py
[2024-11-21T21:29:59.721+0000] {processor.py:914} INFO - Processing file /root/airflow-venv/lib/python3.12/site-packages/airflow/example_dags/example_bash_operator.py for tasks to queue
[2024-11-21T21:29:59.724+0000] {logging_mixin.py:190} INFO - [2024-11-21T21:29:59.724+0000] {dagbag.py:588} INFO - Filling up the DagBag from /root/airflow-venv/lib/python3.12/site-packages/airflow/example_dags/example_bash_operator.py
[2024-11-21T21:29:59.742+0000] {processor.py:925} INFO - DAG(s) 'example_bash_operator' retrieved from /root/airflow-venv/lib/python3.12/site-packages/airflow/example_dags/example_bash_operator.py
[2024-11-21T21:29:59.768+0000] {logging_mixin.py:190} INFO - [2024-11-21T21:29:59.768+0000] {dag.py:3239} INFO - Sync 1 DAGs
[2024-11-21T21:29:59.797+0000] {logging_mixin.py:190} INFO - [2024-11-21T21:29:59.797+0000] {dag.py:4180} INFO - Setting next_dagrun for example_bash_operator to 2024-11-20 00:00:00+00:00, run_after=2024-11-21 00:00:00+00:00
[2024-11-21T21:29:59.825+0000] {processor.py:208} INFO - Processing /root/airflow-venv/lib/python3.12/site-packages/airflow/example_dags/example_bash_operator.py took 0.113 seconds
[2024-11-21T21:31:18.815+0000] {processor.py:186} INFO - Started process (PID=3977) to work on /root/airflow-venv/lib/python3.12/site-packages/airflow/example_dags/example_bash_operator.py
[2024-11-21T21:31:18.816+0000] {processor.py:914} INFO - Processing file /root/airflow-venv/lib/python3.12/site-packages/airflow/example_dags/example_bash_operator.py for tasks to queue
[2024-11-21T21:31:18.819+0000] {logging_mixin.py:190} INFO - [2024-11-21T21:31:18.819+0000] {dagbag.py:588} INFO - Filling up the DagBag from /root/airflow-venv/lib/python3.12/site-packages/airflow/example_dags/example_bash_operator.py
[2024-11-21T21:31:18.837+0000] {processor.py:925} INFO - DAG(s) 'example_bash_operator' retrieved from /root/airflow-venv/lib/python3.12/site-packages/airflow/example_dags/example_bash_operator.py
[2024-11-21T21:31:18.863+0000] {logging_mixin.py:190} INFO - [2024-11-21T21:31:18.863+0000] {dag.py:3239} INFO - Sync 1 DAGs
[2024-11-21T21:31:18.887+0000] {logging_mixin.py:190} INFO - [2024-11-21T21:31:18.887+0000] {dag.py:4180} INFO - Setting next_dagrun for example_bash_operator to 2024-11-20 00:00:00+00:00, run_after=2024-11-21 00:00:00+00:00
[2024-11-21T21:31:18.908+0000] {processor.py:208} INFO - Processing /root/airflow-venv/lib/python3.12/site-packages/airflow/example_dags/example_bash_operator.py took 0.103 seconds
