[2024-11-21T21:20:57.078+0000] {processor.py:186} INFO - Started process (PID=3287) to work on /root/airflow-venv/lib/python3.12/site-packages/airflow/example_dags/example_branch_operator_decorator.py
[2024-11-21T21:20:57.080+0000] {processor.py:914} INFO - Processing file /root/airflow-venv/lib/python3.12/site-packages/airflow/example_dags/example_branch_operator_decorator.py for tasks to queue
[2024-11-21T21:20:57.082+0000] {logging_mixin.py:190} INFO - [2024-11-21T21:20:57.082+0000] {dagbag.py:588} INFO - Filling up the DagBag from /root/airflow-venv/lib/python3.12/site-packages/airflow/example_dags/example_branch_operator_decorator.py
[2024-11-21T21:20:57.086+0000] {processor.py:927} WARNING - No viable dags retrieved from /root/airflow-venv/lib/python3.12/site-packages/airflow/example_dags/example_branch_operator_decorator.py
[2024-11-21T21:20:57.101+0000] {processor.py:208} INFO - Processing /root/airflow-venv/lib/python3.12/site-packages/airflow/example_dags/example_branch_operator_decorator.py took 0.030 seconds
[2024-11-21T21:22:04.395+0000] {processor.py:186} INFO - Started process (PID=3356) to work on /root/airflow-venv/lib/python3.12/site-packages/airflow/example_dags/example_branch_operator_decorator.py
[2024-11-21T21:22:04.397+0000] {processor.py:914} INFO - Processing file /root/airflow-venv/lib/python3.12/site-packages/airflow/example_dags/example_branch_operator_decorator.py for tasks to queue
[2024-11-21T21:22:04.400+0000] {logging_mixin.py:190} INFO - [2024-11-21T21:22:04.400+0000] {dagbag.py:588} INFO - Filling up the DagBag from /root/airflow-venv/lib/python3.12/site-packages/airflow/example_dags/example_branch_operator_decorator.py
[2024-11-21T21:22:04.404+0000] {processor.py:927} WARNING - No viable dags retrieved from /root/airflow-venv/lib/python3.12/site-packages/airflow/example_dags/example_branch_operator_decorator.py
[2024-11-21T21:22:04.421+0000] {processor.py:208} INFO - Processing /root/airflow-venv/lib/python3.12/site-packages/airflow/example_dags/example_branch_operator_decorator.py took 0.034 seconds
[2024-11-21T21:23:03.019+0000] {processor.py:186} INFO - Started process (PID=3413) to work on /root/airflow-venv/lib/python3.12/site-packages/airflow/example_dags/example_branch_operator_decorator.py
[2024-11-21T21:23:03.021+0000] {processor.py:914} INFO - Processing file /root/airflow-venv/lib/python3.12/site-packages/airflow/example_dags/example_branch_operator_decorator.py for tasks to queue
[2024-11-21T21:23:03.024+0000] {logging_mixin.py:190} INFO - [2024-11-21T21:23:03.023+0000] {dagbag.py:588} INFO - Filling up the DagBag from /root/airflow-venv/lib/python3.12/site-packages/airflow/example_dags/example_branch_operator_decorator.py
[2024-11-21T21:23:03.030+0000] {processor.py:927} WARNING - No viable dags retrieved from /root/airflow-venv/lib/python3.12/site-packages/airflow/example_dags/example_branch_operator_decorator.py
[2024-11-21T21:23:03.046+0000] {processor.py:208} INFO - Processing /root/airflow-venv/lib/python3.12/site-packages/airflow/example_dags/example_branch_operator_decorator.py took 0.034 seconds
[2024-11-21T21:24:02.430+0000] {processor.py:186} INFO - Started process (PID=3473) to work on /root/airflow-venv/lib/python3.12/site-packages/airflow/example_dags/example_branch_operator_decorator.py
[2024-11-21T21:24:02.432+0000] {processor.py:914} INFO - Processing file /root/airflow-venv/lib/python3.12/site-packages/airflow/example_dags/example_branch_operator_decorator.py for tasks to queue
[2024-11-21T21:24:02.435+0000] {logging_mixin.py:190} INFO - [2024-11-21T21:24:02.434+0000] {dagbag.py:588} INFO - Filling up the DagBag from /root/airflow-venv/lib/python3.12/site-packages/airflow/example_dags/example_branch_operator_decorator.py
[2024-11-21T21:24:02.438+0000] {processor.py:927} WARNING - No viable dags retrieved from /root/airflow-venv/lib/python3.12/site-packages/airflow/example_dags/example_branch_operator_decorator.py
[2024-11-21T21:24:02.454+0000] {processor.py:208} INFO - Processing /root/airflow-venv/lib/python3.12/site-packages/airflow/example_dags/example_branch_operator_decorator.py took 0.032 seconds
[2024-11-21T21:25:00.479+0000] {processor.py:186} INFO - Started process (PID=3530) to work on /root/airflow-venv/lib/python3.12/site-packages/airflow/example_dags/example_branch_operator_decorator.py
[2024-11-21T21:25:00.481+0000] {processor.py:914} INFO - Processing file /root/airflow-venv/lib/python3.12/site-packages/airflow/example_dags/example_branch_operator_decorator.py for tasks to queue
[2024-11-21T21:25:00.484+0000] {logging_mixin.py:190} INFO - [2024-11-21T21:25:00.483+0000] {dagbag.py:588} INFO - Filling up the DagBag from /root/airflow-venv/lib/python3.12/site-packages/airflow/example_dags/example_branch_operator_decorator.py
[2024-11-21T21:25:00.487+0000] {processor.py:927} WARNING - No viable dags retrieved from /root/airflow-venv/lib/python3.12/site-packages/airflow/example_dags/example_branch_operator_decorator.py
[2024-11-21T21:25:00.503+0000] {processor.py:208} INFO - Processing /root/airflow-venv/lib/python3.12/site-packages/airflow/example_dags/example_branch_operator_decorator.py took 0.032 seconds
[2024-11-21T21:26:02.126+0000] {processor.py:186} INFO - Started process (PID=3592) to work on /root/airflow-venv/lib/python3.12/site-packages/airflow/example_dags/example_branch_operator_decorator.py
[2024-11-21T21:26:02.128+0000] {processor.py:914} INFO - Processing file /root/airflow-venv/lib/python3.12/site-packages/airflow/example_dags/example_branch_operator_decorator.py for tasks to queue
[2024-11-21T21:26:02.132+0000] {logging_mixin.py:190} INFO - [2024-11-21T21:26:02.132+0000] {dagbag.py:588} INFO - Filling up the DagBag from /root/airflow-venv/lib/python3.12/site-packages/airflow/example_dags/example_branch_operator_decorator.py
[2024-11-21T21:26:02.138+0000] {processor.py:927} WARNING - No viable dags retrieved from /root/airflow-venv/lib/python3.12/site-packages/airflow/example_dags/example_branch_operator_decorator.py
[2024-11-21T21:26:02.158+0000] {processor.py:208} INFO - Processing /root/airflow-venv/lib/python3.12/site-packages/airflow/example_dags/example_branch_operator_decorator.py took 0.038 seconds
[2024-11-21T21:27:11.379+0000] {processor.py:186} INFO - Started process (PID=3655) to work on /root/airflow-venv/lib/python3.12/site-packages/airflow/example_dags/example_branch_operator_decorator.py
[2024-11-21T21:27:11.381+0000] {processor.py:914} INFO - Processing file /root/airflow-venv/lib/python3.12/site-packages/airflow/example_dags/example_branch_operator_decorator.py for tasks to queue
[2024-11-21T21:27:11.384+0000] {logging_mixin.py:190} INFO - [2024-11-21T21:27:11.384+0000] {dagbag.py:588} INFO - Filling up the DagBag from /root/airflow-venv/lib/python3.12/site-packages/airflow/example_dags/example_branch_operator_decorator.py
[2024-11-21T21:27:11.387+0000] {processor.py:927} WARNING - No viable dags retrieved from /root/airflow-venv/lib/python3.12/site-packages/airflow/example_dags/example_branch_operator_decorator.py
[2024-11-21T21:27:11.402+0000] {processor.py:208} INFO - Processing /root/airflow-venv/lib/python3.12/site-packages/airflow/example_dags/example_branch_operator_decorator.py took 0.030 seconds
[2024-11-21T21:28:08.301+0000] {processor.py:186} INFO - Started process (PID=3714) to work on /root/airflow-venv/lib/python3.12/site-packages/airflow/example_dags/example_branch_operator_decorator.py
[2024-11-21T21:28:08.303+0000] {processor.py:914} INFO - Processing file /root/airflow-venv/lib/python3.12/site-packages/airflow/example_dags/example_branch_operator_decorator.py for tasks to queue
[2024-11-21T21:28:08.306+0000] {logging_mixin.py:190} INFO - [2024-11-21T21:28:08.306+0000] {dagbag.py:588} INFO - Filling up the DagBag from /root/airflow-venv/lib/python3.12/site-packages/airflow/example_dags/example_branch_operator_decorator.py
[2024-11-21T21:28:08.310+0000] {processor.py:927} WARNING - No viable dags retrieved from /root/airflow-venv/lib/python3.12/site-packages/airflow/example_dags/example_branch_operator_decorator.py
[2024-11-21T21:28:08.327+0000] {processor.py:208} INFO - Processing /root/airflow-venv/lib/python3.12/site-packages/airflow/example_dags/example_branch_operator_decorator.py took 0.033 seconds
[2024-11-21T21:29:03.275+0000] {processor.py:186} INFO - Started process (PID=3771) to work on /root/airflow-venv/lib/python3.12/site-packages/airflow/example_dags/example_branch_operator_decorator.py
[2024-11-21T21:29:03.276+0000] {processor.py:914} INFO - Processing file /root/airflow-venv/lib/python3.12/site-packages/airflow/example_dags/example_branch_operator_decorator.py for tasks to queue
[2024-11-21T21:29:03.279+0000] {logging_mixin.py:190} INFO - [2024-11-21T21:29:03.279+0000] {dagbag.py:588} INFO - Filling up the DagBag from /root/airflow-venv/lib/python3.12/site-packages/airflow/example_dags/example_branch_operator_decorator.py
[2024-11-21T21:29:03.283+0000] {processor.py:927} WARNING - No viable dags retrieved from /root/airflow-venv/lib/python3.12/site-packages/airflow/example_dags/example_branch_operator_decorator.py
[2024-11-21T21:29:03.299+0000] {processor.py:208} INFO - Processing /root/airflow-venv/lib/python3.12/site-packages/airflow/example_dags/example_branch_operator_decorator.py took 0.032 seconds
[2024-11-21T21:29:57.416+0000] {processor.py:186} INFO - Started process (PID=3885) to work on /root/airflow-venv/lib/python3.12/site-packages/airflow/example_dags/example_branch_operator_decorator.py
[2024-11-21T21:29:57.417+0000] {processor.py:914} INFO - Processing file /root/airflow-venv/lib/python3.12/site-packages/airflow/example_dags/example_branch_operator_decorator.py for tasks to queue
[2024-11-21T21:29:57.420+0000] {logging_mixin.py:190} INFO - [2024-11-21T21:29:57.420+0000] {dagbag.py:588} INFO - Filling up the DagBag from /root/airflow-venv/lib/python3.12/site-packages/airflow/example_dags/example_branch_operator_decorator.py
[2024-11-21T21:29:57.424+0000] {processor.py:927} WARNING - No viable dags retrieved from /root/airflow-venv/lib/python3.12/site-packages/airflow/example_dags/example_branch_operator_decorator.py
[2024-11-21T21:29:57.440+0000] {processor.py:208} INFO - Processing /root/airflow-venv/lib/python3.12/site-packages/airflow/example_dags/example_branch_operator_decorator.py took 0.032 seconds
[2024-11-21T21:31:17.921+0000] {processor.py:186} INFO - Started process (PID=3975) to work on /root/airflow-venv/lib/python3.12/site-packages/airflow/example_dags/example_branch_operator_decorator.py
[2024-11-21T21:31:17.923+0000] {processor.py:914} INFO - Processing file /root/airflow-venv/lib/python3.12/site-packages/airflow/example_dags/example_branch_operator_decorator.py for tasks to queue
[2024-11-21T21:31:17.926+0000] {logging_mixin.py:190} INFO - [2024-11-21T21:31:17.925+0000] {dagbag.py:588} INFO - Filling up the DagBag from /root/airflow-venv/lib/python3.12/site-packages/airflow/example_dags/example_branch_operator_decorator.py
[2024-11-21T21:31:17.929+0000] {processor.py:927} WARNING - No viable dags retrieved from /root/airflow-venv/lib/python3.12/site-packages/airflow/example_dags/example_branch_operator_decorator.py
[2024-11-21T21:31:17.943+0000] {processor.py:208} INFO - Processing /root/airflow-venv/lib/python3.12/site-packages/airflow/example_dags/example_branch_operator_decorator.py took 0.030 seconds
