[2024-11-21T21:20:40.731+0000] {processor.py:186} INFO - Started process (PID=3258) to work on /root/airflow-venv/lib/python3.12/site-packages/airflow/example_dags/example_inlet_event_extra.py
[2024-11-21T21:20:40.732+0000] {processor.py:914} INFO - Processing file /root/airflow-venv/lib/python3.12/site-packages/airflow/example_dags/example_inlet_event_extra.py for tasks to queue
[2024-11-21T21:20:40.735+0000] {logging_mixin.py:190} INFO - [2024-11-21T21:20:40.734+0000] {dagbag.py:588} INFO - Filling up the DagBag from /root/airflow-venv/lib/python3.12/site-packages/airflow/example_dags/example_inlet_event_extra.py
[2024-11-21T21:20:40.750+0000] {processor.py:925} INFO - DAG(s) 'read_dataset_event', 'read_dataset_event_from_classic' retrieved from /root/airflow-venv/lib/python3.12/site-packages/airflow/example_dags/example_inlet_event_extra.py
[2024-11-21T21:20:40.864+0000] {logging_mixin.py:190} INFO - [2024-11-21T21:20:40.863+0000] {override.py:1911} INFO - Created Permission View: can delete on DAG:read_dataset_event
[2024-11-21T21:20:40.881+0000] {logging_mixin.py:190} INFO - [2024-11-21T21:20:40.880+0000] {override.py:1911} INFO - Created Permission View: can edit on DAG:read_dataset_event
[2024-11-21T21:20:40.893+0000] {logging_mixin.py:190} INFO - [2024-11-21T21:20:40.892+0000] {override.py:1911} INFO - Created Permission View: can read on DAG:read_dataset_event
[2024-11-21T21:20:40.909+0000] {logging_mixin.py:190} INFO - [2024-11-21T21:20:40.908+0000] {override.py:1911} INFO - Created Permission View: can delete on DAG Run:read_dataset_event
[2024-11-21T21:20:40.919+0000] {logging_mixin.py:190} INFO - [2024-11-21T21:20:40.918+0000] {override.py:1911} INFO - Created Permission View: can create on DAG Run:read_dataset_event
[2024-11-21T21:20:40.928+0000] {logging_mixin.py:190} INFO - [2024-11-21T21:20:40.928+0000] {override.py:1911} INFO - Created Permission View: can read on DAG Run:read_dataset_event
[2024-11-21T21:20:40.940+0000] {logging_mixin.py:190} INFO - [2024-11-21T21:20:40.939+0000] {override.py:1911} INFO - Created Permission View: menu access on DAG Run:read_dataset_event
[2024-11-21T21:20:40.967+0000] {logging_mixin.py:190} INFO - [2024-11-21T21:20:40.966+0000] {override.py:1911} INFO - Created Permission View: can delete on DAG:read_dataset_event_from_classic
[2024-11-21T21:20:40.977+0000] {logging_mixin.py:190} INFO - [2024-11-21T21:20:40.977+0000] {override.py:1911} INFO - Created Permission View: can edit on DAG:read_dataset_event_from_classic
[2024-11-21T21:20:40.989+0000] {logging_mixin.py:190} INFO - [2024-11-21T21:20:40.988+0000] {override.py:1911} INFO - Created Permission View: can read on DAG:read_dataset_event_from_classic
[2024-11-21T21:20:41.007+0000] {logging_mixin.py:190} INFO - [2024-11-21T21:20:41.006+0000] {override.py:1911} INFO - Created Permission View: can delete on DAG Run:read_dataset_event_from_classic
[2024-11-21T21:20:41.015+0000] {logging_mixin.py:190} INFO - [2024-11-21T21:20:41.015+0000] {override.py:1911} INFO - Created Permission View: can create on DAG Run:read_dataset_event_from_classic
[2024-11-21T21:20:41.025+0000] {logging_mixin.py:190} INFO - [2024-11-21T21:20:41.024+0000] {override.py:1911} INFO - Created Permission View: can read on DAG Run:read_dataset_event_from_classic
[2024-11-21T21:20:41.033+0000] {logging_mixin.py:190} INFO - [2024-11-21T21:20:41.032+0000] {override.py:1911} INFO - Created Permission View: menu access on DAG Run:read_dataset_event_from_classic
[2024-11-21T21:20:41.033+0000] {logging_mixin.py:190} INFO - [2024-11-21T21:20:41.033+0000] {dag.py:3239} INFO - Sync 2 DAGs
[2024-11-21T21:20:41.046+0000] {logging_mixin.py:190} INFO - [2024-11-21T21:20:41.045+0000] {dag.py:3262} INFO - Creating ORM DAG for read_dataset_event_from_classic
[2024-11-21T21:20:41.046+0000] {logging_mixin.py:190} INFO - [2024-11-21T21:20:41.046+0000] {dag.py:3262} INFO - Creating ORM DAG for read_dataset_event
[2024-11-21T21:20:41.057+0000] {logging_mixin.py:190} INFO - [2024-11-21T21:20:41.056+0000] {dag.py:4180} INFO - Setting next_dagrun for read_dataset_event to 2024-11-20 00:00:00+00:00, run_after=2024-11-21 00:00:00+00:00
[2024-11-21T21:20:41.058+0000] {logging_mixin.py:190} INFO - [2024-11-21T21:20:41.058+0000] {dag.py:4180} INFO - Setting next_dagrun for read_dataset_event_from_classic to 2024-11-20 00:00:00+00:00, run_after=2024-11-21 00:00:00+00:00
[2024-11-21T21:20:41.077+0000] {processor.py:208} INFO - Processing /root/airflow-venv/lib/python3.12/site-packages/airflow/example_dags/example_inlet_event_extra.py took 0.354 seconds
[2024-11-21T21:20:50.621+0000] {processor.py:186} INFO - Started process (PID=3275) to work on /root/airflow-venv/lib/python3.12/site-packages/airflow/example_dags/example_inlet_event_extra.py
[2024-11-21T21:20:50.623+0000] {processor.py:914} INFO - Processing file /root/airflow-venv/lib/python3.12/site-packages/airflow/example_dags/example_inlet_event_extra.py for tasks to queue
[2024-11-21T21:20:50.627+0000] {logging_mixin.py:190} INFO - [2024-11-21T21:20:50.626+0000] {dagbag.py:588} INFO - Filling up the DagBag from /root/airflow-venv/lib/python3.12/site-packages/airflow/example_dags/example_inlet_event_extra.py
[2024-11-21T21:20:50.643+0000] {processor.py:925} INFO - DAG(s) 'read_dataset_event', 'read_dataset_event_from_classic' retrieved from /root/airflow-venv/lib/python3.12/site-packages/airflow/example_dags/example_inlet_event_extra.py
[2024-11-21T21:20:50.654+0000] {logging_mixin.py:190} INFO - [2024-11-21T21:20:50.654+0000] {dag.py:3239} INFO - Sync 2 DAGs
[2024-11-21T21:20:50.680+0000] {logging_mixin.py:190} INFO - [2024-11-21T21:20:50.680+0000] {dag.py:4180} INFO - Setting next_dagrun for read_dataset_event to 2024-11-20 00:00:00+00:00, run_after=2024-11-21 00:00:00+00:00
[2024-11-21T21:20:50.688+0000] {logging_mixin.py:190} INFO - [2024-11-21T21:20:50.687+0000] {dag.py:4180} INFO - Setting next_dagrun for read_dataset_event_from_classic to 2024-11-20 00:00:00+00:00, run_after=2024-11-21 00:00:00+00:00
[2024-11-21T21:20:50.713+0000] {processor.py:208} INFO - Processing /root/airflow-venv/lib/python3.12/site-packages/airflow/example_dags/example_inlet_event_extra.py took 0.102 seconds
[2024-11-21T21:21:51.298+0000] {processor.py:186} INFO - Started process (PID=3343) to work on /root/airflow-venv/lib/python3.12/site-packages/airflow/example_dags/example_inlet_event_extra.py
[2024-11-21T21:21:51.300+0000] {processor.py:914} INFO - Processing file /root/airflow-venv/lib/python3.12/site-packages/airflow/example_dags/example_inlet_event_extra.py for tasks to queue
[2024-11-21T21:21:51.303+0000] {logging_mixin.py:190} INFO - [2024-11-21T21:21:51.303+0000] {dagbag.py:588} INFO - Filling up the DagBag from /root/airflow-venv/lib/python3.12/site-packages/airflow/example_dags/example_inlet_event_extra.py
[2024-11-21T21:21:51.319+0000] {processor.py:925} INFO - DAG(s) 'read_dataset_event_from_classic', 'read_dataset_event' retrieved from /root/airflow-venv/lib/python3.12/site-packages/airflow/example_dags/example_inlet_event_extra.py
[2024-11-21T21:21:51.340+0000] {logging_mixin.py:190} INFO - [2024-11-21T21:21:51.340+0000] {dag.py:3239} INFO - Sync 2 DAGs
[2024-11-21T21:21:51.364+0000] {logging_mixin.py:190} INFO - [2024-11-21T21:21:51.364+0000] {dag.py:4180} INFO - Setting next_dagrun for read_dataset_event to 2024-11-20 00:00:00+00:00, run_after=2024-11-21 00:00:00+00:00
[2024-11-21T21:21:51.368+0000] {logging_mixin.py:190} INFO - [2024-11-21T21:21:51.368+0000] {dag.py:4180} INFO - Setting next_dagrun for read_dataset_event_from_classic to 2024-11-20 00:00:00+00:00, run_after=2024-11-21 00:00:00+00:00
[2024-11-21T21:21:51.387+0000] {processor.py:208} INFO - Processing /root/airflow-venv/lib/python3.12/site-packages/airflow/example_dags/example_inlet_event_extra.py took 0.096 seconds
[2024-11-21T21:22:49.105+0000] {processor.py:186} INFO - Started process (PID=3400) to work on /root/airflow-venv/lib/python3.12/site-packages/airflow/example_dags/example_inlet_event_extra.py
[2024-11-21T21:22:49.107+0000] {processor.py:914} INFO - Processing file /root/airflow-venv/lib/python3.12/site-packages/airflow/example_dags/example_inlet_event_extra.py for tasks to queue
[2024-11-21T21:22:49.110+0000] {logging_mixin.py:190} INFO - [2024-11-21T21:22:49.109+0000] {dagbag.py:588} INFO - Filling up the DagBag from /root/airflow-venv/lib/python3.12/site-packages/airflow/example_dags/example_inlet_event_extra.py
[2024-11-21T21:22:49.127+0000] {processor.py:925} INFO - DAG(s) 'read_dataset_event', 'read_dataset_event_from_classic' retrieved from /root/airflow-venv/lib/python3.12/site-packages/airflow/example_dags/example_inlet_event_extra.py
[2024-11-21T21:22:49.150+0000] {logging_mixin.py:190} INFO - [2024-11-21T21:22:49.149+0000] {dag.py:3239} INFO - Sync 2 DAGs
[2024-11-21T21:22:49.176+0000] {logging_mixin.py:190} INFO - [2024-11-21T21:22:49.176+0000] {dag.py:4180} INFO - Setting next_dagrun for read_dataset_event to 2024-11-20 00:00:00+00:00, run_after=2024-11-21 00:00:00+00:00
[2024-11-21T21:22:49.181+0000] {logging_mixin.py:190} INFO - [2024-11-21T21:22:49.181+0000] {dag.py:4180} INFO - Setting next_dagrun for read_dataset_event_from_classic to 2024-11-20 00:00:00+00:00, run_after=2024-11-21 00:00:00+00:00
[2024-11-21T21:22:49.207+0000] {processor.py:208} INFO - Processing /root/airflow-venv/lib/python3.12/site-packages/airflow/example_dags/example_inlet_event_extra.py took 0.109 seconds
[2024-11-21T21:23:49.008+0000] {processor.py:186} INFO - Started process (PID=3460) to work on /root/airflow-venv/lib/python3.12/site-packages/airflow/example_dags/example_inlet_event_extra.py
[2024-11-21T21:23:49.009+0000] {processor.py:914} INFO - Processing file /root/airflow-venv/lib/python3.12/site-packages/airflow/example_dags/example_inlet_event_extra.py for tasks to queue
[2024-11-21T21:23:49.012+0000] {logging_mixin.py:190} INFO - [2024-11-21T21:23:49.011+0000] {dagbag.py:588} INFO - Filling up the DagBag from /root/airflow-venv/lib/python3.12/site-packages/airflow/example_dags/example_inlet_event_extra.py
[2024-11-21T21:23:49.028+0000] {processor.py:925} INFO - DAG(s) 'read_dataset_event', 'read_dataset_event_from_classic' retrieved from /root/airflow-venv/lib/python3.12/site-packages/airflow/example_dags/example_inlet_event_extra.py
[2024-11-21T21:23:49.053+0000] {logging_mixin.py:190} INFO - [2024-11-21T21:23:49.052+0000] {dag.py:3239} INFO - Sync 2 DAGs
[2024-11-21T21:23:49.076+0000] {logging_mixin.py:190} INFO - [2024-11-21T21:23:49.076+0000] {dag.py:4180} INFO - Setting next_dagrun for read_dataset_event to 2024-11-20 00:00:00+00:00, run_after=2024-11-21 00:00:00+00:00
[2024-11-21T21:23:49.082+0000] {logging_mixin.py:190} INFO - [2024-11-21T21:23:49.081+0000] {dag.py:4180} INFO - Setting next_dagrun for read_dataset_event_from_classic to 2024-11-20 00:00:00+00:00, run_after=2024-11-21 00:00:00+00:00
[2024-11-21T21:23:49.109+0000] {processor.py:208} INFO - Processing /root/airflow-venv/lib/python3.12/site-packages/airflow/example_dags/example_inlet_event_extra.py took 0.109 seconds
[2024-11-21T21:24:47.527+0000] {processor.py:186} INFO - Started process (PID=3517) to work on /root/airflow-venv/lib/python3.12/site-packages/airflow/example_dags/example_inlet_event_extra.py
[2024-11-21T21:24:47.529+0000] {processor.py:914} INFO - Processing file /root/airflow-venv/lib/python3.12/site-packages/airflow/example_dags/example_inlet_event_extra.py for tasks to queue
[2024-11-21T21:24:47.532+0000] {logging_mixin.py:190} INFO - [2024-11-21T21:24:47.532+0000] {dagbag.py:588} INFO - Filling up the DagBag from /root/airflow-venv/lib/python3.12/site-packages/airflow/example_dags/example_inlet_event_extra.py
[2024-11-21T21:24:47.549+0000] {processor.py:925} INFO - DAG(s) 'read_dataset_event_from_classic', 'read_dataset_event' retrieved from /root/airflow-venv/lib/python3.12/site-packages/airflow/example_dags/example_inlet_event_extra.py
[2024-11-21T21:24:47.572+0000] {logging_mixin.py:190} INFO - [2024-11-21T21:24:47.572+0000] {dag.py:3239} INFO - Sync 2 DAGs
[2024-11-21T21:24:47.601+0000] {logging_mixin.py:190} INFO - [2024-11-21T21:24:47.601+0000] {dag.py:4180} INFO - Setting next_dagrun for read_dataset_event to 2024-11-20 00:00:00+00:00, run_after=2024-11-21 00:00:00+00:00
[2024-11-21T21:24:47.607+0000] {logging_mixin.py:190} INFO - [2024-11-21T21:24:47.606+0000] {dag.py:4180} INFO - Setting next_dagrun for read_dataset_event_from_classic to 2024-11-20 00:00:00+00:00, run_after=2024-11-21 00:00:00+00:00
[2024-11-21T21:24:47.632+0000] {processor.py:208} INFO - Processing /root/airflow-venv/lib/python3.12/site-packages/airflow/example_dags/example_inlet_event_extra.py took 0.113 seconds
[2024-11-21T21:25:46.215+0000] {processor.py:186} INFO - Started process (PID=3579) to work on /root/airflow-venv/lib/python3.12/site-packages/airflow/example_dags/example_inlet_event_extra.py
[2024-11-21T21:25:46.217+0000] {processor.py:914} INFO - Processing file /root/airflow-venv/lib/python3.12/site-packages/airflow/example_dags/example_inlet_event_extra.py for tasks to queue
[2024-11-21T21:25:46.220+0000] {logging_mixin.py:190} INFO - [2024-11-21T21:25:46.220+0000] {dagbag.py:588} INFO - Filling up the DagBag from /root/airflow-venv/lib/python3.12/site-packages/airflow/example_dags/example_inlet_event_extra.py
[2024-11-21T21:25:46.239+0000] {processor.py:925} INFO - DAG(s) 'read_dataset_event_from_classic', 'read_dataset_event' retrieved from /root/airflow-venv/lib/python3.12/site-packages/airflow/example_dags/example_inlet_event_extra.py
[2024-11-21T21:25:46.266+0000] {logging_mixin.py:190} INFO - [2024-11-21T21:25:46.266+0000] {dag.py:3239} INFO - Sync 2 DAGs
[2024-11-21T21:25:46.290+0000] {logging_mixin.py:190} INFO - [2024-11-21T21:25:46.289+0000] {dag.py:4180} INFO - Setting next_dagrun for read_dataset_event to 2024-11-20 00:00:00+00:00, run_after=2024-11-21 00:00:00+00:00
[2024-11-21T21:25:46.294+0000] {logging_mixin.py:190} INFO - [2024-11-21T21:25:46.294+0000] {dag.py:4180} INFO - Setting next_dagrun for read_dataset_event_from_classic to 2024-11-20 00:00:00+00:00, run_after=2024-11-21 00:00:00+00:00
[2024-11-21T21:25:46.449+0000] {processor.py:208} INFO - Processing /root/airflow-venv/lib/python3.12/site-packages/airflow/example_dags/example_inlet_event_extra.py took 0.243 seconds
[2024-11-21T21:26:58.191+0000] {processor.py:186} INFO - Started process (PID=3642) to work on /root/airflow-venv/lib/python3.12/site-packages/airflow/example_dags/example_inlet_event_extra.py
[2024-11-21T21:26:58.193+0000] {processor.py:914} INFO - Processing file /root/airflow-venv/lib/python3.12/site-packages/airflow/example_dags/example_inlet_event_extra.py for tasks to queue
[2024-11-21T21:26:58.197+0000] {logging_mixin.py:190} INFO - [2024-11-21T21:26:58.196+0000] {dagbag.py:588} INFO - Filling up the DagBag from /root/airflow-venv/lib/python3.12/site-packages/airflow/example_dags/example_inlet_event_extra.py
[2024-11-21T21:26:58.213+0000] {processor.py:925} INFO - DAG(s) 'read_dataset_event_from_classic', 'read_dataset_event' retrieved from /root/airflow-venv/lib/python3.12/site-packages/airflow/example_dags/example_inlet_event_extra.py
[2024-11-21T21:26:58.236+0000] {logging_mixin.py:190} INFO - [2024-11-21T21:26:58.236+0000] {dag.py:3239} INFO - Sync 2 DAGs
[2024-11-21T21:26:58.263+0000] {logging_mixin.py:190} INFO - [2024-11-21T21:26:58.263+0000] {dag.py:4180} INFO - Setting next_dagrun for read_dataset_event to 2024-11-20 00:00:00+00:00, run_after=2024-11-21 00:00:00+00:00
[2024-11-21T21:26:58.268+0000] {logging_mixin.py:190} INFO - [2024-11-21T21:26:58.268+0000] {dag.py:4180} INFO - Setting next_dagrun for read_dataset_event_from_classic to 2024-11-20 00:00:00+00:00, run_after=2024-11-21 00:00:00+00:00
[2024-11-21T21:26:58.295+0000] {processor.py:208} INFO - Processing /root/airflow-venv/lib/python3.12/site-packages/airflow/example_dags/example_inlet_event_extra.py took 0.113 seconds
[2024-11-21T21:27:55.559+0000] {processor.py:186} INFO - Started process (PID=3699) to work on /root/airflow-venv/lib/python3.12/site-packages/airflow/example_dags/example_inlet_event_extra.py
[2024-11-21T21:27:55.561+0000] {processor.py:914} INFO - Processing file /root/airflow-venv/lib/python3.12/site-packages/airflow/example_dags/example_inlet_event_extra.py for tasks to queue
[2024-11-21T21:27:55.565+0000] {logging_mixin.py:190} INFO - [2024-11-21T21:27:55.564+0000] {dagbag.py:588} INFO - Filling up the DagBag from /root/airflow-venv/lib/python3.12/site-packages/airflow/example_dags/example_inlet_event_extra.py
[2024-11-21T21:27:55.587+0000] {processor.py:925} INFO - DAG(s) 'read_dataset_event_from_classic', 'read_dataset_event' retrieved from /root/airflow-venv/lib/python3.12/site-packages/airflow/example_dags/example_inlet_event_extra.py
[2024-11-21T21:27:55.614+0000] {logging_mixin.py:190} INFO - [2024-11-21T21:27:55.614+0000] {dag.py:3239} INFO - Sync 2 DAGs
[2024-11-21T21:27:55.639+0000] {logging_mixin.py:190} INFO - [2024-11-21T21:27:55.639+0000] {dag.py:4180} INFO - Setting next_dagrun for read_dataset_event to 2024-11-20 00:00:00+00:00, run_after=2024-11-21 00:00:00+00:00
[2024-11-21T21:27:55.644+0000] {logging_mixin.py:190} INFO - [2024-11-21T21:27:55.644+0000] {dag.py:4180} INFO - Setting next_dagrun for read_dataset_event_from_classic to 2024-11-20 00:00:00+00:00, run_after=2024-11-21 00:00:00+00:00
[2024-11-21T21:27:55.672+0000] {processor.py:208} INFO - Processing /root/airflow-venv/lib/python3.12/site-packages/airflow/example_dags/example_inlet_event_extra.py took 0.123 seconds
[2024-11-21T21:28:50.920+0000] {processor.py:186} INFO - Started process (PID=3758) to work on /root/airflow-venv/lib/python3.12/site-packages/airflow/example_dags/example_inlet_event_extra.py
[2024-11-21T21:28:50.922+0000] {processor.py:914} INFO - Processing file /root/airflow-venv/lib/python3.12/site-packages/airflow/example_dags/example_inlet_event_extra.py for tasks to queue
[2024-11-21T21:28:50.925+0000] {logging_mixin.py:190} INFO - [2024-11-21T21:28:50.925+0000] {dagbag.py:588} INFO - Filling up the DagBag from /root/airflow-venv/lib/python3.12/site-packages/airflow/example_dags/example_inlet_event_extra.py
[2024-11-21T21:28:50.942+0000] {processor.py:925} INFO - DAG(s) 'read_dataset_event_from_classic', 'read_dataset_event' retrieved from /root/airflow-venv/lib/python3.12/site-packages/airflow/example_dags/example_inlet_event_extra.py
[2024-11-21T21:28:50.963+0000] {logging_mixin.py:190} INFO - [2024-11-21T21:28:50.963+0000] {dag.py:3239} INFO - Sync 2 DAGs
[2024-11-21T21:28:50.991+0000] {logging_mixin.py:190} INFO - [2024-11-21T21:28:50.990+0000] {dag.py:4180} INFO - Setting next_dagrun for read_dataset_event to 2024-11-20 00:00:00+00:00, run_after=2024-11-21 00:00:00+00:00
[2024-11-21T21:28:50.995+0000] {logging_mixin.py:190} INFO - [2024-11-21T21:28:50.995+0000] {dag.py:4180} INFO - Setting next_dagrun for read_dataset_event_from_classic to 2024-11-20 00:00:00+00:00, run_after=2024-11-21 00:00:00+00:00
[2024-11-21T21:28:51.018+0000] {processor.py:208} INFO - Processing /root/airflow-venv/lib/python3.12/site-packages/airflow/example_dags/example_inlet_event_extra.py took 0.104 seconds
[2024-11-21T21:29:46.827+0000] {processor.py:186} INFO - Started process (PID=3872) to work on /root/airflow-venv/lib/python3.12/site-packages/airflow/example_dags/example_inlet_event_extra.py
[2024-11-21T21:29:46.829+0000] {processor.py:914} INFO - Processing file /root/airflow-venv/lib/python3.12/site-packages/airflow/example_dags/example_inlet_event_extra.py for tasks to queue
[2024-11-21T21:29:46.833+0000] {logging_mixin.py:190} INFO - [2024-11-21T21:29:46.832+0000] {dagbag.py:588} INFO - Filling up the DagBag from /root/airflow-venv/lib/python3.12/site-packages/airflow/example_dags/example_inlet_event_extra.py
[2024-11-21T21:29:46.850+0000] {processor.py:925} INFO - DAG(s) 'read_dataset_event', 'read_dataset_event_from_classic' retrieved from /root/airflow-venv/lib/python3.12/site-packages/airflow/example_dags/example_inlet_event_extra.py
[2024-11-21T21:29:46.873+0000] {logging_mixin.py:190} INFO - [2024-11-21T21:29:46.872+0000] {dag.py:3239} INFO - Sync 2 DAGs
[2024-11-21T21:29:46.900+0000] {logging_mixin.py:190} INFO - [2024-11-21T21:29:46.900+0000] {dag.py:4180} INFO - Setting next_dagrun for read_dataset_event to 2024-11-20 00:00:00+00:00, run_after=2024-11-21 00:00:00+00:00
[2024-11-21T21:29:46.906+0000] {logging_mixin.py:190} INFO - [2024-11-21T21:29:46.906+0000] {dag.py:4180} INFO - Setting next_dagrun for read_dataset_event_from_classic to 2024-11-20 00:00:00+00:00, run_after=2024-11-21 00:00:00+00:00
[2024-11-21T21:29:46.929+0000] {processor.py:208} INFO - Processing /root/airflow-venv/lib/python3.12/site-packages/airflow/example_dags/example_inlet_event_extra.py took 0.111 seconds
[2024-11-21T21:30:39.288+0000] {processor.py:186} INFO - Started process (PID=3938) to work on /root/airflow-venv/lib/python3.12/site-packages/airflow/example_dags/example_inlet_event_extra.py
[2024-11-21T21:30:39.290+0000] {processor.py:914} INFO - Processing file /root/airflow-venv/lib/python3.12/site-packages/airflow/example_dags/example_inlet_event_extra.py for tasks to queue
[2024-11-21T21:30:39.292+0000] {logging_mixin.py:190} INFO - [2024-11-21T21:30:39.292+0000] {dagbag.py:588} INFO - Filling up the DagBag from /root/airflow-venv/lib/python3.12/site-packages/airflow/example_dags/example_inlet_event_extra.py
[2024-11-21T21:30:39.307+0000] {processor.py:925} INFO - DAG(s) 'read_dataset_event_from_classic', 'read_dataset_event' retrieved from /root/airflow-venv/lib/python3.12/site-packages/airflow/example_dags/example_inlet_event_extra.py
[2024-11-21T21:30:39.328+0000] {logging_mixin.py:190} INFO - [2024-11-21T21:30:39.328+0000] {dag.py:3239} INFO - Sync 2 DAGs
[2024-11-21T21:30:39.352+0000] {logging_mixin.py:190} INFO - [2024-11-21T21:30:39.352+0000] {dag.py:4180} INFO - Setting next_dagrun for read_dataset_event to 2024-11-20 00:00:00+00:00, run_after=2024-11-21 00:00:00+00:00
[2024-11-21T21:30:39.358+0000] {logging_mixin.py:190} INFO - [2024-11-21T21:30:39.357+0000] {dag.py:4180} INFO - Setting next_dagrun for read_dataset_event_from_classic to 2024-11-20 00:00:00+00:00, run_after=2024-11-21 00:00:00+00:00
[2024-11-21T21:30:39.376+0000] {processor.py:208} INFO - Processing /root/airflow-venv/lib/python3.12/site-packages/airflow/example_dags/example_inlet_event_extra.py took 0.095 seconds
[2024-11-21T21:31:36.241+0000] {processor.py:186} INFO - Started process (PID=3996) to work on /root/airflow-venv/lib/python3.12/site-packages/airflow/example_dags/example_inlet_event_extra.py
[2024-11-21T21:31:36.242+0000] {processor.py:914} INFO - Processing file /root/airflow-venv/lib/python3.12/site-packages/airflow/example_dags/example_inlet_event_extra.py for tasks to queue
[2024-11-21T21:31:36.245+0000] {logging_mixin.py:190} INFO - [2024-11-21T21:31:36.245+0000] {dagbag.py:588} INFO - Filling up the DagBag from /root/airflow-venv/lib/python3.12/site-packages/airflow/example_dags/example_inlet_event_extra.py
[2024-11-21T21:31:36.266+0000] {processor.py:925} INFO - DAG(s) 'read_dataset_event', 'read_dataset_event_from_classic' retrieved from /root/airflow-venv/lib/python3.12/site-packages/airflow/example_dags/example_inlet_event_extra.py
[2024-11-21T21:31:36.293+0000] {logging_mixin.py:190} INFO - [2024-11-21T21:31:36.292+0000] {dag.py:3239} INFO - Sync 2 DAGs
[2024-11-21T21:31:36.318+0000] {logging_mixin.py:190} INFO - [2024-11-21T21:31:36.318+0000] {dag.py:4180} INFO - Setting next_dagrun for read_dataset_event to 2024-11-20 00:00:00+00:00, run_after=2024-11-21 00:00:00+00:00
[2024-11-21T21:31:36.323+0000] {logging_mixin.py:190} INFO - [2024-11-21T21:31:36.323+0000] {dag.py:4180} INFO - Setting next_dagrun for read_dataset_event_from_classic to 2024-11-20 00:00:00+00:00, run_after=2024-11-21 00:00:00+00:00
[2024-11-21T21:31:36.345+0000] {processor.py:208} INFO - Processing /root/airflow-venv/lib/python3.12/site-packages/airflow/example_dags/example_inlet_event_extra.py took 0.112 seconds
