[2024-11-21T21:20:56.181+0000] {processor.py:186} INFO - Started process (PID=3286) to work on /root/airflow-venv/lib/python3.12/site-packages/airflow/example_dags/example_complex.py
[2024-11-21T21:20:56.182+0000] {processor.py:914} INFO - Processing file /root/airflow-venv/lib/python3.12/site-packages/airflow/example_dags/example_complex.py for tasks to queue
[2024-11-21T21:20:56.185+0000] {logging_mixin.py:190} INFO - [2024-11-21T21:20:56.185+0000] {dagbag.py:588} INFO - Filling up the DagBag from /root/airflow-venv/lib/python3.12/site-packages/airflow/example_dags/example_complex.py
[2024-11-21T21:20:56.200+0000] {processor.py:925} INFO - DAG(s) 'example_complex' retrieved from /root/airflow-venv/lib/python3.12/site-packages/airflow/example_dags/example_complex.py
[2024-11-21T21:20:56.334+0000] {logging_mixin.py:190} INFO - [2024-11-21T21:20:56.333+0000] {override.py:1911} INFO - Created Permission View: can delete on DAG:example_complex
[2024-11-21T21:20:56.347+0000] {logging_mixin.py:190} INFO - [2024-11-21T21:20:56.347+0000] {override.py:1911} INFO - Created Permission View: can edit on DAG:example_complex
[2024-11-21T21:20:56.357+0000] {logging_mixin.py:190} INFO - [2024-11-21T21:20:56.357+0000] {override.py:1911} INFO - Created Permission View: can read on DAG:example_complex
[2024-11-21T21:20:56.373+0000] {logging_mixin.py:190} INFO - [2024-11-21T21:20:56.373+0000] {override.py:1911} INFO - Created Permission View: can delete on DAG Run:example_complex
[2024-11-21T21:20:56.384+0000] {logging_mixin.py:190} INFO - [2024-11-21T21:20:56.384+0000] {override.py:1911} INFO - Created Permission View: can create on DAG Run:example_complex
[2024-11-21T21:20:56.394+0000] {logging_mixin.py:190} INFO - [2024-11-21T21:20:56.394+0000] {override.py:1911} INFO - Created Permission View: can read on DAG Run:example_complex
[2024-11-21T21:20:56.403+0000] {logging_mixin.py:190} INFO - [2024-11-21T21:20:56.402+0000] {override.py:1911} INFO - Created Permission View: menu access on DAG Run:example_complex
[2024-11-21T21:20:56.403+0000] {logging_mixin.py:190} INFO - [2024-11-21T21:20:56.403+0000] {dag.py:3239} INFO - Sync 1 DAGs
[2024-11-21T21:20:56.416+0000] {logging_mixin.py:190} INFO - [2024-11-21T21:20:56.415+0000] {dag.py:3262} INFO - Creating ORM DAG for example_complex
[2024-11-21T21:20:56.416+0000] {logging_mixin.py:190} INFO - [2024-11-21T21:20:56.416+0000] {dag.py:4180} INFO - Setting next_dagrun for example_complex to None, run_after=None
[2024-11-21T21:20:56.442+0000] {processor.py:208} INFO - Processing /root/airflow-venv/lib/python3.12/site-packages/airflow/example_dags/example_complex.py took 0.268 seconds
[2024-11-21T21:22:03.145+0000] {processor.py:186} INFO - Started process (PID=3355) to work on /root/airflow-venv/lib/python3.12/site-packages/airflow/example_dags/example_complex.py
[2024-11-21T21:22:03.147+0000] {processor.py:914} INFO - Processing file /root/airflow-venv/lib/python3.12/site-packages/airflow/example_dags/example_complex.py for tasks to queue
[2024-11-21T21:22:03.150+0000] {logging_mixin.py:190} INFO - [2024-11-21T21:22:03.150+0000] {dagbag.py:588} INFO - Filling up the DagBag from /root/airflow-venv/lib/python3.12/site-packages/airflow/example_dags/example_complex.py
[2024-11-21T21:22:03.166+0000] {processor.py:925} INFO - DAG(s) 'example_complex' retrieved from /root/airflow-venv/lib/python3.12/site-packages/airflow/example_dags/example_complex.py
[2024-11-21T21:22:03.201+0000] {logging_mixin.py:190} INFO - [2024-11-21T21:22:03.200+0000] {dag.py:3239} INFO - Sync 1 DAGs
[2024-11-21T21:22:03.217+0000] {logging_mixin.py:190} INFO - [2024-11-21T21:22:03.217+0000] {dag.py:4180} INFO - Setting next_dagrun for example_complex to None, run_after=None
[2024-11-21T21:22:03.244+0000] {processor.py:208} INFO - Processing /root/airflow-venv/lib/python3.12/site-packages/airflow/example_dags/example_complex.py took 0.107 seconds
[2024-11-21T21:23:01.769+0000] {processor.py:186} INFO - Started process (PID=3412) to work on /root/airflow-venv/lib/python3.12/site-packages/airflow/example_dags/example_complex.py
[2024-11-21T21:23:01.771+0000] {processor.py:914} INFO - Processing file /root/airflow-venv/lib/python3.12/site-packages/airflow/example_dags/example_complex.py for tasks to queue
[2024-11-21T21:23:01.774+0000] {logging_mixin.py:190} INFO - [2024-11-21T21:23:01.773+0000] {dagbag.py:588} INFO - Filling up the DagBag from /root/airflow-venv/lib/python3.12/site-packages/airflow/example_dags/example_complex.py
[2024-11-21T21:23:01.789+0000] {processor.py:925} INFO - DAG(s) 'example_complex' retrieved from /root/airflow-venv/lib/python3.12/site-packages/airflow/example_dags/example_complex.py
[2024-11-21T21:23:01.828+0000] {logging_mixin.py:190} INFO - [2024-11-21T21:23:01.828+0000] {dag.py:3239} INFO - Sync 1 DAGs
[2024-11-21T21:23:01.847+0000] {logging_mixin.py:190} INFO - [2024-11-21T21:23:01.846+0000] {dag.py:4180} INFO - Setting next_dagrun for example_complex to None, run_after=None
[2024-11-21T21:23:01.872+0000] {processor.py:208} INFO - Processing /root/airflow-venv/lib/python3.12/site-packages/airflow/example_dags/example_complex.py took 0.111 seconds
[2024-11-21T21:24:01.164+0000] {processor.py:186} INFO - Started process (PID=3472) to work on /root/airflow-venv/lib/python3.12/site-packages/airflow/example_dags/example_complex.py
[2024-11-21T21:24:01.166+0000] {processor.py:914} INFO - Processing file /root/airflow-venv/lib/python3.12/site-packages/airflow/example_dags/example_complex.py for tasks to queue
[2024-11-21T21:24:01.169+0000] {logging_mixin.py:190} INFO - [2024-11-21T21:24:01.169+0000] {dagbag.py:588} INFO - Filling up the DagBag from /root/airflow-venv/lib/python3.12/site-packages/airflow/example_dags/example_complex.py
[2024-11-21T21:24:01.185+0000] {processor.py:925} INFO - DAG(s) 'example_complex' retrieved from /root/airflow-venv/lib/python3.12/site-packages/airflow/example_dags/example_complex.py
[2024-11-21T21:24:01.220+0000] {logging_mixin.py:190} INFO - [2024-11-21T21:24:01.220+0000] {dag.py:3239} INFO - Sync 1 DAGs
[2024-11-21T21:24:01.236+0000] {logging_mixin.py:190} INFO - [2024-11-21T21:24:01.236+0000] {dag.py:4180} INFO - Setting next_dagrun for example_complex to None, run_after=None
[2024-11-21T21:24:01.263+0000] {processor.py:208} INFO - Processing /root/airflow-venv/lib/python3.12/site-packages/airflow/example_dags/example_complex.py took 0.107 seconds
[2024-11-21T21:24:59.221+0000] {processor.py:186} INFO - Started process (PID=3529) to work on /root/airflow-venv/lib/python3.12/site-packages/airflow/example_dags/example_complex.py
[2024-11-21T21:24:59.223+0000] {processor.py:914} INFO - Processing file /root/airflow-venv/lib/python3.12/site-packages/airflow/example_dags/example_complex.py for tasks to queue
[2024-11-21T21:24:59.225+0000] {logging_mixin.py:190} INFO - [2024-11-21T21:24:59.225+0000] {dagbag.py:588} INFO - Filling up the DagBag from /root/airflow-venv/lib/python3.12/site-packages/airflow/example_dags/example_complex.py
[2024-11-21T21:24:59.240+0000] {processor.py:925} INFO - DAG(s) 'example_complex' retrieved from /root/airflow-venv/lib/python3.12/site-packages/airflow/example_dags/example_complex.py
[2024-11-21T21:24:59.269+0000] {logging_mixin.py:190} INFO - [2024-11-21T21:24:59.269+0000] {dag.py:3239} INFO - Sync 1 DAGs
[2024-11-21T21:24:59.283+0000] {logging_mixin.py:190} INFO - [2024-11-21T21:24:59.283+0000] {dag.py:4180} INFO - Setting next_dagrun for example_complex to None, run_after=None
[2024-11-21T21:24:59.315+0000] {processor.py:208} INFO - Processing /root/airflow-venv/lib/python3.12/site-packages/airflow/example_dags/example_complex.py took 0.101 seconds
[2024-11-21T21:26:00.762+0000] {processor.py:186} INFO - Started process (PID=3591) to work on /root/airflow-venv/lib/python3.12/site-packages/airflow/example_dags/example_complex.py
[2024-11-21T21:26:00.764+0000] {processor.py:914} INFO - Processing file /root/airflow-venv/lib/python3.12/site-packages/airflow/example_dags/example_complex.py for tasks to queue
[2024-11-21T21:26:00.766+0000] {logging_mixin.py:190} INFO - [2024-11-21T21:26:00.766+0000] {dagbag.py:588} INFO - Filling up the DagBag from /root/airflow-venv/lib/python3.12/site-packages/airflow/example_dags/example_complex.py
[2024-11-21T21:26:00.783+0000] {processor.py:925} INFO - DAG(s) 'example_complex' retrieved from /root/airflow-venv/lib/python3.12/site-packages/airflow/example_dags/example_complex.py
[2024-11-21T21:26:00.816+0000] {logging_mixin.py:190} INFO - [2024-11-21T21:26:00.815+0000] {dag.py:3239} INFO - Sync 1 DAGs
[2024-11-21T21:26:00.988+0000] {logging_mixin.py:190} INFO - [2024-11-21T21:26:00.988+0000] {dag.py:4180} INFO - Setting next_dagrun for example_complex to None, run_after=None
[2024-11-21T21:26:01.013+0000] {processor.py:208} INFO - Processing /root/airflow-venv/lib/python3.12/site-packages/airflow/example_dags/example_complex.py took 0.258 seconds
[2024-11-21T21:27:10.233+0000] {processor.py:186} INFO - Started process (PID=3654) to work on /root/airflow-venv/lib/python3.12/site-packages/airflow/example_dags/example_complex.py
[2024-11-21T21:27:10.234+0000] {processor.py:914} INFO - Processing file /root/airflow-venv/lib/python3.12/site-packages/airflow/example_dags/example_complex.py for tasks to queue
[2024-11-21T21:27:10.237+0000] {logging_mixin.py:190} INFO - [2024-11-21T21:27:10.237+0000] {dagbag.py:588} INFO - Filling up the DagBag from /root/airflow-venv/lib/python3.12/site-packages/airflow/example_dags/example_complex.py
[2024-11-21T21:27:10.251+0000] {processor.py:925} INFO - DAG(s) 'example_complex' retrieved from /root/airflow-venv/lib/python3.12/site-packages/airflow/example_dags/example_complex.py
[2024-11-21T21:27:10.279+0000] {logging_mixin.py:190} INFO - [2024-11-21T21:27:10.279+0000] {dag.py:3239} INFO - Sync 1 DAGs
[2024-11-21T21:27:10.293+0000] {logging_mixin.py:190} INFO - [2024-11-21T21:27:10.293+0000] {dag.py:4180} INFO - Setting next_dagrun for example_complex to None, run_after=None
[2024-11-21T21:27:10.316+0000] {processor.py:208} INFO - Processing /root/airflow-venv/lib/python3.12/site-packages/airflow/example_dags/example_complex.py took 0.092 seconds
[2024-11-21T21:28:07.146+0000] {processor.py:186} INFO - Started process (PID=3713) to work on /root/airflow-venv/lib/python3.12/site-packages/airflow/example_dags/example_complex.py
[2024-11-21T21:28:07.147+0000] {processor.py:914} INFO - Processing file /root/airflow-venv/lib/python3.12/site-packages/airflow/example_dags/example_complex.py for tasks to queue
[2024-11-21T21:28:07.150+0000] {logging_mixin.py:190} INFO - [2024-11-21T21:28:07.149+0000] {dagbag.py:588} INFO - Filling up the DagBag from /root/airflow-venv/lib/python3.12/site-packages/airflow/example_dags/example_complex.py
[2024-11-21T21:28:07.164+0000] {processor.py:925} INFO - DAG(s) 'example_complex' retrieved from /root/airflow-venv/lib/python3.12/site-packages/airflow/example_dags/example_complex.py
[2024-11-21T21:28:07.196+0000] {logging_mixin.py:190} INFO - [2024-11-21T21:28:07.195+0000] {dag.py:3239} INFO - Sync 1 DAGs
[2024-11-21T21:28:07.211+0000] {logging_mixin.py:190} INFO - [2024-11-21T21:28:07.211+0000] {dag.py:4180} INFO - Setting next_dagrun for example_complex to None, run_after=None
[2024-11-21T21:28:07.234+0000] {processor.py:208} INFO - Processing /root/airflow-venv/lib/python3.12/site-packages/airflow/example_dags/example_complex.py took 0.095 seconds
[2024-11-21T21:29:02.182+0000] {processor.py:186} INFO - Started process (PID=3770) to work on /root/airflow-venv/lib/python3.12/site-packages/airflow/example_dags/example_complex.py
[2024-11-21T21:29:02.184+0000] {processor.py:914} INFO - Processing file /root/airflow-venv/lib/python3.12/site-packages/airflow/example_dags/example_complex.py for tasks to queue
[2024-11-21T21:29:02.187+0000] {logging_mixin.py:190} INFO - [2024-11-21T21:29:02.187+0000] {dagbag.py:588} INFO - Filling up the DagBag from /root/airflow-venv/lib/python3.12/site-packages/airflow/example_dags/example_complex.py
[2024-11-21T21:29:02.205+0000] {processor.py:925} INFO - DAG(s) 'example_complex' retrieved from /root/airflow-venv/lib/python3.12/site-packages/airflow/example_dags/example_complex.py
[2024-11-21T21:29:02.243+0000] {logging_mixin.py:190} INFO - [2024-11-21T21:29:02.242+0000] {dag.py:3239} INFO - Sync 1 DAGs
[2024-11-21T21:29:02.259+0000] {logging_mixin.py:190} INFO - [2024-11-21T21:29:02.259+0000] {dag.py:4180} INFO - Setting next_dagrun for example_complex to None, run_after=None
[2024-11-21T21:29:02.288+0000] {processor.py:208} INFO - Processing /root/airflow-venv/lib/python3.12/site-packages/airflow/example_dags/example_complex.py took 0.116 seconds
[2024-11-21T21:29:56.306+0000] {processor.py:186} INFO - Started process (PID=3884) to work on /root/airflow-venv/lib/python3.12/site-packages/airflow/example_dags/example_complex.py
[2024-11-21T21:29:56.308+0000] {processor.py:914} INFO - Processing file /root/airflow-venv/lib/python3.12/site-packages/airflow/example_dags/example_complex.py for tasks to queue
[2024-11-21T21:29:56.311+0000] {logging_mixin.py:190} INFO - [2024-11-21T21:29:56.310+0000] {dagbag.py:588} INFO - Filling up the DagBag from /root/airflow-venv/lib/python3.12/site-packages/airflow/example_dags/example_complex.py
[2024-11-21T21:29:56.327+0000] {processor.py:925} INFO - DAG(s) 'example_complex' retrieved from /root/airflow-venv/lib/python3.12/site-packages/airflow/example_dags/example_complex.py
[2024-11-21T21:29:56.358+0000] {logging_mixin.py:190} INFO - [2024-11-21T21:29:56.358+0000] {dag.py:3239} INFO - Sync 1 DAGs
[2024-11-21T21:29:56.372+0000] {logging_mixin.py:190} INFO - [2024-11-21T21:29:56.372+0000] {dag.py:4180} INFO - Setting next_dagrun for example_complex to None, run_after=None
[2024-11-21T21:29:56.397+0000] {processor.py:208} INFO - Processing /root/airflow-venv/lib/python3.12/site-packages/airflow/example_dags/example_complex.py took 0.100 seconds
[2024-11-21T21:31:16.674+0000] {processor.py:186} INFO - Started process (PID=3974) to work on /root/airflow-venv/lib/python3.12/site-packages/airflow/example_dags/example_complex.py
[2024-11-21T21:31:16.676+0000] {processor.py:914} INFO - Processing file /root/airflow-venv/lib/python3.12/site-packages/airflow/example_dags/example_complex.py for tasks to queue
[2024-11-21T21:31:16.680+0000] {logging_mixin.py:190} INFO - [2024-11-21T21:31:16.679+0000] {dagbag.py:588} INFO - Filling up the DagBag from /root/airflow-venv/lib/python3.12/site-packages/airflow/example_dags/example_complex.py
[2024-11-21T21:31:16.703+0000] {processor.py:925} INFO - DAG(s) 'example_complex' retrieved from /root/airflow-venv/lib/python3.12/site-packages/airflow/example_dags/example_complex.py
[2024-11-21T21:31:16.750+0000] {logging_mixin.py:190} INFO - [2024-11-21T21:31:16.749+0000] {dag.py:3239} INFO - Sync 1 DAGs
[2024-11-21T21:31:16.774+0000] {logging_mixin.py:190} INFO - [2024-11-21T21:31:16.774+0000] {dag.py:4180} INFO - Setting next_dagrun for example_complex to None, run_after=None
[2024-11-21T21:31:16.813+0000] {processor.py:208} INFO - Processing /root/airflow-venv/lib/python3.12/site-packages/airflow/example_dags/example_complex.py took 0.149 seconds
