[2024-11-21T21:20:25.979+0000] {processor.py:186} INFO - Started process (PID=3230) to work on /root/airflow-venv/lib/python3.12/site-packages/airflow/example_dags/example_python_operator.py
[2024-11-21T21:20:25.981+0000] {processor.py:914} INFO - Processing file /root/airflow-venv/lib/python3.12/site-packages/airflow/example_dags/example_python_operator.py for tasks to queue
[2024-11-21T21:20:25.984+0000] {logging_mixin.py:190} INFO - [2024-11-21T21:20:25.984+0000] {dagbag.py:588} INFO - Filling up the DagBag from /root/airflow-venv/lib/python3.12/site-packages/airflow/example_dags/example_python_operator.py
[2024-11-21T21:20:25.996+0000] {logging_mixin.py:190} INFO - [2024-11-21T21:20:25.996+0000] {example_python_operator.py:93} WARNING - The virtalenv_python example task requires virtualenv, please install it.
[2024-11-21T21:20:26.001+0000] {processor.py:925} INFO - DAG(s) 'example_python_operator' retrieved from /root/airflow-venv/lib/python3.12/site-packages/airflow/example_dags/example_python_operator.py
[2024-11-21T21:20:26.170+0000] {logging_mixin.py:190} INFO - [2024-11-21T21:20:26.169+0000] {override.py:1911} INFO - Created Permission View: can delete on DAG:example_python_operator
[2024-11-21T21:20:26.183+0000] {logging_mixin.py:190} INFO - [2024-11-21T21:20:26.182+0000] {override.py:1911} INFO - Created Permission View: can edit on DAG:example_python_operator
[2024-11-21T21:20:26.192+0000] {logging_mixin.py:190} INFO - [2024-11-21T21:20:26.192+0000] {override.py:1911} INFO - Created Permission View: can read on DAG:example_python_operator
[2024-11-21T21:20:26.213+0000] {logging_mixin.py:190} INFO - [2024-11-21T21:20:26.213+0000] {override.py:1911} INFO - Created Permission View: can delete on DAG Run:example_python_operator
[2024-11-21T21:20:26.229+0000] {logging_mixin.py:190} INFO - [2024-11-21T21:20:26.228+0000] {override.py:1911} INFO - Created Permission View: can create on DAG Run:example_python_operator
[2024-11-21T21:20:26.241+0000] {logging_mixin.py:190} INFO - [2024-11-21T21:20:26.240+0000] {override.py:1911} INFO - Created Permission View: can read on DAG Run:example_python_operator
[2024-11-21T21:20:26.253+0000] {logging_mixin.py:190} INFO - [2024-11-21T21:20:26.253+0000] {override.py:1911} INFO - Created Permission View: menu access on DAG Run:example_python_operator
[2024-11-21T21:20:26.254+0000] {logging_mixin.py:190} INFO - [2024-11-21T21:20:26.253+0000] {dag.py:3239} INFO - Sync 1 DAGs
[2024-11-21T21:20:26.274+0000] {logging_mixin.py:190} INFO - [2024-11-21T21:20:26.274+0000] {dag.py:3262} INFO - Creating ORM DAG for example_python_operator
[2024-11-21T21:20:26.275+0000] {logging_mixin.py:190} INFO - [2024-11-21T21:20:26.275+0000] {dag.py:4180} INFO - Setting next_dagrun for example_python_operator to None, run_after=None
[2024-11-21T21:20:26.313+0000] {processor.py:208} INFO - Processing /root/airflow-venv/lib/python3.12/site-packages/airflow/example_dags/example_python_operator.py took 0.343 seconds
[2024-11-21T21:20:38.092+0000] {processor.py:186} INFO - Started process (PID=3253) to work on /root/airflow-venv/lib/python3.12/site-packages/airflow/example_dags/example_python_operator.py
[2024-11-21T21:20:38.093+0000] {processor.py:914} INFO - Processing file /root/airflow-venv/lib/python3.12/site-packages/airflow/example_dags/example_python_operator.py for tasks to queue
[2024-11-21T21:20:38.095+0000] {logging_mixin.py:190} INFO - [2024-11-21T21:20:38.095+0000] {dagbag.py:588} INFO - Filling up the DagBag from /root/airflow-venv/lib/python3.12/site-packages/airflow/example_dags/example_python_operator.py
[2024-11-21T21:20:38.103+0000] {logging_mixin.py:190} INFO - [2024-11-21T21:20:38.103+0000] {example_python_operator.py:93} WARNING - The virtalenv_python example task requires virtualenv, please install it.
[2024-11-21T21:20:38.106+0000] {processor.py:925} INFO - DAG(s) 'example_python_operator' retrieved from /root/airflow-venv/lib/python3.12/site-packages/airflow/example_dags/example_python_operator.py
[2024-11-21T21:20:38.116+0000] {logging_mixin.py:190} INFO - [2024-11-21T21:20:38.116+0000] {dag.py:3239} INFO - Sync 1 DAGs
[2024-11-21T21:20:38.130+0000] {logging_mixin.py:190} INFO - [2024-11-21T21:20:38.130+0000] {dag.py:4180} INFO - Setting next_dagrun for example_python_operator to None, run_after=None
[2024-11-21T21:20:38.155+0000] {processor.py:208} INFO - Processing /root/airflow-venv/lib/python3.12/site-packages/airflow/example_dags/example_python_operator.py took 0.069 seconds
[2024-11-21T21:21:32.376+0000] {processor.py:186} INFO - Started process (PID=3326) to work on /root/airflow-venv/lib/python3.12/site-packages/airflow/example_dags/example_python_operator.py
[2024-11-21T21:21:32.378+0000] {processor.py:914} INFO - Processing file /root/airflow-venv/lib/python3.12/site-packages/airflow/example_dags/example_python_operator.py for tasks to queue
[2024-11-21T21:21:32.382+0000] {logging_mixin.py:190} INFO - [2024-11-21T21:21:32.381+0000] {dagbag.py:588} INFO - Filling up the DagBag from /root/airflow-venv/lib/python3.12/site-packages/airflow/example_dags/example_python_operator.py
[2024-11-21T21:21:32.395+0000] {logging_mixin.py:190} INFO - [2024-11-21T21:21:32.394+0000] {example_python_operator.py:93} WARNING - The virtalenv_python example task requires virtualenv, please install it.
[2024-11-21T21:21:32.399+0000] {processor.py:925} INFO - DAG(s) 'example_python_operator' retrieved from /root/airflow-venv/lib/python3.12/site-packages/airflow/example_dags/example_python_operator.py
[2024-11-21T21:21:32.430+0000] {logging_mixin.py:190} INFO - [2024-11-21T21:21:32.429+0000] {dag.py:3239} INFO - Sync 1 DAGs
[2024-11-21T21:21:32.450+0000] {logging_mixin.py:190} INFO - [2024-11-21T21:21:32.450+0000] {dag.py:4180} INFO - Setting next_dagrun for example_python_operator to None, run_after=None
[2024-11-21T21:21:32.485+0000] {processor.py:208} INFO - Processing /root/airflow-venv/lib/python3.12/site-packages/airflow/example_dags/example_python_operator.py took 0.119 seconds
[2024-11-21T21:22:33.119+0000] {processor.py:186} INFO - Started process (PID=3384) to work on /root/airflow-venv/lib/python3.12/site-packages/airflow/example_dags/example_python_operator.py
[2024-11-21T21:22:33.121+0000] {processor.py:914} INFO - Processing file /root/airflow-venv/lib/python3.12/site-packages/airflow/example_dags/example_python_operator.py for tasks to queue
[2024-11-21T21:22:33.124+0000] {logging_mixin.py:190} INFO - [2024-11-21T21:22:33.124+0000] {dagbag.py:588} INFO - Filling up the DagBag from /root/airflow-venv/lib/python3.12/site-packages/airflow/example_dags/example_python_operator.py
[2024-11-21T21:22:33.136+0000] {logging_mixin.py:190} INFO - [2024-11-21T21:22:33.136+0000] {example_python_operator.py:93} WARNING - The virtalenv_python example task requires virtualenv, please install it.
[2024-11-21T21:22:33.140+0000] {processor.py:925} INFO - DAG(s) 'example_python_operator' retrieved from /root/airflow-venv/lib/python3.12/site-packages/airflow/example_dags/example_python_operator.py
[2024-11-21T21:22:33.167+0000] {logging_mixin.py:190} INFO - [2024-11-21T21:22:33.167+0000] {dag.py:3239} INFO - Sync 1 DAGs
[2024-11-21T21:22:33.183+0000] {logging_mixin.py:190} INFO - [2024-11-21T21:22:33.182+0000] {dag.py:4180} INFO - Setting next_dagrun for example_python_operator to None, run_after=None
[2024-11-21T21:22:33.207+0000] {processor.py:208} INFO - Processing /root/airflow-venv/lib/python3.12/site-packages/airflow/example_dags/example_python_operator.py took 0.099 seconds
[2024-11-21T21:23:32.420+0000] {processor.py:186} INFO - Started process (PID=3444) to work on /root/airflow-venv/lib/python3.12/site-packages/airflow/example_dags/example_python_operator.py
[2024-11-21T21:23:32.422+0000] {processor.py:914} INFO - Processing file /root/airflow-venv/lib/python3.12/site-packages/airflow/example_dags/example_python_operator.py for tasks to queue
[2024-11-21T21:23:32.427+0000] {logging_mixin.py:190} INFO - [2024-11-21T21:23:32.426+0000] {dagbag.py:588} INFO - Filling up the DagBag from /root/airflow-venv/lib/python3.12/site-packages/airflow/example_dags/example_python_operator.py
[2024-11-21T21:23:32.440+0000] {logging_mixin.py:190} INFO - [2024-11-21T21:23:32.440+0000] {example_python_operator.py:93} WARNING - The virtalenv_python example task requires virtualenv, please install it.
[2024-11-21T21:23:32.445+0000] {processor.py:925} INFO - DAG(s) 'example_python_operator' retrieved from /root/airflow-venv/lib/python3.12/site-packages/airflow/example_dags/example_python_operator.py
[2024-11-21T21:23:32.478+0000] {logging_mixin.py:190} INFO - [2024-11-21T21:23:32.477+0000] {dag.py:3239} INFO - Sync 1 DAGs
[2024-11-21T21:23:32.502+0000] {logging_mixin.py:190} INFO - [2024-11-21T21:23:32.502+0000] {dag.py:4180} INFO - Setting next_dagrun for example_python_operator to None, run_after=None
[2024-11-21T21:23:32.536+0000] {processor.py:208} INFO - Processing /root/airflow-venv/lib/python3.12/site-packages/airflow/example_dags/example_python_operator.py took 0.126 seconds
[2024-11-21T21:24:30.965+0000] {processor.py:186} INFO - Started process (PID=3501) to work on /root/airflow-venv/lib/python3.12/site-packages/airflow/example_dags/example_python_operator.py
[2024-11-21T21:24:30.966+0000] {processor.py:914} INFO - Processing file /root/airflow-venv/lib/python3.12/site-packages/airflow/example_dags/example_python_operator.py for tasks to queue
[2024-11-21T21:24:30.969+0000] {logging_mixin.py:190} INFO - [2024-11-21T21:24:30.968+0000] {dagbag.py:588} INFO - Filling up the DagBag from /root/airflow-venv/lib/python3.12/site-packages/airflow/example_dags/example_python_operator.py
[2024-11-21T21:24:30.977+0000] {logging_mixin.py:190} INFO - [2024-11-21T21:24:30.977+0000] {example_python_operator.py:93} WARNING - The virtalenv_python example task requires virtualenv, please install it.
[2024-11-21T21:24:30.981+0000] {processor.py:925} INFO - DAG(s) 'example_python_operator' retrieved from /root/airflow-venv/lib/python3.12/site-packages/airflow/example_dags/example_python_operator.py
[2024-11-21T21:24:31.004+0000] {logging_mixin.py:190} INFO - [2024-11-21T21:24:31.003+0000] {dag.py:3239} INFO - Sync 1 DAGs
[2024-11-21T21:24:31.020+0000] {logging_mixin.py:190} INFO - [2024-11-21T21:24:31.019+0000] {dag.py:4180} INFO - Setting next_dagrun for example_python_operator to None, run_after=None
[2024-11-21T21:24:31.044+0000] {processor.py:208} INFO - Processing /root/airflow-venv/lib/python3.12/site-packages/airflow/example_dags/example_python_operator.py took 0.087 seconds
[2024-11-21T21:25:27.671+0000] {processor.py:186} INFO - Started process (PID=3561) to work on /root/airflow-venv/lib/python3.12/site-packages/airflow/example_dags/example_python_operator.py
[2024-11-21T21:25:27.673+0000] {processor.py:914} INFO - Processing file /root/airflow-venv/lib/python3.12/site-packages/airflow/example_dags/example_python_operator.py for tasks to queue
[2024-11-21T21:25:27.675+0000] {logging_mixin.py:190} INFO - [2024-11-21T21:25:27.675+0000] {dagbag.py:588} INFO - Filling up the DagBag from /root/airflow-venv/lib/python3.12/site-packages/airflow/example_dags/example_python_operator.py
[2024-11-21T21:25:27.684+0000] {logging_mixin.py:190} INFO - [2024-11-21T21:25:27.684+0000] {example_python_operator.py:93} WARNING - The virtalenv_python example task requires virtualenv, please install it.
[2024-11-21T21:25:27.688+0000] {processor.py:925} INFO - DAG(s) 'example_python_operator' retrieved from /root/airflow-venv/lib/python3.12/site-packages/airflow/example_dags/example_python_operator.py
[2024-11-21T21:25:27.711+0000] {logging_mixin.py:190} INFO - [2024-11-21T21:25:27.711+0000] {dag.py:3239} INFO - Sync 1 DAGs
[2024-11-21T21:25:27.726+0000] {logging_mixin.py:190} INFO - [2024-11-21T21:25:27.726+0000] {dag.py:4180} INFO - Setting next_dagrun for example_python_operator to None, run_after=None
[2024-11-21T21:25:27.750+0000] {processor.py:208} INFO - Processing /root/airflow-venv/lib/python3.12/site-packages/airflow/example_dags/example_python_operator.py took 0.088 seconds
[2024-11-21T21:26:32.391+0000] {processor.py:186} INFO - Started process (PID=3619) to work on /root/airflow-venv/lib/python3.12/site-packages/airflow/example_dags/example_python_operator.py
[2024-11-21T21:26:32.393+0000] {processor.py:914} INFO - Processing file /root/airflow-venv/lib/python3.12/site-packages/airflow/example_dags/example_python_operator.py for tasks to queue
[2024-11-21T21:26:32.395+0000] {logging_mixin.py:190} INFO - [2024-11-21T21:26:32.395+0000] {dagbag.py:588} INFO - Filling up the DagBag from /root/airflow-venv/lib/python3.12/site-packages/airflow/example_dags/example_python_operator.py
[2024-11-21T21:26:32.404+0000] {logging_mixin.py:190} INFO - [2024-11-21T21:26:32.404+0000] {example_python_operator.py:93} WARNING - The virtalenv_python example task requires virtualenv, please install it.
[2024-11-21T21:26:32.407+0000] {processor.py:925} INFO - DAG(s) 'example_python_operator' retrieved from /root/airflow-venv/lib/python3.12/site-packages/airflow/example_dags/example_python_operator.py
[2024-11-21T21:26:32.562+0000] {logging_mixin.py:190} INFO - [2024-11-21T21:26:32.562+0000] {dag.py:3239} INFO - Sync 1 DAGs
[2024-11-21T21:26:32.573+0000] {logging_mixin.py:190} INFO - [2024-11-21T21:26:32.573+0000] {dag.py:4180} INFO - Setting next_dagrun for example_python_operator to None, run_after=None
[2024-11-21T21:26:32.591+0000] {processor.py:208} INFO - Processing /root/airflow-venv/lib/python3.12/site-packages/airflow/example_dags/example_python_operator.py took 0.207 seconds
[2024-11-21T21:27:34.731+0000] {processor.py:186} INFO - Started process (PID=3679) to work on /root/airflow-venv/lib/python3.12/site-packages/airflow/example_dags/example_python_operator.py
[2024-11-21T21:27:34.733+0000] {processor.py:914} INFO - Processing file /root/airflow-venv/lib/python3.12/site-packages/airflow/example_dags/example_python_operator.py for tasks to queue
[2024-11-21T21:27:34.736+0000] {logging_mixin.py:190} INFO - [2024-11-21T21:27:34.736+0000] {dagbag.py:588} INFO - Filling up the DagBag from /root/airflow-venv/lib/python3.12/site-packages/airflow/example_dags/example_python_operator.py
[2024-11-21T21:27:34.748+0000] {logging_mixin.py:190} INFO - [2024-11-21T21:27:34.748+0000] {example_python_operator.py:93} WARNING - The virtalenv_python example task requires virtualenv, please install it.
[2024-11-21T21:27:34.752+0000] {processor.py:925} INFO - DAG(s) 'example_python_operator' retrieved from /root/airflow-venv/lib/python3.12/site-packages/airflow/example_dags/example_python_operator.py
[2024-11-21T21:27:34.781+0000] {logging_mixin.py:190} INFO - [2024-11-21T21:27:34.780+0000] {dag.py:3239} INFO - Sync 1 DAGs
[2024-11-21T21:27:34.800+0000] {logging_mixin.py:190} INFO - [2024-11-21T21:27:34.799+0000] {dag.py:4180} INFO - Setting next_dagrun for example_python_operator to None, run_after=None
[2024-11-21T21:27:34.828+0000] {processor.py:208} INFO - Processing /root/airflow-venv/lib/python3.12/site-packages/airflow/example_dags/example_python_operator.py took 0.107 seconds
[2024-11-21T21:28:31.222+0000] {processor.py:186} INFO - Started process (PID=3738) to work on /root/airflow-venv/lib/python3.12/site-packages/airflow/example_dags/example_python_operator.py
[2024-11-21T21:28:31.224+0000] {processor.py:914} INFO - Processing file /root/airflow-venv/lib/python3.12/site-packages/airflow/example_dags/example_python_operator.py for tasks to queue
[2024-11-21T21:28:31.229+0000] {logging_mixin.py:190} INFO - [2024-11-21T21:28:31.228+0000] {dagbag.py:588} INFO - Filling up the DagBag from /root/airflow-venv/lib/python3.12/site-packages/airflow/example_dags/example_python_operator.py
[2024-11-21T21:28:31.239+0000] {logging_mixin.py:190} INFO - [2024-11-21T21:28:31.238+0000] {example_python_operator.py:93} WARNING - The virtalenv_python example task requires virtualenv, please install it.
[2024-11-21T21:28:31.242+0000] {processor.py:925} INFO - DAG(s) 'example_python_operator' retrieved from /root/airflow-venv/lib/python3.12/site-packages/airflow/example_dags/example_python_operator.py
[2024-11-21T21:28:31.271+0000] {logging_mixin.py:190} INFO - [2024-11-21T21:28:31.271+0000] {dag.py:3239} INFO - Sync 1 DAGs
[2024-11-21T21:28:31.295+0000] {logging_mixin.py:190} INFO - [2024-11-21T21:28:31.294+0000] {dag.py:4180} INFO - Setting next_dagrun for example_python_operator to None, run_after=None
[2024-11-21T21:28:31.330+0000] {processor.py:208} INFO - Processing /root/airflow-venv/lib/python3.12/site-packages/airflow/example_dags/example_python_operator.py took 0.115 seconds
[2024-11-21T21:29:26.816+0000] {processor.py:186} INFO - Started process (PID=3805) to work on /root/airflow-venv/lib/python3.12/site-packages/airflow/example_dags/example_python_operator.py
[2024-11-21T21:29:26.818+0000] {processor.py:914} INFO - Processing file /root/airflow-venv/lib/python3.12/site-packages/airflow/example_dags/example_python_operator.py for tasks to queue
[2024-11-21T21:29:26.821+0000] {logging_mixin.py:190} INFO - [2024-11-21T21:29:26.820+0000] {dagbag.py:588} INFO - Filling up the DagBag from /root/airflow-venv/lib/python3.12/site-packages/airflow/example_dags/example_python_operator.py
[2024-11-21T21:29:26.830+0000] {logging_mixin.py:190} INFO - [2024-11-21T21:29:26.830+0000] {example_python_operator.py:93} WARNING - The virtalenv_python example task requires virtualenv, please install it.
[2024-11-21T21:29:26.833+0000] {processor.py:925} INFO - DAG(s) 'example_python_operator' retrieved from /root/airflow-venv/lib/python3.12/site-packages/airflow/example_dags/example_python_operator.py
[2024-11-21T21:29:26.859+0000] {logging_mixin.py:190} INFO - [2024-11-21T21:29:26.858+0000] {dag.py:3239} INFO - Sync 1 DAGs
[2024-11-21T21:29:26.877+0000] {logging_mixin.py:190} INFO - [2024-11-21T21:29:26.877+0000] {dag.py:4180} INFO - Setting next_dagrun for example_python_operator to None, run_after=None
[2024-11-21T21:29:26.902+0000] {processor.py:208} INFO - Processing /root/airflow-venv/lib/python3.12/site-packages/airflow/example_dags/example_python_operator.py took 0.094 seconds
[2024-11-21T21:30:20.526+0000] {processor.py:186} INFO - Started process (PID=3915) to work on /root/airflow-venv/lib/python3.12/site-packages/airflow/example_dags/example_python_operator.py
[2024-11-21T21:30:20.527+0000] {processor.py:914} INFO - Processing file /root/airflow-venv/lib/python3.12/site-packages/airflow/example_dags/example_python_operator.py for tasks to queue
[2024-11-21T21:30:20.530+0000] {logging_mixin.py:190} INFO - [2024-11-21T21:30:20.529+0000] {dagbag.py:588} INFO - Filling up the DagBag from /root/airflow-venv/lib/python3.12/site-packages/airflow/example_dags/example_python_operator.py
[2024-11-21T21:30:20.538+0000] {logging_mixin.py:190} INFO - [2024-11-21T21:30:20.538+0000] {example_python_operator.py:93} WARNING - The virtalenv_python example task requires virtualenv, please install it.
[2024-11-21T21:30:20.541+0000] {processor.py:925} INFO - DAG(s) 'example_python_operator' retrieved from /root/airflow-venv/lib/python3.12/site-packages/airflow/example_dags/example_python_operator.py
[2024-11-21T21:30:20.561+0000] {logging_mixin.py:190} INFO - [2024-11-21T21:30:20.561+0000] {dag.py:3239} INFO - Sync 1 DAGs
[2024-11-21T21:30:20.575+0000] {logging_mixin.py:190} INFO - [2024-11-21T21:30:20.574+0000] {dag.py:4180} INFO - Setting next_dagrun for example_python_operator to None, run_after=None
[2024-11-21T21:30:20.595+0000] {processor.py:208} INFO - Processing /root/airflow-venv/lib/python3.12/site-packages/airflow/example_dags/example_python_operator.py took 0.075 seconds
[2024-11-21T21:31:13.204+0000] {processor.py:186} INFO - Started process (PID=3971) to work on /root/airflow-venv/lib/python3.12/site-packages/airflow/example_dags/example_python_operator.py
[2024-11-21T21:31:13.206+0000] {processor.py:914} INFO - Processing file /root/airflow-venv/lib/python3.12/site-packages/airflow/example_dags/example_python_operator.py for tasks to queue
[2024-11-21T21:31:13.209+0000] {logging_mixin.py:190} INFO - [2024-11-21T21:31:13.208+0000] {dagbag.py:588} INFO - Filling up the DagBag from /root/airflow-venv/lib/python3.12/site-packages/airflow/example_dags/example_python_operator.py
[2024-11-21T21:31:13.217+0000] {logging_mixin.py:190} INFO - [2024-11-21T21:31:13.217+0000] {example_python_operator.py:93} WARNING - The virtalenv_python example task requires virtualenv, please install it.
[2024-11-21T21:31:13.220+0000] {processor.py:925} INFO - DAG(s) 'example_python_operator' retrieved from /root/airflow-venv/lib/python3.12/site-packages/airflow/example_dags/example_python_operator.py
[2024-11-21T21:31:13.240+0000] {logging_mixin.py:190} INFO - [2024-11-21T21:31:13.240+0000] {dag.py:3239} INFO - Sync 1 DAGs
[2024-11-21T21:31:13.254+0000] {logging_mixin.py:190} INFO - [2024-11-21T21:31:13.254+0000] {dag.py:4180} INFO - Setting next_dagrun for example_python_operator to None, run_after=None
[2024-11-21T21:31:13.277+0000] {processor.py:208} INFO - Processing /root/airflow-venv/lib/python3.12/site-packages/airflow/example_dags/example_python_operator.py took 0.081 seconds
