[2024-11-21T21:20:26.458+0000] {processor.py:186} INFO - Started process (PID=3232) to work on /root/airflow-venv/lib/python3.12/site-packages/airflow/example_dags/example_sensors.py
[2024-11-21T21:20:26.459+0000] {processor.py:914} INFO - Processing file /root/airflow-venv/lib/python3.12/site-packages/airflow/example_dags/example_sensors.py for tasks to queue
[2024-11-21T21:20:26.463+0000] {logging_mixin.py:190} INFO - [2024-11-21T21:20:26.462+0000] {dagbag.py:588} INFO - Filling up the DagBag from /root/airflow-venv/lib/python3.12/site-packages/airflow/example_dags/example_sensors.py
[2024-11-21T21:20:26.481+0000] {processor.py:925} INFO - DAG(s) 'example_sensors' retrieved from /root/airflow-venv/lib/python3.12/site-packages/airflow/example_dags/example_sensors.py
[2024-11-21T21:20:26.654+0000] {logging_mixin.py:190} INFO - [2024-11-21T21:20:26.653+0000] {override.py:1911} INFO - Created Permission View: can delete on DAG:example_sensors
[2024-11-21T21:20:26.673+0000] {logging_mixin.py:190} INFO - [2024-11-21T21:20:26.673+0000] {override.py:1911} INFO - Created Permission View: can edit on DAG:example_sensors
[2024-11-21T21:20:26.684+0000] {logging_mixin.py:190} INFO - [2024-11-21T21:20:26.683+0000] {override.py:1911} INFO - Created Permission View: can read on DAG:example_sensors
[2024-11-21T21:20:26.701+0000] {logging_mixin.py:190} INFO - [2024-11-21T21:20:26.700+0000] {override.py:1911} INFO - Created Permission View: can delete on DAG Run:example_sensors
[2024-11-21T21:20:26.713+0000] {logging_mixin.py:190} INFO - [2024-11-21T21:20:26.713+0000] {override.py:1911} INFO - Created Permission View: can create on DAG Run:example_sensors
[2024-11-21T21:20:26.727+0000] {logging_mixin.py:190} INFO - [2024-11-21T21:20:26.727+0000] {override.py:1911} INFO - Created Permission View: can read on DAG Run:example_sensors
[2024-11-21T21:20:26.740+0000] {logging_mixin.py:190} INFO - [2024-11-21T21:20:26.739+0000] {override.py:1911} INFO - Created Permission View: menu access on DAG Run:example_sensors
[2024-11-21T21:20:26.740+0000] {logging_mixin.py:190} INFO - [2024-11-21T21:20:26.740+0000] {dag.py:3239} INFO - Sync 1 DAGs
[2024-11-21T21:20:26.758+0000] {logging_mixin.py:190} INFO - [2024-11-21T21:20:26.757+0000] {dag.py:3262} INFO - Creating ORM DAG for example_sensors
[2024-11-21T21:20:26.759+0000] {logging_mixin.py:190} INFO - [2024-11-21T21:20:26.758+0000] {dag.py:4180} INFO - Setting next_dagrun for example_sensors to None, run_after=None
[2024-11-21T21:20:26.788+0000] {processor.py:208} INFO - Processing /root/airflow-venv/lib/python3.12/site-packages/airflow/example_dags/example_sensors.py took 0.339 seconds
[2024-11-21T21:20:39.247+0000] {processor.py:186} INFO - Started process (PID=3255) to work on /root/airflow-venv/lib/python3.12/site-packages/airflow/example_dags/example_sensors.py
[2024-11-21T21:20:39.247+0000] {processor.py:914} INFO - Processing file /root/airflow-venv/lib/python3.12/site-packages/airflow/example_dags/example_sensors.py for tasks to queue
[2024-11-21T21:20:39.250+0000] {logging_mixin.py:190} INFO - [2024-11-21T21:20:39.249+0000] {dagbag.py:588} INFO - Filling up the DagBag from /root/airflow-venv/lib/python3.12/site-packages/airflow/example_dags/example_sensors.py
[2024-11-21T21:20:39.263+0000] {processor.py:925} INFO - DAG(s) 'example_sensors' retrieved from /root/airflow-venv/lib/python3.12/site-packages/airflow/example_dags/example_sensors.py
[2024-11-21T21:20:39.273+0000] {logging_mixin.py:190} INFO - [2024-11-21T21:20:39.273+0000] {dag.py:3239} INFO - Sync 1 DAGs
[2024-11-21T21:20:39.289+0000] {logging_mixin.py:190} INFO - [2024-11-21T21:20:39.289+0000] {dag.py:4180} INFO - Setting next_dagrun for example_sensors to None, run_after=None
[2024-11-21T21:20:39.309+0000] {processor.py:208} INFO - Processing /root/airflow-venv/lib/python3.12/site-packages/airflow/example_dags/example_sensors.py took 0.069 seconds
[2024-11-21T21:21:33.629+0000] {processor.py:186} INFO - Started process (PID=3327) to work on /root/airflow-venv/lib/python3.12/site-packages/airflow/example_dags/example_sensors.py
[2024-11-21T21:21:33.631+0000] {processor.py:914} INFO - Processing file /root/airflow-venv/lib/python3.12/site-packages/airflow/example_dags/example_sensors.py for tasks to queue
[2024-11-21T21:21:33.634+0000] {logging_mixin.py:190} INFO - [2024-11-21T21:21:33.634+0000] {dagbag.py:588} INFO - Filling up the DagBag from /root/airflow-venv/lib/python3.12/site-packages/airflow/example_dags/example_sensors.py
[2024-11-21T21:21:33.653+0000] {processor.py:925} INFO - DAG(s) 'example_sensors' retrieved from /root/airflow-venv/lib/python3.12/site-packages/airflow/example_dags/example_sensors.py
[2024-11-21T21:21:33.691+0000] {logging_mixin.py:190} INFO - [2024-11-21T21:21:33.690+0000] {dag.py:3239} INFO - Sync 1 DAGs
[2024-11-21T21:21:33.714+0000] {logging_mixin.py:190} INFO - [2024-11-21T21:21:33.713+0000] {dag.py:4180} INFO - Setting next_dagrun for example_sensors to None, run_after=None
[2024-11-21T21:21:33.752+0000] {processor.py:208} INFO - Processing /root/airflow-venv/lib/python3.12/site-packages/airflow/example_dags/example_sensors.py took 0.132 seconds
[2024-11-21T21:22:34.374+0000] {processor.py:186} INFO - Started process (PID=3385) to work on /root/airflow-venv/lib/python3.12/site-packages/airflow/example_dags/example_sensors.py
[2024-11-21T21:22:34.376+0000] {processor.py:914} INFO - Processing file /root/airflow-venv/lib/python3.12/site-packages/airflow/example_dags/example_sensors.py for tasks to queue
[2024-11-21T21:22:34.379+0000] {logging_mixin.py:190} INFO - [2024-11-21T21:22:34.379+0000] {dagbag.py:588} INFO - Filling up the DagBag from /root/airflow-venv/lib/python3.12/site-packages/airflow/example_dags/example_sensors.py
[2024-11-21T21:22:34.397+0000] {processor.py:925} INFO - DAG(s) 'example_sensors' retrieved from /root/airflow-venv/lib/python3.12/site-packages/airflow/example_dags/example_sensors.py
[2024-11-21T21:22:34.427+0000] {logging_mixin.py:190} INFO - [2024-11-21T21:22:34.426+0000] {dag.py:3239} INFO - Sync 1 DAGs
[2024-11-21T21:22:34.446+0000] {logging_mixin.py:190} INFO - [2024-11-21T21:22:34.446+0000] {dag.py:4180} INFO - Setting next_dagrun for example_sensors to None, run_after=None
[2024-11-21T21:22:34.471+0000] {processor.py:208} INFO - Processing /root/airflow-venv/lib/python3.12/site-packages/airflow/example_dags/example_sensors.py took 0.105 seconds
[2024-11-21T21:23:33.677+0000] {processor.py:186} INFO - Started process (PID=3445) to work on /root/airflow-venv/lib/python3.12/site-packages/airflow/example_dags/example_sensors.py
[2024-11-21T21:23:33.679+0000] {processor.py:914} INFO - Processing file /root/airflow-venv/lib/python3.12/site-packages/airflow/example_dags/example_sensors.py for tasks to queue
[2024-11-21T21:23:33.682+0000] {logging_mixin.py:190} INFO - [2024-11-21T21:23:33.681+0000] {dagbag.py:588} INFO - Filling up the DagBag from /root/airflow-venv/lib/python3.12/site-packages/airflow/example_dags/example_sensors.py
[2024-11-21T21:23:33.697+0000] {processor.py:925} INFO - DAG(s) 'example_sensors' retrieved from /root/airflow-venv/lib/python3.12/site-packages/airflow/example_dags/example_sensors.py
[2024-11-21T21:23:33.732+0000] {logging_mixin.py:190} INFO - [2024-11-21T21:23:33.731+0000] {dag.py:3239} INFO - Sync 1 DAGs
[2024-11-21T21:23:33.754+0000] {logging_mixin.py:190} INFO - [2024-11-21T21:23:33.754+0000] {dag.py:4180} INFO - Setting next_dagrun for example_sensors to None, run_after=None
[2024-11-21T21:23:33.788+0000] {processor.py:208} INFO - Processing /root/airflow-venv/lib/python3.12/site-packages/airflow/example_dags/example_sensors.py took 0.119 seconds
[2024-11-21T21:24:32.112+0000] {processor.py:186} INFO - Started process (PID=3502) to work on /root/airflow-venv/lib/python3.12/site-packages/airflow/example_dags/example_sensors.py
[2024-11-21T21:24:32.114+0000] {processor.py:914} INFO - Processing file /root/airflow-venv/lib/python3.12/site-packages/airflow/example_dags/example_sensors.py for tasks to queue
[2024-11-21T21:24:32.117+0000] {logging_mixin.py:190} INFO - [2024-11-21T21:24:32.116+0000] {dagbag.py:588} INFO - Filling up the DagBag from /root/airflow-venv/lib/python3.12/site-packages/airflow/example_dags/example_sensors.py
[2024-11-21T21:24:32.131+0000] {processor.py:925} INFO - DAG(s) 'example_sensors' retrieved from /root/airflow-venv/lib/python3.12/site-packages/airflow/example_dags/example_sensors.py
[2024-11-21T21:24:32.156+0000] {logging_mixin.py:190} INFO - [2024-11-21T21:24:32.156+0000] {dag.py:3239} INFO - Sync 1 DAGs
[2024-11-21T21:24:32.171+0000] {logging_mixin.py:190} INFO - [2024-11-21T21:24:32.170+0000] {dag.py:4180} INFO - Setting next_dagrun for example_sensors to None, run_after=None
[2024-11-21T21:24:32.197+0000] {processor.py:208} INFO - Processing /root/airflow-venv/lib/python3.12/site-packages/airflow/example_dags/example_sensors.py took 0.092 seconds
[2024-11-21T21:25:28.819+0000] {processor.py:186} INFO - Started process (PID=3562) to work on /root/airflow-venv/lib/python3.12/site-packages/airflow/example_dags/example_sensors.py
[2024-11-21T21:25:28.821+0000] {processor.py:914} INFO - Processing file /root/airflow-venv/lib/python3.12/site-packages/airflow/example_dags/example_sensors.py for tasks to queue
[2024-11-21T21:25:28.824+0000] {logging_mixin.py:190} INFO - [2024-11-21T21:25:28.824+0000] {dagbag.py:588} INFO - Filling up the DagBag from /root/airflow-venv/lib/python3.12/site-packages/airflow/example_dags/example_sensors.py
[2024-11-21T21:25:28.840+0000] {processor.py:925} INFO - DAG(s) 'example_sensors' retrieved from /root/airflow-venv/lib/python3.12/site-packages/airflow/example_dags/example_sensors.py
[2024-11-21T21:25:28.873+0000] {logging_mixin.py:190} INFO - [2024-11-21T21:25:28.872+0000] {dag.py:3239} INFO - Sync 1 DAGs
[2024-11-21T21:25:28.891+0000] {logging_mixin.py:190} INFO - [2024-11-21T21:25:28.891+0000] {dag.py:4180} INFO - Setting next_dagrun for example_sensors to None, run_after=None
[2024-11-21T21:25:28.923+0000] {processor.py:208} INFO - Processing /root/airflow-venv/lib/python3.12/site-packages/airflow/example_dags/example_sensors.py took 0.112 seconds
[2024-11-21T21:26:33.344+0000] {processor.py:186} INFO - Started process (PID=3620) to work on /root/airflow-venv/lib/python3.12/site-packages/airflow/example_dags/example_sensors.py
[2024-11-21T21:26:33.346+0000] {processor.py:914} INFO - Processing file /root/airflow-venv/lib/python3.12/site-packages/airflow/example_dags/example_sensors.py for tasks to queue
[2024-11-21T21:26:33.348+0000] {logging_mixin.py:190} INFO - [2024-11-21T21:26:33.348+0000] {dagbag.py:588} INFO - Filling up the DagBag from /root/airflow-venv/lib/python3.12/site-packages/airflow/example_dags/example_sensors.py
[2024-11-21T21:26:33.362+0000] {processor.py:925} INFO - DAG(s) 'example_sensors' retrieved from /root/airflow-venv/lib/python3.12/site-packages/airflow/example_dags/example_sensors.py
[2024-11-21T21:26:33.571+0000] {logging_mixin.py:190} INFO - [2024-11-21T21:26:33.571+0000] {dag.py:3239} INFO - Sync 1 DAGs
[2024-11-21T21:26:33.583+0000] {logging_mixin.py:190} INFO - [2024-11-21T21:26:33.582+0000] {dag.py:4180} INFO - Setting next_dagrun for example_sensors to None, run_after=None
[2024-11-21T21:26:33.608+0000] {processor.py:208} INFO - Processing /root/airflow-venv/lib/python3.12/site-packages/airflow/example_dags/example_sensors.py took 0.271 seconds
[2024-11-21T21:27:35.988+0000] {processor.py:186} INFO - Started process (PID=3680) to work on /root/airflow-venv/lib/python3.12/site-packages/airflow/example_dags/example_sensors.py
[2024-11-21T21:27:35.990+0000] {processor.py:914} INFO - Processing file /root/airflow-venv/lib/python3.12/site-packages/airflow/example_dags/example_sensors.py for tasks to queue
[2024-11-21T21:27:35.992+0000] {logging_mixin.py:190} INFO - [2024-11-21T21:27:35.992+0000] {dagbag.py:588} INFO - Filling up the DagBag from /root/airflow-venv/lib/python3.12/site-packages/airflow/example_dags/example_sensors.py
[2024-11-21T21:27:36.007+0000] {processor.py:925} INFO - DAG(s) 'example_sensors' retrieved from /root/airflow-venv/lib/python3.12/site-packages/airflow/example_dags/example_sensors.py
[2024-11-21T21:27:36.033+0000] {logging_mixin.py:190} INFO - [2024-11-21T21:27:36.033+0000] {dag.py:3239} INFO - Sync 1 DAGs
[2024-11-21T21:27:36.048+0000] {logging_mixin.py:190} INFO - [2024-11-21T21:27:36.048+0000] {dag.py:4180} INFO - Setting next_dagrun for example_sensors to None, run_after=None
[2024-11-21T21:27:36.068+0000] {processor.py:208} INFO - Processing /root/airflow-venv/lib/python3.12/site-packages/airflow/example_dags/example_sensors.py took 0.089 seconds
[2024-11-21T21:28:31.672+0000] {processor.py:186} INFO - Started process (PID=3739) to work on /root/airflow-venv/lib/python3.12/site-packages/airflow/example_dags/example_sensors.py
[2024-11-21T21:28:31.674+0000] {processor.py:914} INFO - Processing file /root/airflow-venv/lib/python3.12/site-packages/airflow/example_dags/example_sensors.py for tasks to queue
[2024-11-21T21:28:31.677+0000] {logging_mixin.py:190} INFO - [2024-11-21T21:28:31.676+0000] {dagbag.py:588} INFO - Filling up the DagBag from /root/airflow-venv/lib/python3.12/site-packages/airflow/example_dags/example_sensors.py
[2024-11-21T21:28:31.693+0000] {processor.py:925} INFO - DAG(s) 'example_sensors' retrieved from /root/airflow-venv/lib/python3.12/site-packages/airflow/example_dags/example_sensors.py
[2024-11-21T21:28:31.721+0000] {logging_mixin.py:190} INFO - [2024-11-21T21:28:31.720+0000] {dag.py:3239} INFO - Sync 1 DAGs
[2024-11-21T21:28:31.742+0000] {logging_mixin.py:190} INFO - [2024-11-21T21:28:31.742+0000] {dag.py:4180} INFO - Setting next_dagrun for example_sensors to None, run_after=None
[2024-11-21T21:28:31.776+0000] {processor.py:208} INFO - Processing /root/airflow-venv/lib/python3.12/site-packages/airflow/example_dags/example_sensors.py took 0.113 seconds
[2024-11-21T21:29:27.973+0000] {processor.py:186} INFO - Started process (PID=3806) to work on /root/airflow-venv/lib/python3.12/site-packages/airflow/example_dags/example_sensors.py
[2024-11-21T21:29:27.975+0000] {processor.py:914} INFO - Processing file /root/airflow-venv/lib/python3.12/site-packages/airflow/example_dags/example_sensors.py for tasks to queue
[2024-11-21T21:29:27.979+0000] {logging_mixin.py:190} INFO - [2024-11-21T21:29:27.978+0000] {dagbag.py:588} INFO - Filling up the DagBag from /root/airflow-venv/lib/python3.12/site-packages/airflow/example_dags/example_sensors.py
[2024-11-21T21:29:27.994+0000] {processor.py:925} INFO - DAG(s) 'example_sensors' retrieved from /root/airflow-venv/lib/python3.12/site-packages/airflow/example_dags/example_sensors.py
[2024-11-21T21:29:28.023+0000] {logging_mixin.py:190} INFO - [2024-11-21T21:29:28.023+0000] {dag.py:3239} INFO - Sync 1 DAGs
[2024-11-21T21:29:28.039+0000] {logging_mixin.py:190} INFO - [2024-11-21T21:29:28.039+0000] {dag.py:4180} INFO - Setting next_dagrun for example_sensors to None, run_after=None
[2024-11-21T21:29:28.066+0000] {processor.py:208} INFO - Processing /root/airflow-venv/lib/python3.12/site-packages/airflow/example_dags/example_sensors.py took 0.100 seconds
[2024-11-21T21:30:21.025+0000] {processor.py:186} INFO - Started process (PID=3916) to work on /root/airflow-venv/lib/python3.12/site-packages/airflow/example_dags/example_sensors.py
[2024-11-21T21:30:21.026+0000] {processor.py:914} INFO - Processing file /root/airflow-venv/lib/python3.12/site-packages/airflow/example_dags/example_sensors.py for tasks to queue
[2024-11-21T21:30:21.029+0000] {logging_mixin.py:190} INFO - [2024-11-21T21:30:21.028+0000] {dagbag.py:588} INFO - Filling up the DagBag from /root/airflow-venv/lib/python3.12/site-packages/airflow/example_dags/example_sensors.py
[2024-11-21T21:30:21.043+0000] {processor.py:925} INFO - DAG(s) 'example_sensors' retrieved from /root/airflow-venv/lib/python3.12/site-packages/airflow/example_dags/example_sensors.py
[2024-11-21T21:30:21.068+0000] {logging_mixin.py:190} INFO - [2024-11-21T21:30:21.067+0000] {dag.py:3239} INFO - Sync 1 DAGs
[2024-11-21T21:30:21.082+0000] {logging_mixin.py:190} INFO - [2024-11-21T21:30:21.081+0000] {dag.py:4180} INFO - Setting next_dagrun for example_sensors to None, run_after=None
[2024-11-21T21:30:21.106+0000] {processor.py:208} INFO - Processing /root/airflow-venv/lib/python3.12/site-packages/airflow/example_dags/example_sensors.py took 0.089 seconds
[2024-11-21T21:31:14.358+0000] {processor.py:186} INFO - Started process (PID=3972) to work on /root/airflow-venv/lib/python3.12/site-packages/airflow/example_dags/example_sensors.py
[2024-11-21T21:31:14.360+0000] {processor.py:914} INFO - Processing file /root/airflow-venv/lib/python3.12/site-packages/airflow/example_dags/example_sensors.py for tasks to queue
[2024-11-21T21:31:14.363+0000] {logging_mixin.py:190} INFO - [2024-11-21T21:31:14.363+0000] {dagbag.py:588} INFO - Filling up the DagBag from /root/airflow-venv/lib/python3.12/site-packages/airflow/example_dags/example_sensors.py
[2024-11-21T21:31:14.377+0000] {processor.py:925} INFO - DAG(s) 'example_sensors' retrieved from /root/airflow-venv/lib/python3.12/site-packages/airflow/example_dags/example_sensors.py
[2024-11-21T21:31:14.406+0000] {logging_mixin.py:190} INFO - [2024-11-21T21:31:14.406+0000] {dag.py:3239} INFO - Sync 1 DAGs
[2024-11-21T21:31:14.422+0000] {logging_mixin.py:190} INFO - [2024-11-21T21:31:14.421+0000] {dag.py:4180} INFO - Setting next_dagrun for example_sensors to None, run_after=None
[2024-11-21T21:31:14.447+0000] {processor.py:208} INFO - Processing /root/airflow-venv/lib/python3.12/site-packages/airflow/example_dags/example_sensors.py took 0.097 seconds
