[2024-11-21T21:20:42.179+0000] {processor.py:186} INFO - Started process (PID=3260) to work on /root/airflow-venv/lib/python3.12/site-packages/airflow/example_dags/example_kubernetes_executor.py
[2024-11-21T21:20:42.180+0000] {processor.py:914} INFO - Processing file /root/airflow-venv/lib/python3.12/site-packages/airflow/example_dags/example_kubernetes_executor.py for tasks to queue
[2024-11-21T21:20:42.183+0000] {logging_mixin.py:190} INFO - [2024-11-21T21:20:42.182+0000] {dagbag.py:588} INFO - Filling up the DagBag from /root/airflow-venv/lib/python3.12/site-packages/airflow/example_dags/example_kubernetes_executor.py
[2024-11-21T21:20:42.187+0000] {logging_mixin.py:190} INFO - [2024-11-21T21:20:42.187+0000] {example_kubernetes_executor.py:39} WARNING - The example_kubernetes_executor example DAG requires the kubernetes provider. Please install it with: pip install apache-airflow[cncf.kubernetes]
[2024-11-21T21:20:42.188+0000] {processor.py:927} WARNING - No viable dags retrieved from /root/airflow-venv/lib/python3.12/site-packages/airflow/example_dags/example_kubernetes_executor.py
[2024-11-21T21:20:42.204+0000] {processor.py:208} INFO - Processing /root/airflow-venv/lib/python3.12/site-packages/airflow/example_dags/example_kubernetes_executor.py took 0.035 seconds
[2024-11-21T21:20:51.874+0000] {processor.py:186} INFO - Started process (PID=3277) to work on /root/airflow-venv/lib/python3.12/site-packages/airflow/example_dags/example_kubernetes_executor.py
[2024-11-21T21:20:51.875+0000] {processor.py:914} INFO - Processing file /root/airflow-venv/lib/python3.12/site-packages/airflow/example_dags/example_kubernetes_executor.py for tasks to queue
[2024-11-21T21:20:51.877+0000] {logging_mixin.py:190} INFO - [2024-11-21T21:20:51.877+0000] {dagbag.py:588} INFO - Filling up the DagBag from /root/airflow-venv/lib/python3.12/site-packages/airflow/example_dags/example_kubernetes_executor.py
[2024-11-21T21:20:51.881+0000] {logging_mixin.py:190} INFO - [2024-11-21T21:20:51.881+0000] {example_kubernetes_executor.py:39} WARNING - The example_kubernetes_executor example DAG requires the kubernetes provider. Please install it with: pip install apache-airflow[cncf.kubernetes]
[2024-11-21T21:20:51.881+0000] {processor.py:927} WARNING - No viable dags retrieved from /root/airflow-venv/lib/python3.12/site-packages/airflow/example_dags/example_kubernetes_executor.py
[2024-11-21T21:20:51.896+0000] {processor.py:208} INFO - Processing /root/airflow-venv/lib/python3.12/site-packages/airflow/example_dags/example_kubernetes_executor.py took 0.029 seconds
[2024-11-21T21:21:51.744+0000] {processor.py:186} INFO - Started process (PID=3344) to work on /root/airflow-venv/lib/python3.12/site-packages/airflow/example_dags/example_kubernetes_executor.py
[2024-11-21T21:21:51.745+0000] {processor.py:914} INFO - Processing file /root/airflow-venv/lib/python3.12/site-packages/airflow/example_dags/example_kubernetes_executor.py for tasks to queue
[2024-11-21T21:21:51.747+0000] {logging_mixin.py:190} INFO - [2024-11-21T21:21:51.747+0000] {dagbag.py:588} INFO - Filling up the DagBag from /root/airflow-venv/lib/python3.12/site-packages/airflow/example_dags/example_kubernetes_executor.py
[2024-11-21T21:21:51.751+0000] {logging_mixin.py:190} INFO - [2024-11-21T21:21:51.750+0000] {example_kubernetes_executor.py:39} WARNING - The example_kubernetes_executor example DAG requires the kubernetes provider. Please install it with: pip install apache-airflow[cncf.kubernetes]
[2024-11-21T21:21:51.751+0000] {processor.py:927} WARNING - No viable dags retrieved from /root/airflow-venv/lib/python3.12/site-packages/airflow/example_dags/example_kubernetes_executor.py
[2024-11-21T21:21:51.764+0000] {processor.py:208} INFO - Processing /root/airflow-venv/lib/python3.12/site-packages/airflow/example_dags/example_kubernetes_executor.py took 0.027 seconds
[2024-11-21T21:22:50.355+0000] {processor.py:186} INFO - Started process (PID=3401) to work on /root/airflow-venv/lib/python3.12/site-packages/airflow/example_dags/example_kubernetes_executor.py
[2024-11-21T21:22:50.356+0000] {processor.py:914} INFO - Processing file /root/airflow-venv/lib/python3.12/site-packages/airflow/example_dags/example_kubernetes_executor.py for tasks to queue
[2024-11-21T21:22:50.359+0000] {logging_mixin.py:190} INFO - [2024-11-21T21:22:50.358+0000] {dagbag.py:588} INFO - Filling up the DagBag from /root/airflow-venv/lib/python3.12/site-packages/airflow/example_dags/example_kubernetes_executor.py
[2024-11-21T21:22:50.362+0000] {logging_mixin.py:190} INFO - [2024-11-21T21:22:50.362+0000] {example_kubernetes_executor.py:39} WARNING - The example_kubernetes_executor example DAG requires the kubernetes provider. Please install it with: pip install apache-airflow[cncf.kubernetes]
[2024-11-21T21:22:50.362+0000] {processor.py:927} WARNING - No viable dags retrieved from /root/airflow-venv/lib/python3.12/site-packages/airflow/example_dags/example_kubernetes_executor.py
[2024-11-21T21:22:50.376+0000] {processor.py:208} INFO - Processing /root/airflow-venv/lib/python3.12/site-packages/airflow/example_dags/example_kubernetes_executor.py took 0.028 seconds
[2024-11-21T21:23:50.249+0000] {processor.py:186} INFO - Started process (PID=3461) to work on /root/airflow-venv/lib/python3.12/site-packages/airflow/example_dags/example_kubernetes_executor.py
[2024-11-21T21:23:50.251+0000] {processor.py:914} INFO - Processing file /root/airflow-venv/lib/python3.12/site-packages/airflow/example_dags/example_kubernetes_executor.py for tasks to queue
[2024-11-21T21:23:50.253+0000] {logging_mixin.py:190} INFO - [2024-11-21T21:23:50.253+0000] {dagbag.py:588} INFO - Filling up the DagBag from /root/airflow-venv/lib/python3.12/site-packages/airflow/example_dags/example_kubernetes_executor.py
[2024-11-21T21:23:50.256+0000] {logging_mixin.py:190} INFO - [2024-11-21T21:23:50.256+0000] {example_kubernetes_executor.py:39} WARNING - The example_kubernetes_executor example DAG requires the kubernetes provider. Please install it with: pip install apache-airflow[cncf.kubernetes]
[2024-11-21T21:23:50.257+0000] {processor.py:927} WARNING - No viable dags retrieved from /root/airflow-venv/lib/python3.12/site-packages/airflow/example_dags/example_kubernetes_executor.py
[2024-11-21T21:23:50.269+0000] {processor.py:208} INFO - Processing /root/airflow-venv/lib/python3.12/site-packages/airflow/example_dags/example_kubernetes_executor.py took 0.026 seconds
[2024-11-21T21:24:47.993+0000] {processor.py:186} INFO - Started process (PID=3518) to work on /root/airflow-venv/lib/python3.12/site-packages/airflow/example_dags/example_kubernetes_executor.py
[2024-11-21T21:24:47.995+0000] {processor.py:914} INFO - Processing file /root/airflow-venv/lib/python3.12/site-packages/airflow/example_dags/example_kubernetes_executor.py for tasks to queue
[2024-11-21T21:24:47.998+0000] {logging_mixin.py:190} INFO - [2024-11-21T21:24:47.997+0000] {dagbag.py:588} INFO - Filling up the DagBag from /root/airflow-venv/lib/python3.12/site-packages/airflow/example_dags/example_kubernetes_executor.py
[2024-11-21T21:24:48.003+0000] {logging_mixin.py:190} INFO - [2024-11-21T21:24:48.003+0000] {example_kubernetes_executor.py:39} WARNING - The example_kubernetes_executor example DAG requires the kubernetes provider. Please install it with: pip install apache-airflow[cncf.kubernetes]
[2024-11-21T21:24:48.003+0000] {processor.py:927} WARNING - No viable dags retrieved from /root/airflow-venv/lib/python3.12/site-packages/airflow/example_dags/example_kubernetes_executor.py
[2024-11-21T21:24:48.023+0000] {processor.py:208} INFO - Processing /root/airflow-venv/lib/python3.12/site-packages/airflow/example_dags/example_kubernetes_executor.py took 0.039 seconds
[2024-11-21T21:25:47.562+0000] {processor.py:186} INFO - Started process (PID=3580) to work on /root/airflow-venv/lib/python3.12/site-packages/airflow/example_dags/example_kubernetes_executor.py
[2024-11-21T21:25:47.564+0000] {processor.py:914} INFO - Processing file /root/airflow-venv/lib/python3.12/site-packages/airflow/example_dags/example_kubernetes_executor.py for tasks to queue
[2024-11-21T21:25:47.566+0000] {logging_mixin.py:190} INFO - [2024-11-21T21:25:47.566+0000] {dagbag.py:588} INFO - Filling up the DagBag from /root/airflow-venv/lib/python3.12/site-packages/airflow/example_dags/example_kubernetes_executor.py
[2024-11-21T21:25:47.569+0000] {logging_mixin.py:190} INFO - [2024-11-21T21:25:47.569+0000] {example_kubernetes_executor.py:39} WARNING - The example_kubernetes_executor example DAG requires the kubernetes provider. Please install it with: pip install apache-airflow[cncf.kubernetes]
[2024-11-21T21:25:47.570+0000] {processor.py:927} WARNING - No viable dags retrieved from /root/airflow-venv/lib/python3.12/site-packages/airflow/example_dags/example_kubernetes_executor.py
[2024-11-21T21:25:47.583+0000] {processor.py:208} INFO - Processing /root/airflow-venv/lib/python3.12/site-packages/airflow/example_dags/example_kubernetes_executor.py took 0.027 seconds
[2024-11-21T21:26:58.741+0000] {processor.py:186} INFO - Started process (PID=3643) to work on /root/airflow-venv/lib/python3.12/site-packages/airflow/example_dags/example_kubernetes_executor.py
[2024-11-21T21:26:58.743+0000] {processor.py:914} INFO - Processing file /root/airflow-venv/lib/python3.12/site-packages/airflow/example_dags/example_kubernetes_executor.py for tasks to queue
[2024-11-21T21:26:58.746+0000] {logging_mixin.py:190} INFO - [2024-11-21T21:26:58.745+0000] {dagbag.py:588} INFO - Filling up the DagBag from /root/airflow-venv/lib/python3.12/site-packages/airflow/example_dags/example_kubernetes_executor.py
[2024-11-21T21:26:58.750+0000] {logging_mixin.py:190} INFO - [2024-11-21T21:26:58.750+0000] {example_kubernetes_executor.py:39} WARNING - The example_kubernetes_executor example DAG requires the kubernetes provider. Please install it with: pip install apache-airflow[cncf.kubernetes]
[2024-11-21T21:26:58.750+0000] {processor.py:927} WARNING - No viable dags retrieved from /root/airflow-venv/lib/python3.12/site-packages/airflow/example_dags/example_kubernetes_executor.py
[2024-11-21T21:26:58.764+0000] {processor.py:208} INFO - Processing /root/airflow-venv/lib/python3.12/site-packages/airflow/example_dags/example_kubernetes_executor.py took 0.032 seconds
[2024-11-21T21:27:55.891+0000] {processor.py:186} INFO - Started process (PID=3700) to work on /root/airflow-venv/lib/python3.12/site-packages/airflow/example_dags/example_kubernetes_executor.py
[2024-11-21T21:27:55.893+0000] {processor.py:914} INFO - Processing file /root/airflow-venv/lib/python3.12/site-packages/airflow/example_dags/example_kubernetes_executor.py for tasks to queue
[2024-11-21T21:27:55.896+0000] {logging_mixin.py:190} INFO - [2024-11-21T21:27:55.896+0000] {dagbag.py:588} INFO - Filling up the DagBag from /root/airflow-venv/lib/python3.12/site-packages/airflow/example_dags/example_kubernetes_executor.py
[2024-11-21T21:27:55.900+0000] {logging_mixin.py:190} INFO - [2024-11-21T21:27:55.899+0000] {example_kubernetes_executor.py:39} WARNING - The example_kubernetes_executor example DAG requires the kubernetes provider. Please install it with: pip install apache-airflow[cncf.kubernetes]
[2024-11-21T21:27:55.900+0000] {processor.py:927} WARNING - No viable dags retrieved from /root/airflow-venv/lib/python3.12/site-packages/airflow/example_dags/example_kubernetes_executor.py
[2024-11-21T21:27:55.914+0000] {processor.py:208} INFO - Processing /root/airflow-venv/lib/python3.12/site-packages/airflow/example_dags/example_kubernetes_executor.py took 0.032 seconds
[2024-11-21T21:28:52.166+0000] {processor.py:186} INFO - Started process (PID=3759) to work on /root/airflow-venv/lib/python3.12/site-packages/airflow/example_dags/example_kubernetes_executor.py
[2024-11-21T21:28:52.167+0000] {processor.py:914} INFO - Processing file /root/airflow-venv/lib/python3.12/site-packages/airflow/example_dags/example_kubernetes_executor.py for tasks to queue
[2024-11-21T21:28:52.171+0000] {logging_mixin.py:190} INFO - [2024-11-21T21:28:52.170+0000] {dagbag.py:588} INFO - Filling up the DagBag from /root/airflow-venv/lib/python3.12/site-packages/airflow/example_dags/example_kubernetes_executor.py
[2024-11-21T21:28:52.175+0000] {logging_mixin.py:190} INFO - [2024-11-21T21:28:52.175+0000] {example_kubernetes_executor.py:39} WARNING - The example_kubernetes_executor example DAG requires the kubernetes provider. Please install it with: pip install apache-airflow[cncf.kubernetes]
[2024-11-21T21:28:52.175+0000] {processor.py:927} WARNING - No viable dags retrieved from /root/airflow-venv/lib/python3.12/site-packages/airflow/example_dags/example_kubernetes_executor.py
[2024-11-21T21:28:52.191+0000] {processor.py:208} INFO - Processing /root/airflow-venv/lib/python3.12/site-packages/airflow/example_dags/example_kubernetes_executor.py took 0.032 seconds
[2024-11-21T21:29:47.234+0000] {processor.py:186} INFO - Started process (PID=3873) to work on /root/airflow-venv/lib/python3.12/site-packages/airflow/example_dags/example_kubernetes_executor.py
[2024-11-21T21:29:47.236+0000] {processor.py:914} INFO - Processing file /root/airflow-venv/lib/python3.12/site-packages/airflow/example_dags/example_kubernetes_executor.py for tasks to queue
[2024-11-21T21:29:47.240+0000] {logging_mixin.py:190} INFO - [2024-11-21T21:29:47.240+0000] {dagbag.py:588} INFO - Filling up the DagBag from /root/airflow-venv/lib/python3.12/site-packages/airflow/example_dags/example_kubernetes_executor.py
[2024-11-21T21:29:47.246+0000] {logging_mixin.py:190} INFO - [2024-11-21T21:29:47.245+0000] {example_kubernetes_executor.py:39} WARNING - The example_kubernetes_executor example DAG requires the kubernetes provider. Please install it with: pip install apache-airflow[cncf.kubernetes]
[2024-11-21T21:29:47.246+0000] {processor.py:927} WARNING - No viable dags retrieved from /root/airflow-venv/lib/python3.12/site-packages/airflow/example_dags/example_kubernetes_executor.py
[2024-11-21T21:29:47.265+0000] {processor.py:208} INFO - Processing /root/airflow-venv/lib/python3.12/site-packages/airflow/example_dags/example_kubernetes_executor.py took 0.042 seconds
[2024-11-21T21:30:40.440+0000] {processor.py:186} INFO - Started process (PID=3939) to work on /root/airflow-venv/lib/python3.12/site-packages/airflow/example_dags/example_kubernetes_executor.py
[2024-11-21T21:30:40.441+0000] {processor.py:914} INFO - Processing file /root/airflow-venv/lib/python3.12/site-packages/airflow/example_dags/example_kubernetes_executor.py for tasks to queue
[2024-11-21T21:30:40.445+0000] {logging_mixin.py:190} INFO - [2024-11-21T21:30:40.444+0000] {dagbag.py:588} INFO - Filling up the DagBag from /root/airflow-venv/lib/python3.12/site-packages/airflow/example_dags/example_kubernetes_executor.py
[2024-11-21T21:30:40.448+0000] {logging_mixin.py:190} INFO - [2024-11-21T21:30:40.448+0000] {example_kubernetes_executor.py:39} WARNING - The example_kubernetes_executor example DAG requires the kubernetes provider. Please install it with: pip install apache-airflow[cncf.kubernetes]
[2024-11-21T21:30:40.449+0000] {processor.py:927} WARNING - No viable dags retrieved from /root/airflow-venv/lib/python3.12/site-packages/airflow/example_dags/example_kubernetes_executor.py
[2024-11-21T21:30:40.463+0000] {processor.py:208} INFO - Processing /root/airflow-venv/lib/python3.12/site-packages/airflow/example_dags/example_kubernetes_executor.py took 0.030 seconds
[2024-11-21T21:31:37.482+0000] {processor.py:186} INFO - Started process (PID=3997) to work on /root/airflow-venv/lib/python3.12/site-packages/airflow/example_dags/example_kubernetes_executor.py
[2024-11-21T21:31:37.483+0000] {processor.py:914} INFO - Processing file /root/airflow-venv/lib/python3.12/site-packages/airflow/example_dags/example_kubernetes_executor.py for tasks to queue
[2024-11-21T21:31:37.486+0000] {logging_mixin.py:190} INFO - [2024-11-21T21:31:37.485+0000] {dagbag.py:588} INFO - Filling up the DagBag from /root/airflow-venv/lib/python3.12/site-packages/airflow/example_dags/example_kubernetes_executor.py
[2024-11-21T21:31:37.489+0000] {logging_mixin.py:190} INFO - [2024-11-21T21:31:37.489+0000] {example_kubernetes_executor.py:39} WARNING - The example_kubernetes_executor example DAG requires the kubernetes provider. Please install it with: pip install apache-airflow[cncf.kubernetes]
[2024-11-21T21:31:37.489+0000] {processor.py:927} WARNING - No viable dags retrieved from /root/airflow-venv/lib/python3.12/site-packages/airflow/example_dags/example_kubernetes_executor.py
[2024-11-21T21:31:37.502+0000] {processor.py:208} INFO - Processing /root/airflow-venv/lib/python3.12/site-packages/airflow/example_dags/example_kubernetes_executor.py took 0.027 seconds
