[2024-11-21T21:20:05.136+0000] {processor.py:186} INFO - Started process (PID=3169) to work on /root/airflow-venv/lib/python3.12/site-packages/airflow/example_dags/example_xcom.py
[2024-11-21T21:20:05.137+0000] {processor.py:914} INFO - Processing file /root/airflow-venv/lib/python3.12/site-packages/airflow/example_dags/example_xcom.py for tasks to queue
[2024-11-21T21:20:05.139+0000] {logging_mixin.py:190} INFO - [2024-11-21T21:20:05.139+0000] {dagbag.py:588} INFO - Filling up the DagBag from /root/airflow-venv/lib/python3.12/site-packages/airflow/example_dags/example_xcom.py
[2024-11-21T21:20:05.153+0000] {processor.py:925} INFO - DAG(s) 'example_xcom' retrieved from /root/airflow-venv/lib/python3.12/site-packages/airflow/example_dags/example_xcom.py
[2024-11-21T21:20:05.282+0000] {logging_mixin.py:190} INFO - [2024-11-21T21:20:05.281+0000] {override.py:1911} INFO - Created Permission View: can delete on DAG:example_xcom
[2024-11-21T21:20:05.295+0000] {logging_mixin.py:190} INFO - [2024-11-21T21:20:05.294+0000] {override.py:1911} INFO - Created Permission View: can edit on DAG:example_xcom
[2024-11-21T21:20:05.304+0000] {logging_mixin.py:190} INFO - [2024-11-21T21:20:05.304+0000] {override.py:1911} INFO - Created Permission View: can read on DAG:example_xcom
[2024-11-21T21:20:05.317+0000] {logging_mixin.py:190} INFO - [2024-11-21T21:20:05.317+0000] {override.py:1911} INFO - Created Permission View: can delete on DAG Run:example_xcom
[2024-11-21T21:20:05.326+0000] {logging_mixin.py:190} INFO - [2024-11-21T21:20:05.326+0000] {override.py:1911} INFO - Created Permission View: can create on DAG Run:example_xcom
[2024-11-21T21:20:05.336+0000] {logging_mixin.py:190} INFO - [2024-11-21T21:20:05.335+0000] {override.py:1911} INFO - Created Permission View: can read on DAG Run:example_xcom
[2024-11-21T21:20:05.350+0000] {logging_mixin.py:190} INFO - [2024-11-21T21:20:05.350+0000] {override.py:1911} INFO - Created Permission View: menu access on DAG Run:example_xcom
[2024-11-21T21:20:05.350+0000] {logging_mixin.py:190} INFO - [2024-11-21T21:20:05.350+0000] {dag.py:3239} INFO - Sync 1 DAGs
[2024-11-21T21:20:05.363+0000] {logging_mixin.py:190} INFO - [2024-11-21T21:20:05.363+0000] {dag.py:3262} INFO - Creating ORM DAG for example_xcom
[2024-11-21T21:20:05.371+0000] {logging_mixin.py:190} INFO - [2024-11-21T21:20:05.371+0000] {dag.py:4180} INFO - Setting next_dagrun for example_xcom to 2021-01-01 00:00:00+00:00, run_after=2021-01-01 00:00:00+00:00
[2024-11-21T21:20:05.392+0000] {processor.py:208} INFO - Processing /root/airflow-venv/lib/python3.12/site-packages/airflow/example_dags/example_xcom.py took 0.263 seconds
[2024-11-21T21:20:22.560+0000] {processor.py:186} INFO - Started process (PID=3225) to work on /root/airflow-venv/lib/python3.12/site-packages/airflow/example_dags/example_xcom.py
[2024-11-21T21:20:22.561+0000] {processor.py:914} INFO - Processing file /root/airflow-venv/lib/python3.12/site-packages/airflow/example_dags/example_xcom.py for tasks to queue
[2024-11-21T21:20:22.565+0000] {logging_mixin.py:190} INFO - [2024-11-21T21:20:22.564+0000] {dagbag.py:588} INFO - Filling up the DagBag from /root/airflow-venv/lib/python3.12/site-packages/airflow/example_dags/example_xcom.py
[2024-11-21T21:20:22.582+0000] {processor.py:925} INFO - DAG(s) 'example_xcom' retrieved from /root/airflow-venv/lib/python3.12/site-packages/airflow/example_dags/example_xcom.py
[2024-11-21T21:20:22.651+0000] {logging_mixin.py:190} INFO - [2024-11-21T21:20:22.651+0000] {dag.py:3239} INFO - Sync 1 DAGs
[2024-11-21T21:20:22.684+0000] {logging_mixin.py:190} INFO - [2024-11-21T21:20:22.684+0000] {dag.py:4180} INFO - Setting next_dagrun for example_xcom to 2021-01-01 00:00:00+00:00, run_after=2021-01-01 00:00:00+00:00
[2024-11-21T21:20:22.730+0000] {processor.py:208} INFO - Processing /root/airflow-venv/lib/python3.12/site-packages/airflow/example_dags/example_xcom.py took 0.180 seconds
[2024-11-21T21:21:15.588+0000] {processor.py:186} INFO - Started process (PID=3308) to work on /root/airflow-venv/lib/python3.12/site-packages/airflow/example_dags/example_xcom.py
[2024-11-21T21:21:15.590+0000] {processor.py:914} INFO - Processing file /root/airflow-venv/lib/python3.12/site-packages/airflow/example_dags/example_xcom.py for tasks to queue
[2024-11-21T21:21:15.593+0000] {logging_mixin.py:190} INFO - [2024-11-21T21:21:15.592+0000] {dagbag.py:588} INFO - Filling up the DagBag from /root/airflow-venv/lib/python3.12/site-packages/airflow/example_dags/example_xcom.py
[2024-11-21T21:21:15.606+0000] {processor.py:925} INFO - DAG(s) 'example_xcom' retrieved from /root/airflow-venv/lib/python3.12/site-packages/airflow/example_dags/example_xcom.py
[2024-11-21T21:21:15.629+0000] {logging_mixin.py:190} INFO - [2024-11-21T21:21:15.628+0000] {dag.py:3239} INFO - Sync 1 DAGs
[2024-11-21T21:21:15.653+0000] {logging_mixin.py:190} INFO - [2024-11-21T21:21:15.652+0000] {dag.py:4180} INFO - Setting next_dagrun for example_xcom to 2021-01-01 00:00:00+00:00, run_after=2021-01-01 00:00:00+00:00
[2024-11-21T21:21:15.679+0000] {processor.py:208} INFO - Processing /root/airflow-venv/lib/python3.12/site-packages/airflow/example_dags/example_xcom.py took 0.098 seconds
[2024-11-21T21:22:16.853+0000] {processor.py:186} INFO - Started process (PID=3368) to work on /root/airflow-venv/lib/python3.12/site-packages/airflow/example_dags/example_xcom.py
[2024-11-21T21:22:16.855+0000] {processor.py:914} INFO - Processing file /root/airflow-venv/lib/python3.12/site-packages/airflow/example_dags/example_xcom.py for tasks to queue
[2024-11-21T21:22:16.858+0000] {logging_mixin.py:190} INFO - [2024-11-21T21:22:16.857+0000] {dagbag.py:588} INFO - Filling up the DagBag from /root/airflow-venv/lib/python3.12/site-packages/airflow/example_dags/example_xcom.py
[2024-11-21T21:22:16.869+0000] {processor.py:925} INFO - DAG(s) 'example_xcom' retrieved from /root/airflow-venv/lib/python3.12/site-packages/airflow/example_dags/example_xcom.py
[2024-11-21T21:22:16.889+0000] {logging_mixin.py:190} INFO - [2024-11-21T21:22:16.889+0000] {dag.py:3239} INFO - Sync 1 DAGs
[2024-11-21T21:22:16.910+0000] {logging_mixin.py:190} INFO - [2024-11-21T21:22:16.910+0000] {dag.py:4180} INFO - Setting next_dagrun for example_xcom to 2021-01-01 00:00:00+00:00, run_after=2021-01-01 00:00:00+00:00
[2024-11-21T21:22:16.932+0000] {processor.py:208} INFO - Processing /root/airflow-venv/lib/python3.12/site-packages/airflow/example_dags/example_xcom.py took 0.086 seconds
[2024-11-21T21:23:15.721+0000] {processor.py:186} INFO - Started process (PID=3428) to work on /root/airflow-venv/lib/python3.12/site-packages/airflow/example_dags/example_xcom.py
[2024-11-21T21:23:15.722+0000] {processor.py:914} INFO - Processing file /root/airflow-venv/lib/python3.12/site-packages/airflow/example_dags/example_xcom.py for tasks to queue
[2024-11-21T21:23:15.725+0000] {logging_mixin.py:190} INFO - [2024-11-21T21:23:15.724+0000] {dagbag.py:588} INFO - Filling up the DagBag from /root/airflow-venv/lib/python3.12/site-packages/airflow/example_dags/example_xcom.py
[2024-11-21T21:23:15.736+0000] {processor.py:925} INFO - DAG(s) 'example_xcom' retrieved from /root/airflow-venv/lib/python3.12/site-packages/airflow/example_dags/example_xcom.py
[2024-11-21T21:23:15.756+0000] {logging_mixin.py:190} INFO - [2024-11-21T21:23:15.756+0000] {dag.py:3239} INFO - Sync 1 DAGs
[2024-11-21T21:23:15.777+0000] {logging_mixin.py:190} INFO - [2024-11-21T21:23:15.777+0000] {dag.py:4180} INFO - Setting next_dagrun for example_xcom to 2021-01-01 00:00:00+00:00, run_after=2021-01-01 00:00:00+00:00
[2024-11-21T21:23:15.798+0000] {processor.py:208} INFO - Processing /root/airflow-venv/lib/python3.12/site-packages/airflow/example_dags/example_xcom.py took 0.083 seconds
[2024-11-21T21:24:14.817+0000] {processor.py:186} INFO - Started process (PID=3485) to work on /root/airflow-venv/lib/python3.12/site-packages/airflow/example_dags/example_xcom.py
[2024-11-21T21:24:14.819+0000] {processor.py:914} INFO - Processing file /root/airflow-venv/lib/python3.12/site-packages/airflow/example_dags/example_xcom.py for tasks to queue
[2024-11-21T21:24:14.822+0000] {logging_mixin.py:190} INFO - [2024-11-21T21:24:14.821+0000] {dagbag.py:588} INFO - Filling up the DagBag from /root/airflow-venv/lib/python3.12/site-packages/airflow/example_dags/example_xcom.py
[2024-11-21T21:24:14.833+0000] {processor.py:925} INFO - DAG(s) 'example_xcom' retrieved from /root/airflow-venv/lib/python3.12/site-packages/airflow/example_dags/example_xcom.py
[2024-11-21T21:24:14.853+0000] {logging_mixin.py:190} INFO - [2024-11-21T21:24:14.852+0000] {dag.py:3239} INFO - Sync 1 DAGs
[2024-11-21T21:24:14.871+0000] {logging_mixin.py:190} INFO - [2024-11-21T21:24:14.871+0000] {dag.py:4180} INFO - Setting next_dagrun for example_xcom to 2021-01-01 00:00:00+00:00, run_after=2021-01-01 00:00:00+00:00
[2024-11-21T21:24:14.892+0000] {processor.py:208} INFO - Processing /root/airflow-venv/lib/python3.12/site-packages/airflow/example_dags/example_xcom.py took 0.081 seconds
[2024-11-21T21:25:11.142+0000] {processor.py:186} INFO - Started process (PID=3543) to work on /root/airflow-venv/lib/python3.12/site-packages/airflow/example_dags/example_xcom.py
[2024-11-21T21:25:11.143+0000] {processor.py:914} INFO - Processing file /root/airflow-venv/lib/python3.12/site-packages/airflow/example_dags/example_xcom.py for tasks to queue
[2024-11-21T21:25:11.146+0000] {logging_mixin.py:190} INFO - [2024-11-21T21:25:11.145+0000] {dagbag.py:588} INFO - Filling up the DagBag from /root/airflow-venv/lib/python3.12/site-packages/airflow/example_dags/example_xcom.py
[2024-11-21T21:25:11.157+0000] {processor.py:925} INFO - DAG(s) 'example_xcom' retrieved from /root/airflow-venv/lib/python3.12/site-packages/airflow/example_dags/example_xcom.py
[2024-11-21T21:25:11.177+0000] {logging_mixin.py:190} INFO - [2024-11-21T21:25:11.177+0000] {dag.py:3239} INFO - Sync 1 DAGs
[2024-11-21T21:25:11.199+0000] {logging_mixin.py:190} INFO - [2024-11-21T21:25:11.199+0000] {dag.py:4180} INFO - Setting next_dagrun for example_xcom to 2021-01-01 00:00:00+00:00, run_after=2021-01-01 00:00:00+00:00
[2024-11-21T21:25:11.220+0000] {processor.py:208} INFO - Processing /root/airflow-venv/lib/python3.12/site-packages/airflow/example_dags/example_xcom.py took 0.086 seconds
[2024-11-21T21:26:13.997+0000] {processor.py:186} INFO - Started process (PID=3603) to work on /root/airflow-venv/lib/python3.12/site-packages/airflow/example_dags/example_xcom.py
[2024-11-21T21:26:13.998+0000] {processor.py:914} INFO - Processing file /root/airflow-venv/lib/python3.12/site-packages/airflow/example_dags/example_xcom.py for tasks to queue
[2024-11-21T21:26:14.001+0000] {logging_mixin.py:190} INFO - [2024-11-21T21:26:14.001+0000] {dagbag.py:588} INFO - Filling up the DagBag from /root/airflow-venv/lib/python3.12/site-packages/airflow/example_dags/example_xcom.py
[2024-11-21T21:26:14.016+0000] {processor.py:925} INFO - DAG(s) 'example_xcom' retrieved from /root/airflow-venv/lib/python3.12/site-packages/airflow/example_dags/example_xcom.py
[2024-11-21T21:26:14.043+0000] {logging_mixin.py:190} INFO - [2024-11-21T21:26:14.043+0000] {dag.py:3239} INFO - Sync 1 DAGs
[2024-11-21T21:26:14.242+0000] {logging_mixin.py:190} INFO - [2024-11-21T21:26:14.242+0000] {dag.py:4180} INFO - Setting next_dagrun for example_xcom to 2021-01-01 00:00:00+00:00, run_after=2021-01-01 00:00:00+00:00
[2024-11-21T21:26:14.267+0000] {processor.py:208} INFO - Processing /root/airflow-venv/lib/python3.12/site-packages/airflow/example_dags/example_xcom.py took 0.279 seconds
[2024-11-21T21:27:19.293+0000] {processor.py:186} INFO - Started process (PID=3663) to work on /root/airflow-venv/lib/python3.12/site-packages/airflow/example_dags/example_xcom.py
[2024-11-21T21:27:19.295+0000] {processor.py:914} INFO - Processing file /root/airflow-venv/lib/python3.12/site-packages/airflow/example_dags/example_xcom.py for tasks to queue
[2024-11-21T21:27:19.298+0000] {logging_mixin.py:190} INFO - [2024-11-21T21:27:19.297+0000] {dagbag.py:588} INFO - Filling up the DagBag from /root/airflow-venv/lib/python3.12/site-packages/airflow/example_dags/example_xcom.py
[2024-11-21T21:27:19.310+0000] {processor.py:925} INFO - DAG(s) 'example_xcom' retrieved from /root/airflow-venv/lib/python3.12/site-packages/airflow/example_dags/example_xcom.py
[2024-11-21T21:27:19.332+0000] {logging_mixin.py:190} INFO - [2024-11-21T21:27:19.331+0000] {dag.py:3239} INFO - Sync 1 DAGs
[2024-11-21T21:27:19.353+0000] {logging_mixin.py:190} INFO - [2024-11-21T21:27:19.353+0000] {dag.py:4180} INFO - Setting next_dagrun for example_xcom to 2021-01-01 00:00:00+00:00, run_after=2021-01-01 00:00:00+00:00
[2024-11-21T21:27:19.377+0000] {processor.py:208} INFO - Processing /root/airflow-venv/lib/python3.12/site-packages/airflow/example_dags/example_xcom.py took 0.093 seconds
[2024-11-21T21:28:14.709+0000] {processor.py:186} INFO - Started process (PID=3722) to work on /root/airflow-venv/lib/python3.12/site-packages/airflow/example_dags/example_xcom.py
[2024-11-21T21:28:14.710+0000] {processor.py:914} INFO - Processing file /root/airflow-venv/lib/python3.12/site-packages/airflow/example_dags/example_xcom.py for tasks to queue
[2024-11-21T21:28:14.713+0000] {logging_mixin.py:190} INFO - [2024-11-21T21:28:14.713+0000] {dagbag.py:588} INFO - Filling up the DagBag from /root/airflow-venv/lib/python3.12/site-packages/airflow/example_dags/example_xcom.py
[2024-11-21T21:28:14.726+0000] {processor.py:925} INFO - DAG(s) 'example_xcom' retrieved from /root/airflow-venv/lib/python3.12/site-packages/airflow/example_dags/example_xcom.py
[2024-11-21T21:28:14.747+0000] {logging_mixin.py:190} INFO - [2024-11-21T21:28:14.747+0000] {dag.py:3239} INFO - Sync 1 DAGs
[2024-11-21T21:28:14.769+0000] {logging_mixin.py:190} INFO - [2024-11-21T21:28:14.769+0000] {dag.py:4180} INFO - Setting next_dagrun for example_xcom to 2021-01-01 00:00:00+00:00, run_after=2021-01-01 00:00:00+00:00
[2024-11-21T21:28:14.791+0000] {processor.py:208} INFO - Processing /root/airflow-venv/lib/python3.12/site-packages/airflow/example_dags/example_xcom.py took 0.090 seconds
[2024-11-21T21:29:10.742+0000] {processor.py:186} INFO - Started process (PID=3780) to work on /root/airflow-venv/lib/python3.12/site-packages/airflow/example_dags/example_xcom.py
[2024-11-21T21:29:10.743+0000] {processor.py:914} INFO - Processing file /root/airflow-venv/lib/python3.12/site-packages/airflow/example_dags/example_xcom.py for tasks to queue
[2024-11-21T21:29:10.746+0000] {logging_mixin.py:190} INFO - [2024-11-21T21:29:10.746+0000] {dagbag.py:588} INFO - Filling up the DagBag from /root/airflow-venv/lib/python3.12/site-packages/airflow/example_dags/example_xcom.py
[2024-11-21T21:29:10.758+0000] {processor.py:925} INFO - DAG(s) 'example_xcom' retrieved from /root/airflow-venv/lib/python3.12/site-packages/airflow/example_dags/example_xcom.py
[2024-11-21T21:29:10.777+0000] {logging_mixin.py:190} INFO - [2024-11-21T21:29:10.777+0000] {dag.py:3239} INFO - Sync 1 DAGs
[2024-11-21T21:29:10.800+0000] {logging_mixin.py:190} INFO - [2024-11-21T21:29:10.800+0000] {dag.py:4180} INFO - Setting next_dagrun for example_xcom to 2021-01-01 00:00:00+00:00, run_after=2021-01-01 00:00:00+00:00
[2024-11-21T21:29:10.822+0000] {processor.py:208} INFO - Processing /root/airflow-venv/lib/python3.12/site-packages/airflow/example_dags/example_xcom.py took 0.087 seconds
[2024-11-21T21:30:04.238+0000] {processor.py:186} INFO - Started process (PID=3898) to work on /root/airflow-venv/lib/python3.12/site-packages/airflow/example_dags/example_xcom.py
[2024-11-21T21:30:04.240+0000] {processor.py:914} INFO - Processing file /root/airflow-venv/lib/python3.12/site-packages/airflow/example_dags/example_xcom.py for tasks to queue
[2024-11-21T21:30:04.242+0000] {logging_mixin.py:190} INFO - [2024-11-21T21:30:04.242+0000] {dagbag.py:588} INFO - Filling up the DagBag from /root/airflow-venv/lib/python3.12/site-packages/airflow/example_dags/example_xcom.py
[2024-11-21T21:30:04.255+0000] {processor.py:925} INFO - DAG(s) 'example_xcom' retrieved from /root/airflow-venv/lib/python3.12/site-packages/airflow/example_dags/example_xcom.py
[2024-11-21T21:30:04.275+0000] {logging_mixin.py:190} INFO - [2024-11-21T21:30:04.275+0000] {dag.py:3239} INFO - Sync 1 DAGs
[2024-11-21T21:30:04.300+0000] {logging_mixin.py:190} INFO - [2024-11-21T21:30:04.300+0000] {dag.py:4180} INFO - Setting next_dagrun for example_xcom to 2021-01-01 00:00:00+00:00, run_after=2021-01-01 00:00:00+00:00
[2024-11-21T21:30:04.324+0000] {processor.py:208} INFO - Processing /root/airflow-venv/lib/python3.12/site-packages/airflow/example_dags/example_xcom.py took 0.092 seconds
[2024-11-21T21:30:56.558+0000] {processor.py:186} INFO - Started process (PID=3955) to work on /root/airflow-venv/lib/python3.12/site-packages/airflow/example_dags/example_xcom.py
[2024-11-21T21:30:56.560+0000] {processor.py:914} INFO - Processing file /root/airflow-venv/lib/python3.12/site-packages/airflow/example_dags/example_xcom.py for tasks to queue
[2024-11-21T21:30:56.563+0000] {logging_mixin.py:190} INFO - [2024-11-21T21:30:56.563+0000] {dagbag.py:588} INFO - Filling up the DagBag from /root/airflow-venv/lib/python3.12/site-packages/airflow/example_dags/example_xcom.py
[2024-11-21T21:30:56.579+0000] {processor.py:925} INFO - DAG(s) 'example_xcom' retrieved from /root/airflow-venv/lib/python3.12/site-packages/airflow/example_dags/example_xcom.py
[2024-11-21T21:30:56.601+0000] {logging_mixin.py:190} INFO - [2024-11-21T21:30:56.601+0000] {dag.py:3239} INFO - Sync 1 DAGs
[2024-11-21T21:30:56.626+0000] {logging_mixin.py:190} INFO - [2024-11-21T21:30:56.626+0000] {dag.py:4180} INFO - Setting next_dagrun for example_xcom to 2021-01-01 00:00:00+00:00, run_after=2021-01-01 00:00:00+00:00
[2024-11-21T21:30:56.653+0000] {processor.py:208} INFO - Processing /root/airflow-venv/lib/python3.12/site-packages/airflow/example_dags/example_xcom.py took 0.105 seconds
