[2024-11-21T21:20:44.109+0000] {processor.py:186} INFO - Started process (PID=3264) to work on /root/airflow-venv/lib/python3.12/site-packages/airflow/example_dags/example_latest_only.py
[2024-11-21T21:20:44.110+0000] {processor.py:914} INFO - Processing file /root/airflow-venv/lib/python3.12/site-packages/airflow/example_dags/example_latest_only.py for tasks to queue
[2024-11-21T21:20:44.113+0000] {logging_mixin.py:190} INFO - [2024-11-21T21:20:44.112+0000] {dagbag.py:588} INFO - Filling up the DagBag from /root/airflow-venv/lib/python3.12/site-packages/airflow/example_dags/example_latest_only.py
[2024-11-21T21:20:44.123+0000] {processor.py:925} INFO - DAG(s) 'latest_only' retrieved from /root/airflow-venv/lib/python3.12/site-packages/airflow/example_dags/example_latest_only.py
[2024-11-21T21:20:44.250+0000] {logging_mixin.py:190} INFO - [2024-11-21T21:20:44.249+0000] {override.py:1911} INFO - Created Permission View: can delete on DAG:latest_only
[2024-11-21T21:20:44.263+0000] {logging_mixin.py:190} INFO - [2024-11-21T21:20:44.262+0000] {override.py:1911} INFO - Created Permission View: can edit on DAG:latest_only
[2024-11-21T21:20:44.272+0000] {logging_mixin.py:190} INFO - [2024-11-21T21:20:44.272+0000] {override.py:1911} INFO - Created Permission View: can read on DAG:latest_only
[2024-11-21T21:20:44.287+0000] {logging_mixin.py:190} INFO - [2024-11-21T21:20:44.287+0000] {override.py:1911} INFO - Created Permission View: can delete on DAG Run:latest_only
[2024-11-21T21:20:44.298+0000] {logging_mixin.py:190} INFO - [2024-11-21T21:20:44.297+0000] {override.py:1911} INFO - Created Permission View: can create on DAG Run:latest_only
[2024-11-21T21:20:44.307+0000] {logging_mixin.py:190} INFO - [2024-11-21T21:20:44.306+0000] {override.py:1911} INFO - Created Permission View: can read on DAG Run:latest_only
[2024-11-21T21:20:44.316+0000] {logging_mixin.py:190} INFO - [2024-11-21T21:20:44.316+0000] {override.py:1911} INFO - Created Permission View: menu access on DAG Run:latest_only
[2024-11-21T21:20:44.317+0000] {logging_mixin.py:190} INFO - [2024-11-21T21:20:44.317+0000] {dag.py:3239} INFO - Sync 1 DAGs
[2024-11-21T21:20:44.330+0000] {logging_mixin.py:190} INFO - [2024-11-21T21:20:44.330+0000] {dag.py:3262} INFO - Creating ORM DAG for latest_only
[2024-11-21T21:20:44.339+0000] {logging_mixin.py:190} INFO - [2024-11-21T21:20:44.339+0000] {dag.py:4180} INFO - Setting next_dagrun for latest_only to 2024-11-21 16:00:00+00:00, run_after=2024-11-21 20:00:00+00:00
[2024-11-21T21:20:44.363+0000] {processor.py:208} INFO - Processing /root/airflow-venv/lib/python3.12/site-packages/airflow/example_dags/example_latest_only.py took 0.261 seconds
[2024-11-21T21:20:53.267+0000] {processor.py:186} INFO - Started process (PID=3280) to work on /root/airflow-venv/lib/python3.12/site-packages/airflow/example_dags/example_latest_only.py
[2024-11-21T21:20:53.268+0000] {processor.py:914} INFO - Processing file /root/airflow-venv/lib/python3.12/site-packages/airflow/example_dags/example_latest_only.py for tasks to queue
[2024-11-21T21:20:53.271+0000] {logging_mixin.py:190} INFO - [2024-11-21T21:20:53.270+0000] {dagbag.py:588} INFO - Filling up the DagBag from /root/airflow-venv/lib/python3.12/site-packages/airflow/example_dags/example_latest_only.py
[2024-11-21T21:20:53.281+0000] {processor.py:925} INFO - DAG(s) 'latest_only' retrieved from /root/airflow-venv/lib/python3.12/site-packages/airflow/example_dags/example_latest_only.py
[2024-11-21T21:20:53.292+0000] {logging_mixin.py:190} INFO - [2024-11-21T21:20:53.292+0000] {dag.py:3239} INFO - Sync 1 DAGs
[2024-11-21T21:20:53.319+0000] {logging_mixin.py:190} INFO - [2024-11-21T21:20:53.318+0000] {dag.py:4180} INFO - Setting next_dagrun for latest_only to 2024-11-21 16:00:00+00:00, run_after=2024-11-21 20:00:00+00:00
[2024-11-21T21:20:53.344+0000] {processor.py:208} INFO - Processing /root/airflow-venv/lib/python3.12/site-packages/airflow/example_dags/example_latest_only.py took 0.084 seconds
[2024-11-21T21:21:54.065+0000] {processor.py:186} INFO - Started process (PID=3346) to work on /root/airflow-venv/lib/python3.12/site-packages/airflow/example_dags/example_latest_only.py
[2024-11-21T21:21:54.067+0000] {processor.py:914} INFO - Processing file /root/airflow-venv/lib/python3.12/site-packages/airflow/example_dags/example_latest_only.py for tasks to queue
[2024-11-21T21:21:54.071+0000] {logging_mixin.py:190} INFO - [2024-11-21T21:21:54.070+0000] {dagbag.py:588} INFO - Filling up the DagBag from /root/airflow-venv/lib/python3.12/site-packages/airflow/example_dags/example_latest_only.py
[2024-11-21T21:21:54.083+0000] {processor.py:925} INFO - DAG(s) 'latest_only' retrieved from /root/airflow-venv/lib/python3.12/site-packages/airflow/example_dags/example_latest_only.py
[2024-11-21T21:21:54.110+0000] {logging_mixin.py:190} INFO - [2024-11-21T21:21:54.110+0000] {dag.py:3239} INFO - Sync 1 DAGs
[2024-11-21T21:21:54.142+0000] {logging_mixin.py:190} INFO - [2024-11-21T21:21:54.142+0000] {dag.py:4180} INFO - Setting next_dagrun for latest_only to 2024-11-21 16:00:00+00:00, run_after=2024-11-21 20:00:00+00:00
[2024-11-21T21:21:54.177+0000] {processor.py:208} INFO - Processing /root/airflow-venv/lib/python3.12/site-packages/airflow/example_dags/example_latest_only.py took 0.119 seconds
[2024-11-21T21:22:52.752+0000] {processor.py:186} INFO - Started process (PID=3403) to work on /root/airflow-venv/lib/python3.12/site-packages/airflow/example_dags/example_latest_only.py
[2024-11-21T21:22:52.754+0000] {processor.py:914} INFO - Processing file /root/airflow-venv/lib/python3.12/site-packages/airflow/example_dags/example_latest_only.py for tasks to queue
[2024-11-21T21:22:52.757+0000] {logging_mixin.py:190} INFO - [2024-11-21T21:22:52.756+0000] {dagbag.py:588} INFO - Filling up the DagBag from /root/airflow-venv/lib/python3.12/site-packages/airflow/example_dags/example_latest_only.py
[2024-11-21T21:22:52.767+0000] {processor.py:925} INFO - DAG(s) 'latest_only' retrieved from /root/airflow-venv/lib/python3.12/site-packages/airflow/example_dags/example_latest_only.py
[2024-11-21T21:22:52.788+0000] {logging_mixin.py:190} INFO - [2024-11-21T21:22:52.788+0000] {dag.py:3239} INFO - Sync 1 DAGs
[2024-11-21T21:22:52.812+0000] {logging_mixin.py:190} INFO - [2024-11-21T21:22:52.812+0000] {dag.py:4180} INFO - Setting next_dagrun for latest_only to 2024-11-21 16:00:00+00:00, run_after=2024-11-21 20:00:00+00:00
[2024-11-21T21:22:52.843+0000] {processor.py:208} INFO - Processing /root/airflow-venv/lib/python3.12/site-packages/airflow/example_dags/example_latest_only.py took 0.098 seconds
[2024-11-21T21:23:51.895+0000] {processor.py:186} INFO - Started process (PID=3463) to work on /root/airflow-venv/lib/python3.12/site-packages/airflow/example_dags/example_latest_only.py
[2024-11-21T21:23:51.897+0000] {processor.py:914} INFO - Processing file /root/airflow-venv/lib/python3.12/site-packages/airflow/example_dags/example_latest_only.py for tasks to queue
[2024-11-21T21:23:51.900+0000] {logging_mixin.py:190} INFO - [2024-11-21T21:23:51.900+0000] {dagbag.py:588} INFO - Filling up the DagBag from /root/airflow-venv/lib/python3.12/site-packages/airflow/example_dags/example_latest_only.py
[2024-11-21T21:23:51.909+0000] {processor.py:925} INFO - DAG(s) 'latest_only' retrieved from /root/airflow-venv/lib/python3.12/site-packages/airflow/example_dags/example_latest_only.py
[2024-11-21T21:23:51.931+0000] {logging_mixin.py:190} INFO - [2024-11-21T21:23:51.931+0000] {dag.py:3239} INFO - Sync 1 DAGs
[2024-11-21T21:23:51.956+0000] {logging_mixin.py:190} INFO - [2024-11-21T21:23:51.955+0000] {dag.py:4180} INFO - Setting next_dagrun for latest_only to 2024-11-21 16:00:00+00:00, run_after=2024-11-21 20:00:00+00:00
[2024-11-21T21:23:51.977+0000] {processor.py:208} INFO - Processing /root/airflow-venv/lib/python3.12/site-packages/airflow/example_dags/example_latest_only.py took 0.092 seconds
[2024-11-21T21:24:50.299+0000] {processor.py:186} INFO - Started process (PID=3520) to work on /root/airflow-venv/lib/python3.12/site-packages/airflow/example_dags/example_latest_only.py
[2024-11-21T21:24:50.301+0000] {processor.py:914} INFO - Processing file /root/airflow-venv/lib/python3.12/site-packages/airflow/example_dags/example_latest_only.py for tasks to queue
[2024-11-21T21:24:50.305+0000] {logging_mixin.py:190} INFO - [2024-11-21T21:24:50.304+0000] {dagbag.py:588} INFO - Filling up the DagBag from /root/airflow-venv/lib/python3.12/site-packages/airflow/example_dags/example_latest_only.py
[2024-11-21T21:24:50.315+0000] {processor.py:925} INFO - DAG(s) 'latest_only' retrieved from /root/airflow-venv/lib/python3.12/site-packages/airflow/example_dags/example_latest_only.py
[2024-11-21T21:24:50.337+0000] {logging_mixin.py:190} INFO - [2024-11-21T21:24:50.337+0000] {dag.py:3239} INFO - Sync 1 DAGs
[2024-11-21T21:24:50.360+0000] {logging_mixin.py:190} INFO - [2024-11-21T21:24:50.360+0000] {dag.py:4180} INFO - Setting next_dagrun for latest_only to 2024-11-21 16:00:00+00:00, run_after=2024-11-21 20:00:00+00:00
[2024-11-21T21:24:50.387+0000] {processor.py:208} INFO - Processing /root/airflow-venv/lib/python3.12/site-packages/airflow/example_dags/example_latest_only.py took 0.096 seconds
[2024-11-21T21:25:50.056+0000] {processor.py:186} INFO - Started process (PID=3582) to work on /root/airflow-venv/lib/python3.12/site-packages/airflow/example_dags/example_latest_only.py
[2024-11-21T21:25:50.057+0000] {processor.py:914} INFO - Processing file /root/airflow-venv/lib/python3.12/site-packages/airflow/example_dags/example_latest_only.py for tasks to queue
[2024-11-21T21:25:50.060+0000] {logging_mixin.py:190} INFO - [2024-11-21T21:25:50.059+0000] {dagbag.py:588} INFO - Filling up the DagBag from /root/airflow-venv/lib/python3.12/site-packages/airflow/example_dags/example_latest_only.py
[2024-11-21T21:25:50.068+0000] {processor.py:925} INFO - DAG(s) 'latest_only' retrieved from /root/airflow-venv/lib/python3.12/site-packages/airflow/example_dags/example_latest_only.py
[2024-11-21T21:25:50.085+0000] {logging_mixin.py:190} INFO - [2024-11-21T21:25:50.085+0000] {dag.py:3239} INFO - Sync 1 DAGs
[2024-11-21T21:25:50.103+0000] {logging_mixin.py:190} INFO - [2024-11-21T21:25:50.103+0000] {dag.py:4180} INFO - Setting next_dagrun for latest_only to 2024-11-21 16:00:00+00:00, run_after=2024-11-21 20:00:00+00:00
[2024-11-21T21:25:50.256+0000] {processor.py:208} INFO - Processing /root/airflow-venv/lib/python3.12/site-packages/airflow/example_dags/example_latest_only.py took 0.206 seconds
[2024-11-21T21:27:00.611+0000] {processor.py:186} INFO - Started process (PID=3645) to work on /root/airflow-venv/lib/python3.12/site-packages/airflow/example_dags/example_latest_only.py
[2024-11-21T21:27:00.613+0000] {processor.py:914} INFO - Processing file /root/airflow-venv/lib/python3.12/site-packages/airflow/example_dags/example_latest_only.py for tasks to queue
[2024-11-21T21:27:00.618+0000] {logging_mixin.py:190} INFO - [2024-11-21T21:27:00.617+0000] {dagbag.py:588} INFO - Filling up the DagBag from /root/airflow-venv/lib/python3.12/site-packages/airflow/example_dags/example_latest_only.py
[2024-11-21T21:27:00.633+0000] {processor.py:925} INFO - DAG(s) 'latest_only' retrieved from /root/airflow-venv/lib/python3.12/site-packages/airflow/example_dags/example_latest_only.py
[2024-11-21T21:27:00.662+0000] {logging_mixin.py:190} INFO - [2024-11-21T21:27:00.661+0000] {dag.py:3239} INFO - Sync 1 DAGs
[2024-11-21T21:27:00.693+0000] {logging_mixin.py:190} INFO - [2024-11-21T21:27:00.692+0000] {dag.py:4180} INFO - Setting next_dagrun for latest_only to 2024-11-21 16:00:00+00:00, run_after=2024-11-21 20:00:00+00:00
[2024-11-21T21:27:00.723+0000] {processor.py:208} INFO - Processing /root/airflow-venv/lib/python3.12/site-packages/airflow/example_dags/example_latest_only.py took 0.123 seconds
[2024-11-21T21:27:58.198+0000] {processor.py:186} INFO - Started process (PID=3702) to work on /root/airflow-venv/lib/python3.12/site-packages/airflow/example_dags/example_latest_only.py
[2024-11-21T21:27:58.199+0000] {processor.py:914} INFO - Processing file /root/airflow-venv/lib/python3.12/site-packages/airflow/example_dags/example_latest_only.py for tasks to queue
[2024-11-21T21:27:58.202+0000] {logging_mixin.py:190} INFO - [2024-11-21T21:27:58.202+0000] {dagbag.py:588} INFO - Filling up the DagBag from /root/airflow-venv/lib/python3.12/site-packages/airflow/example_dags/example_latest_only.py
[2024-11-21T21:27:58.213+0000] {processor.py:925} INFO - DAG(s) 'latest_only' retrieved from /root/airflow-venv/lib/python3.12/site-packages/airflow/example_dags/example_latest_only.py
[2024-11-21T21:27:58.233+0000] {logging_mixin.py:190} INFO - [2024-11-21T21:27:58.232+0000] {dag.py:3239} INFO - Sync 1 DAGs
[2024-11-21T21:27:58.256+0000] {logging_mixin.py:190} INFO - [2024-11-21T21:27:58.256+0000] {dag.py:4180} INFO - Setting next_dagrun for latest_only to 2024-11-21 16:00:00+00:00, run_after=2024-11-21 20:00:00+00:00
[2024-11-21T21:27:58.278+0000] {processor.py:208} INFO - Processing /root/airflow-venv/lib/python3.12/site-packages/airflow/example_dags/example_latest_only.py took 0.088 seconds
[2024-11-21T21:28:53.905+0000] {processor.py:186} INFO - Started process (PID=3761) to work on /root/airflow-venv/lib/python3.12/site-packages/airflow/example_dags/example_latest_only.py
[2024-11-21T21:28:53.907+0000] {processor.py:914} INFO - Processing file /root/airflow-venv/lib/python3.12/site-packages/airflow/example_dags/example_latest_only.py for tasks to queue
[2024-11-21T21:28:53.909+0000] {logging_mixin.py:190} INFO - [2024-11-21T21:28:53.909+0000] {dagbag.py:588} INFO - Filling up the DagBag from /root/airflow-venv/lib/python3.12/site-packages/airflow/example_dags/example_latest_only.py
[2024-11-21T21:28:53.920+0000] {processor.py:925} INFO - DAG(s) 'latest_only' retrieved from /root/airflow-venv/lib/python3.12/site-packages/airflow/example_dags/example_latest_only.py
[2024-11-21T21:28:53.942+0000] {logging_mixin.py:190} INFO - [2024-11-21T21:28:53.942+0000] {dag.py:3239} INFO - Sync 1 DAGs
[2024-11-21T21:28:53.968+0000] {logging_mixin.py:190} INFO - [2024-11-21T21:28:53.968+0000] {dag.py:4180} INFO - Setting next_dagrun for latest_only to 2024-11-21 16:00:00+00:00, run_after=2024-11-21 20:00:00+00:00
[2024-11-21T21:28:53.992+0000] {processor.py:208} INFO - Processing /root/airflow-venv/lib/python3.12/site-packages/airflow/example_dags/example_latest_only.py took 0.096 seconds
[2024-11-21T21:29:48.973+0000] {processor.py:186} INFO - Started process (PID=3875) to work on /root/airflow-venv/lib/python3.12/site-packages/airflow/example_dags/example_latest_only.py
[2024-11-21T21:29:48.974+0000] {processor.py:914} INFO - Processing file /root/airflow-venv/lib/python3.12/site-packages/airflow/example_dags/example_latest_only.py for tasks to queue
[2024-11-21T21:29:48.977+0000] {logging_mixin.py:190} INFO - [2024-11-21T21:29:48.976+0000] {dagbag.py:588} INFO - Filling up the DagBag from /root/airflow-venv/lib/python3.12/site-packages/airflow/example_dags/example_latest_only.py
[2024-11-21T21:29:48.987+0000] {processor.py:925} INFO - DAG(s) 'latest_only' retrieved from /root/airflow-venv/lib/python3.12/site-packages/airflow/example_dags/example_latest_only.py
[2024-11-21T21:29:49.010+0000] {logging_mixin.py:190} INFO - [2024-11-21T21:29:49.010+0000] {dag.py:3239} INFO - Sync 1 DAGs
[2024-11-21T21:29:49.033+0000] {logging_mixin.py:190} INFO - [2024-11-21T21:29:49.032+0000] {dag.py:4180} INFO - Setting next_dagrun for latest_only to 2024-11-21 16:00:00+00:00, run_after=2024-11-21 20:00:00+00:00
[2024-11-21T21:29:49.055+0000] {processor.py:208} INFO - Processing /root/airflow-venv/lib/python3.12/site-packages/airflow/example_dags/example_latest_only.py took 0.088 seconds
[2024-11-21T21:30:41.856+0000] {processor.py:186} INFO - Started process (PID=3941) to work on /root/airflow-venv/lib/python3.12/site-packages/airflow/example_dags/example_latest_only.py
[2024-11-21T21:30:41.857+0000] {processor.py:914} INFO - Processing file /root/airflow-venv/lib/python3.12/site-packages/airflow/example_dags/example_latest_only.py for tasks to queue
[2024-11-21T21:30:41.860+0000] {logging_mixin.py:190} INFO - [2024-11-21T21:30:41.859+0000] {dagbag.py:588} INFO - Filling up the DagBag from /root/airflow-venv/lib/python3.12/site-packages/airflow/example_dags/example_latest_only.py
[2024-11-21T21:30:41.870+0000] {processor.py:925} INFO - DAG(s) 'latest_only' retrieved from /root/airflow-venv/lib/python3.12/site-packages/airflow/example_dags/example_latest_only.py
[2024-11-21T21:30:41.889+0000] {logging_mixin.py:190} INFO - [2024-11-21T21:30:41.889+0000] {dag.py:3239} INFO - Sync 1 DAGs
[2024-11-21T21:30:41.913+0000] {logging_mixin.py:190} INFO - [2024-11-21T21:30:41.912+0000] {dag.py:4180} INFO - Setting next_dagrun for latest_only to 2024-11-21 16:00:00+00:00, run_after=2024-11-21 20:00:00+00:00
[2024-11-21T21:30:41.934+0000] {processor.py:208} INFO - Processing /root/airflow-venv/lib/python3.12/site-packages/airflow/example_dags/example_latest_only.py took 0.085 seconds
[2024-11-21T21:31:39.103+0000] {processor.py:186} INFO - Started process (PID=3999) to work on /root/airflow-venv/lib/python3.12/site-packages/airflow/example_dags/example_latest_only.py
[2024-11-21T21:31:39.104+0000] {processor.py:914} INFO - Processing file /root/airflow-venv/lib/python3.12/site-packages/airflow/example_dags/example_latest_only.py for tasks to queue
[2024-11-21T21:31:39.107+0000] {logging_mixin.py:190} INFO - [2024-11-21T21:31:39.106+0000] {dagbag.py:588} INFO - Filling up the DagBag from /root/airflow-venv/lib/python3.12/site-packages/airflow/example_dags/example_latest_only.py
[2024-11-21T21:31:39.119+0000] {processor.py:925} INFO - DAG(s) 'latest_only' retrieved from /root/airflow-venv/lib/python3.12/site-packages/airflow/example_dags/example_latest_only.py
[2024-11-21T21:31:39.142+0000] {logging_mixin.py:190} INFO - [2024-11-21T21:31:39.141+0000] {dag.py:3239} INFO - Sync 1 DAGs
[2024-11-21T21:31:39.166+0000] {logging_mixin.py:190} INFO - [2024-11-21T21:31:39.166+0000] {dag.py:4180} INFO - Setting next_dagrun for latest_only to 2024-11-21 16:00:00+00:00, run_after=2024-11-21 20:00:00+00:00
[2024-11-21T21:31:39.193+0000] {processor.py:208} INFO - Processing /root/airflow-venv/lib/python3.12/site-packages/airflow/example_dags/example_latest_only.py took 0.098 seconds
