[2024-11-21T21:20:04.553+0000] {processor.py:186} INFO - Started process (PID=3168) to work on /root/airflow-venv/lib/python3.12/site-packages/airflow/example_dags/tutorial_dag.py
[2024-11-21T21:20:04.555+0000] {processor.py:914} INFO - Processing file /root/airflow-venv/lib/python3.12/site-packages/airflow/example_dags/tutorial_dag.py for tasks to queue
[2024-11-21T21:20:04.558+0000] {logging_mixin.py:190} INFO - [2024-11-21T21:20:04.558+0000] {dagbag.py:588} INFO - Filling up the DagBag from /root/airflow-venv/lib/python3.12/site-packages/airflow/example_dags/tutorial_dag.py
[2024-11-21T21:20:04.572+0000] {processor.py:925} INFO - DAG(s) 'tutorial_dag' retrieved from /root/airflow-venv/lib/python3.12/site-packages/airflow/example_dags/tutorial_dag.py
[2024-11-21T21:20:04.741+0000] {logging_mixin.py:190} INFO - [2024-11-21T21:20:04.739+0000] {override.py:1911} INFO - Created Permission View: can delete on DAG:tutorial_dag
[2024-11-21T21:20:04.757+0000] {logging_mixin.py:190} INFO - [2024-11-21T21:20:04.757+0000] {override.py:1911} INFO - Created Permission View: can edit on DAG:tutorial_dag
[2024-11-21T21:20:04.769+0000] {logging_mixin.py:190} INFO - [2024-11-21T21:20:04.768+0000] {override.py:1911} INFO - Created Permission View: can read on DAG:tutorial_dag
[2024-11-21T21:20:04.786+0000] {logging_mixin.py:190} INFO - [2024-11-21T21:20:04.785+0000] {override.py:1911} INFO - Created Permission View: can delete on DAG Run:tutorial_dag
[2024-11-21T21:20:04.799+0000] {logging_mixin.py:190} INFO - [2024-11-21T21:20:04.798+0000] {override.py:1911} INFO - Created Permission View: can create on DAG Run:tutorial_dag
[2024-11-21T21:20:04.812+0000] {logging_mixin.py:190} INFO - [2024-11-21T21:20:04.811+0000] {override.py:1911} INFO - Created Permission View: can read on DAG Run:tutorial_dag
[2024-11-21T21:20:04.825+0000] {logging_mixin.py:190} INFO - [2024-11-21T21:20:04.824+0000] {override.py:1911} INFO - Created Permission View: menu access on DAG Run:tutorial_dag
[2024-11-21T21:20:04.825+0000] {logging_mixin.py:190} INFO - [2024-11-21T21:20:04.825+0000] {dag.py:3239} INFO - Sync 1 DAGs
[2024-11-21T21:20:04.843+0000] {logging_mixin.py:190} INFO - [2024-11-21T21:20:04.842+0000] {dag.py:3262} INFO - Creating ORM DAG for tutorial_dag
[2024-11-21T21:20:04.844+0000] {logging_mixin.py:190} INFO - [2024-11-21T21:20:04.843+0000] {dag.py:4180} INFO - Setting next_dagrun for tutorial_dag to None, run_after=None
[2024-11-21T21:20:04.868+0000] {processor.py:208} INFO - Processing /root/airflow-venv/lib/python3.12/site-packages/airflow/example_dags/tutorial_dag.py took 0.325 seconds
[2024-11-21T21:20:22.349+0000] {processor.py:186} INFO - Started process (PID=3223) to work on /root/airflow-venv/lib/python3.12/site-packages/airflow/example_dags/tutorial_dag.py
[2024-11-21T21:20:22.350+0000] {processor.py:914} INFO - Processing file /root/airflow-venv/lib/python3.12/site-packages/airflow/example_dags/tutorial_dag.py for tasks to queue
[2024-11-21T21:20:22.353+0000] {logging_mixin.py:190} INFO - [2024-11-21T21:20:22.352+0000] {dagbag.py:588} INFO - Filling up the DagBag from /root/airflow-venv/lib/python3.12/site-packages/airflow/example_dags/tutorial_dag.py
[2024-11-21T21:20:22.364+0000] {processor.py:925} INFO - DAG(s) 'tutorial_dag' retrieved from /root/airflow-venv/lib/python3.12/site-packages/airflow/example_dags/tutorial_dag.py
[2024-11-21T21:20:22.375+0000] {logging_mixin.py:190} INFO - [2024-11-21T21:20:22.374+0000] {dag.py:3239} INFO - Sync 1 DAGs
[2024-11-21T21:20:22.392+0000] {logging_mixin.py:190} INFO - [2024-11-21T21:20:22.392+0000] {dag.py:4180} INFO - Setting next_dagrun for tutorial_dag to None, run_after=None
[2024-11-21T21:20:22.419+0000] {processor.py:208} INFO - Processing /root/airflow-venv/lib/python3.12/site-packages/airflow/example_dags/tutorial_dag.py took 0.076 seconds
[2024-11-21T21:21:14.987+0000] {processor.py:186} INFO - Started process (PID=3307) to work on /root/airflow-venv/lib/python3.12/site-packages/airflow/example_dags/tutorial_dag.py
[2024-11-21T21:21:14.988+0000] {processor.py:914} INFO - Processing file /root/airflow-venv/lib/python3.12/site-packages/airflow/example_dags/tutorial_dag.py for tasks to queue
[2024-11-21T21:21:14.991+0000] {logging_mixin.py:190} INFO - [2024-11-21T21:21:14.990+0000] {dagbag.py:588} INFO - Filling up the DagBag from /root/airflow-venv/lib/python3.12/site-packages/airflow/example_dags/tutorial_dag.py
[2024-11-21T21:21:15.000+0000] {processor.py:925} INFO - DAG(s) 'tutorial_dag' retrieved from /root/airflow-venv/lib/python3.12/site-packages/airflow/example_dags/tutorial_dag.py
[2024-11-21T21:21:15.019+0000] {logging_mixin.py:190} INFO - [2024-11-21T21:21:15.019+0000] {dag.py:3239} INFO - Sync 1 DAGs
[2024-11-21T21:21:15.032+0000] {logging_mixin.py:190} INFO - [2024-11-21T21:21:15.032+0000] {dag.py:4180} INFO - Setting next_dagrun for tutorial_dag to None, run_after=None
[2024-11-21T21:21:15.052+0000] {processor.py:208} INFO - Processing /root/airflow-venv/lib/python3.12/site-packages/airflow/example_dags/tutorial_dag.py took 0.071 seconds
[2024-11-21T21:22:15.709+0000] {processor.py:186} INFO - Started process (PID=3367) to work on /root/airflow-venv/lib/python3.12/site-packages/airflow/example_dags/tutorial_dag.py
[2024-11-21T21:22:15.711+0000] {processor.py:914} INFO - Processing file /root/airflow-venv/lib/python3.12/site-packages/airflow/example_dags/tutorial_dag.py for tasks to queue
[2024-11-21T21:22:15.714+0000] {logging_mixin.py:190} INFO - [2024-11-21T21:22:15.714+0000] {dagbag.py:588} INFO - Filling up the DagBag from /root/airflow-venv/lib/python3.12/site-packages/airflow/example_dags/tutorial_dag.py
[2024-11-21T21:22:15.724+0000] {processor.py:925} INFO - DAG(s) 'tutorial_dag' retrieved from /root/airflow-venv/lib/python3.12/site-packages/airflow/example_dags/tutorial_dag.py
[2024-11-21T21:22:15.745+0000] {logging_mixin.py:190} INFO - [2024-11-21T21:22:15.745+0000] {dag.py:3239} INFO - Sync 1 DAGs
[2024-11-21T21:22:15.761+0000] {logging_mixin.py:190} INFO - [2024-11-21T21:22:15.761+0000] {dag.py:4180} INFO - Setting next_dagrun for tutorial_dag to None, run_after=None
[2024-11-21T21:22:15.789+0000] {processor.py:208} INFO - Processing /root/airflow-venv/lib/python3.12/site-packages/airflow/example_dags/tutorial_dag.py took 0.087 seconds
[2024-11-21T21:23:14.466+0000] {processor.py:186} INFO - Started process (PID=3427) to work on /root/airflow-venv/lib/python3.12/site-packages/airflow/example_dags/tutorial_dag.py
[2024-11-21T21:23:14.467+0000] {processor.py:914} INFO - Processing file /root/airflow-venv/lib/python3.12/site-packages/airflow/example_dags/tutorial_dag.py for tasks to queue
[2024-11-21T21:23:14.472+0000] {logging_mixin.py:190} INFO - [2024-11-21T21:23:14.471+0000] {dagbag.py:588} INFO - Filling up the DagBag from /root/airflow-venv/lib/python3.12/site-packages/airflow/example_dags/tutorial_dag.py
[2024-11-21T21:23:14.484+0000] {processor.py:925} INFO - DAG(s) 'tutorial_dag' retrieved from /root/airflow-venv/lib/python3.12/site-packages/airflow/example_dags/tutorial_dag.py
[2024-11-21T21:23:14.509+0000] {logging_mixin.py:190} INFO - [2024-11-21T21:23:14.509+0000] {dag.py:3239} INFO - Sync 1 DAGs
[2024-11-21T21:23:14.529+0000] {logging_mixin.py:190} INFO - [2024-11-21T21:23:14.529+0000] {dag.py:4180} INFO - Setting next_dagrun for tutorial_dag to None, run_after=None
[2024-11-21T21:23:14.561+0000] {processor.py:208} INFO - Processing /root/airflow-venv/lib/python3.12/site-packages/airflow/example_dags/tutorial_dag.py took 0.105 seconds
[2024-11-21T21:24:13.675+0000] {processor.py:186} INFO - Started process (PID=3484) to work on /root/airflow-venv/lib/python3.12/site-packages/airflow/example_dags/tutorial_dag.py
[2024-11-21T21:24:13.677+0000] {processor.py:914} INFO - Processing file /root/airflow-venv/lib/python3.12/site-packages/airflow/example_dags/tutorial_dag.py for tasks to queue
[2024-11-21T21:24:13.680+0000] {logging_mixin.py:190} INFO - [2024-11-21T21:24:13.680+0000] {dagbag.py:588} INFO - Filling up the DagBag from /root/airflow-venv/lib/python3.12/site-packages/airflow/example_dags/tutorial_dag.py
[2024-11-21T21:24:13.690+0000] {processor.py:925} INFO - DAG(s) 'tutorial_dag' retrieved from /root/airflow-venv/lib/python3.12/site-packages/airflow/example_dags/tutorial_dag.py
[2024-11-21T21:24:13.709+0000] {logging_mixin.py:190} INFO - [2024-11-21T21:24:13.708+0000] {dag.py:3239} INFO - Sync 1 DAGs
[2024-11-21T21:24:13.721+0000] {logging_mixin.py:190} INFO - [2024-11-21T21:24:13.721+0000] {dag.py:4180} INFO - Setting next_dagrun for tutorial_dag to None, run_after=None
[2024-11-21T21:24:13.743+0000] {processor.py:208} INFO - Processing /root/airflow-venv/lib/python3.12/site-packages/airflow/example_dags/tutorial_dag.py took 0.075 seconds
[2024-11-21T21:25:09.998+0000] {processor.py:186} INFO - Started process (PID=3542) to work on /root/airflow-venv/lib/python3.12/site-packages/airflow/example_dags/tutorial_dag.py
[2024-11-21T21:25:10.000+0000] {processor.py:914} INFO - Processing file /root/airflow-venv/lib/python3.12/site-packages/airflow/example_dags/tutorial_dag.py for tasks to queue
[2024-11-21T21:25:10.003+0000] {logging_mixin.py:190} INFO - [2024-11-21T21:25:10.003+0000] {dagbag.py:588} INFO - Filling up the DagBag from /root/airflow-venv/lib/python3.12/site-packages/airflow/example_dags/tutorial_dag.py
[2024-11-21T21:25:10.014+0000] {processor.py:925} INFO - DAG(s) 'tutorial_dag' retrieved from /root/airflow-venv/lib/python3.12/site-packages/airflow/example_dags/tutorial_dag.py
[2024-11-21T21:25:10.039+0000] {logging_mixin.py:190} INFO - [2024-11-21T21:25:10.038+0000] {dag.py:3239} INFO - Sync 1 DAGs
[2024-11-21T21:25:10.053+0000] {logging_mixin.py:190} INFO - [2024-11-21T21:25:10.053+0000] {dag.py:4180} INFO - Setting next_dagrun for tutorial_dag to None, run_after=None
[2024-11-21T21:25:10.075+0000] {processor.py:208} INFO - Processing /root/airflow-venv/lib/python3.12/site-packages/airflow/example_dags/tutorial_dag.py took 0.088 seconds
[2024-11-21T21:26:12.644+0000] {processor.py:186} INFO - Started process (PID=3602) to work on /root/airflow-venv/lib/python3.12/site-packages/airflow/example_dags/tutorial_dag.py
[2024-11-21T21:26:12.645+0000] {processor.py:914} INFO - Processing file /root/airflow-venv/lib/python3.12/site-packages/airflow/example_dags/tutorial_dag.py for tasks to queue
[2024-11-21T21:26:12.648+0000] {logging_mixin.py:190} INFO - [2024-11-21T21:26:12.647+0000] {dagbag.py:588} INFO - Filling up the DagBag from /root/airflow-venv/lib/python3.12/site-packages/airflow/example_dags/tutorial_dag.py
[2024-11-21T21:26:12.656+0000] {processor.py:925} INFO - DAG(s) 'tutorial_dag' retrieved from /root/airflow-venv/lib/python3.12/site-packages/airflow/example_dags/tutorial_dag.py
[2024-11-21T21:26:12.674+0000] {logging_mixin.py:190} INFO - [2024-11-21T21:26:12.674+0000] {dag.py:3239} INFO - Sync 1 DAGs
[2024-11-21T21:26:12.825+0000] {logging_mixin.py:190} INFO - [2024-11-21T21:26:12.825+0000] {dag.py:4180} INFO - Setting next_dagrun for tutorial_dag to None, run_after=None
[2024-11-21T21:26:12.844+0000] {processor.py:208} INFO - Processing /root/airflow-venv/lib/python3.12/site-packages/airflow/example_dags/tutorial_dag.py took 0.206 seconds
[2024-11-21T21:27:18.151+0000] {processor.py:186} INFO - Started process (PID=3662) to work on /root/airflow-venv/lib/python3.12/site-packages/airflow/example_dags/tutorial_dag.py
[2024-11-21T21:27:18.152+0000] {processor.py:914} INFO - Processing file /root/airflow-venv/lib/python3.12/site-packages/airflow/example_dags/tutorial_dag.py for tasks to queue
[2024-11-21T21:27:18.155+0000] {logging_mixin.py:190} INFO - [2024-11-21T21:27:18.155+0000] {dagbag.py:588} INFO - Filling up the DagBag from /root/airflow-venv/lib/python3.12/site-packages/airflow/example_dags/tutorial_dag.py
[2024-11-21T21:27:18.165+0000] {processor.py:925} INFO - DAG(s) 'tutorial_dag' retrieved from /root/airflow-venv/lib/python3.12/site-packages/airflow/example_dags/tutorial_dag.py
[2024-11-21T21:27:18.184+0000] {logging_mixin.py:190} INFO - [2024-11-21T21:27:18.184+0000] {dag.py:3239} INFO - Sync 1 DAGs
[2024-11-21T21:27:18.199+0000] {logging_mixin.py:190} INFO - [2024-11-21T21:27:18.199+0000] {dag.py:4180} INFO - Setting next_dagrun for tutorial_dag to None, run_after=None
[2024-11-21T21:27:18.223+0000] {processor.py:208} INFO - Processing /root/airflow-venv/lib/python3.12/site-packages/airflow/example_dags/tutorial_dag.py took 0.081 seconds
[2024-11-21T21:28:13.465+0000] {processor.py:186} INFO - Started process (PID=3721) to work on /root/airflow-venv/lib/python3.12/site-packages/airflow/example_dags/tutorial_dag.py
[2024-11-21T21:28:13.467+0000] {processor.py:914} INFO - Processing file /root/airflow-venv/lib/python3.12/site-packages/airflow/example_dags/tutorial_dag.py for tasks to queue
[2024-11-21T21:28:13.470+0000] {logging_mixin.py:190} INFO - [2024-11-21T21:28:13.469+0000] {dagbag.py:588} INFO - Filling up the DagBag from /root/airflow-venv/lib/python3.12/site-packages/airflow/example_dags/tutorial_dag.py
[2024-11-21T21:28:13.481+0000] {processor.py:925} INFO - DAG(s) 'tutorial_dag' retrieved from /root/airflow-venv/lib/python3.12/site-packages/airflow/example_dags/tutorial_dag.py
[2024-11-21T21:28:13.504+0000] {logging_mixin.py:190} INFO - [2024-11-21T21:28:13.504+0000] {dag.py:3239} INFO - Sync 1 DAGs
[2024-11-21T21:28:13.528+0000] {logging_mixin.py:190} INFO - [2024-11-21T21:28:13.527+0000] {dag.py:4180} INFO - Setting next_dagrun for tutorial_dag to None, run_after=None
[2024-11-21T21:28:13.553+0000] {processor.py:208} INFO - Processing /root/airflow-venv/lib/python3.12/site-packages/airflow/example_dags/tutorial_dag.py took 0.098 seconds
[2024-11-21T21:29:09.601+0000] {processor.py:186} INFO - Started process (PID=3779) to work on /root/airflow-venv/lib/python3.12/site-packages/airflow/example_dags/tutorial_dag.py
[2024-11-21T21:29:09.602+0000] {processor.py:914} INFO - Processing file /root/airflow-venv/lib/python3.12/site-packages/airflow/example_dags/tutorial_dag.py for tasks to queue
[2024-11-21T21:29:09.605+0000] {logging_mixin.py:190} INFO - [2024-11-21T21:29:09.605+0000] {dagbag.py:588} INFO - Filling up the DagBag from /root/airflow-venv/lib/python3.12/site-packages/airflow/example_dags/tutorial_dag.py
[2024-11-21T21:29:09.615+0000] {processor.py:925} INFO - DAG(s) 'tutorial_dag' retrieved from /root/airflow-venv/lib/python3.12/site-packages/airflow/example_dags/tutorial_dag.py
[2024-11-21T21:29:09.633+0000] {logging_mixin.py:190} INFO - [2024-11-21T21:29:09.633+0000] {dag.py:3239} INFO - Sync 1 DAGs
[2024-11-21T21:29:09.648+0000] {logging_mixin.py:190} INFO - [2024-11-21T21:29:09.648+0000] {dag.py:4180} INFO - Setting next_dagrun for tutorial_dag to None, run_after=None
[2024-11-21T21:29:09.670+0000] {processor.py:208} INFO - Processing /root/airflow-venv/lib/python3.12/site-packages/airflow/example_dags/tutorial_dag.py took 0.076 seconds
[2024-11-21T21:30:02.987+0000] {processor.py:186} INFO - Started process (PID=3897) to work on /root/airflow-venv/lib/python3.12/site-packages/airflow/example_dags/tutorial_dag.py
[2024-11-21T21:30:02.989+0000] {processor.py:914} INFO - Processing file /root/airflow-venv/lib/python3.12/site-packages/airflow/example_dags/tutorial_dag.py for tasks to queue
[2024-11-21T21:30:02.993+0000] {logging_mixin.py:190} INFO - [2024-11-21T21:30:02.993+0000] {dagbag.py:588} INFO - Filling up the DagBag from /root/airflow-venv/lib/python3.12/site-packages/airflow/example_dags/tutorial_dag.py
[2024-11-21T21:30:03.009+0000] {processor.py:925} INFO - DAG(s) 'tutorial_dag' retrieved from /root/airflow-venv/lib/python3.12/site-packages/airflow/example_dags/tutorial_dag.py
[2024-11-21T21:30:03.039+0000] {logging_mixin.py:190} INFO - [2024-11-21T21:30:03.038+0000] {dag.py:3239} INFO - Sync 1 DAGs
[2024-11-21T21:30:03.063+0000] {logging_mixin.py:190} INFO - [2024-11-21T21:30:03.062+0000] {dag.py:4180} INFO - Setting next_dagrun for tutorial_dag to None, run_after=None
[2024-11-21T21:30:03.098+0000] {processor.py:208} INFO - Processing /root/airflow-venv/lib/python3.12/site-packages/airflow/example_dags/tutorial_dag.py took 0.122 seconds
[2024-11-21T21:30:55.721+0000] {processor.py:186} INFO - Started process (PID=3954) to work on /root/airflow-venv/lib/python3.12/site-packages/airflow/example_dags/tutorial_dag.py
[2024-11-21T21:30:55.722+0000] {processor.py:914} INFO - Processing file /root/airflow-venv/lib/python3.12/site-packages/airflow/example_dags/tutorial_dag.py for tasks to queue
[2024-11-21T21:30:55.726+0000] {logging_mixin.py:190} INFO - [2024-11-21T21:30:55.725+0000] {dagbag.py:588} INFO - Filling up the DagBag from /root/airflow-venv/lib/python3.12/site-packages/airflow/example_dags/tutorial_dag.py
[2024-11-21T21:30:55.737+0000] {processor.py:925} INFO - DAG(s) 'tutorial_dag' retrieved from /root/airflow-venv/lib/python3.12/site-packages/airflow/example_dags/tutorial_dag.py
[2024-11-21T21:30:55.759+0000] {logging_mixin.py:190} INFO - [2024-11-21T21:30:55.759+0000] {dag.py:3239} INFO - Sync 1 DAGs
[2024-11-21T21:30:55.776+0000] {logging_mixin.py:190} INFO - [2024-11-21T21:30:55.776+0000] {dag.py:4180} INFO - Setting next_dagrun for tutorial_dag to None, run_after=None
[2024-11-21T21:30:55.802+0000] {processor.py:208} INFO - Processing /root/airflow-venv/lib/python3.12/site-packages/airflow/example_dags/tutorial_dag.py took 0.089 seconds
