[2024-11-21T21:20:07.854+0000] {processor.py:186} INFO - Started process (PID=3174) to work on /root/airflow-venv/lib/python3.12/site-packages/airflow/example_dags/tutorial_objectstorage.py
[2024-11-21T21:20:07.855+0000] {processor.py:914} INFO - Processing file /root/airflow-venv/lib/python3.12/site-packages/airflow/example_dags/tutorial_objectstorage.py for tasks to queue
[2024-11-21T21:20:07.859+0000] {logging_mixin.py:190} INFO - [2024-11-21T21:20:07.858+0000] {dagbag.py:588} INFO - Filling up the DagBag from /root/airflow-venv/lib/python3.12/site-packages/airflow/example_dags/tutorial_objectstorage.py
[2024-11-21T21:20:07.875+0000] {processor.py:925} INFO - DAG(s) 'tutorial_objectstorage' retrieved from /root/airflow-venv/lib/python3.12/site-packages/airflow/example_dags/tutorial_objectstorage.py
[2024-11-21T21:20:08.176+0000] {logging_mixin.py:190} INFO - [2024-11-21T21:20:08.175+0000] {override.py:1911} INFO - Created Permission View: can delete on DAG:tutorial_objectstorage
[2024-11-21T21:20:08.194+0000] {logging_mixin.py:190} INFO - [2024-11-21T21:20:08.193+0000] {override.py:1911} INFO - Created Permission View: can edit on DAG:tutorial_objectstorage
[2024-11-21T21:20:08.201+0000] {logging_mixin.py:190} INFO - [2024-11-21T21:20:08.201+0000] {override.py:1911} INFO - Created Permission View: can read on DAG:tutorial_objectstorage
[2024-11-21T21:20:08.214+0000] {logging_mixin.py:190} INFO - [2024-11-21T21:20:08.214+0000] {override.py:1911} INFO - Created Permission View: can delete on DAG Run:tutorial_objectstorage
[2024-11-21T21:20:08.231+0000] {logging_mixin.py:190} INFO - [2024-11-21T21:20:08.230+0000] {override.py:1911} INFO - Created Permission View: can create on DAG Run:tutorial_objectstorage
[2024-11-21T21:20:08.238+0000] {logging_mixin.py:190} INFO - [2024-11-21T21:20:08.237+0000] {override.py:1911} INFO - Created Permission View: can read on DAG Run:tutorial_objectstorage
[2024-11-21T21:20:08.244+0000] {logging_mixin.py:190} INFO - [2024-11-21T21:20:08.244+0000] {override.py:1911} INFO - Created Permission View: menu access on DAG Run:tutorial_objectstorage
[2024-11-21T21:20:08.245+0000] {logging_mixin.py:190} INFO - [2024-11-21T21:20:08.244+0000] {dag.py:3239} INFO - Sync 1 DAGs
[2024-11-21T21:20:08.261+0000] {logging_mixin.py:190} INFO - [2024-11-21T21:20:08.261+0000] {dag.py:3262} INFO - Creating ORM DAG for tutorial_objectstorage
[2024-11-21T21:20:08.262+0000] {logging_mixin.py:190} INFO - [2024-11-21T21:20:08.261+0000] {dag.py:4180} INFO - Setting next_dagrun for tutorial_objectstorage to None, run_after=None
[2024-11-21T21:20:08.294+0000] {processor.py:208} INFO - Processing /root/airflow-venv/lib/python3.12/site-packages/airflow/example_dags/tutorial_objectstorage.py took 0.447 seconds
[2024-11-21T21:20:25.086+0000] {processor.py:186} INFO - Started process (PID=3228) to work on /root/airflow-venv/lib/python3.12/site-packages/airflow/example_dags/tutorial_objectstorage.py
[2024-11-21T21:20:25.088+0000] {processor.py:914} INFO - Processing file /root/airflow-venv/lib/python3.12/site-packages/airflow/example_dags/tutorial_objectstorage.py for tasks to queue
[2024-11-21T21:20:25.091+0000] {logging_mixin.py:190} INFO - [2024-11-21T21:20:25.091+0000] {dagbag.py:588} INFO - Filling up the DagBag from /root/airflow-venv/lib/python3.12/site-packages/airflow/example_dags/tutorial_objectstorage.py
[2024-11-21T21:20:25.105+0000] {processor.py:925} INFO - DAG(s) 'tutorial_objectstorage' retrieved from /root/airflow-venv/lib/python3.12/site-packages/airflow/example_dags/tutorial_objectstorage.py
[2024-11-21T21:20:25.117+0000] {logging_mixin.py:190} INFO - [2024-11-21T21:20:25.116+0000] {dag.py:3239} INFO - Sync 1 DAGs
[2024-11-21T21:20:25.132+0000] {logging_mixin.py:190} INFO - [2024-11-21T21:20:25.132+0000] {dag.py:4180} INFO - Setting next_dagrun for tutorial_objectstorage to None, run_after=None
[2024-11-21T21:20:25.161+0000] {processor.py:208} INFO - Processing /root/airflow-venv/lib/python3.12/site-packages/airflow/example_dags/tutorial_objectstorage.py took 0.084 seconds
[2024-11-21T21:21:17.383+0000] {processor.py:186} INFO - Started process (PID=3310) to work on /root/airflow-venv/lib/python3.12/site-packages/airflow/example_dags/tutorial_objectstorage.py
[2024-11-21T21:21:17.385+0000] {processor.py:914} INFO - Processing file /root/airflow-venv/lib/python3.12/site-packages/airflow/example_dags/tutorial_objectstorage.py for tasks to queue
[2024-11-21T21:21:17.387+0000] {logging_mixin.py:190} INFO - [2024-11-21T21:21:17.387+0000] {dagbag.py:588} INFO - Filling up the DagBag from /root/airflow-venv/lib/python3.12/site-packages/airflow/example_dags/tutorial_objectstorage.py
[2024-11-21T21:21:17.402+0000] {processor.py:925} INFO - DAG(s) 'tutorial_objectstorage' retrieved from /root/airflow-venv/lib/python3.12/site-packages/airflow/example_dags/tutorial_objectstorage.py
[2024-11-21T21:21:17.424+0000] {logging_mixin.py:190} INFO - [2024-11-21T21:21:17.423+0000] {dag.py:3239} INFO - Sync 1 DAGs
[2024-11-21T21:21:17.438+0000] {logging_mixin.py:190} INFO - [2024-11-21T21:21:17.438+0000] {dag.py:4180} INFO - Setting next_dagrun for tutorial_objectstorage to None, run_after=None
[2024-11-21T21:21:17.463+0000] {processor.py:208} INFO - Processing /root/airflow-venv/lib/python3.12/site-packages/airflow/example_dags/tutorial_objectstorage.py took 0.086 seconds
[2024-11-21T21:22:18.449+0000] {processor.py:186} INFO - Started process (PID=3370) to work on /root/airflow-venv/lib/python3.12/site-packages/airflow/example_dags/tutorial_objectstorage.py
[2024-11-21T21:22:18.450+0000] {processor.py:914} INFO - Processing file /root/airflow-venv/lib/python3.12/site-packages/airflow/example_dags/tutorial_objectstorage.py for tasks to queue
[2024-11-21T21:22:18.453+0000] {logging_mixin.py:190} INFO - [2024-11-21T21:22:18.452+0000] {dagbag.py:588} INFO - Filling up the DagBag from /root/airflow-venv/lib/python3.12/site-packages/airflow/example_dags/tutorial_objectstorage.py
[2024-11-21T21:22:18.464+0000] {processor.py:925} INFO - DAG(s) 'tutorial_objectstorage' retrieved from /root/airflow-venv/lib/python3.12/site-packages/airflow/example_dags/tutorial_objectstorage.py
[2024-11-21T21:22:18.488+0000] {logging_mixin.py:190} INFO - [2024-11-21T21:22:18.487+0000] {dag.py:3239} INFO - Sync 1 DAGs
[2024-11-21T21:22:18.502+0000] {logging_mixin.py:190} INFO - [2024-11-21T21:22:18.502+0000] {dag.py:4180} INFO - Setting next_dagrun for tutorial_objectstorage to None, run_after=None
[2024-11-21T21:22:18.534+0000] {processor.py:208} INFO - Processing /root/airflow-venv/lib/python3.12/site-packages/airflow/example_dags/tutorial_objectstorage.py took 0.092 seconds
[2024-11-21T21:23:18.022+0000] {processor.py:186} INFO - Started process (PID=3430) to work on /root/airflow-venv/lib/python3.12/site-packages/airflow/example_dags/tutorial_objectstorage.py
[2024-11-21T21:23:18.023+0000] {processor.py:914} INFO - Processing file /root/airflow-venv/lib/python3.12/site-packages/airflow/example_dags/tutorial_objectstorage.py for tasks to queue
[2024-11-21T21:23:18.026+0000] {logging_mixin.py:190} INFO - [2024-11-21T21:23:18.026+0000] {dagbag.py:588} INFO - Filling up the DagBag from /root/airflow-venv/lib/python3.12/site-packages/airflow/example_dags/tutorial_objectstorage.py
[2024-11-21T21:23:18.042+0000] {processor.py:925} INFO - DAG(s) 'tutorial_objectstorage' retrieved from /root/airflow-venv/lib/python3.12/site-packages/airflow/example_dags/tutorial_objectstorage.py
[2024-11-21T21:23:18.067+0000] {logging_mixin.py:190} INFO - [2024-11-21T21:23:18.066+0000] {dag.py:3239} INFO - Sync 1 DAGs
[2024-11-21T21:23:18.086+0000] {logging_mixin.py:190} INFO - [2024-11-21T21:23:18.086+0000] {dag.py:4180} INFO - Setting next_dagrun for tutorial_objectstorage to None, run_after=None
[2024-11-21T21:23:18.112+0000] {processor.py:208} INFO - Processing /root/airflow-venv/lib/python3.12/site-packages/airflow/example_dags/tutorial_objectstorage.py took 0.097 seconds
[2024-11-21T21:24:16.847+0000] {processor.py:186} INFO - Started process (PID=3487) to work on /root/airflow-venv/lib/python3.12/site-packages/airflow/example_dags/tutorial_objectstorage.py
[2024-11-21T21:24:16.849+0000] {processor.py:914} INFO - Processing file /root/airflow-venv/lib/python3.12/site-packages/airflow/example_dags/tutorial_objectstorage.py for tasks to queue
[2024-11-21T21:24:16.853+0000] {logging_mixin.py:190} INFO - [2024-11-21T21:24:16.852+0000] {dagbag.py:588} INFO - Filling up the DagBag from /root/airflow-venv/lib/python3.12/site-packages/airflow/example_dags/tutorial_objectstorage.py
[2024-11-21T21:24:16.867+0000] {processor.py:925} INFO - DAG(s) 'tutorial_objectstorage' retrieved from /root/airflow-venv/lib/python3.12/site-packages/airflow/example_dags/tutorial_objectstorage.py
[2024-11-21T21:24:16.888+0000] {logging_mixin.py:190} INFO - [2024-11-21T21:24:16.888+0000] {dag.py:3239} INFO - Sync 1 DAGs
[2024-11-21T21:24:16.902+0000] {logging_mixin.py:190} INFO - [2024-11-21T21:24:16.901+0000] {dag.py:4180} INFO - Setting next_dagrun for tutorial_objectstorage to None, run_after=None
[2024-11-21T21:24:16.927+0000] {processor.py:208} INFO - Processing /root/airflow-venv/lib/python3.12/site-packages/airflow/example_dags/tutorial_objectstorage.py took 0.089 seconds
[2024-11-21T21:25:12.830+0000] {processor.py:186} INFO - Started process (PID=3545) to work on /root/airflow-venv/lib/python3.12/site-packages/airflow/example_dags/tutorial_objectstorage.py
[2024-11-21T21:25:12.831+0000] {processor.py:914} INFO - Processing file /root/airflow-venv/lib/python3.12/site-packages/airflow/example_dags/tutorial_objectstorage.py for tasks to queue
[2024-11-21T21:25:12.834+0000] {logging_mixin.py:190} INFO - [2024-11-21T21:25:12.833+0000] {dagbag.py:588} INFO - Filling up the DagBag from /root/airflow-venv/lib/python3.12/site-packages/airflow/example_dags/tutorial_objectstorage.py
[2024-11-21T21:25:12.846+0000] {processor.py:925} INFO - DAG(s) 'tutorial_objectstorage' retrieved from /root/airflow-venv/lib/python3.12/site-packages/airflow/example_dags/tutorial_objectstorage.py
[2024-11-21T21:25:12.866+0000] {logging_mixin.py:190} INFO - [2024-11-21T21:25:12.866+0000] {dag.py:3239} INFO - Sync 1 DAGs
[2024-11-21T21:25:12.879+0000] {logging_mixin.py:190} INFO - [2024-11-21T21:25:12.879+0000] {dag.py:4180} INFO - Setting next_dagrun for tutorial_objectstorage to None, run_after=None
[2024-11-21T21:25:12.903+0000] {processor.py:208} INFO - Processing /root/airflow-venv/lib/python3.12/site-packages/airflow/example_dags/tutorial_objectstorage.py took 0.080 seconds
[2024-11-21T21:26:16.120+0000] {processor.py:186} INFO - Started process (PID=3605) to work on /root/airflow-venv/lib/python3.12/site-packages/airflow/example_dags/tutorial_objectstorage.py
[2024-11-21T21:26:16.122+0000] {processor.py:914} INFO - Processing file /root/airflow-venv/lib/python3.12/site-packages/airflow/example_dags/tutorial_objectstorage.py for tasks to queue
[2024-11-21T21:26:16.125+0000] {logging_mixin.py:190} INFO - [2024-11-21T21:26:16.124+0000] {dagbag.py:588} INFO - Filling up the DagBag from /root/airflow-venv/lib/python3.12/site-packages/airflow/example_dags/tutorial_objectstorage.py
[2024-11-21T21:26:16.138+0000] {processor.py:925} INFO - DAG(s) 'tutorial_objectstorage' retrieved from /root/airflow-venv/lib/python3.12/site-packages/airflow/example_dags/tutorial_objectstorage.py
[2024-11-21T21:26:16.159+0000] {logging_mixin.py:190} INFO - [2024-11-21T21:26:16.158+0000] {dag.py:3239} INFO - Sync 1 DAGs
[2024-11-21T21:26:16.333+0000] {logging_mixin.py:190} INFO - [2024-11-21T21:26:16.333+0000] {dag.py:4180} INFO - Setting next_dagrun for tutorial_objectstorage to None, run_after=None
[2024-11-21T21:26:16.359+0000] {processor.py:208} INFO - Processing /root/airflow-venv/lib/python3.12/site-packages/airflow/example_dags/tutorial_objectstorage.py took 0.246 seconds
[2024-11-21T21:27:21.598+0000] {processor.py:186} INFO - Started process (PID=3665) to work on /root/airflow-venv/lib/python3.12/site-packages/airflow/example_dags/tutorial_objectstorage.py
[2024-11-21T21:27:21.599+0000] {processor.py:914} INFO - Processing file /root/airflow-venv/lib/python3.12/site-packages/airflow/example_dags/tutorial_objectstorage.py for tasks to queue
[2024-11-21T21:27:21.602+0000] {logging_mixin.py:190} INFO - [2024-11-21T21:27:21.602+0000] {dagbag.py:588} INFO - Filling up the DagBag from /root/airflow-venv/lib/python3.12/site-packages/airflow/example_dags/tutorial_objectstorage.py
[2024-11-21T21:27:21.615+0000] {processor.py:925} INFO - DAG(s) 'tutorial_objectstorage' retrieved from /root/airflow-venv/lib/python3.12/site-packages/airflow/example_dags/tutorial_objectstorage.py
[2024-11-21T21:27:21.633+0000] {logging_mixin.py:190} INFO - [2024-11-21T21:27:21.633+0000] {dag.py:3239} INFO - Sync 1 DAGs
[2024-11-21T21:27:21.649+0000] {logging_mixin.py:190} INFO - [2024-11-21T21:27:21.649+0000] {dag.py:4180} INFO - Setting next_dagrun for tutorial_objectstorage to None, run_after=None
[2024-11-21T21:27:21.677+0000] {processor.py:208} INFO - Processing /root/airflow-venv/lib/python3.12/site-packages/airflow/example_dags/tutorial_objectstorage.py took 0.087 seconds
[2024-11-21T21:28:16.317+0000] {processor.py:186} INFO - Started process (PID=3724) to work on /root/airflow-venv/lib/python3.12/site-packages/airflow/example_dags/tutorial_objectstorage.py
[2024-11-21T21:28:16.319+0000] {processor.py:914} INFO - Processing file /root/airflow-venv/lib/python3.12/site-packages/airflow/example_dags/tutorial_objectstorage.py for tasks to queue
[2024-11-21T21:28:16.321+0000] {logging_mixin.py:190} INFO - [2024-11-21T21:28:16.321+0000] {dagbag.py:588} INFO - Filling up the DagBag from /root/airflow-venv/lib/python3.12/site-packages/airflow/example_dags/tutorial_objectstorage.py
[2024-11-21T21:28:16.333+0000] {processor.py:925} INFO - DAG(s) 'tutorial_objectstorage' retrieved from /root/airflow-venv/lib/python3.12/site-packages/airflow/example_dags/tutorial_objectstorage.py
[2024-11-21T21:28:16.351+0000] {logging_mixin.py:190} INFO - [2024-11-21T21:28:16.351+0000] {dag.py:3239} INFO - Sync 1 DAGs
[2024-11-21T21:28:16.366+0000] {logging_mixin.py:190} INFO - [2024-11-21T21:28:16.366+0000] {dag.py:4180} INFO - Setting next_dagrun for tutorial_objectstorage to None, run_after=None
[2024-11-21T21:28:16.389+0000] {processor.py:208} INFO - Processing /root/airflow-venv/lib/python3.12/site-packages/airflow/example_dags/tutorial_objectstorage.py took 0.078 seconds
[2024-11-21T21:29:13.031+0000] {processor.py:186} INFO - Started process (PID=3783) to work on /root/airflow-venv/lib/python3.12/site-packages/airflow/example_dags/tutorial_objectstorage.py
[2024-11-21T21:29:13.032+0000] {processor.py:914} INFO - Processing file /root/airflow-venv/lib/python3.12/site-packages/airflow/example_dags/tutorial_objectstorage.py for tasks to queue
[2024-11-21T21:29:13.035+0000] {logging_mixin.py:190} INFO - [2024-11-21T21:29:13.034+0000] {dagbag.py:588} INFO - Filling up the DagBag from /root/airflow-venv/lib/python3.12/site-packages/airflow/example_dags/tutorial_objectstorage.py
[2024-11-21T21:29:13.046+0000] {processor.py:925} INFO - DAG(s) 'tutorial_objectstorage' retrieved from /root/airflow-venv/lib/python3.12/site-packages/airflow/example_dags/tutorial_objectstorage.py
[2024-11-21T21:29:13.063+0000] {logging_mixin.py:190} INFO - [2024-11-21T21:29:13.063+0000] {dag.py:3239} INFO - Sync 1 DAGs
[2024-11-21T21:29:13.076+0000] {logging_mixin.py:190} INFO - [2024-11-21T21:29:13.076+0000] {dag.py:4180} INFO - Setting next_dagrun for tutorial_objectstorage to None, run_after=None
[2024-11-21T21:29:13.097+0000] {processor.py:208} INFO - Processing /root/airflow-venv/lib/python3.12/site-packages/airflow/example_dags/tutorial_objectstorage.py took 0.073 seconds
[2024-11-21T21:30:06.511+0000] {processor.py:186} INFO - Started process (PID=3901) to work on /root/airflow-venv/lib/python3.12/site-packages/airflow/example_dags/tutorial_objectstorage.py
[2024-11-21T21:30:06.513+0000] {processor.py:914} INFO - Processing file /root/airflow-venv/lib/python3.12/site-packages/airflow/example_dags/tutorial_objectstorage.py for tasks to queue
[2024-11-21T21:30:06.517+0000] {logging_mixin.py:190} INFO - [2024-11-21T21:30:06.516+0000] {dagbag.py:588} INFO - Filling up the DagBag from /root/airflow-venv/lib/python3.12/site-packages/airflow/example_dags/tutorial_objectstorage.py
[2024-11-21T21:30:06.535+0000] {processor.py:925} INFO - DAG(s) 'tutorial_objectstorage' retrieved from /root/airflow-venv/lib/python3.12/site-packages/airflow/example_dags/tutorial_objectstorage.py
[2024-11-21T21:30:06.564+0000] {logging_mixin.py:190} INFO - [2024-11-21T21:30:06.564+0000] {dag.py:3239} INFO - Sync 1 DAGs
[2024-11-21T21:30:06.587+0000] {logging_mixin.py:190} INFO - [2024-11-21T21:30:06.587+0000] {dag.py:4180} INFO - Setting next_dagrun for tutorial_objectstorage to None, run_after=None
[2024-11-21T21:30:06.622+0000] {processor.py:208} INFO - Processing /root/airflow-venv/lib/python3.12/site-packages/airflow/example_dags/tutorial_objectstorage.py took 0.119 seconds
[2024-11-21T21:30:58.517+0000] {processor.py:186} INFO - Started process (PID=3957) to work on /root/airflow-venv/lib/python3.12/site-packages/airflow/example_dags/tutorial_objectstorage.py
[2024-11-21T21:30:58.519+0000] {processor.py:914} INFO - Processing file /root/airflow-venv/lib/python3.12/site-packages/airflow/example_dags/tutorial_objectstorage.py for tasks to queue
[2024-11-21T21:30:58.522+0000] {logging_mixin.py:190} INFO - [2024-11-21T21:30:58.521+0000] {dagbag.py:588} INFO - Filling up the DagBag from /root/airflow-venv/lib/python3.12/site-packages/airflow/example_dags/tutorial_objectstorage.py
[2024-11-21T21:30:58.535+0000] {processor.py:925} INFO - DAG(s) 'tutorial_objectstorage' retrieved from /root/airflow-venv/lib/python3.12/site-packages/airflow/example_dags/tutorial_objectstorage.py
[2024-11-21T21:30:58.555+0000] {logging_mixin.py:190} INFO - [2024-11-21T21:30:58.555+0000] {dag.py:3239} INFO - Sync 1 DAGs
[2024-11-21T21:30:58.570+0000] {logging_mixin.py:190} INFO - [2024-11-21T21:30:58.570+0000] {dag.py:4180} INFO - Setting next_dagrun for tutorial_objectstorage to None, run_after=None
[2024-11-21T21:30:58.594+0000] {processor.py:208} INFO - Processing /root/airflow-venv/lib/python3.12/site-packages/airflow/example_dags/tutorial_objectstorage.py took 0.085 seconds
