[2024-11-21T21:20:01.339+0000] {processor.py:186} INFO - Started process (PID=3166) to work on /root/airflow-venv/lib/python3.12/site-packages/airflow/example_dags/tutorial_taskflow_templates.py
[2024-11-21T21:20:01.340+0000] {processor.py:914} INFO - Processing file /root/airflow-venv/lib/python3.12/site-packages/airflow/example_dags/tutorial_taskflow_templates.py for tasks to queue
[2024-11-21T21:20:01.343+0000] {logging_mixin.py:190} INFO - [2024-11-21T21:20:01.342+0000] {dagbag.py:588} INFO - Filling up the DagBag from /root/airflow-venv/lib/python3.12/site-packages/airflow/example_dags/tutorial_taskflow_templates.py
[2024-11-21T21:20:01.366+0000] {processor.py:925} INFO - DAG(s) 'tutorial_taskflow_templates' retrieved from /root/airflow-venv/lib/python3.12/site-packages/airflow/example_dags/tutorial_taskflow_templates.py
[2024-11-21T21:20:01.585+0000] {logging_mixin.py:190} INFO - [2024-11-21T21:20:01.584+0000] {override.py:1911} INFO - Created Permission View: can delete on DAG:tutorial_taskflow_templates
[2024-11-21T21:20:01.623+0000] {logging_mixin.py:190} INFO - [2024-11-21T21:20:01.622+0000] {override.py:1911} INFO - Created Permission View: can edit on DAG:tutorial_taskflow_templates
[2024-11-21T21:20:01.656+0000] {logging_mixin.py:190} INFO - [2024-11-21T21:20:01.656+0000] {override.py:1911} INFO - Created Permission View: can read on DAG:tutorial_taskflow_templates
[2024-11-21T21:20:01.681+0000] {logging_mixin.py:190} INFO - [2024-11-21T21:20:01.680+0000] {override.py:1911} INFO - Created Permission View: can delete on DAG Run:tutorial_taskflow_templates
[2024-11-21T21:20:01.712+0000] {logging_mixin.py:190} INFO - [2024-11-21T21:20:01.711+0000] {override.py:1911} INFO - Created Permission View: can create on DAG Run:tutorial_taskflow_templates
[2024-11-21T21:20:01.736+0000] {logging_mixin.py:190} INFO - [2024-11-21T21:20:01.735+0000] {override.py:1911} INFO - Created Permission View: can read on DAG Run:tutorial_taskflow_templates
[2024-11-21T21:20:01.763+0000] {logging_mixin.py:190} INFO - [2024-11-21T21:20:01.762+0000] {override.py:1911} INFO - Created Permission View: menu access on DAG Run:tutorial_taskflow_templates
[2024-11-21T21:20:01.763+0000] {logging_mixin.py:190} INFO - [2024-11-21T21:20:01.763+0000] {dag.py:3239} INFO - Sync 1 DAGs
[2024-11-21T21:20:01.779+0000] {logging_mixin.py:190} INFO - [2024-11-21T21:20:01.778+0000] {dag.py:3262} INFO - Creating ORM DAG for tutorial_taskflow_templates
[2024-11-21T21:20:01.796+0000] {logging_mixin.py:190} INFO - [2024-11-21T21:20:01.796+0000] {dag.py:4180} INFO - Setting next_dagrun for tutorial_taskflow_templates to 2024-11-20 00:00:00+00:00, run_after=2024-11-21 00:00:00+00:00
[2024-11-21T21:20:01.834+0000] {processor.py:208} INFO - Processing /root/airflow-venv/lib/python3.12/site-packages/airflow/example_dags/tutorial_taskflow_templates.py took 0.504 seconds
[2024-11-21T21:20:19.826+0000] {processor.py:186} INFO - Started process (PID=3219) to work on /root/airflow-venv/lib/python3.12/site-packages/airflow/example_dags/tutorial_taskflow_templates.py
[2024-11-21T21:20:19.828+0000] {processor.py:914} INFO - Processing file /root/airflow-venv/lib/python3.12/site-packages/airflow/example_dags/tutorial_taskflow_templates.py for tasks to queue
[2024-11-21T21:20:19.831+0000] {logging_mixin.py:190} INFO - [2024-11-21T21:20:19.830+0000] {dagbag.py:588} INFO - Filling up the DagBag from /root/airflow-venv/lib/python3.12/site-packages/airflow/example_dags/tutorial_taskflow_templates.py
[2024-11-21T21:20:19.850+0000] {processor.py:925} INFO - DAG(s) 'tutorial_taskflow_templates' retrieved from /root/airflow-venv/lib/python3.12/site-packages/airflow/example_dags/tutorial_taskflow_templates.py
[2024-11-21T21:20:19.862+0000] {logging_mixin.py:190} INFO - [2024-11-21T21:20:19.862+0000] {dag.py:3239} INFO - Sync 1 DAGs
[2024-11-21T21:20:19.898+0000] {logging_mixin.py:190} INFO - [2024-11-21T21:20:19.898+0000] {dag.py:4180} INFO - Setting next_dagrun for tutorial_taskflow_templates to 2024-11-20 00:00:00+00:00, run_after=2024-11-21 00:00:00+00:00
[2024-11-21T21:20:19.937+0000] {processor.py:208} INFO - Processing /root/airflow-venv/lib/python3.12/site-packages/airflow/example_dags/tutorial_taskflow_templates.py took 0.118 seconds
[2024-11-21T21:21:12.688+0000] {processor.py:186} INFO - Started process (PID=3305) to work on /root/airflow-venv/lib/python3.12/site-packages/airflow/example_dags/tutorial_taskflow_templates.py
[2024-11-21T21:21:12.690+0000] {processor.py:914} INFO - Processing file /root/airflow-venv/lib/python3.12/site-packages/airflow/example_dags/tutorial_taskflow_templates.py for tasks to queue
[2024-11-21T21:21:12.692+0000] {logging_mixin.py:190} INFO - [2024-11-21T21:21:12.692+0000] {dagbag.py:588} INFO - Filling up the DagBag from /root/airflow-venv/lib/python3.12/site-packages/airflow/example_dags/tutorial_taskflow_templates.py
[2024-11-21T21:21:12.709+0000] {processor.py:925} INFO - DAG(s) 'tutorial_taskflow_templates' retrieved from /root/airflow-venv/lib/python3.12/site-packages/airflow/example_dags/tutorial_taskflow_templates.py
[2024-11-21T21:21:12.728+0000] {logging_mixin.py:190} INFO - [2024-11-21T21:21:12.727+0000] {dag.py:3239} INFO - Sync 1 DAGs
[2024-11-21T21:21:12.751+0000] {logging_mixin.py:190} INFO - [2024-11-21T21:21:12.751+0000] {dag.py:4180} INFO - Setting next_dagrun for tutorial_taskflow_templates to 2024-11-20 00:00:00+00:00, run_after=2024-11-21 00:00:00+00:00
[2024-11-21T21:21:12.776+0000] {processor.py:208} INFO - Processing /root/airflow-venv/lib/python3.12/site-packages/airflow/example_dags/tutorial_taskflow_templates.py took 0.094 seconds
[2024-11-21T21:22:13.415+0000] {processor.py:186} INFO - Started process (PID=3365) to work on /root/airflow-venv/lib/python3.12/site-packages/airflow/example_dags/tutorial_taskflow_templates.py
[2024-11-21T21:22:13.416+0000] {processor.py:914} INFO - Processing file /root/airflow-venv/lib/python3.12/site-packages/airflow/example_dags/tutorial_taskflow_templates.py for tasks to queue
[2024-11-21T21:22:13.420+0000] {logging_mixin.py:190} INFO - [2024-11-21T21:22:13.420+0000] {dagbag.py:588} INFO - Filling up the DagBag from /root/airflow-venv/lib/python3.12/site-packages/airflow/example_dags/tutorial_taskflow_templates.py
[2024-11-21T21:22:13.437+0000] {processor.py:925} INFO - DAG(s) 'tutorial_taskflow_templates' retrieved from /root/airflow-venv/lib/python3.12/site-packages/airflow/example_dags/tutorial_taskflow_templates.py
[2024-11-21T21:22:13.456+0000] {logging_mixin.py:190} INFO - [2024-11-21T21:22:13.456+0000] {dag.py:3239} INFO - Sync 1 DAGs
[2024-11-21T21:22:13.478+0000] {logging_mixin.py:190} INFO - [2024-11-21T21:22:13.478+0000] {dag.py:4180} INFO - Setting next_dagrun for tutorial_taskflow_templates to 2024-11-20 00:00:00+00:00, run_after=2024-11-21 00:00:00+00:00
[2024-11-21T21:22:13.502+0000] {processor.py:208} INFO - Processing /root/airflow-venv/lib/python3.12/site-packages/airflow/example_dags/tutorial_taskflow_templates.py took 0.094 seconds
[2024-11-21T21:23:12.954+0000] {processor.py:186} INFO - Started process (PID=3425) to work on /root/airflow-venv/lib/python3.12/site-packages/airflow/example_dags/tutorial_taskflow_templates.py
[2024-11-21T21:23:12.955+0000] {processor.py:914} INFO - Processing file /root/airflow-venv/lib/python3.12/site-packages/airflow/example_dags/tutorial_taskflow_templates.py for tasks to queue
[2024-11-21T21:23:12.958+0000] {logging_mixin.py:190} INFO - [2024-11-21T21:23:12.957+0000] {dagbag.py:588} INFO - Filling up the DagBag from /root/airflow-venv/lib/python3.12/site-packages/airflow/example_dags/tutorial_taskflow_templates.py
[2024-11-21T21:23:12.974+0000] {processor.py:925} INFO - DAG(s) 'tutorial_taskflow_templates' retrieved from /root/airflow-venv/lib/python3.12/site-packages/airflow/example_dags/tutorial_taskflow_templates.py
[2024-11-21T21:23:12.993+0000] {logging_mixin.py:190} INFO - [2024-11-21T21:23:12.993+0000] {dag.py:3239} INFO - Sync 1 DAGs
[2024-11-21T21:23:13.018+0000] {logging_mixin.py:190} INFO - [2024-11-21T21:23:13.017+0000] {dag.py:4180} INFO - Setting next_dagrun for tutorial_taskflow_templates to 2024-11-20 00:00:00+00:00, run_after=2024-11-21 00:00:00+00:00
[2024-11-21T21:23:13.043+0000] {processor.py:208} INFO - Processing /root/airflow-venv/lib/python3.12/site-packages/airflow/example_dags/tutorial_taskflow_templates.py took 0.095 seconds
[2024-11-21T21:24:11.588+0000] {processor.py:186} INFO - Started process (PID=3482) to work on /root/airflow-venv/lib/python3.12/site-packages/airflow/example_dags/tutorial_taskflow_templates.py
[2024-11-21T21:24:11.590+0000] {processor.py:914} INFO - Processing file /root/airflow-venv/lib/python3.12/site-packages/airflow/example_dags/tutorial_taskflow_templates.py for tasks to queue
[2024-11-21T21:24:11.592+0000] {logging_mixin.py:190} INFO - [2024-11-21T21:24:11.592+0000] {dagbag.py:588} INFO - Filling up the DagBag from /root/airflow-venv/lib/python3.12/site-packages/airflow/example_dags/tutorial_taskflow_templates.py
[2024-11-21T21:24:11.608+0000] {processor.py:925} INFO - DAG(s) 'tutorial_taskflow_templates' retrieved from /root/airflow-venv/lib/python3.12/site-packages/airflow/example_dags/tutorial_taskflow_templates.py
[2024-11-21T21:24:11.628+0000] {logging_mixin.py:190} INFO - [2024-11-21T21:24:11.628+0000] {dag.py:3239} INFO - Sync 1 DAGs
[2024-11-21T21:24:11.653+0000] {logging_mixin.py:190} INFO - [2024-11-21T21:24:11.653+0000] {dag.py:4180} INFO - Setting next_dagrun for tutorial_taskflow_templates to 2024-11-20 00:00:00+00:00, run_after=2024-11-21 00:00:00+00:00
[2024-11-21T21:24:11.679+0000] {processor.py:208} INFO - Processing /root/airflow-venv/lib/python3.12/site-packages/airflow/example_dags/tutorial_taskflow_templates.py took 0.098 seconds
[2024-11-21T21:25:08.273+0000] {processor.py:186} INFO - Started process (PID=3540) to work on /root/airflow-venv/lib/python3.12/site-packages/airflow/example_dags/tutorial_taskflow_templates.py
[2024-11-21T21:25:08.274+0000] {processor.py:914} INFO - Processing file /root/airflow-venv/lib/python3.12/site-packages/airflow/example_dags/tutorial_taskflow_templates.py for tasks to queue
[2024-11-21T21:25:08.277+0000] {logging_mixin.py:190} INFO - [2024-11-21T21:25:08.277+0000] {dagbag.py:588} INFO - Filling up the DagBag from /root/airflow-venv/lib/python3.12/site-packages/airflow/example_dags/tutorial_taskflow_templates.py
[2024-11-21T21:25:08.295+0000] {processor.py:925} INFO - DAG(s) 'tutorial_taskflow_templates' retrieved from /root/airflow-venv/lib/python3.12/site-packages/airflow/example_dags/tutorial_taskflow_templates.py
[2024-11-21T21:25:08.316+0000] {logging_mixin.py:190} INFO - [2024-11-21T21:25:08.315+0000] {dag.py:3239} INFO - Sync 1 DAGs
[2024-11-21T21:25:08.342+0000] {logging_mixin.py:190} INFO - [2024-11-21T21:25:08.341+0000] {dag.py:4180} INFO - Setting next_dagrun for tutorial_taskflow_templates to 2024-11-20 00:00:00+00:00, run_after=2024-11-21 00:00:00+00:00
[2024-11-21T21:25:08.368+0000] {processor.py:208} INFO - Processing /root/airflow-venv/lib/python3.12/site-packages/airflow/example_dags/tutorial_taskflow_templates.py took 0.102 seconds
[2024-11-21T21:26:10.717+0000] {processor.py:186} INFO - Started process (PID=3600) to work on /root/airflow-venv/lib/python3.12/site-packages/airflow/example_dags/tutorial_taskflow_templates.py
[2024-11-21T21:26:10.719+0000] {processor.py:914} INFO - Processing file /root/airflow-venv/lib/python3.12/site-packages/airflow/example_dags/tutorial_taskflow_templates.py for tasks to queue
[2024-11-21T21:26:10.722+0000] {logging_mixin.py:190} INFO - [2024-11-21T21:26:10.722+0000] {dagbag.py:588} INFO - Filling up the DagBag from /root/airflow-venv/lib/python3.12/site-packages/airflow/example_dags/tutorial_taskflow_templates.py
[2024-11-21T21:26:10.741+0000] {processor.py:925} INFO - DAG(s) 'tutorial_taskflow_templates' retrieved from /root/airflow-venv/lib/python3.12/site-packages/airflow/example_dags/tutorial_taskflow_templates.py
[2024-11-21T21:26:10.763+0000] {logging_mixin.py:190} INFO - [2024-11-21T21:26:10.762+0000] {dag.py:3239} INFO - Sync 1 DAGs
[2024-11-21T21:26:10.928+0000] {logging_mixin.py:190} INFO - [2024-11-21T21:26:10.928+0000] {dag.py:4180} INFO - Setting next_dagrun for tutorial_taskflow_templates to 2024-11-20 00:00:00+00:00, run_after=2024-11-21 00:00:00+00:00
[2024-11-21T21:26:10.949+0000] {processor.py:208} INFO - Processing /root/airflow-venv/lib/python3.12/site-packages/airflow/example_dags/tutorial_taskflow_templates.py took 0.239 seconds
[2024-11-21T21:26:48.014+0000] {processor.py:186} INFO - Started process (PID=3633) to work on /root/airflow-venv/lib/python3.12/site-packages/airflow/example_dags/tutorial_taskflow_templates.py
[2024-11-21T21:26:48.016+0000] {processor.py:914} INFO - Processing file /root/airflow-venv/lib/python3.12/site-packages/airflow/example_dags/tutorial_taskflow_templates.py for tasks to queue
[2024-11-21T21:26:48.019+0000] {logging_mixin.py:190} INFO - [2024-11-21T21:26:48.018+0000] {dagbag.py:588} INFO - Filling up the DagBag from /root/airflow-venv/lib/python3.12/site-packages/airflow/example_dags/tutorial_taskflow_templates.py
[2024-11-21T21:26:48.035+0000] {processor.py:925} INFO - DAG(s) 'tutorial_taskflow_templates' retrieved from /root/airflow-venv/lib/python3.12/site-packages/airflow/example_dags/tutorial_taskflow_templates.py
[2024-11-21T21:26:48.199+0000] {logging_mixin.py:190} INFO - [2024-11-21T21:26:48.199+0000] {dag.py:3239} INFO - Sync 1 DAGs
[2024-11-21T21:26:48.221+0000] {logging_mixin.py:190} INFO - [2024-11-21T21:26:48.221+0000] {dag.py:4180} INFO - Setting next_dagrun for tutorial_taskflow_templates to 2024-11-20 00:00:00+00:00, run_after=2024-11-21 00:00:00+00:00
[2024-11-21T21:26:48.244+0000] {processor.py:208} INFO - Processing /root/airflow-venv/lib/python3.12/site-packages/airflow/example_dags/tutorial_taskflow_templates.py took 0.237 seconds
[2024-11-21T21:27:46.257+0000] {processor.py:186} INFO - Started process (PID=3690) to work on /root/airflow-venv/lib/python3.12/site-packages/airflow/example_dags/tutorial_taskflow_templates.py
[2024-11-21T21:27:46.259+0000] {processor.py:914} INFO - Processing file /root/airflow-venv/lib/python3.12/site-packages/airflow/example_dags/tutorial_taskflow_templates.py for tasks to queue
[2024-11-21T21:27:46.262+0000] {logging_mixin.py:190} INFO - [2024-11-21T21:27:46.262+0000] {dagbag.py:588} INFO - Filling up the DagBag from /root/airflow-venv/lib/python3.12/site-packages/airflow/example_dags/tutorial_taskflow_templates.py
[2024-11-21T21:27:46.281+0000] {processor.py:925} INFO - DAG(s) 'tutorial_taskflow_templates' retrieved from /root/airflow-venv/lib/python3.12/site-packages/airflow/example_dags/tutorial_taskflow_templates.py
[2024-11-21T21:27:46.303+0000] {logging_mixin.py:190} INFO - [2024-11-21T21:27:46.303+0000] {dag.py:3239} INFO - Sync 1 DAGs
[2024-11-21T21:27:46.330+0000] {logging_mixin.py:190} INFO - [2024-11-21T21:27:46.330+0000] {dag.py:4180} INFO - Setting next_dagrun for tutorial_taskflow_templates to 2024-11-20 00:00:00+00:00, run_after=2024-11-21 00:00:00+00:00
[2024-11-21T21:27:46.356+0000] {processor.py:208} INFO - Processing /root/airflow-venv/lib/python3.12/site-packages/airflow/example_dags/tutorial_taskflow_templates.py took 0.106 seconds
[2024-11-21T21:28:42.204+0000] {processor.py:186} INFO - Started process (PID=3749) to work on /root/airflow-venv/lib/python3.12/site-packages/airflow/example_dags/tutorial_taskflow_templates.py
[2024-11-21T21:28:42.206+0000] {processor.py:914} INFO - Processing file /root/airflow-venv/lib/python3.12/site-packages/airflow/example_dags/tutorial_taskflow_templates.py for tasks to queue
[2024-11-21T21:28:42.208+0000] {logging_mixin.py:190} INFO - [2024-11-21T21:28:42.208+0000] {dagbag.py:588} INFO - Filling up the DagBag from /root/airflow-venv/lib/python3.12/site-packages/airflow/example_dags/tutorial_taskflow_templates.py
[2024-11-21T21:28:42.224+0000] {processor.py:925} INFO - DAG(s) 'tutorial_taskflow_templates' retrieved from /root/airflow-venv/lib/python3.12/site-packages/airflow/example_dags/tutorial_taskflow_templates.py
[2024-11-21T21:28:42.243+0000] {logging_mixin.py:190} INFO - [2024-11-21T21:28:42.243+0000] {dag.py:3239} INFO - Sync 1 DAGs
[2024-11-21T21:28:42.267+0000] {logging_mixin.py:190} INFO - [2024-11-21T21:28:42.267+0000] {dag.py:4180} INFO - Setting next_dagrun for tutorial_taskflow_templates to 2024-11-20 00:00:00+00:00, run_after=2024-11-21 00:00:00+00:00
[2024-11-21T21:28:42.293+0000] {processor.py:208} INFO - Processing /root/airflow-venv/lib/python3.12/site-packages/airflow/example_dags/tutorial_taskflow_templates.py took 0.096 seconds
[2024-11-21T21:29:36.974+0000] {processor.py:186} INFO - Started process (PID=3863) to work on /root/airflow-venv/lib/python3.12/site-packages/airflow/example_dags/tutorial_taskflow_templates.py
[2024-11-21T21:29:36.976+0000] {processor.py:914} INFO - Processing file /root/airflow-venv/lib/python3.12/site-packages/airflow/example_dags/tutorial_taskflow_templates.py for tasks to queue
[2024-11-21T21:29:36.978+0000] {logging_mixin.py:190} INFO - [2024-11-21T21:29:36.978+0000] {dagbag.py:588} INFO - Filling up the DagBag from /root/airflow-venv/lib/python3.12/site-packages/airflow/example_dags/tutorial_taskflow_templates.py
[2024-11-21T21:29:36.996+0000] {processor.py:925} INFO - DAG(s) 'tutorial_taskflow_templates' retrieved from /root/airflow-venv/lib/python3.12/site-packages/airflow/example_dags/tutorial_taskflow_templates.py
[2024-11-21T21:29:37.017+0000] {logging_mixin.py:190} INFO - [2024-11-21T21:29:37.017+0000] {dag.py:3239} INFO - Sync 1 DAGs
[2024-11-21T21:29:37.043+0000] {logging_mixin.py:190} INFO - [2024-11-21T21:29:37.042+0000] {dag.py:4180} INFO - Setting next_dagrun for tutorial_taskflow_templates to 2024-11-20 00:00:00+00:00, run_after=2024-11-21 00:00:00+00:00
[2024-11-21T21:29:37.067+0000] {processor.py:208} INFO - Processing /root/airflow-venv/lib/python3.12/site-packages/airflow/example_dags/tutorial_taskflow_templates.py took 0.101 seconds
[2024-11-21T21:30:27.986+0000] {processor.py:186} INFO - Started process (PID=3923) to work on /root/airflow-venv/lib/python3.12/site-packages/airflow/example_dags/tutorial_taskflow_templates.py
[2024-11-21T21:30:27.988+0000] {processor.py:914} INFO - Processing file /root/airflow-venv/lib/python3.12/site-packages/airflow/example_dags/tutorial_taskflow_templates.py for tasks to queue
[2024-11-21T21:30:27.991+0000] {logging_mixin.py:190} INFO - [2024-11-21T21:30:27.990+0000] {dagbag.py:588} INFO - Filling up the DagBag from /root/airflow-venv/lib/python3.12/site-packages/airflow/example_dags/tutorial_taskflow_templates.py
[2024-11-21T21:30:28.008+0000] {processor.py:925} INFO - DAG(s) 'tutorial_taskflow_templates' retrieved from /root/airflow-venv/lib/python3.12/site-packages/airflow/example_dags/tutorial_taskflow_templates.py
[2024-11-21T21:30:28.028+0000] {logging_mixin.py:190} INFO - [2024-11-21T21:30:28.028+0000] {dag.py:3239} INFO - Sync 1 DAGs
[2024-11-21T21:30:28.051+0000] {logging_mixin.py:190} INFO - [2024-11-21T21:30:28.051+0000] {dag.py:4180} INFO - Setting next_dagrun for tutorial_taskflow_templates to 2024-11-20 00:00:00+00:00, run_after=2024-11-21 00:00:00+00:00
[2024-11-21T21:30:28.074+0000] {processor.py:208} INFO - Processing /root/airflow-venv/lib/python3.12/site-packages/airflow/example_dags/tutorial_taskflow_templates.py took 0.096 seconds
[2024-11-21T21:31:23.496+0000] {processor.py:186} INFO - Started process (PID=3981) to work on /root/airflow-venv/lib/python3.12/site-packages/airflow/example_dags/tutorial_taskflow_templates.py
[2024-11-21T21:31:23.498+0000] {processor.py:914} INFO - Processing file /root/airflow-venv/lib/python3.12/site-packages/airflow/example_dags/tutorial_taskflow_templates.py for tasks to queue
[2024-11-21T21:31:23.501+0000] {logging_mixin.py:190} INFO - [2024-11-21T21:31:23.500+0000] {dagbag.py:588} INFO - Filling up the DagBag from /root/airflow-venv/lib/python3.12/site-packages/airflow/example_dags/tutorial_taskflow_templates.py
[2024-11-21T21:31:23.518+0000] {processor.py:925} INFO - DAG(s) 'tutorial_taskflow_templates' retrieved from /root/airflow-venv/lib/python3.12/site-packages/airflow/example_dags/tutorial_taskflow_templates.py
[2024-11-21T21:31:23.538+0000] {logging_mixin.py:190} INFO - [2024-11-21T21:31:23.537+0000] {dag.py:3239} INFO - Sync 1 DAGs
[2024-11-21T21:31:23.563+0000] {logging_mixin.py:190} INFO - [2024-11-21T21:31:23.562+0000] {dag.py:4180} INFO - Setting next_dagrun for tutorial_taskflow_templates to 2024-11-20 00:00:00+00:00, run_after=2024-11-21 00:00:00+00:00
[2024-11-21T21:31:23.587+0000] {processor.py:208} INFO - Processing /root/airflow-venv/lib/python3.12/site-packages/airflow/example_dags/tutorial_taskflow_templates.py took 0.099 seconds
