[2025-01-21T01:49:28.712+0000] {local_task_job_runner.py:123} INFO - ::group::Pre task execution logs
[2025-01-21T01:49:28.726+0000] {taskinstance.py:2613} INFO - Dependencies all met for dep_context=non-requeueable deps ti=<TaskInstance: example_bash_operator.also_run_this scheduled__2025-01-20T00:00:00+00:00 [queued]>
[2025-01-21T01:49:28.734+0000] {taskinstance.py:2613} INFO - Dependencies all met for dep_context=requeueable deps ti=<TaskInstance: example_bash_operator.also_run_this scheduled__2025-01-20T00:00:00+00:00 [queued]>
[2025-01-21T01:49:28.735+0000] {taskinstance.py:2866} INFO - Starting attempt 2 of 1
[2025-01-21T01:49:28.760+0000] {taskinstance.py:2889} INFO - Executing <Task(BashOperator): also_run_this> on 2025-01-20 00:00:00+00:00
[2025-01-21T01:49:28.776+0000] {standard_task_runner.py:72} INFO - Started process 995444 to run task
[2025-01-21T01:49:28.782+0000] {standard_task_runner.py:104} INFO - Running: ['airflow', 'tasks', 'run', 'example_bash_operator', 'also_run_this', 'scheduled__2025-01-20T00:00:00+00:00', '--job-id', '40', '--raw', '--subdir', '/root/airflow-venv/lib/python3.12/site-packages/airflow/example_dags/example_bash_operator.py', '--cfg-path', '/tmp/tmprktz0h4i']
[2025-01-21T01:49:28.784+0000] {standard_task_runner.py:105} INFO - Job 40: Subtask also_run_this
[2025-01-21T01:49:29.116+0000] {task_command.py:467} INFO - Running <TaskInstance: example_bash_operator.also_run_this scheduled__2025-01-20T00:00:00+00:00 [running]> on host ubuntu-s-2vcpu-4gb-amd-sfo3-01
[2025-01-21T01:49:29.234+0000] {taskinstance.py:3132} INFO - Exporting env vars: AIRFLOW_CTX_DAG_OWNER='airflow' AIRFLOW_CTX_DAG_ID='example_bash_operator' AIRFLOW_CTX_TASK_ID='also_run_this' AIRFLOW_CTX_EXECUTION_DATE='2025-01-20T00:00:00+00:00' AIRFLOW_CTX_TRY_NUMBER='2' AIRFLOW_CTX_DAG_RUN_ID='scheduled__2025-01-20T00:00:00+00:00'
[2025-01-21T01:49:29.235+0000] {logging_mixin.py:190} INFO - Task instance is in running state
[2025-01-21T01:49:29.236+0000] {logging_mixin.py:190} INFO -  Previous state of the Task instance: queued
[2025-01-21T01:49:29.236+0000] {logging_mixin.py:190} INFO - Current task name:also_run_this state:running start_date:2025-01-21 01:49:28.726893+00:00
[2025-01-21T01:49:29.236+0000] {logging_mixin.py:190} INFO - Dag name:example_bash_operator and current dag run status:running
[2025-01-21T01:49:29.236+0000] {taskinstance.py:731} INFO - ::endgroup::
[2025-01-21T01:49:29.237+0000] {subprocess.py:78} INFO - Tmp dir root location: /tmp
[2025-01-21T01:49:29.238+0000] {subprocess.py:88} INFO - Running command: ['/usr/bin/bash', '-c', 'echo "ti_key=example_bash_operator__also_run_this__20250120"']
[2025-01-21T01:49:29.260+0000] {subprocess.py:99} INFO - Output:
[2025-01-21T01:49:29.262+0000] {subprocess.py:106} INFO - ti_key=example_bash_operator__also_run_this__20250120
[2025-01-21T01:49:29.262+0000] {subprocess.py:110} INFO - Command exited with return code 0
[2025-01-21T01:49:29.289+0000] {taskinstance.py:340} INFO - ::group::Post task execution logs
[2025-01-21T01:49:29.290+0000] {taskinstance.py:352} INFO - Marking task as SUCCESS. dag_id=example_bash_operator, task_id=also_run_this, run_id=scheduled__2025-01-20T00:00:00+00:00, execution_date=20250120T000000, start_date=20250121T014928, end_date=20250121T014929
[2025-01-21T01:49:29.316+0000] {logging_mixin.py:190} INFO - Task instance in success state
[2025-01-21T01:49:29.316+0000] {logging_mixin.py:190} INFO -  Previous state of the Task instance: running
[2025-01-21T01:49:29.317+0000] {logging_mixin.py:190} INFO - Dag name:example_bash_operator queued_at:2025-01-21 01:48:06.249238+00:00
[2025-01-21T01:49:29.317+0000] {logging_mixin.py:190} INFO - Task hostname:ubuntu-s-2vcpu-4gb-amd-sfo3-01 operator:BashOperator
[2025-01-21T01:49:29.367+0000] {local_task_job_runner.py:266} INFO - Task exited with return code 0
[2025-01-21T01:49:29.628+0000] {taskinstance.py:3895} INFO - 0 downstream tasks scheduled from follow-on schedule check
[2025-01-21T01:49:29.629+0000] {local_task_job_runner.py:245} INFO - ::endgroup::
