[2025-01-30T04:35:15.131+0000] {processor.py:186} INFO - Started process (PID=1129507) to work on /root/airflow-venv/lib/python3.12/site-packages/airflow/example_dags/subdags/subdag.py
[2025-01-30T04:35:15.133+0000] {processor.py:914} INFO - Processing file /root/airflow-venv/lib/python3.12/site-packages/airflow/example_dags/subdags/subdag.py for tasks to queue
[2025-01-30T04:35:15.137+0000] {logging_mixin.py:190} INFO - [2025-01-30T04:35:15.136+0000] {dagbag.py:588} INFO - Filling up the DagBag from /root/airflow-venv/lib/python3.12/site-packages/airflow/example_dags/subdags/subdag.py
[2025-01-30T04:35:15.141+0000] {processor.py:927} WARNING - No viable dags retrieved from /root/airflow-venv/lib/python3.12/site-packages/airflow/example_dags/subdags/subdag.py
[2025-01-30T04:35:15.161+0000] {processor.py:208} INFO - Processing /root/airflow-venv/lib/python3.12/site-packages/airflow/example_dags/subdags/subdag.py took 0.041 seconds
[2025-01-30T04:36:49.604+0000] {processor.py:186} INFO - Started process (PID=1129597) to work on /root/airflow-venv/lib/python3.12/site-packages/airflow/example_dags/subdags/subdag.py
[2025-01-30T04:36:49.606+0000] {processor.py:914} INFO - Processing file /root/airflow-venv/lib/python3.12/site-packages/airflow/example_dags/subdags/subdag.py for tasks to queue
[2025-01-30T04:36:49.614+0000] {logging_mixin.py:190} INFO - [2025-01-30T04:36:49.611+0000] {dagbag.py:588} INFO - Filling up the DagBag from /root/airflow-venv/lib/python3.12/site-packages/airflow/example_dags/subdags/subdag.py
[2025-01-30T04:36:49.622+0000] {processor.py:927} WARNING - No viable dags retrieved from /root/airflow-venv/lib/python3.12/site-packages/airflow/example_dags/subdags/subdag.py
[2025-01-30T04:36:49.654+0000] {processor.py:208} INFO - Processing /root/airflow-venv/lib/python3.12/site-packages/airflow/example_dags/subdags/subdag.py took 0.061 seconds
[2025-01-30T04:40:17.923+0000] {processor.py:186} INFO - Started process (PID=1129696) to work on /root/airflow-venv/lib/python3.12/site-packages/airflow/example_dags/subdags/subdag.py
[2025-01-30T04:40:17.925+0000] {processor.py:914} INFO - Processing file /root/airflow-venv/lib/python3.12/site-packages/airflow/example_dags/subdags/subdag.py for tasks to queue
[2025-01-30T04:40:17.928+0000] {logging_mixin.py:190} INFO - [2025-01-30T04:40:17.928+0000] {dagbag.py:588} INFO - Filling up the DagBag from /root/airflow-venv/lib/python3.12/site-packages/airflow/example_dags/subdags/subdag.py
[2025-01-30T04:40:17.933+0000] {processor.py:927} WARNING - No viable dags retrieved from /root/airflow-venv/lib/python3.12/site-packages/airflow/example_dags/subdags/subdag.py
[2025-01-30T04:40:17.956+0000] {processor.py:208} INFO - Processing /root/airflow-venv/lib/python3.12/site-packages/airflow/example_dags/subdags/subdag.py took 0.044 seconds
[2025-01-30T04:41:20.379+0000] {processor.py:186} INFO - Started process (PID=1129756) to work on /root/airflow-venv/lib/python3.12/site-packages/airflow/example_dags/subdags/subdag.py
[2025-01-30T04:41:20.382+0000] {processor.py:914} INFO - Processing file /root/airflow-venv/lib/python3.12/site-packages/airflow/example_dags/subdags/subdag.py for tasks to queue
[2025-01-30T04:41:20.386+0000] {logging_mixin.py:190} INFO - [2025-01-30T04:41:20.385+0000] {dagbag.py:588} INFO - Filling up the DagBag from /root/airflow-venv/lib/python3.12/site-packages/airflow/example_dags/subdags/subdag.py
[2025-01-30T04:41:20.391+0000] {processor.py:927} WARNING - No viable dags retrieved from /root/airflow-venv/lib/python3.12/site-packages/airflow/example_dags/subdags/subdag.py
[2025-01-30T04:41:20.412+0000] {processor.py:208} INFO - Processing /root/airflow-venv/lib/python3.12/site-packages/airflow/example_dags/subdags/subdag.py took 0.044 seconds
