[2025-01-21T01:47:49.636+0000] {local_task_job_runner.py:123} INFO - ::group::Pre task execution logs
[2025-01-21T01:47:49.652+0000] {taskinstance.py:2613} INFO - Dependencies all met for dep_context=non-requeueable deps ti=<TaskInstance: example_bash_operator.runme_1 scheduled__2024-12-20T00:00:00+00:00 [queued]>
[2025-01-21T01:47:49.660+0000] {taskinstance.py:2613} INFO - Dependencies all met for dep_context=requeueable deps ti=<TaskInstance: example_bash_operator.runme_1 scheduled__2024-12-20T00:00:00+00:00 [queued]>
[2025-01-21T01:47:49.660+0000] {taskinstance.py:2866} INFO - Starting attempt 1 of 1
[2025-01-21T01:47:49.681+0000] {taskinstance.py:2889} INFO - Executing <Task(BashOperator): runme_1> on 2024-12-20 00:00:00+00:00
[2025-01-21T01:47:49.690+0000] {standard_task_runner.py:72} INFO - Started process 995341 to run task
[2025-01-21T01:47:49.697+0000] {standard_task_runner.py:104} INFO - Running: ['airflow', 'tasks', 'run', 'example_bash_operator', 'runme_1', 'scheduled__2024-12-20T00:00:00+00:00', '--job-id', '29', '--raw', '--subdir', '/root/airflow-venv/lib/python3.12/site-packages/airflow/example_dags/example_bash_operator.py', '--cfg-path', '/tmp/tmpjw0v1282']
[2025-01-21T01:47:49.699+0000] {standard_task_runner.py:105} INFO - Job 29: Subtask runme_1
[2025-01-21T01:47:49.770+0000] {task_command.py:467} INFO - Running <TaskInstance: example_bash_operator.runme_1 scheduled__2024-12-20T00:00:00+00:00 [running]> on host ubuntu-s-2vcpu-4gb-amd-sfo3-01
[2025-01-21T01:47:49.894+0000] {taskinstance.py:3132} INFO - Exporting env vars: AIRFLOW_CTX_DAG_OWNER='airflow' AIRFLOW_CTX_DAG_ID='example_bash_operator' AIRFLOW_CTX_TASK_ID='runme_1' AIRFLOW_CTX_EXECUTION_DATE='2024-12-20T00:00:00+00:00' AIRFLOW_CTX_TRY_NUMBER='1' AIRFLOW_CTX_DAG_RUN_ID='scheduled__2024-12-20T00:00:00+00:00'
[2025-01-21T01:47:49.896+0000] {logging_mixin.py:190} INFO - Task instance is in running state
[2025-01-21T01:47:49.897+0000] {logging_mixin.py:190} INFO -  Previous state of the Task instance: queued
[2025-01-21T01:47:49.897+0000] {logging_mixin.py:190} INFO - Current task name:runme_1 state:running start_date:2025-01-21 01:47:49.652744+00:00
[2025-01-21T01:47:49.897+0000] {logging_mixin.py:190} INFO - Dag name:example_bash_operator and current dag run status:running
[2025-01-21T01:47:49.898+0000] {taskinstance.py:731} INFO - ::endgroup::
[2025-01-21T01:47:49.899+0000] {subprocess.py:78} INFO - Tmp dir root location: /tmp
[2025-01-21T01:47:49.900+0000] {subprocess.py:88} INFO - Running command: ['/usr/bin/bash', '-c', 'echo "example_bash_operator__runme_1__20241220" && sleep 1']
[2025-01-21T01:47:49.925+0000] {subprocess.py:99} INFO - Output:
[2025-01-21T01:47:49.927+0000] {subprocess.py:106} INFO - example_bash_operator__runme_1__20241220
[2025-01-21T01:47:50.929+0000] {subprocess.py:110} INFO - Command exited with return code 0
[2025-01-21T01:47:50.964+0000] {taskinstance.py:340} INFO - ::group::Post task execution logs
[2025-01-21T01:47:50.965+0000] {taskinstance.py:352} INFO - Marking task as SUCCESS. dag_id=example_bash_operator, task_id=runme_1, run_id=scheduled__2024-12-20T00:00:00+00:00, execution_date=20241220T000000, start_date=20250121T014749, end_date=20250121T014750
[2025-01-21T01:47:50.988+0000] {logging_mixin.py:190} INFO - Task instance in success state
[2025-01-21T01:47:50.989+0000] {logging_mixin.py:190} INFO -  Previous state of the Task instance: running
[2025-01-21T01:47:50.990+0000] {logging_mixin.py:190} INFO - Dag name:example_bash_operator queued_at:2025-01-21 01:47:41.391173+00:00
[2025-01-21T01:47:50.990+0000] {logging_mixin.py:190} INFO - Task hostname:ubuntu-s-2vcpu-4gb-amd-sfo3-01 operator:BashOperator
[2025-01-21T01:47:51.047+0000] {local_task_job_runner.py:266} INFO - Task exited with return code 0
[2025-01-21T01:47:51.098+0000] {taskinstance.py:3895} INFO - 0 downstream tasks scheduled from follow-on schedule check
[2025-01-21T01:47:51.100+0000] {local_task_job_runner.py:245} INFO - ::endgroup::
