[2024-12-17T04:42:55.330+0000] {processor.py:186} INFO - Started process (PID=434270) to work on /root/airflow-venv/lib/python3.12/site-packages/airflow/example_dags/example_setup_teardown_taskflow.py
[2024-12-17T04:42:55.332+0000] {processor.py:914} INFO - Processing file /root/airflow-venv/lib/python3.12/site-packages/airflow/example_dags/example_setup_teardown_taskflow.py for tasks to queue
[2024-12-17T04:42:55.334+0000] {logging_mixin.py:190} INFO - [2024-12-17T04:42:55.334+0000] {dagbag.py:588} INFO - Filling up the DagBag from /root/airflow-venv/lib/python3.12/site-packages/airflow/example_dags/example_setup_teardown_taskflow.py
[2024-12-17T04:42:55.349+0000] {processor.py:925} INFO - DAG(s) 'example_setup_teardown_taskflow' retrieved from /root/airflow-venv/lib/python3.12/site-packages/airflow/example_dags/example_setup_teardown_taskflow.py
[2024-12-17T04:42:55.374+0000] {logging_mixin.py:190} INFO - [2024-12-17T04:42:55.374+0000] {dag.py:3239} INFO - Sync 1 DAGs
[2024-12-17T04:42:55.388+0000] {logging_mixin.py:190} INFO - [2024-12-17T04:42:55.387+0000] {dag.py:4180} INFO - Setting next_dagrun for example_setup_teardown_taskflow to None, run_after=None
[2024-12-17T04:42:55.407+0000] {processor.py:208} INFO - Processing /root/airflow-venv/lib/python3.12/site-packages/airflow/example_dags/example_setup_teardown_taskflow.py took 0.085 seconds
[2024-12-17T04:45:07.383+0000] {processor.py:186} INFO - Started process (PID=434375) to work on /root/airflow-venv/lib/python3.12/site-packages/airflow/example_dags/example_setup_teardown_taskflow.py
[2024-12-17T04:45:07.385+0000] {processor.py:914} INFO - Processing file /root/airflow-venv/lib/python3.12/site-packages/airflow/example_dags/example_setup_teardown_taskflow.py for tasks to queue
[2024-12-17T04:45:07.387+0000] {logging_mixin.py:190} INFO - [2024-12-17T04:45:07.387+0000] {dagbag.py:588} INFO - Filling up the DagBag from /root/airflow-venv/lib/python3.12/site-packages/airflow/example_dags/example_setup_teardown_taskflow.py
[2024-12-17T04:45:07.400+0000] {processor.py:925} INFO - DAG(s) 'example_setup_teardown_taskflow' retrieved from /root/airflow-venv/lib/python3.12/site-packages/airflow/example_dags/example_setup_teardown_taskflow.py
[2024-12-17T04:45:07.425+0000] {logging_mixin.py:190} INFO - [2024-12-17T04:45:07.425+0000] {dag.py:3239} INFO - Sync 1 DAGs
[2024-12-17T04:45:07.445+0000] {logging_mixin.py:190} INFO - [2024-12-17T04:45:07.445+0000] {dag.py:4180} INFO - Setting next_dagrun for example_setup_teardown_taskflow to None, run_after=None
[2024-12-17T04:45:07.474+0000] {processor.py:208} INFO - Processing /root/airflow-venv/lib/python3.12/site-packages/airflow/example_dags/example_setup_teardown_taskflow.py took 0.100 seconds
[2024-12-17T04:46:04.002+0000] {processor.py:186} INFO - Started process (PID=434435) to work on /root/airflow-venv/lib/python3.12/site-packages/airflow/example_dags/example_setup_teardown_taskflow.py
[2024-12-17T04:46:04.003+0000] {processor.py:914} INFO - Processing file /root/airflow-venv/lib/python3.12/site-packages/airflow/example_dags/example_setup_teardown_taskflow.py for tasks to queue
[2024-12-17T04:46:04.006+0000] {logging_mixin.py:190} INFO - [2024-12-17T04:46:04.006+0000] {dagbag.py:588} INFO - Filling up the DagBag from /root/airflow-venv/lib/python3.12/site-packages/airflow/example_dags/example_setup_teardown_taskflow.py
[2024-12-17T04:46:04.019+0000] {processor.py:925} INFO - DAG(s) 'example_setup_teardown_taskflow' retrieved from /root/airflow-venv/lib/python3.12/site-packages/airflow/example_dags/example_setup_teardown_taskflow.py
[2024-12-17T04:46:04.041+0000] {logging_mixin.py:190} INFO - [2024-12-17T04:46:04.040+0000] {dag.py:3239} INFO - Sync 1 DAGs
[2024-12-17T04:46:04.054+0000] {logging_mixin.py:190} INFO - [2024-12-17T04:46:04.054+0000] {dag.py:4180} INFO - Setting next_dagrun for example_setup_teardown_taskflow to None, run_after=None
[2024-12-17T04:46:04.081+0000] {processor.py:208} INFO - Processing /root/airflow-venv/lib/python3.12/site-packages/airflow/example_dags/example_setup_teardown_taskflow.py took 0.086 seconds
[2024-12-17T04:54:57.526+0000] {processor.py:186} INFO - Started process (PID=434592) to work on /root/airflow-venv/lib/python3.12/site-packages/airflow/example_dags/example_setup_teardown_taskflow.py
[2024-12-17T04:54:57.528+0000] {processor.py:914} INFO - Processing file /root/airflow-venv/lib/python3.12/site-packages/airflow/example_dags/example_setup_teardown_taskflow.py for tasks to queue
[2024-12-17T04:54:57.530+0000] {logging_mixin.py:190} INFO - [2024-12-17T04:54:57.529+0000] {dagbag.py:588} INFO - Filling up the DagBag from /root/airflow-venv/lib/python3.12/site-packages/airflow/example_dags/example_setup_teardown_taskflow.py
[2024-12-17T04:54:57.543+0000] {processor.py:925} INFO - DAG(s) 'example_setup_teardown_taskflow' retrieved from /root/airflow-venv/lib/python3.12/site-packages/airflow/example_dags/example_setup_teardown_taskflow.py
[2024-12-17T04:54:57.567+0000] {logging_mixin.py:190} INFO - [2024-12-17T04:54:57.567+0000] {dag.py:3239} INFO - Sync 1 DAGs
[2024-12-17T04:54:57.583+0000] {logging_mixin.py:190} INFO - [2024-12-17T04:54:57.583+0000] {dag.py:4180} INFO - Setting next_dagrun for example_setup_teardown_taskflow to None, run_after=None
[2024-12-17T04:54:57.607+0000] {processor.py:208} INFO - Processing /root/airflow-venv/lib/python3.12/site-packages/airflow/example_dags/example_setup_teardown_taskflow.py took 0.087 seconds
[2024-12-17T04:55:56.714+0000] {processor.py:186} INFO - Started process (PID=434659) to work on /root/airflow-venv/lib/python3.12/site-packages/airflow/example_dags/example_setup_teardown_taskflow.py
[2024-12-17T04:55:56.716+0000] {processor.py:914} INFO - Processing file /root/airflow-venv/lib/python3.12/site-packages/airflow/example_dags/example_setup_teardown_taskflow.py for tasks to queue
[2024-12-17T04:55:56.718+0000] {logging_mixin.py:190} INFO - [2024-12-17T04:55:56.718+0000] {dagbag.py:588} INFO - Filling up the DagBag from /root/airflow-venv/lib/python3.12/site-packages/airflow/example_dags/example_setup_teardown_taskflow.py
[2024-12-17T04:55:56.732+0000] {processor.py:925} INFO - DAG(s) 'example_setup_teardown_taskflow' retrieved from /root/airflow-venv/lib/python3.12/site-packages/airflow/example_dags/example_setup_teardown_taskflow.py
[2024-12-17T04:55:56.754+0000] {logging_mixin.py:190} INFO - [2024-12-17T04:55:56.754+0000] {dag.py:3239} INFO - Sync 1 DAGs
[2024-12-17T04:55:56.768+0000] {logging_mixin.py:190} INFO - [2024-12-17T04:55:56.768+0000] {dag.py:4180} INFO - Setting next_dagrun for example_setup_teardown_taskflow to None, run_after=None
[2024-12-17T04:55:56.790+0000] {processor.py:208} INFO - Processing /root/airflow-venv/lib/python3.12/site-packages/airflow/example_dags/example_setup_teardown_taskflow.py took 0.082 seconds
[2024-12-17T04:56:53.673+0000] {processor.py:186} INFO - Started process (PID=434720) to work on /root/airflow-venv/lib/python3.12/site-packages/airflow/example_dags/example_setup_teardown_taskflow.py
[2024-12-17T04:56:53.675+0000] {processor.py:914} INFO - Processing file /root/airflow-venv/lib/python3.12/site-packages/airflow/example_dags/example_setup_teardown_taskflow.py for tasks to queue
[2024-12-17T04:56:53.679+0000] {logging_mixin.py:190} INFO - [2024-12-17T04:56:53.678+0000] {dagbag.py:588} INFO - Filling up the DagBag from /root/airflow-venv/lib/python3.12/site-packages/airflow/example_dags/example_setup_teardown_taskflow.py
[2024-12-17T04:56:53.698+0000] {processor.py:925} INFO - DAG(s) 'example_setup_teardown_taskflow' retrieved from /root/airflow-venv/lib/python3.12/site-packages/airflow/example_dags/example_setup_teardown_taskflow.py
[2024-12-17T04:56:53.728+0000] {logging_mixin.py:190} INFO - [2024-12-17T04:56:53.727+0000] {dag.py:3239} INFO - Sync 1 DAGs
[2024-12-17T04:56:53.747+0000] {logging_mixin.py:190} INFO - [2024-12-17T04:56:53.746+0000] {dag.py:4180} INFO - Setting next_dagrun for example_setup_teardown_taskflow to None, run_after=None
[2024-12-17T04:56:53.777+0000] {processor.py:208} INFO - Processing /root/airflow-venv/lib/python3.12/site-packages/airflow/example_dags/example_setup_teardown_taskflow.py took 0.113 seconds
