[2024-12-17T04:42:53.723+0000] {processor.py:186} INFO - Started process (PID=434268) to work on /root/airflow-venv/lib/python3.12/site-packages/airflow/example_dags/example_python_operator.py
[2024-12-17T04:42:53.724+0000] {processor.py:914} INFO - Processing file /root/airflow-venv/lib/python3.12/site-packages/airflow/example_dags/example_python_operator.py for tasks to queue
[2024-12-17T04:42:53.727+0000] {logging_mixin.py:190} INFO - [2024-12-17T04:42:53.726+0000] {dagbag.py:588} INFO - Filling up the DagBag from /root/airflow-venv/lib/python3.12/site-packages/airflow/example_dags/example_python_operator.py
[2024-12-17T04:42:53.734+0000] {logging_mixin.py:190} INFO - [2024-12-17T04:42:53.734+0000] {example_python_operator.py:93} WARNING - The virtalenv_python example task requires virtualenv, please install it.
[2024-12-17T04:42:53.737+0000] {processor.py:925} INFO - DAG(s) 'example_python_operator' retrieved from /root/airflow-venv/lib/python3.12/site-packages/airflow/example_dags/example_python_operator.py
[2024-12-17T04:42:53.757+0000] {logging_mixin.py:190} INFO - [2024-12-17T04:42:53.757+0000] {dag.py:3239} INFO - Sync 1 DAGs
[2024-12-17T04:42:53.772+0000] {logging_mixin.py:190} INFO - [2024-12-17T04:42:53.771+0000] {dag.py:4180} INFO - Setting next_dagrun for example_python_operator to None, run_after=None
[2024-12-17T04:42:53.792+0000] {processor.py:208} INFO - Processing /root/airflow-venv/lib/python3.12/site-packages/airflow/example_dags/example_python_operator.py took 0.075 seconds
[2024-12-17T04:45:05.773+0000] {processor.py:186} INFO - Started process (PID=434373) to work on /root/airflow-venv/lib/python3.12/site-packages/airflow/example_dags/example_python_operator.py
[2024-12-17T04:45:05.775+0000] {processor.py:914} INFO - Processing file /root/airflow-venv/lib/python3.12/site-packages/airflow/example_dags/example_python_operator.py for tasks to queue
[2024-12-17T04:45:05.777+0000] {logging_mixin.py:190} INFO - [2024-12-17T04:45:05.777+0000] {dagbag.py:588} INFO - Filling up the DagBag from /root/airflow-venv/lib/python3.12/site-packages/airflow/example_dags/example_python_operator.py
[2024-12-17T04:45:05.785+0000] {logging_mixin.py:190} INFO - [2024-12-17T04:45:05.785+0000] {example_python_operator.py:93} WARNING - The virtalenv_python example task requires virtualenv, please install it.
[2024-12-17T04:45:05.788+0000] {processor.py:925} INFO - DAG(s) 'example_python_operator' retrieved from /root/airflow-venv/lib/python3.12/site-packages/airflow/example_dags/example_python_operator.py
[2024-12-17T04:45:05.812+0000] {logging_mixin.py:190} INFO - [2024-12-17T04:45:05.812+0000] {dag.py:3239} INFO - Sync 1 DAGs
[2024-12-17T04:45:05.828+0000] {logging_mixin.py:190} INFO - [2024-12-17T04:45:05.827+0000] {dag.py:4180} INFO - Setting next_dagrun for example_python_operator to None, run_after=None
[2024-12-17T04:45:05.851+0000] {processor.py:208} INFO - Processing /root/airflow-venv/lib/python3.12/site-packages/airflow/example_dags/example_python_operator.py took 0.084 seconds
[2024-12-17T04:46:01.845+0000] {processor.py:186} INFO - Started process (PID=434431) to work on /root/airflow-venv/lib/python3.12/site-packages/airflow/example_dags/example_python_operator.py
[2024-12-17T04:46:01.846+0000] {processor.py:914} INFO - Processing file /root/airflow-venv/lib/python3.12/site-packages/airflow/example_dags/example_python_operator.py for tasks to queue
[2024-12-17T04:46:01.850+0000] {logging_mixin.py:190} INFO - [2024-12-17T04:46:01.849+0000] {dagbag.py:588} INFO - Filling up the DagBag from /root/airflow-venv/lib/python3.12/site-packages/airflow/example_dags/example_python_operator.py
[2024-12-17T04:46:01.862+0000] {logging_mixin.py:190} INFO - [2024-12-17T04:46:01.862+0000] {example_python_operator.py:93} WARNING - The virtalenv_python example task requires virtualenv, please install it.
[2024-12-17T04:46:01.867+0000] {processor.py:925} INFO - DAG(s) 'example_python_operator' retrieved from /root/airflow-venv/lib/python3.12/site-packages/airflow/example_dags/example_python_operator.py
[2024-12-17T04:46:01.897+0000] {logging_mixin.py:190} INFO - [2024-12-17T04:46:01.897+0000] {dag.py:3239} INFO - Sync 1 DAGs
[2024-12-17T04:46:01.919+0000] {logging_mixin.py:190} INFO - [2024-12-17T04:46:01.919+0000] {dag.py:4180} INFO - Setting next_dagrun for example_python_operator to None, run_after=None
[2024-12-17T04:46:01.952+0000] {processor.py:208} INFO - Processing /root/airflow-venv/lib/python3.12/site-packages/airflow/example_dags/example_python_operator.py took 0.118 seconds
[2024-12-17T04:54:56.033+0000] {processor.py:186} INFO - Started process (PID=434590) to work on /root/airflow-venv/lib/python3.12/site-packages/airflow/example_dags/example_python_operator.py
[2024-12-17T04:54:56.034+0000] {processor.py:914} INFO - Processing file /root/airflow-venv/lib/python3.12/site-packages/airflow/example_dags/example_python_operator.py for tasks to queue
[2024-12-17T04:54:56.037+0000] {logging_mixin.py:190} INFO - [2024-12-17T04:54:56.036+0000] {dagbag.py:588} INFO - Filling up the DagBag from /root/airflow-venv/lib/python3.12/site-packages/airflow/example_dags/example_python_operator.py
[2024-12-17T04:54:56.045+0000] {logging_mixin.py:190} INFO - [2024-12-17T04:54:56.045+0000] {example_python_operator.py:93} WARNING - The virtalenv_python example task requires virtualenv, please install it.
[2024-12-17T04:54:56.048+0000] {processor.py:925} INFO - DAG(s) 'example_python_operator' retrieved from /root/airflow-venv/lib/python3.12/site-packages/airflow/example_dags/example_python_operator.py
[2024-12-17T04:54:56.072+0000] {logging_mixin.py:190} INFO - [2024-12-17T04:54:56.072+0000] {dag.py:3239} INFO - Sync 1 DAGs
[2024-12-17T04:54:56.088+0000] {logging_mixin.py:190} INFO - [2024-12-17T04:54:56.088+0000] {dag.py:4180} INFO - Setting next_dagrun for example_python_operator to None, run_after=None
[2024-12-17T04:54:56.111+0000] {processor.py:208} INFO - Processing /root/airflow-venv/lib/python3.12/site-packages/airflow/example_dags/example_python_operator.py took 0.085 seconds
[2024-12-17T04:55:54.417+0000] {processor.py:186} INFO - Started process (PID=434657) to work on /root/airflow-venv/lib/python3.12/site-packages/airflow/example_dags/example_python_operator.py
[2024-12-17T04:55:54.419+0000] {processor.py:914} INFO - Processing file /root/airflow-venv/lib/python3.12/site-packages/airflow/example_dags/example_python_operator.py for tasks to queue
[2024-12-17T04:55:54.422+0000] {logging_mixin.py:190} INFO - [2024-12-17T04:55:54.421+0000] {dagbag.py:588} INFO - Filling up the DagBag from /root/airflow-venv/lib/python3.12/site-packages/airflow/example_dags/example_python_operator.py
[2024-12-17T04:55:54.430+0000] {logging_mixin.py:190} INFO - [2024-12-17T04:55:54.430+0000] {example_python_operator.py:93} WARNING - The virtalenv_python example task requires virtualenv, please install it.
[2024-12-17T04:55:54.433+0000] {processor.py:925} INFO - DAG(s) 'example_python_operator' retrieved from /root/airflow-venv/lib/python3.12/site-packages/airflow/example_dags/example_python_operator.py
[2024-12-17T04:55:54.454+0000] {logging_mixin.py:190} INFO - [2024-12-17T04:55:54.454+0000] {dag.py:3239} INFO - Sync 1 DAGs
[2024-12-17T04:55:54.468+0000] {logging_mixin.py:190} INFO - [2024-12-17T04:55:54.468+0000] {dag.py:4180} INFO - Setting next_dagrun for example_python_operator to None, run_after=None
[2024-12-17T04:55:54.500+0000] {processor.py:208} INFO - Processing /root/airflow-venv/lib/python3.12/site-packages/airflow/example_dags/example_python_operator.py took 0.090 seconds
[2024-12-17T04:56:51.268+0000] {processor.py:186} INFO - Started process (PID=434718) to work on /root/airflow-venv/lib/python3.12/site-packages/airflow/example_dags/example_python_operator.py
[2024-12-17T04:56:51.270+0000] {processor.py:914} INFO - Processing file /root/airflow-venv/lib/python3.12/site-packages/airflow/example_dags/example_python_operator.py for tasks to queue
[2024-12-17T04:56:51.273+0000] {logging_mixin.py:190} INFO - [2024-12-17T04:56:51.273+0000] {dagbag.py:588} INFO - Filling up the DagBag from /root/airflow-venv/lib/python3.12/site-packages/airflow/example_dags/example_python_operator.py
[2024-12-17T04:56:51.282+0000] {logging_mixin.py:190} INFO - [2024-12-17T04:56:51.281+0000] {example_python_operator.py:93} WARNING - The virtalenv_python example task requires virtualenv, please install it.
[2024-12-17T04:56:51.285+0000] {processor.py:925} INFO - DAG(s) 'example_python_operator' retrieved from /root/airflow-venv/lib/python3.12/site-packages/airflow/example_dags/example_python_operator.py
[2024-12-17T04:56:51.306+0000] {logging_mixin.py:190} INFO - [2024-12-17T04:56:51.305+0000] {dag.py:3239} INFO - Sync 1 DAGs
[2024-12-17T04:56:51.321+0000] {logging_mixin.py:190} INFO - [2024-12-17T04:56:51.320+0000] {dag.py:4180} INFO - Setting next_dagrun for example_python_operator to None, run_after=None
[2024-12-17T04:56:51.344+0000] {processor.py:208} INFO - Processing /root/airflow-venv/lib/python3.12/site-packages/airflow/example_dags/example_python_operator.py took 0.086 seconds
