[2024-12-17T04:43:03.086+0000] {processor.py:186} INFO - Started process (PID=434277) to work on /root/airflow-venv/lib/python3.12/site-packages/airflow/example_dags/example_params_trigger_ui.py
[2024-12-17T04:43:03.087+0000] {processor.py:914} INFO - Processing file /root/airflow-venv/lib/python3.12/site-packages/airflow/example_dags/example_params_trigger_ui.py for tasks to queue
[2024-12-17T04:43:03.090+0000] {logging_mixin.py:190} INFO - [2024-12-17T04:43:03.090+0000] {dagbag.py:588} INFO - Filling up the DagBag from /root/airflow-venv/lib/python3.12/site-packages/airflow/example_dags/example_params_trigger_ui.py
[2024-12-17T04:43:03.104+0000] {processor.py:925} INFO - DAG(s) 'example_params_trigger_ui' retrieved from /root/airflow-venv/lib/python3.12/site-packages/airflow/example_dags/example_params_trigger_ui.py
[2024-12-17T04:43:03.150+0000] {logging_mixin.py:190} INFO - [2024-12-17T04:43:03.149+0000] {dag.py:3239} INFO - Sync 1 DAGs
[2024-12-17T04:43:03.164+0000] {logging_mixin.py:190} INFO - [2024-12-17T04:43:03.164+0000] {dag.py:4180} INFO - Setting next_dagrun for example_params_trigger_ui to None, run_after=None
[2024-12-17T04:43:03.186+0000] {processor.py:208} INFO - Processing /root/airflow-venv/lib/python3.12/site-packages/airflow/example_dags/example_params_trigger_ui.py took 0.108 seconds
[2024-12-17T04:45:15.035+0000] {processor.py:186} INFO - Started process (PID=434382) to work on /root/airflow-venv/lib/python3.12/site-packages/airflow/example_dags/example_params_trigger_ui.py
[2024-12-17T04:45:15.036+0000] {processor.py:914} INFO - Processing file /root/airflow-venv/lib/python3.12/site-packages/airflow/example_dags/example_params_trigger_ui.py for tasks to queue
[2024-12-17T04:45:15.039+0000] {logging_mixin.py:190} INFO - [2024-12-17T04:45:15.039+0000] {dagbag.py:588} INFO - Filling up the DagBag from /root/airflow-venv/lib/python3.12/site-packages/airflow/example_dags/example_params_trigger_ui.py
[2024-12-17T04:45:15.056+0000] {processor.py:925} INFO - DAG(s) 'example_params_trigger_ui' retrieved from /root/airflow-venv/lib/python3.12/site-packages/airflow/example_dags/example_params_trigger_ui.py
[2024-12-17T04:45:15.117+0000] {logging_mixin.py:190} INFO - [2024-12-17T04:45:15.116+0000] {dag.py:3239} INFO - Sync 1 DAGs
[2024-12-17T04:45:15.134+0000] {logging_mixin.py:190} INFO - [2024-12-17T04:45:15.134+0000] {dag.py:4180} INFO - Setting next_dagrun for example_params_trigger_ui to None, run_after=None
[2024-12-17T04:45:15.159+0000] {processor.py:208} INFO - Processing /root/airflow-venv/lib/python3.12/site-packages/airflow/example_dags/example_params_trigger_ui.py took 0.132 seconds
[2024-12-17T04:46:11.105+0000] {processor.py:186} INFO - Started process (PID=434444) to work on /root/airflow-venv/lib/python3.12/site-packages/airflow/example_dags/example_params_trigger_ui.py
[2024-12-17T04:46:11.107+0000] {processor.py:914} INFO - Processing file /root/airflow-venv/lib/python3.12/site-packages/airflow/example_dags/example_params_trigger_ui.py for tasks to queue
[2024-12-17T04:46:11.109+0000] {logging_mixin.py:190} INFO - [2024-12-17T04:46:11.109+0000] {dagbag.py:588} INFO - Filling up the DagBag from /root/airflow-venv/lib/python3.12/site-packages/airflow/example_dags/example_params_trigger_ui.py
[2024-12-17T04:46:11.122+0000] {processor.py:925} INFO - DAG(s) 'example_params_trigger_ui' retrieved from /root/airflow-venv/lib/python3.12/site-packages/airflow/example_dags/example_params_trigger_ui.py
[2024-12-17T04:46:11.165+0000] {logging_mixin.py:190} INFO - [2024-12-17T04:46:11.165+0000] {dag.py:3239} INFO - Sync 1 DAGs
[2024-12-17T04:46:11.179+0000] {logging_mixin.py:190} INFO - [2024-12-17T04:46:11.179+0000] {dag.py:4180} INFO - Setting next_dagrun for example_params_trigger_ui to None, run_after=None
[2024-12-17T04:46:11.207+0000] {processor.py:208} INFO - Processing /root/airflow-venv/lib/python3.12/site-packages/airflow/example_dags/example_params_trigger_ui.py took 0.108 seconds
[2024-12-17T04:55:05.306+0000] {processor.py:186} INFO - Started process (PID=434604) to work on /root/airflow-venv/lib/python3.12/site-packages/airflow/example_dags/example_params_trigger_ui.py
[2024-12-17T04:55:05.308+0000] {processor.py:914} INFO - Processing file /root/airflow-venv/lib/python3.12/site-packages/airflow/example_dags/example_params_trigger_ui.py for tasks to queue
[2024-12-17T04:55:05.310+0000] {logging_mixin.py:190} INFO - [2024-12-17T04:55:05.310+0000] {dagbag.py:588} INFO - Filling up the DagBag from /root/airflow-venv/lib/python3.12/site-packages/airflow/example_dags/example_params_trigger_ui.py
[2024-12-17T04:55:05.325+0000] {processor.py:925} INFO - DAG(s) 'example_params_trigger_ui' retrieved from /root/airflow-venv/lib/python3.12/site-packages/airflow/example_dags/example_params_trigger_ui.py
[2024-12-17T04:55:05.376+0000] {logging_mixin.py:190} INFO - [2024-12-17T04:55:05.376+0000] {dag.py:3239} INFO - Sync 1 DAGs
[2024-12-17T04:55:05.390+0000] {logging_mixin.py:190} INFO - [2024-12-17T04:55:05.390+0000] {dag.py:4180} INFO - Setting next_dagrun for example_params_trigger_ui to None, run_after=None
[2024-12-17T04:55:05.414+0000] {processor.py:208} INFO - Processing /root/airflow-venv/lib/python3.12/site-packages/airflow/example_dags/example_params_trigger_ui.py took 0.117 seconds
[2024-12-17T04:56:03.686+0000] {processor.py:186} INFO - Started process (PID=434666) to work on /root/airflow-venv/lib/python3.12/site-packages/airflow/example_dags/example_params_trigger_ui.py
[2024-12-17T04:56:03.688+0000] {processor.py:914} INFO - Processing file /root/airflow-venv/lib/python3.12/site-packages/airflow/example_dags/example_params_trigger_ui.py for tasks to queue
[2024-12-17T04:56:03.692+0000] {logging_mixin.py:190} INFO - [2024-12-17T04:56:03.691+0000] {dagbag.py:588} INFO - Filling up the DagBag from /root/airflow-venv/lib/python3.12/site-packages/airflow/example_dags/example_params_trigger_ui.py
[2024-12-17T04:56:03.713+0000] {processor.py:925} INFO - DAG(s) 'example_params_trigger_ui' retrieved from /root/airflow-venv/lib/python3.12/site-packages/airflow/example_dags/example_params_trigger_ui.py
[2024-12-17T04:56:03.787+0000] {logging_mixin.py:190} INFO - [2024-12-17T04:56:03.787+0000] {dag.py:3239} INFO - Sync 1 DAGs
[2024-12-17T04:56:03.811+0000] {logging_mixin.py:190} INFO - [2024-12-17T04:56:03.810+0000] {dag.py:4180} INFO - Setting next_dagrun for example_params_trigger_ui to None, run_after=None
[2024-12-17T04:56:03.846+0000] {processor.py:208} INFO - Processing /root/airflow-venv/lib/python3.12/site-packages/airflow/example_dags/example_params_trigger_ui.py took 0.171 seconds
[2024-12-17T04:57:00.419+0000] {processor.py:186} INFO - Started process (PID=434727) to work on /root/airflow-venv/lib/python3.12/site-packages/airflow/example_dags/example_params_trigger_ui.py
[2024-12-17T04:57:00.421+0000] {processor.py:914} INFO - Processing file /root/airflow-venv/lib/python3.12/site-packages/airflow/example_dags/example_params_trigger_ui.py for tasks to queue
[2024-12-17T04:57:00.424+0000] {logging_mixin.py:190} INFO - [2024-12-17T04:57:00.424+0000] {dagbag.py:588} INFO - Filling up the DagBag from /root/airflow-venv/lib/python3.12/site-packages/airflow/example_dags/example_params_trigger_ui.py
[2024-12-17T04:57:00.442+0000] {processor.py:925} INFO - DAG(s) 'example_params_trigger_ui' retrieved from /root/airflow-venv/lib/python3.12/site-packages/airflow/example_dags/example_params_trigger_ui.py
[2024-12-17T04:57:00.500+0000] {logging_mixin.py:190} INFO - [2024-12-17T04:57:00.500+0000] {dag.py:3239} INFO - Sync 1 DAGs
[2024-12-17T04:57:00.518+0000] {logging_mixin.py:190} INFO - [2024-12-17T04:57:00.518+0000] {dag.py:4180} INFO - Setting next_dagrun for example_params_trigger_ui to None, run_after=None
[2024-12-17T04:57:00.541+0000] {processor.py:208} INFO - Processing /root/airflow-venv/lib/python3.12/site-packages/airflow/example_dags/example_params_trigger_ui.py took 0.131 seconds
