[2024-12-17T04:43:08.232+0000] {processor.py:186} INFO - Started process (PID=434282) to work on /root/airflow-venv/lib/python3.12/site-packages/airflow/example_dags/example_latest_only_with_trigger.py
[2024-12-17T04:43:08.233+0000] {processor.py:914} INFO - Processing file /root/airflow-venv/lib/python3.12/site-packages/airflow/example_dags/example_latest_only_with_trigger.py for tasks to queue
[2024-12-17T04:43:08.235+0000] {logging_mixin.py:190} INFO - [2024-12-17T04:43:08.235+0000] {dagbag.py:588} INFO - Filling up the DagBag from /root/airflow-venv/lib/python3.12/site-packages/airflow/example_dags/example_latest_only_with_trigger.py
[2024-12-17T04:43:08.246+0000] {processor.py:925} INFO - DAG(s) 'latest_only_with_trigger' retrieved from /root/airflow-venv/lib/python3.12/site-packages/airflow/example_dags/example_latest_only_with_trigger.py
[2024-12-17T04:43:08.269+0000] {logging_mixin.py:190} INFO - [2024-12-17T04:43:08.269+0000] {dag.py:3239} INFO - Sync 1 DAGs
[2024-12-17T04:43:08.289+0000] {logging_mixin.py:190} INFO - [2024-12-17T04:43:08.288+0000] {dag.py:4180} INFO - Setting next_dagrun for latest_only_with_trigger to 2024-12-17 00:00:00+00:00, run_after=2024-12-17 04:00:00+00:00
[2024-12-17T04:43:08.314+0000] {processor.py:208} INFO - Processing /root/airflow-venv/lib/python3.12/site-packages/airflow/example_dags/example_latest_only_with_trigger.py took 0.088 seconds
[2024-12-17T04:45:20.299+0000] {processor.py:186} INFO - Started process (PID=434387) to work on /root/airflow-venv/lib/python3.12/site-packages/airflow/example_dags/example_latest_only_with_trigger.py
[2024-12-17T04:45:20.301+0000] {processor.py:914} INFO - Processing file /root/airflow-venv/lib/python3.12/site-packages/airflow/example_dags/example_latest_only_with_trigger.py for tasks to queue
[2024-12-17T04:45:20.304+0000] {logging_mixin.py:190} INFO - [2024-12-17T04:45:20.303+0000] {dagbag.py:588} INFO - Filling up the DagBag from /root/airflow-venv/lib/python3.12/site-packages/airflow/example_dags/example_latest_only_with_trigger.py
[2024-12-17T04:45:20.315+0000] {processor.py:925} INFO - DAG(s) 'latest_only_with_trigger' retrieved from /root/airflow-venv/lib/python3.12/site-packages/airflow/example_dags/example_latest_only_with_trigger.py
[2024-12-17T04:45:20.334+0000] {logging_mixin.py:190} INFO - [2024-12-17T04:45:20.334+0000] {dag.py:3239} INFO - Sync 1 DAGs
[2024-12-17T04:45:20.354+0000] {logging_mixin.py:190} INFO - [2024-12-17T04:45:20.354+0000] {dag.py:4180} INFO - Setting next_dagrun for latest_only_with_trigger to 2024-12-17 00:00:00+00:00, run_after=2024-12-17 04:00:00+00:00
[2024-12-17T04:45:20.377+0000] {processor.py:208} INFO - Processing /root/airflow-venv/lib/python3.12/site-packages/airflow/example_dags/example_latest_only_with_trigger.py took 0.087 seconds
[2024-12-17T04:46:15.110+0000] {processor.py:186} INFO - Started process (PID=434451) to work on /root/airflow-venv/lib/python3.12/site-packages/airflow/example_dags/example_latest_only_with_trigger.py
[2024-12-17T04:46:15.112+0000] {processor.py:914} INFO - Processing file /root/airflow-venv/lib/python3.12/site-packages/airflow/example_dags/example_latest_only_with_trigger.py for tasks to queue
[2024-12-17T04:46:15.115+0000] {logging_mixin.py:190} INFO - [2024-12-17T04:46:15.114+0000] {dagbag.py:588} INFO - Filling up the DagBag from /root/airflow-venv/lib/python3.12/site-packages/airflow/example_dags/example_latest_only_with_trigger.py
[2024-12-17T04:46:15.125+0000] {processor.py:925} INFO - DAG(s) 'latest_only_with_trigger' retrieved from /root/airflow-venv/lib/python3.12/site-packages/airflow/example_dags/example_latest_only_with_trigger.py
[2024-12-17T04:46:15.148+0000] {logging_mixin.py:190} INFO - [2024-12-17T04:46:15.147+0000] {dag.py:3239} INFO - Sync 1 DAGs
[2024-12-17T04:46:15.173+0000] {logging_mixin.py:190} INFO - [2024-12-17T04:46:15.173+0000] {dag.py:4180} INFO - Setting next_dagrun for latest_only_with_trigger to 2024-12-17 00:00:00+00:00, run_after=2024-12-17 04:00:00+00:00
[2024-12-17T04:46:15.195+0000] {processor.py:208} INFO - Processing /root/airflow-venv/lib/python3.12/site-packages/airflow/example_dags/example_latest_only_with_trigger.py took 0.094 seconds
[2024-12-17T04:55:10.348+0000] {processor.py:186} INFO - Started process (PID=434609) to work on /root/airflow-venv/lib/python3.12/site-packages/airflow/example_dags/example_latest_only_with_trigger.py
[2024-12-17T04:55:10.350+0000] {processor.py:914} INFO - Processing file /root/airflow-venv/lib/python3.12/site-packages/airflow/example_dags/example_latest_only_with_trigger.py for tasks to queue
[2024-12-17T04:55:10.352+0000] {logging_mixin.py:190} INFO - [2024-12-17T04:55:10.352+0000] {dagbag.py:588} INFO - Filling up the DagBag from /root/airflow-venv/lib/python3.12/site-packages/airflow/example_dags/example_latest_only_with_trigger.py
[2024-12-17T04:55:10.364+0000] {processor.py:925} INFO - DAG(s) 'latest_only_with_trigger' retrieved from /root/airflow-venv/lib/python3.12/site-packages/airflow/example_dags/example_latest_only_with_trigger.py
[2024-12-17T04:55:10.384+0000] {logging_mixin.py:190} INFO - [2024-12-17T04:55:10.383+0000] {dag.py:3239} INFO - Sync 1 DAGs
[2024-12-17T04:55:10.406+0000] {logging_mixin.py:190} INFO - [2024-12-17T04:55:10.406+0000] {dag.py:4180} INFO - Setting next_dagrun for latest_only_with_trigger to 2024-12-17 00:00:00+00:00, run_after=2024-12-17 04:00:00+00:00
[2024-12-17T04:55:10.431+0000] {processor.py:208} INFO - Processing /root/airflow-venv/lib/python3.12/site-packages/airflow/example_dags/example_latest_only_with_trigger.py took 0.089 seconds
[2024-12-17T04:56:08.943+0000] {processor.py:186} INFO - Started process (PID=434671) to work on /root/airflow-venv/lib/python3.12/site-packages/airflow/example_dags/example_latest_only_with_trigger.py
[2024-12-17T04:56:08.945+0000] {processor.py:914} INFO - Processing file /root/airflow-venv/lib/python3.12/site-packages/airflow/example_dags/example_latest_only_with_trigger.py for tasks to queue
[2024-12-17T04:56:08.947+0000] {logging_mixin.py:190} INFO - [2024-12-17T04:56:08.947+0000] {dagbag.py:588} INFO - Filling up the DagBag from /root/airflow-venv/lib/python3.12/site-packages/airflow/example_dags/example_latest_only_with_trigger.py
[2024-12-17T04:56:08.958+0000] {processor.py:925} INFO - DAG(s) 'latest_only_with_trigger' retrieved from /root/airflow-venv/lib/python3.12/site-packages/airflow/example_dags/example_latest_only_with_trigger.py
[2024-12-17T04:56:08.979+0000] {logging_mixin.py:190} INFO - [2024-12-17T04:56:08.978+0000] {dag.py:3239} INFO - Sync 1 DAGs
[2024-12-17T04:56:09.002+0000] {logging_mixin.py:190} INFO - [2024-12-17T04:56:09.001+0000] {dag.py:4180} INFO - Setting next_dagrun for latest_only_with_trigger to 2024-12-17 00:00:00+00:00, run_after=2024-12-17 04:00:00+00:00
[2024-12-17T04:56:09.025+0000] {processor.py:208} INFO - Processing /root/airflow-venv/lib/python3.12/site-packages/airflow/example_dags/example_latest_only_with_trigger.py took 0.090 seconds
[2024-12-17T04:57:05.276+0000] {processor.py:186} INFO - Started process (PID=434732) to work on /root/airflow-venv/lib/python3.12/site-packages/airflow/example_dags/example_latest_only_with_trigger.py
[2024-12-17T04:57:05.278+0000] {processor.py:914} INFO - Processing file /root/airflow-venv/lib/python3.12/site-packages/airflow/example_dags/example_latest_only_with_trigger.py for tasks to queue
[2024-12-17T04:57:05.281+0000] {logging_mixin.py:190} INFO - [2024-12-17T04:57:05.281+0000] {dagbag.py:588} INFO - Filling up the DagBag from /root/airflow-venv/lib/python3.12/site-packages/airflow/example_dags/example_latest_only_with_trigger.py
[2024-12-17T04:57:05.292+0000] {processor.py:925} INFO - DAG(s) 'latest_only_with_trigger' retrieved from /root/airflow-venv/lib/python3.12/site-packages/airflow/example_dags/example_latest_only_with_trigger.py
[2024-12-17T04:57:05.313+0000] {logging_mixin.py:190} INFO - [2024-12-17T04:57:05.313+0000] {dag.py:3239} INFO - Sync 1 DAGs
[2024-12-17T04:57:05.336+0000] {logging_mixin.py:190} INFO - [2024-12-17T04:57:05.336+0000] {dag.py:4180} INFO - Setting next_dagrun for latest_only_with_trigger to 2024-12-17 00:00:00+00:00, run_after=2024-12-17 04:00:00+00:00
[2024-12-17T04:57:05.375+0000] {processor.py:208} INFO - Processing /root/airflow-venv/lib/python3.12/site-packages/airflow/example_dags/example_latest_only_with_trigger.py took 0.109 seconds
