[2024-12-17T04:43:25.053+0000] {processor.py:186} INFO - Started process (PID=434300) to work on /root/airflow-venv/lib/python3.12/site-packages/airflow/example_dags/example_branch_datetime_operator.py
[2024-12-17T04:43:25.054+0000] {processor.py:914} INFO - Processing file /root/airflow-venv/lib/python3.12/site-packages/airflow/example_dags/example_branch_datetime_operator.py for tasks to queue
[2024-12-17T04:43:25.056+0000] {logging_mixin.py:190} INFO - [2024-12-17T04:43:25.056+0000] {dagbag.py:588} INFO - Filling up the DagBag from /root/airflow-venv/lib/python3.12/site-packages/airflow/example_dags/example_branch_datetime_operator.py
[2024-12-17T04:43:25.069+0000] {processor.py:925} INFO - DAG(s) 'example_branch_datetime_operator_3', 'example_branch_datetime_operator_2', 'example_branch_datetime_operator' retrieved from /root/airflow-venv/lib/python3.12/site-packages/airflow/example_dags/example_branch_datetime_operator.py
[2024-12-17T04:43:25.090+0000] {logging_mixin.py:190} INFO - [2024-12-17T04:43:25.090+0000] {dag.py:3239} INFO - Sync 3 DAGs
[2024-12-17T04:43:25.110+0000] {logging_mixin.py:190} INFO - [2024-12-17T04:43:25.110+0000] {dag.py:4180} INFO - Setting next_dagrun for example_branch_datetime_operator to 2024-12-16 00:00:00+00:00, run_after=2024-12-17 00:00:00+00:00
[2024-12-17T04:43:25.114+0000] {logging_mixin.py:190} INFO - [2024-12-17T04:43:25.114+0000] {dag.py:4180} INFO - Setting next_dagrun for example_branch_datetime_operator_2 to 2024-12-16 00:00:00+00:00, run_after=2024-12-17 00:00:00+00:00
[2024-12-17T04:43:25.116+0000] {logging_mixin.py:190} INFO - [2024-12-17T04:43:25.116+0000] {dag.py:4180} INFO - Setting next_dagrun for example_branch_datetime_operator_3 to 2024-12-16 00:00:00+00:00, run_after=2024-12-17 00:00:00+00:00
[2024-12-17T04:43:25.133+0000] {processor.py:208} INFO - Processing /root/airflow-venv/lib/python3.12/site-packages/airflow/example_dags/example_branch_datetime_operator.py took 0.086 seconds
[2024-12-17T04:45:37.326+0000] {processor.py:186} INFO - Started process (PID=434404) to work on /root/airflow-venv/lib/python3.12/site-packages/airflow/example_dags/example_branch_datetime_operator.py
[2024-12-17T04:45:37.328+0000] {processor.py:914} INFO - Processing file /root/airflow-venv/lib/python3.12/site-packages/airflow/example_dags/example_branch_datetime_operator.py for tasks to queue
[2024-12-17T04:45:37.331+0000] {logging_mixin.py:190} INFO - [2024-12-17T04:45:37.331+0000] {dagbag.py:588} INFO - Filling up the DagBag from /root/airflow-venv/lib/python3.12/site-packages/airflow/example_dags/example_branch_datetime_operator.py
[2024-12-17T04:45:37.348+0000] {processor.py:925} INFO - DAG(s) 'example_branch_datetime_operator_3', 'example_branch_datetime_operator_2', 'example_branch_datetime_operator' retrieved from /root/airflow-venv/lib/python3.12/site-packages/airflow/example_dags/example_branch_datetime_operator.py
[2024-12-17T04:45:37.376+0000] {logging_mixin.py:190} INFO - [2024-12-17T04:45:37.375+0000] {dag.py:3239} INFO - Sync 3 DAGs
[2024-12-17T04:45:37.400+0000] {logging_mixin.py:190} INFO - [2024-12-17T04:45:37.400+0000] {dag.py:4180} INFO - Setting next_dagrun for example_branch_datetime_operator to 2024-12-16 00:00:00+00:00, run_after=2024-12-17 00:00:00+00:00
[2024-12-17T04:45:37.405+0000] {logging_mixin.py:190} INFO - [2024-12-17T04:45:37.405+0000] {dag.py:4180} INFO - Setting next_dagrun for example_branch_datetime_operator_2 to 2024-12-16 00:00:00+00:00, run_after=2024-12-17 00:00:00+00:00
[2024-12-17T04:45:37.408+0000] {logging_mixin.py:190} INFO - [2024-12-17T04:45:37.407+0000] {dag.py:4180} INFO - Setting next_dagrun for example_branch_datetime_operator_3 to 2024-12-16 00:00:00+00:00, run_after=2024-12-17 00:00:00+00:00
[2024-12-17T04:45:37.439+0000] {processor.py:208} INFO - Processing /root/airflow-venv/lib/python3.12/site-packages/airflow/example_dags/example_branch_datetime_operator.py took 0.121 seconds
[2024-12-17T04:55:26.932+0000] {processor.py:186} INFO - Started process (PID=434626) to work on /root/airflow-venv/lib/python3.12/site-packages/airflow/example_dags/example_branch_datetime_operator.py
[2024-12-17T04:55:26.934+0000] {processor.py:914} INFO - Processing file /root/airflow-venv/lib/python3.12/site-packages/airflow/example_dags/example_branch_datetime_operator.py for tasks to queue
[2024-12-17T04:55:26.937+0000] {logging_mixin.py:190} INFO - [2024-12-17T04:55:26.936+0000] {dagbag.py:588} INFO - Filling up the DagBag from /root/airflow-venv/lib/python3.12/site-packages/airflow/example_dags/example_branch_datetime_operator.py
[2024-12-17T04:55:26.953+0000] {processor.py:925} INFO - DAG(s) 'example_branch_datetime_operator_3', 'example_branch_datetime_operator_2', 'example_branch_datetime_operator' retrieved from /root/airflow-venv/lib/python3.12/site-packages/airflow/example_dags/example_branch_datetime_operator.py
[2024-12-17T04:55:26.978+0000] {logging_mixin.py:190} INFO - [2024-12-17T04:55:26.977+0000] {dag.py:3239} INFO - Sync 3 DAGs
[2024-12-17T04:55:27.002+0000] {logging_mixin.py:190} INFO - [2024-12-17T04:55:27.001+0000] {dag.py:4180} INFO - Setting next_dagrun for example_branch_datetime_operator to 2024-12-16 00:00:00+00:00, run_after=2024-12-17 00:00:00+00:00
[2024-12-17T04:55:27.007+0000] {logging_mixin.py:190} INFO - [2024-12-17T04:55:27.007+0000] {dag.py:4180} INFO - Setting next_dagrun for example_branch_datetime_operator_2 to 2024-12-16 00:00:00+00:00, run_after=2024-12-17 00:00:00+00:00
[2024-12-17T04:55:27.009+0000] {logging_mixin.py:190} INFO - [2024-12-17T04:55:27.009+0000] {dag.py:4180} INFO - Setting next_dagrun for example_branch_datetime_operator_3 to 2024-12-16 00:00:00+00:00, run_after=2024-12-17 00:00:00+00:00
[2024-12-17T04:55:27.032+0000] {processor.py:208} INFO - Processing /root/airflow-venv/lib/python3.12/site-packages/airflow/example_dags/example_branch_datetime_operator.py took 0.106 seconds
[2024-12-17T04:56:25.619+0000] {processor.py:186} INFO - Started process (PID=434687) to work on /root/airflow-venv/lib/python3.12/site-packages/airflow/example_dags/example_branch_datetime_operator.py
[2024-12-17T04:56:25.621+0000] {processor.py:914} INFO - Processing file /root/airflow-venv/lib/python3.12/site-packages/airflow/example_dags/example_branch_datetime_operator.py for tasks to queue
[2024-12-17T04:56:25.625+0000] {logging_mixin.py:190} INFO - [2024-12-17T04:56:25.624+0000] {dagbag.py:588} INFO - Filling up the DagBag from /root/airflow-venv/lib/python3.12/site-packages/airflow/example_dags/example_branch_datetime_operator.py
[2024-12-17T04:56:25.641+0000] {processor.py:925} INFO - DAG(s) 'example_branch_datetime_operator_3', 'example_branch_datetime_operator_2', 'example_branch_datetime_operator' retrieved from /root/airflow-venv/lib/python3.12/site-packages/airflow/example_dags/example_branch_datetime_operator.py
[2024-12-17T04:56:25.669+0000] {logging_mixin.py:190} INFO - [2024-12-17T04:56:25.668+0000] {dag.py:3239} INFO - Sync 3 DAGs
[2024-12-17T04:56:25.697+0000] {logging_mixin.py:190} INFO - [2024-12-17T04:56:25.696+0000] {dag.py:4180} INFO - Setting next_dagrun for example_branch_datetime_operator to 2024-12-16 00:00:00+00:00, run_after=2024-12-17 00:00:00+00:00
[2024-12-17T04:56:25.701+0000] {logging_mixin.py:190} INFO - [2024-12-17T04:56:25.701+0000] {dag.py:4180} INFO - Setting next_dagrun for example_branch_datetime_operator_2 to 2024-12-16 00:00:00+00:00, run_after=2024-12-17 00:00:00+00:00
[2024-12-17T04:56:25.704+0000] {logging_mixin.py:190} INFO - [2024-12-17T04:56:25.703+0000] {dag.py:4180} INFO - Setting next_dagrun for example_branch_datetime_operator_3 to 2024-12-16 00:00:00+00:00, run_after=2024-12-17 00:00:00+00:00
[2024-12-17T04:56:25.729+0000] {processor.py:208} INFO - Processing /root/airflow-venv/lib/python3.12/site-packages/airflow/example_dags/example_branch_datetime_operator.py took 0.119 seconds
