[2024-12-17T04:43:04.588+0000] {processor.py:186} INFO - Started process (PID=434279) to work on /root/airflow-venv/lib/python3.12/site-packages/airflow/example_dags/example_external_task_marker_dag.py
[2024-12-17T04:43:04.589+0000] {processor.py:914} INFO - Processing file /root/airflow-venv/lib/python3.12/site-packages/airflow/example_dags/example_external_task_marker_dag.py for tasks to queue
[2024-12-17T04:43:04.591+0000] {logging_mixin.py:190} INFO - [2024-12-17T04:43:04.591+0000] {dagbag.py:588} INFO - Filling up the DagBag from /root/airflow-venv/lib/python3.12/site-packages/airflow/example_dags/example_external_task_marker_dag.py
[2024-12-17T04:43:04.601+0000] {processor.py:925} INFO - DAG(s) 'example_external_task_marker_parent', 'example_external_task_marker_child' retrieved from /root/airflow-venv/lib/python3.12/site-packages/airflow/example_dags/example_external_task_marker_dag.py
[2024-12-17T04:43:04.624+0000] {logging_mixin.py:190} INFO - [2024-12-17T04:43:04.624+0000] {dag.py:3239} INFO - Sync 2 DAGs
[2024-12-17T04:43:04.638+0000] {logging_mixin.py:190} INFO - [2024-12-17T04:43:04.638+0000] {dag.py:4180} INFO - Setting next_dagrun for example_external_task_marker_child to None, run_after=None
[2024-12-17T04:43:04.642+0000] {logging_mixin.py:190} INFO - [2024-12-17T04:43:04.642+0000] {dag.py:4180} INFO - Setting next_dagrun for example_external_task_marker_parent to None, run_after=None
[2024-12-17T04:43:04.684+0000] {processor.py:208} INFO - Processing /root/airflow-venv/lib/python3.12/site-packages/airflow/example_dags/example_external_task_marker_dag.py took 0.103 seconds
[2024-12-17T04:45:17.430+0000] {processor.py:186} INFO - Started process (PID=434384) to work on /root/airflow-venv/lib/python3.12/site-packages/airflow/example_dags/example_external_task_marker_dag.py
[2024-12-17T04:45:17.432+0000] {processor.py:914} INFO - Processing file /root/airflow-venv/lib/python3.12/site-packages/airflow/example_dags/example_external_task_marker_dag.py for tasks to queue
[2024-12-17T04:45:17.435+0000] {logging_mixin.py:190} INFO - [2024-12-17T04:45:17.434+0000] {dagbag.py:588} INFO - Filling up the DagBag from /root/airflow-venv/lib/python3.12/site-packages/airflow/example_dags/example_external_task_marker_dag.py
[2024-12-17T04:45:17.447+0000] {processor.py:925} INFO - DAG(s) 'example_external_task_marker_child', 'example_external_task_marker_parent' retrieved from /root/airflow-venv/lib/python3.12/site-packages/airflow/example_dags/example_external_task_marker_dag.py
[2024-12-17T04:45:17.473+0000] {logging_mixin.py:190} INFO - [2024-12-17T04:45:17.473+0000] {dag.py:3239} INFO - Sync 2 DAGs
[2024-12-17T04:45:17.489+0000] {logging_mixin.py:190} INFO - [2024-12-17T04:45:17.489+0000] {dag.py:4180} INFO - Setting next_dagrun for example_external_task_marker_child to None, run_after=None
[2024-12-17T04:45:17.492+0000] {logging_mixin.py:190} INFO - [2024-12-17T04:45:17.492+0000] {dag.py:4180} INFO - Setting next_dagrun for example_external_task_marker_parent to None, run_after=None
[2024-12-17T04:45:17.509+0000] {processor.py:208} INFO - Processing /root/airflow-venv/lib/python3.12/site-packages/airflow/example_dags/example_external_task_marker_dag.py took 0.086 seconds
[2024-12-17T04:46:12.608+0000] {processor.py:186} INFO - Started process (PID=434446) to work on /root/airflow-venv/lib/python3.12/site-packages/airflow/example_dags/example_external_task_marker_dag.py
[2024-12-17T04:46:12.609+0000] {processor.py:914} INFO - Processing file /root/airflow-venv/lib/python3.12/site-packages/airflow/example_dags/example_external_task_marker_dag.py for tasks to queue
[2024-12-17T04:46:12.612+0000] {logging_mixin.py:190} INFO - [2024-12-17T04:46:12.611+0000] {dagbag.py:588} INFO - Filling up the DagBag from /root/airflow-venv/lib/python3.12/site-packages/airflow/example_dags/example_external_task_marker_dag.py
[2024-12-17T04:46:12.621+0000] {processor.py:925} INFO - DAG(s) 'example_external_task_marker_child', 'example_external_task_marker_parent' retrieved from /root/airflow-venv/lib/python3.12/site-packages/airflow/example_dags/example_external_task_marker_dag.py
[2024-12-17T04:46:12.643+0000] {logging_mixin.py:190} INFO - [2024-12-17T04:46:12.643+0000] {dag.py:3239} INFO - Sync 2 DAGs
[2024-12-17T04:46:12.657+0000] {logging_mixin.py:190} INFO - [2024-12-17T04:46:12.656+0000] {dag.py:4180} INFO - Setting next_dagrun for example_external_task_marker_child to None, run_after=None
[2024-12-17T04:46:12.660+0000] {logging_mixin.py:190} INFO - [2024-12-17T04:46:12.660+0000] {dag.py:4180} INFO - Setting next_dagrun for example_external_task_marker_parent to None, run_after=None
[2024-12-17T04:46:12.687+0000] {processor.py:208} INFO - Processing /root/airflow-venv/lib/python3.12/site-packages/airflow/example_dags/example_external_task_marker_dag.py took 0.085 seconds
[2024-12-17T04:55:06.797+0000] {processor.py:186} INFO - Started process (PID=434606) to work on /root/airflow-venv/lib/python3.12/site-packages/airflow/example_dags/example_external_task_marker_dag.py
[2024-12-17T04:55:06.798+0000] {processor.py:914} INFO - Processing file /root/airflow-venv/lib/python3.12/site-packages/airflow/example_dags/example_external_task_marker_dag.py for tasks to queue
[2024-12-17T04:55:06.801+0000] {logging_mixin.py:190} INFO - [2024-12-17T04:55:06.800+0000] {dagbag.py:588} INFO - Filling up the DagBag from /root/airflow-venv/lib/python3.12/site-packages/airflow/example_dags/example_external_task_marker_dag.py
[2024-12-17T04:55:06.812+0000] {processor.py:925} INFO - DAG(s) 'example_external_task_marker_parent', 'example_external_task_marker_child' retrieved from /root/airflow-venv/lib/python3.12/site-packages/airflow/example_dags/example_external_task_marker_dag.py
[2024-12-17T04:55:06.839+0000] {logging_mixin.py:190} INFO - [2024-12-17T04:55:06.839+0000] {dag.py:3239} INFO - Sync 2 DAGs
[2024-12-17T04:55:06.855+0000] {logging_mixin.py:190} INFO - [2024-12-17T04:55:06.855+0000] {dag.py:4180} INFO - Setting next_dagrun for example_external_task_marker_child to None, run_after=None
[2024-12-17T04:55:06.858+0000] {logging_mixin.py:190} INFO - [2024-12-17T04:55:06.858+0000] {dag.py:4180} INFO - Setting next_dagrun for example_external_task_marker_parent to None, run_after=None
[2024-12-17T04:55:06.881+0000] {processor.py:208} INFO - Processing /root/airflow-venv/lib/python3.12/site-packages/airflow/example_dags/example_external_task_marker_dag.py took 0.092 seconds
[2024-12-17T04:56:06.101+0000] {processor.py:186} INFO - Started process (PID=434668) to work on /root/airflow-venv/lib/python3.12/site-packages/airflow/example_dags/example_external_task_marker_dag.py
[2024-12-17T04:56:06.103+0000] {processor.py:914} INFO - Processing file /root/airflow-venv/lib/python3.12/site-packages/airflow/example_dags/example_external_task_marker_dag.py for tasks to queue
[2024-12-17T04:56:06.105+0000] {logging_mixin.py:190} INFO - [2024-12-17T04:56:06.105+0000] {dagbag.py:588} INFO - Filling up the DagBag from /root/airflow-venv/lib/python3.12/site-packages/airflow/example_dags/example_external_task_marker_dag.py
[2024-12-17T04:56:06.116+0000] {processor.py:925} INFO - DAG(s) 'example_external_task_marker_parent', 'example_external_task_marker_child' retrieved from /root/airflow-venv/lib/python3.12/site-packages/airflow/example_dags/example_external_task_marker_dag.py
[2024-12-17T04:56:06.138+0000] {logging_mixin.py:190} INFO - [2024-12-17T04:56:06.138+0000] {dag.py:3239} INFO - Sync 2 DAGs
[2024-12-17T04:56:06.153+0000] {logging_mixin.py:190} INFO - [2024-12-17T04:56:06.152+0000] {dag.py:4180} INFO - Setting next_dagrun for example_external_task_marker_child to None, run_after=None
[2024-12-17T04:56:06.156+0000] {logging_mixin.py:190} INFO - [2024-12-17T04:56:06.156+0000] {dag.py:4180} INFO - Setting next_dagrun for example_external_task_marker_parent to None, run_after=None
[2024-12-17T04:56:06.178+0000] {processor.py:208} INFO - Processing /root/airflow-venv/lib/python3.12/site-packages/airflow/example_dags/example_external_task_marker_dag.py took 0.085 seconds
[2024-12-17T04:57:02.459+0000] {processor.py:186} INFO - Started process (PID=434729) to work on /root/airflow-venv/lib/python3.12/site-packages/airflow/example_dags/example_external_task_marker_dag.py
[2024-12-17T04:57:02.460+0000] {processor.py:914} INFO - Processing file /root/airflow-venv/lib/python3.12/site-packages/airflow/example_dags/example_external_task_marker_dag.py for tasks to queue
[2024-12-17T04:57:02.463+0000] {logging_mixin.py:190} INFO - [2024-12-17T04:57:02.463+0000] {dagbag.py:588} INFO - Filling up the DagBag from /root/airflow-venv/lib/python3.12/site-packages/airflow/example_dags/example_external_task_marker_dag.py
[2024-12-17T04:57:02.476+0000] {processor.py:925} INFO - DAG(s) 'example_external_task_marker_child', 'example_external_task_marker_parent' retrieved from /root/airflow-venv/lib/python3.12/site-packages/airflow/example_dags/example_external_task_marker_dag.py
[2024-12-17T04:57:02.501+0000] {logging_mixin.py:190} INFO - [2024-12-17T04:57:02.500+0000] {dag.py:3239} INFO - Sync 2 DAGs
[2024-12-17T04:57:02.517+0000] {logging_mixin.py:190} INFO - [2024-12-17T04:57:02.516+0000] {dag.py:4180} INFO - Setting next_dagrun for example_external_task_marker_child to None, run_after=None
[2024-12-17T04:57:02.521+0000] {logging_mixin.py:190} INFO - [2024-12-17T04:57:02.521+0000] {dag.py:4180} INFO - Setting next_dagrun for example_external_task_marker_parent to None, run_after=None
[2024-12-17T04:57:02.544+0000] {processor.py:208} INFO - Processing /root/airflow-venv/lib/python3.12/site-packages/airflow/example_dags/example_external_task_marker_dag.py took 0.095 seconds
