[2024-12-17T04:43:05.846+0000] {processor.py:186} INFO - Started process (PID=434280) to work on /root/airflow-venv/lib/python3.12/site-packages/airflow/example_dags/example_inlet_event_extra.py
[2024-12-17T04:43:05.848+0000] {processor.py:914} INFO - Processing file /root/airflow-venv/lib/python3.12/site-packages/airflow/example_dags/example_inlet_event_extra.py for tasks to queue
[2024-12-17T04:43:05.851+0000] {logging_mixin.py:190} INFO - [2024-12-17T04:43:05.850+0000] {dagbag.py:588} INFO - Filling up the DagBag from /root/airflow-venv/lib/python3.12/site-packages/airflow/example_dags/example_inlet_event_extra.py
[2024-12-17T04:43:05.869+0000] {processor.py:925} INFO - DAG(s) 'read_dataset_event', 'read_dataset_event_from_classic' retrieved from /root/airflow-venv/lib/python3.12/site-packages/airflow/example_dags/example_inlet_event_extra.py
[2024-12-17T04:43:05.892+0000] {logging_mixin.py:190} INFO - [2024-12-17T04:43:05.892+0000] {dag.py:3239} INFO - Sync 2 DAGs
[2024-12-17T04:43:05.916+0000] {logging_mixin.py:190} INFO - [2024-12-17T04:43:05.916+0000] {dag.py:4180} INFO - Setting next_dagrun for read_dataset_event to 2024-12-16 00:00:00+00:00, run_after=2024-12-17 00:00:00+00:00
[2024-12-17T04:43:05.921+0000] {logging_mixin.py:190} INFO - [2024-12-17T04:43:05.921+0000] {dag.py:4180} INFO - Setting next_dagrun for read_dataset_event_from_classic to 2024-12-16 00:00:00+00:00, run_after=2024-12-17 00:00:00+00:00
[2024-12-17T04:43:05.942+0000] {processor.py:208} INFO - Processing /root/airflow-venv/lib/python3.12/site-packages/airflow/example_dags/example_inlet_event_extra.py took 0.103 seconds
[2024-12-17T04:45:17.895+0000] {processor.py:186} INFO - Started process (PID=434385) to work on /root/airflow-venv/lib/python3.12/site-packages/airflow/example_dags/example_inlet_event_extra.py
[2024-12-17T04:45:17.897+0000] {processor.py:914} INFO - Processing file /root/airflow-venv/lib/python3.12/site-packages/airflow/example_dags/example_inlet_event_extra.py for tasks to queue
[2024-12-17T04:45:17.901+0000] {logging_mixin.py:190} INFO - [2024-12-17T04:45:17.900+0000] {dagbag.py:588} INFO - Filling up the DagBag from /root/airflow-venv/lib/python3.12/site-packages/airflow/example_dags/example_inlet_event_extra.py
[2024-12-17T04:45:17.922+0000] {processor.py:925} INFO - DAG(s) 'read_dataset_event_from_classic', 'read_dataset_event' retrieved from /root/airflow-venv/lib/python3.12/site-packages/airflow/example_dags/example_inlet_event_extra.py
[2024-12-17T04:45:17.950+0000] {logging_mixin.py:190} INFO - [2024-12-17T04:45:17.950+0000] {dag.py:3239} INFO - Sync 2 DAGs
[2024-12-17T04:45:17.977+0000] {logging_mixin.py:190} INFO - [2024-12-17T04:45:17.977+0000] {dag.py:4180} INFO - Setting next_dagrun for read_dataset_event to 2024-12-16 00:00:00+00:00, run_after=2024-12-17 00:00:00+00:00
[2024-12-17T04:45:17.981+0000] {logging_mixin.py:190} INFO - [2024-12-17T04:45:17.981+0000] {dag.py:4180} INFO - Setting next_dagrun for read_dataset_event_from_classic to 2024-12-16 00:00:00+00:00, run_after=2024-12-17 00:00:00+00:00
[2024-12-17T04:45:18.000+0000] {processor.py:208} INFO - Processing /root/airflow-venv/lib/python3.12/site-packages/airflow/example_dags/example_inlet_event_extra.py took 0.112 seconds
[2024-12-17T04:46:12.998+0000] {processor.py:186} INFO - Started process (PID=434447) to work on /root/airflow-venv/lib/python3.12/site-packages/airflow/example_dags/example_inlet_event_extra.py
[2024-12-17T04:46:13.000+0000] {processor.py:914} INFO - Processing file /root/airflow-venv/lib/python3.12/site-packages/airflow/example_dags/example_inlet_event_extra.py for tasks to queue
[2024-12-17T04:46:13.002+0000] {logging_mixin.py:190} INFO - [2024-12-17T04:46:13.002+0000] {dagbag.py:588} INFO - Filling up the DagBag from /root/airflow-venv/lib/python3.12/site-packages/airflow/example_dags/example_inlet_event_extra.py
[2024-12-17T04:46:13.017+0000] {processor.py:925} INFO - DAG(s) 'read_dataset_event_from_classic', 'read_dataset_event' retrieved from /root/airflow-venv/lib/python3.12/site-packages/airflow/example_dags/example_inlet_event_extra.py
[2024-12-17T04:46:13.041+0000] {logging_mixin.py:190} INFO - [2024-12-17T04:46:13.041+0000] {dag.py:3239} INFO - Sync 2 DAGs
[2024-12-17T04:46:13.066+0000] {logging_mixin.py:190} INFO - [2024-12-17T04:46:13.066+0000] {dag.py:4180} INFO - Setting next_dagrun for read_dataset_event to 2024-12-16 00:00:00+00:00, run_after=2024-12-17 00:00:00+00:00
[2024-12-17T04:46:13.071+0000] {logging_mixin.py:190} INFO - [2024-12-17T04:46:13.071+0000] {dag.py:4180} INFO - Setting next_dagrun for read_dataset_event_from_classic to 2024-12-16 00:00:00+00:00, run_after=2024-12-17 00:00:00+00:00
[2024-12-17T04:46:13.092+0000] {processor.py:208} INFO - Processing /root/airflow-venv/lib/python3.12/site-packages/airflow/example_dags/example_inlet_event_extra.py took 0.100 seconds
[2024-12-17T04:55:07.958+0000] {processor.py:186} INFO - Started process (PID=434607) to work on /root/airflow-venv/lib/python3.12/site-packages/airflow/example_dags/example_inlet_event_extra.py
[2024-12-17T04:55:07.959+0000] {processor.py:914} INFO - Processing file /root/airflow-venv/lib/python3.12/site-packages/airflow/example_dags/example_inlet_event_extra.py for tasks to queue
[2024-12-17T04:55:07.962+0000] {logging_mixin.py:190} INFO - [2024-12-17T04:55:07.961+0000] {dagbag.py:588} INFO - Filling up the DagBag from /root/airflow-venv/lib/python3.12/site-packages/airflow/example_dags/example_inlet_event_extra.py
[2024-12-17T04:55:07.978+0000] {processor.py:925} INFO - DAG(s) 'read_dataset_event', 'read_dataset_event_from_classic' retrieved from /root/airflow-venv/lib/python3.12/site-packages/airflow/example_dags/example_inlet_event_extra.py
[2024-12-17T04:55:08.001+0000] {logging_mixin.py:190} INFO - [2024-12-17T04:55:08.001+0000] {dag.py:3239} INFO - Sync 2 DAGs
[2024-12-17T04:55:08.025+0000] {logging_mixin.py:190} INFO - [2024-12-17T04:55:08.025+0000] {dag.py:4180} INFO - Setting next_dagrun for read_dataset_event to 2024-12-16 00:00:00+00:00, run_after=2024-12-17 00:00:00+00:00
[2024-12-17T04:55:08.030+0000] {logging_mixin.py:190} INFO - [2024-12-17T04:55:08.030+0000] {dag.py:4180} INFO - Setting next_dagrun for read_dataset_event_from_classic to 2024-12-16 00:00:00+00:00, run_after=2024-12-17 00:00:00+00:00
[2024-12-17T04:55:08.052+0000] {processor.py:208} INFO - Processing /root/airflow-venv/lib/python3.12/site-packages/airflow/example_dags/example_inlet_event_extra.py took 0.100 seconds
[2024-12-17T04:56:07.247+0000] {processor.py:186} INFO - Started process (PID=434669) to work on /root/airflow-venv/lib/python3.12/site-packages/airflow/example_dags/example_inlet_event_extra.py
[2024-12-17T04:56:07.248+0000] {processor.py:914} INFO - Processing file /root/airflow-venv/lib/python3.12/site-packages/airflow/example_dags/example_inlet_event_extra.py for tasks to queue
[2024-12-17T04:56:07.250+0000] {logging_mixin.py:190} INFO - [2024-12-17T04:56:07.250+0000] {dagbag.py:588} INFO - Filling up the DagBag from /root/airflow-venv/lib/python3.12/site-packages/airflow/example_dags/example_inlet_event_extra.py
[2024-12-17T04:56:07.266+0000] {processor.py:925} INFO - DAG(s) 'read_dataset_event_from_classic', 'read_dataset_event' retrieved from /root/airflow-venv/lib/python3.12/site-packages/airflow/example_dags/example_inlet_event_extra.py
[2024-12-17T04:56:07.287+0000] {logging_mixin.py:190} INFO - [2024-12-17T04:56:07.287+0000] {dag.py:3239} INFO - Sync 2 DAGs
[2024-12-17T04:56:07.311+0000] {logging_mixin.py:190} INFO - [2024-12-17T04:56:07.310+0000] {dag.py:4180} INFO - Setting next_dagrun for read_dataset_event to 2024-12-16 00:00:00+00:00, run_after=2024-12-17 00:00:00+00:00
[2024-12-17T04:56:07.315+0000] {logging_mixin.py:190} INFO - [2024-12-17T04:56:07.315+0000] {dag.py:4180} INFO - Setting next_dagrun for read_dataset_event_from_classic to 2024-12-16 00:00:00+00:00, run_after=2024-12-17 00:00:00+00:00
[2024-12-17T04:56:07.335+0000] {processor.py:208} INFO - Processing /root/airflow-venv/lib/python3.12/site-packages/airflow/example_dags/example_inlet_event_extra.py took 0.096 seconds
[2024-12-17T04:57:02.669+0000] {processor.py:186} INFO - Started process (PID=434730) to work on /root/airflow-venv/lib/python3.12/site-packages/airflow/example_dags/example_inlet_event_extra.py
[2024-12-17T04:57:02.671+0000] {processor.py:914} INFO - Processing file /root/airflow-venv/lib/python3.12/site-packages/airflow/example_dags/example_inlet_event_extra.py for tasks to queue
[2024-12-17T04:57:02.676+0000] {logging_mixin.py:190} INFO - [2024-12-17T04:57:02.675+0000] {dagbag.py:588} INFO - Filling up the DagBag from /root/airflow-venv/lib/python3.12/site-packages/airflow/example_dags/example_inlet_event_extra.py
[2024-12-17T04:57:02.699+0000] {processor.py:925} INFO - DAG(s) 'read_dataset_event', 'read_dataset_event_from_classic' retrieved from /root/airflow-venv/lib/python3.12/site-packages/airflow/example_dags/example_inlet_event_extra.py
[2024-12-17T04:57:02.729+0000] {logging_mixin.py:190} INFO - [2024-12-17T04:57:02.729+0000] {dag.py:3239} INFO - Sync 2 DAGs
[2024-12-17T04:57:02.763+0000] {logging_mixin.py:190} INFO - [2024-12-17T04:57:02.763+0000] {dag.py:4180} INFO - Setting next_dagrun for read_dataset_event to 2024-12-16 00:00:00+00:00, run_after=2024-12-17 00:00:00+00:00
[2024-12-17T04:57:02.770+0000] {logging_mixin.py:190} INFO - [2024-12-17T04:57:02.770+0000] {dag.py:4180} INFO - Setting next_dagrun for read_dataset_event_from_classic to 2024-12-16 00:00:00+00:00, run_after=2024-12-17 00:00:00+00:00
[2024-12-17T04:57:02.804+0000] {processor.py:208} INFO - Processing /root/airflow-venv/lib/python3.12/site-packages/airflow/example_dags/example_inlet_event_extra.py took 0.142 seconds
