[2024-12-17T04:43:12.251+0000] {processor.py:186} INFO - Started process (PID=434286) to work on /root/airflow-venv/lib/python3.12/site-packages/airflow/example_dags/example_dynamic_task_mapping_with_no_taskflow_operators.py
[2024-12-17T04:43:12.253+0000] {processor.py:914} INFO - Processing file /root/airflow-venv/lib/python3.12/site-packages/airflow/example_dags/example_dynamic_task_mapping_with_no_taskflow_operators.py for tasks to queue
[2024-12-17T04:43:12.256+0000] {logging_mixin.py:190} INFO - [2024-12-17T04:43:12.256+0000] {dagbag.py:588} INFO - Filling up the DagBag from /root/airflow-venv/lib/python3.12/site-packages/airflow/example_dags/example_dynamic_task_mapping_with_no_taskflow_operators.py
[2024-12-17T04:43:12.273+0000] {processor.py:925} INFO - DAG(s) 'example_dynamic_task_mapping_with_no_taskflow_operators' retrieved from /root/airflow-venv/lib/python3.12/site-packages/airflow/example_dags/example_dynamic_task_mapping_with_no_taskflow_operators.py
[2024-12-17T04:43:12.300+0000] {logging_mixin.py:190} INFO - [2024-12-17T04:43:12.300+0000] {dag.py:3239} INFO - Sync 1 DAGs
[2024-12-17T04:43:12.320+0000] {logging_mixin.py:190} INFO - [2024-12-17T04:43:12.320+0000] {dag.py:4180} INFO - Setting next_dagrun for example_dynamic_task_mapping_with_no_taskflow_operators to None, run_after=None
[2024-12-17T04:43:12.343+0000] {processor.py:208} INFO - Processing /root/airflow-venv/lib/python3.12/site-packages/airflow/example_dags/example_dynamic_task_mapping_with_no_taskflow_operators.py took 0.100 seconds
[2024-12-17T04:45:24.308+0000] {processor.py:186} INFO - Started process (PID=434391) to work on /root/airflow-venv/lib/python3.12/site-packages/airflow/example_dags/example_dynamic_task_mapping_with_no_taskflow_operators.py
[2024-12-17T04:45:24.310+0000] {processor.py:914} INFO - Processing file /root/airflow-venv/lib/python3.12/site-packages/airflow/example_dags/example_dynamic_task_mapping_with_no_taskflow_operators.py for tasks to queue
[2024-12-17T04:45:24.312+0000] {logging_mixin.py:190} INFO - [2024-12-17T04:45:24.312+0000] {dagbag.py:588} INFO - Filling up the DagBag from /root/airflow-venv/lib/python3.12/site-packages/airflow/example_dags/example_dynamic_task_mapping_with_no_taskflow_operators.py
[2024-12-17T04:45:24.323+0000] {processor.py:925} INFO - DAG(s) 'example_dynamic_task_mapping_with_no_taskflow_operators' retrieved from /root/airflow-venv/lib/python3.12/site-packages/airflow/example_dags/example_dynamic_task_mapping_with_no_taskflow_operators.py
[2024-12-17T04:45:24.339+0000] {logging_mixin.py:190} INFO - [2024-12-17T04:45:24.339+0000] {dag.py:3239} INFO - Sync 1 DAGs
[2024-12-17T04:45:24.351+0000] {logging_mixin.py:190} INFO - [2024-12-17T04:45:24.351+0000] {dag.py:4180} INFO - Setting next_dagrun for example_dynamic_task_mapping_with_no_taskflow_operators to None, run_after=None
[2024-12-17T04:45:24.368+0000] {processor.py:208} INFO - Processing /root/airflow-venv/lib/python3.12/site-packages/airflow/example_dags/example_dynamic_task_mapping_with_no_taskflow_operators.py took 0.066 seconds
[2024-12-17T04:55:14.482+0000] {processor.py:186} INFO - Started process (PID=434613) to work on /root/airflow-venv/lib/python3.12/site-packages/airflow/example_dags/example_dynamic_task_mapping_with_no_taskflow_operators.py
[2024-12-17T04:55:14.484+0000] {processor.py:914} INFO - Processing file /root/airflow-venv/lib/python3.12/site-packages/airflow/example_dags/example_dynamic_task_mapping_with_no_taskflow_operators.py for tasks to queue
[2024-12-17T04:55:14.488+0000] {logging_mixin.py:190} INFO - [2024-12-17T04:55:14.487+0000] {dagbag.py:588} INFO - Filling up the DagBag from /root/airflow-venv/lib/python3.12/site-packages/airflow/example_dags/example_dynamic_task_mapping_with_no_taskflow_operators.py
[2024-12-17T04:55:14.505+0000] {processor.py:925} INFO - DAG(s) 'example_dynamic_task_mapping_with_no_taskflow_operators' retrieved from /root/airflow-venv/lib/python3.12/site-packages/airflow/example_dags/example_dynamic_task_mapping_with_no_taskflow_operators.py
[2024-12-17T04:55:14.533+0000] {logging_mixin.py:190} INFO - [2024-12-17T04:55:14.533+0000] {dag.py:3239} INFO - Sync 1 DAGs
[2024-12-17T04:55:14.556+0000] {logging_mixin.py:190} INFO - [2024-12-17T04:55:14.555+0000] {dag.py:4180} INFO - Setting next_dagrun for example_dynamic_task_mapping_with_no_taskflow_operators to None, run_after=None
[2024-12-17T04:55:14.592+0000] {processor.py:208} INFO - Processing /root/airflow-venv/lib/python3.12/site-packages/airflow/example_dags/example_dynamic_task_mapping_with_no_taskflow_operators.py took 0.119 seconds
[2024-12-17T04:56:13.070+0000] {processor.py:186} INFO - Started process (PID=434675) to work on /root/airflow-venv/lib/python3.12/site-packages/airflow/example_dags/example_dynamic_task_mapping_with_no_taskflow_operators.py
[2024-12-17T04:56:13.072+0000] {processor.py:914} INFO - Processing file /root/airflow-venv/lib/python3.12/site-packages/airflow/example_dags/example_dynamic_task_mapping_with_no_taskflow_operators.py for tasks to queue
[2024-12-17T04:56:13.074+0000] {logging_mixin.py:190} INFO - [2024-12-17T04:56:13.074+0000] {dagbag.py:588} INFO - Filling up the DagBag from /root/airflow-venv/lib/python3.12/site-packages/airflow/example_dags/example_dynamic_task_mapping_with_no_taskflow_operators.py
[2024-12-17T04:56:13.084+0000] {processor.py:925} INFO - DAG(s) 'example_dynamic_task_mapping_with_no_taskflow_operators' retrieved from /root/airflow-venv/lib/python3.12/site-packages/airflow/example_dags/example_dynamic_task_mapping_with_no_taskflow_operators.py
[2024-12-17T04:56:13.104+0000] {logging_mixin.py:190} INFO - [2024-12-17T04:56:13.104+0000] {dag.py:3239} INFO - Sync 1 DAGs
[2024-12-17T04:56:13.118+0000] {logging_mixin.py:190} INFO - [2024-12-17T04:56:13.118+0000] {dag.py:4180} INFO - Setting next_dagrun for example_dynamic_task_mapping_with_no_taskflow_operators to None, run_after=None
[2024-12-17T04:56:13.141+0000] {processor.py:208} INFO - Processing /root/airflow-venv/lib/python3.12/site-packages/airflow/example_dags/example_dynamic_task_mapping_with_no_taskflow_operators.py took 0.078 seconds
[2024-12-17T04:57:09.446+0000] {processor.py:186} INFO - Started process (PID=434737) to work on /root/airflow-venv/lib/python3.12/site-packages/airflow/example_dags/example_dynamic_task_mapping_with_no_taskflow_operators.py
[2024-12-17T04:57:09.447+0000] {processor.py:914} INFO - Processing file /root/airflow-venv/lib/python3.12/site-packages/airflow/example_dags/example_dynamic_task_mapping_with_no_taskflow_operators.py for tasks to queue
[2024-12-17T04:57:09.450+0000] {logging_mixin.py:190} INFO - [2024-12-17T04:57:09.450+0000] {dagbag.py:588} INFO - Filling up the DagBag from /root/airflow-venv/lib/python3.12/site-packages/airflow/example_dags/example_dynamic_task_mapping_with_no_taskflow_operators.py
[2024-12-17T04:57:09.461+0000] {processor.py:925} INFO - DAG(s) 'example_dynamic_task_mapping_with_no_taskflow_operators' retrieved from /root/airflow-venv/lib/python3.12/site-packages/airflow/example_dags/example_dynamic_task_mapping_with_no_taskflow_operators.py
[2024-12-17T04:57:09.478+0000] {logging_mixin.py:190} INFO - [2024-12-17T04:57:09.478+0000] {dag.py:3239} INFO - Sync 1 DAGs
[2024-12-17T04:57:09.496+0000] {logging_mixin.py:190} INFO - [2024-12-17T04:57:09.495+0000] {dag.py:4180} INFO - Setting next_dagrun for example_dynamic_task_mapping_with_no_taskflow_operators to None, run_after=None
[2024-12-17T04:57:09.518+0000] {processor.py:208} INFO - Processing /root/airflow-venv/lib/python3.12/site-packages/airflow/example_dags/example_dynamic_task_mapping_with_no_taskflow_operators.py took 0.078 seconds
