[2024-12-17T04:43:09.051+0000] {processor.py:186} INFO - Started process (PID=434283) to work on /root/airflow-venv/lib/python3.12/site-packages/airflow/example_dags/example_latest_only.py
[2024-12-17T04:43:09.052+0000] {processor.py:914} INFO - Processing file /root/airflow-venv/lib/python3.12/site-packages/airflow/example_dags/example_latest_only.py for tasks to queue
[2024-12-17T04:43:09.054+0000] {logging_mixin.py:190} INFO - [2024-12-17T04:43:09.054+0000] {dagbag.py:588} INFO - Filling up the DagBag from /root/airflow-venv/lib/python3.12/site-packages/airflow/example_dags/example_latest_only.py
[2024-12-17T04:43:09.066+0000] {processor.py:925} INFO - DAG(s) 'latest_only' retrieved from /root/airflow-venv/lib/python3.12/site-packages/airflow/example_dags/example_latest_only.py
[2024-12-17T04:43:09.087+0000] {logging_mixin.py:190} INFO - [2024-12-17T04:43:09.087+0000] {dag.py:3239} INFO - Sync 1 DAGs
[2024-12-17T04:43:09.116+0000] {logging_mixin.py:190} INFO - [2024-12-17T04:43:09.116+0000] {dag.py:4180} INFO - Setting next_dagrun for latest_only to 2024-12-17 00:00:00+00:00, run_after=2024-12-17 04:00:00+00:00
[2024-12-17T04:43:09.138+0000] {processor.py:208} INFO - Processing /root/airflow-venv/lib/python3.12/site-packages/airflow/example_dags/example_latest_only.py took 0.095 seconds
[2024-12-17T04:45:21.437+0000] {processor.py:186} INFO - Started process (PID=434388) to work on /root/airflow-venv/lib/python3.12/site-packages/airflow/example_dags/example_latest_only.py
[2024-12-17T04:45:21.439+0000] {processor.py:914} INFO - Processing file /root/airflow-venv/lib/python3.12/site-packages/airflow/example_dags/example_latest_only.py for tasks to queue
[2024-12-17T04:45:21.441+0000] {logging_mixin.py:190} INFO - [2024-12-17T04:45:21.441+0000] {dagbag.py:588} INFO - Filling up the DagBag from /root/airflow-venv/lib/python3.12/site-packages/airflow/example_dags/example_latest_only.py
[2024-12-17T04:45:21.451+0000] {processor.py:925} INFO - DAG(s) 'latest_only' retrieved from /root/airflow-venv/lib/python3.12/site-packages/airflow/example_dags/example_latest_only.py
[2024-12-17T04:45:21.468+0000] {logging_mixin.py:190} INFO - [2024-12-17T04:45:21.468+0000] {dag.py:3239} INFO - Sync 1 DAGs
[2024-12-17T04:45:21.487+0000] {logging_mixin.py:190} INFO - [2024-12-17T04:45:21.487+0000] {dag.py:4180} INFO - Setting next_dagrun for latest_only to 2024-12-17 00:00:00+00:00, run_after=2024-12-17 04:00:00+00:00
[2024-12-17T04:45:21.509+0000] {processor.py:208} INFO - Processing /root/airflow-venv/lib/python3.12/site-packages/airflow/example_dags/example_latest_only.py took 0.078 seconds
[2024-12-17T04:46:16.272+0000] {processor.py:186} INFO - Started process (PID=434452) to work on /root/airflow-venv/lib/python3.12/site-packages/airflow/example_dags/example_latest_only.py
[2024-12-17T04:46:16.273+0000] {processor.py:914} INFO - Processing file /root/airflow-venv/lib/python3.12/site-packages/airflow/example_dags/example_latest_only.py for tasks to queue
[2024-12-17T04:46:16.275+0000] {logging_mixin.py:190} INFO - [2024-12-17T04:46:16.275+0000] {dagbag.py:588} INFO - Filling up the DagBag from /root/airflow-venv/lib/python3.12/site-packages/airflow/example_dags/example_latest_only.py
[2024-12-17T04:46:16.284+0000] {processor.py:925} INFO - DAG(s) 'latest_only' retrieved from /root/airflow-venv/lib/python3.12/site-packages/airflow/example_dags/example_latest_only.py
[2024-12-17T04:46:16.304+0000] {logging_mixin.py:190} INFO - [2024-12-17T04:46:16.303+0000] {dag.py:3239} INFO - Sync 1 DAGs
[2024-12-17T04:46:16.326+0000] {logging_mixin.py:190} INFO - [2024-12-17T04:46:16.325+0000] {dag.py:4180} INFO - Setting next_dagrun for latest_only to 2024-12-17 00:00:00+00:00, run_after=2024-12-17 04:00:00+00:00
[2024-12-17T04:46:16.350+0000] {processor.py:208} INFO - Processing /root/airflow-venv/lib/python3.12/site-packages/airflow/example_dags/example_latest_only.py took 0.085 seconds
[2024-12-17T04:55:11.056+0000] {processor.py:186} INFO - Started process (PID=434610) to work on /root/airflow-venv/lib/python3.12/site-packages/airflow/example_dags/example_latest_only.py
[2024-12-17T04:55:11.058+0000] {processor.py:914} INFO - Processing file /root/airflow-venv/lib/python3.12/site-packages/airflow/example_dags/example_latest_only.py for tasks to queue
[2024-12-17T04:55:11.060+0000] {logging_mixin.py:190} INFO - [2024-12-17T04:55:11.060+0000] {dagbag.py:588} INFO - Filling up the DagBag from /root/airflow-venv/lib/python3.12/site-packages/airflow/example_dags/example_latest_only.py
[2024-12-17T04:55:11.071+0000] {processor.py:925} INFO - DAG(s) 'latest_only' retrieved from /root/airflow-venv/lib/python3.12/site-packages/airflow/example_dags/example_latest_only.py
[2024-12-17T04:55:11.089+0000] {logging_mixin.py:190} INFO - [2024-12-17T04:55:11.088+0000] {dag.py:3239} INFO - Sync 1 DAGs
[2024-12-17T04:55:11.115+0000] {logging_mixin.py:190} INFO - [2024-12-17T04:55:11.114+0000] {dag.py:4180} INFO - Setting next_dagrun for latest_only to 2024-12-17 00:00:00+00:00, run_after=2024-12-17 04:00:00+00:00
[2024-12-17T04:55:11.140+0000] {processor.py:208} INFO - Processing /root/airflow-venv/lib/python3.12/site-packages/airflow/example_dags/example_latest_only.py took 0.092 seconds
[2024-12-17T04:56:10.113+0000] {processor.py:186} INFO - Started process (PID=434672) to work on /root/airflow-venv/lib/python3.12/site-packages/airflow/example_dags/example_latest_only.py
[2024-12-17T04:56:10.115+0000] {processor.py:914} INFO - Processing file /root/airflow-venv/lib/python3.12/site-packages/airflow/example_dags/example_latest_only.py for tasks to queue
[2024-12-17T04:56:10.118+0000] {logging_mixin.py:190} INFO - [2024-12-17T04:56:10.117+0000] {dagbag.py:588} INFO - Filling up the DagBag from /root/airflow-venv/lib/python3.12/site-packages/airflow/example_dags/example_latest_only.py
[2024-12-17T04:56:10.128+0000] {processor.py:925} INFO - DAG(s) 'latest_only' retrieved from /root/airflow-venv/lib/python3.12/site-packages/airflow/example_dags/example_latest_only.py
[2024-12-17T04:56:10.148+0000] {logging_mixin.py:190} INFO - [2024-12-17T04:56:10.148+0000] {dag.py:3239} INFO - Sync 1 DAGs
[2024-12-17T04:56:10.175+0000] {logging_mixin.py:190} INFO - [2024-12-17T04:56:10.175+0000] {dag.py:4180} INFO - Setting next_dagrun for latest_only to 2024-12-17 00:00:00+00:00, run_after=2024-12-17 04:00:00+00:00
[2024-12-17T04:56:10.198+0000] {processor.py:208} INFO - Processing /root/airflow-venv/lib/python3.12/site-packages/airflow/example_dags/example_latest_only.py took 0.095 seconds
[2024-12-17T04:57:05.680+0000] {processor.py:186} INFO - Started process (PID=434733) to work on /root/airflow-venv/lib/python3.12/site-packages/airflow/example_dags/example_latest_only.py
[2024-12-17T04:57:05.681+0000] {processor.py:914} INFO - Processing file /root/airflow-venv/lib/python3.12/site-packages/airflow/example_dags/example_latest_only.py for tasks to queue
[2024-12-17T04:57:05.684+0000] {logging_mixin.py:190} INFO - [2024-12-17T04:57:05.683+0000] {dagbag.py:588} INFO - Filling up the DagBag from /root/airflow-venv/lib/python3.12/site-packages/airflow/example_dags/example_latest_only.py
[2024-12-17T04:57:05.696+0000] {processor.py:925} INFO - DAG(s) 'latest_only' retrieved from /root/airflow-venv/lib/python3.12/site-packages/airflow/example_dags/example_latest_only.py
[2024-12-17T04:57:05.720+0000] {logging_mixin.py:190} INFO - [2024-12-17T04:57:05.720+0000] {dag.py:3239} INFO - Sync 1 DAGs
[2024-12-17T04:57:05.744+0000] {logging_mixin.py:190} INFO - [2024-12-17T04:57:05.744+0000] {dag.py:4180} INFO - Setting next_dagrun for latest_only to 2024-12-17 00:00:00+00:00, run_after=2024-12-17 04:00:00+00:00
[2024-12-17T04:57:05.770+0000] {processor.py:208} INFO - Processing /root/airflow-venv/lib/python3.12/site-packages/airflow/example_dags/example_latest_only.py took 0.099 seconds
