[2024-12-17T04:43:20.355+0000] {processor.py:186} INFO - Started process (PID=434295) to work on /root/airflow-venv/lib/python3.12/site-packages/airflow/example_dags/example_branch_labels.py
[2024-12-17T04:43:20.356+0000] {processor.py:914} INFO - Processing file /root/airflow-venv/lib/python3.12/site-packages/airflow/example_dags/example_branch_labels.py for tasks to queue
[2024-12-17T04:43:20.358+0000] {logging_mixin.py:190} INFO - [2024-12-17T04:43:20.357+0000] {dagbag.py:588} INFO - Filling up the DagBag from /root/airflow-venv/lib/python3.12/site-packages/airflow/example_dags/example_branch_labels.py
[2024-12-17T04:43:20.368+0000] {processor.py:925} INFO - DAG(s) 'example_branch_labels' retrieved from /root/airflow-venv/lib/python3.12/site-packages/airflow/example_dags/example_branch_labels.py
[2024-12-17T04:43:20.386+0000] {logging_mixin.py:190} INFO - [2024-12-17T04:43:20.386+0000] {dag.py:3239} INFO - Sync 1 DAGs
[2024-12-17T04:43:20.405+0000] {logging_mixin.py:190} INFO - [2024-12-17T04:43:20.405+0000] {dag.py:4180} INFO - Setting next_dagrun for example_branch_labels to 2024-12-16 00:00:00+00:00, run_after=2024-12-17 00:00:00+00:00
[2024-12-17T04:43:20.428+0000] {processor.py:208} INFO - Processing /root/airflow-venv/lib/python3.12/site-packages/airflow/example_dags/example_branch_labels.py took 0.079 seconds
[2024-12-17T04:45:32.303+0000] {processor.py:186} INFO - Started process (PID=434400) to work on /root/airflow-venv/lib/python3.12/site-packages/airflow/example_dags/example_branch_labels.py
[2024-12-17T04:45:32.304+0000] {processor.py:914} INFO - Processing file /root/airflow-venv/lib/python3.12/site-packages/airflow/example_dags/example_branch_labels.py for tasks to queue
[2024-12-17T04:45:32.307+0000] {logging_mixin.py:190} INFO - [2024-12-17T04:45:32.307+0000] {dagbag.py:588} INFO - Filling up the DagBag from /root/airflow-venv/lib/python3.12/site-packages/airflow/example_dags/example_branch_labels.py
[2024-12-17T04:45:32.323+0000] {processor.py:925} INFO - DAG(s) 'example_branch_labels' retrieved from /root/airflow-venv/lib/python3.12/site-packages/airflow/example_dags/example_branch_labels.py
[2024-12-17T04:45:32.348+0000] {logging_mixin.py:190} INFO - [2024-12-17T04:45:32.348+0000] {dag.py:3239} INFO - Sync 1 DAGs
[2024-12-17T04:45:32.376+0000] {logging_mixin.py:190} INFO - [2024-12-17T04:45:32.376+0000] {dag.py:4180} INFO - Setting next_dagrun for example_branch_labels to 2024-12-16 00:00:00+00:00, run_after=2024-12-17 00:00:00+00:00
[2024-12-17T04:45:32.402+0000] {processor.py:208} INFO - Processing /root/airflow-venv/lib/python3.12/site-packages/airflow/example_dags/example_branch_labels.py took 0.106 seconds
[2024-12-17T04:55:22.354+0000] {processor.py:186} INFO - Started process (PID=434621) to work on /root/airflow-venv/lib/python3.12/site-packages/airflow/example_dags/example_branch_labels.py
[2024-12-17T04:55:22.355+0000] {processor.py:914} INFO - Processing file /root/airflow-venv/lib/python3.12/site-packages/airflow/example_dags/example_branch_labels.py for tasks to queue
[2024-12-17T04:55:22.358+0000] {logging_mixin.py:190} INFO - [2024-12-17T04:55:22.357+0000] {dagbag.py:588} INFO - Filling up the DagBag from /root/airflow-venv/lib/python3.12/site-packages/airflow/example_dags/example_branch_labels.py
[2024-12-17T04:55:22.370+0000] {processor.py:925} INFO - DAG(s) 'example_branch_labels' retrieved from /root/airflow-venv/lib/python3.12/site-packages/airflow/example_dags/example_branch_labels.py
[2024-12-17T04:55:22.389+0000] {logging_mixin.py:190} INFO - [2024-12-17T04:55:22.389+0000] {dag.py:3239} INFO - Sync 1 DAGs
[2024-12-17T04:55:22.412+0000] {logging_mixin.py:190} INFO - [2024-12-17T04:55:22.411+0000] {dag.py:4180} INFO - Setting next_dagrun for example_branch_labels to 2024-12-16 00:00:00+00:00, run_after=2024-12-17 00:00:00+00:00
[2024-12-17T04:55:22.434+0000] {processor.py:208} INFO - Processing /root/airflow-venv/lib/python3.12/site-packages/airflow/example_dags/example_branch_labels.py took 0.087 seconds
[2024-12-17T04:56:21.687+0000] {processor.py:186} INFO - Started process (PID=434683) to work on /root/airflow-venv/lib/python3.12/site-packages/airflow/example_dags/example_branch_labels.py
[2024-12-17T04:56:21.688+0000] {processor.py:914} INFO - Processing file /root/airflow-venv/lib/python3.12/site-packages/airflow/example_dags/example_branch_labels.py for tasks to queue
[2024-12-17T04:56:21.692+0000] {logging_mixin.py:190} INFO - [2024-12-17T04:56:21.692+0000] {dagbag.py:588} INFO - Filling up the DagBag from /root/airflow-venv/lib/python3.12/site-packages/airflow/example_dags/example_branch_labels.py
[2024-12-17T04:56:21.710+0000] {processor.py:925} INFO - DAG(s) 'example_branch_labels' retrieved from /root/airflow-venv/lib/python3.12/site-packages/airflow/example_dags/example_branch_labels.py
[2024-12-17T04:56:21.737+0000] {logging_mixin.py:190} INFO - [2024-12-17T04:56:21.736+0000] {dag.py:3239} INFO - Sync 1 DAGs
[2024-12-17T04:56:21.763+0000] {logging_mixin.py:190} INFO - [2024-12-17T04:56:21.763+0000] {dag.py:4180} INFO - Setting next_dagrun for example_branch_labels to 2024-12-16 00:00:00+00:00, run_after=2024-12-17 00:00:00+00:00
[2024-12-17T04:56:21.794+0000] {processor.py:208} INFO - Processing /root/airflow-venv/lib/python3.12/site-packages/airflow/example_dags/example_branch_labels.py took 0.117 seconds
[2024-12-17T04:57:17.356+0000] {processor.py:186} INFO - Started process (PID=434746) to work on /root/airflow-venv/lib/python3.12/site-packages/airflow/example_dags/example_branch_labels.py
[2024-12-17T04:57:17.358+0000] {processor.py:914} INFO - Processing file /root/airflow-venv/lib/python3.12/site-packages/airflow/example_dags/example_branch_labels.py for tasks to queue
[2024-12-17T04:57:17.361+0000] {logging_mixin.py:190} INFO - [2024-12-17T04:57:17.361+0000] {dagbag.py:588} INFO - Filling up the DagBag from /root/airflow-venv/lib/python3.12/site-packages/airflow/example_dags/example_branch_labels.py
[2024-12-17T04:57:17.374+0000] {processor.py:925} INFO - DAG(s) 'example_branch_labels' retrieved from /root/airflow-venv/lib/python3.12/site-packages/airflow/example_dags/example_branch_labels.py
[2024-12-17T04:57:17.396+0000] {logging_mixin.py:190} INFO - [2024-12-17T04:57:17.396+0000] {dag.py:3239} INFO - Sync 1 DAGs
[2024-12-17T04:57:17.418+0000] {logging_mixin.py:190} INFO - [2024-12-17T04:57:17.418+0000] {dag.py:4180} INFO - Setting next_dagrun for example_branch_labels to 2024-12-16 00:00:00+00:00, run_after=2024-12-17 00:00:00+00:00
[2024-12-17T04:57:17.441+0000] {processor.py:208} INFO - Processing /root/airflow-venv/lib/python3.12/site-packages/airflow/example_dags/example_branch_labels.py took 0.092 seconds
