[2024-12-17T04:42:38.445+0000] {processor.py:186} INFO - Started process (PID=434250) to work on /root/airflow-venv/lib/python3.12/site-packages/airflow/example_dags/example_xcom.py
[2024-12-17T04:42:38.446+0000] {processor.py:914} INFO - Processing file /root/airflow-venv/lib/python3.12/site-packages/airflow/example_dags/example_xcom.py for tasks to queue
[2024-12-17T04:42:38.448+0000] {logging_mixin.py:190} INFO - [2024-12-17T04:42:38.448+0000] {dagbag.py:588} INFO - Filling up the DagBag from /root/airflow-venv/lib/python3.12/site-packages/airflow/example_dags/example_xcom.py
[2024-12-17T04:42:38.460+0000] {processor.py:925} INFO - DAG(s) 'example_xcom' retrieved from /root/airflow-venv/lib/python3.12/site-packages/airflow/example_dags/example_xcom.py
[2024-12-17T04:42:38.485+0000] {logging_mixin.py:190} INFO - [2024-12-17T04:42:38.485+0000] {dag.py:3239} INFO - Sync 1 DAGs
[2024-12-17T04:42:38.506+0000] {logging_mixin.py:190} INFO - [2024-12-17T04:42:38.506+0000] {dag.py:4180} INFO - Setting next_dagrun for example_xcom to 2021-01-01 00:00:00+00:00, run_after=2021-01-01 00:00:00+00:00
[2024-12-17T04:42:38.530+0000] {processor.py:208} INFO - Processing /root/airflow-venv/lib/python3.12/site-packages/airflow/example_dags/example_xcom.py took 0.091 seconds
[2024-12-17T04:44:51.346+0000] {processor.py:186} INFO - Started process (PID=434354) to work on /root/airflow-venv/lib/python3.12/site-packages/airflow/example_dags/example_xcom.py
[2024-12-17T04:44:51.347+0000] {processor.py:914} INFO - Processing file /root/airflow-venv/lib/python3.12/site-packages/airflow/example_dags/example_xcom.py for tasks to queue
[2024-12-17T04:44:51.350+0000] {logging_mixin.py:190} INFO - [2024-12-17T04:44:51.349+0000] {dagbag.py:588} INFO - Filling up the DagBag from /root/airflow-venv/lib/python3.12/site-packages/airflow/example_dags/example_xcom.py
[2024-12-17T04:44:51.361+0000] {processor.py:925} INFO - DAG(s) 'example_xcom' retrieved from /root/airflow-venv/lib/python3.12/site-packages/airflow/example_dags/example_xcom.py
[2024-12-17T04:44:51.388+0000] {logging_mixin.py:190} INFO - [2024-12-17T04:44:51.387+0000] {dag.py:3239} INFO - Sync 1 DAGs
[2024-12-17T04:44:51.409+0000] {logging_mixin.py:190} INFO - [2024-12-17T04:44:51.408+0000] {dag.py:4180} INFO - Setting next_dagrun for example_xcom to 2021-01-01 00:00:00+00:00, run_after=2021-01-01 00:00:00+00:00
[2024-12-17T04:44:51.431+0000] {processor.py:208} INFO - Processing /root/airflow-venv/lib/python3.12/site-packages/airflow/example_dags/example_xcom.py took 0.092 seconds
[2024-12-17T04:45:46.259+0000] {processor.py:186} INFO - Started process (PID=434415) to work on /root/airflow-venv/lib/python3.12/site-packages/airflow/example_dags/example_xcom.py
[2024-12-17T04:45:46.260+0000] {processor.py:914} INFO - Processing file /root/airflow-venv/lib/python3.12/site-packages/airflow/example_dags/example_xcom.py for tasks to queue
[2024-12-17T04:45:46.263+0000] {logging_mixin.py:190} INFO - [2024-12-17T04:45:46.263+0000] {dagbag.py:588} INFO - Filling up the DagBag from /root/airflow-venv/lib/python3.12/site-packages/airflow/example_dags/example_xcom.py
[2024-12-17T04:45:46.275+0000] {processor.py:925} INFO - DAG(s) 'example_xcom' retrieved from /root/airflow-venv/lib/python3.12/site-packages/airflow/example_dags/example_xcom.py
[2024-12-17T04:45:46.298+0000] {logging_mixin.py:190} INFO - [2024-12-17T04:45:46.297+0000] {dag.py:3239} INFO - Sync 1 DAGs
[2024-12-17T04:45:46.323+0000] {logging_mixin.py:190} INFO - [2024-12-17T04:45:46.323+0000] {dag.py:4180} INFO - Setting next_dagrun for example_xcom to 2021-01-01 00:00:00+00:00, run_after=2021-01-01 00:00:00+00:00
[2024-12-17T04:45:46.351+0000] {processor.py:208} INFO - Processing /root/airflow-venv/lib/python3.12/site-packages/airflow/example_dags/example_xcom.py took 0.099 seconds
[2024-12-17T04:54:40.464+0000] {processor.py:186} INFO - Started process (PID=434573) to work on /root/airflow-venv/lib/python3.12/site-packages/airflow/example_dags/example_xcom.py
[2024-12-17T04:54:40.466+0000] {processor.py:914} INFO - Processing file /root/airflow-venv/lib/python3.12/site-packages/airflow/example_dags/example_xcom.py for tasks to queue
[2024-12-17T04:54:40.469+0000] {logging_mixin.py:190} INFO - [2024-12-17T04:54:40.468+0000] {dagbag.py:588} INFO - Filling up the DagBag from /root/airflow-venv/lib/python3.12/site-packages/airflow/example_dags/example_xcom.py
[2024-12-17T04:54:40.481+0000] {processor.py:925} INFO - DAG(s) 'example_xcom' retrieved from /root/airflow-venv/lib/python3.12/site-packages/airflow/example_dags/example_xcom.py
[2024-12-17T04:54:40.509+0000] {logging_mixin.py:190} INFO - [2024-12-17T04:54:40.509+0000] {dag.py:3239} INFO - Sync 1 DAGs
[2024-12-17T04:54:40.534+0000] {logging_mixin.py:190} INFO - [2024-12-17T04:54:40.533+0000] {dag.py:4180} INFO - Setting next_dagrun for example_xcom to 2021-01-01 00:00:00+00:00, run_after=2021-01-01 00:00:00+00:00
[2024-12-17T04:54:40.557+0000] {processor.py:208} INFO - Processing /root/airflow-venv/lib/python3.12/site-packages/airflow/example_dags/example_xcom.py took 0.101 seconds
[2024-12-17T04:55:37.697+0000] {processor.py:186} INFO - Started process (PID=434639) to work on /root/airflow-venv/lib/python3.12/site-packages/airflow/example_dags/example_xcom.py
[2024-12-17T04:55:37.699+0000] {processor.py:914} INFO - Processing file /root/airflow-venv/lib/python3.12/site-packages/airflow/example_dags/example_xcom.py for tasks to queue
[2024-12-17T04:55:37.702+0000] {logging_mixin.py:190} INFO - [2024-12-17T04:55:37.701+0000] {dagbag.py:588} INFO - Filling up the DagBag from /root/airflow-venv/lib/python3.12/site-packages/airflow/example_dags/example_xcom.py
[2024-12-17T04:55:37.714+0000] {processor.py:925} INFO - DAG(s) 'example_xcom' retrieved from /root/airflow-venv/lib/python3.12/site-packages/airflow/example_dags/example_xcom.py
[2024-12-17T04:55:37.736+0000] {logging_mixin.py:190} INFO - [2024-12-17T04:55:37.736+0000] {dag.py:3239} INFO - Sync 1 DAGs
[2024-12-17T04:55:37.758+0000] {logging_mixin.py:190} INFO - [2024-12-17T04:55:37.757+0000] {dag.py:4180} INFO - Setting next_dagrun for example_xcom to 2021-01-01 00:00:00+00:00, run_after=2021-01-01 00:00:00+00:00
[2024-12-17T04:55:37.787+0000] {processor.py:208} INFO - Processing /root/airflow-venv/lib/python3.12/site-packages/airflow/example_dags/example_xcom.py took 0.098 seconds
[2024-12-17T04:56:35.788+0000] {processor.py:186} INFO - Started process (PID=434698) to work on /root/airflow-venv/lib/python3.12/site-packages/airflow/example_dags/example_xcom.py
[2024-12-17T04:56:35.790+0000] {processor.py:914} INFO - Processing file /root/airflow-venv/lib/python3.12/site-packages/airflow/example_dags/example_xcom.py for tasks to queue
[2024-12-17T04:56:35.794+0000] {logging_mixin.py:190} INFO - [2024-12-17T04:56:35.793+0000] {dagbag.py:588} INFO - Filling up the DagBag from /root/airflow-venv/lib/python3.12/site-packages/airflow/example_dags/example_xcom.py
[2024-12-17T04:56:35.812+0000] {processor.py:925} INFO - DAG(s) 'example_xcom' retrieved from /root/airflow-venv/lib/python3.12/site-packages/airflow/example_dags/example_xcom.py
[2024-12-17T04:56:35.840+0000] {logging_mixin.py:190} INFO - [2024-12-17T04:56:35.839+0000] {dag.py:3239} INFO - Sync 1 DAGs
[2024-12-17T04:56:35.869+0000] {logging_mixin.py:190} INFO - [2024-12-17T04:56:35.869+0000] {dag.py:4180} INFO - Setting next_dagrun for example_xcom to 2021-01-01 00:00:00+00:00, run_after=2021-01-01 00:00:00+00:00
[2024-12-17T04:56:35.893+0000] {processor.py:208} INFO - Processing /root/airflow-venv/lib/python3.12/site-packages/airflow/example_dags/example_xcom.py took 0.113 seconds
[2024-12-17T04:57:30.799+0000] {processor.py:186} INFO - Started process (PID=434759) to work on /root/airflow-venv/lib/python3.12/site-packages/airflow/example_dags/example_xcom.py
[2024-12-17T04:57:30.801+0000] {processor.py:914} INFO - Processing file /root/airflow-venv/lib/python3.12/site-packages/airflow/example_dags/example_xcom.py for tasks to queue
[2024-12-17T04:57:30.803+0000] {logging_mixin.py:190} INFO - [2024-12-17T04:57:30.803+0000] {dagbag.py:588} INFO - Filling up the DagBag from /root/airflow-venv/lib/python3.12/site-packages/airflow/example_dags/example_xcom.py
[2024-12-17T04:57:30.817+0000] {processor.py:925} INFO - DAG(s) 'example_xcom' retrieved from /root/airflow-venv/lib/python3.12/site-packages/airflow/example_dags/example_xcom.py
[2024-12-17T04:57:30.844+0000] {logging_mixin.py:190} INFO - [2024-12-17T04:57:30.844+0000] {dag.py:3239} INFO - Sync 1 DAGs
[2024-12-17T04:57:30.872+0000] {logging_mixin.py:190} INFO - [2024-12-17T04:57:30.871+0000] {dag.py:4180} INFO - Setting next_dagrun for example_xcom to 2021-01-01 00:00:00+00:00, run_after=2021-01-01 00:00:00+00:00
[2024-12-17T04:57:30.898+0000] {processor.py:208} INFO - Processing /root/airflow-venv/lib/python3.12/site-packages/airflow/example_dags/example_xcom.py took 0.107 seconds
