[2024-12-17T04:43:23.809+0000] {processor.py:186} INFO - Started process (PID=434299) to work on /root/airflow-venv/lib/python3.12/site-packages/airflow/example_dags/example_bash_operator.py
[2024-12-17T04:43:23.810+0000] {processor.py:914} INFO - Processing file /root/airflow-venv/lib/python3.12/site-packages/airflow/example_dags/example_bash_operator.py for tasks to queue
[2024-12-17T04:43:23.813+0000] {logging_mixin.py:190} INFO - [2024-12-17T04:43:23.812+0000] {dagbag.py:588} INFO - Filling up the DagBag from /root/airflow-venv/lib/python3.12/site-packages/airflow/example_dags/example_bash_operator.py
[2024-12-17T04:43:23.829+0000] {processor.py:925} INFO - DAG(s) 'example_bash_operator' retrieved from /root/airflow-venv/lib/python3.12/site-packages/airflow/example_dags/example_bash_operator.py
[2024-12-17T04:43:23.857+0000] {logging_mixin.py:190} INFO - [2024-12-17T04:43:23.856+0000] {dag.py:3239} INFO - Sync 1 DAGs
[2024-12-17T04:43:23.879+0000] {logging_mixin.py:190} INFO - [2024-12-17T04:43:23.879+0000] {dag.py:4180} INFO - Setting next_dagrun for example_bash_operator to 2024-12-16 00:00:00+00:00, run_after=2024-12-17 00:00:00+00:00
[2024-12-17T04:43:23.907+0000] {processor.py:208} INFO - Processing /root/airflow-venv/lib/python3.12/site-packages/airflow/example_dags/example_bash_operator.py took 0.104 seconds
[2024-12-17T04:45:36.078+0000] {processor.py:186} INFO - Started process (PID=434403) to work on /root/airflow-venv/lib/python3.12/site-packages/airflow/example_dags/example_bash_operator.py
[2024-12-17T04:45:36.080+0000] {processor.py:914} INFO - Processing file /root/airflow-venv/lib/python3.12/site-packages/airflow/example_dags/example_bash_operator.py for tasks to queue
[2024-12-17T04:45:36.083+0000] {logging_mixin.py:190} INFO - [2024-12-17T04:45:36.082+0000] {dagbag.py:588} INFO - Filling up the DagBag from /root/airflow-venv/lib/python3.12/site-packages/airflow/example_dags/example_bash_operator.py
[2024-12-17T04:45:36.101+0000] {processor.py:925} INFO - DAG(s) 'example_bash_operator' retrieved from /root/airflow-venv/lib/python3.12/site-packages/airflow/example_dags/example_bash_operator.py
[2024-12-17T04:45:36.134+0000] {logging_mixin.py:190} INFO - [2024-12-17T04:45:36.134+0000] {dag.py:3239} INFO - Sync 1 DAGs
[2024-12-17T04:45:36.160+0000] {logging_mixin.py:190} INFO - [2024-12-17T04:45:36.159+0000] {dag.py:4180} INFO - Setting next_dagrun for example_bash_operator to 2024-12-16 00:00:00+00:00, run_after=2024-12-17 00:00:00+00:00
[2024-12-17T04:45:36.184+0000] {processor.py:208} INFO - Processing /root/airflow-venv/lib/python3.12/site-packages/airflow/example_dags/example_bash_operator.py took 0.113 seconds
[2024-12-17T04:55:25.786+0000] {processor.py:186} INFO - Started process (PID=434625) to work on /root/airflow-venv/lib/python3.12/site-packages/airflow/example_dags/example_bash_operator.py
[2024-12-17T04:55:25.788+0000] {processor.py:914} INFO - Processing file /root/airflow-venv/lib/python3.12/site-packages/airflow/example_dags/example_bash_operator.py for tasks to queue
[2024-12-17T04:55:25.790+0000] {logging_mixin.py:190} INFO - [2024-12-17T04:55:25.790+0000] {dagbag.py:588} INFO - Filling up the DagBag from /root/airflow-venv/lib/python3.12/site-packages/airflow/example_dags/example_bash_operator.py
[2024-12-17T04:55:25.806+0000] {processor.py:925} INFO - DAG(s) 'example_bash_operator' retrieved from /root/airflow-venv/lib/python3.12/site-packages/airflow/example_dags/example_bash_operator.py
[2024-12-17T04:55:25.830+0000] {logging_mixin.py:190} INFO - [2024-12-17T04:55:25.830+0000] {dag.py:3239} INFO - Sync 1 DAGs
[2024-12-17T04:55:25.851+0000] {logging_mixin.py:190} INFO - [2024-12-17T04:55:25.851+0000] {dag.py:4180} INFO - Setting next_dagrun for example_bash_operator to 2024-12-16 00:00:00+00:00, run_after=2024-12-17 00:00:00+00:00
[2024-12-17T04:55:25.871+0000] {processor.py:208} INFO - Processing /root/airflow-venv/lib/python3.12/site-packages/airflow/example_dags/example_bash_operator.py took 0.091 seconds
[2024-12-17T04:56:24.465+0000] {processor.py:186} INFO - Started process (PID=434686) to work on /root/airflow-venv/lib/python3.12/site-packages/airflow/example_dags/example_bash_operator.py
[2024-12-17T04:56:24.467+0000] {processor.py:914} INFO - Processing file /root/airflow-venv/lib/python3.12/site-packages/airflow/example_dags/example_bash_operator.py for tasks to queue
[2024-12-17T04:56:24.469+0000] {logging_mixin.py:190} INFO - [2024-12-17T04:56:24.468+0000] {dagbag.py:588} INFO - Filling up the DagBag from /root/airflow-venv/lib/python3.12/site-packages/airflow/example_dags/example_bash_operator.py
[2024-12-17T04:56:24.483+0000] {processor.py:925} INFO - DAG(s) 'example_bash_operator' retrieved from /root/airflow-venv/lib/python3.12/site-packages/airflow/example_dags/example_bash_operator.py
[2024-12-17T04:56:24.507+0000] {logging_mixin.py:190} INFO - [2024-12-17T04:56:24.507+0000] {dag.py:3239} INFO - Sync 1 DAGs
[2024-12-17T04:56:24.528+0000] {logging_mixin.py:190} INFO - [2024-12-17T04:56:24.528+0000] {dag.py:4180} INFO - Setting next_dagrun for example_bash_operator to 2024-12-16 00:00:00+00:00, run_after=2024-12-17 00:00:00+00:00
[2024-12-17T04:56:24.546+0000] {processor.py:208} INFO - Processing /root/airflow-venv/lib/python3.12/site-packages/airflow/example_dags/example_bash_operator.py took 0.087 seconds
[2024-12-17T04:57:20.119+0000] {processor.py:186} INFO - Started process (PID=434749) to work on /root/airflow-venv/lib/python3.12/site-packages/airflow/example_dags/example_bash_operator.py
[2024-12-17T04:57:20.121+0000] {processor.py:914} INFO - Processing file /root/airflow-venv/lib/python3.12/site-packages/airflow/example_dags/example_bash_operator.py for tasks to queue
[2024-12-17T04:57:20.124+0000] {logging_mixin.py:190} INFO - [2024-12-17T04:57:20.123+0000] {dagbag.py:588} INFO - Filling up the DagBag from /root/airflow-venv/lib/python3.12/site-packages/airflow/example_dags/example_bash_operator.py
[2024-12-17T04:57:20.140+0000] {processor.py:925} INFO - DAG(s) 'example_bash_operator' retrieved from /root/airflow-venv/lib/python3.12/site-packages/airflow/example_dags/example_bash_operator.py
[2024-12-17T04:57:20.165+0000] {logging_mixin.py:190} INFO - [2024-12-17T04:57:20.165+0000] {dag.py:3239} INFO - Sync 1 DAGs
[2024-12-17T04:57:20.187+0000] {logging_mixin.py:190} INFO - [2024-12-17T04:57:20.186+0000] {dag.py:4180} INFO - Setting next_dagrun for example_bash_operator to 2024-12-16 00:00:00+00:00, run_after=2024-12-17 00:00:00+00:00
[2024-12-17T04:57:20.208+0000] {processor.py:208} INFO - Processing /root/airflow-venv/lib/python3.12/site-packages/airflow/example_dags/example_bash_operator.py took 0.097 seconds
