[2024-12-17T04:42:43.869+0000] {processor.py:186} INFO - Started process (PID=434257) to work on /root/airflow-venv/lib/python3.12/site-packages/airflow/example_dags/example_trigger_target_dag.py
[2024-12-17T04:42:43.870+0000] {processor.py:914} INFO - Processing file /root/airflow-venv/lib/python3.12/site-packages/airflow/example_dags/example_trigger_target_dag.py for tasks to queue
[2024-12-17T04:42:43.872+0000] {logging_mixin.py:190} INFO - [2024-12-17T04:42:43.871+0000] {dagbag.py:588} INFO - Filling up the DagBag from /root/airflow-venv/lib/python3.12/site-packages/airflow/example_dags/example_trigger_target_dag.py
[2024-12-17T04:42:43.881+0000] {processor.py:925} INFO - DAG(s) 'example_trigger_target_dag' retrieved from /root/airflow-venv/lib/python3.12/site-packages/airflow/example_dags/example_trigger_target_dag.py
[2024-12-17T04:42:43.901+0000] {logging_mixin.py:190} INFO - [2024-12-17T04:42:43.901+0000] {dag.py:3239} INFO - Sync 1 DAGs
[2024-12-17T04:42:43.915+0000] {logging_mixin.py:190} INFO - [2024-12-17T04:42:43.915+0000] {dag.py:4180} INFO - Setting next_dagrun for example_trigger_target_dag to None, run_after=None
[2024-12-17T04:42:43.940+0000] {processor.py:208} INFO - Processing /root/airflow-venv/lib/python3.12/site-packages/airflow/example_dags/example_trigger_target_dag.py took 0.077 seconds
[2024-12-17T04:44:56.654+0000] {processor.py:186} INFO - Started process (PID=434361) to work on /root/airflow-venv/lib/python3.12/site-packages/airflow/example_dags/example_trigger_target_dag.py
[2024-12-17T04:44:56.655+0000] {processor.py:914} INFO - Processing file /root/airflow-venv/lib/python3.12/site-packages/airflow/example_dags/example_trigger_target_dag.py for tasks to queue
[2024-12-17T04:44:56.658+0000] {logging_mixin.py:190} INFO - [2024-12-17T04:44:56.657+0000] {dagbag.py:588} INFO - Filling up the DagBag from /root/airflow-venv/lib/python3.12/site-packages/airflow/example_dags/example_trigger_target_dag.py
[2024-12-17T04:44:56.669+0000] {processor.py:925} INFO - DAG(s) 'example_trigger_target_dag' retrieved from /root/airflow-venv/lib/python3.12/site-packages/airflow/example_dags/example_trigger_target_dag.py
[2024-12-17T04:44:56.687+0000] {logging_mixin.py:190} INFO - [2024-12-17T04:44:56.687+0000] {dag.py:3239} INFO - Sync 1 DAGs
[2024-12-17T04:44:56.702+0000] {logging_mixin.py:190} INFO - [2024-12-17T04:44:56.702+0000] {dag.py:4180} INFO - Setting next_dagrun for example_trigger_target_dag to None, run_after=None
[2024-12-17T04:44:56.723+0000] {processor.py:208} INFO - Processing /root/airflow-venv/lib/python3.12/site-packages/airflow/example_dags/example_trigger_target_dag.py took 0.076 seconds
[2024-12-17T04:45:52.700+0000] {processor.py:186} INFO - Started process (PID=434422) to work on /root/airflow-venv/lib/python3.12/site-packages/airflow/example_dags/example_trigger_target_dag.py
[2024-12-17T04:45:52.702+0000] {processor.py:914} INFO - Processing file /root/airflow-venv/lib/python3.12/site-packages/airflow/example_dags/example_trigger_target_dag.py for tasks to queue
[2024-12-17T04:45:52.705+0000] {logging_mixin.py:190} INFO - [2024-12-17T04:45:52.705+0000] {dagbag.py:588} INFO - Filling up the DagBag from /root/airflow-venv/lib/python3.12/site-packages/airflow/example_dags/example_trigger_target_dag.py
[2024-12-17T04:45:52.717+0000] {processor.py:925} INFO - DAG(s) 'example_trigger_target_dag' retrieved from /root/airflow-venv/lib/python3.12/site-packages/airflow/example_dags/example_trigger_target_dag.py
[2024-12-17T04:45:52.740+0000] {logging_mixin.py:190} INFO - [2024-12-17T04:45:52.739+0000] {dag.py:3239} INFO - Sync 1 DAGs
[2024-12-17T04:45:52.756+0000] {logging_mixin.py:190} INFO - [2024-12-17T04:45:52.755+0000] {dag.py:4180} INFO - Setting next_dagrun for example_trigger_target_dag to None, run_after=None
[2024-12-17T04:45:52.781+0000] {processor.py:208} INFO - Processing /root/airflow-venv/lib/python3.12/site-packages/airflow/example_dags/example_trigger_target_dag.py took 0.088 seconds
[2024-12-17T04:54:45.964+0000] {processor.py:186} INFO - Started process (PID=434581) to work on /root/airflow-venv/lib/python3.12/site-packages/airflow/example_dags/example_trigger_target_dag.py
[2024-12-17T04:54:45.965+0000] {processor.py:914} INFO - Processing file /root/airflow-venv/lib/python3.12/site-packages/airflow/example_dags/example_trigger_target_dag.py for tasks to queue
[2024-12-17T04:54:45.968+0000] {logging_mixin.py:190} INFO - [2024-12-17T04:54:45.968+0000] {dagbag.py:588} INFO - Filling up the DagBag from /root/airflow-venv/lib/python3.12/site-packages/airflow/example_dags/example_trigger_target_dag.py
[2024-12-17T04:54:45.981+0000] {processor.py:925} INFO - DAG(s) 'example_trigger_target_dag' retrieved from /root/airflow-venv/lib/python3.12/site-packages/airflow/example_dags/example_trigger_target_dag.py
[2024-12-17T04:54:46.006+0000] {logging_mixin.py:190} INFO - [2024-12-17T04:54:46.006+0000] {dag.py:3239} INFO - Sync 1 DAGs
[2024-12-17T04:54:46.025+0000] {logging_mixin.py:190} INFO - [2024-12-17T04:54:46.024+0000] {dag.py:4180} INFO - Setting next_dagrun for example_trigger_target_dag to None, run_after=None
[2024-12-17T04:54:46.050+0000] {processor.py:208} INFO - Processing /root/airflow-venv/lib/python3.12/site-packages/airflow/example_dags/example_trigger_target_dag.py took 0.094 seconds
[2024-12-17T04:55:45.248+0000] {processor.py:186} INFO - Started process (PID=434646) to work on /root/airflow-venv/lib/python3.12/site-packages/airflow/example_dags/example_trigger_target_dag.py
[2024-12-17T04:55:45.250+0000] {processor.py:914} INFO - Processing file /root/airflow-venv/lib/python3.12/site-packages/airflow/example_dags/example_trigger_target_dag.py for tasks to queue
[2024-12-17T04:55:45.253+0000] {logging_mixin.py:190} INFO - [2024-12-17T04:55:45.252+0000] {dagbag.py:588} INFO - Filling up the DagBag from /root/airflow-venv/lib/python3.12/site-packages/airflow/example_dags/example_trigger_target_dag.py
[2024-12-17T04:55:45.263+0000] {processor.py:925} INFO - DAG(s) 'example_trigger_target_dag' retrieved from /root/airflow-venv/lib/python3.12/site-packages/airflow/example_dags/example_trigger_target_dag.py
[2024-12-17T04:55:45.282+0000] {logging_mixin.py:190} INFO - [2024-12-17T04:55:45.282+0000] {dag.py:3239} INFO - Sync 1 DAGs
[2024-12-17T04:55:45.306+0000] {logging_mixin.py:190} INFO - [2024-12-17T04:55:45.306+0000] {dag.py:4180} INFO - Setting next_dagrun for example_trigger_target_dag to None, run_after=None
[2024-12-17T04:55:45.336+0000] {processor.py:208} INFO - Processing /root/airflow-venv/lib/python3.12/site-packages/airflow/example_dags/example_trigger_target_dag.py took 0.094 seconds
[2024-12-17T04:56:42.474+0000] {processor.py:186} INFO - Started process (PID=434705) to work on /root/airflow-venv/lib/python3.12/site-packages/airflow/example_dags/example_trigger_target_dag.py
[2024-12-17T04:56:42.475+0000] {processor.py:914} INFO - Processing file /root/airflow-venv/lib/python3.12/site-packages/airflow/example_dags/example_trigger_target_dag.py for tasks to queue
[2024-12-17T04:56:42.478+0000] {logging_mixin.py:190} INFO - [2024-12-17T04:56:42.477+0000] {dagbag.py:588} INFO - Filling up the DagBag from /root/airflow-venv/lib/python3.12/site-packages/airflow/example_dags/example_trigger_target_dag.py
[2024-12-17T04:56:42.487+0000] {processor.py:925} INFO - DAG(s) 'example_trigger_target_dag' retrieved from /root/airflow-venv/lib/python3.12/site-packages/airflow/example_dags/example_trigger_target_dag.py
[2024-12-17T04:56:42.505+0000] {logging_mixin.py:190} INFO - [2024-12-17T04:56:42.505+0000] {dag.py:3239} INFO - Sync 1 DAGs
[2024-12-17T04:56:42.518+0000] {logging_mixin.py:190} INFO - [2024-12-17T04:56:42.517+0000] {dag.py:4180} INFO - Setting next_dagrun for example_trigger_target_dag to None, run_after=None
[2024-12-17T04:56:42.538+0000] {processor.py:208} INFO - Processing /root/airflow-venv/lib/python3.12/site-packages/airflow/example_dags/example_trigger_target_dag.py took 0.071 seconds
