[2024-12-17T04:43:00.586+0000] {processor.py:186} INFO - Started process (PID=434275) to work on /root/airflow-venv/lib/python3.12/site-packages/airflow/example_dags/example_nested_branch_dag.py
[2024-12-17T04:43:00.587+0000] {processor.py:914} INFO - Processing file /root/airflow-venv/lib/python3.12/site-packages/airflow/example_dags/example_nested_branch_dag.py for tasks to queue
[2024-12-17T04:43:00.589+0000] {logging_mixin.py:190} INFO - [2024-12-17T04:43:00.589+0000] {dagbag.py:588} INFO - Filling up the DagBag from /root/airflow-venv/lib/python3.12/site-packages/airflow/example_dags/example_nested_branch_dag.py
[2024-12-17T04:43:00.606+0000] {processor.py:925} INFO - DAG(s) 'example_nested_branch_dag' retrieved from /root/airflow-venv/lib/python3.12/site-packages/airflow/example_dags/example_nested_branch_dag.py
[2024-12-17T04:43:00.632+0000] {logging_mixin.py:190} INFO - [2024-12-17T04:43:00.631+0000] {dag.py:3239} INFO - Sync 1 DAGs
[2024-12-17T04:43:00.660+0000] {logging_mixin.py:190} INFO - [2024-12-17T04:43:00.660+0000] {dag.py:4180} INFO - Setting next_dagrun for example_nested_branch_dag to 2024-12-16 00:00:00+00:00, run_after=2024-12-17 00:00:00+00:00
[2024-12-17T04:43:00.683+0000] {processor.py:208} INFO - Processing /root/airflow-venv/lib/python3.12/site-packages/airflow/example_dags/example_nested_branch_dag.py took 0.104 seconds
[2024-12-17T04:45:12.635+0000] {processor.py:186} INFO - Started process (PID=434380) to work on /root/airflow-venv/lib/python3.12/site-packages/airflow/example_dags/example_nested_branch_dag.py
[2024-12-17T04:45:12.636+0000] {processor.py:914} INFO - Processing file /root/airflow-venv/lib/python3.12/site-packages/airflow/example_dags/example_nested_branch_dag.py for tasks to queue
[2024-12-17T04:45:12.639+0000] {logging_mixin.py:190} INFO - [2024-12-17T04:45:12.638+0000] {dagbag.py:588} INFO - Filling up the DagBag from /root/airflow-venv/lib/python3.12/site-packages/airflow/example_dags/example_nested_branch_dag.py
[2024-12-17T04:45:12.653+0000] {processor.py:925} INFO - DAG(s) 'example_nested_branch_dag' retrieved from /root/airflow-venv/lib/python3.12/site-packages/airflow/example_dags/example_nested_branch_dag.py
[2024-12-17T04:45:12.681+0000] {logging_mixin.py:190} INFO - [2024-12-17T04:45:12.680+0000] {dag.py:3239} INFO - Sync 1 DAGs
[2024-12-17T04:45:12.704+0000] {logging_mixin.py:190} INFO - [2024-12-17T04:45:12.704+0000] {dag.py:4180} INFO - Setting next_dagrun for example_nested_branch_dag to 2024-12-16 00:00:00+00:00, run_after=2024-12-17 00:00:00+00:00
[2024-12-17T04:45:12.727+0000] {processor.py:208} INFO - Processing /root/airflow-venv/lib/python3.12/site-packages/airflow/example_dags/example_nested_branch_dag.py took 0.099 seconds
[2024-12-17T04:46:09.487+0000] {processor.py:186} INFO - Started process (PID=434442) to work on /root/airflow-venv/lib/python3.12/site-packages/airflow/example_dags/example_nested_branch_dag.py
[2024-12-17T04:46:09.489+0000] {processor.py:914} INFO - Processing file /root/airflow-venv/lib/python3.12/site-packages/airflow/example_dags/example_nested_branch_dag.py for tasks to queue
[2024-12-17T04:46:09.492+0000] {logging_mixin.py:190} INFO - [2024-12-17T04:46:09.491+0000] {dagbag.py:588} INFO - Filling up the DagBag from /root/airflow-venv/lib/python3.12/site-packages/airflow/example_dags/example_nested_branch_dag.py
[2024-12-17T04:46:09.510+0000] {processor.py:925} INFO - DAG(s) 'example_nested_branch_dag' retrieved from /root/airflow-venv/lib/python3.12/site-packages/airflow/example_dags/example_nested_branch_dag.py
[2024-12-17T04:46:09.536+0000] {logging_mixin.py:190} INFO - [2024-12-17T04:46:09.536+0000] {dag.py:3239} INFO - Sync 1 DAGs
[2024-12-17T04:46:09.565+0000] {logging_mixin.py:190} INFO - [2024-12-17T04:46:09.565+0000] {dag.py:4180} INFO - Setting next_dagrun for example_nested_branch_dag to 2024-12-16 00:00:00+00:00, run_after=2024-12-17 00:00:00+00:00
[2024-12-17T04:46:09.592+0000] {processor.py:208} INFO - Processing /root/airflow-venv/lib/python3.12/site-packages/airflow/example_dags/example_nested_branch_dag.py took 0.114 seconds
[2024-12-17T04:55:02.802+0000] {processor.py:186} INFO - Started process (PID=434602) to work on /root/airflow-venv/lib/python3.12/site-packages/airflow/example_dags/example_nested_branch_dag.py
[2024-12-17T04:55:02.803+0000] {processor.py:914} INFO - Processing file /root/airflow-venv/lib/python3.12/site-packages/airflow/example_dags/example_nested_branch_dag.py for tasks to queue
[2024-12-17T04:55:02.807+0000] {logging_mixin.py:190} INFO - [2024-12-17T04:55:02.806+0000] {dagbag.py:588} INFO - Filling up the DagBag from /root/airflow-venv/lib/python3.12/site-packages/airflow/example_dags/example_nested_branch_dag.py
[2024-12-17T04:55:02.826+0000] {processor.py:925} INFO - DAG(s) 'example_nested_branch_dag' retrieved from /root/airflow-venv/lib/python3.12/site-packages/airflow/example_dags/example_nested_branch_dag.py
[2024-12-17T04:55:02.860+0000] {logging_mixin.py:190} INFO - [2024-12-17T04:55:02.859+0000] {dag.py:3239} INFO - Sync 1 DAGs
[2024-12-17T04:55:02.889+0000] {logging_mixin.py:190} INFO - [2024-12-17T04:55:02.889+0000] {dag.py:4180} INFO - Setting next_dagrun for example_nested_branch_dag to 2024-12-16 00:00:00+00:00, run_after=2024-12-17 00:00:00+00:00
[2024-12-17T04:55:02.915+0000] {processor.py:208} INFO - Processing /root/airflow-venv/lib/python3.12/site-packages/airflow/example_dags/example_nested_branch_dag.py took 0.121 seconds
[2024-12-17T04:56:01.647+0000] {processor.py:186} INFO - Started process (PID=434664) to work on /root/airflow-venv/lib/python3.12/site-packages/airflow/example_dags/example_nested_branch_dag.py
[2024-12-17T04:56:01.649+0000] {processor.py:914} INFO - Processing file /root/airflow-venv/lib/python3.12/site-packages/airflow/example_dags/example_nested_branch_dag.py for tasks to queue
[2024-12-17T04:56:01.653+0000] {logging_mixin.py:190} INFO - [2024-12-17T04:56:01.652+0000] {dagbag.py:588} INFO - Filling up the DagBag from /root/airflow-venv/lib/python3.12/site-packages/airflow/example_dags/example_nested_branch_dag.py
[2024-12-17T04:56:01.669+0000] {processor.py:925} INFO - DAG(s) 'example_nested_branch_dag' retrieved from /root/airflow-venv/lib/python3.12/site-packages/airflow/example_dags/example_nested_branch_dag.py
[2024-12-17T04:56:01.694+0000] {logging_mixin.py:190} INFO - [2024-12-17T04:56:01.694+0000] {dag.py:3239} INFO - Sync 1 DAGs
[2024-12-17T04:56:01.719+0000] {logging_mixin.py:190} INFO - [2024-12-17T04:56:01.719+0000] {dag.py:4180} INFO - Setting next_dagrun for example_nested_branch_dag to 2024-12-16 00:00:00+00:00, run_after=2024-12-17 00:00:00+00:00
[2024-12-17T04:56:01.742+0000] {processor.py:208} INFO - Processing /root/airflow-venv/lib/python3.12/site-packages/airflow/example_dags/example_nested_branch_dag.py took 0.102 seconds
[2024-12-17T04:56:58.902+0000] {processor.py:186} INFO - Started process (PID=434725) to work on /root/airflow-venv/lib/python3.12/site-packages/airflow/example_dags/example_nested_branch_dag.py
[2024-12-17T04:56:58.904+0000] {processor.py:914} INFO - Processing file /root/airflow-venv/lib/python3.12/site-packages/airflow/example_dags/example_nested_branch_dag.py for tasks to queue
[2024-12-17T04:56:58.907+0000] {logging_mixin.py:190} INFO - [2024-12-17T04:56:58.907+0000] {dagbag.py:588} INFO - Filling up the DagBag from /root/airflow-venv/lib/python3.12/site-packages/airflow/example_dags/example_nested_branch_dag.py
[2024-12-17T04:56:58.922+0000] {processor.py:925} INFO - DAG(s) 'example_nested_branch_dag' retrieved from /root/airflow-venv/lib/python3.12/site-packages/airflow/example_dags/example_nested_branch_dag.py
[2024-12-17T04:56:58.944+0000] {logging_mixin.py:190} INFO - [2024-12-17T04:56:58.944+0000] {dag.py:3239} INFO - Sync 1 DAGs
[2024-12-17T04:56:58.968+0000] {logging_mixin.py:190} INFO - [2024-12-17T04:56:58.967+0000] {dag.py:4180} INFO - Setting next_dagrun for example_nested_branch_dag to 2024-12-16 00:00:00+00:00, run_after=2024-12-17 00:00:00+00:00
[2024-12-17T04:56:58.992+0000] {processor.py:208} INFO - Processing /root/airflow-venv/lib/python3.12/site-packages/airflow/example_dags/example_nested_branch_dag.py took 0.097 seconds
