[2024-12-17T04:43:21.514+0000] {processor.py:186} INFO - Started process (PID=434297) to work on /root/airflow-venv/lib/python3.12/site-packages/airflow/example_dags/example_branch_python_dop_operator_3.py
[2024-12-17T04:43:21.515+0000] {processor.py:914} INFO - Processing file /root/airflow-venv/lib/python3.12/site-packages/airflow/example_dags/example_branch_python_dop_operator_3.py for tasks to queue
[2024-12-17T04:43:21.517+0000] {logging_mixin.py:190} INFO - [2024-12-17T04:43:21.517+0000] {dagbag.py:588} INFO - Filling up the DagBag from /root/airflow-venv/lib/python3.12/site-packages/airflow/example_dags/example_branch_python_dop_operator_3.py
[2024-12-17T04:43:21.530+0000] {processor.py:925} INFO - DAG(s) 'example_branch_dop_operator_v3' retrieved from /root/airflow-venv/lib/python3.12/site-packages/airflow/example_dags/example_branch_python_dop_operator_3.py
[2024-12-17T04:43:21.549+0000] {logging_mixin.py:190} INFO - [2024-12-17T04:43:21.549+0000] {dag.py:3239} INFO - Sync 1 DAGs
[2024-12-17T04:43:21.574+0000] {logging_mixin.py:190} INFO - [2024-12-17T04:43:21.573+0000] {dag.py:4180} INFO - Setting next_dagrun for example_branch_dop_operator_v3 to 2024-12-17 04:42:00+00:00, run_after=2024-12-17 04:43:00+00:00
[2024-12-17T04:43:21.602+0000] {processor.py:208} INFO - Processing /root/airflow-venv/lib/python3.12/site-packages/airflow/example_dags/example_branch_python_dop_operator_3.py took 0.094 seconds
[2024-12-17T04:45:33.561+0000] {processor.py:186} INFO - Started process (PID=434401) to work on /root/airflow-venv/lib/python3.12/site-packages/airflow/example_dags/example_branch_python_dop_operator_3.py
[2024-12-17T04:45:33.563+0000] {processor.py:914} INFO - Processing file /root/airflow-venv/lib/python3.12/site-packages/airflow/example_dags/example_branch_python_dop_operator_3.py for tasks to queue
[2024-12-17T04:45:33.567+0000] {logging_mixin.py:190} INFO - [2024-12-17T04:45:33.566+0000] {dagbag.py:588} INFO - Filling up the DagBag from /root/airflow-venv/lib/python3.12/site-packages/airflow/example_dags/example_branch_python_dop_operator_3.py
[2024-12-17T04:45:33.586+0000] {processor.py:925} INFO - DAG(s) 'example_branch_dop_operator_v3' retrieved from /root/airflow-venv/lib/python3.12/site-packages/airflow/example_dags/example_branch_python_dop_operator_3.py
[2024-12-17T04:45:33.614+0000] {logging_mixin.py:190} INFO - [2024-12-17T04:45:33.614+0000] {dag.py:3239} INFO - Sync 1 DAGs
[2024-12-17T04:45:33.654+0000] {logging_mixin.py:190} INFO - [2024-12-17T04:45:33.654+0000] {dag.py:4180} INFO - Setting next_dagrun for example_branch_dop_operator_v3 to 2024-12-17 04:44:00+00:00, run_after=2024-12-17 04:45:00+00:00
[2024-12-17T04:45:33.691+0000] {processor.py:208} INFO - Processing /root/airflow-venv/lib/python3.12/site-packages/airflow/example_dags/example_branch_python_dop_operator_3.py took 0.141 seconds
[2024-12-17T04:55:23.506+0000] {processor.py:186} INFO - Started process (PID=434622) to work on /root/airflow-venv/lib/python3.12/site-packages/airflow/example_dags/example_branch_python_dop_operator_3.py
[2024-12-17T04:55:23.507+0000] {processor.py:914} INFO - Processing file /root/airflow-venv/lib/python3.12/site-packages/airflow/example_dags/example_branch_python_dop_operator_3.py for tasks to queue
[2024-12-17T04:55:23.510+0000] {logging_mixin.py:190} INFO - [2024-12-17T04:55:23.509+0000] {dagbag.py:588} INFO - Filling up the DagBag from /root/airflow-venv/lib/python3.12/site-packages/airflow/example_dags/example_branch_python_dop_operator_3.py
[2024-12-17T04:55:23.523+0000] {processor.py:925} INFO - DAG(s) 'example_branch_dop_operator_v3' retrieved from /root/airflow-venv/lib/python3.12/site-packages/airflow/example_dags/example_branch_python_dop_operator_3.py
[2024-12-17T04:55:23.541+0000] {logging_mixin.py:190} INFO - [2024-12-17T04:55:23.541+0000] {dag.py:3239} INFO - Sync 1 DAGs
[2024-12-17T04:55:23.565+0000] {logging_mixin.py:190} INFO - [2024-12-17T04:55:23.565+0000] {dag.py:4180} INFO - Setting next_dagrun for example_branch_dop_operator_v3 to 2024-12-17 04:54:00+00:00, run_after=2024-12-17 04:55:00+00:00
[2024-12-17T04:55:23.587+0000] {processor.py:208} INFO - Processing /root/airflow-venv/lib/python3.12/site-packages/airflow/example_dags/example_branch_python_dop_operator_3.py took 0.089 seconds
[2024-12-17T04:56:22.079+0000] {processor.py:186} INFO - Started process (PID=434684) to work on /root/airflow-venv/lib/python3.12/site-packages/airflow/example_dags/example_branch_python_dop_operator_3.py
[2024-12-17T04:56:22.081+0000] {processor.py:914} INFO - Processing file /root/airflow-venv/lib/python3.12/site-packages/airflow/example_dags/example_branch_python_dop_operator_3.py for tasks to queue
[2024-12-17T04:56:22.084+0000] {logging_mixin.py:190} INFO - [2024-12-17T04:56:22.083+0000] {dagbag.py:588} INFO - Filling up the DagBag from /root/airflow-venv/lib/python3.12/site-packages/airflow/example_dags/example_branch_python_dop_operator_3.py
[2024-12-17T04:56:22.099+0000] {processor.py:925} INFO - DAG(s) 'example_branch_dop_operator_v3' retrieved from /root/airflow-venv/lib/python3.12/site-packages/airflow/example_dags/example_branch_python_dop_operator_3.py
[2024-12-17T04:56:22.124+0000] {logging_mixin.py:190} INFO - [2024-12-17T04:56:22.123+0000] {dag.py:3239} INFO - Sync 1 DAGs
[2024-12-17T04:56:22.155+0000] {logging_mixin.py:190} INFO - [2024-12-17T04:56:22.155+0000] {dag.py:4180} INFO - Setting next_dagrun for example_branch_dop_operator_v3 to 2024-12-17 04:55:00+00:00, run_after=2024-12-17 04:56:00+00:00
[2024-12-17T04:56:22.180+0000] {processor.py:208} INFO - Processing /root/airflow-venv/lib/python3.12/site-packages/airflow/example_dags/example_branch_python_dop_operator_3.py took 0.110 seconds
[2024-12-17T04:57:17.625+0000] {processor.py:186} INFO - Started process (PID=434747) to work on /root/airflow-venv/lib/python3.12/site-packages/airflow/example_dags/example_branch_python_dop_operator_3.py
[2024-12-17T04:57:17.627+0000] {processor.py:914} INFO - Processing file /root/airflow-venv/lib/python3.12/site-packages/airflow/example_dags/example_branch_python_dop_operator_3.py for tasks to queue
[2024-12-17T04:57:17.630+0000] {logging_mixin.py:190} INFO - [2024-12-17T04:57:17.629+0000] {dagbag.py:588} INFO - Filling up the DagBag from /root/airflow-venv/lib/python3.12/site-packages/airflow/example_dags/example_branch_python_dop_operator_3.py
[2024-12-17T04:57:17.644+0000] {processor.py:925} INFO - DAG(s) 'example_branch_dop_operator_v3' retrieved from /root/airflow-venv/lib/python3.12/site-packages/airflow/example_dags/example_branch_python_dop_operator_3.py
[2024-12-17T04:57:17.665+0000] {logging_mixin.py:190} INFO - [2024-12-17T04:57:17.665+0000] {dag.py:3239} INFO - Sync 1 DAGs
[2024-12-17T04:57:17.694+0000] {logging_mixin.py:190} INFO - [2024-12-17T04:57:17.693+0000] {dag.py:4180} INFO - Setting next_dagrun for example_branch_dop_operator_v3 to 2024-12-17 04:56:00+00:00, run_after=2024-12-17 04:57:00+00:00
[2024-12-17T04:57:17.718+0000] {processor.py:208} INFO - Processing /root/airflow-venv/lib/python3.12/site-packages/airflow/example_dags/example_branch_python_dop_operator_3.py took 0.101 seconds
