[2024-12-17T04:42:51.338+0000] {processor.py:186} INFO - Started process (PID=434266) to work on /root/airflow-venv/lib/python3.12/site-packages/airflow/example_dags/example_short_circuit_operator.py
[2024-12-17T04:42:51.339+0000] {processor.py:914} INFO - Processing file /root/airflow-venv/lib/python3.12/site-packages/airflow/example_dags/example_short_circuit_operator.py for tasks to queue
[2024-12-17T04:42:51.342+0000] {logging_mixin.py:190} INFO - [2024-12-17T04:42:51.342+0000] {dagbag.py:588} INFO - Filling up the DagBag from /root/airflow-venv/lib/python3.12/site-packages/airflow/example_dags/example_short_circuit_operator.py
[2024-12-17T04:42:51.356+0000] {processor.py:925} INFO - DAG(s) 'example_short_circuit_operator' retrieved from /root/airflow-venv/lib/python3.12/site-packages/airflow/example_dags/example_short_circuit_operator.py
[2024-12-17T04:42:51.389+0000] {logging_mixin.py:190} INFO - [2024-12-17T04:42:51.388+0000] {dag.py:3239} INFO - Sync 1 DAGs
[2024-12-17T04:42:51.408+0000] {logging_mixin.py:190} INFO - [2024-12-17T04:42:51.408+0000] {dag.py:4180} INFO - Setting next_dagrun for example_short_circuit_operator to None, run_after=None
[2024-12-17T04:42:51.431+0000] {processor.py:208} INFO - Processing /root/airflow-venv/lib/python3.12/site-packages/airflow/example_dags/example_short_circuit_operator.py took 0.101 seconds
[2024-12-17T04:45:03.387+0000] {processor.py:186} INFO - Started process (PID=434371) to work on /root/airflow-venv/lib/python3.12/site-packages/airflow/example_dags/example_short_circuit_operator.py
[2024-12-17T04:45:03.390+0000] {processor.py:914} INFO - Processing file /root/airflow-venv/lib/python3.12/site-packages/airflow/example_dags/example_short_circuit_operator.py for tasks to queue
[2024-12-17T04:45:03.393+0000] {logging_mixin.py:190} INFO - [2024-12-17T04:45:03.393+0000] {dagbag.py:588} INFO - Filling up the DagBag from /root/airflow-venv/lib/python3.12/site-packages/airflow/example_dags/example_short_circuit_operator.py
[2024-12-17T04:45:03.410+0000] {processor.py:925} INFO - DAG(s) 'example_short_circuit_operator' retrieved from /root/airflow-venv/lib/python3.12/site-packages/airflow/example_dags/example_short_circuit_operator.py
[2024-12-17T04:45:03.446+0000] {logging_mixin.py:190} INFO - [2024-12-17T04:45:03.446+0000] {dag.py:3239} INFO - Sync 1 DAGs
[2024-12-17T04:45:03.469+0000] {logging_mixin.py:190} INFO - [2024-12-17T04:45:03.468+0000] {dag.py:4180} INFO - Setting next_dagrun for example_short_circuit_operator to None, run_after=None
[2024-12-17T04:45:03.500+0000] {processor.py:208} INFO - Processing /root/airflow-venv/lib/python3.12/site-packages/airflow/example_dags/example_short_circuit_operator.py took 0.122 seconds
[2024-12-17T04:45:59.433+0000] {processor.py:186} INFO - Started process (PID=434429) to work on /root/airflow-venv/lib/python3.12/site-packages/airflow/example_dags/example_short_circuit_operator.py
[2024-12-17T04:45:59.435+0000] {processor.py:914} INFO - Processing file /root/airflow-venv/lib/python3.12/site-packages/airflow/example_dags/example_short_circuit_operator.py for tasks to queue
[2024-12-17T04:45:59.439+0000] {logging_mixin.py:190} INFO - [2024-12-17T04:45:59.438+0000] {dagbag.py:588} INFO - Filling up the DagBag from /root/airflow-venv/lib/python3.12/site-packages/airflow/example_dags/example_short_circuit_operator.py
[2024-12-17T04:45:59.454+0000] {processor.py:925} INFO - DAG(s) 'example_short_circuit_operator' retrieved from /root/airflow-venv/lib/python3.12/site-packages/airflow/example_dags/example_short_circuit_operator.py
[2024-12-17T04:45:59.490+0000] {logging_mixin.py:190} INFO - [2024-12-17T04:45:59.490+0000] {dag.py:3239} INFO - Sync 1 DAGs
[2024-12-17T04:45:59.508+0000] {logging_mixin.py:190} INFO - [2024-12-17T04:45:59.507+0000] {dag.py:4180} INFO - Setting next_dagrun for example_short_circuit_operator to None, run_after=None
[2024-12-17T04:45:59.536+0000] {processor.py:208} INFO - Processing /root/airflow-venv/lib/python3.12/site-packages/airflow/example_dags/example_short_circuit_operator.py took 0.112 seconds
[2024-12-17T04:54:53.635+0000] {processor.py:186} INFO - Started process (PID=434588) to work on /root/airflow-venv/lib/python3.12/site-packages/airflow/example_dags/example_short_circuit_operator.py
[2024-12-17T04:54:53.637+0000] {processor.py:914} INFO - Processing file /root/airflow-venv/lib/python3.12/site-packages/airflow/example_dags/example_short_circuit_operator.py for tasks to queue
[2024-12-17T04:54:53.640+0000] {logging_mixin.py:190} INFO - [2024-12-17T04:54:53.640+0000] {dagbag.py:588} INFO - Filling up the DagBag from /root/airflow-venv/lib/python3.12/site-packages/airflow/example_dags/example_short_circuit_operator.py
[2024-12-17T04:54:53.654+0000] {processor.py:925} INFO - DAG(s) 'example_short_circuit_operator' retrieved from /root/airflow-venv/lib/python3.12/site-packages/airflow/example_dags/example_short_circuit_operator.py
[2024-12-17T04:54:53.682+0000] {logging_mixin.py:190} INFO - [2024-12-17T04:54:53.682+0000] {dag.py:3239} INFO - Sync 1 DAGs
[2024-12-17T04:54:53.700+0000] {logging_mixin.py:190} INFO - [2024-12-17T04:54:53.700+0000] {dag.py:4180} INFO - Setting next_dagrun for example_short_circuit_operator to None, run_after=None
[2024-12-17T04:54:53.727+0000] {processor.py:208} INFO - Processing /root/airflow-venv/lib/python3.12/site-packages/airflow/example_dags/example_short_circuit_operator.py took 0.102 seconds
[2024-12-17T04:55:52.761+0000] {processor.py:186} INFO - Started process (PID=434655) to work on /root/airflow-venv/lib/python3.12/site-packages/airflow/example_dags/example_short_circuit_operator.py
[2024-12-17T04:55:52.763+0000] {processor.py:914} INFO - Processing file /root/airflow-venv/lib/python3.12/site-packages/airflow/example_dags/example_short_circuit_operator.py for tasks to queue
[2024-12-17T04:55:52.765+0000] {logging_mixin.py:190} INFO - [2024-12-17T04:55:52.765+0000] {dagbag.py:588} INFO - Filling up the DagBag from /root/airflow-venv/lib/python3.12/site-packages/airflow/example_dags/example_short_circuit_operator.py
[2024-12-17T04:55:52.777+0000] {processor.py:925} INFO - DAG(s) 'example_short_circuit_operator' retrieved from /root/airflow-venv/lib/python3.12/site-packages/airflow/example_dags/example_short_circuit_operator.py
[2024-12-17T04:55:52.801+0000] {logging_mixin.py:190} INFO - [2024-12-17T04:55:52.801+0000] {dag.py:3239} INFO - Sync 1 DAGs
[2024-12-17T04:55:52.815+0000] {logging_mixin.py:190} INFO - [2024-12-17T04:55:52.815+0000] {dag.py:4180} INFO - Setting next_dagrun for example_short_circuit_operator to None, run_after=None
[2024-12-17T04:55:52.838+0000] {processor.py:208} INFO - Processing /root/airflow-venv/lib/python3.12/site-packages/airflow/example_dags/example_short_circuit_operator.py took 0.084 seconds
[2024-12-17T04:56:49.716+0000] {processor.py:186} INFO - Started process (PID=434716) to work on /root/airflow-venv/lib/python3.12/site-packages/airflow/example_dags/example_short_circuit_operator.py
[2024-12-17T04:56:49.718+0000] {processor.py:914} INFO - Processing file /root/airflow-venv/lib/python3.12/site-packages/airflow/example_dags/example_short_circuit_operator.py for tasks to queue
[2024-12-17T04:56:49.722+0000] {logging_mixin.py:190} INFO - [2024-12-17T04:56:49.721+0000] {dagbag.py:588} INFO - Filling up the DagBag from /root/airflow-venv/lib/python3.12/site-packages/airflow/example_dags/example_short_circuit_operator.py
[2024-12-17T04:56:49.737+0000] {processor.py:925} INFO - DAG(s) 'example_short_circuit_operator' retrieved from /root/airflow-venv/lib/python3.12/site-packages/airflow/example_dags/example_short_circuit_operator.py
[2024-12-17T04:56:49.771+0000] {logging_mixin.py:190} INFO - [2024-12-17T04:56:49.770+0000] {dag.py:3239} INFO - Sync 1 DAGs
[2024-12-17T04:56:49.790+0000] {logging_mixin.py:190} INFO - [2024-12-17T04:56:49.790+0000] {dag.py:4180} INFO - Setting next_dagrun for example_short_circuit_operator to None, run_after=None
[2024-12-17T04:56:49.813+0000] {processor.py:208} INFO - Processing /root/airflow-venv/lib/python3.12/site-packages/airflow/example_dags/example_short_circuit_operator.py took 0.107 seconds
