[2024-12-17T04:42:46.167+0000] {processor.py:186} INFO - Started process (PID=434259) to work on /root/airflow-venv/lib/python3.12/site-packages/airflow/example_dags/example_task_group.py
[2024-12-17T04:42:46.168+0000] {processor.py:914} INFO - Processing file /root/airflow-venv/lib/python3.12/site-packages/airflow/example_dags/example_task_group.py for tasks to queue
[2024-12-17T04:42:46.171+0000] {logging_mixin.py:190} INFO - [2024-12-17T04:42:46.170+0000] {dagbag.py:588} INFO - Filling up the DagBag from /root/airflow-venv/lib/python3.12/site-packages/airflow/example_dags/example_task_group.py
[2024-12-17T04:42:46.181+0000] {processor.py:925} INFO - DAG(s) 'example_task_group' retrieved from /root/airflow-venv/lib/python3.12/site-packages/airflow/example_dags/example_task_group.py
[2024-12-17T04:42:46.205+0000] {logging_mixin.py:190} INFO - [2024-12-17T04:42:46.204+0000] {dag.py:3239} INFO - Sync 1 DAGs
[2024-12-17T04:42:46.222+0000] {logging_mixin.py:190} INFO - [2024-12-17T04:42:46.222+0000] {dag.py:4180} INFO - Setting next_dagrun for example_task_group to None, run_after=None
[2024-12-17T04:42:46.244+0000] {processor.py:208} INFO - Processing /root/airflow-venv/lib/python3.12/site-packages/airflow/example_dags/example_task_group.py took 0.084 seconds
[2024-12-17T04:44:58.110+0000] {processor.py:186} INFO - Started process (PID=434363) to work on /root/airflow-venv/lib/python3.12/site-packages/airflow/example_dags/example_task_group.py
[2024-12-17T04:44:58.111+0000] {processor.py:914} INFO - Processing file /root/airflow-venv/lib/python3.12/site-packages/airflow/example_dags/example_task_group.py for tasks to queue
[2024-12-17T04:44:58.113+0000] {logging_mixin.py:190} INFO - [2024-12-17T04:44:58.113+0000] {dagbag.py:588} INFO - Filling up the DagBag from /root/airflow-venv/lib/python3.12/site-packages/airflow/example_dags/example_task_group.py
[2024-12-17T04:44:58.123+0000] {processor.py:925} INFO - DAG(s) 'example_task_group' retrieved from /root/airflow-venv/lib/python3.12/site-packages/airflow/example_dags/example_task_group.py
[2024-12-17T04:44:58.144+0000] {logging_mixin.py:190} INFO - [2024-12-17T04:44:58.144+0000] {dag.py:3239} INFO - Sync 1 DAGs
[2024-12-17T04:44:58.159+0000] {logging_mixin.py:190} INFO - [2024-12-17T04:44:58.159+0000] {dag.py:4180} INFO - Setting next_dagrun for example_task_group to None, run_after=None
[2024-12-17T04:44:58.182+0000] {processor.py:208} INFO - Processing /root/airflow-venv/lib/python3.12/site-packages/airflow/example_dags/example_task_group.py took 0.078 seconds
[2024-12-17T04:45:54.270+0000] {processor.py:186} INFO - Started process (PID=434424) to work on /root/airflow-venv/lib/python3.12/site-packages/airflow/example_dags/example_task_group.py
[2024-12-17T04:45:54.272+0000] {processor.py:914} INFO - Processing file /root/airflow-venv/lib/python3.12/site-packages/airflow/example_dags/example_task_group.py for tasks to queue
[2024-12-17T04:45:54.274+0000] {logging_mixin.py:190} INFO - [2024-12-17T04:45:54.274+0000] {dagbag.py:588} INFO - Filling up the DagBag from /root/airflow-venv/lib/python3.12/site-packages/airflow/example_dags/example_task_group.py
[2024-12-17T04:45:54.285+0000] {processor.py:925} INFO - DAG(s) 'example_task_group' retrieved from /root/airflow-venv/lib/python3.12/site-packages/airflow/example_dags/example_task_group.py
[2024-12-17T04:45:54.304+0000] {logging_mixin.py:190} INFO - [2024-12-17T04:45:54.304+0000] {dag.py:3239} INFO - Sync 1 DAGs
[2024-12-17T04:45:54.317+0000] {logging_mixin.py:190} INFO - [2024-12-17T04:45:54.317+0000] {dag.py:4180} INFO - Setting next_dagrun for example_task_group to None, run_after=None
[2024-12-17T04:45:54.352+0000] {processor.py:208} INFO - Processing /root/airflow-venv/lib/python3.12/site-packages/airflow/example_dags/example_task_group.py took 0.089 seconds
[2024-12-17T04:54:48.267+0000] {processor.py:186} INFO - Started process (PID=434583) to work on /root/airflow-venv/lib/python3.12/site-packages/airflow/example_dags/example_task_group.py
[2024-12-17T04:54:48.269+0000] {processor.py:914} INFO - Processing file /root/airflow-venv/lib/python3.12/site-packages/airflow/example_dags/example_task_group.py for tasks to queue
[2024-12-17T04:54:48.272+0000] {logging_mixin.py:190} INFO - [2024-12-17T04:54:48.272+0000] {dagbag.py:588} INFO - Filling up the DagBag from /root/airflow-venv/lib/python3.12/site-packages/airflow/example_dags/example_task_group.py
[2024-12-17T04:54:48.286+0000] {processor.py:925} INFO - DAG(s) 'example_task_group' retrieved from /root/airflow-venv/lib/python3.12/site-packages/airflow/example_dags/example_task_group.py
[2024-12-17T04:54:48.315+0000] {logging_mixin.py:190} INFO - [2024-12-17T04:54:48.315+0000] {dag.py:3239} INFO - Sync 1 DAGs
[2024-12-17T04:54:48.334+0000] {logging_mixin.py:190} INFO - [2024-12-17T04:54:48.334+0000] {dag.py:4180} INFO - Setting next_dagrun for example_task_group to None, run_after=None
[2024-12-17T04:54:48.358+0000] {processor.py:208} INFO - Processing /root/airflow-venv/lib/python3.12/site-packages/airflow/example_dags/example_task_group.py took 0.099 seconds
[2024-12-17T04:55:47.644+0000] {processor.py:186} INFO - Started process (PID=434650) to work on /root/airflow-venv/lib/python3.12/site-packages/airflow/example_dags/example_task_group.py
[2024-12-17T04:55:47.646+0000] {processor.py:914} INFO - Processing file /root/airflow-venv/lib/python3.12/site-packages/airflow/example_dags/example_task_group.py for tasks to queue
[2024-12-17T04:55:47.648+0000] {logging_mixin.py:190} INFO - [2024-12-17T04:55:47.648+0000] {dagbag.py:588} INFO - Filling up the DagBag from /root/airflow-venv/lib/python3.12/site-packages/airflow/example_dags/example_task_group.py
[2024-12-17T04:55:47.660+0000] {processor.py:925} INFO - DAG(s) 'example_task_group' retrieved from /root/airflow-venv/lib/python3.12/site-packages/airflow/example_dags/example_task_group.py
[2024-12-17T04:55:47.681+0000] {logging_mixin.py:190} INFO - [2024-12-17T04:55:47.681+0000] {dag.py:3239} INFO - Sync 1 DAGs
[2024-12-17T04:55:47.695+0000] {logging_mixin.py:190} INFO - [2024-12-17T04:55:47.694+0000] {dag.py:4180} INFO - Setting next_dagrun for example_task_group to None, run_after=None
[2024-12-17T04:55:47.720+0000] {processor.py:208} INFO - Processing /root/airflow-venv/lib/python3.12/site-packages/airflow/example_dags/example_task_group.py took 0.084 seconds
[2024-12-17T04:56:44.761+0000] {processor.py:186} INFO - Started process (PID=434709) to work on /root/airflow-venv/lib/python3.12/site-packages/airflow/example_dags/example_task_group.py
[2024-12-17T04:56:44.763+0000] {processor.py:914} INFO - Processing file /root/airflow-venv/lib/python3.12/site-packages/airflow/example_dags/example_task_group.py for tasks to queue
[2024-12-17T04:56:44.766+0000] {logging_mixin.py:190} INFO - [2024-12-17T04:56:44.765+0000] {dagbag.py:588} INFO - Filling up the DagBag from /root/airflow-venv/lib/python3.12/site-packages/airflow/example_dags/example_task_group.py
[2024-12-17T04:56:44.777+0000] {processor.py:925} INFO - DAG(s) 'example_task_group' retrieved from /root/airflow-venv/lib/python3.12/site-packages/airflow/example_dags/example_task_group.py
[2024-12-17T04:56:44.800+0000] {logging_mixin.py:190} INFO - [2024-12-17T04:56:44.800+0000] {dag.py:3239} INFO - Sync 1 DAGs
[2024-12-17T04:56:44.817+0000] {logging_mixin.py:190} INFO - [2024-12-17T04:56:44.817+0000] {dag.py:4180} INFO - Setting next_dagrun for example_task_group to None, run_after=None
[2024-12-17T04:56:44.845+0000] {processor.py:208} INFO - Processing /root/airflow-venv/lib/python3.12/site-packages/airflow/example_dags/example_task_group.py took 0.092 seconds
