[2024-12-17T04:43:18.753+0000] {processor.py:186} INFO - Started process (PID=434292) to work on /root/airflow-venv/lib/python3.12/site-packages/airflow/example_dags/example_complex.py
[2024-12-17T04:43:18.755+0000] {processor.py:914} INFO - Processing file /root/airflow-venv/lib/python3.12/site-packages/airflow/example_dags/example_complex.py for tasks to queue
[2024-12-17T04:43:18.758+0000] {logging_mixin.py:190} INFO - [2024-12-17T04:43:18.757+0000] {dagbag.py:588} INFO - Filling up the DagBag from /root/airflow-venv/lib/python3.12/site-packages/airflow/example_dags/example_complex.py
[2024-12-17T04:43:18.777+0000] {processor.py:925} INFO - DAG(s) 'example_complex' retrieved from /root/airflow-venv/lib/python3.12/site-packages/airflow/example_dags/example_complex.py
[2024-12-17T04:43:18.821+0000] {logging_mixin.py:190} INFO - [2024-12-17T04:43:18.820+0000] {dag.py:3239} INFO - Sync 1 DAGs
[2024-12-17T04:43:18.836+0000] {logging_mixin.py:190} INFO - [2024-12-17T04:43:18.835+0000] {dag.py:4180} INFO - Setting next_dagrun for example_complex to None, run_after=None
[2024-12-17T04:43:18.865+0000] {processor.py:208} INFO - Processing /root/airflow-venv/lib/python3.12/site-packages/airflow/example_dags/example_complex.py took 0.119 seconds
[2024-12-17T04:45:30.698+0000] {processor.py:186} INFO - Started process (PID=434398) to work on /root/airflow-venv/lib/python3.12/site-packages/airflow/example_dags/example_complex.py
[2024-12-17T04:45:30.700+0000] {processor.py:914} INFO - Processing file /root/airflow-venv/lib/python3.12/site-packages/airflow/example_dags/example_complex.py for tasks to queue
[2024-12-17T04:45:30.702+0000] {logging_mixin.py:190} INFO - [2024-12-17T04:45:30.702+0000] {dagbag.py:588} INFO - Filling up the DagBag from /root/airflow-venv/lib/python3.12/site-packages/airflow/example_dags/example_complex.py
[2024-12-17T04:45:30.716+0000] {processor.py:925} INFO - DAG(s) 'example_complex' retrieved from /root/airflow-venv/lib/python3.12/site-packages/airflow/example_dags/example_complex.py
[2024-12-17T04:45:30.744+0000] {logging_mixin.py:190} INFO - [2024-12-17T04:45:30.744+0000] {dag.py:3239} INFO - Sync 1 DAGs
[2024-12-17T04:45:30.757+0000] {logging_mixin.py:190} INFO - [2024-12-17T04:45:30.757+0000] {dag.py:4180} INFO - Setting next_dagrun for example_complex to None, run_after=None
[2024-12-17T04:45:30.778+0000] {processor.py:208} INFO - Processing /root/airflow-venv/lib/python3.12/site-packages/airflow/example_dags/example_complex.py took 0.086 seconds
[2024-12-17T04:55:20.874+0000] {processor.py:186} INFO - Started process (PID=434619) to work on /root/airflow-venv/lib/python3.12/site-packages/airflow/example_dags/example_complex.py
[2024-12-17T04:55:20.875+0000] {processor.py:914} INFO - Processing file /root/airflow-venv/lib/python3.12/site-packages/airflow/example_dags/example_complex.py for tasks to queue
[2024-12-17T04:55:20.878+0000] {logging_mixin.py:190} INFO - [2024-12-17T04:55:20.877+0000] {dagbag.py:588} INFO - Filling up the DagBag from /root/airflow-venv/lib/python3.12/site-packages/airflow/example_dags/example_complex.py
[2024-12-17T04:55:20.891+0000] {processor.py:925} INFO - DAG(s) 'example_complex' retrieved from /root/airflow-venv/lib/python3.12/site-packages/airflow/example_dags/example_complex.py
[2024-12-17T04:55:20.921+0000] {logging_mixin.py:190} INFO - [2024-12-17T04:55:20.921+0000] {dag.py:3239} INFO - Sync 1 DAGs
[2024-12-17T04:55:20.934+0000] {logging_mixin.py:190} INFO - [2024-12-17T04:55:20.934+0000] {dag.py:4180} INFO - Setting next_dagrun for example_complex to None, run_after=None
[2024-12-17T04:55:20.958+0000] {processor.py:208} INFO - Processing /root/airflow-venv/lib/python3.12/site-packages/airflow/example_dags/example_complex.py took 0.092 seconds
[2024-12-17T04:56:19.269+0000] {processor.py:186} INFO - Started process (PID=434681) to work on /root/airflow-venv/lib/python3.12/site-packages/airflow/example_dags/example_complex.py
[2024-12-17T04:56:19.271+0000] {processor.py:914} INFO - Processing file /root/airflow-venv/lib/python3.12/site-packages/airflow/example_dags/example_complex.py for tasks to queue
[2024-12-17T04:56:19.274+0000] {logging_mixin.py:190} INFO - [2024-12-17T04:56:19.273+0000] {dagbag.py:588} INFO - Filling up the DagBag from /root/airflow-venv/lib/python3.12/site-packages/airflow/example_dags/example_complex.py
[2024-12-17T04:56:19.293+0000] {processor.py:925} INFO - DAG(s) 'example_complex' retrieved from /root/airflow-venv/lib/python3.12/site-packages/airflow/example_dags/example_complex.py
[2024-12-17T04:56:19.329+0000] {logging_mixin.py:190} INFO - [2024-12-17T04:56:19.328+0000] {dag.py:3239} INFO - Sync 1 DAGs
[2024-12-17T04:56:19.341+0000] {logging_mixin.py:190} INFO - [2024-12-17T04:56:19.341+0000] {dag.py:4180} INFO - Setting next_dagrun for example_complex to None, run_after=None
[2024-12-17T04:56:19.367+0000] {processor.py:208} INFO - Processing /root/airflow-venv/lib/python3.12/site-packages/airflow/example_dags/example_complex.py took 0.108 seconds
[2024-12-17T04:57:15.537+0000] {processor.py:186} INFO - Started process (PID=434744) to work on /root/airflow-venv/lib/python3.12/site-packages/airflow/example_dags/example_complex.py
[2024-12-17T04:57:15.538+0000] {processor.py:914} INFO - Processing file /root/airflow-venv/lib/python3.12/site-packages/airflow/example_dags/example_complex.py for tasks to queue
[2024-12-17T04:57:15.541+0000] {logging_mixin.py:190} INFO - [2024-12-17T04:57:15.540+0000] {dagbag.py:588} INFO - Filling up the DagBag from /root/airflow-venv/lib/python3.12/site-packages/airflow/example_dags/example_complex.py
[2024-12-17T04:57:15.556+0000] {processor.py:925} INFO - DAG(s) 'example_complex' retrieved from /root/airflow-venv/lib/python3.12/site-packages/airflow/example_dags/example_complex.py
[2024-12-17T04:57:15.590+0000] {logging_mixin.py:190} INFO - [2024-12-17T04:57:15.590+0000] {dag.py:3239} INFO - Sync 1 DAGs
[2024-12-17T04:57:15.606+0000] {logging_mixin.py:190} INFO - [2024-12-17T04:57:15.606+0000] {dag.py:4180} INFO - Setting next_dagrun for example_complex to None, run_after=None
[2024-12-17T04:57:15.633+0000] {processor.py:208} INFO - Processing /root/airflow-venv/lib/python3.12/site-packages/airflow/example_dags/example_complex.py took 0.104 seconds
