[2024-12-17T04:43:17.609+0000] {processor.py:186} INFO - Started process (PID=434291) to work on /root/airflow-venv/lib/python3.12/site-packages/airflow/example_dags/example_branch_operator.py
[2024-12-17T04:43:17.610+0000] {processor.py:914} INFO - Processing file /root/airflow-venv/lib/python3.12/site-packages/airflow/example_dags/example_branch_operator.py for tasks to queue
[2024-12-17T04:43:17.613+0000] {logging_mixin.py:190} INFO - [2024-12-17T04:43:17.613+0000] {dagbag.py:588} INFO - Filling up the DagBag from /root/airflow-venv/lib/python3.12/site-packages/airflow/example_dags/example_branch_operator.py
[2024-12-17T04:43:17.618+0000] {processor.py:927} WARNING - No viable dags retrieved from /root/airflow-venv/lib/python3.12/site-packages/airflow/example_dags/example_branch_operator.py
[2024-12-17T04:43:17.634+0000] {processor.py:208} INFO - Processing /root/airflow-venv/lib/python3.12/site-packages/airflow/example_dags/example_branch_operator.py took 0.033 seconds
[2024-12-17T04:45:29.556+0000] {processor.py:186} INFO - Started process (PID=434397) to work on /root/airflow-venv/lib/python3.12/site-packages/airflow/example_dags/example_branch_operator.py
[2024-12-17T04:45:29.557+0000] {processor.py:914} INFO - Processing file /root/airflow-venv/lib/python3.12/site-packages/airflow/example_dags/example_branch_operator.py for tasks to queue
[2024-12-17T04:45:29.560+0000] {logging_mixin.py:190} INFO - [2024-12-17T04:45:29.559+0000] {dagbag.py:588} INFO - Filling up the DagBag from /root/airflow-venv/lib/python3.12/site-packages/airflow/example_dags/example_branch_operator.py
[2024-12-17T04:45:29.563+0000] {processor.py:927} WARNING - No viable dags retrieved from /root/airflow-venv/lib/python3.12/site-packages/airflow/example_dags/example_branch_operator.py
[2024-12-17T04:45:29.577+0000] {processor.py:208} INFO - Processing /root/airflow-venv/lib/python3.12/site-packages/airflow/example_dags/example_branch_operator.py took 0.028 seconds
[2024-12-17T04:55:19.726+0000] {processor.py:186} INFO - Started process (PID=434618) to work on /root/airflow-venv/lib/python3.12/site-packages/airflow/example_dags/example_branch_operator.py
[2024-12-17T04:55:19.727+0000] {processor.py:914} INFO - Processing file /root/airflow-venv/lib/python3.12/site-packages/airflow/example_dags/example_branch_operator.py for tasks to queue
[2024-12-17T04:55:19.730+0000] {logging_mixin.py:190} INFO - [2024-12-17T04:55:19.730+0000] {dagbag.py:588} INFO - Filling up the DagBag from /root/airflow-venv/lib/python3.12/site-packages/airflow/example_dags/example_branch_operator.py
[2024-12-17T04:55:19.734+0000] {processor.py:927} WARNING - No viable dags retrieved from /root/airflow-venv/lib/python3.12/site-packages/airflow/example_dags/example_branch_operator.py
[2024-12-17T04:55:19.748+0000] {processor.py:208} INFO - Processing /root/airflow-venv/lib/python3.12/site-packages/airflow/example_dags/example_branch_operator.py took 0.029 seconds
[2024-12-17T04:56:18.157+0000] {processor.py:186} INFO - Started process (PID=434680) to work on /root/airflow-venv/lib/python3.12/site-packages/airflow/example_dags/example_branch_operator.py
[2024-12-17T04:56:18.158+0000] {processor.py:914} INFO - Processing file /root/airflow-venv/lib/python3.12/site-packages/airflow/example_dags/example_branch_operator.py for tasks to queue
[2024-12-17T04:56:18.161+0000] {logging_mixin.py:190} INFO - [2024-12-17T04:56:18.161+0000] {dagbag.py:588} INFO - Filling up the DagBag from /root/airflow-venv/lib/python3.12/site-packages/airflow/example_dags/example_branch_operator.py
[2024-12-17T04:56:18.165+0000] {processor.py:927} WARNING - No viable dags retrieved from /root/airflow-venv/lib/python3.12/site-packages/airflow/example_dags/example_branch_operator.py
[2024-12-17T04:56:18.179+0000] {processor.py:208} INFO - Processing /root/airflow-venv/lib/python3.12/site-packages/airflow/example_dags/example_branch_operator.py took 0.029 seconds
[2024-12-17T04:57:14.381+0000] {processor.py:186} INFO - Started process (PID=434743) to work on /root/airflow-venv/lib/python3.12/site-packages/airflow/example_dags/example_branch_operator.py
[2024-12-17T04:57:14.383+0000] {processor.py:914} INFO - Processing file /root/airflow-venv/lib/python3.12/site-packages/airflow/example_dags/example_branch_operator.py for tasks to queue
[2024-12-17T04:57:14.386+0000] {logging_mixin.py:190} INFO - [2024-12-17T04:57:14.385+0000] {dagbag.py:588} INFO - Filling up the DagBag from /root/airflow-venv/lib/python3.12/site-packages/airflow/example_dags/example_branch_operator.py
[2024-12-17T04:57:14.389+0000] {processor.py:927} WARNING - No viable dags retrieved from /root/airflow-venv/lib/python3.12/site-packages/airflow/example_dags/example_branch_operator.py
[2024-12-17T04:57:14.404+0000] {processor.py:208} INFO - Processing /root/airflow-venv/lib/python3.12/site-packages/airflow/example_dags/example_branch_operator.py took 0.030 seconds
