[2024-12-17T04:42:45.023+0000] {processor.py:186} INFO - Started process (PID=434258) to work on /root/airflow-venv/lib/python3.12/site-packages/airflow/example_dags/example_task_group_decorator.py
[2024-12-17T04:42:45.024+0000] {processor.py:914} INFO - Processing file /root/airflow-venv/lib/python3.12/site-packages/airflow/example_dags/example_task_group_decorator.py for tasks to queue
[2024-12-17T04:42:45.026+0000] {logging_mixin.py:190} INFO - [2024-12-17T04:42:45.026+0000] {dagbag.py:588} INFO - Filling up the DagBag from /root/airflow-venv/lib/python3.12/site-packages/airflow/example_dags/example_task_group_decorator.py
[2024-12-17T04:42:45.046+0000] {processor.py:925} INFO - DAG(s) 'example_task_group_decorator' retrieved from /root/airflow-venv/lib/python3.12/site-packages/airflow/example_dags/example_task_group_decorator.py
[2024-12-17T04:42:45.072+0000] {logging_mixin.py:190} INFO - [2024-12-17T04:42:45.071+0000] {dag.py:3239} INFO - Sync 1 DAGs
[2024-12-17T04:42:45.087+0000] {logging_mixin.py:190} INFO - [2024-12-17T04:42:45.086+0000] {dag.py:4180} INFO - Setting next_dagrun for example_task_group_decorator to None, run_after=None
[2024-12-17T04:42:45.109+0000] {processor.py:208} INFO - Processing /root/airflow-venv/lib/python3.12/site-packages/airflow/example_dags/example_task_group_decorator.py took 0.093 seconds
[2024-12-17T04:44:56.961+0000] {processor.py:186} INFO - Started process (PID=434362) to work on /root/airflow-venv/lib/python3.12/site-packages/airflow/example_dags/example_task_group_decorator.py
[2024-12-17T04:44:56.962+0000] {processor.py:914} INFO - Processing file /root/airflow-venv/lib/python3.12/site-packages/airflow/example_dags/example_task_group_decorator.py for tasks to queue
[2024-12-17T04:44:56.964+0000] {logging_mixin.py:190} INFO - [2024-12-17T04:44:56.964+0000] {dagbag.py:588} INFO - Filling up the DagBag from /root/airflow-venv/lib/python3.12/site-packages/airflow/example_dags/example_task_group_decorator.py
[2024-12-17T04:44:56.982+0000] {processor.py:925} INFO - DAG(s) 'example_task_group_decorator' retrieved from /root/airflow-venv/lib/python3.12/site-packages/airflow/example_dags/example_task_group_decorator.py
[2024-12-17T04:44:57.007+0000] {logging_mixin.py:190} INFO - [2024-12-17T04:44:57.006+0000] {dag.py:3239} INFO - Sync 1 DAGs
[2024-12-17T04:44:57.020+0000] {logging_mixin.py:190} INFO - [2024-12-17T04:44:57.020+0000] {dag.py:4180} INFO - Setting next_dagrun for example_task_group_decorator to None, run_after=None
[2024-12-17T04:44:57.044+0000] {processor.py:208} INFO - Processing /root/airflow-venv/lib/python3.12/site-packages/airflow/example_dags/example_task_group_decorator.py took 0.090 seconds
[2024-12-17T04:45:53.846+0000] {processor.py:186} INFO - Started process (PID=434423) to work on /root/airflow-venv/lib/python3.12/site-packages/airflow/example_dags/example_task_group_decorator.py
[2024-12-17T04:45:53.848+0000] {processor.py:914} INFO - Processing file /root/airflow-venv/lib/python3.12/site-packages/airflow/example_dags/example_task_group_decorator.py for tasks to queue
[2024-12-17T04:45:53.850+0000] {logging_mixin.py:190} INFO - [2024-12-17T04:45:53.850+0000] {dagbag.py:588} INFO - Filling up the DagBag from /root/airflow-venv/lib/python3.12/site-packages/airflow/example_dags/example_task_group_decorator.py
[2024-12-17T04:45:53.868+0000] {processor.py:925} INFO - DAG(s) 'example_task_group_decorator' retrieved from /root/airflow-venv/lib/python3.12/site-packages/airflow/example_dags/example_task_group_decorator.py
[2024-12-17T04:45:53.890+0000] {logging_mixin.py:190} INFO - [2024-12-17T04:45:53.890+0000] {dag.py:3239} INFO - Sync 1 DAGs
[2024-12-17T04:45:53.903+0000] {logging_mixin.py:190} INFO - [2024-12-17T04:45:53.902+0000] {dag.py:4180} INFO - Setting next_dagrun for example_task_group_decorator to None, run_after=None
[2024-12-17T04:45:53.924+0000] {processor.py:208} INFO - Processing /root/airflow-venv/lib/python3.12/site-packages/airflow/example_dags/example_task_group_decorator.py took 0.084 seconds
[2024-12-17T04:54:47.114+0000] {processor.py:186} INFO - Started process (PID=434582) to work on /root/airflow-venv/lib/python3.12/site-packages/airflow/example_dags/example_task_group_decorator.py
[2024-12-17T04:54:47.115+0000] {processor.py:914} INFO - Processing file /root/airflow-venv/lib/python3.12/site-packages/airflow/example_dags/example_task_group_decorator.py for tasks to queue
[2024-12-17T04:54:47.118+0000] {logging_mixin.py:190} INFO - [2024-12-17T04:54:47.117+0000] {dagbag.py:588} INFO - Filling up the DagBag from /root/airflow-venv/lib/python3.12/site-packages/airflow/example_dags/example_task_group_decorator.py
[2024-12-17T04:54:47.136+0000] {processor.py:925} INFO - DAG(s) 'example_task_group_decorator' retrieved from /root/airflow-venv/lib/python3.12/site-packages/airflow/example_dags/example_task_group_decorator.py
[2024-12-17T04:54:47.161+0000] {logging_mixin.py:190} INFO - [2024-12-17T04:54:47.161+0000] {dag.py:3239} INFO - Sync 1 DAGs
[2024-12-17T04:54:47.176+0000] {logging_mixin.py:190} INFO - [2024-12-17T04:54:47.176+0000] {dag.py:4180} INFO - Setting next_dagrun for example_task_group_decorator to None, run_after=None
[2024-12-17T04:54:47.199+0000] {processor.py:208} INFO - Processing /root/airflow-venv/lib/python3.12/site-packages/airflow/example_dags/example_task_group_decorator.py took 0.092 seconds
[2024-12-17T04:55:46.395+0000] {processor.py:186} INFO - Started process (PID=434649) to work on /root/airflow-venv/lib/python3.12/site-packages/airflow/example_dags/example_task_group_decorator.py
[2024-12-17T04:55:46.397+0000] {processor.py:914} INFO - Processing file /root/airflow-venv/lib/python3.12/site-packages/airflow/example_dags/example_task_group_decorator.py for tasks to queue
[2024-12-17T04:55:46.399+0000] {logging_mixin.py:190} INFO - [2024-12-17T04:55:46.399+0000] {dagbag.py:588} INFO - Filling up the DagBag from /root/airflow-venv/lib/python3.12/site-packages/airflow/example_dags/example_task_group_decorator.py
[2024-12-17T04:55:46.418+0000] {processor.py:925} INFO - DAG(s) 'example_task_group_decorator' retrieved from /root/airflow-venv/lib/python3.12/site-packages/airflow/example_dags/example_task_group_decorator.py
[2024-12-17T04:55:46.447+0000] {logging_mixin.py:190} INFO - [2024-12-17T04:55:46.446+0000] {dag.py:3239} INFO - Sync 1 DAGs
[2024-12-17T04:55:46.463+0000] {logging_mixin.py:190} INFO - [2024-12-17T04:55:46.463+0000] {dag.py:4180} INFO - Setting next_dagrun for example_task_group_decorator to None, run_after=None
[2024-12-17T04:55:46.490+0000] {processor.py:208} INFO - Processing /root/airflow-venv/lib/python3.12/site-packages/airflow/example_dags/example_task_group_decorator.py took 0.102 seconds
[2024-12-17T04:56:43.620+0000] {processor.py:186} INFO - Started process (PID=434706) to work on /root/airflow-venv/lib/python3.12/site-packages/airflow/example_dags/example_task_group_decorator.py
[2024-12-17T04:56:43.621+0000] {processor.py:914} INFO - Processing file /root/airflow-venv/lib/python3.12/site-packages/airflow/example_dags/example_task_group_decorator.py for tasks to queue
[2024-12-17T04:56:43.624+0000] {logging_mixin.py:190} INFO - [2024-12-17T04:56:43.623+0000] {dagbag.py:588} INFO - Filling up the DagBag from /root/airflow-venv/lib/python3.12/site-packages/airflow/example_dags/example_task_group_decorator.py
[2024-12-17T04:56:43.644+0000] {processor.py:925} INFO - DAG(s) 'example_task_group_decorator' retrieved from /root/airflow-venv/lib/python3.12/site-packages/airflow/example_dags/example_task_group_decorator.py
[2024-12-17T04:56:43.668+0000] {logging_mixin.py:190} INFO - [2024-12-17T04:56:43.668+0000] {dag.py:3239} INFO - Sync 1 DAGs
[2024-12-17T04:56:43.681+0000] {logging_mixin.py:190} INFO - [2024-12-17T04:56:43.680+0000] {dag.py:4180} INFO - Setting next_dagrun for example_task_group_decorator to None, run_after=None
[2024-12-17T04:56:43.700+0000] {processor.py:208} INFO - Processing /root/airflow-venv/lib/python3.12/site-packages/airflow/example_dags/example_task_group_decorator.py took 0.088 seconds
