[2024-12-17T04:42:50.181+0000] {processor.py:186} INFO - Started process (PID=434263) to work on /root/airflow-venv/lib/python3.12/site-packages/airflow/example_dags/example_skip_dag.py
[2024-12-17T04:42:50.182+0000] {processor.py:914} INFO - Processing file /root/airflow-venv/lib/python3.12/site-packages/airflow/example_dags/example_skip_dag.py for tasks to queue
[2024-12-17T04:42:50.186+0000] {logging_mixin.py:190} INFO - [2024-12-17T04:42:50.185+0000] {dagbag.py:588} INFO - Filling up the DagBag from /root/airflow-venv/lib/python3.12/site-packages/airflow/example_dags/example_skip_dag.py
[2024-12-17T04:42:50.197+0000] {processor.py:925} INFO - DAG(s) 'example_skip_dag' retrieved from /root/airflow-venv/lib/python3.12/site-packages/airflow/example_dags/example_skip_dag.py
[2024-12-17T04:42:50.220+0000] {logging_mixin.py:190} INFO - [2024-12-17T04:42:50.220+0000] {dag.py:3239} INFO - Sync 1 DAGs
[2024-12-17T04:42:50.241+0000] {logging_mixin.py:190} INFO - [2024-12-17T04:42:50.240+0000] {dag.py:4180} INFO - Setting next_dagrun for example_skip_dag to 2024-12-16 00:00:00+00:00, run_after=2024-12-17 00:00:00+00:00
[2024-12-17T04:42:50.266+0000] {processor.py:208} INFO - Processing /root/airflow-venv/lib/python3.12/site-packages/airflow/example_dags/example_skip_dag.py took 0.094 seconds
[2024-12-17T04:45:02.119+0000] {processor.py:186} INFO - Started process (PID=434370) to work on /root/airflow-venv/lib/python3.12/site-packages/airflow/example_dags/example_skip_dag.py
[2024-12-17T04:45:02.121+0000] {processor.py:914} INFO - Processing file /root/airflow-venv/lib/python3.12/site-packages/airflow/example_dags/example_skip_dag.py for tasks to queue
[2024-12-17T04:45:02.126+0000] {logging_mixin.py:190} INFO - [2024-12-17T04:45:02.125+0000] {dagbag.py:588} INFO - Filling up the DagBag from /root/airflow-venv/lib/python3.12/site-packages/airflow/example_dags/example_skip_dag.py
[2024-12-17T04:45:02.140+0000] {processor.py:925} INFO - DAG(s) 'example_skip_dag' retrieved from /root/airflow-venv/lib/python3.12/site-packages/airflow/example_dags/example_skip_dag.py
[2024-12-17T04:45:02.174+0000] {logging_mixin.py:190} INFO - [2024-12-17T04:45:02.174+0000] {dag.py:3239} INFO - Sync 1 DAGs
[2024-12-17T04:45:02.210+0000] {logging_mixin.py:190} INFO - [2024-12-17T04:45:02.210+0000] {dag.py:4180} INFO - Setting next_dagrun for example_skip_dag to 2024-12-16 00:00:00+00:00, run_after=2024-12-17 00:00:00+00:00
[2024-12-17T04:45:02.245+0000] {processor.py:208} INFO - Processing /root/airflow-venv/lib/python3.12/site-packages/airflow/example_dags/example_skip_dag.py took 0.133 seconds
[2024-12-17T04:45:58.616+0000] {processor.py:186} INFO - Started process (PID=434428) to work on /root/airflow-venv/lib/python3.12/site-packages/airflow/example_dags/example_skip_dag.py
[2024-12-17T04:45:58.617+0000] {processor.py:914} INFO - Processing file /root/airflow-venv/lib/python3.12/site-packages/airflow/example_dags/example_skip_dag.py for tasks to queue
[2024-12-17T04:45:58.621+0000] {logging_mixin.py:190} INFO - [2024-12-17T04:45:58.620+0000] {dagbag.py:588} INFO - Filling up the DagBag from /root/airflow-venv/lib/python3.12/site-packages/airflow/example_dags/example_skip_dag.py
[2024-12-17T04:45:58.632+0000] {processor.py:925} INFO - DAG(s) 'example_skip_dag' retrieved from /root/airflow-venv/lib/python3.12/site-packages/airflow/example_dags/example_skip_dag.py
[2024-12-17T04:45:58.657+0000] {logging_mixin.py:190} INFO - [2024-12-17T04:45:58.657+0000] {dag.py:3239} INFO - Sync 1 DAGs
[2024-12-17T04:45:58.680+0000] {logging_mixin.py:190} INFO - [2024-12-17T04:45:58.679+0000] {dag.py:4180} INFO - Setting next_dagrun for example_skip_dag to 2024-12-16 00:00:00+00:00, run_after=2024-12-17 00:00:00+00:00
[2024-12-17T04:45:58.709+0000] {processor.py:208} INFO - Processing /root/airflow-venv/lib/python3.12/site-packages/airflow/example_dags/example_skip_dag.py took 0.103 seconds
[2024-12-17T04:54:52.377+0000] {processor.py:186} INFO - Started process (PID=434587) to work on /root/airflow-venv/lib/python3.12/site-packages/airflow/example_dags/example_skip_dag.py
[2024-12-17T04:54:52.379+0000] {processor.py:914} INFO - Processing file /root/airflow-venv/lib/python3.12/site-packages/airflow/example_dags/example_skip_dag.py for tasks to queue
[2024-12-17T04:54:52.383+0000] {logging_mixin.py:190} INFO - [2024-12-17T04:54:52.383+0000] {dagbag.py:588} INFO - Filling up the DagBag from /root/airflow-venv/lib/python3.12/site-packages/airflow/example_dags/example_skip_dag.py
[2024-12-17T04:54:52.394+0000] {processor.py:925} INFO - DAG(s) 'example_skip_dag' retrieved from /root/airflow-venv/lib/python3.12/site-packages/airflow/example_dags/example_skip_dag.py
[2024-12-17T04:54:52.418+0000] {logging_mixin.py:190} INFO - [2024-12-17T04:54:52.418+0000] {dag.py:3239} INFO - Sync 1 DAGs
[2024-12-17T04:54:52.443+0000] {logging_mixin.py:190} INFO - [2024-12-17T04:54:52.443+0000] {dag.py:4180} INFO - Setting next_dagrun for example_skip_dag to 2024-12-16 00:00:00+00:00, run_after=2024-12-17 00:00:00+00:00
[2024-12-17T04:54:52.469+0000] {processor.py:208} INFO - Processing /root/airflow-venv/lib/python3.12/site-packages/airflow/example_dags/example_skip_dag.py took 0.101 seconds
[2024-12-17T04:55:51.619+0000] {processor.py:186} INFO - Started process (PID=434654) to work on /root/airflow-venv/lib/python3.12/site-packages/airflow/example_dags/example_skip_dag.py
[2024-12-17T04:55:51.621+0000] {processor.py:914} INFO - Processing file /root/airflow-venv/lib/python3.12/site-packages/airflow/example_dags/example_skip_dag.py for tasks to queue
[2024-12-17T04:55:51.623+0000] {logging_mixin.py:190} INFO - [2024-12-17T04:55:51.623+0000] {dagbag.py:588} INFO - Filling up the DagBag from /root/airflow-venv/lib/python3.12/site-packages/airflow/example_dags/example_skip_dag.py
[2024-12-17T04:55:51.633+0000] {processor.py:925} INFO - DAG(s) 'example_skip_dag' retrieved from /root/airflow-venv/lib/python3.12/site-packages/airflow/example_dags/example_skip_dag.py
[2024-12-17T04:55:51.653+0000] {logging_mixin.py:190} INFO - [2024-12-17T04:55:51.652+0000] {dag.py:3239} INFO - Sync 1 DAGs
[2024-12-17T04:55:51.674+0000] {logging_mixin.py:190} INFO - [2024-12-17T04:55:51.674+0000] {dag.py:4180} INFO - Setting next_dagrun for example_skip_dag to 2024-12-16 00:00:00+00:00, run_after=2024-12-17 00:00:00+00:00
[2024-12-17T04:55:51.699+0000] {processor.py:208} INFO - Processing /root/airflow-venv/lib/python3.12/site-packages/airflow/example_dags/example_skip_dag.py took 0.088 seconds
[2024-12-17T04:56:48.458+0000] {processor.py:186} INFO - Started process (PID=434713) to work on /root/airflow-venv/lib/python3.12/site-packages/airflow/example_dags/example_skip_dag.py
[2024-12-17T04:56:48.460+0000] {processor.py:914} INFO - Processing file /root/airflow-venv/lib/python3.12/site-packages/airflow/example_dags/example_skip_dag.py for tasks to queue
[2024-12-17T04:56:48.463+0000] {logging_mixin.py:190} INFO - [2024-12-17T04:56:48.462+0000] {dagbag.py:588} INFO - Filling up the DagBag from /root/airflow-venv/lib/python3.12/site-packages/airflow/example_dags/example_skip_dag.py
[2024-12-17T04:56:48.475+0000] {processor.py:925} INFO - DAG(s) 'example_skip_dag' retrieved from /root/airflow-venv/lib/python3.12/site-packages/airflow/example_dags/example_skip_dag.py
[2024-12-17T04:56:48.501+0000] {logging_mixin.py:190} INFO - [2024-12-17T04:56:48.500+0000] {dag.py:3239} INFO - Sync 1 DAGs
[2024-12-17T04:56:48.527+0000] {logging_mixin.py:190} INFO - [2024-12-17T04:56:48.527+0000] {dag.py:4180} INFO - Setting next_dagrun for example_skip_dag to 2024-12-16 00:00:00+00:00, run_after=2024-12-17 00:00:00+00:00
[2024-12-17T04:56:48.551+0000] {processor.py:208} INFO - Processing /root/airflow-venv/lib/python3.12/site-packages/airflow/example_dags/example_skip_dag.py took 0.101 seconds
