[2024-12-17T04:43:16.358+0000] {processor.py:186} INFO - Started process (PID=434290) to work on /root/airflow-venv/lib/python3.12/site-packages/airflow/example_dags/example_datasets.py
[2024-12-17T04:43:16.359+0000] {processor.py:914} INFO - Processing file /root/airflow-venv/lib/python3.12/site-packages/airflow/example_dags/example_datasets.py for tasks to queue
[2024-12-17T04:43:16.362+0000] {logging_mixin.py:190} INFO - [2024-12-17T04:43:16.362+0000] {dagbag.py:588} INFO - Filling up the DagBag from /root/airflow-venv/lib/python3.12/site-packages/airflow/example_dags/example_datasets.py
[2024-12-17T04:43:16.383+0000] {processor.py:925} INFO - DAG(s) 'dataset_consumes_1_never_scheduled', 'consume_1_and_2_with_dataset_expressions', 'dataset_consumes_unknown_never_scheduled', 'dataset_consumes_1', 'conditional_dataset_and_time_based_timetable', 'dataset_produces_1', 'dataset_consumes_1_and_2', 'consume_1_or_both_2_and_3_with_dataset_expressions', 'dataset_produces_2', 'consume_1_or_2_with_dataset_expressions' retrieved from /root/airflow-venv/lib/python3.12/site-packages/airflow/example_dags/example_datasets.py
[2024-12-17T04:43:16.420+0000] {logging_mixin.py:190} INFO - [2024-12-17T04:43:16.420+0000] {dag.py:3239} INFO - Sync 10 DAGs
[2024-12-17T04:43:16.446+0000] {logging_mixin.py:190} INFO - [2024-12-17T04:43:16.446+0000] {dag.py:4180} INFO - Setting next_dagrun for conditional_dataset_and_time_based_timetable to 2024-12-11 01:00:00+00:00, run_after=2024-12-11 01:00:00+00:00
[2024-12-17T04:43:16.450+0000] {logging_mixin.py:190} INFO - [2024-12-17T04:43:16.450+0000] {dag.py:4180} INFO - Setting next_dagrun for consume_1_and_2_with_dataset_expressions to None, run_after=None
[2024-12-17T04:43:16.451+0000] {logging_mixin.py:190} INFO - [2024-12-17T04:43:16.451+0000] {dag.py:4180} INFO - Setting next_dagrun for consume_1_or_2_with_dataset_expressions to None, run_after=None
[2024-12-17T04:43:16.452+0000] {logging_mixin.py:190} INFO - [2024-12-17T04:43:16.452+0000] {dag.py:4180} INFO - Setting next_dagrun for consume_1_or_both_2_and_3_with_dataset_expressions to None, run_after=None
[2024-12-17T04:43:16.453+0000] {logging_mixin.py:190} INFO - [2024-12-17T04:43:16.453+0000] {dag.py:4180} INFO - Setting next_dagrun for dataset_consumes_1 to None, run_after=None
[2024-12-17T04:43:16.454+0000] {logging_mixin.py:190} INFO - [2024-12-17T04:43:16.454+0000] {dag.py:4180} INFO - Setting next_dagrun for dataset_consumes_1_and_2 to None, run_after=None
[2024-12-17T04:43:16.455+0000] {logging_mixin.py:190} INFO - [2024-12-17T04:43:16.454+0000] {dag.py:4180} INFO - Setting next_dagrun for dataset_consumes_1_never_scheduled to None, run_after=None
[2024-12-17T04:43:16.455+0000] {logging_mixin.py:190} INFO - [2024-12-17T04:43:16.455+0000] {dag.py:4180} INFO - Setting next_dagrun for dataset_consumes_unknown_never_scheduled to None, run_after=None
[2024-12-17T04:43:16.457+0000] {logging_mixin.py:190} INFO - [2024-12-17T04:43:16.457+0000] {dag.py:4180} INFO - Setting next_dagrun for dataset_produces_1 to 2024-12-16 00:00:00+00:00, run_after=2024-12-17 00:00:00+00:00
[2024-12-17T04:43:16.458+0000] {logging_mixin.py:190} INFO - [2024-12-17T04:43:16.458+0000] {dag.py:4180} INFO - Setting next_dagrun for dataset_produces_2 to None, run_after=None
[2024-12-17T04:43:16.503+0000] {processor.py:208} INFO - Processing /root/airflow-venv/lib/python3.12/site-packages/airflow/example_dags/example_datasets.py took 0.153 seconds
[2024-12-17T04:45:28.305+0000] {processor.py:186} INFO - Started process (PID=434396) to work on /root/airflow-venv/lib/python3.12/site-packages/airflow/example_dags/example_datasets.py
[2024-12-17T04:45:28.306+0000] {processor.py:914} INFO - Processing file /root/airflow-venv/lib/python3.12/site-packages/airflow/example_dags/example_datasets.py for tasks to queue
[2024-12-17T04:45:28.309+0000] {logging_mixin.py:190} INFO - [2024-12-17T04:45:28.308+0000] {dagbag.py:588} INFO - Filling up the DagBag from /root/airflow-venv/lib/python3.12/site-packages/airflow/example_dags/example_datasets.py
[2024-12-17T04:45:28.332+0000] {processor.py:925} INFO - DAG(s) 'dataset_consumes_unknown_never_scheduled', 'dataset_produces_1', 'consume_1_or_both_2_and_3_with_dataset_expressions', 'dataset_consumes_1', 'conditional_dataset_and_time_based_timetable', 'dataset_consumes_1_and_2', 'dataset_consumes_1_never_scheduled', 'dataset_produces_2', 'consume_1_or_2_with_dataset_expressions', 'consume_1_and_2_with_dataset_expressions' retrieved from /root/airflow-venv/lib/python3.12/site-packages/airflow/example_dags/example_datasets.py
[2024-12-17T04:45:28.369+0000] {logging_mixin.py:190} INFO - [2024-12-17T04:45:28.369+0000] {dag.py:3239} INFO - Sync 10 DAGs
[2024-12-17T04:45:28.396+0000] {logging_mixin.py:190} INFO - [2024-12-17T04:45:28.396+0000] {dag.py:4180} INFO - Setting next_dagrun for conditional_dataset_and_time_based_timetable to 2024-12-11 01:00:00+00:00, run_after=2024-12-11 01:00:00+00:00
[2024-12-17T04:45:28.400+0000] {logging_mixin.py:190} INFO - [2024-12-17T04:45:28.400+0000] {dag.py:4180} INFO - Setting next_dagrun for consume_1_and_2_with_dataset_expressions to None, run_after=None
[2024-12-17T04:45:28.401+0000] {logging_mixin.py:190} INFO - [2024-12-17T04:45:28.401+0000] {dag.py:4180} INFO - Setting next_dagrun for consume_1_or_2_with_dataset_expressions to None, run_after=None
[2024-12-17T04:45:28.402+0000] {logging_mixin.py:190} INFO - [2024-12-17T04:45:28.402+0000] {dag.py:4180} INFO - Setting next_dagrun for consume_1_or_both_2_and_3_with_dataset_expressions to None, run_after=None
[2024-12-17T04:45:28.403+0000] {logging_mixin.py:190} INFO - [2024-12-17T04:45:28.403+0000] {dag.py:4180} INFO - Setting next_dagrun for dataset_consumes_1 to None, run_after=None
[2024-12-17T04:45:28.404+0000] {logging_mixin.py:190} INFO - [2024-12-17T04:45:28.404+0000] {dag.py:4180} INFO - Setting next_dagrun for dataset_consumes_1_and_2 to None, run_after=None
[2024-12-17T04:45:28.405+0000] {logging_mixin.py:190} INFO - [2024-12-17T04:45:28.405+0000] {dag.py:4180} INFO - Setting next_dagrun for dataset_consumes_1_never_scheduled to None, run_after=None
[2024-12-17T04:45:28.405+0000] {logging_mixin.py:190} INFO - [2024-12-17T04:45:28.405+0000] {dag.py:4180} INFO - Setting next_dagrun for dataset_consumes_unknown_never_scheduled to None, run_after=None
[2024-12-17T04:45:28.407+0000] {logging_mixin.py:190} INFO - [2024-12-17T04:45:28.407+0000] {dag.py:4180} INFO - Setting next_dagrun for dataset_produces_1 to 2024-12-16 00:00:00+00:00, run_after=2024-12-17 00:00:00+00:00
[2024-12-17T04:45:28.408+0000] {logging_mixin.py:190} INFO - [2024-12-17T04:45:28.408+0000] {dag.py:4180} INFO - Setting next_dagrun for dataset_produces_2 to None, run_after=None
[2024-12-17T04:45:28.441+0000] {processor.py:208} INFO - Processing /root/airflow-venv/lib/python3.12/site-packages/airflow/example_dags/example_datasets.py took 0.146 seconds
[2024-12-17T04:55:18.481+0000] {processor.py:186} INFO - Started process (PID=434617) to work on /root/airflow-venv/lib/python3.12/site-packages/airflow/example_dags/example_datasets.py
[2024-12-17T04:55:18.483+0000] {processor.py:914} INFO - Processing file /root/airflow-venv/lib/python3.12/site-packages/airflow/example_dags/example_datasets.py for tasks to queue
[2024-12-17T04:55:18.485+0000] {logging_mixin.py:190} INFO - [2024-12-17T04:55:18.485+0000] {dagbag.py:588} INFO - Filling up the DagBag from /root/airflow-venv/lib/python3.12/site-packages/airflow/example_dags/example_datasets.py
[2024-12-17T04:55:18.504+0000] {processor.py:925} INFO - DAG(s) 'consume_1_and_2_with_dataset_expressions', 'conditional_dataset_and_time_based_timetable', 'dataset_consumes_1_and_2', 'dataset_produces_1', 'dataset_consumes_unknown_never_scheduled', 'dataset_consumes_1', 'dataset_consumes_1_never_scheduled', 'consume_1_or_both_2_and_3_with_dataset_expressions', 'consume_1_or_2_with_dataset_expressions', 'dataset_produces_2' retrieved from /root/airflow-venv/lib/python3.12/site-packages/airflow/example_dags/example_datasets.py
[2024-12-17T04:55:18.545+0000] {logging_mixin.py:190} INFO - [2024-12-17T04:55:18.545+0000] {dag.py:3239} INFO - Sync 10 DAGs
[2024-12-17T04:55:18.574+0000] {logging_mixin.py:190} INFO - [2024-12-17T04:55:18.574+0000] {dag.py:4180} INFO - Setting next_dagrun for conditional_dataset_and_time_based_timetable to 2024-12-11 01:00:00+00:00, run_after=2024-12-11 01:00:00+00:00
[2024-12-17T04:55:18.578+0000] {logging_mixin.py:190} INFO - [2024-12-17T04:55:18.578+0000] {dag.py:4180} INFO - Setting next_dagrun for consume_1_and_2_with_dataset_expressions to None, run_after=None
[2024-12-17T04:55:18.579+0000] {logging_mixin.py:190} INFO - [2024-12-17T04:55:18.579+0000] {dag.py:4180} INFO - Setting next_dagrun for consume_1_or_2_with_dataset_expressions to None, run_after=None
[2024-12-17T04:55:18.580+0000] {logging_mixin.py:190} INFO - [2024-12-17T04:55:18.580+0000] {dag.py:4180} INFO - Setting next_dagrun for consume_1_or_both_2_and_3_with_dataset_expressions to None, run_after=None
[2024-12-17T04:55:18.581+0000] {logging_mixin.py:190} INFO - [2024-12-17T04:55:18.581+0000] {dag.py:4180} INFO - Setting next_dagrun for dataset_consumes_1 to None, run_after=None
[2024-12-17T04:55:18.582+0000] {logging_mixin.py:190} INFO - [2024-12-17T04:55:18.581+0000] {dag.py:4180} INFO - Setting next_dagrun for dataset_consumes_1_and_2 to None, run_after=None
[2024-12-17T04:55:18.582+0000] {logging_mixin.py:190} INFO - [2024-12-17T04:55:18.582+0000] {dag.py:4180} INFO - Setting next_dagrun for dataset_consumes_1_never_scheduled to None, run_after=None
[2024-12-17T04:55:18.583+0000] {logging_mixin.py:190} INFO - [2024-12-17T04:55:18.583+0000] {dag.py:4180} INFO - Setting next_dagrun for dataset_consumes_unknown_never_scheduled to None, run_after=None
[2024-12-17T04:55:18.585+0000] {logging_mixin.py:190} INFO - [2024-12-17T04:55:18.585+0000] {dag.py:4180} INFO - Setting next_dagrun for dataset_produces_1 to 2024-12-16 00:00:00+00:00, run_after=2024-12-17 00:00:00+00:00
[2024-12-17T04:55:18.586+0000] {logging_mixin.py:190} INFO - [2024-12-17T04:55:18.586+0000] {dag.py:4180} INFO - Setting next_dagrun for dataset_produces_2 to None, run_after=None
[2024-12-17T04:55:18.626+0000] {processor.py:208} INFO - Processing /root/airflow-venv/lib/python3.12/site-packages/airflow/example_dags/example_datasets.py took 0.153 seconds
[2024-12-17T04:56:16.911+0000] {processor.py:186} INFO - Started process (PID=434679) to work on /root/airflow-venv/lib/python3.12/site-packages/airflow/example_dags/example_datasets.py
[2024-12-17T04:56:16.913+0000] {processor.py:914} INFO - Processing file /root/airflow-venv/lib/python3.12/site-packages/airflow/example_dags/example_datasets.py for tasks to queue
[2024-12-17T04:56:16.915+0000] {logging_mixin.py:190} INFO - [2024-12-17T04:56:16.915+0000] {dagbag.py:588} INFO - Filling up the DagBag from /root/airflow-venv/lib/python3.12/site-packages/airflow/example_dags/example_datasets.py
[2024-12-17T04:56:16.932+0000] {processor.py:925} INFO - DAG(s) 'dataset_produces_2', 'dataset_consumes_1_and_2', 'consume_1_or_both_2_and_3_with_dataset_expressions', 'consume_1_or_2_with_dataset_expressions', 'conditional_dataset_and_time_based_timetable', 'dataset_produces_1', 'dataset_consumes_unknown_never_scheduled', 'consume_1_and_2_with_dataset_expressions', 'dataset_consumes_1_never_scheduled', 'dataset_consumes_1' retrieved from /root/airflow-venv/lib/python3.12/site-packages/airflow/example_dags/example_datasets.py
[2024-12-17T04:56:16.969+0000] {logging_mixin.py:190} INFO - [2024-12-17T04:56:16.968+0000] {dag.py:3239} INFO - Sync 10 DAGs
[2024-12-17T04:56:16.998+0000] {logging_mixin.py:190} INFO - [2024-12-17T04:56:16.998+0000] {dag.py:4180} INFO - Setting next_dagrun for conditional_dataset_and_time_based_timetable to 2024-12-11 01:00:00+00:00, run_after=2024-12-11 01:00:00+00:00
[2024-12-17T04:56:17.002+0000] {logging_mixin.py:190} INFO - [2024-12-17T04:56:17.002+0000] {dag.py:4180} INFO - Setting next_dagrun for consume_1_and_2_with_dataset_expressions to None, run_after=None
[2024-12-17T04:56:17.003+0000] {logging_mixin.py:190} INFO - [2024-12-17T04:56:17.003+0000] {dag.py:4180} INFO - Setting next_dagrun for consume_1_or_2_with_dataset_expressions to None, run_after=None
[2024-12-17T04:56:17.004+0000] {logging_mixin.py:190} INFO - [2024-12-17T04:56:17.004+0000] {dag.py:4180} INFO - Setting next_dagrun for consume_1_or_both_2_and_3_with_dataset_expressions to None, run_after=None
[2024-12-17T04:56:17.005+0000] {logging_mixin.py:190} INFO - [2024-12-17T04:56:17.005+0000] {dag.py:4180} INFO - Setting next_dagrun for dataset_consumes_1 to None, run_after=None
[2024-12-17T04:56:17.006+0000] {logging_mixin.py:190} INFO - [2024-12-17T04:56:17.005+0000] {dag.py:4180} INFO - Setting next_dagrun for dataset_consumes_1_and_2 to None, run_after=None
[2024-12-17T04:56:17.006+0000] {logging_mixin.py:190} INFO - [2024-12-17T04:56:17.006+0000] {dag.py:4180} INFO - Setting next_dagrun for dataset_consumes_1_never_scheduled to None, run_after=None
[2024-12-17T04:56:17.007+0000] {logging_mixin.py:190} INFO - [2024-12-17T04:56:17.007+0000] {dag.py:4180} INFO - Setting next_dagrun for dataset_consumes_unknown_never_scheduled to None, run_after=None
[2024-12-17T04:56:17.009+0000] {logging_mixin.py:190} INFO - [2024-12-17T04:56:17.009+0000] {dag.py:4180} INFO - Setting next_dagrun for dataset_produces_1 to 2024-12-16 00:00:00+00:00, run_after=2024-12-17 00:00:00+00:00
[2024-12-17T04:56:17.010+0000] {logging_mixin.py:190} INFO - [2024-12-17T04:56:17.010+0000] {dag.py:4180} INFO - Setting next_dagrun for dataset_produces_2 to None, run_after=None
[2024-12-17T04:56:17.039+0000] {processor.py:208} INFO - Processing /root/airflow-venv/lib/python3.12/site-packages/airflow/example_dags/example_datasets.py took 0.134 seconds
[2024-12-17T04:57:13.122+0000] {processor.py:186} INFO - Started process (PID=434742) to work on /root/airflow-venv/lib/python3.12/site-packages/airflow/example_dags/example_datasets.py
[2024-12-17T04:57:13.124+0000] {processor.py:914} INFO - Processing file /root/airflow-venv/lib/python3.12/site-packages/airflow/example_dags/example_datasets.py for tasks to queue
[2024-12-17T04:57:13.127+0000] {logging_mixin.py:190} INFO - [2024-12-17T04:57:13.126+0000] {dagbag.py:588} INFO - Filling up the DagBag from /root/airflow-venv/lib/python3.12/site-packages/airflow/example_dags/example_datasets.py
[2024-12-17T04:57:13.145+0000] {processor.py:925} INFO - DAG(s) 'dataset_produces_2', 'consume_1_or_both_2_and_3_with_dataset_expressions', 'conditional_dataset_and_time_based_timetable', 'dataset_consumes_1_never_scheduled', 'dataset_consumes_unknown_never_scheduled', 'consume_1_and_2_with_dataset_expressions', 'consume_1_or_2_with_dataset_expressions', 'dataset_consumes_1', 'dataset_produces_1', 'dataset_consumes_1_and_2' retrieved from /root/airflow-venv/lib/python3.12/site-packages/airflow/example_dags/example_datasets.py
[2024-12-17T04:57:13.186+0000] {logging_mixin.py:190} INFO - [2024-12-17T04:57:13.185+0000] {dag.py:3239} INFO - Sync 10 DAGs
[2024-12-17T04:57:13.216+0000] {logging_mixin.py:190} INFO - [2024-12-17T04:57:13.216+0000] {dag.py:4180} INFO - Setting next_dagrun for conditional_dataset_and_time_based_timetable to 2024-12-11 01:00:00+00:00, run_after=2024-12-11 01:00:00+00:00
[2024-12-17T04:57:13.220+0000] {logging_mixin.py:190} INFO - [2024-12-17T04:57:13.219+0000] {dag.py:4180} INFO - Setting next_dagrun for consume_1_and_2_with_dataset_expressions to None, run_after=None
[2024-12-17T04:57:13.221+0000] {logging_mixin.py:190} INFO - [2024-12-17T04:57:13.221+0000] {dag.py:4180} INFO - Setting next_dagrun for consume_1_or_2_with_dataset_expressions to None, run_after=None
[2024-12-17T04:57:13.222+0000] {logging_mixin.py:190} INFO - [2024-12-17T04:57:13.221+0000] {dag.py:4180} INFO - Setting next_dagrun for consume_1_or_both_2_and_3_with_dataset_expressions to None, run_after=None
[2024-12-17T04:57:13.222+0000] {logging_mixin.py:190} INFO - [2024-12-17T04:57:13.222+0000] {dag.py:4180} INFO - Setting next_dagrun for dataset_consumes_1 to None, run_after=None
[2024-12-17T04:57:13.223+0000] {logging_mixin.py:190} INFO - [2024-12-17T04:57:13.223+0000] {dag.py:4180} INFO - Setting next_dagrun for dataset_consumes_1_and_2 to None, run_after=None
[2024-12-17T04:57:13.224+0000] {logging_mixin.py:190} INFO - [2024-12-17T04:57:13.224+0000] {dag.py:4180} INFO - Setting next_dagrun for dataset_consumes_1_never_scheduled to None, run_after=None
[2024-12-17T04:57:13.225+0000] {logging_mixin.py:190} INFO - [2024-12-17T04:57:13.225+0000] {dag.py:4180} INFO - Setting next_dagrun for dataset_consumes_unknown_never_scheduled to None, run_after=None
[2024-12-17T04:57:13.227+0000] {logging_mixin.py:190} INFO - [2024-12-17T04:57:13.227+0000] {dag.py:4180} INFO - Setting next_dagrun for dataset_produces_1 to 2024-12-16 00:00:00+00:00, run_after=2024-12-17 00:00:00+00:00
[2024-12-17T04:57:13.228+0000] {logging_mixin.py:190} INFO - [2024-12-17T04:57:13.228+0000] {dag.py:4180} INFO - Setting next_dagrun for dataset_produces_2 to None, run_after=None
[2024-12-17T04:57:13.263+0000] {processor.py:208} INFO - Processing /root/airflow-venv/lib/python3.12/site-packages/airflow/example_dags/example_datasets.py took 0.149 seconds
