[2024-12-17T04:42:58.695+0000] {processor.py:186} INFO - Started process (PID=434273) to work on /root/airflow-venv/lib/python3.12/site-packages/airflow/example_dags/example_params_ui_tutorial.py
[2024-12-17T04:42:58.696+0000] {processor.py:914} INFO - Processing file /root/airflow-venv/lib/python3.12/site-packages/airflow/example_dags/example_params_ui_tutorial.py for tasks to queue
[2024-12-17T04:42:58.699+0000] {logging_mixin.py:190} INFO - [2024-12-17T04:42:58.698+0000] {dagbag.py:588} INFO - Filling up the DagBag from /root/airflow-venv/lib/python3.12/site-packages/airflow/example_dags/example_params_ui_tutorial.py
[2024-12-17T04:42:58.710+0000] {processor.py:925} INFO - DAG(s) 'example_params_ui_tutorial' retrieved from /root/airflow-venv/lib/python3.12/site-packages/airflow/example_dags/example_params_ui_tutorial.py
[2024-12-17T04:42:58.851+0000] {logging_mixin.py:190} INFO - [2024-12-17T04:42:58.850+0000] {dag.py:3239} INFO - Sync 1 DAGs
[2024-12-17T04:42:58.862+0000] {logging_mixin.py:190} INFO - [2024-12-17T04:42:58.861+0000] {dag.py:4180} INFO - Setting next_dagrun for example_params_ui_tutorial to None, run_after=None
[2024-12-17T04:42:58.889+0000] {processor.py:208} INFO - Processing /root/airflow-venv/lib/python3.12/site-packages/airflow/example_dags/example_params_ui_tutorial.py took 0.201 seconds
[2024-12-17T04:45:11.132+0000] {processor.py:186} INFO - Started process (PID=434378) to work on /root/airflow-venv/lib/python3.12/site-packages/airflow/example_dags/example_params_ui_tutorial.py
[2024-12-17T04:45:11.133+0000] {processor.py:914} INFO - Processing file /root/airflow-venv/lib/python3.12/site-packages/airflow/example_dags/example_params_ui_tutorial.py for tasks to queue
[2024-12-17T04:45:11.136+0000] {logging_mixin.py:190} INFO - [2024-12-17T04:45:11.135+0000] {dagbag.py:588} INFO - Filling up the DagBag from /root/airflow-venv/lib/python3.12/site-packages/airflow/example_dags/example_params_ui_tutorial.py
[2024-12-17T04:45:11.147+0000] {processor.py:925} INFO - DAG(s) 'example_params_ui_tutorial' retrieved from /root/airflow-venv/lib/python3.12/site-packages/airflow/example_dags/example_params_ui_tutorial.py
[2024-12-17T04:45:11.197+0000] {logging_mixin.py:190} INFO - [2024-12-17T04:45:11.196+0000] {dag.py:3239} INFO - Sync 1 DAGs
[2024-12-17T04:45:11.211+0000] {logging_mixin.py:190} INFO - [2024-12-17T04:45:11.211+0000] {dag.py:4180} INFO - Setting next_dagrun for example_params_ui_tutorial to None, run_after=None
[2024-12-17T04:45:11.233+0000] {processor.py:208} INFO - Processing /root/airflow-venv/lib/python3.12/site-packages/airflow/example_dags/example_params_ui_tutorial.py took 0.107 seconds
[2024-12-17T04:46:06.993+0000] {processor.py:186} INFO - Started process (PID=434438) to work on /root/airflow-venv/lib/python3.12/site-packages/airflow/example_dags/example_params_ui_tutorial.py
[2024-12-17T04:46:06.995+0000] {processor.py:914} INFO - Processing file /root/airflow-venv/lib/python3.12/site-packages/airflow/example_dags/example_params_ui_tutorial.py for tasks to queue
[2024-12-17T04:46:06.998+0000] {logging_mixin.py:190} INFO - [2024-12-17T04:46:06.997+0000] {dagbag.py:588} INFO - Filling up the DagBag from /root/airflow-venv/lib/python3.12/site-packages/airflow/example_dags/example_params_ui_tutorial.py
[2024-12-17T04:46:07.013+0000] {processor.py:925} INFO - DAG(s) 'example_params_ui_tutorial' retrieved from /root/airflow-venv/lib/python3.12/site-packages/airflow/example_dags/example_params_ui_tutorial.py
[2024-12-17T04:46:07.076+0000] {logging_mixin.py:190} INFO - [2024-12-17T04:46:07.075+0000] {dag.py:3239} INFO - Sync 1 DAGs
[2024-12-17T04:46:07.095+0000] {logging_mixin.py:190} INFO - [2024-12-17T04:46:07.095+0000] {dag.py:4180} INFO - Setting next_dagrun for example_params_ui_tutorial to None, run_after=None
[2024-12-17T04:46:07.122+0000] {processor.py:208} INFO - Processing /root/airflow-venv/lib/python3.12/site-packages/airflow/example_dags/example_params_ui_tutorial.py took 0.137 seconds
[2024-12-17T04:55:00.805+0000] {processor.py:186} INFO - Started process (PID=434597) to work on /root/airflow-venv/lib/python3.12/site-packages/airflow/example_dags/example_params_ui_tutorial.py
[2024-12-17T04:55:00.806+0000] {processor.py:914} INFO - Processing file /root/airflow-venv/lib/python3.12/site-packages/airflow/example_dags/example_params_ui_tutorial.py for tasks to queue
[2024-12-17T04:55:00.808+0000] {logging_mixin.py:190} INFO - [2024-12-17T04:55:00.808+0000] {dagbag.py:588} INFO - Filling up the DagBag from /root/airflow-venv/lib/python3.12/site-packages/airflow/example_dags/example_params_ui_tutorial.py
[2024-12-17T04:55:00.821+0000] {processor.py:925} INFO - DAG(s) 'example_params_ui_tutorial' retrieved from /root/airflow-venv/lib/python3.12/site-packages/airflow/example_dags/example_params_ui_tutorial.py
[2024-12-17T04:55:00.872+0000] {logging_mixin.py:190} INFO - [2024-12-17T04:55:00.872+0000] {dag.py:3239} INFO - Sync 1 DAGs
[2024-12-17T04:55:00.887+0000] {logging_mixin.py:190} INFO - [2024-12-17T04:55:00.886+0000] {dag.py:4180} INFO - Setting next_dagrun for example_params_ui_tutorial to None, run_after=None
[2024-12-17T04:55:00.909+0000] {processor.py:208} INFO - Processing /root/airflow-venv/lib/python3.12/site-packages/airflow/example_dags/example_params_ui_tutorial.py took 0.114 seconds
[2024-12-17T04:55:59.684+0000] {processor.py:186} INFO - Started process (PID=434662) to work on /root/airflow-venv/lib/python3.12/site-packages/airflow/example_dags/example_params_ui_tutorial.py
[2024-12-17T04:55:59.686+0000] {processor.py:914} INFO - Processing file /root/airflow-venv/lib/python3.12/site-packages/airflow/example_dags/example_params_ui_tutorial.py for tasks to queue
[2024-12-17T04:55:59.688+0000] {logging_mixin.py:190} INFO - [2024-12-17T04:55:59.688+0000] {dagbag.py:588} INFO - Filling up the DagBag from /root/airflow-venv/lib/python3.12/site-packages/airflow/example_dags/example_params_ui_tutorial.py
[2024-12-17T04:55:59.700+0000] {processor.py:925} INFO - DAG(s) 'example_params_ui_tutorial' retrieved from /root/airflow-venv/lib/python3.12/site-packages/airflow/example_dags/example_params_ui_tutorial.py
[2024-12-17T04:55:59.745+0000] {logging_mixin.py:190} INFO - [2024-12-17T04:55:59.745+0000] {dag.py:3239} INFO - Sync 1 DAGs
[2024-12-17T04:55:59.759+0000] {logging_mixin.py:190} INFO - [2024-12-17T04:55:59.759+0000] {dag.py:4180} INFO - Setting next_dagrun for example_params_ui_tutorial to None, run_after=None
[2024-12-17T04:55:59.782+0000] {processor.py:208} INFO - Processing /root/airflow-venv/lib/python3.12/site-packages/airflow/example_dags/example_params_ui_tutorial.py took 0.107 seconds
[2024-12-17T04:56:56.411+0000] {processor.py:186} INFO - Started process (PID=434723) to work on /root/airflow-venv/lib/python3.12/site-packages/airflow/example_dags/example_params_ui_tutorial.py
[2024-12-17T04:56:56.413+0000] {processor.py:914} INFO - Processing file /root/airflow-venv/lib/python3.12/site-packages/airflow/example_dags/example_params_ui_tutorial.py for tasks to queue
[2024-12-17T04:56:56.416+0000] {logging_mixin.py:190} INFO - [2024-12-17T04:56:56.415+0000] {dagbag.py:588} INFO - Filling up the DagBag from /root/airflow-venv/lib/python3.12/site-packages/airflow/example_dags/example_params_ui_tutorial.py
[2024-12-17T04:56:56.431+0000] {processor.py:925} INFO - DAG(s) 'example_params_ui_tutorial' retrieved from /root/airflow-venv/lib/python3.12/site-packages/airflow/example_dags/example_params_ui_tutorial.py
[2024-12-17T04:56:56.488+0000] {logging_mixin.py:190} INFO - [2024-12-17T04:56:56.488+0000] {dag.py:3239} INFO - Sync 1 DAGs
[2024-12-17T04:56:56.507+0000] {logging_mixin.py:190} INFO - [2024-12-17T04:56:56.506+0000] {dag.py:4180} INFO - Setting next_dagrun for example_params_ui_tutorial to None, run_after=None
[2024-12-17T04:56:56.544+0000] {processor.py:208} INFO - Processing /root/airflow-venv/lib/python3.12/site-packages/airflow/example_dags/example_params_ui_tutorial.py took 0.140 seconds
