[2024-12-17T04:42:43.546+0000] {processor.py:186} INFO - Started process (PID=434256) to work on /root/airflow-venv/lib/python3.12/site-packages/airflow/example_dags/example_workday_timetable.py
[2024-12-17T04:42:43.547+0000] {processor.py:914} INFO - Processing file /root/airflow-venv/lib/python3.12/site-packages/airflow/example_dags/example_workday_timetable.py for tasks to queue
[2024-12-17T04:42:43.549+0000] {logging_mixin.py:190} INFO - [2024-12-17T04:42:43.549+0000] {dagbag.py:588} INFO - Filling up the DagBag from /root/airflow-venv/lib/python3.12/site-packages/airflow/example_dags/example_workday_timetable.py
[2024-12-17T04:42:43.556+0000] {processor.py:925} INFO - DAG(s) 'example_workday_timetable' retrieved from /root/airflow-venv/lib/python3.12/site-packages/airflow/example_dags/example_workday_timetable.py
[2024-12-17T04:42:43.576+0000] {logging_mixin.py:190} INFO - [2024-12-17T04:42:43.576+0000] {dag.py:3239} INFO - Sync 1 DAGs
[2024-12-17T04:42:43.599+0000] {logging_mixin.py:190} INFO - [2024-12-17T04:42:43.598+0000] {dag.py:4180} INFO - Setting next_dagrun for example_workday_timetable to 2021-01-01 00:00:00+00:00, run_after=2021-01-02 00:00:00+00:00
[2024-12-17T04:42:43.623+0000] {processor.py:208} INFO - Processing /root/airflow-venv/lib/python3.12/site-packages/airflow/example_dags/example_workday_timetable.py took 0.082 seconds
[2024-12-17T04:44:56.502+0000] {processor.py:186} INFO - Started process (PID=434360) to work on /root/airflow-venv/lib/python3.12/site-packages/airflow/example_dags/example_workday_timetable.py
[2024-12-17T04:44:56.503+0000] {processor.py:914} INFO - Processing file /root/airflow-venv/lib/python3.12/site-packages/airflow/example_dags/example_workday_timetable.py for tasks to queue
[2024-12-17T04:44:56.506+0000] {logging_mixin.py:190} INFO - [2024-12-17T04:44:56.506+0000] {dagbag.py:588} INFO - Filling up the DagBag from /root/airflow-venv/lib/python3.12/site-packages/airflow/example_dags/example_workday_timetable.py
[2024-12-17T04:44:56.515+0000] {processor.py:925} INFO - DAG(s) 'example_workday_timetable' retrieved from /root/airflow-venv/lib/python3.12/site-packages/airflow/example_dags/example_workday_timetable.py
[2024-12-17T04:44:56.537+0000] {logging_mixin.py:190} INFO - [2024-12-17T04:44:56.537+0000] {dag.py:3239} INFO - Sync 1 DAGs
[2024-12-17T04:44:56.564+0000] {logging_mixin.py:190} INFO - [2024-12-17T04:44:56.564+0000] {dag.py:4180} INFO - Setting next_dagrun for example_workday_timetable to 2021-01-01 00:00:00+00:00, run_after=2021-01-02 00:00:00+00:00
[2024-12-17T04:44:56.587+0000] {processor.py:208} INFO - Processing /root/airflow-venv/lib/python3.12/site-packages/airflow/example_dags/example_workday_timetable.py took 0.092 seconds
[2024-12-17T04:45:52.555+0000] {processor.py:186} INFO - Started process (PID=434421) to work on /root/airflow-venv/lib/python3.12/site-packages/airflow/example_dags/example_workday_timetable.py
[2024-12-17T04:45:52.557+0000] {processor.py:914} INFO - Processing file /root/airflow-venv/lib/python3.12/site-packages/airflow/example_dags/example_workday_timetable.py for tasks to queue
[2024-12-17T04:45:52.559+0000] {logging_mixin.py:190} INFO - [2024-12-17T04:45:52.558+0000] {dagbag.py:588} INFO - Filling up the DagBag from /root/airflow-venv/lib/python3.12/site-packages/airflow/example_dags/example_workday_timetable.py
[2024-12-17T04:45:52.566+0000] {processor.py:925} INFO - DAG(s) 'example_workday_timetable' retrieved from /root/airflow-venv/lib/python3.12/site-packages/airflow/example_dags/example_workday_timetable.py
[2024-12-17T04:45:52.584+0000] {logging_mixin.py:190} INFO - [2024-12-17T04:45:52.584+0000] {dag.py:3239} INFO - Sync 1 DAGs
[2024-12-17T04:45:52.604+0000] {logging_mixin.py:190} INFO - [2024-12-17T04:45:52.604+0000] {dag.py:4180} INFO - Setting next_dagrun for example_workday_timetable to 2021-01-01 00:00:00+00:00, run_after=2021-01-02 00:00:00+00:00
[2024-12-17T04:45:52.626+0000] {processor.py:208} INFO - Processing /root/airflow-venv/lib/python3.12/site-packages/airflow/example_dags/example_workday_timetable.py took 0.077 seconds
[2024-12-17T04:54:45.642+0000] {processor.py:186} INFO - Started process (PID=434579) to work on /root/airflow-venv/lib/python3.12/site-packages/airflow/example_dags/example_workday_timetable.py
[2024-12-17T04:54:45.643+0000] {processor.py:914} INFO - Processing file /root/airflow-venv/lib/python3.12/site-packages/airflow/example_dags/example_workday_timetable.py for tasks to queue
[2024-12-17T04:54:45.646+0000] {logging_mixin.py:190} INFO - [2024-12-17T04:54:45.645+0000] {dagbag.py:588} INFO - Filling up the DagBag from /root/airflow-venv/lib/python3.12/site-packages/airflow/example_dags/example_workday_timetable.py
[2024-12-17T04:54:45.653+0000] {processor.py:925} INFO - DAG(s) 'example_workday_timetable' retrieved from /root/airflow-venv/lib/python3.12/site-packages/airflow/example_dags/example_workday_timetable.py
[2024-12-17T04:54:45.673+0000] {logging_mixin.py:190} INFO - [2024-12-17T04:54:45.672+0000] {dag.py:3239} INFO - Sync 1 DAGs
[2024-12-17T04:54:45.695+0000] {logging_mixin.py:190} INFO - [2024-12-17T04:54:45.695+0000] {dag.py:4180} INFO - Setting next_dagrun for example_workday_timetable to 2021-01-01 00:00:00+00:00, run_after=2021-01-02 00:00:00+00:00
[2024-12-17T04:54:45.721+0000] {processor.py:208} INFO - Processing /root/airflow-venv/lib/python3.12/site-packages/airflow/example_dags/example_workday_timetable.py took 0.085 seconds
[2024-12-17T04:55:44.107+0000] {processor.py:186} INFO - Started process (PID=434645) to work on /root/airflow-venv/lib/python3.12/site-packages/airflow/example_dags/example_workday_timetable.py
[2024-12-17T04:55:44.109+0000] {processor.py:914} INFO - Processing file /root/airflow-venv/lib/python3.12/site-packages/airflow/example_dags/example_workday_timetable.py for tasks to queue
[2024-12-17T04:55:44.112+0000] {logging_mixin.py:190} INFO - [2024-12-17T04:55:44.112+0000] {dagbag.py:588} INFO - Filling up the DagBag from /root/airflow-venv/lib/python3.12/site-packages/airflow/example_dags/example_workday_timetable.py
[2024-12-17T04:55:44.120+0000] {processor.py:925} INFO - DAG(s) 'example_workday_timetable' retrieved from /root/airflow-venv/lib/python3.12/site-packages/airflow/example_dags/example_workday_timetable.py
[2024-12-17T04:55:44.138+0000] {logging_mixin.py:190} INFO - [2024-12-17T04:55:44.137+0000] {dag.py:3239} INFO - Sync 1 DAGs
[2024-12-17T04:55:44.161+0000] {logging_mixin.py:190} INFO - [2024-12-17T04:55:44.160+0000] {dag.py:4180} INFO - Setting next_dagrun for example_workday_timetable to 2021-01-01 00:00:00+00:00, run_after=2021-01-02 00:00:00+00:00
[2024-12-17T04:55:44.185+0000] {processor.py:208} INFO - Processing /root/airflow-venv/lib/python3.12/site-packages/airflow/example_dags/example_workday_timetable.py took 0.085 seconds
[2024-12-17T04:56:42.094+0000] {processor.py:186} INFO - Started process (PID=434704) to work on /root/airflow-venv/lib/python3.12/site-packages/airflow/example_dags/example_workday_timetable.py
[2024-12-17T04:56:42.096+0000] {processor.py:914} INFO - Processing file /root/airflow-venv/lib/python3.12/site-packages/airflow/example_dags/example_workday_timetable.py for tasks to queue
[2024-12-17T04:56:42.099+0000] {logging_mixin.py:190} INFO - [2024-12-17T04:56:42.098+0000] {dagbag.py:588} INFO - Filling up the DagBag from /root/airflow-venv/lib/python3.12/site-packages/airflow/example_dags/example_workday_timetable.py
[2024-12-17T04:56:42.107+0000] {processor.py:925} INFO - DAG(s) 'example_workday_timetable' retrieved from /root/airflow-venv/lib/python3.12/site-packages/airflow/example_dags/example_workday_timetable.py
[2024-12-17T04:56:42.126+0000] {logging_mixin.py:190} INFO - [2024-12-17T04:56:42.126+0000] {dag.py:3239} INFO - Sync 1 DAGs
[2024-12-17T04:56:42.149+0000] {logging_mixin.py:190} INFO - [2024-12-17T04:56:42.148+0000] {dag.py:4180} INFO - Setting next_dagrun for example_workday_timetable to 2021-01-01 00:00:00+00:00, run_after=2021-01-02 00:00:00+00:00
[2024-12-17T04:56:42.173+0000] {processor.py:208} INFO - Processing /root/airflow-venv/lib/python3.12/site-packages/airflow/example_dags/example_workday_timetable.py took 0.086 seconds
