[2024-12-17T04:42:43.302+0000] {processor.py:186} INFO - Started process (PID=434255) to work on /root/airflow-venv/lib/python3.12/site-packages/airflow/example_dags/example_time_delta_sensor_async.py
[2024-12-17T04:42:43.303+0000] {processor.py:914} INFO - Processing file /root/airflow-venv/lib/python3.12/site-packages/airflow/example_dags/example_time_delta_sensor_async.py for tasks to queue
[2024-12-17T04:42:43.305+0000] {logging_mixin.py:190} INFO - [2024-12-17T04:42:43.304+0000] {dagbag.py:588} INFO - Filling up the DagBag from /root/airflow-venv/lib/python3.12/site-packages/airflow/example_dags/example_time_delta_sensor_async.py
[2024-12-17T04:42:43.313+0000] {processor.py:925} INFO - DAG(s) 'example_time_delta_sensor_async' retrieved from /root/airflow-venv/lib/python3.12/site-packages/airflow/example_dags/example_time_delta_sensor_async.py
[2024-12-17T04:42:43.333+0000] {logging_mixin.py:190} INFO - [2024-12-17T04:42:43.333+0000] {dag.py:3239} INFO - Sync 1 DAGs
[2024-12-17T04:42:43.346+0000] {logging_mixin.py:190} INFO - [2024-12-17T04:42:43.346+0000] {dag.py:4180} INFO - Setting next_dagrun for example_time_delta_sensor_async to None, run_after=None
[2024-12-17T04:42:43.375+0000] {processor.py:208} INFO - Processing /root/airflow-venv/lib/python3.12/site-packages/airflow/example_dags/example_time_delta_sensor_async.py took 0.080 seconds
[2024-12-17T04:44:55.366+0000] {processor.py:186} INFO - Started process (PID=434359) to work on /root/airflow-venv/lib/python3.12/site-packages/airflow/example_dags/example_time_delta_sensor_async.py
[2024-12-17T04:44:55.367+0000] {processor.py:914} INFO - Processing file /root/airflow-venv/lib/python3.12/site-packages/airflow/example_dags/example_time_delta_sensor_async.py for tasks to queue
[2024-12-17T04:44:55.370+0000] {logging_mixin.py:190} INFO - [2024-12-17T04:44:55.369+0000] {dagbag.py:588} INFO - Filling up the DagBag from /root/airflow-venv/lib/python3.12/site-packages/airflow/example_dags/example_time_delta_sensor_async.py
[2024-12-17T04:44:55.379+0000] {processor.py:925} INFO - DAG(s) 'example_time_delta_sensor_async' retrieved from /root/airflow-venv/lib/python3.12/site-packages/airflow/example_dags/example_time_delta_sensor_async.py
[2024-12-17T04:44:55.399+0000] {logging_mixin.py:190} INFO - [2024-12-17T04:44:55.399+0000] {dag.py:3239} INFO - Sync 1 DAGs
[2024-12-17T04:44:55.414+0000] {logging_mixin.py:190} INFO - [2024-12-17T04:44:55.414+0000] {dag.py:4180} INFO - Setting next_dagrun for example_time_delta_sensor_async to None, run_after=None
[2024-12-17T04:44:55.442+0000] {processor.py:208} INFO - Processing /root/airflow-venv/lib/python3.12/site-packages/airflow/example_dags/example_time_delta_sensor_async.py took 0.084 seconds
[2024-12-17T04:45:51.416+0000] {processor.py:186} INFO - Started process (PID=434420) to work on /root/airflow-venv/lib/python3.12/site-packages/airflow/example_dags/example_time_delta_sensor_async.py
[2024-12-17T04:45:51.417+0000] {processor.py:914} INFO - Processing file /root/airflow-venv/lib/python3.12/site-packages/airflow/example_dags/example_time_delta_sensor_async.py for tasks to queue
[2024-12-17T04:45:51.420+0000] {logging_mixin.py:190} INFO - [2024-12-17T04:45:51.419+0000] {dagbag.py:588} INFO - Filling up the DagBag from /root/airflow-venv/lib/python3.12/site-packages/airflow/example_dags/example_time_delta_sensor_async.py
[2024-12-17T04:45:51.429+0000] {processor.py:925} INFO - DAG(s) 'example_time_delta_sensor_async' retrieved from /root/airflow-venv/lib/python3.12/site-packages/airflow/example_dags/example_time_delta_sensor_async.py
[2024-12-17T04:45:51.447+0000] {logging_mixin.py:190} INFO - [2024-12-17T04:45:51.446+0000] {dag.py:3239} INFO - Sync 1 DAGs
[2024-12-17T04:45:51.460+0000] {logging_mixin.py:190} INFO - [2024-12-17T04:45:51.460+0000] {dag.py:4180} INFO - Setting next_dagrun for example_time_delta_sensor_async to None, run_after=None
[2024-12-17T04:45:51.483+0000] {processor.py:208} INFO - Processing /root/airflow-venv/lib/python3.12/site-packages/airflow/example_dags/example_time_delta_sensor_async.py took 0.074 seconds
[2024-12-17T04:54:45.394+0000] {processor.py:186} INFO - Started process (PID=434578) to work on /root/airflow-venv/lib/python3.12/site-packages/airflow/example_dags/example_time_delta_sensor_async.py
[2024-12-17T04:54:45.395+0000] {processor.py:914} INFO - Processing file /root/airflow-venv/lib/python3.12/site-packages/airflow/example_dags/example_time_delta_sensor_async.py for tasks to queue
[2024-12-17T04:54:45.398+0000] {logging_mixin.py:190} INFO - [2024-12-17T04:54:45.397+0000] {dagbag.py:588} INFO - Filling up the DagBag from /root/airflow-venv/lib/python3.12/site-packages/airflow/example_dags/example_time_delta_sensor_async.py
[2024-12-17T04:54:45.407+0000] {processor.py:925} INFO - DAG(s) 'example_time_delta_sensor_async' retrieved from /root/airflow-venv/lib/python3.12/site-packages/airflow/example_dags/example_time_delta_sensor_async.py
[2024-12-17T04:54:45.428+0000] {logging_mixin.py:190} INFO - [2024-12-17T04:54:45.427+0000] {dag.py:3239} INFO - Sync 1 DAGs
[2024-12-17T04:54:45.441+0000] {logging_mixin.py:190} INFO - [2024-12-17T04:54:45.440+0000] {dag.py:4180} INFO - Setting next_dagrun for example_time_delta_sensor_async to None, run_after=None
[2024-12-17T04:54:45.468+0000] {processor.py:208} INFO - Processing /root/airflow-venv/lib/python3.12/site-packages/airflow/example_dags/example_time_delta_sensor_async.py took 0.080 seconds
[2024-12-17T04:55:42.954+0000] {processor.py:186} INFO - Started process (PID=434644) to work on /root/airflow-venv/lib/python3.12/site-packages/airflow/example_dags/example_time_delta_sensor_async.py
[2024-12-17T04:55:42.955+0000] {processor.py:914} INFO - Processing file /root/airflow-venv/lib/python3.12/site-packages/airflow/example_dags/example_time_delta_sensor_async.py for tasks to queue
[2024-12-17T04:55:42.958+0000] {logging_mixin.py:190} INFO - [2024-12-17T04:55:42.958+0000] {dagbag.py:588} INFO - Filling up the DagBag from /root/airflow-venv/lib/python3.12/site-packages/airflow/example_dags/example_time_delta_sensor_async.py
[2024-12-17T04:55:42.966+0000] {processor.py:925} INFO - DAG(s) 'example_time_delta_sensor_async' retrieved from /root/airflow-venv/lib/python3.12/site-packages/airflow/example_dags/example_time_delta_sensor_async.py
[2024-12-17T04:55:42.985+0000] {logging_mixin.py:190} INFO - [2024-12-17T04:55:42.984+0000] {dag.py:3239} INFO - Sync 1 DAGs
[2024-12-17T04:55:42.998+0000] {logging_mixin.py:190} INFO - [2024-12-17T04:55:42.998+0000] {dag.py:4180} INFO - Setting next_dagrun for example_time_delta_sensor_async to None, run_after=None
[2024-12-17T04:55:43.020+0000] {processor.py:208} INFO - Processing /root/airflow-venv/lib/python3.12/site-packages/airflow/example_dags/example_time_delta_sensor_async.py took 0.073 seconds
[2024-12-17T04:56:40.940+0000] {processor.py:186} INFO - Started process (PID=434703) to work on /root/airflow-venv/lib/python3.12/site-packages/airflow/example_dags/example_time_delta_sensor_async.py
[2024-12-17T04:56:40.941+0000] {processor.py:914} INFO - Processing file /root/airflow-venv/lib/python3.12/site-packages/airflow/example_dags/example_time_delta_sensor_async.py for tasks to queue
[2024-12-17T04:56:40.944+0000] {logging_mixin.py:190} INFO - [2024-12-17T04:56:40.944+0000] {dagbag.py:588} INFO - Filling up the DagBag from /root/airflow-venv/lib/python3.12/site-packages/airflow/example_dags/example_time_delta_sensor_async.py
[2024-12-17T04:56:40.953+0000] {processor.py:925} INFO - DAG(s) 'example_time_delta_sensor_async' retrieved from /root/airflow-venv/lib/python3.12/site-packages/airflow/example_dags/example_time_delta_sensor_async.py
[2024-12-17T04:56:40.971+0000] {logging_mixin.py:190} INFO - [2024-12-17T04:56:40.971+0000] {dag.py:3239} INFO - Sync 1 DAGs
[2024-12-17T04:56:40.984+0000] {logging_mixin.py:190} INFO - [2024-12-17T04:56:40.984+0000] {dag.py:4180} INFO - Setting next_dagrun for example_time_delta_sensor_async to None, run_after=None
[2024-12-17T04:56:41.008+0000] {processor.py:208} INFO - Processing /root/airflow-venv/lib/python3.12/site-packages/airflow/example_dags/example_time_delta_sensor_async.py took 0.075 seconds
