[2024-12-17T04:43:15.105+0000] {processor.py:186} INFO - Started process (PID=434289) to work on /root/airflow-venv/lib/python3.12/site-packages/airflow/example_dags/example_dataset_alias.py
[2024-12-17T04:43:15.105+0000] {processor.py:914} INFO - Processing file /root/airflow-venv/lib/python3.12/site-packages/airflow/example_dags/example_dataset_alias.py for tasks to queue
[2024-12-17T04:43:15.110+0000] {logging_mixin.py:190} INFO - [2024-12-17T04:43:15.109+0000] {dagbag.py:588} INFO - Filling up the DagBag from /root/airflow-venv/lib/python3.12/site-packages/airflow/example_dags/example_dataset_alias.py
[2024-12-17T04:43:15.138+0000] {processor.py:925} INFO - DAG(s) 'dataset_alias_example_alias_producer', 'dataset_s3_bucket_producer', 'dataset_alias_example_alias_consumer', 'dataset_s3_bucket_consumer' retrieved from /root/airflow-venv/lib/python3.12/site-packages/airflow/example_dags/example_dataset_alias.py
[2024-12-17T04:43:15.159+0000] {logging_mixin.py:190} INFO - [2024-12-17T04:43:15.159+0000] {dag.py:3239} INFO - Sync 4 DAGs
[2024-12-17T04:43:15.183+0000] {logging_mixin.py:190} INFO - [2024-12-17T04:43:15.183+0000] {dag.py:4180} INFO - Setting next_dagrun for dataset_alias_example_alias_consumer to None, run_after=None
[2024-12-17T04:43:15.185+0000] {logging_mixin.py:190} INFO - [2024-12-17T04:43:15.185+0000] {dag.py:4180} INFO - Setting next_dagrun for dataset_alias_example_alias_producer to None, run_after=None
[2024-12-17T04:43:15.186+0000] {logging_mixin.py:190} INFO - [2024-12-17T04:43:15.186+0000] {dag.py:4180} INFO - Setting next_dagrun for dataset_s3_bucket_consumer to None, run_after=None
[2024-12-17T04:43:15.187+0000] {logging_mixin.py:190} INFO - [2024-12-17T04:43:15.187+0000] {dag.py:4180} INFO - Setting next_dagrun for dataset_s3_bucket_producer to None, run_after=None
[2024-12-17T04:43:15.206+0000] {processor.py:208} INFO - Processing /root/airflow-venv/lib/python3.12/site-packages/airflow/example_dags/example_dataset_alias.py took 0.109 seconds
[2024-12-17T04:45:27.054+0000] {processor.py:186} INFO - Started process (PID=434395) to work on /root/airflow-venv/lib/python3.12/site-packages/airflow/example_dags/example_dataset_alias.py
[2024-12-17T04:45:27.056+0000] {processor.py:914} INFO - Processing file /root/airflow-venv/lib/python3.12/site-packages/airflow/example_dags/example_dataset_alias.py for tasks to queue
[2024-12-17T04:45:27.060+0000] {logging_mixin.py:190} INFO - [2024-12-17T04:45:27.060+0000] {dagbag.py:588} INFO - Filling up the DagBag from /root/airflow-venv/lib/python3.12/site-packages/airflow/example_dags/example_dataset_alias.py
[2024-12-17T04:45:27.086+0000] {processor.py:925} INFO - DAG(s) 'dataset_alias_example_alias_producer', 'dataset_s3_bucket_consumer', 'dataset_alias_example_alias_consumer', 'dataset_s3_bucket_producer' retrieved from /root/airflow-venv/lib/python3.12/site-packages/airflow/example_dags/example_dataset_alias.py
[2024-12-17T04:45:27.105+0000] {logging_mixin.py:190} INFO - [2024-12-17T04:45:27.105+0000] {dag.py:3239} INFO - Sync 4 DAGs
[2024-12-17T04:45:27.125+0000] {logging_mixin.py:190} INFO - [2024-12-17T04:45:27.124+0000] {dag.py:4180} INFO - Setting next_dagrun for dataset_alias_example_alias_consumer to None, run_after=None
[2024-12-17T04:45:27.127+0000] {logging_mixin.py:190} INFO - [2024-12-17T04:45:27.126+0000] {dag.py:4180} INFO - Setting next_dagrun for dataset_alias_example_alias_producer to None, run_after=None
[2024-12-17T04:45:27.128+0000] {logging_mixin.py:190} INFO - [2024-12-17T04:45:27.127+0000] {dag.py:4180} INFO - Setting next_dagrun for dataset_s3_bucket_consumer to None, run_after=None
[2024-12-17T04:45:27.128+0000] {logging_mixin.py:190} INFO - [2024-12-17T04:45:27.128+0000] {dag.py:4180} INFO - Setting next_dagrun for dataset_s3_bucket_producer to None, run_after=None
[2024-12-17T04:45:27.156+0000] {processor.py:208} INFO - Processing /root/airflow-venv/lib/python3.12/site-packages/airflow/example_dags/example_dataset_alias.py took 0.108 seconds
[2024-12-17T04:55:17.218+0000] {processor.py:186} INFO - Started process (PID=434616) to work on /root/airflow-venv/lib/python3.12/site-packages/airflow/example_dags/example_dataset_alias.py
[2024-12-17T04:55:17.220+0000] {processor.py:914} INFO - Processing file /root/airflow-venv/lib/python3.12/site-packages/airflow/example_dags/example_dataset_alias.py for tasks to queue
[2024-12-17T04:55:17.224+0000] {logging_mixin.py:190} INFO - [2024-12-17T04:55:17.224+0000] {dagbag.py:588} INFO - Filling up the DagBag from /root/airflow-venv/lib/python3.12/site-packages/airflow/example_dags/example_dataset_alias.py
[2024-12-17T04:55:17.254+0000] {processor.py:925} INFO - DAG(s) 'dataset_s3_bucket_producer', 'dataset_alias_example_alias_producer', 'dataset_s3_bucket_consumer', 'dataset_alias_example_alias_consumer' retrieved from /root/airflow-venv/lib/python3.12/site-packages/airflow/example_dags/example_dataset_alias.py
[2024-12-17T04:55:17.277+0000] {logging_mixin.py:190} INFO - [2024-12-17T04:55:17.277+0000] {dag.py:3239} INFO - Sync 4 DAGs
[2024-12-17T04:55:17.300+0000] {logging_mixin.py:190} INFO - [2024-12-17T04:55:17.299+0000] {dag.py:4180} INFO - Setting next_dagrun for dataset_alias_example_alias_consumer to None, run_after=None
[2024-12-17T04:55:17.302+0000] {logging_mixin.py:190} INFO - [2024-12-17T04:55:17.302+0000] {dag.py:4180} INFO - Setting next_dagrun for dataset_alias_example_alias_producer to None, run_after=None
[2024-12-17T04:55:17.303+0000] {logging_mixin.py:190} INFO - [2024-12-17T04:55:17.303+0000] {dag.py:4180} INFO - Setting next_dagrun for dataset_s3_bucket_consumer to None, run_after=None
[2024-12-17T04:55:17.304+0000] {logging_mixin.py:190} INFO - [2024-12-17T04:55:17.304+0000] {dag.py:4180} INFO - Setting next_dagrun for dataset_s3_bucket_producer to None, run_after=None
[2024-12-17T04:55:17.327+0000] {processor.py:208} INFO - Processing /root/airflow-venv/lib/python3.12/site-packages/airflow/example_dags/example_dataset_alias.py took 0.115 seconds
[2024-12-17T04:56:16.507+0000] {processor.py:186} INFO - Started process (PID=434678) to work on /root/airflow-venv/lib/python3.12/site-packages/airflow/example_dags/example_dataset_alias.py
[2024-12-17T04:56:16.508+0000] {processor.py:914} INFO - Processing file /root/airflow-venv/lib/python3.12/site-packages/airflow/example_dags/example_dataset_alias.py for tasks to queue
[2024-12-17T04:56:16.512+0000] {logging_mixin.py:190} INFO - [2024-12-17T04:56:16.511+0000] {dagbag.py:588} INFO - Filling up the DagBag from /root/airflow-venv/lib/python3.12/site-packages/airflow/example_dags/example_dataset_alias.py
[2024-12-17T04:56:16.543+0000] {processor.py:925} INFO - DAG(s) 'dataset_s3_bucket_consumer', 'dataset_alias_example_alias_consumer', 'dataset_s3_bucket_producer', 'dataset_alias_example_alias_producer' retrieved from /root/airflow-venv/lib/python3.12/site-packages/airflow/example_dags/example_dataset_alias.py
[2024-12-17T04:56:16.566+0000] {logging_mixin.py:190} INFO - [2024-12-17T04:56:16.565+0000] {dag.py:3239} INFO - Sync 4 DAGs
[2024-12-17T04:56:16.589+0000] {logging_mixin.py:190} INFO - [2024-12-17T04:56:16.588+0000] {dag.py:4180} INFO - Setting next_dagrun for dataset_alias_example_alias_consumer to None, run_after=None
[2024-12-17T04:56:16.591+0000] {logging_mixin.py:190} INFO - [2024-12-17T04:56:16.591+0000] {dag.py:4180} INFO - Setting next_dagrun for dataset_alias_example_alias_producer to None, run_after=None
[2024-12-17T04:56:16.592+0000] {logging_mixin.py:190} INFO - [2024-12-17T04:56:16.592+0000] {dag.py:4180} INFO - Setting next_dagrun for dataset_s3_bucket_consumer to None, run_after=None
[2024-12-17T04:56:16.593+0000] {logging_mixin.py:190} INFO - [2024-12-17T04:56:16.592+0000] {dag.py:4180} INFO - Setting next_dagrun for dataset_s3_bucket_producer to None, run_after=None
[2024-12-17T04:56:16.616+0000] {processor.py:208} INFO - Processing /root/airflow-venv/lib/python3.12/site-packages/airflow/example_dags/example_dataset_alias.py took 0.117 seconds
[2024-12-17T04:57:12.206+0000] {processor.py:186} INFO - Started process (PID=434741) to work on /root/airflow-venv/lib/python3.12/site-packages/airflow/example_dags/example_dataset_alias.py
[2024-12-17T04:57:12.209+0000] {processor.py:914} INFO - Processing file /root/airflow-venv/lib/python3.12/site-packages/airflow/example_dags/example_dataset_alias.py for tasks to queue
[2024-12-17T04:57:12.212+0000] {logging_mixin.py:190} INFO - [2024-12-17T04:57:12.212+0000] {dagbag.py:588} INFO - Filling up the DagBag from /root/airflow-venv/lib/python3.12/site-packages/airflow/example_dags/example_dataset_alias.py
[2024-12-17T04:57:12.246+0000] {processor.py:925} INFO - DAG(s) 'dataset_alias_example_alias_producer', 'dataset_s3_bucket_producer', 'dataset_alias_example_alias_consumer', 'dataset_s3_bucket_consumer' retrieved from /root/airflow-venv/lib/python3.12/site-packages/airflow/example_dags/example_dataset_alias.py
[2024-12-17T04:57:12.272+0000] {logging_mixin.py:190} INFO - [2024-12-17T04:57:12.272+0000] {dag.py:3239} INFO - Sync 4 DAGs
[2024-12-17T04:57:12.296+0000] {logging_mixin.py:190} INFO - [2024-12-17T04:57:12.296+0000] {dag.py:4180} INFO - Setting next_dagrun for dataset_alias_example_alias_consumer to None, run_after=None
[2024-12-17T04:57:12.299+0000] {logging_mixin.py:190} INFO - [2024-12-17T04:57:12.299+0000] {dag.py:4180} INFO - Setting next_dagrun for dataset_alias_example_alias_producer to None, run_after=None
[2024-12-17T04:57:12.300+0000] {logging_mixin.py:190} INFO - [2024-12-17T04:57:12.300+0000] {dag.py:4180} INFO - Setting next_dagrun for dataset_s3_bucket_consumer to None, run_after=None
[2024-12-17T04:57:12.301+0000] {logging_mixin.py:190} INFO - [2024-12-17T04:57:12.301+0000] {dag.py:4180} INFO - Setting next_dagrun for dataset_s3_bucket_producer to None, run_after=None
[2024-12-17T04:57:12.329+0000] {processor.py:208} INFO - Processing /root/airflow-venv/lib/python3.12/site-packages/airflow/example_dags/example_dataset_alias.py took 0.132 seconds
