[2024-12-17T04:42:54.177+0000] {processor.py:186} INFO - Started process (PID=434269) to work on /root/airflow-venv/lib/python3.12/site-packages/airflow/example_dags/example_sensors.py
[2024-12-17T04:42:54.178+0000] {processor.py:914} INFO - Processing file /root/airflow-venv/lib/python3.12/site-packages/airflow/example_dags/example_sensors.py for tasks to queue
[2024-12-17T04:42:54.181+0000] {logging_mixin.py:190} INFO - [2024-12-17T04:42:54.180+0000] {dagbag.py:588} INFO - Filling up the DagBag from /root/airflow-venv/lib/python3.12/site-packages/airflow/example_dags/example_sensors.py
[2024-12-17T04:42:54.192+0000] {processor.py:925} INFO - DAG(s) 'example_sensors' retrieved from /root/airflow-venv/lib/python3.12/site-packages/airflow/example_dags/example_sensors.py
[2024-12-17T04:42:54.220+0000] {logging_mixin.py:190} INFO - [2024-12-17T04:42:54.219+0000] {dag.py:3239} INFO - Sync 1 DAGs
[2024-12-17T04:42:54.232+0000] {logging_mixin.py:190} INFO - [2024-12-17T04:42:54.232+0000] {dag.py:4180} INFO - Setting next_dagrun for example_sensors to None, run_after=None
[2024-12-17T04:42:54.253+0000] {processor.py:208} INFO - Processing /root/airflow-venv/lib/python3.12/site-packages/airflow/example_dags/example_sensors.py took 0.082 seconds
[2024-12-17T04:45:06.922+0000] {processor.py:186} INFO - Started process (PID=434374) to work on /root/airflow-venv/lib/python3.12/site-packages/airflow/example_dags/example_sensors.py
[2024-12-17T04:45:06.924+0000] {processor.py:914} INFO - Processing file /root/airflow-venv/lib/python3.12/site-packages/airflow/example_dags/example_sensors.py for tasks to queue
[2024-12-17T04:45:06.927+0000] {logging_mixin.py:190} INFO - [2024-12-17T04:45:06.926+0000] {dagbag.py:588} INFO - Filling up the DagBag from /root/airflow-venv/lib/python3.12/site-packages/airflow/example_dags/example_sensors.py
[2024-12-17T04:45:06.941+0000] {processor.py:925} INFO - DAG(s) 'example_sensors' retrieved from /root/airflow-venv/lib/python3.12/site-packages/airflow/example_dags/example_sensors.py
[2024-12-17T04:45:06.971+0000] {logging_mixin.py:190} INFO - [2024-12-17T04:45:06.971+0000] {dag.py:3239} INFO - Sync 1 DAGs
[2024-12-17T04:45:06.985+0000] {logging_mixin.py:190} INFO - [2024-12-17T04:45:06.985+0000] {dag.py:4180} INFO - Setting next_dagrun for example_sensors to None, run_after=None
[2024-12-17T04:45:07.009+0000] {processor.py:208} INFO - Processing /root/airflow-venv/lib/python3.12/site-packages/airflow/example_dags/example_sensors.py took 0.096 seconds
[2024-12-17T04:46:02.850+0000] {processor.py:186} INFO - Started process (PID=434432) to work on /root/airflow-venv/lib/python3.12/site-packages/airflow/example_dags/example_sensors.py
[2024-12-17T04:46:02.851+0000] {processor.py:914} INFO - Processing file /root/airflow-venv/lib/python3.12/site-packages/airflow/example_dags/example_sensors.py for tasks to queue
[2024-12-17T04:46:02.854+0000] {logging_mixin.py:190} INFO - [2024-12-17T04:46:02.853+0000] {dagbag.py:588} INFO - Filling up the DagBag from /root/airflow-venv/lib/python3.12/site-packages/airflow/example_dags/example_sensors.py
[2024-12-17T04:46:02.867+0000] {processor.py:925} INFO - DAG(s) 'example_sensors' retrieved from /root/airflow-venv/lib/python3.12/site-packages/airflow/example_dags/example_sensors.py
[2024-12-17T04:46:02.894+0000] {logging_mixin.py:190} INFO - [2024-12-17T04:46:02.894+0000] {dag.py:3239} INFO - Sync 1 DAGs
[2024-12-17T04:46:02.909+0000] {logging_mixin.py:190} INFO - [2024-12-17T04:46:02.908+0000] {dag.py:4180} INFO - Setting next_dagrun for example_sensors to None, run_after=None
[2024-12-17T04:46:02.935+0000] {processor.py:208} INFO - Processing /root/airflow-venv/lib/python3.12/site-packages/airflow/example_dags/example_sensors.py took 0.093 seconds
[2024-12-17T04:54:56.377+0000] {processor.py:186} INFO - Started process (PID=434591) to work on /root/airflow-venv/lib/python3.12/site-packages/airflow/example_dags/example_sensors.py
[2024-12-17T04:54:56.378+0000] {processor.py:914} INFO - Processing file /root/airflow-venv/lib/python3.12/site-packages/airflow/example_dags/example_sensors.py for tasks to queue
[2024-12-17T04:54:56.381+0000] {logging_mixin.py:190} INFO - [2024-12-17T04:54:56.380+0000] {dagbag.py:588} INFO - Filling up the DagBag from /root/airflow-venv/lib/python3.12/site-packages/airflow/example_dags/example_sensors.py
[2024-12-17T04:54:56.393+0000] {processor.py:925} INFO - DAG(s) 'example_sensors' retrieved from /root/airflow-venv/lib/python3.12/site-packages/airflow/example_dags/example_sensors.py
[2024-12-17T04:54:56.422+0000] {logging_mixin.py:190} INFO - [2024-12-17T04:54:56.421+0000] {dag.py:3239} INFO - Sync 1 DAGs
[2024-12-17T04:54:56.436+0000] {logging_mixin.py:190} INFO - [2024-12-17T04:54:56.435+0000] {dag.py:4180} INFO - Setting next_dagrun for example_sensors to None, run_after=None
[2024-12-17T04:54:56.459+0000] {processor.py:208} INFO - Processing /root/airflow-venv/lib/python3.12/site-packages/airflow/example_dags/example_sensors.py took 0.091 seconds
[2024-12-17T04:55:55.570+0000] {processor.py:186} INFO - Started process (PID=434658) to work on /root/airflow-venv/lib/python3.12/site-packages/airflow/example_dags/example_sensors.py
[2024-12-17T04:55:55.571+0000] {processor.py:914} INFO - Processing file /root/airflow-venv/lib/python3.12/site-packages/airflow/example_dags/example_sensors.py for tasks to queue
[2024-12-17T04:55:55.573+0000] {logging_mixin.py:190} INFO - [2024-12-17T04:55:55.573+0000] {dagbag.py:588} INFO - Filling up the DagBag from /root/airflow-venv/lib/python3.12/site-packages/airflow/example_dags/example_sensors.py
[2024-12-17T04:55:55.586+0000] {processor.py:925} INFO - DAG(s) 'example_sensors' retrieved from /root/airflow-venv/lib/python3.12/site-packages/airflow/example_dags/example_sensors.py
[2024-12-17T04:55:55.610+0000] {logging_mixin.py:190} INFO - [2024-12-17T04:55:55.609+0000] {dag.py:3239} INFO - Sync 1 DAGs
[2024-12-17T04:55:55.624+0000] {logging_mixin.py:190} INFO - [2024-12-17T04:55:55.623+0000] {dag.py:4180} INFO - Setting next_dagrun for example_sensors to None, run_after=None
[2024-12-17T04:55:55.643+0000] {processor.py:208} INFO - Processing /root/airflow-venv/lib/python3.12/site-packages/airflow/example_dags/example_sensors.py took 0.080 seconds
[2024-12-17T04:56:52.417+0000] {processor.py:186} INFO - Started process (PID=434719) to work on /root/airflow-venv/lib/python3.12/site-packages/airflow/example_dags/example_sensors.py
[2024-12-17T04:56:52.418+0000] {processor.py:914} INFO - Processing file /root/airflow-venv/lib/python3.12/site-packages/airflow/example_dags/example_sensors.py for tasks to queue
[2024-12-17T04:56:52.421+0000] {logging_mixin.py:190} INFO - [2024-12-17T04:56:52.420+0000] {dagbag.py:588} INFO - Filling up the DagBag from /root/airflow-venv/lib/python3.12/site-packages/airflow/example_dags/example_sensors.py
[2024-12-17T04:56:52.438+0000] {processor.py:925} INFO - DAG(s) 'example_sensors' retrieved from /root/airflow-venv/lib/python3.12/site-packages/airflow/example_dags/example_sensors.py
[2024-12-17T04:56:52.471+0000] {logging_mixin.py:190} INFO - [2024-12-17T04:56:52.471+0000] {dag.py:3239} INFO - Sync 1 DAGs
[2024-12-17T04:56:52.487+0000] {logging_mixin.py:190} INFO - [2024-12-17T04:56:52.487+0000] {dag.py:4180} INFO - Setting next_dagrun for example_sensors to None, run_after=None
[2024-12-17T04:56:52.514+0000] {processor.py:208} INFO - Processing /root/airflow-venv/lib/python3.12/site-packages/airflow/example_dags/example_sensors.py took 0.105 seconds
