[2024-12-17T04:42:38.718+0000] {processor.py:186} INFO - Started process (PID=434251) to work on /root/airflow-venv/lib/python3.12/site-packages/airflow/example_dags/tutorial.py
[2024-12-17T04:42:38.719+0000] {processor.py:914} INFO - Processing file /root/airflow-venv/lib/python3.12/site-packages/airflow/example_dags/tutorial.py for tasks to queue
[2024-12-17T04:42:38.721+0000] {logging_mixin.py:190} INFO - [2024-12-17T04:42:38.721+0000] {dagbag.py:588} INFO - Filling up the DagBag from /root/airflow-venv/lib/python3.12/site-packages/airflow/example_dags/tutorial.py
[2024-12-17T04:42:38.731+0000] {processor.py:925} INFO - DAG(s) 'tutorial' retrieved from /root/airflow-venv/lib/python3.12/site-packages/airflow/example_dags/tutorial.py
[2024-12-17T04:42:38.757+0000] {logging_mixin.py:190} INFO - [2024-12-17T04:42:38.756+0000] {dag.py:3239} INFO - Sync 1 DAGs
[2024-12-17T04:42:38.778+0000] {logging_mixin.py:190} INFO - [2024-12-17T04:42:38.778+0000] {dag.py:4180} INFO - Setting next_dagrun for tutorial to 2024-12-16 00:00:00+00:00, run_after=2024-12-17 00:00:00+00:00
[2024-12-17T04:42:38.798+0000] {processor.py:208} INFO - Processing /root/airflow-venv/lib/python3.12/site-packages/airflow/example_dags/tutorial.py took 0.086 seconds
[2024-12-17T04:44:51.651+0000] {processor.py:186} INFO - Started process (PID=434355) to work on /root/airflow-venv/lib/python3.12/site-packages/airflow/example_dags/tutorial.py
[2024-12-17T04:44:51.652+0000] {processor.py:914} INFO - Processing file /root/airflow-venv/lib/python3.12/site-packages/airflow/example_dags/tutorial.py for tasks to queue
[2024-12-17T04:44:51.654+0000] {logging_mixin.py:190} INFO - [2024-12-17T04:44:51.654+0000] {dagbag.py:588} INFO - Filling up the DagBag from /root/airflow-venv/lib/python3.12/site-packages/airflow/example_dags/tutorial.py
[2024-12-17T04:44:51.664+0000] {processor.py:925} INFO - DAG(s) 'tutorial' retrieved from /root/airflow-venv/lib/python3.12/site-packages/airflow/example_dags/tutorial.py
[2024-12-17T04:44:51.688+0000] {logging_mixin.py:190} INFO - [2024-12-17T04:44:51.688+0000] {dag.py:3239} INFO - Sync 1 DAGs
[2024-12-17T04:44:51.709+0000] {logging_mixin.py:190} INFO - [2024-12-17T04:44:51.709+0000] {dag.py:4180} INFO - Setting next_dagrun for tutorial to 2024-12-16 00:00:00+00:00, run_after=2024-12-17 00:00:00+00:00
[2024-12-17T04:44:51.730+0000] {processor.py:208} INFO - Processing /root/airflow-venv/lib/python3.12/site-packages/airflow/example_dags/tutorial.py took 0.086 seconds
[2024-12-17T04:45:47.508+0000] {processor.py:186} INFO - Started process (PID=434416) to work on /root/airflow-venv/lib/python3.12/site-packages/airflow/example_dags/tutorial.py
[2024-12-17T04:45:47.509+0000] {processor.py:914} INFO - Processing file /root/airflow-venv/lib/python3.12/site-packages/airflow/example_dags/tutorial.py for tasks to queue
[2024-12-17T04:45:47.513+0000] {logging_mixin.py:190} INFO - [2024-12-17T04:45:47.512+0000] {dagbag.py:588} INFO - Filling up the DagBag from /root/airflow-venv/lib/python3.12/site-packages/airflow/example_dags/tutorial.py
[2024-12-17T04:45:47.522+0000] {processor.py:925} INFO - DAG(s) 'tutorial' retrieved from /root/airflow-venv/lib/python3.12/site-packages/airflow/example_dags/tutorial.py
[2024-12-17T04:45:47.541+0000] {logging_mixin.py:190} INFO - [2024-12-17T04:45:47.541+0000] {dag.py:3239} INFO - Sync 1 DAGs
[2024-12-17T04:45:47.562+0000] {logging_mixin.py:190} INFO - [2024-12-17T04:45:47.561+0000] {dag.py:4180} INFO - Setting next_dagrun for tutorial to 2024-12-16 00:00:00+00:00, run_after=2024-12-17 00:00:00+00:00
[2024-12-17T04:45:47.598+0000] {processor.py:208} INFO - Processing /root/airflow-venv/lib/python3.12/site-packages/airflow/example_dags/tutorial.py took 0.097 seconds
[2024-12-17T04:54:40.810+0000] {processor.py:186} INFO - Started process (PID=434574) to work on /root/airflow-venv/lib/python3.12/site-packages/airflow/example_dags/tutorial.py
[2024-12-17T04:54:40.812+0000] {processor.py:914} INFO - Processing file /root/airflow-venv/lib/python3.12/site-packages/airflow/example_dags/tutorial.py for tasks to queue
[2024-12-17T04:54:40.814+0000] {logging_mixin.py:190} INFO - [2024-12-17T04:54:40.814+0000] {dagbag.py:588} INFO - Filling up the DagBag from /root/airflow-venv/lib/python3.12/site-packages/airflow/example_dags/tutorial.py
[2024-12-17T04:54:40.824+0000] {processor.py:925} INFO - DAG(s) 'tutorial' retrieved from /root/airflow-venv/lib/python3.12/site-packages/airflow/example_dags/tutorial.py
[2024-12-17T04:54:40.851+0000] {logging_mixin.py:190} INFO - [2024-12-17T04:54:40.850+0000] {dag.py:3239} INFO - Sync 1 DAGs
[2024-12-17T04:54:40.873+0000] {logging_mixin.py:190} INFO - [2024-12-17T04:54:40.872+0000] {dag.py:4180} INFO - Setting next_dagrun for tutorial to 2024-12-16 00:00:00+00:00, run_after=2024-12-17 00:00:00+00:00
[2024-12-17T04:54:40.899+0000] {processor.py:208} INFO - Processing /root/airflow-venv/lib/python3.12/site-packages/airflow/example_dags/tutorial.py took 0.095 seconds
[2024-12-17T04:55:38.963+0000] {processor.py:186} INFO - Started process (PID=434640) to work on /root/airflow-venv/lib/python3.12/site-packages/airflow/example_dags/tutorial.py
[2024-12-17T04:55:38.965+0000] {processor.py:914} INFO - Processing file /root/airflow-venv/lib/python3.12/site-packages/airflow/example_dags/tutorial.py for tasks to queue
[2024-12-17T04:55:38.969+0000] {logging_mixin.py:190} INFO - [2024-12-17T04:55:38.968+0000] {dagbag.py:588} INFO - Filling up the DagBag from /root/airflow-venv/lib/python3.12/site-packages/airflow/example_dags/tutorial.py
[2024-12-17T04:55:38.981+0000] {processor.py:925} INFO - DAG(s) 'tutorial' retrieved from /root/airflow-venv/lib/python3.12/site-packages/airflow/example_dags/tutorial.py
[2024-12-17T04:55:39.003+0000] {logging_mixin.py:190} INFO - [2024-12-17T04:55:39.003+0000] {dag.py:3239} INFO - Sync 1 DAGs
[2024-12-17T04:55:39.026+0000] {logging_mixin.py:190} INFO - [2024-12-17T04:55:39.026+0000] {dag.py:4180} INFO - Setting next_dagrun for tutorial to 2024-12-16 00:00:00+00:00, run_after=2024-12-17 00:00:00+00:00
[2024-12-17T04:55:39.053+0000] {processor.py:208} INFO - Processing /root/airflow-venv/lib/python3.12/site-packages/airflow/example_dags/tutorial.py took 0.098 seconds
[2024-12-17T04:56:37.035+0000] {processor.py:186} INFO - Started process (PID=434699) to work on /root/airflow-venv/lib/python3.12/site-packages/airflow/example_dags/tutorial.py
[2024-12-17T04:56:37.037+0000] {processor.py:914} INFO - Processing file /root/airflow-venv/lib/python3.12/site-packages/airflow/example_dags/tutorial.py for tasks to queue
[2024-12-17T04:56:37.041+0000] {logging_mixin.py:190} INFO - [2024-12-17T04:56:37.040+0000] {dagbag.py:588} INFO - Filling up the DagBag from /root/airflow-venv/lib/python3.12/site-packages/airflow/example_dags/tutorial.py
[2024-12-17T04:56:37.054+0000] {processor.py:925} INFO - DAG(s) 'tutorial' retrieved from /root/airflow-venv/lib/python3.12/site-packages/airflow/example_dags/tutorial.py
[2024-12-17T04:56:37.076+0000] {logging_mixin.py:190} INFO - [2024-12-17T04:56:37.076+0000] {dag.py:3239} INFO - Sync 1 DAGs
[2024-12-17T04:56:37.096+0000] {logging_mixin.py:190} INFO - [2024-12-17T04:56:37.096+0000] {dag.py:4180} INFO - Setting next_dagrun for tutorial to 2024-12-16 00:00:00+00:00, run_after=2024-12-17 00:00:00+00:00
[2024-12-17T04:56:37.118+0000] {processor.py:208} INFO - Processing /root/airflow-venv/lib/python3.12/site-packages/airflow/example_dags/tutorial.py took 0.092 seconds
[2024-12-17T04:57:31.677+0000] {processor.py:186} INFO - Started process (PID=434760) to work on /root/airflow-venv/lib/python3.12/site-packages/airflow/example_dags/tutorial.py
[2024-12-17T04:57:31.678+0000] {processor.py:914} INFO - Processing file /root/airflow-venv/lib/python3.12/site-packages/airflow/example_dags/tutorial.py for tasks to queue
[2024-12-17T04:57:31.681+0000] {logging_mixin.py:190} INFO - [2024-12-17T04:57:31.681+0000] {dagbag.py:588} INFO - Filling up the DagBag from /root/airflow-venv/lib/python3.12/site-packages/airflow/example_dags/tutorial.py
[2024-12-17T04:57:31.693+0000] {processor.py:925} INFO - DAG(s) 'tutorial' retrieved from /root/airflow-venv/lib/python3.12/site-packages/airflow/example_dags/tutorial.py
[2024-12-17T04:57:31.715+0000] {logging_mixin.py:190} INFO - [2024-12-17T04:57:31.714+0000] {dag.py:3239} INFO - Sync 1 DAGs
[2024-12-17T04:57:31.737+0000] {logging_mixin.py:190} INFO - [2024-12-17T04:57:31.736+0000] {dag.py:4180} INFO - Setting next_dagrun for tutorial to 2024-12-16 00:00:00+00:00, run_after=2024-12-17 00:00:00+00:00
[2024-12-17T04:57:31.759+0000] {processor.py:208} INFO - Processing /root/airflow-venv/lib/python3.12/site-packages/airflow/example_dags/tutorial.py took 0.089 seconds
