[2024-12-17T04:42:39.875+0000] {processor.py:186} INFO - Started process (PID=434252) to work on /root/airflow-venv/lib/python3.12/site-packages/airflow/example_dags/tutorial_objectstorage.py
[2024-12-17T04:42:39.877+0000] {processor.py:914} INFO - Processing file /root/airflow-venv/lib/python3.12/site-packages/airflow/example_dags/tutorial_objectstorage.py for tasks to queue
[2024-12-17T04:42:39.879+0000] {logging_mixin.py:190} INFO - [2024-12-17T04:42:39.879+0000] {dagbag.py:588} INFO - Filling up the DagBag from /root/airflow-venv/lib/python3.12/site-packages/airflow/example_dags/tutorial_objectstorage.py
[2024-12-17T04:42:39.894+0000] {processor.py:925} INFO - DAG(s) 'tutorial_objectstorage' retrieved from /root/airflow-venv/lib/python3.12/site-packages/airflow/example_dags/tutorial_objectstorage.py
[2024-12-17T04:42:39.919+0000] {logging_mixin.py:190} INFO - [2024-12-17T04:42:39.918+0000] {dag.py:3239} INFO - Sync 1 DAGs
[2024-12-17T04:42:39.931+0000] {logging_mixin.py:190} INFO - [2024-12-17T04:42:39.931+0000] {dag.py:4180} INFO - Setting next_dagrun for tutorial_objectstorage to None, run_after=None
[2024-12-17T04:42:39.953+0000] {processor.py:208} INFO - Processing /root/airflow-venv/lib/python3.12/site-packages/airflow/example_dags/tutorial_objectstorage.py took 0.085 seconds
[2024-12-17T04:44:51.817+0000] {processor.py:186} INFO - Started process (PID=434356) to work on /root/airflow-venv/lib/python3.12/site-packages/airflow/example_dags/tutorial_objectstorage.py
[2024-12-17T04:44:51.818+0000] {processor.py:914} INFO - Processing file /root/airflow-venv/lib/python3.12/site-packages/airflow/example_dags/tutorial_objectstorage.py for tasks to queue
[2024-12-17T04:44:51.821+0000] {logging_mixin.py:190} INFO - [2024-12-17T04:44:51.821+0000] {dagbag.py:588} INFO - Filling up the DagBag from /root/airflow-venv/lib/python3.12/site-packages/airflow/example_dags/tutorial_objectstorage.py
[2024-12-17T04:44:51.833+0000] {processor.py:925} INFO - DAG(s) 'tutorial_objectstorage' retrieved from /root/airflow-venv/lib/python3.12/site-packages/airflow/example_dags/tutorial_objectstorage.py
[2024-12-17T04:44:51.858+0000] {logging_mixin.py:190} INFO - [2024-12-17T04:44:51.858+0000] {dag.py:3239} INFO - Sync 1 DAGs
[2024-12-17T04:44:51.872+0000] {logging_mixin.py:190} INFO - [2024-12-17T04:44:51.872+0000] {dag.py:4180} INFO - Setting next_dagrun for tutorial_objectstorage to None, run_after=None
[2024-12-17T04:44:51.896+0000] {processor.py:208} INFO - Processing /root/airflow-venv/lib/python3.12/site-packages/airflow/example_dags/tutorial_objectstorage.py took 0.086 seconds
[2024-12-17T04:45:48.664+0000] {processor.py:186} INFO - Started process (PID=434417) to work on /root/airflow-venv/lib/python3.12/site-packages/airflow/example_dags/tutorial_objectstorage.py
[2024-12-17T04:45:48.666+0000] {processor.py:914} INFO - Processing file /root/airflow-venv/lib/python3.12/site-packages/airflow/example_dags/tutorial_objectstorage.py for tasks to queue
[2024-12-17T04:45:48.668+0000] {logging_mixin.py:190} INFO - [2024-12-17T04:45:48.667+0000] {dagbag.py:588} INFO - Filling up the DagBag from /root/airflow-venv/lib/python3.12/site-packages/airflow/example_dags/tutorial_objectstorage.py
[2024-12-17T04:45:48.679+0000] {processor.py:925} INFO - DAG(s) 'tutorial_objectstorage' retrieved from /root/airflow-venv/lib/python3.12/site-packages/airflow/example_dags/tutorial_objectstorage.py
[2024-12-17T04:45:48.697+0000] {logging_mixin.py:190} INFO - [2024-12-17T04:45:48.697+0000] {dag.py:3239} INFO - Sync 1 DAGs
[2024-12-17T04:45:48.709+0000] {logging_mixin.py:190} INFO - [2024-12-17T04:45:48.709+0000] {dag.py:4180} INFO - Setting next_dagrun for tutorial_objectstorage to None, run_after=None
[2024-12-17T04:45:48.734+0000] {processor.py:208} INFO - Processing /root/airflow-venv/lib/python3.12/site-packages/airflow/example_dags/tutorial_objectstorage.py took 0.078 seconds
[2024-12-17T04:54:41.959+0000] {processor.py:186} INFO - Started process (PID=434575) to work on /root/airflow-venv/lib/python3.12/site-packages/airflow/example_dags/tutorial_objectstorage.py
[2024-12-17T04:54:41.961+0000] {processor.py:914} INFO - Processing file /root/airflow-venv/lib/python3.12/site-packages/airflow/example_dags/tutorial_objectstorage.py for tasks to queue
[2024-12-17T04:54:41.963+0000] {logging_mixin.py:190} INFO - [2024-12-17T04:54:41.962+0000] {dagbag.py:588} INFO - Filling up the DagBag from /root/airflow-venv/lib/python3.12/site-packages/airflow/example_dags/tutorial_objectstorage.py
[2024-12-17T04:54:41.974+0000] {processor.py:925} INFO - DAG(s) 'tutorial_objectstorage' retrieved from /root/airflow-venv/lib/python3.12/site-packages/airflow/example_dags/tutorial_objectstorage.py
[2024-12-17T04:54:41.998+0000] {logging_mixin.py:190} INFO - [2024-12-17T04:54:41.997+0000] {dag.py:3239} INFO - Sync 1 DAGs
[2024-12-17T04:54:42.011+0000] {logging_mixin.py:190} INFO - [2024-12-17T04:54:42.011+0000] {dag.py:4180} INFO - Setting next_dagrun for tutorial_objectstorage to None, run_after=None
[2024-12-17T04:54:42.036+0000] {processor.py:208} INFO - Processing /root/airflow-venv/lib/python3.12/site-packages/airflow/example_dags/tutorial_objectstorage.py took 0.083 seconds
[2024-12-17T04:55:40.214+0000] {processor.py:186} INFO - Started process (PID=434641) to work on /root/airflow-venv/lib/python3.12/site-packages/airflow/example_dags/tutorial_objectstorage.py
[2024-12-17T04:55:40.215+0000] {processor.py:914} INFO - Processing file /root/airflow-venv/lib/python3.12/site-packages/airflow/example_dags/tutorial_objectstorage.py for tasks to queue
[2024-12-17T04:55:40.219+0000] {logging_mixin.py:190} INFO - [2024-12-17T04:55:40.219+0000] {dagbag.py:588} INFO - Filling up the DagBag from /root/airflow-venv/lib/python3.12/site-packages/airflow/example_dags/tutorial_objectstorage.py
[2024-12-17T04:55:40.237+0000] {processor.py:925} INFO - DAG(s) 'tutorial_objectstorage' retrieved from /root/airflow-venv/lib/python3.12/site-packages/airflow/example_dags/tutorial_objectstorage.py
[2024-12-17T04:55:40.262+0000] {logging_mixin.py:190} INFO - [2024-12-17T04:55:40.262+0000] {dag.py:3239} INFO - Sync 1 DAGs
[2024-12-17T04:55:40.280+0000] {logging_mixin.py:190} INFO - [2024-12-17T04:55:40.280+0000] {dag.py:4180} INFO - Setting next_dagrun for tutorial_objectstorage to None, run_after=None
[2024-12-17T04:55:40.307+0000] {processor.py:208} INFO - Processing /root/airflow-venv/lib/python3.12/site-packages/airflow/example_dags/tutorial_objectstorage.py took 0.101 seconds
[2024-12-17T04:56:38.182+0000] {processor.py:186} INFO - Started process (PID=434700) to work on /root/airflow-venv/lib/python3.12/site-packages/airflow/example_dags/tutorial_objectstorage.py
[2024-12-17T04:56:38.183+0000] {processor.py:914} INFO - Processing file /root/airflow-venv/lib/python3.12/site-packages/airflow/example_dags/tutorial_objectstorage.py for tasks to queue
[2024-12-17T04:56:38.186+0000] {logging_mixin.py:190} INFO - [2024-12-17T04:56:38.186+0000] {dagbag.py:588} INFO - Filling up the DagBag from /root/airflow-venv/lib/python3.12/site-packages/airflow/example_dags/tutorial_objectstorage.py
[2024-12-17T04:56:38.198+0000] {processor.py:925} INFO - DAG(s) 'tutorial_objectstorage' retrieved from /root/airflow-venv/lib/python3.12/site-packages/airflow/example_dags/tutorial_objectstorage.py
[2024-12-17T04:56:38.216+0000] {logging_mixin.py:190} INFO - [2024-12-17T04:56:38.216+0000] {dag.py:3239} INFO - Sync 1 DAGs
[2024-12-17T04:56:38.230+0000] {logging_mixin.py:190} INFO - [2024-12-17T04:56:38.230+0000] {dag.py:4180} INFO - Setting next_dagrun for tutorial_objectstorage to None, run_after=None
[2024-12-17T04:56:38.252+0000] {processor.py:208} INFO - Processing /root/airflow-venv/lib/python3.12/site-packages/airflow/example_dags/tutorial_objectstorage.py took 0.078 seconds
[2024-12-17T04:57:32.835+0000] {processor.py:186} INFO - Started process (PID=434761) to work on /root/airflow-venv/lib/python3.12/site-packages/airflow/example_dags/tutorial_objectstorage.py
[2024-12-17T04:57:32.836+0000] {processor.py:914} INFO - Processing file /root/airflow-venv/lib/python3.12/site-packages/airflow/example_dags/tutorial_objectstorage.py for tasks to queue
[2024-12-17T04:57:32.839+0000] {logging_mixin.py:190} INFO - [2024-12-17T04:57:32.838+0000] {dagbag.py:588} INFO - Filling up the DagBag from /root/airflow-venv/lib/python3.12/site-packages/airflow/example_dags/tutorial_objectstorage.py
[2024-12-17T04:57:32.851+0000] {processor.py:925} INFO - DAG(s) 'tutorial_objectstorage' retrieved from /root/airflow-venv/lib/python3.12/site-packages/airflow/example_dags/tutorial_objectstorage.py
[2024-12-17T04:57:32.869+0000] {logging_mixin.py:190} INFO - [2024-12-17T04:57:32.869+0000] {dag.py:3239} INFO - Sync 1 DAGs
[2024-12-17T04:57:32.885+0000] {logging_mixin.py:190} INFO - [2024-12-17T04:57:32.884+0000] {dag.py:4180} INFO - Setting next_dagrun for tutorial_objectstorage to None, run_after=None
[2024-12-17T04:57:32.906+0000] {processor.py:208} INFO - Processing /root/airflow-venv/lib/python3.12/site-packages/airflow/example_dags/tutorial_objectstorage.py took 0.078 seconds
