[2024-12-17T04:42:37.205+0000] {processor.py:186} INFO - Started process (PID=434249) to work on /root/airflow-venv/lib/python3.12/site-packages/airflow/example_dags/tutorial_dag.py
[2024-12-17T04:42:37.206+0000] {processor.py:914} INFO - Processing file /root/airflow-venv/lib/python3.12/site-packages/airflow/example_dags/tutorial_dag.py for tasks to queue
[2024-12-17T04:42:37.209+0000] {logging_mixin.py:190} INFO - [2024-12-17T04:42:37.209+0000] {dagbag.py:588} INFO - Filling up the DagBag from /root/airflow-venv/lib/python3.12/site-packages/airflow/example_dags/tutorial_dag.py
[2024-12-17T04:42:37.221+0000] {processor.py:925} INFO - DAG(s) 'tutorial_dag' retrieved from /root/airflow-venv/lib/python3.12/site-packages/airflow/example_dags/tutorial_dag.py
[2024-12-17T04:42:37.254+0000] {logging_mixin.py:190} INFO - [2024-12-17T04:42:37.253+0000] {dag.py:3239} INFO - Sync 1 DAGs
[2024-12-17T04:42:37.269+0000] {logging_mixin.py:190} INFO - [2024-12-17T04:42:37.268+0000] {dag.py:4180} INFO - Setting next_dagrun for tutorial_dag to None, run_after=None
[2024-12-17T04:42:37.295+0000] {processor.py:208} INFO - Processing /root/airflow-venv/lib/python3.12/site-packages/airflow/example_dags/tutorial_dag.py took 0.097 seconds
[2024-12-17T04:44:50.204+0000] {processor.py:186} INFO - Started process (PID=434353) to work on /root/airflow-venv/lib/python3.12/site-packages/airflow/example_dags/tutorial_dag.py
[2024-12-17T04:44:50.206+0000] {processor.py:914} INFO - Processing file /root/airflow-venv/lib/python3.12/site-packages/airflow/example_dags/tutorial_dag.py for tasks to queue
[2024-12-17T04:44:50.208+0000] {logging_mixin.py:190} INFO - [2024-12-17T04:44:50.208+0000] {dagbag.py:588} INFO - Filling up the DagBag from /root/airflow-venv/lib/python3.12/site-packages/airflow/example_dags/tutorial_dag.py
[2024-12-17T04:44:50.218+0000] {processor.py:925} INFO - DAG(s) 'tutorial_dag' retrieved from /root/airflow-venv/lib/python3.12/site-packages/airflow/example_dags/tutorial_dag.py
[2024-12-17T04:44:50.244+0000] {logging_mixin.py:190} INFO - [2024-12-17T04:44:50.244+0000] {dag.py:3239} INFO - Sync 1 DAGs
[2024-12-17T04:44:50.257+0000] {logging_mixin.py:190} INFO - [2024-12-17T04:44:50.257+0000] {dag.py:4180} INFO - Setting next_dagrun for tutorial_dag to None, run_after=None
[2024-12-17T04:44:50.282+0000] {processor.py:208} INFO - Processing /root/airflow-venv/lib/python3.12/site-packages/airflow/example_dags/tutorial_dag.py took 0.084 seconds
[2024-12-17T04:45:45.124+0000] {processor.py:186} INFO - Started process (PID=434414) to work on /root/airflow-venv/lib/python3.12/site-packages/airflow/example_dags/tutorial_dag.py
[2024-12-17T04:45:45.125+0000] {processor.py:914} INFO - Processing file /root/airflow-venv/lib/python3.12/site-packages/airflow/example_dags/tutorial_dag.py for tasks to queue
[2024-12-17T04:45:45.129+0000] {logging_mixin.py:190} INFO - [2024-12-17T04:45:45.128+0000] {dagbag.py:588} INFO - Filling up the DagBag from /root/airflow-venv/lib/python3.12/site-packages/airflow/example_dags/tutorial_dag.py
[2024-12-17T04:45:45.139+0000] {processor.py:925} INFO - DAG(s) 'tutorial_dag' retrieved from /root/airflow-venv/lib/python3.12/site-packages/airflow/example_dags/tutorial_dag.py
[2024-12-17T04:45:45.156+0000] {logging_mixin.py:190} INFO - [2024-12-17T04:45:45.156+0000] {dag.py:3239} INFO - Sync 1 DAGs
[2024-12-17T04:45:45.169+0000] {logging_mixin.py:190} INFO - [2024-12-17T04:45:45.169+0000] {dag.py:4180} INFO - Setting next_dagrun for tutorial_dag to None, run_after=None
[2024-12-17T04:45:45.193+0000] {processor.py:208} INFO - Processing /root/airflow-venv/lib/python3.12/site-packages/airflow/example_dags/tutorial_dag.py took 0.078 seconds
[2024-12-17T04:54:39.317+0000] {processor.py:186} INFO - Started process (PID=434572) to work on /root/airflow-venv/lib/python3.12/site-packages/airflow/example_dags/tutorial_dag.py
[2024-12-17T04:54:39.319+0000] {processor.py:914} INFO - Processing file /root/airflow-venv/lib/python3.12/site-packages/airflow/example_dags/tutorial_dag.py for tasks to queue
[2024-12-17T04:54:39.321+0000] {logging_mixin.py:190} INFO - [2024-12-17T04:54:39.321+0000] {dagbag.py:588} INFO - Filling up the DagBag from /root/airflow-venv/lib/python3.12/site-packages/airflow/example_dags/tutorial_dag.py
[2024-12-17T04:54:39.332+0000] {processor.py:925} INFO - DAG(s) 'tutorial_dag' retrieved from /root/airflow-venv/lib/python3.12/site-packages/airflow/example_dags/tutorial_dag.py
[2024-12-17T04:54:39.359+0000] {logging_mixin.py:190} INFO - [2024-12-17T04:54:39.358+0000] {dag.py:3239} INFO - Sync 1 DAGs
[2024-12-17T04:54:39.372+0000] {logging_mixin.py:190} INFO - [2024-12-17T04:54:39.372+0000] {dag.py:4180} INFO - Setting next_dagrun for tutorial_dag to None, run_after=None
[2024-12-17T04:54:39.398+0000] {processor.py:208} INFO - Processing /root/airflow-venv/lib/python3.12/site-packages/airflow/example_dags/tutorial_dag.py took 0.088 seconds
[2024-12-17T04:55:36.443+0000] {processor.py:186} INFO - Started process (PID=434638) to work on /root/airflow-venv/lib/python3.12/site-packages/airflow/example_dags/tutorial_dag.py
[2024-12-17T04:55:36.445+0000] {processor.py:914} INFO - Processing file /root/airflow-venv/lib/python3.12/site-packages/airflow/example_dags/tutorial_dag.py for tasks to queue
[2024-12-17T04:55:36.449+0000] {logging_mixin.py:190} INFO - [2024-12-17T04:55:36.448+0000] {dagbag.py:588} INFO - Filling up the DagBag from /root/airflow-venv/lib/python3.12/site-packages/airflow/example_dags/tutorial_dag.py
[2024-12-17T04:55:36.463+0000] {processor.py:925} INFO - DAG(s) 'tutorial_dag' retrieved from /root/airflow-venv/lib/python3.12/site-packages/airflow/example_dags/tutorial_dag.py
[2024-12-17T04:55:36.491+0000] {logging_mixin.py:190} INFO - [2024-12-17T04:55:36.490+0000] {dag.py:3239} INFO - Sync 1 DAGs
[2024-12-17T04:55:36.514+0000] {logging_mixin.py:190} INFO - [2024-12-17T04:55:36.514+0000] {dag.py:4180} INFO - Setting next_dagrun for tutorial_dag to None, run_after=None
[2024-12-17T04:55:36.548+0000] {processor.py:208} INFO - Processing /root/airflow-venv/lib/python3.12/site-packages/airflow/example_dags/tutorial_dag.py took 0.113 seconds
[2024-12-17T04:56:34.627+0000] {processor.py:186} INFO - Started process (PID=434697) to work on /root/airflow-venv/lib/python3.12/site-packages/airflow/example_dags/tutorial_dag.py
[2024-12-17T04:56:34.629+0000] {processor.py:914} INFO - Processing file /root/airflow-venv/lib/python3.12/site-packages/airflow/example_dags/tutorial_dag.py for tasks to queue
[2024-12-17T04:56:34.631+0000] {logging_mixin.py:190} INFO - [2024-12-17T04:56:34.631+0000] {dagbag.py:588} INFO - Filling up the DagBag from /root/airflow-venv/lib/python3.12/site-packages/airflow/example_dags/tutorial_dag.py
[2024-12-17T04:56:34.641+0000] {processor.py:925} INFO - DAG(s) 'tutorial_dag' retrieved from /root/airflow-venv/lib/python3.12/site-packages/airflow/example_dags/tutorial_dag.py
[2024-12-17T04:56:34.658+0000] {logging_mixin.py:190} INFO - [2024-12-17T04:56:34.658+0000] {dag.py:3239} INFO - Sync 1 DAGs
[2024-12-17T04:56:34.672+0000] {logging_mixin.py:190} INFO - [2024-12-17T04:56:34.672+0000] {dag.py:4180} INFO - Setting next_dagrun for tutorial_dag to None, run_after=None
[2024-12-17T04:56:34.694+0000] {processor.py:208} INFO - Processing /root/airflow-venv/lib/python3.12/site-packages/airflow/example_dags/tutorial_dag.py took 0.074 seconds
[2024-12-17T04:57:29.964+0000] {processor.py:186} INFO - Started process (PID=434758) to work on /root/airflow-venv/lib/python3.12/site-packages/airflow/example_dags/tutorial_dag.py
[2024-12-17T04:57:29.966+0000] {processor.py:914} INFO - Processing file /root/airflow-venv/lib/python3.12/site-packages/airflow/example_dags/tutorial_dag.py for tasks to queue
[2024-12-17T04:57:29.968+0000] {logging_mixin.py:190} INFO - [2024-12-17T04:57:29.968+0000] {dagbag.py:588} INFO - Filling up the DagBag from /root/airflow-venv/lib/python3.12/site-packages/airflow/example_dags/tutorial_dag.py
[2024-12-17T04:57:29.978+0000] {processor.py:925} INFO - DAG(s) 'tutorial_dag' retrieved from /root/airflow-venv/lib/python3.12/site-packages/airflow/example_dags/tutorial_dag.py
[2024-12-17T04:57:30.000+0000] {logging_mixin.py:190} INFO - [2024-12-17T04:57:30.000+0000] {dag.py:3239} INFO - Sync 1 DAGs
[2024-12-17T04:57:30.015+0000] {logging_mixin.py:190} INFO - [2024-12-17T04:57:30.015+0000] {dag.py:4180} INFO - Setting next_dagrun for tutorial_dag to None, run_after=None
[2024-12-17T04:57:30.038+0000] {processor.py:208} INFO - Processing /root/airflow-venv/lib/python3.12/site-packages/airflow/example_dags/tutorial_dag.py took 0.080 seconds
