[2025-03-13T18:00:49.913+0000] {local_task_job_runner.py:123} INFO - ::group::Pre task execution logs
[2025-03-13T18:00:49.926+0000] {taskinstance.py:2614} INFO - Dependencies all met for dep_context=non-requeueable deps ti=<TaskInstance: example_python_decorator.sleep_for_3 manual__2025-03-13T18:00:27.243348+00:00 [queued]>
[2025-03-13T18:00:49.933+0000] {taskinstance.py:2614} INFO - Dependencies all met for dep_context=requeueable deps ti=<TaskInstance: example_python_decorator.sleep_for_3 manual__2025-03-13T18:00:27.243348+00:00 [queued]>
[2025-03-13T18:00:49.934+0000] {taskinstance.py:2867} INFO - Starting attempt 1 of 1
[2025-03-13T18:00:49.948+0000] {taskinstance.py:2890} INFO - Executing <Task(_PythonDecoratedOperator): sleep_for_3> on 2025-03-13 18:00:27.243348+00:00
[2025-03-13T18:00:49.956+0000] {standard_task_runner.py:72} INFO - Started process 1660831 to run task
[2025-03-13T18:00:49.961+0000] {standard_task_runner.py:104} INFO - Running: ['airflow', 'tasks', 'run', 'example_python_decorator', 'sleep_for_3', 'manual__2025-03-13T18:00:27.243348+00:00', '--job-id', '66', '--raw', '--subdir', '/root/venv/lib/python3.12/site-packages/airflow/example_dags/example_python_decorator.py', '--cfg-path', '/tmp/tmpj26rar09']
[2025-03-13T18:00:49.962+0000] {standard_task_runner.py:105} INFO - Job 66: Subtask sleep_for_3
[2025-03-13T18:00:50.007+0000] {task_command.py:467} INFO - Running <TaskInstance: example_python_decorator.sleep_for_3 manual__2025-03-13T18:00:27.243348+00:00 [running]> on host ubuntu-s-2vcpu-4gb-amd-sfo3-01
[2025-03-13T18:00:50.070+0000] {taskinstance.py:3134} INFO - Exporting env vars: AIRFLOW_CTX_DAG_OWNER='airflow' AIRFLOW_CTX_DAG_ID='example_python_decorator' AIRFLOW_CTX_TASK_ID='sleep_for_3' AIRFLOW_CTX_EXECUTION_DATE='2025-03-13T18:00:27.243348+00:00' AIRFLOW_CTX_TRY_NUMBER='1' AIRFLOW_CTX_DAG_RUN_ID='manual__2025-03-13T18:00:27.243348+00:00'
[2025-03-13T18:00:50.073+0000] {logging_mixin.py:190} INFO - Task instance is in running state
[2025-03-13T18:00:50.073+0000] {logging_mixin.py:190} INFO -  Previous state of the Task instance: queued
[2025-03-13T18:00:50.073+0000] {logging_mixin.py:190} INFO - Current task name:sleep_for_3 state:running start_date:2025-03-13 18:00:49.926733+00:00
[2025-03-13T18:00:50.073+0000] {logging_mixin.py:190} INFO - Dag name:example_python_decorator and current dag run status:running
[2025-03-13T18:00:50.074+0000] {taskinstance.py:732} INFO - ::endgroup::
[2025-03-13T18:00:50.375+0000] {python.py:240} INFO - Done. Returned value was: None
[2025-03-13T18:00:50.382+0000] {taskinstance.py:341} INFO - ::group::Post task execution logs
[2025-03-13T18:00:50.382+0000] {taskinstance.py:353} INFO - Marking task as SUCCESS. dag_id=example_python_decorator, task_id=sleep_for_3, run_id=manual__2025-03-13T18:00:27.243348+00:00, execution_date=20250313T180027, start_date=20250313T180049, end_date=20250313T180050
[2025-03-13T18:00:50.420+0000] {logging_mixin.py:190} INFO - Task instance in success state
[2025-03-13T18:00:50.420+0000] {logging_mixin.py:190} INFO -  Previous state of the Task instance: running
[2025-03-13T18:00:50.421+0000] {logging_mixin.py:190} INFO - Dag name:example_python_decorator queued_at:2025-03-13 18:00:27.288517+00:00
[2025-03-13T18:00:50.421+0000] {logging_mixin.py:190} INFO - Task hostname:ubuntu-s-2vcpu-4gb-amd-sfo3-01 operator:_PythonDecoratedOperator
[2025-03-13T18:00:50.456+0000] {local_task_job_runner.py:266} INFO - Task exited with return code 0
[2025-03-13T18:00:50.473+0000] {taskinstance.py:3901} INFO - 0 downstream tasks scheduled from follow-on schedule check
[2025-03-13T18:00:50.474+0000] {local_task_job_runner.py:245} INFO - ::endgroup::
