[2025-03-13T18:00:32.098+0000] {local_task_job_runner.py:123} INFO - ::group::Pre task execution logs
[2025-03-13T18:00:32.115+0000] {taskinstance.py:2614} INFO - Dependencies all met for dep_context=non-requeueable deps ti=<TaskInstance: example_python_decorator.print_the_context manual__2025-03-13T18:00:27.243348+00:00 [queued]>
[2025-03-13T18:00:32.123+0000] {taskinstance.py:2614} INFO - Dependencies all met for dep_context=requeueable deps ti=<TaskInstance: example_python_decorator.print_the_context manual__2025-03-13T18:00:27.243348+00:00 [queued]>
[2025-03-13T18:00:32.124+0000] {taskinstance.py:2867} INFO - Starting attempt 1 of 1
[2025-03-13T18:00:32.143+0000] {taskinstance.py:2890} INFO - Executing <Task(_PythonDecoratedOperator): print_the_context> on 2025-03-13 18:00:27.243348+00:00
[2025-03-13T18:00:32.154+0000] {standard_task_runner.py:72} INFO - Started process 1660807 to run task
[2025-03-13T18:00:32.159+0000] {standard_task_runner.py:104} INFO - Running: ['airflow', 'tasks', 'run', 'example_python_decorator', 'print_the_context', 'manual__2025-03-13T18:00:27.243348+00:00', '--job-id', '61', '--raw', '--subdir', '/root/venv/lib/python3.12/site-packages/airflow/example_dags/example_python_decorator.py', '--cfg-path', '/tmp/tmplxntm4mc']
[2025-03-13T18:00:32.160+0000] {standard_task_runner.py:105} INFO - Job 61: Subtask print_the_context
[2025-03-13T18:00:32.222+0000] {task_command.py:467} INFO - Running <TaskInstance: example_python_decorator.print_the_context manual__2025-03-13T18:00:27.243348+00:00 [running]> on host ubuntu-s-2vcpu-4gb-amd-sfo3-01
[2025-03-13T18:00:32.320+0000] {taskinstance.py:3134} INFO - Exporting env vars: AIRFLOW_CTX_DAG_OWNER='airflow' AIRFLOW_CTX_DAG_ID='example_python_decorator' AIRFLOW_CTX_TASK_ID='print_the_context' AIRFLOW_CTX_EXECUTION_DATE='2025-03-13T18:00:27.243348+00:00' AIRFLOW_CTX_TRY_NUMBER='1' AIRFLOW_CTX_DAG_RUN_ID='manual__2025-03-13T18:00:27.243348+00:00'
[2025-03-13T18:00:32.322+0000] {logging_mixin.py:190} INFO - Task instance is in running state
[2025-03-13T18:00:32.322+0000] {logging_mixin.py:190} INFO -  Previous state of the Task instance: queued
[2025-03-13T18:00:32.322+0000] {logging_mixin.py:190} INFO - Current task name:print_the_context state:running start_date:2025-03-13 18:00:32.115867+00:00
[2025-03-13T18:00:32.323+0000] {logging_mixin.py:190} INFO - Dag name:example_python_decorator and current dag run status:running
[2025-03-13T18:00:32.323+0000] {taskinstance.py:732} INFO - ::endgroup::
[2025-03-13T18:00:32.334+0000] {logging_mixin.py:190} INFO - {'conf': <Proxy at 0x7d8db4e87e80 with factory functools.partial(<function lazy_mapping_from_context.<locals>._deprecated_proxy_factory at 0x7d8db4ea0220>, 'conf', <airflow.configuration.AirflowConfigParser object at 0x7d8dba3af140>)>,
 'conn': None,
 'dag': <DAG: example_python_decorator>,
 'dag_run': <DagRun example_python_decorator @ 2025-03-13 18:00:27.243348+00:00: manual__2025-03-13T18:00:27.243348+00:00, state:running, queued_at: 2025-03-13 18:00:27.288517+00:00. externally triggered: True>,
 'data_interval_end': DateTime(2025, 3, 13, 18, 0, 27, 243348, tzinfo=Timezone('UTC')),
 'data_interval_start': DateTime(2025, 3, 13, 18, 0, 27, 243348, tzinfo=Timezone('UTC')),
 'ds_nodash': '20250313',
 'execution_date': <Proxy at 0x7d8db4f26b40 with factory functools.partial(<function lazy_mapping_from_context.<locals>._deprecated_proxy_factory at 0x7d8db4ea0220>, 'execution_date', DateTime(2025, 3, 13, 18, 0, 27, 243348, tzinfo=Timezone('UTC')))>,
 'expanded_ti_count': None,
 'inlet_events': InletEventsAccessors(_inlets=[], _datasets={}, _dataset_aliases={}, _session=<sqlalchemy.orm.session.Session object at 0x7d8db506cf20>),
 'inlets': [],
 'logical_date': DateTime(2025, 3, 13, 18, 0, 27, 243348, tzinfo=Timezone('UTC')),
 'macros': <module 'airflow.macros' from '/root/venv/lib/python3.12/site-packages/airflow/macros/__init__.py'>,
 'map_index_template': None,
 'next_ds': <Proxy at 0x7d8db4f25a00 with factory functools.partial(<function lazy_mapping_from_context.<locals>._deprecated_proxy_factory at 0x7d8db4ea0220>, 'next_ds', '2025-03-13')>,
 'next_ds_nodash': <Proxy at 0x7d8db4f2d280 with factory functools.partial(<function lazy_mapping_from_context.<locals>._deprecated_proxy_factory at 0x7d8db4ea0220>, 'next_ds_nodash', '20250313')>,
 'next_execution_date': <Proxy at 0x7d8db4f2d100 with factory functools.partial(<function lazy_mapping_from_context.<locals>._deprecated_proxy_factory at 0x7d8db4ea0220>, 'next_execution_date', DateTime(2025, 3, 13, 18, 0, 27, 243348, tzinfo=Timezone('UTC')))>,
 'outlet_events': <airflow.utils.context.OutletEventAccessors object at 0x7d8db4f851f0>,
 'outlets': [],
 'params': {},
 'prev_data_interval_end_success': None,
 'prev_data_interval_start_success': None,
 'prev_ds': <Proxy at 0x7d8db4f2d380 with factory functools.partial(<function lazy_mapping_from_context.<locals>._deprecated_proxy_factory at 0x7d8db4ea0220>, 'prev_ds', '2025-03-13')>,
 'prev_ds_nodash': <Proxy at 0x7d8db4f2d500 with factory functools.partial(<function lazy_mapping_from_context.<locals>._deprecated_proxy_factory at 0x7d8db4ea0220>, 'prev_ds_nodash', '20250313')>,
 'prev_end_date_success': None,
 'prev_execution_date': <Proxy at 0x7d8db4f2d540 with factory functools.partial(<function lazy_mapping_from_context.<locals>._deprecated_proxy_factory at 0x7d8db4ea0220>, 'prev_execution_date', DateTime(2025, 3, 13, 18, 0, 27, 243348, tzinfo=Timezone('UTC')))>,
 'prev_execution_date_success': <Proxy at 0x7d8db4f2d580 with factory functools.partial(<function lazy_mapping_from_context.<locals>._deprecated_proxy_factory at 0x7d8db4ea0220>, 'prev_execution_date_success', None)>,
 'prev_start_date_success': None,
 'run_id': 'manual__2025-03-13T18:00:27.243348+00:00',
 'task': <Task(_PythonDecoratedOperator): print_the_context>,
 'task_instance': <TaskInstance: example_python_decorator.print_the_context manual__2025-03-13T18:00:27.243348+00:00 [running]>,
 'task_instance_key_str': 'example_python_decorator__print_the_context__20250313',
 'templates_dict': None,
 'test_mode': False,
 'ti': <TaskInstance: example_python_decorator.print_the_context manual__2025-03-13T18:00:27.243348+00:00 [running]>,
 'tomorrow_ds': <Proxy at 0x7d8db4f2d5c0 with factory functools.partial(<function lazy_mapping_from_context.<locals>._deprecated_proxy_factory at 0x7d8db4ea0220>, 'tomorrow_ds', '2025-03-14')>,
 'tomorrow_ds_nodash': <Proxy at 0x7d8db4f2d600 with factory functools.partial(<function lazy_mapping_from_context.<locals>._deprecated_proxy_factory at 0x7d8db4ea0220>, 'tomorrow_ds_nodash', '20250314')>,
 'triggering_dataset_events': <Proxy at 0x7d8db4eba500 with factory <function _get_template_context.<locals>.get_triggering_events at 0x7d8db4ea1e40>>,
 'ts': '2025-03-13T18:00:27.243348+00:00',
 'ts_nodash': '20250313T180027',
 'ts_nodash_with_tz': '20250313T180027.243348+0000',
 'var': {'json': None, 'value': None},
 'yesterday_ds': <Proxy at 0x7d8db4f2d640 with factory functools.partial(<function lazy_mapping_from_context.<locals>._deprecated_proxy_factory at 0x7d8db4ea0220>, 'yesterday_ds', '2025-03-12')>,
 'yesterday_ds_nodash': <Proxy at 0x7d8db4f2d680 with factory functools.partial(<function lazy_mapping_from_context.<locals>._deprecated_proxy_factory at 0x7d8db4ea0220>, 'yesterday_ds_nodash', '20250312')>}
[2025-03-13T18:00:32.334+0000] {logging_mixin.py:190} INFO - 2025-03-13
[2025-03-13T18:00:32.334+0000] {python.py:240} INFO - Done. Returned value was: Whatever you return gets printed in the logs
[2025-03-13T18:00:32.356+0000] {taskinstance.py:341} INFO - ::group::Post task execution logs
[2025-03-13T18:00:32.357+0000] {taskinstance.py:353} INFO - Marking task as SUCCESS. dag_id=example_python_decorator, task_id=print_the_context, run_id=manual__2025-03-13T18:00:27.243348+00:00, execution_date=20250313T180027, start_date=20250313T180032, end_date=20250313T180032
[2025-03-13T18:00:32.385+0000] {logging_mixin.py:190} INFO - Task instance in success state
[2025-03-13T18:00:32.385+0000] {logging_mixin.py:190} INFO -  Previous state of the Task instance: running
[2025-03-13T18:00:32.386+0000] {logging_mixin.py:190} INFO - Dag name:example_python_decorator queued_at:2025-03-13 18:00:27.288517+00:00
[2025-03-13T18:00:32.386+0000] {logging_mixin.py:190} INFO - Task hostname:ubuntu-s-2vcpu-4gb-amd-sfo3-01 operator:_PythonDecoratedOperator
[2025-03-13T18:00:32.416+0000] {local_task_job_runner.py:266} INFO - Task exited with return code 0
[2025-03-13T18:00:32.451+0000] {taskinstance.py:3901} INFO - 1 downstream tasks scheduled from follow-on schedule check
[2025-03-13T18:00:32.458+0000] {local_task_job_runner.py:245} INFO - ::endgroup::
