[2025-03-17T19:20:42.355+0000] {local_task_job_runner.py:123} INFO - ::group::Pre task execution logs
[2025-03-17T19:20:42.368+0000] {taskinstance.py:2614} INFO - Dependencies all met for dep_context=non-requeueable deps ti=<TaskInstance: andrew_access_files.print_from_files manual__2025-03-17T19:20:38.957262+00:00 [queued]>
[2025-03-17T19:20:42.375+0000] {taskinstance.py:2614} INFO - Dependencies all met for dep_context=requeueable deps ti=<TaskInstance: andrew_access_files.print_from_files manual__2025-03-17T19:20:38.957262+00:00 [queued]>
[2025-03-17T19:20:42.376+0000] {taskinstance.py:2867} INFO - Starting attempt 1 of 1
[2025-03-17T19:20:42.393+0000] {taskinstance.py:2890} INFO - Executing <Task(_PythonDecoratedOperator): print_from_files> on 2025-03-17 19:20:38.957262+00:00
[2025-03-17T19:20:42.401+0000] {standard_task_runner.py:72} INFO - Started process 1699949 to run task
[2025-03-17T19:20:42.405+0000] {standard_task_runner.py:104} INFO - Running: ['airflow', 'tasks', 'run', 'andrew_access_files', 'print_from_files', 'manual__2025-03-17T19:20:38.957262+00:00', '--job-id', '81', '--raw', '--subdir', 'DAGS_FOLDER/access_other_files.py', '--cfg-path', '/tmp/tmpy_hesnp5']
[2025-03-17T19:20:42.406+0000] {standard_task_runner.py:105} INFO - Job 81: Subtask print_from_files
[2025-03-17T19:20:42.449+0000] {task_command.py:467} INFO - Running <TaskInstance: andrew_access_files.print_from_files manual__2025-03-17T19:20:38.957262+00:00 [running]> on host ubuntu-s-2vcpu-4gb-amd-sfo3-01
[2025-03-17T19:20:42.521+0000] {taskinstance.py:3134} INFO - Exporting env vars: AIRFLOW_CTX_DAG_OWNER='airflow' AIRFLOW_CTX_DAG_ID='andrew_access_files' AIRFLOW_CTX_TASK_ID='print_from_files' AIRFLOW_CTX_EXECUTION_DATE='2025-03-17T19:20:38.957262+00:00' AIRFLOW_CTX_TRY_NUMBER='1' AIRFLOW_CTX_DAG_RUN_ID='manual__2025-03-17T19:20:38.957262+00:00'
[2025-03-17T19:20:42.523+0000] {logging_mixin.py:190} INFO - Task instance is in running state
[2025-03-17T19:20:42.523+0000] {logging_mixin.py:190} INFO -  Previous state of the Task instance: queued
[2025-03-17T19:20:42.524+0000] {logging_mixin.py:190} INFO - Current task name:print_from_files state:running start_date:2025-03-17 19:20:42.368662+00:00
[2025-03-17T19:20:42.524+0000] {logging_mixin.py:190} INFO - Dag name:andrew_access_files and current dag run status:running
[2025-03-17T19:20:42.524+0000] {taskinstance.py:732} INFO - ::endgroup::
[2025-03-17T19:20:42.525+0000] {logging_mixin.py:190} INFO - hello world!
[2025-03-17T19:20:42.526+0000] {logging_mixin.py:190} INFO - test2.txt
[2025-03-17T19:20:42.527+0000] {logging_mixin.py:190} INFO - abc123
This is a test file
[2025-03-17T19:20:42.527+0000] {logging_mixin.py:190} INFO - test1.txt
[2025-03-17T19:20:42.528+0000] {logging_mixin.py:190} INFO - The quick brown fox jumped over the lazy dog.
[2025-03-17T19:20:42.528+0000] {python.py:240} INFO - Done. Returned value was: this gets returned
[2025-03-17T19:20:42.547+0000] {taskinstance.py:341} INFO - ::group::Post task execution logs
[2025-03-17T19:20:42.548+0000] {taskinstance.py:353} INFO - Marking task as SUCCESS. dag_id=andrew_access_files, task_id=print_from_files, run_id=manual__2025-03-17T19:20:38.957262+00:00, execution_date=20250317T192038, start_date=20250317T192042, end_date=20250317T192042
[2025-03-17T19:20:42.574+0000] {logging_mixin.py:190} INFO - Task instance in success state
[2025-03-17T19:20:42.574+0000] {logging_mixin.py:190} INFO -  Previous state of the Task instance: running
[2025-03-17T19:20:42.575+0000] {logging_mixin.py:190} INFO - Dag name:andrew_access_files queued_at:2025-03-17 19:20:38.984604+00:00
[2025-03-17T19:20:42.575+0000] {logging_mixin.py:190} INFO - Task hostname:ubuntu-s-2vcpu-4gb-amd-sfo3-01 operator:_PythonDecoratedOperator
[2025-03-17T19:20:42.621+0000] {local_task_job_runner.py:266} INFO - Task exited with return code 0
[2025-03-17T19:20:42.633+0000] {taskinstance.py:3901} INFO - 0 downstream tasks scheduled from follow-on schedule check
[2025-03-17T19:20:42.634+0000] {local_task_job_runner.py:245} INFO - ::endgroup::
