[2024-12-20T18:17:41.929+0000] {local_task_job_runner.py:123} INFO - ::group::Pre task execution logs
[2024-12-20T18:17:41.947+0000] {taskinstance.py:2613} INFO - Dependencies all met for dep_context=non-requeueable deps ti=<TaskInstance: example_bash_operator.run_after_loop scheduled__2024-12-19T00:00:00+00:00 [queued]>
[2024-12-20T18:17:41.956+0000] {taskinstance.py:2613} INFO - Dependencies all met for dep_context=requeueable deps ti=<TaskInstance: example_bash_operator.run_after_loop scheduled__2024-12-19T00:00:00+00:00 [queued]>
[2024-12-20T18:17:41.956+0000] {taskinstance.py:2866} INFO - Starting attempt 1 of 1
[2024-12-20T18:17:41.976+0000] {taskinstance.py:2889} INFO - Executing <Task(BashOperator): run_after_loop> on 2024-12-19 00:00:00+00:00
[2024-12-20T18:17:41.985+0000] {standard_task_runner.py:72} INFO - Started process 504725 to run task
[2024-12-20T18:17:41.989+0000] {standard_task_runner.py:104} INFO - Running: ['airflow', 'tasks', 'run', 'example_bash_operator', 'run_after_loop', 'scheduled__2024-12-19T00:00:00+00:00', '--job-id', '24', '--raw', '--subdir', '/root/airflow-venv/lib/python3.12/site-packages/airflow/example_dags/example_bash_operator.py', '--cfg-path', '/tmp/tmpeo6skrva']
[2024-12-20T18:17:41.991+0000] {standard_task_runner.py:105} INFO - Job 24: Subtask run_after_loop
[2024-12-20T18:17:42.044+0000] {task_command.py:467} INFO - Running <TaskInstance: example_bash_operator.run_after_loop scheduled__2024-12-19T00:00:00+00:00 [running]> on host ubuntu-s-2vcpu-4gb-amd-sfo3-01
[2024-12-20T18:17:42.118+0000] {taskinstance.py:3132} INFO - Exporting env vars: AIRFLOW_CTX_DAG_OWNER='airflow' AIRFLOW_CTX_DAG_ID='example_bash_operator' AIRFLOW_CTX_TASK_ID='run_after_loop' AIRFLOW_CTX_EXECUTION_DATE='2024-12-19T00:00:00+00:00' AIRFLOW_CTX_TRY_NUMBER='1' AIRFLOW_CTX_DAG_RUN_ID='scheduled__2024-12-19T00:00:00+00:00'
[2024-12-20T18:17:42.119+0000] {logging_mixin.py:190} INFO - Task instance is in running state
[2024-12-20T18:17:42.119+0000] {logging_mixin.py:190} INFO -  Previous state of the Task instance: queued
[2024-12-20T18:17:42.120+0000] {logging_mixin.py:190} INFO - Current task name:run_after_loop state:running start_date:2024-12-20 18:17:41.947711+00:00
[2024-12-20T18:17:42.120+0000] {logging_mixin.py:190} INFO - Dag name:example_bash_operator and current dag run status:running
[2024-12-20T18:17:42.120+0000] {taskinstance.py:731} INFO - ::endgroup::
[2024-12-20T18:17:42.121+0000] {subprocess.py:78} INFO - Tmp dir root location: /tmp
[2024-12-20T18:17:42.122+0000] {subprocess.py:88} INFO - Running command: ['/usr/bin/bash', '-c', 'echo https://airflow.apache.org/']
[2024-12-20T18:17:42.138+0000] {subprocess.py:99} INFO - Output:
[2024-12-20T18:17:42.140+0000] {subprocess.py:106} INFO - https://airflow.apache.org/
[2024-12-20T18:17:42.141+0000] {subprocess.py:110} INFO - Command exited with return code 0
[2024-12-20T18:17:42.166+0000] {taskinstance.py:340} INFO - ::group::Post task execution logs
[2024-12-20T18:17:42.167+0000] {taskinstance.py:352} INFO - Marking task as SUCCESS. dag_id=example_bash_operator, task_id=run_after_loop, run_id=scheduled__2024-12-19T00:00:00+00:00, execution_date=20241219T000000, start_date=20241220T181741, end_date=20241220T181742
[2024-12-20T18:17:42.178+0000] {logging_mixin.py:190} INFO - Task instance in success state
[2024-12-20T18:17:42.178+0000] {logging_mixin.py:190} INFO -  Previous state of the Task instance: running
[2024-12-20T18:17:42.179+0000] {logging_mixin.py:190} INFO - Dag name:example_bash_operator queued_at:2024-12-20 18:17:04.492732+00:00
[2024-12-20T18:17:42.179+0000] {logging_mixin.py:190} INFO - Task hostname:ubuntu-s-2vcpu-4gb-amd-sfo3-01 operator:BashOperator
[2024-12-20T18:17:42.205+0000] {local_task_job_runner.py:266} INFO - Task exited with return code 0
[2024-12-20T18:17:42.218+0000] {taskinstance.py:3895} INFO - 0 downstream tasks scheduled from follow-on schedule check
[2024-12-20T18:17:42.219+0000] {local_task_job_runner.py:245} INFO - ::endgroup::
