[2025-03-17T19:15:05.120+0000] {processor.py:186} INFO - Started process (PID=1699748) to work on /root/venv/lib/python3.12/site-packages/airflow/example_dags/example_python_decorator.py
[2025-03-17T19:15:05.121+0000] {processor.py:914} INFO - Processing file /root/venv/lib/python3.12/site-packages/airflow/example_dags/example_python_decorator.py for tasks to queue
[2025-03-17T19:15:05.124+0000] {logging_mixin.py:190} INFO - [2025-03-17T19:15:05.124+0000] {dagbag.py:588} INFO - Filling up the DagBag from /root/venv/lib/python3.12/site-packages/airflow/example_dags/example_python_decorator.py
[2025-03-17T19:15:05.136+0000] {logging_mixin.py:190} INFO - [2025-03-17T19:15:05.136+0000] {example_python_decorator.py:80} WARNING - The virtalenv_python example task requires virtualenv, please install it.
[2025-03-17T19:15:05.144+0000] {processor.py:925} INFO - DAG(s) 'example_python_decorator' retrieved from /root/venv/lib/python3.12/site-packages/airflow/example_dags/example_python_decorator.py
[2025-03-17T19:15:05.175+0000] {logging_mixin.py:190} INFO - [2025-03-17T19:15:05.175+0000] {dag.py:3239} INFO - Sync 1 DAGs
[2025-03-17T19:15:05.196+0000] {logging_mixin.py:190} INFO - [2025-03-17T19:15:05.196+0000] {dag.py:4180} INFO - Setting next_dagrun for example_python_decorator to None, run_after=None
[2025-03-17T19:15:05.223+0000] {processor.py:208} INFO - Processing /root/venv/lib/python3.12/site-packages/airflow/example_dags/example_python_decorator.py took 0.109 seconds
[2025-03-17T19:18:20.929+0000] {processor.py:186} INFO - Started process (PID=1699867) to work on /root/venv/lib/python3.12/site-packages/airflow/example_dags/example_python_decorator.py
[2025-03-17T19:18:20.930+0000] {processor.py:914} INFO - Processing file /root/venv/lib/python3.12/site-packages/airflow/example_dags/example_python_decorator.py for tasks to queue
[2025-03-17T19:18:20.933+0000] {logging_mixin.py:190} INFO - [2025-03-17T19:18:20.933+0000] {dagbag.py:588} INFO - Filling up the DagBag from /root/venv/lib/python3.12/site-packages/airflow/example_dags/example_python_decorator.py
[2025-03-17T19:18:20.947+0000] {logging_mixin.py:190} INFO - [2025-03-17T19:18:20.946+0000] {example_python_decorator.py:80} WARNING - The virtalenv_python example task requires virtualenv, please install it.
[2025-03-17T19:18:20.950+0000] {processor.py:925} INFO - DAG(s) 'example_python_decorator' retrieved from /root/venv/lib/python3.12/site-packages/airflow/example_dags/example_python_decorator.py
[2025-03-17T19:18:20.974+0000] {logging_mixin.py:190} INFO - [2025-03-17T19:18:20.974+0000] {dag.py:3239} INFO - Sync 1 DAGs
[2025-03-17T19:18:20.990+0000] {logging_mixin.py:190} INFO - [2025-03-17T19:18:20.990+0000] {dag.py:4180} INFO - Setting next_dagrun for example_python_decorator to None, run_after=None
[2025-03-17T19:18:21.014+0000] {processor.py:208} INFO - Processing /root/venv/lib/python3.12/site-packages/airflow/example_dags/example_python_decorator.py took 0.092 seconds
[2025-03-17T19:20:58.609+0000] {processor.py:186} INFO - Started process (PID=1699967) to work on /root/venv/lib/python3.12/site-packages/airflow/example_dags/example_python_decorator.py
[2025-03-17T19:20:58.610+0000] {processor.py:914} INFO - Processing file /root/venv/lib/python3.12/site-packages/airflow/example_dags/example_python_decorator.py for tasks to queue
[2025-03-17T19:20:58.613+0000] {logging_mixin.py:190} INFO - [2025-03-17T19:20:58.612+0000] {dagbag.py:588} INFO - Filling up the DagBag from /root/venv/lib/python3.12/site-packages/airflow/example_dags/example_python_decorator.py
[2025-03-17T19:20:58.624+0000] {logging_mixin.py:190} INFO - [2025-03-17T19:20:58.624+0000] {example_python_decorator.py:80} WARNING - The virtalenv_python example task requires virtualenv, please install it.
[2025-03-17T19:20:58.627+0000] {processor.py:925} INFO - DAG(s) 'example_python_decorator' retrieved from /root/venv/lib/python3.12/site-packages/airflow/example_dags/example_python_decorator.py
[2025-03-17T19:20:58.652+0000] {logging_mixin.py:190} INFO - [2025-03-17T19:20:58.651+0000] {dag.py:3239} INFO - Sync 1 DAGs
[2025-03-17T19:20:58.670+0000] {logging_mixin.py:190} INFO - [2025-03-17T19:20:58.670+0000] {dag.py:4180} INFO - Setting next_dagrun for example_python_decorator to None, run_after=None
[2025-03-17T19:20:58.691+0000] {processor.py:208} INFO - Processing /root/venv/lib/python3.12/site-packages/airflow/example_dags/example_python_decorator.py took 0.089 seconds
