[2025-03-17T19:14:54.890+0000] {processor.py:186} INFO - Started process (PID=1699732) to work on /root/venv/lib/python3.12/site-packages/airflow/example_dags/example_subdag_operator.py
[2025-03-17T19:14:54.891+0000] {processor.py:914} INFO - Processing file /root/venv/lib/python3.12/site-packages/airflow/example_dags/example_subdag_operator.py for tasks to queue
[2025-03-17T19:14:54.894+0000] {logging_mixin.py:190} INFO - [2025-03-17T19:14:54.893+0000] {dagbag.py:588} INFO - Filling up the DagBag from /root/venv/lib/python3.12/site-packages/airflow/example_dags/example_subdag_operator.py
[2025-03-17T19:14:54.922+0000] {processor.py:925} INFO - DAG(s) 'example_subdag_operator.section-1', 'example_subdag_operator.section-2', 'example_subdag_operator' retrieved from /root/venv/lib/python3.12/site-packages/airflow/example_dags/example_subdag_operator.py
[2025-03-17T19:14:54.940+0000] {logging_mixin.py:190} INFO - [2025-03-17T19:14:54.940+0000] {dag.py:3239} INFO - Sync 3 DAGs
[2025-03-17T19:14:54.961+0000] {logging_mixin.py:190} INFO - [2025-03-17T19:14:54.960+0000] {dag.py:4180} INFO - Setting next_dagrun for example_subdag_operator to 2022-01-01 00:00:00+00:00, run_after=2022-01-01 00:00:00+00:00
[2025-03-17T19:14:54.966+0000] {logging_mixin.py:190} INFO - [2025-03-17T19:14:54.966+0000] {dag.py:4180} INFO - Setting next_dagrun for example_subdag_operator.section-1 to None, run_after=None
[2025-03-17T19:14:54.967+0000] {logging_mixin.py:190} INFO - [2025-03-17T19:14:54.967+0000] {dag.py:4180} INFO - Setting next_dagrun for example_subdag_operator.section-2 to None, run_after=None
[2025-03-17T19:14:54.973+0000] {logging_mixin.py:190} INFO - [2025-03-17T19:14:54.972+0000] {dag.py:3239} INFO - Sync 2 DAGs
[2025-03-17T19:14:54.976+0000] {logging_mixin.py:190} INFO - [2025-03-17T19:14:54.976+0000] {dag.py:4180} INFO - Setting next_dagrun for example_subdag_operator.section-1 to None, run_after=None
[2025-03-17T19:14:54.977+0000] {logging_mixin.py:190} INFO - [2025-03-17T19:14:54.977+0000] {dag.py:4180} INFO - Setting next_dagrun for example_subdag_operator.section-2 to None, run_after=None
[2025-03-17T19:14:54.992+0000] {processor.py:208} INFO - Processing /root/venv/lib/python3.12/site-packages/airflow/example_dags/example_subdag_operator.py took 0.109 seconds
[2025-03-17T19:18:08.007+0000] {processor.py:186} INFO - Started process (PID=1699852) to work on /root/venv/lib/python3.12/site-packages/airflow/example_dags/example_subdag_operator.py
[2025-03-17T19:18:08.009+0000] {processor.py:914} INFO - Processing file /root/venv/lib/python3.12/site-packages/airflow/example_dags/example_subdag_operator.py for tasks to queue
[2025-03-17T19:18:08.011+0000] {logging_mixin.py:190} INFO - [2025-03-17T19:18:08.010+0000] {dagbag.py:588} INFO - Filling up the DagBag from /root/venv/lib/python3.12/site-packages/airflow/example_dags/example_subdag_operator.py
[2025-03-17T19:18:08.038+0000] {processor.py:925} INFO - DAG(s) 'example_subdag_operator.section-1', 'example_subdag_operator.section-2', 'example_subdag_operator' retrieved from /root/venv/lib/python3.12/site-packages/airflow/example_dags/example_subdag_operator.py
[2025-03-17T19:18:08.057+0000] {logging_mixin.py:190} INFO - [2025-03-17T19:18:08.057+0000] {dag.py:3239} INFO - Sync 3 DAGs
[2025-03-17T19:18:08.076+0000] {logging_mixin.py:190} INFO - [2025-03-17T19:18:08.076+0000] {dag.py:4180} INFO - Setting next_dagrun for example_subdag_operator to 2022-01-01 00:00:00+00:00, run_after=2022-01-01 00:00:00+00:00
[2025-03-17T19:18:08.081+0000] {logging_mixin.py:190} INFO - [2025-03-17T19:18:08.081+0000] {dag.py:4180} INFO - Setting next_dagrun for example_subdag_operator.section-1 to None, run_after=None
[2025-03-17T19:18:08.082+0000] {logging_mixin.py:190} INFO - [2025-03-17T19:18:08.081+0000] {dag.py:4180} INFO - Setting next_dagrun for example_subdag_operator.section-2 to None, run_after=None
[2025-03-17T19:18:08.087+0000] {logging_mixin.py:190} INFO - [2025-03-17T19:18:08.086+0000] {dag.py:3239} INFO - Sync 2 DAGs
[2025-03-17T19:18:08.090+0000] {logging_mixin.py:190} INFO - [2025-03-17T19:18:08.090+0000] {dag.py:4180} INFO - Setting next_dagrun for example_subdag_operator.section-1 to None, run_after=None
[2025-03-17T19:18:08.090+0000] {logging_mixin.py:190} INFO - [2025-03-17T19:18:08.090+0000] {dag.py:4180} INFO - Setting next_dagrun for example_subdag_operator.section-2 to None, run_after=None
[2025-03-17T19:18:08.103+0000] {processor.py:208} INFO - Processing /root/venv/lib/python3.12/site-packages/airflow/example_dags/example_subdag_operator.py took 0.102 seconds
[2025-03-17T19:20:48.202+0000] {processor.py:186} INFO - Started process (PID=1699956) to work on /root/venv/lib/python3.12/site-packages/airflow/example_dags/example_subdag_operator.py
[2025-03-17T19:20:48.203+0000] {processor.py:914} INFO - Processing file /root/venv/lib/python3.12/site-packages/airflow/example_dags/example_subdag_operator.py for tasks to queue
[2025-03-17T19:20:48.206+0000] {logging_mixin.py:190} INFO - [2025-03-17T19:20:48.206+0000] {dagbag.py:588} INFO - Filling up the DagBag from /root/venv/lib/python3.12/site-packages/airflow/example_dags/example_subdag_operator.py
[2025-03-17T19:20:48.231+0000] {processor.py:925} INFO - DAG(s) 'example_subdag_operator.section-1', 'example_subdag_operator.section-2', 'example_subdag_operator' retrieved from /root/venv/lib/python3.12/site-packages/airflow/example_dags/example_subdag_operator.py
[2025-03-17T19:20:48.249+0000] {logging_mixin.py:190} INFO - [2025-03-17T19:20:48.249+0000] {dag.py:3239} INFO - Sync 3 DAGs
[2025-03-17T19:20:48.270+0000] {logging_mixin.py:190} INFO - [2025-03-17T19:20:48.270+0000] {dag.py:4180} INFO - Setting next_dagrun for example_subdag_operator to 2022-01-01 00:00:00+00:00, run_after=2022-01-01 00:00:00+00:00
[2025-03-17T19:20:48.273+0000] {logging_mixin.py:190} INFO - [2025-03-17T19:20:48.273+0000] {dag.py:4180} INFO - Setting next_dagrun for example_subdag_operator.section-1 to None, run_after=None
[2025-03-17T19:20:48.274+0000] {logging_mixin.py:190} INFO - [2025-03-17T19:20:48.274+0000] {dag.py:4180} INFO - Setting next_dagrun for example_subdag_operator.section-2 to None, run_after=None
[2025-03-17T19:20:48.279+0000] {logging_mixin.py:190} INFO - [2025-03-17T19:20:48.279+0000] {dag.py:3239} INFO - Sync 2 DAGs
[2025-03-17T19:20:48.283+0000] {logging_mixin.py:190} INFO - [2025-03-17T19:20:48.283+0000] {dag.py:4180} INFO - Setting next_dagrun for example_subdag_operator.section-1 to None, run_after=None
[2025-03-17T19:20:48.283+0000] {logging_mixin.py:190} INFO - [2025-03-17T19:20:48.283+0000] {dag.py:4180} INFO - Setting next_dagrun for example_subdag_operator.section-2 to None, run_after=None
[2025-03-17T19:20:48.296+0000] {processor.py:208} INFO - Processing /root/venv/lib/python3.12/site-packages/airflow/example_dags/example_subdag_operator.py took 0.102 seconds
