[2025-03-17T19:14:57.276+0000] {processor.py:186} INFO - Started process (PID=1699734) to work on /root/venv/lib/python3.12/site-packages/airflow/example_dags/example_short_circuit_operator.py
[2025-03-17T19:14:57.277+0000] {processor.py:914} INFO - Processing file /root/venv/lib/python3.12/site-packages/airflow/example_dags/example_short_circuit_operator.py for tasks to queue
[2025-03-17T19:14:57.279+0000] {logging_mixin.py:190} INFO - [2025-03-17T19:14:57.279+0000] {dagbag.py:588} INFO - Filling up the DagBag from /root/venv/lib/python3.12/site-packages/airflow/example_dags/example_short_circuit_operator.py
[2025-03-17T19:14:57.292+0000] {processor.py:925} INFO - DAG(s) 'example_short_circuit_operator' retrieved from /root/venv/lib/python3.12/site-packages/airflow/example_dags/example_short_circuit_operator.py
[2025-03-17T19:14:57.315+0000] {logging_mixin.py:190} INFO - [2025-03-17T19:14:57.314+0000] {dag.py:3239} INFO - Sync 1 DAGs
[2025-03-17T19:14:57.328+0000] {logging_mixin.py:190} INFO - [2025-03-17T19:14:57.328+0000] {dag.py:4180} INFO - Setting next_dagrun for example_short_circuit_operator to None, run_after=None
[2025-03-17T19:14:57.351+0000] {processor.py:208} INFO - Processing /root/venv/lib/python3.12/site-packages/airflow/example_dags/example_short_circuit_operator.py took 0.081 seconds
[2025-03-17T19:18:12.140+0000] {processor.py:186} INFO - Started process (PID=1699858) to work on /root/venv/lib/python3.12/site-packages/airflow/example_dags/example_short_circuit_operator.py
[2025-03-17T19:18:12.141+0000] {processor.py:914} INFO - Processing file /root/venv/lib/python3.12/site-packages/airflow/example_dags/example_short_circuit_operator.py for tasks to queue
[2025-03-17T19:18:12.143+0000] {logging_mixin.py:190} INFO - [2025-03-17T19:18:12.143+0000] {dagbag.py:588} INFO - Filling up the DagBag from /root/venv/lib/python3.12/site-packages/airflow/example_dags/example_short_circuit_operator.py
[2025-03-17T19:18:12.153+0000] {processor.py:925} INFO - DAG(s) 'example_short_circuit_operator' retrieved from /root/venv/lib/python3.12/site-packages/airflow/example_dags/example_short_circuit_operator.py
[2025-03-17T19:18:12.177+0000] {logging_mixin.py:190} INFO - [2025-03-17T19:18:12.177+0000] {dag.py:3239} INFO - Sync 1 DAGs
[2025-03-17T19:18:12.190+0000] {logging_mixin.py:190} INFO - [2025-03-17T19:18:12.189+0000] {dag.py:4180} INFO - Setting next_dagrun for example_short_circuit_operator to None, run_after=None
[2025-03-17T19:18:12.219+0000] {processor.py:208} INFO - Processing /root/venv/lib/python3.12/site-packages/airflow/example_dags/example_short_circuit_operator.py took 0.085 seconds
[2025-03-17T19:20:50.516+0000] {processor.py:186} INFO - Started process (PID=1699958) to work on /root/venv/lib/python3.12/site-packages/airflow/example_dags/example_short_circuit_operator.py
[2025-03-17T19:20:50.518+0000] {processor.py:914} INFO - Processing file /root/venv/lib/python3.12/site-packages/airflow/example_dags/example_short_circuit_operator.py for tasks to queue
[2025-03-17T19:20:50.521+0000] {logging_mixin.py:190} INFO - [2025-03-17T19:20:50.520+0000] {dagbag.py:588} INFO - Filling up the DagBag from /root/venv/lib/python3.12/site-packages/airflow/example_dags/example_short_circuit_operator.py
[2025-03-17T19:20:50.533+0000] {processor.py:925} INFO - DAG(s) 'example_short_circuit_operator' retrieved from /root/venv/lib/python3.12/site-packages/airflow/example_dags/example_short_circuit_operator.py
[2025-03-17T19:20:50.561+0000] {logging_mixin.py:190} INFO - [2025-03-17T19:20:50.560+0000] {dag.py:3239} INFO - Sync 1 DAGs
[2025-03-17T19:20:50.576+0000] {logging_mixin.py:190} INFO - [2025-03-17T19:20:50.576+0000] {dag.py:4180} INFO - Setting next_dagrun for example_short_circuit_operator to None, run_after=None
[2025-03-17T19:20:50.601+0000] {processor.py:208} INFO - Processing /root/venv/lib/python3.12/site-packages/airflow/example_dags/example_short_circuit_operator.py took 0.092 seconds
