[2025-03-17T19:15:01.097+0000] {processor.py:186} INFO - Started process (PID=1699740) to work on /root/venv/lib/python3.12/site-packages/airflow/example_dags/example_sensors.py
[2025-03-17T19:15:01.098+0000] {processor.py:914} INFO - Processing file /root/venv/lib/python3.12/site-packages/airflow/example_dags/example_sensors.py for tasks to queue
[2025-03-17T19:15:01.100+0000] {logging_mixin.py:190} INFO - [2025-03-17T19:15:01.100+0000] {dagbag.py:588} INFO - Filling up the DagBag from /root/venv/lib/python3.12/site-packages/airflow/example_dags/example_sensors.py
[2025-03-17T19:15:01.113+0000] {processor.py:925} INFO - DAG(s) 'example_sensors' retrieved from /root/venv/lib/python3.12/site-packages/airflow/example_dags/example_sensors.py
[2025-03-17T19:15:01.140+0000] {logging_mixin.py:190} INFO - [2025-03-17T19:15:01.139+0000] {dag.py:3239} INFO - Sync 1 DAGs
[2025-03-17T19:15:01.157+0000] {logging_mixin.py:190} INFO - [2025-03-17T19:15:01.157+0000] {dag.py:4180} INFO - Setting next_dagrun for example_sensors to None, run_after=None
[2025-03-17T19:15:01.182+0000] {processor.py:208} INFO - Processing /root/venv/lib/python3.12/site-packages/airflow/example_dags/example_sensors.py took 0.092 seconds
[2025-03-17T19:18:16.795+0000] {processor.py:186} INFO - Started process (PID=1699862) to work on /root/venv/lib/python3.12/site-packages/airflow/example_dags/example_sensors.py
[2025-03-17T19:18:16.797+0000] {processor.py:914} INFO - Processing file /root/venv/lib/python3.12/site-packages/airflow/example_dags/example_sensors.py for tasks to queue
[2025-03-17T19:18:16.799+0000] {logging_mixin.py:190} INFO - [2025-03-17T19:18:16.799+0000] {dagbag.py:588} INFO - Filling up the DagBag from /root/venv/lib/python3.12/site-packages/airflow/example_dags/example_sensors.py
[2025-03-17T19:18:16.812+0000] {processor.py:925} INFO - DAG(s) 'example_sensors' retrieved from /root/venv/lib/python3.12/site-packages/airflow/example_dags/example_sensors.py
[2025-03-17T19:18:16.838+0000] {logging_mixin.py:190} INFO - [2025-03-17T19:18:16.838+0000] {dag.py:3239} INFO - Sync 1 DAGs
[2025-03-17T19:18:16.855+0000] {logging_mixin.py:190} INFO - [2025-03-17T19:18:16.855+0000] {dag.py:4180} INFO - Setting next_dagrun for example_sensors to None, run_after=None
[2025-03-17T19:18:16.884+0000] {processor.py:208} INFO - Processing /root/venv/lib/python3.12/site-packages/airflow/example_dags/example_sensors.py took 0.095 seconds
[2025-03-17T19:20:53.457+0000] {processor.py:186} INFO - Started process (PID=1699962) to work on /root/venv/lib/python3.12/site-packages/airflow/example_dags/example_sensors.py
[2025-03-17T19:20:53.458+0000] {processor.py:914} INFO - Processing file /root/venv/lib/python3.12/site-packages/airflow/example_dags/example_sensors.py for tasks to queue
[2025-03-17T19:20:53.461+0000] {logging_mixin.py:190} INFO - [2025-03-17T19:20:53.460+0000] {dagbag.py:588} INFO - Filling up the DagBag from /root/venv/lib/python3.12/site-packages/airflow/example_dags/example_sensors.py
[2025-03-17T19:20:53.473+0000] {processor.py:925} INFO - DAG(s) 'example_sensors' retrieved from /root/venv/lib/python3.12/site-packages/airflow/example_dags/example_sensors.py
[2025-03-17T19:20:53.499+0000] {logging_mixin.py:190} INFO - [2025-03-17T19:20:53.499+0000] {dag.py:3239} INFO - Sync 1 DAGs
[2025-03-17T19:20:53.512+0000] {logging_mixin.py:190} INFO - [2025-03-17T19:20:53.512+0000] {dag.py:4180} INFO - Setting next_dagrun for example_sensors to None, run_after=None
[2025-03-17T19:20:53.533+0000] {processor.py:208} INFO - Processing /root/venv/lib/python3.12/site-packages/airflow/example_dags/example_sensors.py took 0.083 seconds
