[2025-03-17T19:14:59.952+0000] {processor.py:186} INFO - Started process (PID=1699739) to work on /root/venv/lib/python3.12/site-packages/airflow/example_dags/example_python_operator.py
[2025-03-17T19:14:59.953+0000] {processor.py:914} INFO - Processing file /root/venv/lib/python3.12/site-packages/airflow/example_dags/example_python_operator.py for tasks to queue
[2025-03-17T19:14:59.956+0000] {logging_mixin.py:190} INFO - [2025-03-17T19:14:59.956+0000] {dagbag.py:588} INFO - Filling up the DagBag from /root/venv/lib/python3.12/site-packages/airflow/example_dags/example_python_operator.py
[2025-03-17T19:14:59.965+0000] {logging_mixin.py:190} INFO - [2025-03-17T19:14:59.964+0000] {example_python_operator.py:93} WARNING - The virtalenv_python example task requires virtualenv, please install it.
[2025-03-17T19:14:59.968+0000] {processor.py:925} INFO - DAG(s) 'example_python_operator' retrieved from /root/venv/lib/python3.12/site-packages/airflow/example_dags/example_python_operator.py
[2025-03-17T19:14:59.992+0000] {logging_mixin.py:190} INFO - [2025-03-17T19:14:59.992+0000] {dag.py:3239} INFO - Sync 1 DAGs
[2025-03-17T19:15:00.007+0000] {logging_mixin.py:190} INFO - [2025-03-17T19:15:00.007+0000] {dag.py:4180} INFO - Setting next_dagrun for example_python_operator to None, run_after=None
[2025-03-17T19:15:00.030+0000] {processor.py:208} INFO - Processing /root/venv/lib/python3.12/site-packages/airflow/example_dags/example_python_operator.py took 0.085 seconds
[2025-03-17T19:18:15.653+0000] {processor.py:186} INFO - Started process (PID=1699861) to work on /root/venv/lib/python3.12/site-packages/airflow/example_dags/example_python_operator.py
[2025-03-17T19:18:15.655+0000] {processor.py:914} INFO - Processing file /root/venv/lib/python3.12/site-packages/airflow/example_dags/example_python_operator.py for tasks to queue
[2025-03-17T19:18:15.657+0000] {logging_mixin.py:190} INFO - [2025-03-17T19:18:15.656+0000] {dagbag.py:588} INFO - Filling up the DagBag from /root/venv/lib/python3.12/site-packages/airflow/example_dags/example_python_operator.py
[2025-03-17T19:18:15.664+0000] {logging_mixin.py:190} INFO - [2025-03-17T19:18:15.663+0000] {example_python_operator.py:93} WARNING - The virtalenv_python example task requires virtualenv, please install it.
[2025-03-17T19:18:15.666+0000] {processor.py:925} INFO - DAG(s) 'example_python_operator' retrieved from /root/venv/lib/python3.12/site-packages/airflow/example_dags/example_python_operator.py
[2025-03-17T19:18:15.684+0000] {logging_mixin.py:190} INFO - [2025-03-17T19:18:15.684+0000] {dag.py:3239} INFO - Sync 1 DAGs
[2025-03-17T19:18:15.697+0000] {logging_mixin.py:190} INFO - [2025-03-17T19:18:15.697+0000] {dag.py:4180} INFO - Setting next_dagrun for example_python_operator to None, run_after=None
[2025-03-17T19:18:15.721+0000] {processor.py:208} INFO - Processing /root/venv/lib/python3.12/site-packages/airflow/example_dags/example_python_operator.py took 0.073 seconds
[2025-03-17T19:20:53.201+0000] {processor.py:186} INFO - Started process (PID=1699961) to work on /root/venv/lib/python3.12/site-packages/airflow/example_dags/example_python_operator.py
[2025-03-17T19:20:53.203+0000] {processor.py:914} INFO - Processing file /root/venv/lib/python3.12/site-packages/airflow/example_dags/example_python_operator.py for tasks to queue
[2025-03-17T19:20:53.206+0000] {logging_mixin.py:190} INFO - [2025-03-17T19:20:53.206+0000] {dagbag.py:588} INFO - Filling up the DagBag from /root/venv/lib/python3.12/site-packages/airflow/example_dags/example_python_operator.py
[2025-03-17T19:20:53.216+0000] {logging_mixin.py:190} INFO - [2025-03-17T19:20:53.216+0000] {example_python_operator.py:93} WARNING - The virtalenv_python example task requires virtualenv, please install it.
[2025-03-17T19:20:53.220+0000] {processor.py:925} INFO - DAG(s) 'example_python_operator' retrieved from /root/venv/lib/python3.12/site-packages/airflow/example_dags/example_python_operator.py
[2025-03-17T19:20:53.248+0000] {logging_mixin.py:190} INFO - [2025-03-17T19:20:53.248+0000] {dag.py:3239} INFO - Sync 1 DAGs
[2025-03-17T19:20:53.264+0000] {logging_mixin.py:190} INFO - [2025-03-17T19:20:53.264+0000] {dag.py:4180} INFO - Setting next_dagrun for example_python_operator to None, run_after=None
[2025-03-17T19:20:53.286+0000] {processor.py:208} INFO - Processing /root/venv/lib/python3.12/site-packages/airflow/example_dags/example_python_operator.py took 0.093 seconds
