[2025-03-17T19:14:56.137+0000] {processor.py:186} INFO - Started process (PID=1699733) to work on /root/venv/lib/python3.12/site-packages/airflow/example_dags/example_skip_dag.py
[2025-03-17T19:14:56.140+0000] {processor.py:914} INFO - Processing file /root/venv/lib/python3.12/site-packages/airflow/example_dags/example_skip_dag.py for tasks to queue
[2025-03-17T19:14:56.143+0000] {logging_mixin.py:190} INFO - [2025-03-17T19:14:56.142+0000] {dagbag.py:588} INFO - Filling up the DagBag from /root/venv/lib/python3.12/site-packages/airflow/example_dags/example_skip_dag.py
[2025-03-17T19:14:56.155+0000] {processor.py:925} INFO - DAG(s) 'example_skip_dag' retrieved from /root/venv/lib/python3.12/site-packages/airflow/example_dags/example_skip_dag.py
[2025-03-17T19:14:56.176+0000] {logging_mixin.py:190} INFO - [2025-03-17T19:14:56.175+0000] {dag.py:3239} INFO - Sync 1 DAGs
[2025-03-17T19:14:56.196+0000] {logging_mixin.py:190} INFO - [2025-03-17T19:14:56.196+0000] {dag.py:4180} INFO - Setting next_dagrun for example_skip_dag to 2025-03-16 00:00:00+00:00, run_after=2025-03-17 00:00:00+00:00
[2025-03-17T19:14:56.217+0000] {processor.py:208} INFO - Processing /root/venv/lib/python3.12/site-packages/airflow/example_dags/example_skip_dag.py took 0.092 seconds
[2025-03-17T19:18:09.263+0000] {processor.py:186} INFO - Started process (PID=1699853) to work on /root/venv/lib/python3.12/site-packages/airflow/example_dags/example_skip_dag.py
[2025-03-17T19:18:09.265+0000] {processor.py:914} INFO - Processing file /root/venv/lib/python3.12/site-packages/airflow/example_dags/example_skip_dag.py for tasks to queue
[2025-03-17T19:18:09.267+0000] {logging_mixin.py:190} INFO - [2025-03-17T19:18:09.267+0000] {dagbag.py:588} INFO - Filling up the DagBag from /root/venv/lib/python3.12/site-packages/airflow/example_dags/example_skip_dag.py
[2025-03-17T19:18:09.277+0000] {processor.py:925} INFO - DAG(s) 'example_skip_dag' retrieved from /root/venv/lib/python3.12/site-packages/airflow/example_dags/example_skip_dag.py
[2025-03-17T19:18:09.300+0000] {logging_mixin.py:190} INFO - [2025-03-17T19:18:09.300+0000] {dag.py:3239} INFO - Sync 1 DAGs
[2025-03-17T19:18:09.324+0000] {logging_mixin.py:190} INFO - [2025-03-17T19:18:09.324+0000] {dag.py:4180} INFO - Setting next_dagrun for example_skip_dag to 2025-03-16 00:00:00+00:00, run_after=2025-03-17 00:00:00+00:00
[2025-03-17T19:18:09.351+0000] {processor.py:208} INFO - Processing /root/venv/lib/python3.12/site-packages/airflow/example_dags/example_skip_dag.py took 0.097 seconds
[2025-03-17T19:20:49.456+0000] {processor.py:186} INFO - Started process (PID=1699957) to work on /root/venv/lib/python3.12/site-packages/airflow/example_dags/example_skip_dag.py
[2025-03-17T19:20:49.457+0000] {processor.py:914} INFO - Processing file /root/venv/lib/python3.12/site-packages/airflow/example_dags/example_skip_dag.py for tasks to queue
[2025-03-17T19:20:49.460+0000] {logging_mixin.py:190} INFO - [2025-03-17T19:20:49.460+0000] {dagbag.py:588} INFO - Filling up the DagBag from /root/venv/lib/python3.12/site-packages/airflow/example_dags/example_skip_dag.py
[2025-03-17T19:20:49.470+0000] {processor.py:925} INFO - DAG(s) 'example_skip_dag' retrieved from /root/venv/lib/python3.12/site-packages/airflow/example_dags/example_skip_dag.py
[2025-03-17T19:20:49.493+0000] {logging_mixin.py:190} INFO - [2025-03-17T19:20:49.492+0000] {dag.py:3239} INFO - Sync 1 DAGs
[2025-03-17T19:20:49.517+0000] {logging_mixin.py:190} INFO - [2025-03-17T19:20:49.516+0000] {dag.py:4180} INFO - Setting next_dagrun for example_skip_dag to 2025-03-16 00:00:00+00:00, run_after=2025-03-17 00:00:00+00:00
[2025-03-17T19:20:49.537+0000] {processor.py:208} INFO - Processing /root/venv/lib/python3.12/site-packages/airflow/example_dags/example_skip_dag.py took 0.088 seconds
