[2025-03-17T19:14:45.815+0000] {processor.py:186} INFO - Started process (PID=1699723) to work on /root/venv/lib/python3.12/site-packages/airflow/example_dags/example_trigger_controller_dag.py
[2025-03-17T19:14:45.816+0000] {processor.py:914} INFO - Processing file /root/venv/lib/python3.12/site-packages/airflow/example_dags/example_trigger_controller_dag.py for tasks to queue
[2025-03-17T19:14:45.820+0000] {logging_mixin.py:190} INFO - [2025-03-17T19:14:45.819+0000] {dagbag.py:588} INFO - Filling up the DagBag from /root/venv/lib/python3.12/site-packages/airflow/example_dags/example_trigger_controller_dag.py
[2025-03-17T19:14:45.833+0000] {processor.py:925} INFO - DAG(s) 'example_trigger_controller_dag' retrieved from /root/venv/lib/python3.12/site-packages/airflow/example_dags/example_trigger_controller_dag.py
[2025-03-17T19:14:45.859+0000] {logging_mixin.py:190} INFO - [2025-03-17T19:14:45.858+0000] {dag.py:3239} INFO - Sync 1 DAGs
[2025-03-17T19:14:45.884+0000] {logging_mixin.py:190} INFO - [2025-03-17T19:14:45.883+0000] {dag.py:4180} INFO - Setting next_dagrun for example_trigger_controller_dag to 2021-01-01 00:00:00+00:00, run_after=2021-01-01 00:00:00+00:00
[2025-03-17T19:14:45.911+0000] {processor.py:208} INFO - Processing /root/venv/lib/python3.12/site-packages/airflow/example_dags/example_trigger_controller_dag.py took 0.105 seconds
[2025-03-17T19:17:59.973+0000] {processor.py:186} INFO - Started process (PID=1699842) to work on /root/venv/lib/python3.12/site-packages/airflow/example_dags/example_trigger_controller_dag.py
[2025-03-17T19:17:59.974+0000] {processor.py:914} INFO - Processing file /root/venv/lib/python3.12/site-packages/airflow/example_dags/example_trigger_controller_dag.py for tasks to queue
[2025-03-17T19:17:59.976+0000] {logging_mixin.py:190} INFO - [2025-03-17T19:17:59.976+0000] {dagbag.py:588} INFO - Filling up the DagBag from /root/venv/lib/python3.12/site-packages/airflow/example_dags/example_trigger_controller_dag.py
[2025-03-17T19:17:59.985+0000] {processor.py:925} INFO - DAG(s) 'example_trigger_controller_dag' retrieved from /root/venv/lib/python3.12/site-packages/airflow/example_dags/example_trigger_controller_dag.py
[2025-03-17T19:18:00.003+0000] {logging_mixin.py:190} INFO - [2025-03-17T19:18:00.003+0000] {dag.py:3239} INFO - Sync 1 DAGs
[2025-03-17T19:18:00.022+0000] {logging_mixin.py:190} INFO - [2025-03-17T19:18:00.022+0000] {dag.py:4180} INFO - Setting next_dagrun for example_trigger_controller_dag to 2021-01-01 00:00:00+00:00, run_after=2021-01-01 00:00:00+00:00
[2025-03-17T19:18:00.043+0000] {processor.py:208} INFO - Processing /root/venv/lib/python3.12/site-packages/airflow/example_dags/example_trigger_controller_dag.py took 0.076 seconds
[2025-03-17T19:20:35.613+0000] {processor.py:186} INFO - Started process (PID=1699943) to work on /root/venv/lib/python3.12/site-packages/airflow/example_dags/example_trigger_controller_dag.py
[2025-03-17T19:20:35.614+0000] {processor.py:914} INFO - Processing file /root/venv/lib/python3.12/site-packages/airflow/example_dags/example_trigger_controller_dag.py for tasks to queue
[2025-03-17T19:20:35.617+0000] {logging_mixin.py:190} INFO - [2025-03-17T19:20:35.617+0000] {dagbag.py:588} INFO - Filling up the DagBag from /root/venv/lib/python3.12/site-packages/airflow/example_dags/example_trigger_controller_dag.py
[2025-03-17T19:20:35.626+0000] {processor.py:925} INFO - DAG(s) 'example_trigger_controller_dag' retrieved from /root/venv/lib/python3.12/site-packages/airflow/example_dags/example_trigger_controller_dag.py
[2025-03-17T19:20:35.648+0000] {logging_mixin.py:190} INFO - [2025-03-17T19:20:35.648+0000] {dag.py:3239} INFO - Sync 1 DAGs
[2025-03-17T19:20:35.674+0000] {logging_mixin.py:190} INFO - [2025-03-17T19:20:35.674+0000] {dag.py:4180} INFO - Setting next_dagrun for example_trigger_controller_dag to 2021-01-01 00:00:00+00:00, run_after=2021-01-01 00:00:00+00:00
[2025-03-17T19:20:35.697+0000] {processor.py:208} INFO - Processing /root/venv/lib/python3.12/site-packages/airflow/example_dags/example_trigger_controller_dag.py took 0.093 seconds
