[2025-03-17T19:14:52.492+0000] {processor.py:186} INFO - Started process (PID=1699730) to work on /root/venv/lib/python3.12/site-packages/airflow/example_dags/example_task_group.py
[2025-03-17T19:14:52.493+0000] {processor.py:914} INFO - Processing file /root/venv/lib/python3.12/site-packages/airflow/example_dags/example_task_group.py for tasks to queue
[2025-03-17T19:14:52.495+0000] {logging_mixin.py:190} INFO - [2025-03-17T19:14:52.495+0000] {dagbag.py:588} INFO - Filling up the DagBag from /root/venv/lib/python3.12/site-packages/airflow/example_dags/example_task_group.py
[2025-03-17T19:14:52.509+0000] {processor.py:925} INFO - DAG(s) 'example_task_group' retrieved from /root/venv/lib/python3.12/site-packages/airflow/example_dags/example_task_group.py
[2025-03-17T19:14:52.535+0000] {logging_mixin.py:190} INFO - [2025-03-17T19:14:52.534+0000] {dag.py:3239} INFO - Sync 1 DAGs
[2025-03-17T19:14:52.549+0000] {logging_mixin.py:190} INFO - [2025-03-17T19:14:52.548+0000] {dag.py:4180} INFO - Setting next_dagrun for example_task_group to None, run_after=None
[2025-03-17T19:14:52.570+0000] {processor.py:208} INFO - Processing /root/venv/lib/python3.12/site-packages/airflow/example_dags/example_task_group.py took 0.084 seconds
[2025-03-17T19:18:07.511+0000] {processor.py:186} INFO - Started process (PID=1699850) to work on /root/venv/lib/python3.12/site-packages/airflow/example_dags/example_task_group.py
[2025-03-17T19:18:07.512+0000] {processor.py:914} INFO - Processing file /root/venv/lib/python3.12/site-packages/airflow/example_dags/example_task_group.py for tasks to queue
[2025-03-17T19:18:07.515+0000] {logging_mixin.py:190} INFO - [2025-03-17T19:18:07.514+0000] {dagbag.py:588} INFO - Filling up the DagBag from /root/venv/lib/python3.12/site-packages/airflow/example_dags/example_task_group.py
[2025-03-17T19:18:07.526+0000] {processor.py:925} INFO - DAG(s) 'example_task_group' retrieved from /root/venv/lib/python3.12/site-packages/airflow/example_dags/example_task_group.py
[2025-03-17T19:18:07.550+0000] {logging_mixin.py:190} INFO - [2025-03-17T19:18:07.550+0000] {dag.py:3239} INFO - Sync 1 DAGs
[2025-03-17T19:18:07.564+0000] {logging_mixin.py:190} INFO - [2025-03-17T19:18:07.564+0000] {dag.py:4180} INFO - Setting next_dagrun for example_task_group to None, run_after=None
[2025-03-17T19:18:07.588+0000] {processor.py:208} INFO - Processing /root/venv/lib/python3.12/site-packages/airflow/example_dags/example_task_group.py took 0.083 seconds
[2025-03-17T19:20:46.863+0000] {processor.py:186} INFO - Started process (PID=1699954) to work on /root/venv/lib/python3.12/site-packages/airflow/example_dags/example_task_group.py
[2025-03-17T19:20:46.865+0000] {processor.py:914} INFO - Processing file /root/venv/lib/python3.12/site-packages/airflow/example_dags/example_task_group.py for tasks to queue
[2025-03-17T19:20:46.868+0000] {logging_mixin.py:190} INFO - [2025-03-17T19:20:46.868+0000] {dagbag.py:588} INFO - Filling up the DagBag from /root/venv/lib/python3.12/site-packages/airflow/example_dags/example_task_group.py
[2025-03-17T19:20:46.880+0000] {processor.py:925} INFO - DAG(s) 'example_task_group' retrieved from /root/venv/lib/python3.12/site-packages/airflow/example_dags/example_task_group.py
[2025-03-17T19:20:46.907+0000] {logging_mixin.py:190} INFO - [2025-03-17T19:20:46.906+0000] {dag.py:3239} INFO - Sync 1 DAGs
[2025-03-17T19:20:46.921+0000] {logging_mixin.py:190} INFO - [2025-03-17T19:20:46.921+0000] {dag.py:4180} INFO - Setting next_dagrun for example_task_group to None, run_after=None
[2025-03-17T19:20:46.946+0000] {processor.py:208} INFO - Processing /root/venv/lib/python3.12/site-packages/airflow/example_dags/example_task_group.py took 0.091 seconds
