[2025-03-13T17:36:29.190+0000] {local_task_job_runner.py:123} INFO - ::group::Pre task execution logs
[2025-03-13T17:36:29.207+0000] {taskinstance.py:2614} INFO - Dependencies all met for dep_context=non-requeueable deps ti=<TaskInstance: tutorial.print_date scheduled__2025-03-12T00:00:00+00:00 [queued]>
[2025-03-13T17:36:29.216+0000] {taskinstance.py:2614} INFO - Dependencies all met for dep_context=requeueable deps ti=<TaskInstance: tutorial.print_date scheduled__2025-03-12T00:00:00+00:00 [queued]>
[2025-03-13T17:36:29.217+0000] {taskinstance.py:2867} INFO - Starting attempt 1 of 2
[2025-03-13T17:36:29.236+0000] {taskinstance.py:2890} INFO - Executing <Task(BashOperator): print_date> on 2025-03-12 00:00:00+00:00
[2025-03-13T17:36:29.246+0000] {standard_task_runner.py:72} INFO - Started process 1659265 to run task
[2025-03-13T17:36:29.250+0000] {standard_task_runner.py:104} INFO - Running: ['airflow', 'tasks', 'run', 'tutorial', 'print_date', 'scheduled__2025-03-12T00:00:00+00:00', '--job-id', '56', '--raw', '--subdir', '/root/venv/lib/python3.12/site-packages/airflow/example_dags/tutorial.py', '--cfg-path', '/tmp/tmpc_yzjqkg']
[2025-03-13T17:36:29.251+0000] {standard_task_runner.py:105} INFO - Job 56: Subtask print_date
[2025-03-13T17:36:29.307+0000] {task_command.py:467} INFO - Running <TaskInstance: tutorial.print_date scheduled__2025-03-12T00:00:00+00:00 [running]> on host ubuntu-s-2vcpu-4gb-amd-sfo3-01
[2025-03-13T17:36:29.388+0000] {taskinstance.py:3134} INFO - Exporting env vars: AIRFLOW_CTX_DAG_EMAIL='airflow@example.com' AIRFLOW_CTX_DAG_OWNER='airflow' AIRFLOW_CTX_DAG_ID='tutorial' AIRFLOW_CTX_TASK_ID='print_date' AIRFLOW_CTX_EXECUTION_DATE='2025-03-12T00:00:00+00:00' AIRFLOW_CTX_TRY_NUMBER='1' AIRFLOW_CTX_DAG_RUN_ID='scheduled__2025-03-12T00:00:00+00:00'
[2025-03-13T17:36:29.390+0000] {logging_mixin.py:190} INFO - Task instance is in running state
[2025-03-13T17:36:29.391+0000] {logging_mixin.py:190} INFO -  Previous state of the Task instance: queued
[2025-03-13T17:36:29.391+0000] {logging_mixin.py:190} INFO - Current task name:print_date state:running start_date:2025-03-13 17:36:29.208056+00:00
[2025-03-13T17:36:29.391+0000] {logging_mixin.py:190} INFO - Dag name:tutorial and current dag run status:running
[2025-03-13T17:36:29.392+0000] {taskinstance.py:732} INFO - ::endgroup::
[2025-03-13T17:36:29.393+0000] {subprocess.py:78} INFO - Tmp dir root location: /tmp
[2025-03-13T17:36:29.393+0000] {subprocess.py:88} INFO - Running command: ['/usr/bin/bash', '-c', 'date']
[2025-03-13T17:36:29.411+0000] {subprocess.py:99} INFO - Output:
[2025-03-13T17:36:29.415+0000] {subprocess.py:106} INFO - Thu Mar 13 17:36:29 UTC 2025
[2025-03-13T17:36:29.417+0000] {subprocess.py:110} INFO - Command exited with return code 0
[2025-03-13T17:36:29.437+0000] {taskinstance.py:341} INFO - ::group::Post task execution logs
[2025-03-13T17:36:29.438+0000] {taskinstance.py:353} INFO - Marking task as SUCCESS. dag_id=tutorial, task_id=print_date, run_id=scheduled__2025-03-12T00:00:00+00:00, execution_date=20250312T000000, start_date=20250313T173629, end_date=20250313T173629
[2025-03-13T17:36:29.459+0000] {logging_mixin.py:190} INFO - Task instance in success state
[2025-03-13T17:36:29.460+0000] {logging_mixin.py:190} INFO -  Previous state of the Task instance: running
[2025-03-13T17:36:29.460+0000] {logging_mixin.py:190} INFO - Dag name:tutorial queued_at:2025-03-13 17:36:27.031629+00:00
[2025-03-13T17:36:29.460+0000] {logging_mixin.py:190} INFO - Task hostname:ubuntu-s-2vcpu-4gb-amd-sfo3-01 operator:BashOperator
[2025-03-13T17:36:29.508+0000] {local_task_job_runner.py:266} INFO - Task exited with return code 0
[2025-03-13T17:36:29.521+0000] {taskinstance.py:3901} INFO - 0 downstream tasks scheduled from follow-on schedule check
[2025-03-13T17:36:29.522+0000] {local_task_job_runner.py:245} INFO - ::endgroup::
