[2025-03-13T18:11:26.516+0000] {processor.py:186} INFO - Started process (PID=1661507) to work on /root/airflow/dags/access_other_files.py
[2025-03-13T18:11:26.518+0000] {processor.py:914} INFO - Processing file /root/airflow/dags/access_other_files.py for tasks to queue
[2025-03-13T18:11:26.520+0000] {logging_mixin.py:190} INFO - [2025-03-13T18:11:26.519+0000] {dagbag.py:588} INFO - Filling up the DagBag from /root/airflow/dags/access_other_files.py
[2025-03-13T18:11:26.535+0000] {logging_mixin.py:190} INFO - [2025-03-13T18:11:26.526+0000] {dagbag.py:387} ERROR - Failed to import: /root/airflow/dags/access_other_files.py
Traceback (most recent call last):
  File "/root/venv/lib/python3.12/site-packages/airflow/models/dagbag.py", line 383, in parse
    loader.exec_module(new_module)
  File "<frozen importlib._bootstrap_external>", line 995, in exec_module
  File "<frozen importlib._bootstrap>", line 488, in _call_with_frames_removed
  File "/root/airflow/dags/access_other_files.py", line 26, in <module>
    andrew_test_python()
    ^^^^^^^^^^^^^^^^^^
NameError: name 'andrew_test_python' is not defined
[2025-03-13T18:11:26.542+0000] {processor.py:927} WARNING - No viable dags retrieved from /root/airflow/dags/access_other_files.py
[2025-03-13T18:11:26.577+0000] {processor.py:208} INFO - Processing /root/airflow/dags/access_other_files.py took 0.070 seconds
[2025-03-13T18:12:02.446+0000] {processor.py:186} INFO - Started process (PID=1661543) to work on /root/airflow/dags/access_other_files.py
[2025-03-13T18:12:02.447+0000] {processor.py:914} INFO - Processing file /root/airflow/dags/access_other_files.py for tasks to queue
[2025-03-13T18:12:02.449+0000] {logging_mixin.py:190} INFO - [2025-03-13T18:12:02.449+0000] {dagbag.py:588} INFO - Filling up the DagBag from /root/airflow/dags/access_other_files.py
[2025-03-13T18:12:02.460+0000] {logging_mixin.py:190} INFO - [2025-03-13T18:12:02.453+0000] {dagbag.py:387} ERROR - Failed to import: /root/airflow/dags/access_other_files.py
Traceback (most recent call last):
  File "/root/venv/lib/python3.12/site-packages/airflow/models/dagbag.py", line 383, in parse
    loader.exec_module(new_module)
  File "<frozen importlib._bootstrap_external>", line 995, in exec_module
  File "<frozen importlib._bootstrap>", line 488, in _call_with_frames_removed
  File "/root/airflow/dags/access_other_files.py", line 26, in <module>
    andrew_test_python()
    ^^^^^^^^^^^^^^^^^^
NameError: name 'andrew_test_python' is not defined
[2025-03-13T18:12:02.466+0000] {processor.py:927} WARNING - No viable dags retrieved from /root/airflow/dags/access_other_files.py
[2025-03-13T18:12:02.494+0000] {processor.py:208} INFO - Processing /root/airflow/dags/access_other_files.py took 0.057 seconds
[2025-03-13T18:12:35.225+0000] {processor.py:186} INFO - Started process (PID=1661575) to work on /root/airflow/dags/access_other_files.py
[2025-03-13T18:12:35.227+0000] {processor.py:914} INFO - Processing file /root/airflow/dags/access_other_files.py for tasks to queue
[2025-03-13T18:12:35.229+0000] {logging_mixin.py:190} INFO - [2025-03-13T18:12:35.228+0000] {dagbag.py:588} INFO - Filling up the DagBag from /root/airflow/dags/access_other_files.py
[2025-03-13T18:12:35.239+0000] {logging_mixin.py:190} INFO - [2025-03-13T18:12:35.233+0000] {dagbag.py:387} ERROR - Failed to import: /root/airflow/dags/access_other_files.py
Traceback (most recent call last):
  File "/root/venv/lib/python3.12/site-packages/airflow/models/dagbag.py", line 383, in parse
    loader.exec_module(new_module)
  File "<frozen importlib._bootstrap_external>", line 995, in exec_module
  File "<frozen importlib._bootstrap>", line 488, in _call_with_frames_removed
  File "/root/airflow/dags/access_other_files.py", line 26, in <module>
    andrew_test_python()
    ^^^^^^^^^^^^^^^^^^
NameError: name 'andrew_test_python' is not defined
[2025-03-13T18:12:35.245+0000] {processor.py:927} WARNING - No viable dags retrieved from /root/airflow/dags/access_other_files.py
[2025-03-13T18:12:35.272+0000] {processor.py:208} INFO - Processing /root/airflow/dags/access_other_files.py took 0.059 seconds
[2025-03-13T18:13:08.882+0000] {processor.py:186} INFO - Started process (PID=1661623) to work on /root/airflow/dags/access_other_files.py
[2025-03-13T18:13:08.884+0000] {processor.py:914} INFO - Processing file /root/airflow/dags/access_other_files.py for tasks to queue
[2025-03-13T18:13:08.885+0000] {logging_mixin.py:190} INFO - [2025-03-13T18:13:08.885+0000] {dagbag.py:588} INFO - Filling up the DagBag from /root/airflow/dags/access_other_files.py
[2025-03-13T18:13:08.891+0000] {logging_mixin.py:190} INFO - [2025-03-13T18:13:08.889+0000] {dagbag.py:387} ERROR - Failed to import: /root/airflow/dags/access_other_files.py
Traceback (most recent call last):
  File "/root/venv/lib/python3.12/site-packages/airflow/models/dagbag.py", line 383, in parse
    loader.exec_module(new_module)
  File "<frozen importlib._bootstrap_external>", line 991, in exec_module
  File "<frozen importlib._bootstrap_external>", line 1129, in get_code
  File "<frozen importlib._bootstrap_external>", line 1059, in source_to_code
  File "<frozen importlib._bootstrap>", line 488, in _call_with_frames_removed
  File "/root/airflow/dags/access_other_files.py", line 19
    		with os.scandir("../other_python_shenanigans" as scannedfiles:
    		                                              ^^
SyntaxError: invalid syntax
[2025-03-13T18:13:08.891+0000] {processor.py:927} WARNING - No viable dags retrieved from /root/airflow/dags/access_other_files.py
[2025-03-13T18:13:08.920+0000] {processor.py:208} INFO - Processing /root/airflow/dags/access_other_files.py took 0.046 seconds
[2025-03-13T18:13:42.813+0000] {processor.py:186} INFO - Started process (PID=1661657) to work on /root/airflow/dags/access_other_files.py
[2025-03-13T18:13:42.815+0000] {processor.py:914} INFO - Processing file /root/airflow/dags/access_other_files.py for tasks to queue
[2025-03-13T18:13:42.816+0000] {logging_mixin.py:190} INFO - [2025-03-13T18:13:42.816+0000] {dagbag.py:588} INFO - Filling up the DagBag from /root/airflow/dags/access_other_files.py
[2025-03-13T18:13:42.822+0000] {logging_mixin.py:190} INFO - [2025-03-13T18:13:42.820+0000] {dagbag.py:387} ERROR - Failed to import: /root/airflow/dags/access_other_files.py
Traceback (most recent call last):
  File "/root/venv/lib/python3.12/site-packages/airflow/models/dagbag.py", line 383, in parse
    loader.exec_module(new_module)
  File "<frozen importlib._bootstrap_external>", line 991, in exec_module
  File "<frozen importlib._bootstrap_external>", line 1129, in get_code
  File "<frozen importlib._bootstrap_external>", line 1059, in source_to_code
  File "<frozen importlib._bootstrap>", line 488, in _call_with_frames_removed
  File "/root/airflow/dags/access_other_files.py", line 19
    		with os.scandir("../other_python_shenanigans" as scannedfiles:
    		                                              ^^
SyntaxError: invalid syntax
[2025-03-13T18:13:42.822+0000] {processor.py:927} WARNING - No viable dags retrieved from /root/airflow/dags/access_other_files.py
[2025-03-13T18:13:42.846+0000] {processor.py:208} INFO - Processing /root/airflow/dags/access_other_files.py took 0.041 seconds
[2025-03-13T18:14:15.595+0000] {processor.py:186} INFO - Started process (PID=1661692) to work on /root/airflow/dags/access_other_files.py
[2025-03-13T18:14:15.597+0000] {processor.py:914} INFO - Processing file /root/airflow/dags/access_other_files.py for tasks to queue
[2025-03-13T18:14:15.599+0000] {logging_mixin.py:190} INFO - [2025-03-13T18:14:15.598+0000] {dagbag.py:588} INFO - Filling up the DagBag from /root/airflow/dags/access_other_files.py
[2025-03-13T18:14:15.611+0000] {processor.py:925} INFO - DAG(s) 'andrew_access_files' retrieved from /root/airflow/dags/access_other_files.py
[2025-03-13T18:14:15.743+0000] {logging_mixin.py:190} INFO - [2025-03-13T18:14:15.741+0000] {override.py:1930} INFO - Created Permission View: can edit on DAG:andrew_access_files
[2025-03-13T18:14:15.759+0000] {logging_mixin.py:190} INFO - [2025-03-13T18:14:15.759+0000] {override.py:1930} INFO - Created Permission View: can delete on DAG:andrew_access_files
[2025-03-13T18:14:15.770+0000] {logging_mixin.py:190} INFO - [2025-03-13T18:14:15.769+0000] {override.py:1930} INFO - Created Permission View: can read on DAG:andrew_access_files
[2025-03-13T18:14:15.784+0000] {logging_mixin.py:190} INFO - [2025-03-13T18:14:15.783+0000] {override.py:1930} INFO - Created Permission View: can create on DAG Run:andrew_access_files
[2025-03-13T18:14:15.798+0000] {logging_mixin.py:190} INFO - [2025-03-13T18:14:15.797+0000] {override.py:1930} INFO - Created Permission View: can delete on DAG Run:andrew_access_files
[2025-03-13T18:14:15.811+0000] {logging_mixin.py:190} INFO - [2025-03-13T18:14:15.811+0000] {override.py:1930} INFO - Created Permission View: can read on DAG Run:andrew_access_files
[2025-03-13T18:14:15.825+0000] {logging_mixin.py:190} INFO - [2025-03-13T18:14:15.824+0000] {override.py:1930} INFO - Created Permission View: menu access on DAG Run:andrew_access_files
[2025-03-13T18:14:15.826+0000] {logging_mixin.py:190} INFO - [2025-03-13T18:14:15.826+0000] {dag.py:3239} INFO - Sync 1 DAGs
[2025-03-13T18:14:15.850+0000] {logging_mixin.py:190} INFO - [2025-03-13T18:14:15.850+0000] {dag.py:3262} INFO - Creating ORM DAG for andrew_access_files
[2025-03-13T18:14:15.852+0000] {logging_mixin.py:190} INFO - [2025-03-13T18:14:15.851+0000] {dag.py:4180} INFO - Setting next_dagrun for andrew_access_files to None, run_after=None
[2025-03-13T18:14:15.886+0000] {processor.py:208} INFO - Processing /root/airflow/dags/access_other_files.py took 0.299 seconds
[2025-03-13T18:14:50.446+0000] {processor.py:186} INFO - Started process (PID=1661730) to work on /root/airflow/dags/access_other_files.py
[2025-03-13T18:14:50.447+0000] {processor.py:914} INFO - Processing file /root/airflow/dags/access_other_files.py for tasks to queue
[2025-03-13T18:14:50.449+0000] {logging_mixin.py:190} INFO - [2025-03-13T18:14:50.448+0000] {dagbag.py:588} INFO - Filling up the DagBag from /root/airflow/dags/access_other_files.py
[2025-03-13T18:14:50.458+0000] {processor.py:925} INFO - DAG(s) 'andrew_access_files' retrieved from /root/airflow/dags/access_other_files.py
[2025-03-13T18:14:50.478+0000] {logging_mixin.py:190} INFO - [2025-03-13T18:14:50.478+0000] {dag.py:3239} INFO - Sync 1 DAGs
[2025-03-13T18:14:50.494+0000] {logging_mixin.py:190} INFO - [2025-03-13T18:14:50.494+0000] {dag.py:4180} INFO - Setting next_dagrun for andrew_access_files to None, run_after=None
[2025-03-13T18:14:50.517+0000] {processor.py:208} INFO - Processing /root/airflow/dags/access_other_files.py took 0.079 seconds
[2025-03-13T18:15:24.443+0000] {processor.py:186} INFO - Started process (PID=1661771) to work on /root/airflow/dags/access_other_files.py
[2025-03-13T18:15:24.445+0000] {processor.py:914} INFO - Processing file /root/airflow/dags/access_other_files.py for tasks to queue
[2025-03-13T18:15:24.447+0000] {logging_mixin.py:190} INFO - [2025-03-13T18:15:24.446+0000] {dagbag.py:588} INFO - Filling up the DagBag from /root/airflow/dags/access_other_files.py
[2025-03-13T18:15:24.464+0000] {processor.py:925} INFO - DAG(s) 'andrew_access_files' retrieved from /root/airflow/dags/access_other_files.py
[2025-03-13T18:15:24.494+0000] {logging_mixin.py:190} INFO - [2025-03-13T18:15:24.493+0000] {dag.py:3239} INFO - Sync 1 DAGs
[2025-03-13T18:15:24.519+0000] {logging_mixin.py:190} INFO - [2025-03-13T18:15:24.518+0000] {dag.py:4180} INFO - Setting next_dagrun for andrew_access_files to None, run_after=None
[2025-03-13T18:15:24.554+0000] {processor.py:208} INFO - Processing /root/airflow/dags/access_other_files.py took 0.122 seconds
[2025-03-13T19:39:01.261+0000] {processor.py:186} INFO - Started process (PID=1662362) to work on /root/airflow/dags/access_other_files.py
[2025-03-13T19:39:01.263+0000] {processor.py:914} INFO - Processing file /root/airflow/dags/access_other_files.py for tasks to queue
[2025-03-13T19:39:01.266+0000] {logging_mixin.py:190} INFO - [2025-03-13T19:39:01.265+0000] {dagbag.py:588} INFO - Filling up the DagBag from /root/airflow/dags/access_other_files.py
[2025-03-13T19:39:01.281+0000] {processor.py:925} INFO - DAG(s) 'andrew_access_files' retrieved from /root/airflow/dags/access_other_files.py
[2025-03-13T19:39:01.318+0000] {logging_mixin.py:190} INFO - [2025-03-13T19:39:01.318+0000] {dag.py:3239} INFO - Sync 1 DAGs
[2025-03-13T19:39:01.341+0000] {logging_mixin.py:190} INFO - [2025-03-13T19:39:01.340+0000] {dag.py:4180} INFO - Setting next_dagrun for andrew_access_files to None, run_after=None
[2025-03-13T19:39:01.381+0000] {processor.py:208} INFO - Processing /root/airflow/dags/access_other_files.py took 0.134 seconds
