[2025-03-13T17:31:49.695+0000] {processor.py:186} INFO - Started process (PID=1658900) to work on /root/airflow/dags/helloworld_dag.py
[2025-03-13T17:31:49.696+0000] {processor.py:914} INFO - Processing file /root/airflow/dags/helloworld_dag.py for tasks to queue
[2025-03-13T17:31:49.699+0000] {logging_mixin.py:190} INFO - [2025-03-13T17:31:49.698+0000] {dagbag.py:588} INFO - Filling up the DagBag from /root/airflow/dags/helloworld_dag.py
[2025-03-13T17:31:49.705+0000] {logging_mixin.py:190} INFO - [2025-03-13T17:31:49.704+0000] {dagbag.py:387} ERROR - Failed to import: /root/airflow/dags/helloworld_dag.py
Traceback (most recent call last):
  File "/root/venv/lib/python3.12/site-packages/airflow/models/dagbag.py", line 383, in parse
    loader.exec_module(new_module)
  File "<frozen importlib._bootstrap_external>", line 995, in exec_module
  File "<frozen importlib._bootstrap>", line 488, in _call_with_frames_removed
  File "/root/airflow/dags/helloworld_dag.py", line 3, in <module>
    from airflow.modules.dag import DAG
ModuleNotFoundError: No module named 'airflow.modules'
[2025-03-13T17:31:49.706+0000] {processor.py:927} WARNING - No viable dags retrieved from /root/airflow/dags/helloworld_dag.py
[2025-03-13T17:31:49.734+0000] {processor.py:208} INFO - Processing /root/airflow/dags/helloworld_dag.py took 0.047 seconds
[2025-03-13T17:32:52.669+0000] {processor.py:186} INFO - Started process (PID=1659029) to work on /root/airflow/dags/helloworld_dag.py
[2025-03-13T17:32:52.671+0000] {processor.py:914} INFO - Processing file /root/airflow/dags/helloworld_dag.py for tasks to queue
[2025-03-13T17:32:52.674+0000] {logging_mixin.py:190} INFO - [2025-03-13T17:32:52.673+0000] {dagbag.py:588} INFO - Filling up the DagBag from /root/airflow/dags/helloworld_dag.py
[2025-03-13T17:32:52.680+0000] {logging_mixin.py:190} INFO - [2025-03-13T17:32:52.677+0000] {dagbag.py:387} ERROR - Failed to import: /root/airflow/dags/helloworld_dag.py
Traceback (most recent call last):
  File "/root/venv/lib/python3.12/site-packages/airflow/models/dagbag.py", line 383, in parse
    loader.exec_module(new_module)
  File "<frozen importlib._bootstrap_external>", line 995, in exec_module
  File "<frozen importlib._bootstrap>", line 488, in _call_with_frames_removed
  File "/root/airflow/dags/helloworld_dag.py", line 3, in <module>
    from airflow.modules.dag import DAG
ModuleNotFoundError: No module named 'airflow.modules'
[2025-03-13T17:32:52.680+0000] {processor.py:927} WARNING - No viable dags retrieved from /root/airflow/dags/helloworld_dag.py
[2025-03-13T17:32:52.706+0000] {processor.py:208} INFO - Processing /root/airflow/dags/helloworld_dag.py took 0.047 seconds
[2025-03-13T17:33:53.928+0000] {processor.py:186} INFO - Started process (PID=1659095) to work on /root/airflow/dags/helloworld_dag.py
[2025-03-13T17:33:53.929+0000] {processor.py:914} INFO - Processing file /root/airflow/dags/helloworld_dag.py for tasks to queue
[2025-03-13T17:33:53.933+0000] {logging_mixin.py:190} INFO - [2025-03-13T17:33:53.933+0000] {dagbag.py:588} INFO - Filling up the DagBag from /root/airflow/dags/helloworld_dag.py
[2025-03-13T17:33:53.947+0000] {processor.py:925} INFO - DAG(s) 'tutorial' retrieved from /root/airflow/dags/helloworld_dag.py
[2025-03-13T17:33:54.106+0000] {logging_mixin.py:190} INFO - [2025-03-13T17:33:54.106+0000] {dag.py:3239} INFO - Sync 1 DAGs
[2025-03-13T17:33:54.133+0000] {logging_mixin.py:190} INFO - [2025-03-13T17:33:54.132+0000] {dag.py:4180} INFO - Setting next_dagrun for tutorial to 2025-03-12 00:00:00+00:00, run_after=2025-03-13 00:00:00+00:00
[2025-03-13T17:33:54.176+0000] {processor.py:208} INFO - Processing /root/airflow/dags/helloworld_dag.py took 0.258 seconds
[2025-03-13T17:34:35.810+0000] {processor.py:186} INFO - Started process (PID=1659143) to work on /root/airflow/dags/helloworld_dag.py
[2025-03-13T17:34:35.812+0000] {processor.py:914} INFO - Processing file /root/airflow/dags/helloworld_dag.py for tasks to queue
[2025-03-13T17:34:35.817+0000] {logging_mixin.py:190} INFO - [2025-03-13T17:34:35.816+0000] {dagbag.py:588} INFO - Filling up the DagBag from /root/airflow/dags/helloworld_dag.py
[2025-03-13T17:34:35.842+0000] {processor.py:925} INFO - DAG(s) 'tutorial' retrieved from /root/airflow/dags/helloworld_dag.py
[2025-03-13T17:34:35.885+0000] {logging_mixin.py:190} INFO - [2025-03-13T17:34:35.885+0000] {dag.py:3239} INFO - Sync 1 DAGs
[2025-03-13T17:34:35.924+0000] {logging_mixin.py:190} INFO - [2025-03-13T17:34:35.924+0000] {dag.py:4180} INFO - Setting next_dagrun for tutorial to 2025-03-12 00:00:00+00:00, run_after=2025-03-13 00:00:00+00:00
[2025-03-13T17:34:35.947+0000] {processor.py:208} INFO - Processing /root/airflow/dags/helloworld_dag.py took 0.146 seconds
[2025-03-13T17:35:36.176+0000] {processor.py:186} INFO - Started process (PID=1659210) to work on /root/airflow/dags/helloworld_dag.py
[2025-03-13T17:35:36.177+0000] {processor.py:914} INFO - Processing file /root/airflow/dags/helloworld_dag.py for tasks to queue
[2025-03-13T17:35:36.180+0000] {logging_mixin.py:190} INFO - [2025-03-13T17:35:36.179+0000] {dagbag.py:588} INFO - Filling up the DagBag from /root/airflow/dags/helloworld_dag.py
[2025-03-13T17:35:36.190+0000] {processor.py:925} INFO - DAG(s) 'tutorial' retrieved from /root/airflow/dags/helloworld_dag.py
[2025-03-13T17:35:36.302+0000] {logging_mixin.py:190} INFO - [2025-03-13T17:35:36.302+0000] {dag.py:3239} INFO - Sync 1 DAGs
[2025-03-13T17:35:36.320+0000] {logging_mixin.py:190} INFO - [2025-03-13T17:35:36.319+0000] {dag.py:4180} INFO - Setting next_dagrun for tutorial to 2025-03-12 00:00:00+00:00, run_after=2025-03-13 00:00:00+00:00
[2025-03-13T17:35:36.343+0000] {processor.py:208} INFO - Processing /root/airflow/dags/helloworld_dag.py took 0.176 seconds
[2025-03-13T17:36:35.893+0000] {processor.py:186} INFO - Started process (PID=1659275) to work on /root/airflow/dags/helloworld_dag.py
[2025-03-13T17:36:35.895+0000] {processor.py:914} INFO - Processing file /root/airflow/dags/helloworld_dag.py for tasks to queue
[2025-03-13T17:36:35.897+0000] {logging_mixin.py:190} INFO - [2025-03-13T17:36:35.897+0000] {dagbag.py:588} INFO - Filling up the DagBag from /root/airflow/dags/helloworld_dag.py
[2025-03-13T17:36:35.908+0000] {processor.py:925} INFO - DAG(s) 'tutorial' retrieved from /root/airflow/dags/helloworld_dag.py
[2025-03-13T17:36:35.926+0000] {logging_mixin.py:190} INFO - [2025-03-13T17:36:35.926+0000] {dag.py:3239} INFO - Sync 1 DAGs
[2025-03-13T17:36:35.951+0000] {logging_mixin.py:190} INFO - [2025-03-13T17:36:35.951+0000] {dag.py:4180} INFO - Setting next_dagrun for tutorial to 2025-03-13 00:00:00+00:00, run_after=2025-03-14 00:00:00+00:00
[2025-03-13T17:36:35.973+0000] {processor.py:208} INFO - Processing /root/airflow/dags/helloworld_dag.py took 0.087 seconds
[2025-03-13T17:37:06.270+0000] {processor.py:186} INFO - Started process (PID=1659307) to work on /root/airflow/dags/helloworld_dag.py
[2025-03-13T17:37:06.272+0000] {processor.py:914} INFO - Processing file /root/airflow/dags/helloworld_dag.py for tasks to queue
[2025-03-13T17:37:06.275+0000] {logging_mixin.py:190} INFO - [2025-03-13T17:37:06.275+0000] {dagbag.py:588} INFO - Filling up the DagBag from /root/airflow/dags/helloworld_dag.py
[2025-03-13T17:37:06.291+0000] {processor.py:925} INFO - DAG(s) 'tutorial' retrieved from /root/airflow/dags/helloworld_dag.py
[2025-03-13T17:37:06.307+0000] {logging_mixin.py:190} INFO - [2025-03-13T17:37:06.306+0000] {dag.py:3239} INFO - Sync 1 DAGs
[2025-03-13T17:37:06.344+0000] {logging_mixin.py:190} INFO - [2025-03-13T17:37:06.343+0000] {dag.py:4180} INFO - Setting next_dagrun for tutorial to 2025-03-13 00:00:00+00:00, run_after=2025-03-14 00:00:00+00:00
[2025-03-13T17:37:06.388+0000] {processor.py:208} INFO - Processing /root/airflow/dags/helloworld_dag.py took 0.128 seconds
[2025-03-13T17:37:37.309+0000] {processor.py:186} INFO - Started process (PID=1659336) to work on /root/airflow/dags/helloworld_dag.py
[2025-03-13T17:37:37.310+0000] {processor.py:914} INFO - Processing file /root/airflow/dags/helloworld_dag.py for tasks to queue
[2025-03-13T17:37:37.313+0000] {logging_mixin.py:190} INFO - [2025-03-13T17:37:37.313+0000] {dagbag.py:588} INFO - Filling up the DagBag from /root/airflow/dags/helloworld_dag.py
[2025-03-13T17:37:37.325+0000] {processor.py:925} INFO - DAG(s) 'tutorial' retrieved from /root/airflow/dags/helloworld_dag.py
[2025-03-13T17:37:37.442+0000] {logging_mixin.py:190} INFO - [2025-03-13T17:37:37.442+0000] {dag.py:3239} INFO - Sync 1 DAGs
[2025-03-13T17:37:37.461+0000] {logging_mixin.py:190} INFO - [2025-03-13T17:37:37.461+0000] {dag.py:4180} INFO - Setting next_dagrun for tutorial to 2025-03-13 00:00:00+00:00, run_after=2025-03-14 00:00:00+00:00
[2025-03-13T17:37:37.487+0000] {processor.py:208} INFO - Processing /root/airflow/dags/helloworld_dag.py took 0.186 seconds
[2025-03-13T17:38:08.072+0000] {processor.py:186} INFO - Started process (PID=1659369) to work on /root/airflow/dags/helloworld_dag.py
[2025-03-13T17:38:08.073+0000] {processor.py:914} INFO - Processing file /root/airflow/dags/helloworld_dag.py for tasks to queue
[2025-03-13T17:38:08.076+0000] {logging_mixin.py:190} INFO - [2025-03-13T17:38:08.076+0000] {dagbag.py:588} INFO - Filling up the DagBag from /root/airflow/dags/helloworld_dag.py
[2025-03-13T17:38:08.089+0000] {processor.py:925} INFO - DAG(s) 'tutorial' retrieved from /root/airflow/dags/helloworld_dag.py
[2025-03-13T17:38:08.111+0000] {logging_mixin.py:190} INFO - [2025-03-13T17:38:08.111+0000] {dag.py:3239} INFO - Sync 1 DAGs
[2025-03-13T17:38:08.139+0000] {logging_mixin.py:190} INFO - [2025-03-13T17:38:08.138+0000] {dag.py:4180} INFO - Setting next_dagrun for tutorial to 2025-03-13 00:00:00+00:00, run_after=2025-03-14 00:00:00+00:00
[2025-03-13T17:38:08.162+0000] {processor.py:208} INFO - Processing /root/airflow/dags/helloworld_dag.py took 0.099 seconds
[2025-03-13T17:38:39.658+0000] {processor.py:186} INFO - Started process (PID=1659399) to work on /root/airflow/dags/helloworld_dag.py
[2025-03-13T17:38:39.660+0000] {processor.py:914} INFO - Processing file /root/airflow/dags/helloworld_dag.py for tasks to queue
[2025-03-13T17:38:39.662+0000] {logging_mixin.py:190} INFO - [2025-03-13T17:38:39.662+0000] {dagbag.py:588} INFO - Filling up the DagBag from /root/airflow/dags/helloworld_dag.py
[2025-03-13T17:38:39.672+0000] {processor.py:925} INFO - DAG(s) 'tutorial' retrieved from /root/airflow/dags/helloworld_dag.py
[2025-03-13T17:38:39.689+0000] {logging_mixin.py:190} INFO - [2025-03-13T17:38:39.689+0000] {dag.py:3239} INFO - Sync 1 DAGs
[2025-03-13T17:38:39.711+0000] {logging_mixin.py:190} INFO - [2025-03-13T17:38:39.711+0000] {dag.py:4180} INFO - Setting next_dagrun for tutorial to 2025-03-13 00:00:00+00:00, run_after=2025-03-14 00:00:00+00:00
[2025-03-13T17:38:39.731+0000] {processor.py:208} INFO - Processing /root/airflow/dags/helloworld_dag.py took 0.080 seconds
[2025-03-13T17:39:10.821+0000] {processor.py:186} INFO - Started process (PID=1659431) to work on /root/airflow/dags/helloworld_dag.py
[2025-03-13T17:39:10.822+0000] {processor.py:914} INFO - Processing file /root/airflow/dags/helloworld_dag.py for tasks to queue
[2025-03-13T17:39:10.825+0000] {logging_mixin.py:190} INFO - [2025-03-13T17:39:10.825+0000] {dagbag.py:588} INFO - Filling up the DagBag from /root/airflow/dags/helloworld_dag.py
[2025-03-13T17:39:10.836+0000] {processor.py:925} INFO - DAG(s) 'tutorial' retrieved from /root/airflow/dags/helloworld_dag.py
[2025-03-13T17:39:10.849+0000] {logging_mixin.py:190} INFO - [2025-03-13T17:39:10.849+0000] {dag.py:3239} INFO - Sync 1 DAGs
[2025-03-13T17:39:10.878+0000] {logging_mixin.py:190} INFO - [2025-03-13T17:39:10.877+0000] {dag.py:4180} INFO - Setting next_dagrun for tutorial to 2025-03-13 00:00:00+00:00, run_after=2025-03-14 00:00:00+00:00
[2025-03-13T17:39:10.911+0000] {processor.py:208} INFO - Processing /root/airflow/dags/helloworld_dag.py took 0.098 seconds
[2025-03-13T17:39:41.705+0000] {processor.py:186} INFO - Started process (PID=1659461) to work on /root/airflow/dags/helloworld_dag.py
[2025-03-13T17:39:41.707+0000] {processor.py:914} INFO - Processing file /root/airflow/dags/helloworld_dag.py for tasks to queue
[2025-03-13T17:39:41.709+0000] {logging_mixin.py:190} INFO - [2025-03-13T17:39:41.709+0000] {dagbag.py:588} INFO - Filling up the DagBag from /root/airflow/dags/helloworld_dag.py
[2025-03-13T17:39:41.719+0000] {processor.py:925} INFO - DAG(s) 'tutorial' retrieved from /root/airflow/dags/helloworld_dag.py
[2025-03-13T17:39:41.830+0000] {logging_mixin.py:190} INFO - [2025-03-13T17:39:41.830+0000] {dag.py:3239} INFO - Sync 1 DAGs
[2025-03-13T17:39:41.852+0000] {logging_mixin.py:190} INFO - [2025-03-13T17:39:41.851+0000] {dag.py:4180} INFO - Setting next_dagrun for tutorial to 2025-03-13 00:00:00+00:00, run_after=2025-03-14 00:00:00+00:00
[2025-03-13T17:39:42.015+0000] {processor.py:208} INFO - Processing /root/airflow/dags/helloworld_dag.py took 0.317 seconds
[2025-03-13T17:40:39.571+0000] {processor.py:186} INFO - Started process (PID=1659527) to work on /root/airflow/dags/helloworld_dag.py
[2025-03-13T17:40:39.573+0000] {processor.py:914} INFO - Processing file /root/airflow/dags/helloworld_dag.py for tasks to queue
[2025-03-13T17:40:39.575+0000] {logging_mixin.py:190} INFO - [2025-03-13T17:40:39.575+0000] {dagbag.py:588} INFO - Filling up the DagBag from /root/airflow/dags/helloworld_dag.py
[2025-03-13T17:40:39.586+0000] {processor.py:925} INFO - DAG(s) 'tutorial' retrieved from /root/airflow/dags/helloworld_dag.py
[2025-03-13T17:40:39.606+0000] {logging_mixin.py:190} INFO - [2025-03-13T17:40:39.606+0000] {dag.py:3239} INFO - Sync 1 DAGs
[2025-03-13T17:40:39.632+0000] {logging_mixin.py:190} INFO - [2025-03-13T17:40:39.632+0000] {dag.py:4180} INFO - Setting next_dagrun for tutorial to 2025-03-13 00:00:00+00:00, run_after=2025-03-14 00:00:00+00:00
[2025-03-13T17:40:39.656+0000] {processor.py:208} INFO - Processing /root/airflow/dags/helloworld_dag.py took 0.093 seconds
[2025-03-13T17:41:43.312+0000] {processor.py:186} INFO - Started process (PID=1659593) to work on /root/airflow/dags/helloworld_dag.py
[2025-03-13T17:41:43.313+0000] {processor.py:914} INFO - Processing file /root/airflow/dags/helloworld_dag.py for tasks to queue
[2025-03-13T17:41:43.316+0000] {logging_mixin.py:190} INFO - [2025-03-13T17:41:43.315+0000] {dagbag.py:588} INFO - Filling up the DagBag from /root/airflow/dags/helloworld_dag.py
[2025-03-13T17:41:43.326+0000] {processor.py:925} INFO - DAG(s) 'tutorial' retrieved from /root/airflow/dags/helloworld_dag.py
[2025-03-13T17:41:43.590+0000] {logging_mixin.py:190} INFO - [2025-03-13T17:41:43.590+0000] {dag.py:3239} INFO - Sync 1 DAGs
[2025-03-13T17:41:43.608+0000] {logging_mixin.py:190} INFO - [2025-03-13T17:41:43.608+0000] {dag.py:4180} INFO - Setting next_dagrun for tutorial to 2025-03-13 00:00:00+00:00, run_after=2025-03-14 00:00:00+00:00
[2025-03-13T17:41:43.630+0000] {processor.py:208} INFO - Processing /root/airflow/dags/helloworld_dag.py took 0.326 seconds
[2025-03-13T17:42:18.122+0000] {processor.py:186} INFO - Started process (PID=1659628) to work on /root/airflow/dags/helloworld_dag.py
[2025-03-13T17:42:18.123+0000] {processor.py:914} INFO - Processing file /root/airflow/dags/helloworld_dag.py for tasks to queue
[2025-03-13T17:42:18.127+0000] {logging_mixin.py:190} INFO - [2025-03-13T17:42:18.126+0000] {dagbag.py:588} INFO - Filling up the DagBag from /root/airflow/dags/helloworld_dag.py
[2025-03-13T17:42:18.142+0000] {processor.py:925} INFO - DAG(s) 'tutorial' retrieved from /root/airflow/dags/helloworld_dag.py
[2025-03-13T17:42:18.171+0000] {logging_mixin.py:190} INFO - [2025-03-13T17:42:18.170+0000] {dag.py:3239} INFO - Sync 1 DAGs
[2025-03-13T17:42:18.206+0000] {logging_mixin.py:190} INFO - [2025-03-13T17:42:18.206+0000] {dag.py:4180} INFO - Setting next_dagrun for tutorial to 2025-03-13 00:00:00+00:00, run_after=2025-03-14 00:00:00+00:00
[2025-03-13T17:42:18.238+0000] {processor.py:208} INFO - Processing /root/airflow/dags/helloworld_dag.py took 0.128 seconds
[2025-03-13T17:42:50.022+0000] {processor.py:186} INFO - Started process (PID=1659662) to work on /root/airflow/dags/helloworld_dag.py
[2025-03-13T17:42:50.023+0000] {processor.py:914} INFO - Processing file /root/airflow/dags/helloworld_dag.py for tasks to queue
[2025-03-13T17:42:50.026+0000] {logging_mixin.py:190} INFO - [2025-03-13T17:42:50.026+0000] {dagbag.py:588} INFO - Filling up the DagBag from /root/airflow/dags/helloworld_dag.py
[2025-03-13T17:42:50.038+0000] {processor.py:925} INFO - DAG(s) 'tutorial' retrieved from /root/airflow/dags/helloworld_dag.py
[2025-03-13T17:42:50.057+0000] {logging_mixin.py:190} INFO - [2025-03-13T17:42:50.057+0000] {dag.py:3239} INFO - Sync 1 DAGs
[2025-03-13T17:42:50.081+0000] {logging_mixin.py:190} INFO - [2025-03-13T17:42:50.081+0000] {dag.py:4180} INFO - Setting next_dagrun for tutorial to 2025-03-13 00:00:00+00:00, run_after=2025-03-14 00:00:00+00:00
[2025-03-13T17:42:50.105+0000] {processor.py:208} INFO - Processing /root/airflow/dags/helloworld_dag.py took 0.091 seconds
[2025-03-13T17:43:48.895+0000] {processor.py:186} INFO - Started process (PID=1659722) to work on /root/airflow/dags/helloworld_dag.py
[2025-03-13T17:43:48.897+0000] {processor.py:914} INFO - Processing file /root/airflow/dags/helloworld_dag.py for tasks to queue
[2025-03-13T17:43:48.901+0000] {logging_mixin.py:190} INFO - [2025-03-13T17:43:48.900+0000] {dagbag.py:588} INFO - Filling up the DagBag from /root/airflow/dags/helloworld_dag.py
[2025-03-13T17:43:48.915+0000] {processor.py:925} INFO - DAG(s) 'tutorial' retrieved from /root/airflow/dags/helloworld_dag.py
[2025-03-13T17:43:49.055+0000] {logging_mixin.py:190} INFO - [2025-03-13T17:43:49.055+0000] {dag.py:3239} INFO - Sync 1 DAGs
[2025-03-13T17:43:49.077+0000] {logging_mixin.py:190} INFO - [2025-03-13T17:43:49.076+0000] {dag.py:4180} INFO - Setting next_dagrun for tutorial to 2025-03-13 00:00:00+00:00, run_after=2025-03-14 00:00:00+00:00
[2025-03-13T17:43:49.106+0000] {processor.py:208} INFO - Processing /root/airflow/dags/helloworld_dag.py took 0.222 seconds
[2025-03-13T17:44:19.573+0000] {processor.py:186} INFO - Started process (PID=1659768) to work on /root/airflow/dags/helloworld_dag.py
[2025-03-13T17:44:19.575+0000] {processor.py:914} INFO - Processing file /root/airflow/dags/helloworld_dag.py for tasks to queue
[2025-03-13T17:44:19.578+0000] {logging_mixin.py:190} INFO - [2025-03-13T17:44:19.578+0000] {dagbag.py:588} INFO - Filling up the DagBag from /root/airflow/dags/helloworld_dag.py
[2025-03-13T17:44:19.590+0000] {processor.py:925} INFO - DAG(s) 'tutorial' retrieved from /root/airflow/dags/helloworld_dag.py
[2025-03-13T17:44:19.611+0000] {logging_mixin.py:190} INFO - [2025-03-13T17:44:19.610+0000] {dag.py:3239} INFO - Sync 1 DAGs
[2025-03-13T17:44:19.640+0000] {logging_mixin.py:190} INFO - [2025-03-13T17:44:19.640+0000] {dag.py:4180} INFO - Setting next_dagrun for tutorial to 2025-03-13 00:00:00+00:00, run_after=2025-03-14 00:00:00+00:00
[2025-03-13T17:44:19.671+0000] {processor.py:208} INFO - Processing /root/airflow/dags/helloworld_dag.py took 0.107 seconds
[2025-03-13T17:44:51.464+0000] {processor.py:186} INFO - Started process (PID=1659802) to work on /root/airflow/dags/helloworld_dag.py
[2025-03-13T17:44:51.466+0000] {processor.py:914} INFO - Processing file /root/airflow/dags/helloworld_dag.py for tasks to queue
[2025-03-13T17:44:51.471+0000] {logging_mixin.py:190} INFO - [2025-03-13T17:44:51.470+0000] {dagbag.py:588} INFO - Filling up the DagBag from /root/airflow/dags/helloworld_dag.py
[2025-03-13T17:44:51.486+0000] {processor.py:925} INFO - DAG(s) 'tutorial' retrieved from /root/airflow/dags/helloworld_dag.py
[2025-03-13T17:44:51.513+0000] {logging_mixin.py:190} INFO - [2025-03-13T17:44:51.513+0000] {dag.py:3239} INFO - Sync 1 DAGs
[2025-03-13T17:44:51.547+0000] {logging_mixin.py:190} INFO - [2025-03-13T17:44:51.547+0000] {dag.py:4180} INFO - Setting next_dagrun for tutorial to 2025-03-13 00:00:00+00:00, run_after=2025-03-14 00:00:00+00:00
[2025-03-13T17:44:51.581+0000] {processor.py:208} INFO - Processing /root/airflow/dags/helloworld_dag.py took 0.127 seconds
[2025-03-13T17:45:23.838+0000] {processor.py:186} INFO - Started process (PID=1659837) to work on /root/airflow/dags/helloworld_dag.py
[2025-03-13T17:45:23.839+0000] {processor.py:914} INFO - Processing file /root/airflow/dags/helloworld_dag.py for tasks to queue
[2025-03-13T17:45:23.842+0000] {logging_mixin.py:190} INFO - [2025-03-13T17:45:23.841+0000] {dagbag.py:588} INFO - Filling up the DagBag from /root/airflow/dags/helloworld_dag.py
[2025-03-13T17:45:23.852+0000] {processor.py:925} INFO - DAG(s) 'tutorial' retrieved from /root/airflow/dags/helloworld_dag.py
[2025-03-13T17:45:23.864+0000] {logging_mixin.py:190} INFO - [2025-03-13T17:45:23.863+0000] {dag.py:3239} INFO - Sync 1 DAGs
[2025-03-13T17:45:23.890+0000] {logging_mixin.py:190} INFO - [2025-03-13T17:45:23.890+0000] {dag.py:4180} INFO - Setting next_dagrun for tutorial to 2025-03-13 00:00:00+00:00, run_after=2025-03-14 00:00:00+00:00
[2025-03-13T17:45:23.917+0000] {processor.py:208} INFO - Processing /root/airflow/dags/helloworld_dag.py took 0.088 seconds
[2025-03-13T17:45:56.455+0000] {processor.py:186} INFO - Started process (PID=1659868) to work on /root/airflow/dags/helloworld_dag.py
[2025-03-13T17:45:56.456+0000] {processor.py:914} INFO - Processing file /root/airflow/dags/helloworld_dag.py for tasks to queue
[2025-03-13T17:45:56.459+0000] {logging_mixin.py:190} INFO - [2025-03-13T17:45:56.459+0000] {dagbag.py:588} INFO - Filling up the DagBag from /root/airflow/dags/helloworld_dag.py
[2025-03-13T17:45:56.471+0000] {processor.py:925} INFO - DAG(s) 'tutorial' retrieved from /root/airflow/dags/helloworld_dag.py
[2025-03-13T17:45:56.603+0000] {logging_mixin.py:190} INFO - [2025-03-13T17:45:56.603+0000] {dag.py:3239} INFO - Sync 1 DAGs
[2025-03-13T17:45:56.625+0000] {logging_mixin.py:190} INFO - [2025-03-13T17:45:56.624+0000] {dag.py:4180} INFO - Setting next_dagrun for tutorial to 2025-03-13 00:00:00+00:00, run_after=2025-03-14 00:00:00+00:00
[2025-03-13T17:45:56.673+0000] {processor.py:208} INFO - Processing /root/airflow/dags/helloworld_dag.py took 0.228 seconds
[2025-03-13T17:46:29.930+0000] {processor.py:186} INFO - Started process (PID=1659902) to work on /root/airflow/dags/helloworld_dag.py
[2025-03-13T17:46:29.931+0000] {processor.py:914} INFO - Processing file /root/airflow/dags/helloworld_dag.py for tasks to queue
[2025-03-13T17:46:29.936+0000] {logging_mixin.py:190} INFO - [2025-03-13T17:46:29.934+0000] {dagbag.py:588} INFO - Filling up the DagBag from /root/airflow/dags/helloworld_dag.py
[2025-03-13T17:46:29.950+0000] {processor.py:925} INFO - DAG(s) 'tutorial' retrieved from /root/airflow/dags/helloworld_dag.py
[2025-03-13T17:46:29.979+0000] {logging_mixin.py:190} INFO - [2025-03-13T17:46:29.979+0000] {dag.py:3239} INFO - Sync 1 DAGs
[2025-03-13T17:46:30.017+0000] {logging_mixin.py:190} INFO - [2025-03-13T17:46:30.016+0000] {dag.py:4180} INFO - Setting next_dagrun for tutorial to 2025-03-13 00:00:00+00:00, run_after=2025-03-14 00:00:00+00:00
[2025-03-13T17:46:30.055+0000] {processor.py:208} INFO - Processing /root/airflow/dags/helloworld_dag.py took 0.136 seconds
[2025-03-13T17:47:00.798+0000] {processor.py:186} INFO - Started process (PID=1659933) to work on /root/airflow/dags/helloworld_dag.py
[2025-03-13T17:47:00.800+0000] {processor.py:914} INFO - Processing file /root/airflow/dags/helloworld_dag.py for tasks to queue
[2025-03-13T17:47:00.803+0000] {logging_mixin.py:190} INFO - [2025-03-13T17:47:00.803+0000] {dagbag.py:588} INFO - Filling up the DagBag from /root/airflow/dags/helloworld_dag.py
[2025-03-13T17:47:00.815+0000] {processor.py:925} INFO - DAG(s) 'tutorial' retrieved from /root/airflow/dags/helloworld_dag.py
[2025-03-13T17:47:00.840+0000] {logging_mixin.py:190} INFO - [2025-03-13T17:47:00.840+0000] {dag.py:3239} INFO - Sync 1 DAGs
[2025-03-13T17:47:00.872+0000] {logging_mixin.py:190} INFO - [2025-03-13T17:47:00.872+0000] {dag.py:4180} INFO - Setting next_dagrun for tutorial to 2025-03-13 00:00:00+00:00, run_after=2025-03-14 00:00:00+00:00
[2025-03-13T17:47:00.903+0000] {processor.py:208} INFO - Processing /root/airflow/dags/helloworld_dag.py took 0.114 seconds
[2025-03-13T17:47:58.585+0000] {processor.py:186} INFO - Started process (PID=1659999) to work on /root/airflow/dags/helloworld_dag.py
[2025-03-13T17:47:58.587+0000] {processor.py:914} INFO - Processing file /root/airflow/dags/helloworld_dag.py for tasks to queue
[2025-03-13T17:47:58.592+0000] {logging_mixin.py:190} INFO - [2025-03-13T17:47:58.591+0000] {dagbag.py:588} INFO - Filling up the DagBag from /root/airflow/dags/helloworld_dag.py
[2025-03-13T17:47:58.607+0000] {processor.py:925} INFO - DAG(s) 'tutorial' retrieved from /root/airflow/dags/helloworld_dag.py
[2025-03-13T17:47:58.777+0000] {logging_mixin.py:190} INFO - [2025-03-13T17:47:58.777+0000] {dag.py:3239} INFO - Sync 1 DAGs
[2025-03-13T17:47:58.809+0000] {logging_mixin.py:190} INFO - [2025-03-13T17:47:58.809+0000] {dag.py:4180} INFO - Setting next_dagrun for tutorial to 2025-03-13 00:00:00+00:00, run_after=2025-03-14 00:00:00+00:00
[2025-03-13T17:47:58.839+0000] {processor.py:208} INFO - Processing /root/airflow/dags/helloworld_dag.py took 0.264 seconds
[2025-03-13T17:48:29.632+0000] {processor.py:186} INFO - Started process (PID=1660028) to work on /root/airflow/dags/helloworld_dag.py
[2025-03-13T17:48:29.633+0000] {processor.py:914} INFO - Processing file /root/airflow/dags/helloworld_dag.py for tasks to queue
[2025-03-13T17:48:29.636+0000] {logging_mixin.py:190} INFO - [2025-03-13T17:48:29.635+0000] {dagbag.py:588} INFO - Filling up the DagBag from /root/airflow/dags/helloworld_dag.py
[2025-03-13T17:48:29.646+0000] {processor.py:925} INFO - DAG(s) 'tutorial' retrieved from /root/airflow/dags/helloworld_dag.py
[2025-03-13T17:48:29.667+0000] {logging_mixin.py:190} INFO - [2025-03-13T17:48:29.666+0000] {dag.py:3239} INFO - Sync 1 DAGs
[2025-03-13T17:48:29.694+0000] {logging_mixin.py:190} INFO - [2025-03-13T17:48:29.694+0000] {dag.py:4180} INFO - Setting next_dagrun for tutorial to 2025-03-13 00:00:00+00:00, run_after=2025-03-14 00:00:00+00:00
[2025-03-13T17:48:29.725+0000] {processor.py:208} INFO - Processing /root/airflow/dags/helloworld_dag.py took 0.100 seconds
[2025-03-13T17:49:01.275+0000] {processor.py:186} INFO - Started process (PID=1660060) to work on /root/airflow/dags/helloworld_dag.py
[2025-03-13T17:49:01.279+0000] {processor.py:914} INFO - Processing file /root/airflow/dags/helloworld_dag.py for tasks to queue
[2025-03-13T17:49:01.284+0000] {logging_mixin.py:190} INFO - [2025-03-13T17:49:01.283+0000] {dagbag.py:588} INFO - Filling up the DagBag from /root/airflow/dags/helloworld_dag.py
[2025-03-13T17:49:01.300+0000] {processor.py:925} INFO - DAG(s) 'tutorial' retrieved from /root/airflow/dags/helloworld_dag.py
[2025-03-13T17:49:01.327+0000] {logging_mixin.py:190} INFO - [2025-03-13T17:49:01.327+0000] {dag.py:3239} INFO - Sync 1 DAGs
[2025-03-13T17:49:01.358+0000] {logging_mixin.py:190} INFO - [2025-03-13T17:49:01.358+0000] {dag.py:4180} INFO - Setting next_dagrun for tutorial to 2025-03-13 00:00:00+00:00, run_after=2025-03-14 00:00:00+00:00
[2025-03-13T17:49:01.420+0000] {processor.py:208} INFO - Processing /root/airflow/dags/helloworld_dag.py took 0.154 seconds
[2025-03-13T17:49:32.441+0000] {processor.py:186} INFO - Started process (PID=1660093) to work on /root/airflow/dags/helloworld_dag.py
[2025-03-13T17:49:32.442+0000] {processor.py:914} INFO - Processing file /root/airflow/dags/helloworld_dag.py for tasks to queue
[2025-03-13T17:49:32.445+0000] {logging_mixin.py:190} INFO - [2025-03-13T17:49:32.444+0000] {dagbag.py:588} INFO - Filling up the DagBag from /root/airflow/dags/helloworld_dag.py
[2025-03-13T17:49:32.455+0000] {processor.py:925} INFO - DAG(s) 'tutorial' retrieved from /root/airflow/dags/helloworld_dag.py
[2025-03-13T17:49:32.466+0000] {logging_mixin.py:190} INFO - [2025-03-13T17:49:32.466+0000] {dag.py:3239} INFO - Sync 1 DAGs
[2025-03-13T17:49:32.492+0000] {logging_mixin.py:190} INFO - [2025-03-13T17:49:32.491+0000] {dag.py:4180} INFO - Setting next_dagrun for tutorial to 2025-03-13 00:00:00+00:00, run_after=2025-03-14 00:00:00+00:00
[2025-03-13T17:49:32.515+0000] {processor.py:208} INFO - Processing /root/airflow/dags/helloworld_dag.py took 0.081 seconds
[2025-03-13T17:50:03.309+0000] {processor.py:186} INFO - Started process (PID=1660122) to work on /root/airflow/dags/helloworld_dag.py
[2025-03-13T17:50:03.311+0000] {processor.py:914} INFO - Processing file /root/airflow/dags/helloworld_dag.py for tasks to queue
[2025-03-13T17:50:03.314+0000] {logging_mixin.py:190} INFO - [2025-03-13T17:50:03.314+0000] {dagbag.py:588} INFO - Filling up the DagBag from /root/airflow/dags/helloworld_dag.py
[2025-03-13T17:50:03.325+0000] {processor.py:925} INFO - DAG(s) 'tutorial' retrieved from /root/airflow/dags/helloworld_dag.py
[2025-03-13T17:50:03.456+0000] {logging_mixin.py:190} INFO - [2025-03-13T17:50:03.456+0000] {dag.py:3239} INFO - Sync 1 DAGs
[2025-03-13T17:50:03.480+0000] {logging_mixin.py:190} INFO - [2025-03-13T17:50:03.479+0000] {dag.py:4180} INFO - Setting next_dagrun for tutorial to 2025-03-13 00:00:00+00:00, run_after=2025-03-14 00:00:00+00:00
[2025-03-13T17:50:03.505+0000] {processor.py:208} INFO - Processing /root/airflow/dags/helloworld_dag.py took 0.203 seconds
[2025-03-13T17:50:35.539+0000] {processor.py:186} INFO - Started process (PID=1660162) to work on /root/airflow/dags/helloworld_dag.py
[2025-03-13T17:50:35.540+0000] {processor.py:914} INFO - Processing file /root/airflow/dags/helloworld_dag.py for tasks to queue
[2025-03-13T17:50:35.543+0000] {logging_mixin.py:190} INFO - [2025-03-13T17:50:35.543+0000] {dagbag.py:588} INFO - Filling up the DagBag from /root/airflow/dags/helloworld_dag.py
[2025-03-13T17:50:35.555+0000] {processor.py:925} INFO - DAG(s) 'tutorial' retrieved from /root/airflow/dags/helloworld_dag.py
[2025-03-13T17:50:35.577+0000] {logging_mixin.py:190} INFO - [2025-03-13T17:50:35.577+0000] {dag.py:3239} INFO - Sync 1 DAGs
[2025-03-13T17:50:35.611+0000] {logging_mixin.py:190} INFO - [2025-03-13T17:50:35.610+0000] {dag.py:4180} INFO - Setting next_dagrun for tutorial to 2025-03-13 00:00:00+00:00, run_after=2025-03-14 00:00:00+00:00
[2025-03-13T17:50:35.644+0000] {processor.py:208} INFO - Processing /root/airflow/dags/helloworld_dag.py took 0.114 seconds
[2025-03-13T17:51:06.888+0000] {processor.py:186} INFO - Started process (PID=1660192) to work on /root/airflow/dags/helloworld_dag.py
[2025-03-13T17:51:06.890+0000] {processor.py:914} INFO - Processing file /root/airflow/dags/helloworld_dag.py for tasks to queue
[2025-03-13T17:51:06.893+0000] {logging_mixin.py:190} INFO - [2025-03-13T17:51:06.892+0000] {dagbag.py:588} INFO - Filling up the DagBag from /root/airflow/dags/helloworld_dag.py
[2025-03-13T17:51:06.904+0000] {processor.py:925} INFO - DAG(s) 'tutorial' retrieved from /root/airflow/dags/helloworld_dag.py
[2025-03-13T17:51:06.924+0000] {logging_mixin.py:190} INFO - [2025-03-13T17:51:06.924+0000] {dag.py:3239} INFO - Sync 1 DAGs
[2025-03-13T17:51:06.950+0000] {logging_mixin.py:190} INFO - [2025-03-13T17:51:06.950+0000] {dag.py:4180} INFO - Setting next_dagrun for tutorial to 2025-03-13 00:00:00+00:00, run_after=2025-03-14 00:00:00+00:00
[2025-03-13T17:51:06.974+0000] {processor.py:208} INFO - Processing /root/airflow/dags/helloworld_dag.py took 0.094 seconds
[2025-03-13T17:51:38.227+0000] {processor.py:186} INFO - Started process (PID=1660222) to work on /root/airflow/dags/helloworld_dag.py
[2025-03-13T17:51:38.229+0000] {processor.py:914} INFO - Processing file /root/airflow/dags/helloworld_dag.py for tasks to queue
[2025-03-13T17:51:38.232+0000] {logging_mixin.py:190} INFO - [2025-03-13T17:51:38.231+0000] {dagbag.py:588} INFO - Filling up the DagBag from /root/airflow/dags/helloworld_dag.py
[2025-03-13T17:51:38.242+0000] {processor.py:925} INFO - DAG(s) 'tutorial' retrieved from /root/airflow/dags/helloworld_dag.py
[2025-03-13T17:51:38.255+0000] {logging_mixin.py:190} INFO - [2025-03-13T17:51:38.254+0000] {dag.py:3239} INFO - Sync 1 DAGs
[2025-03-13T17:51:38.280+0000] {logging_mixin.py:190} INFO - [2025-03-13T17:51:38.280+0000] {dag.py:4180} INFO - Setting next_dagrun for tutorial to 2025-03-13 00:00:00+00:00, run_after=2025-03-14 00:00:00+00:00
[2025-03-13T17:51:38.303+0000] {processor.py:208} INFO - Processing /root/airflow/dags/helloworld_dag.py took 0.084 seconds
[2025-03-13T17:52:10.081+0000] {processor.py:186} INFO - Started process (PID=1660254) to work on /root/airflow/dags/helloworld_dag.py
[2025-03-13T17:52:10.083+0000] {processor.py:914} INFO - Processing file /root/airflow/dags/helloworld_dag.py for tasks to queue
[2025-03-13T17:52:10.087+0000] {logging_mixin.py:190} INFO - [2025-03-13T17:52:10.086+0000] {dagbag.py:588} INFO - Filling up the DagBag from /root/airflow/dags/helloworld_dag.py
[2025-03-13T17:52:10.100+0000] {processor.py:925} INFO - DAG(s) 'tutorial' retrieved from /root/airflow/dags/helloworld_dag.py
[2025-03-13T17:52:10.232+0000] {logging_mixin.py:190} INFO - [2025-03-13T17:52:10.231+0000] {dag.py:3239} INFO - Sync 1 DAGs
[2025-03-13T17:52:10.255+0000] {logging_mixin.py:190} INFO - [2025-03-13T17:52:10.254+0000] {dag.py:4180} INFO - Setting next_dagrun for tutorial to 2025-03-13 00:00:00+00:00, run_after=2025-03-14 00:00:00+00:00
[2025-03-13T17:52:10.283+0000] {processor.py:208} INFO - Processing /root/airflow/dags/helloworld_dag.py took 0.210 seconds
[2025-03-13T17:52:42.189+0000] {processor.py:186} INFO - Started process (PID=1660287) to work on /root/airflow/dags/helloworld_dag.py
[2025-03-13T17:52:42.190+0000] {processor.py:914} INFO - Processing file /root/airflow/dags/helloworld_dag.py for tasks to queue
[2025-03-13T17:52:42.194+0000] {logging_mixin.py:190} INFO - [2025-03-13T17:52:42.193+0000] {dagbag.py:588} INFO - Filling up the DagBag from /root/airflow/dags/helloworld_dag.py
[2025-03-13T17:52:42.204+0000] {processor.py:925} INFO - DAG(s) 'tutorial' retrieved from /root/airflow/dags/helloworld_dag.py
[2025-03-13T17:52:42.223+0000] {logging_mixin.py:190} INFO - [2025-03-13T17:52:42.223+0000] {dag.py:3239} INFO - Sync 1 DAGs
[2025-03-13T17:52:42.248+0000] {logging_mixin.py:190} INFO - [2025-03-13T17:52:42.248+0000] {dag.py:4180} INFO - Setting next_dagrun for tutorial to 2025-03-13 00:00:00+00:00, run_after=2025-03-14 00:00:00+00:00
[2025-03-13T17:52:42.274+0000] {processor.py:208} INFO - Processing /root/airflow/dags/helloworld_dag.py took 0.092 seconds
[2025-03-13T17:53:13.867+0000] {processor.py:186} INFO - Started process (PID=1660317) to work on /root/airflow/dags/helloworld_dag.py
[2025-03-13T17:53:13.869+0000] {processor.py:914} INFO - Processing file /root/airflow/dags/helloworld_dag.py for tasks to queue
[2025-03-13T17:53:13.872+0000] {logging_mixin.py:190} INFO - [2025-03-13T17:53:13.872+0000] {dagbag.py:588} INFO - Filling up the DagBag from /root/airflow/dags/helloworld_dag.py
[2025-03-13T17:53:13.885+0000] {processor.py:925} INFO - DAG(s) 'tutorial' retrieved from /root/airflow/dags/helloworld_dag.py
[2025-03-13T17:53:13.906+0000] {logging_mixin.py:190} INFO - [2025-03-13T17:53:13.905+0000] {dag.py:3239} INFO - Sync 1 DAGs
[2025-03-13T17:53:13.936+0000] {logging_mixin.py:190} INFO - [2025-03-13T17:53:13.936+0000] {dag.py:4180} INFO - Setting next_dagrun for tutorial to 2025-03-13 00:00:00+00:00, run_after=2025-03-14 00:00:00+00:00
[2025-03-13T17:53:13.961+0000] {processor.py:208} INFO - Processing /root/airflow/dags/helloworld_dag.py took 0.104 seconds
[2025-03-13T17:53:45.183+0000] {processor.py:186} INFO - Started process (PID=1660351) to work on /root/airflow/dags/helloworld_dag.py
[2025-03-13T17:53:45.185+0000] {processor.py:914} INFO - Processing file /root/airflow/dags/helloworld_dag.py for tasks to queue
[2025-03-13T17:53:45.189+0000] {logging_mixin.py:190} INFO - [2025-03-13T17:53:45.188+0000] {dagbag.py:588} INFO - Filling up the DagBag from /root/airflow/dags/helloworld_dag.py
[2025-03-13T17:53:45.204+0000] {processor.py:925} INFO - DAG(s) 'tutorial' retrieved from /root/airflow/dags/helloworld_dag.py
[2025-03-13T17:53:45.219+0000] {logging_mixin.py:190} INFO - [2025-03-13T17:53:45.218+0000] {dag.py:3239} INFO - Sync 1 DAGs
[2025-03-13T17:53:45.255+0000] {logging_mixin.py:190} INFO - [2025-03-13T17:53:45.255+0000] {dag.py:4180} INFO - Setting next_dagrun for tutorial to 2025-03-13 00:00:00+00:00, run_after=2025-03-14 00:00:00+00:00
[2025-03-13T17:53:45.286+0000] {processor.py:208} INFO - Processing /root/airflow/dags/helloworld_dag.py took 0.113 seconds
[2025-03-13T17:54:15.441+0000] {processor.py:186} INFO - Started process (PID=1660380) to work on /root/airflow/dags/helloworld_dag.py
[2025-03-13T17:54:15.443+0000] {processor.py:914} INFO - Processing file /root/airflow/dags/helloworld_dag.py for tasks to queue
[2025-03-13T17:54:15.447+0000] {logging_mixin.py:190} INFO - [2025-03-13T17:54:15.446+0000] {dagbag.py:588} INFO - Filling up the DagBag from /root/airflow/dags/helloworld_dag.py
[2025-03-13T17:54:15.461+0000] {processor.py:925} INFO - DAG(s) 'tutorial' retrieved from /root/airflow/dags/helloworld_dag.py
[2025-03-13T17:54:15.581+0000] {logging_mixin.py:190} INFO - [2025-03-13T17:54:15.580+0000] {dag.py:3239} INFO - Sync 1 DAGs
[2025-03-13T17:54:15.603+0000] {logging_mixin.py:190} INFO - [2025-03-13T17:54:15.602+0000] {dag.py:4180} INFO - Setting next_dagrun for tutorial to 2025-03-13 00:00:00+00:00, run_after=2025-03-14 00:00:00+00:00
[2025-03-13T17:54:15.627+0000] {processor.py:208} INFO - Processing /root/airflow/dags/helloworld_dag.py took 0.195 seconds
[2025-03-13T17:54:47.416+0000] {processor.py:186} INFO - Started process (PID=1660412) to work on /root/airflow/dags/helloworld_dag.py
[2025-03-13T17:54:47.417+0000] {processor.py:914} INFO - Processing file /root/airflow/dags/helloworld_dag.py for tasks to queue
[2025-03-13T17:54:47.420+0000] {logging_mixin.py:190} INFO - [2025-03-13T17:54:47.419+0000] {dagbag.py:588} INFO - Filling up the DagBag from /root/airflow/dags/helloworld_dag.py
[2025-03-13T17:54:47.432+0000] {processor.py:925} INFO - DAG(s) 'tutorial' retrieved from /root/airflow/dags/helloworld_dag.py
[2025-03-13T17:54:47.451+0000] {logging_mixin.py:190} INFO - [2025-03-13T17:54:47.451+0000] {dag.py:3239} INFO - Sync 1 DAGs
[2025-03-13T17:54:47.474+0000] {logging_mixin.py:190} INFO - [2025-03-13T17:54:47.474+0000] {dag.py:4180} INFO - Setting next_dagrun for tutorial to 2025-03-13 00:00:00+00:00, run_after=2025-03-14 00:00:00+00:00
[2025-03-13T17:54:47.493+0000] {processor.py:208} INFO - Processing /root/airflow/dags/helloworld_dag.py took 0.086 seconds
[2025-03-13T17:55:19.061+0000] {processor.py:186} INFO - Started process (PID=1660449) to work on /root/airflow/dags/helloworld_dag.py
[2025-03-13T17:55:19.063+0000] {processor.py:914} INFO - Processing file /root/airflow/dags/helloworld_dag.py for tasks to queue
[2025-03-13T17:55:19.066+0000] {logging_mixin.py:190} INFO - [2025-03-13T17:55:19.065+0000] {dagbag.py:588} INFO - Filling up the DagBag from /root/airflow/dags/helloworld_dag.py
[2025-03-13T17:55:19.078+0000] {processor.py:925} INFO - DAG(s) 'tutorial' retrieved from /root/airflow/dags/helloworld_dag.py
[2025-03-13T17:55:19.101+0000] {logging_mixin.py:190} INFO - [2025-03-13T17:55:19.100+0000] {dag.py:3239} INFO - Sync 1 DAGs
[2025-03-13T17:55:19.128+0000] {logging_mixin.py:190} INFO - [2025-03-13T17:55:19.127+0000] {dag.py:4180} INFO - Setting next_dagrun for tutorial to 2025-03-13 00:00:00+00:00, run_after=2025-03-14 00:00:00+00:00
[2025-03-13T17:55:19.157+0000] {processor.py:208} INFO - Processing /root/airflow/dags/helloworld_dag.py took 0.104 seconds
[2025-03-13T17:55:31.083+0000] {processor.py:186} INFO - Started process (PID=1660470) to work on /root/airflow/dags/helloworld_dag.py
[2025-03-13T17:55:31.084+0000] {processor.py:914} INFO - Processing file /root/airflow/dags/helloworld_dag.py for tasks to queue
[2025-03-13T17:55:31.086+0000] {logging_mixin.py:190} INFO - [2025-03-13T17:55:31.086+0000] {dagbag.py:588} INFO - Filling up the DagBag from /root/airflow/dags/helloworld_dag.py
[2025-03-13T17:55:31.097+0000] {processor.py:925} INFO - DAG(s) 'tutorial' retrieved from /root/airflow/dags/helloworld_dag.py
[2025-03-13T17:55:31.124+0000] {logging_mixin.py:190} INFO - [2025-03-13T17:55:31.123+0000] {dag.py:3239} INFO - Sync 1 DAGs
[2025-03-13T17:55:31.161+0000] {logging_mixin.py:190} INFO - [2025-03-13T17:55:31.160+0000] {dag.py:4180} INFO - Setting next_dagrun for tutorial to 2025-03-13 00:00:00+00:00, run_after=2025-03-14 00:00:00+00:00
[2025-03-13T17:55:31.187+0000] {processor.py:208} INFO - Processing /root/airflow/dags/helloworld_dag.py took 0.111 seconds
[2025-03-13T17:56:25.313+0000] {processor.py:186} INFO - Started process (PID=1660536) to work on /root/airflow/dags/helloworld_dag.py
[2025-03-13T17:56:25.316+0000] {processor.py:914} INFO - Processing file /root/airflow/dags/helloworld_dag.py for tasks to queue
[2025-03-13T17:56:25.320+0000] {logging_mixin.py:190} INFO - [2025-03-13T17:56:25.319+0000] {dagbag.py:588} INFO - Filling up the DagBag from /root/airflow/dags/helloworld_dag.py
[2025-03-13T17:56:25.335+0000] {processor.py:925} INFO - DAG(s) 'tutorial' retrieved from /root/airflow/dags/helloworld_dag.py
[2025-03-13T17:56:25.521+0000] {logging_mixin.py:190} INFO - [2025-03-13T17:56:25.521+0000] {dag.py:3239} INFO - Sync 1 DAGs
[2025-03-13T17:56:25.546+0000] {logging_mixin.py:190} INFO - [2025-03-13T17:56:25.546+0000] {dag.py:4180} INFO - Setting next_dagrun for tutorial to 2025-03-13 00:00:00+00:00, run_after=2025-03-14 00:00:00+00:00
[2025-03-13T17:56:25.583+0000] {processor.py:208} INFO - Processing /root/airflow/dags/helloworld_dag.py took 0.280 seconds
[2025-03-13T17:57:24.547+0000] {processor.py:186} INFO - Started process (PID=1660604) to work on /root/airflow/dags/helloworld_dag.py
[2025-03-13T17:57:24.549+0000] {processor.py:914} INFO - Processing file /root/airflow/dags/helloworld_dag.py for tasks to queue
[2025-03-13T17:57:24.552+0000] {logging_mixin.py:190} INFO - [2025-03-13T17:57:24.551+0000] {dagbag.py:588} INFO - Filling up the DagBag from /root/airflow/dags/helloworld_dag.py
[2025-03-13T17:57:24.564+0000] {processor.py:925} INFO - DAG(s) 'tutorial' retrieved from /root/airflow/dags/helloworld_dag.py
[2025-03-13T17:57:24.583+0000] {logging_mixin.py:190} INFO - [2025-03-13T17:57:24.583+0000] {dag.py:3239} INFO - Sync 1 DAGs
[2025-03-13T17:57:24.605+0000] {logging_mixin.py:190} INFO - [2025-03-13T17:57:24.605+0000] {dag.py:4180} INFO - Setting next_dagrun for tutorial to 2025-03-13 00:00:00+00:00, run_after=2025-03-14 00:00:00+00:00
[2025-03-13T17:57:24.629+0000] {processor.py:208} INFO - Processing /root/airflow/dags/helloworld_dag.py took 0.090 seconds
[2025-03-13T17:58:23.874+0000] {processor.py:186} INFO - Started process (PID=1660674) to work on /root/airflow/dags/helloworld_dag.py
[2025-03-13T17:58:23.876+0000] {processor.py:914} INFO - Processing file /root/airflow/dags/helloworld_dag.py for tasks to queue
[2025-03-13T17:58:23.879+0000] {logging_mixin.py:190} INFO - [2025-03-13T17:58:23.878+0000] {dagbag.py:588} INFO - Filling up the DagBag from /root/airflow/dags/helloworld_dag.py
[2025-03-13T17:58:23.888+0000] {processor.py:925} INFO - DAG(s) 'tutorial' retrieved from /root/airflow/dags/helloworld_dag.py
[2025-03-13T17:58:24.000+0000] {logging_mixin.py:190} INFO - [2025-03-13T17:58:24.000+0000] {dag.py:3239} INFO - Sync 1 DAGs
[2025-03-13T17:58:24.019+0000] {logging_mixin.py:190} INFO - [2025-03-13T17:58:24.019+0000] {dag.py:4180} INFO - Setting next_dagrun for tutorial to 2025-03-13 00:00:00+00:00, run_after=2025-03-14 00:00:00+00:00
[2025-03-13T17:58:24.043+0000] {processor.py:208} INFO - Processing /root/airflow/dags/helloworld_dag.py took 0.176 seconds
[2025-03-13T17:59:22.170+0000] {processor.py:186} INFO - Started process (PID=1660732) to work on /root/airflow/dags/helloworld_dag.py
[2025-03-13T17:59:22.172+0000] {processor.py:914} INFO - Processing file /root/airflow/dags/helloworld_dag.py for tasks to queue
[2025-03-13T17:59:22.175+0000] {logging_mixin.py:190} INFO - [2025-03-13T17:59:22.174+0000] {dagbag.py:588} INFO - Filling up the DagBag from /root/airflow/dags/helloworld_dag.py
[2025-03-13T17:59:22.185+0000] {processor.py:925} INFO - DAG(s) 'tutorial' retrieved from /root/airflow/dags/helloworld_dag.py
[2025-03-13T17:59:22.206+0000] {logging_mixin.py:190} INFO - [2025-03-13T17:59:22.206+0000] {dag.py:3239} INFO - Sync 1 DAGs
[2025-03-13T17:59:22.230+0000] {logging_mixin.py:190} INFO - [2025-03-13T17:59:22.230+0000] {dag.py:4180} INFO - Setting next_dagrun for tutorial to 2025-03-13 00:00:00+00:00, run_after=2025-03-14 00:00:00+00:00
[2025-03-13T17:59:22.257+0000] {processor.py:208} INFO - Processing /root/airflow/dags/helloworld_dag.py took 0.095 seconds
[2025-03-13T18:00:23.468+0000] {processor.py:186} INFO - Started process (PID=1660799) to work on /root/airflow/dags/helloworld_dag.py
[2025-03-13T18:00:23.470+0000] {processor.py:914} INFO - Processing file /root/airflow/dags/helloworld_dag.py for tasks to queue
[2025-03-13T18:00:23.473+0000] {logging_mixin.py:190} INFO - [2025-03-13T18:00:23.472+0000] {dagbag.py:588} INFO - Filling up the DagBag from /root/airflow/dags/helloworld_dag.py
[2025-03-13T18:00:23.484+0000] {processor.py:925} INFO - DAG(s) 'tutorial' retrieved from /root/airflow/dags/helloworld_dag.py
[2025-03-13T18:00:23.610+0000] {logging_mixin.py:190} INFO - [2025-03-13T18:00:23.610+0000] {dag.py:3239} INFO - Sync 1 DAGs
[2025-03-13T18:00:23.636+0000] {logging_mixin.py:190} INFO - [2025-03-13T18:00:23.635+0000] {dag.py:4180} INFO - Setting next_dagrun for tutorial to 2025-03-13 00:00:00+00:00, run_after=2025-03-14 00:00:00+00:00
[2025-03-13T18:00:23.670+0000] {processor.py:208} INFO - Processing /root/airflow/dags/helloworld_dag.py took 0.210 seconds
[2025-03-13T18:01:20.446+0000] {processor.py:186} INFO - Started process (PID=1660860) to work on /root/airflow/dags/helloworld_dag.py
[2025-03-13T18:01:20.448+0000] {processor.py:914} INFO - Processing file /root/airflow/dags/helloworld_dag.py for tasks to queue
[2025-03-13T18:01:20.451+0000] {logging_mixin.py:190} INFO - [2025-03-13T18:01:20.450+0000] {dagbag.py:588} INFO - Filling up the DagBag from /root/airflow/dags/helloworld_dag.py
[2025-03-13T18:01:20.461+0000] {processor.py:925} INFO - DAG(s) 'tutorial' retrieved from /root/airflow/dags/helloworld_dag.py
[2025-03-13T18:01:20.472+0000] {logging_mixin.py:190} INFO - [2025-03-13T18:01:20.472+0000] {dag.py:3239} INFO - Sync 1 DAGs
[2025-03-13T18:01:20.520+0000] {logging_mixin.py:190} INFO - [2025-03-13T18:01:20.520+0000] {dag.py:4180} INFO - Setting next_dagrun for tutorial to 2025-03-13 00:00:00+00:00, run_after=2025-03-14 00:00:00+00:00
[2025-03-13T18:01:20.544+0000] {processor.py:208} INFO - Processing /root/airflow/dags/helloworld_dag.py took 0.105 seconds
[2025-03-13T18:01:56.977+0000] {processor.py:186} INFO - Started process (PID=1660907) to work on /root/airflow/dags/helloworld_dag.py
[2025-03-13T18:01:56.979+0000] {processor.py:914} INFO - Processing file /root/airflow/dags/helloworld_dag.py for tasks to queue
[2025-03-13T18:01:56.982+0000] {logging_mixin.py:190} INFO - [2025-03-13T18:01:56.981+0000] {dagbag.py:588} INFO - Filling up the DagBag from /root/airflow/dags/helloworld_dag.py
[2025-03-13T18:01:56.993+0000] {processor.py:925} INFO - DAG(s) 'tutorial' retrieved from /root/airflow/dags/helloworld_dag.py
[2025-03-13T18:01:57.112+0000] {logging_mixin.py:190} INFO - [2025-03-13T18:01:57.112+0000] {dag.py:3239} INFO - Sync 1 DAGs
[2025-03-13T18:01:57.135+0000] {logging_mixin.py:190} INFO - [2025-03-13T18:01:57.135+0000] {dag.py:4180} INFO - Setting next_dagrun for tutorial to 2025-03-13 00:00:00+00:00, run_after=2025-03-14 00:00:00+00:00
[2025-03-13T18:01:57.315+0000] {processor.py:208} INFO - Processing /root/airflow/dags/helloworld_dag.py took 0.346 seconds
[2025-03-13T18:02:58.528+0000] {processor.py:186} INFO - Started process (PID=1660973) to work on /root/airflow/dags/helloworld_dag.py
[2025-03-13T18:02:58.530+0000] {processor.py:914} INFO - Processing file /root/airflow/dags/helloworld_dag.py for tasks to queue
[2025-03-13T18:02:58.532+0000] {logging_mixin.py:190} INFO - [2025-03-13T18:02:58.532+0000] {dagbag.py:588} INFO - Filling up the DagBag from /root/airflow/dags/helloworld_dag.py
[2025-03-13T18:02:58.544+0000] {processor.py:925} INFO - DAG(s) 'tutorial' retrieved from /root/airflow/dags/helloworld_dag.py
[2025-03-13T18:02:58.565+0000] {logging_mixin.py:190} INFO - [2025-03-13T18:02:58.564+0000] {dag.py:3239} INFO - Sync 1 DAGs
[2025-03-13T18:02:58.589+0000] {logging_mixin.py:190} INFO - [2025-03-13T18:02:58.589+0000] {dag.py:4180} INFO - Setting next_dagrun for tutorial to 2025-03-13 00:00:00+00:00, run_after=2025-03-14 00:00:00+00:00
[2025-03-13T18:02:58.616+0000] {processor.py:208} INFO - Processing /root/airflow/dags/helloworld_dag.py took 0.098 seconds
[2025-03-13T18:03:30.322+0000] {processor.py:186} INFO - Started process (PID=1661008) to work on /root/airflow/dags/helloworld_dag.py
[2025-03-13T18:03:30.323+0000] {processor.py:914} INFO - Processing file /root/airflow/dags/helloworld_dag.py for tasks to queue
[2025-03-13T18:03:30.327+0000] {logging_mixin.py:190} INFO - [2025-03-13T18:03:30.326+0000] {dagbag.py:588} INFO - Filling up the DagBag from /root/airflow/dags/helloworld_dag.py
[2025-03-13T18:03:30.339+0000] {processor.py:925} INFO - DAG(s) 'tutorial' retrieved from /root/airflow/dags/helloworld_dag.py
[2025-03-13T18:03:30.351+0000] {logging_mixin.py:190} INFO - [2025-03-13T18:03:30.351+0000] {dag.py:3239} INFO - Sync 1 DAGs
[2025-03-13T18:03:30.395+0000] {logging_mixin.py:190} INFO - [2025-03-13T18:03:30.394+0000] {dag.py:4180} INFO - Setting next_dagrun for tutorial to 2025-03-13 00:00:00+00:00, run_after=2025-03-14 00:00:00+00:00
[2025-03-13T18:03:30.428+0000] {processor.py:208} INFO - Processing /root/airflow/dags/helloworld_dag.py took 0.114 seconds
[2025-03-13T18:04:07.161+0000] {processor.py:186} INFO - Started process (PID=1661040) to work on /root/airflow/dags/helloworld_dag.py
[2025-03-13T18:04:07.163+0000] {processor.py:914} INFO - Processing file /root/airflow/dags/helloworld_dag.py for tasks to queue
[2025-03-13T18:04:07.166+0000] {logging_mixin.py:190} INFO - [2025-03-13T18:04:07.165+0000] {dagbag.py:588} INFO - Filling up the DagBag from /root/airflow/dags/helloworld_dag.py
[2025-03-13T18:04:07.177+0000] {processor.py:925} INFO - DAG(s) 'tutorial' retrieved from /root/airflow/dags/helloworld_dag.py
[2025-03-13T18:04:07.448+0000] {logging_mixin.py:190} INFO - [2025-03-13T18:04:07.448+0000] {dag.py:3239} INFO - Sync 1 DAGs
[2025-03-13T18:04:07.466+0000] {logging_mixin.py:190} INFO - [2025-03-13T18:04:07.465+0000] {dag.py:4180} INFO - Setting next_dagrun for tutorial to 2025-03-13 00:00:00+00:00, run_after=2025-03-14 00:00:00+00:00
[2025-03-13T18:04:07.488+0000] {processor.py:208} INFO - Processing /root/airflow/dags/helloworld_dag.py took 0.334 seconds
[2025-03-13T18:04:46.819+0000] {processor.py:186} INFO - Started process (PID=1661077) to work on /root/airflow/dags/helloworld_dag.py
[2025-03-13T18:04:46.821+0000] {processor.py:914} INFO - Processing file /root/airflow/dags/helloworld_dag.py for tasks to queue
[2025-03-13T18:04:46.824+0000] {logging_mixin.py:190} INFO - [2025-03-13T18:04:46.823+0000] {dagbag.py:588} INFO - Filling up the DagBag from /root/airflow/dags/helloworld_dag.py
[2025-03-13T18:04:46.984+0000] {processor.py:925} INFO - DAG(s) 'tutorial' retrieved from /root/airflow/dags/helloworld_dag.py
[2025-03-13T18:04:46.996+0000] {logging_mixin.py:190} INFO - [2025-03-13T18:04:46.995+0000] {dag.py:3239} INFO - Sync 1 DAGs
[2025-03-13T18:04:47.012+0000] {logging_mixin.py:190} INFO - [2025-03-13T18:04:47.012+0000] {dag.py:4180} INFO - Setting next_dagrun for tutorial to 2025-03-13 00:00:00+00:00, run_after=2025-03-14 00:00:00+00:00
[2025-03-13T18:04:47.035+0000] {processor.py:208} INFO - Processing /root/airflow/dags/helloworld_dag.py took 0.222 seconds
[2025-03-13T18:05:25.582+0000] {processor.py:186} INFO - Started process (PID=1661116) to work on /root/airflow/dags/helloworld_dag.py
[2025-03-13T18:05:25.584+0000] {processor.py:914} INFO - Processing file /root/airflow/dags/helloworld_dag.py for tasks to queue
[2025-03-13T18:05:25.588+0000] {logging_mixin.py:190} INFO - [2025-03-13T18:05:25.587+0000] {dagbag.py:588} INFO - Filling up the DagBag from /root/airflow/dags/helloworld_dag.py
[2025-03-13T18:05:25.603+0000] {processor.py:925} INFO - DAG(s) 'tutorial' retrieved from /root/airflow/dags/helloworld_dag.py
[2025-03-13T18:05:25.632+0000] {logging_mixin.py:190} INFO - [2025-03-13T18:05:25.631+0000] {dag.py:3239} INFO - Sync 1 DAGs
[2025-03-13T18:05:25.671+0000] {logging_mixin.py:190} INFO - [2025-03-13T18:05:25.670+0000] {dag.py:4180} INFO - Setting next_dagrun for tutorial to 2025-03-13 00:00:00+00:00, run_after=2025-03-14 00:00:00+00:00
[2025-03-13T18:05:25.698+0000] {processor.py:208} INFO - Processing /root/airflow/dags/helloworld_dag.py took 0.126 seconds
[2025-03-13T18:06:00.243+0000] {processor.py:186} INFO - Started process (PID=1661153) to work on /root/airflow/dags/helloworld_dag.py
[2025-03-13T18:06:00.244+0000] {processor.py:914} INFO - Processing file /root/airflow/dags/helloworld_dag.py for tasks to queue
[2025-03-13T18:06:00.248+0000] {logging_mixin.py:190} INFO - [2025-03-13T18:06:00.248+0000] {dagbag.py:588} INFO - Filling up the DagBag from /root/airflow/dags/helloworld_dag.py
[2025-03-13T18:06:00.259+0000] {processor.py:925} INFO - DAG(s) 'tutorial' retrieved from /root/airflow/dags/helloworld_dag.py
[2025-03-13T18:06:00.270+0000] {logging_mixin.py:190} INFO - [2025-03-13T18:06:00.270+0000] {dag.py:3239} INFO - Sync 1 DAGs
[2025-03-13T18:06:00.299+0000] {logging_mixin.py:190} INFO - [2025-03-13T18:06:00.298+0000] {dag.py:4180} INFO - Setting next_dagrun for tutorial to 2025-03-13 00:00:00+00:00, run_after=2025-03-14 00:00:00+00:00
[2025-03-13T18:06:00.327+0000] {processor.py:208} INFO - Processing /root/airflow/dags/helloworld_dag.py took 0.093 seconds
[2025-03-13T18:06:31.553+0000] {processor.py:186} INFO - Started process (PID=1661185) to work on /root/airflow/dags/helloworld_dag.py
[2025-03-13T18:06:31.554+0000] {processor.py:914} INFO - Processing file /root/airflow/dags/helloworld_dag.py for tasks to queue
[2025-03-13T18:06:31.558+0000] {logging_mixin.py:190} INFO - [2025-03-13T18:06:31.558+0000] {dagbag.py:588} INFO - Filling up the DagBag from /root/airflow/dags/helloworld_dag.py
[2025-03-13T18:06:31.571+0000] {processor.py:925} INFO - DAG(s) 'tutorial' retrieved from /root/airflow/dags/helloworld_dag.py
[2025-03-13T18:06:31.764+0000] {logging_mixin.py:190} INFO - [2025-03-13T18:06:31.764+0000] {dag.py:3239} INFO - Sync 1 DAGs
[2025-03-13T18:06:31.792+0000] {logging_mixin.py:190} INFO - [2025-03-13T18:06:31.792+0000] {dag.py:4180} INFO - Setting next_dagrun for tutorial to 2025-03-13 00:00:00+00:00, run_after=2025-03-14 00:00:00+00:00
[2025-03-13T18:06:31.831+0000] {processor.py:208} INFO - Processing /root/airflow/dags/helloworld_dag.py took 0.288 seconds
[2025-03-13T18:07:08.669+0000] {processor.py:186} INFO - Started process (PID=1661222) to work on /root/airflow/dags/helloworld_dag.py
[2025-03-13T18:07:08.671+0000] {processor.py:914} INFO - Processing file /root/airflow/dags/helloworld_dag.py for tasks to queue
[2025-03-13T18:07:08.675+0000] {logging_mixin.py:190} INFO - [2025-03-13T18:07:08.674+0000] {dagbag.py:588} INFO - Filling up the DagBag from /root/airflow/dags/helloworld_dag.py
[2025-03-13T18:07:08.689+0000] {processor.py:925} INFO - DAG(s) 'tutorial' retrieved from /root/airflow/dags/helloworld_dag.py
[2025-03-13T18:07:08.715+0000] {logging_mixin.py:190} INFO - [2025-03-13T18:07:08.715+0000] {dag.py:3239} INFO - Sync 1 DAGs
[2025-03-13T18:07:08.748+0000] {logging_mixin.py:190} INFO - [2025-03-13T18:07:08.747+0000] {dag.py:4180} INFO - Setting next_dagrun for tutorial to 2025-03-13 00:00:00+00:00, run_after=2025-03-14 00:00:00+00:00
[2025-03-13T18:07:08.775+0000] {processor.py:208} INFO - Processing /root/airflow/dags/helloworld_dag.py took 0.117 seconds
[2025-03-13T18:07:44.045+0000] {processor.py:186} INFO - Started process (PID=1661267) to work on /root/airflow/dags/helloworld_dag.py
[2025-03-13T18:07:44.047+0000] {processor.py:914} INFO - Processing file /root/airflow/dags/helloworld_dag.py for tasks to queue
[2025-03-13T18:07:44.051+0000] {logging_mixin.py:190} INFO - [2025-03-13T18:07:44.050+0000] {dagbag.py:588} INFO - Filling up the DagBag from /root/airflow/dags/helloworld_dag.py
[2025-03-13T18:07:44.063+0000] {processor.py:925} INFO - DAG(s) 'tutorial' retrieved from /root/airflow/dags/helloworld_dag.py
[2025-03-13T18:07:44.086+0000] {logging_mixin.py:190} INFO - [2025-03-13T18:07:44.086+0000] {dag.py:3239} INFO - Sync 1 DAGs
[2025-03-13T18:07:44.113+0000] {logging_mixin.py:190} INFO - [2025-03-13T18:07:44.113+0000] {dag.py:4180} INFO - Setting next_dagrun for tutorial to 2025-03-13 00:00:00+00:00, run_after=2025-03-14 00:00:00+00:00
[2025-03-13T18:07:44.145+0000] {processor.py:208} INFO - Processing /root/airflow/dags/helloworld_dag.py took 0.109 seconds
[2025-03-13T18:08:16.850+0000] {processor.py:186} INFO - Started process (PID=1661308) to work on /root/airflow/dags/helloworld_dag.py
[2025-03-13T18:08:16.851+0000] {processor.py:914} INFO - Processing file /root/airflow/dags/helloworld_dag.py for tasks to queue
[2025-03-13T18:08:16.854+0000] {logging_mixin.py:190} INFO - [2025-03-13T18:08:16.853+0000] {dagbag.py:588} INFO - Filling up the DagBag from /root/airflow/dags/helloworld_dag.py
[2025-03-13T18:08:16.864+0000] {processor.py:925} INFO - DAG(s) 'tutorial' retrieved from /root/airflow/dags/helloworld_dag.py
[2025-03-13T18:08:16.886+0000] {logging_mixin.py:190} INFO - [2025-03-13T18:08:16.885+0000] {dag.py:3239} INFO - Sync 1 DAGs
[2025-03-13T18:08:16.909+0000] {logging_mixin.py:190} INFO - [2025-03-13T18:08:16.909+0000] {dag.py:4180} INFO - Setting next_dagrun for tutorial to 2025-03-13 00:00:00+00:00, run_after=2025-03-14 00:00:00+00:00
[2025-03-13T18:08:16.931+0000] {processor.py:208} INFO - Processing /root/airflow/dags/helloworld_dag.py took 0.089 seconds
[2025-03-13T18:08:49.935+0000] {processor.py:186} INFO - Started process (PID=1661343) to work on /root/airflow/dags/helloworld_dag.py
[2025-03-13T18:08:49.936+0000] {processor.py:914} INFO - Processing file /root/airflow/dags/helloworld_dag.py for tasks to queue
[2025-03-13T18:08:49.939+0000] {logging_mixin.py:190} INFO - [2025-03-13T18:08:49.938+0000] {dagbag.py:588} INFO - Filling up the DagBag from /root/airflow/dags/helloworld_dag.py
[2025-03-13T18:08:49.948+0000] {processor.py:925} INFO - DAG(s) 'tutorial' retrieved from /root/airflow/dags/helloworld_dag.py
[2025-03-13T18:08:50.056+0000] {logging_mixin.py:190} INFO - [2025-03-13T18:08:50.056+0000] {dag.py:3239} INFO - Sync 1 DAGs
[2025-03-13T18:08:50.075+0000] {logging_mixin.py:190} INFO - [2025-03-13T18:08:50.075+0000] {dag.py:4180} INFO - Setting next_dagrun for tutorial to 2025-03-13 00:00:00+00:00, run_after=2025-03-14 00:00:00+00:00
[2025-03-13T18:08:50.098+0000] {processor.py:208} INFO - Processing /root/airflow/dags/helloworld_dag.py took 0.170 seconds
[2025-03-13T18:09:22.378+0000] {processor.py:186} INFO - Started process (PID=1661376) to work on /root/airflow/dags/helloworld_dag.py
[2025-03-13T18:09:22.380+0000] {processor.py:914} INFO - Processing file /root/airflow/dags/helloworld_dag.py for tasks to queue
[2025-03-13T18:09:22.383+0000] {logging_mixin.py:190} INFO - [2025-03-13T18:09:22.383+0000] {dagbag.py:588} INFO - Filling up the DagBag from /root/airflow/dags/helloworld_dag.py
[2025-03-13T18:09:22.394+0000] {processor.py:925} INFO - DAG(s) 'tutorial' retrieved from /root/airflow/dags/helloworld_dag.py
[2025-03-13T18:09:22.415+0000] {logging_mixin.py:190} INFO - [2025-03-13T18:09:22.415+0000] {dag.py:3239} INFO - Sync 1 DAGs
[2025-03-13T18:09:22.443+0000] {logging_mixin.py:190} INFO - [2025-03-13T18:09:22.442+0000] {dag.py:4180} INFO - Setting next_dagrun for tutorial to 2025-03-13 00:00:00+00:00, run_after=2025-03-14 00:00:00+00:00
[2025-03-13T18:09:22.468+0000] {processor.py:208} INFO - Processing /root/airflow/dags/helloworld_dag.py took 0.098 seconds
[2025-03-13T18:10:23.201+0000] {processor.py:186} INFO - Started process (PID=1661443) to work on /root/airflow/dags/helloworld_dag.py
[2025-03-13T18:10:23.203+0000] {processor.py:914} INFO - Processing file /root/airflow/dags/helloworld_dag.py for tasks to queue
[2025-03-13T18:10:23.207+0000] {logging_mixin.py:190} INFO - [2025-03-13T18:10:23.206+0000] {dagbag.py:588} INFO - Filling up the DagBag from /root/airflow/dags/helloworld_dag.py
[2025-03-13T18:10:23.222+0000] {processor.py:925} INFO - DAG(s) 'tutorial' retrieved from /root/airflow/dags/helloworld_dag.py
[2025-03-13T18:10:23.237+0000] {logging_mixin.py:190} INFO - [2025-03-13T18:10:23.237+0000] {dag.py:3239} INFO - Sync 1 DAGs
[2025-03-13T18:10:23.274+0000] {logging_mixin.py:190} INFO - [2025-03-13T18:10:23.273+0000] {dag.py:4180} INFO - Setting next_dagrun for tutorial to 2025-03-13 00:00:00+00:00, run_after=2025-03-14 00:00:00+00:00
[2025-03-13T18:10:23.311+0000] {processor.py:208} INFO - Processing /root/airflow/dags/helloworld_dag.py took 0.121 seconds
[2025-03-13T18:10:55.995+0000] {processor.py:186} INFO - Started process (PID=1661478) to work on /root/airflow/dags/helloworld_dag.py
[2025-03-13T18:10:55.996+0000] {processor.py:914} INFO - Processing file /root/airflow/dags/helloworld_dag.py for tasks to queue
[2025-03-13T18:10:55.999+0000] {logging_mixin.py:190} INFO - [2025-03-13T18:10:55.998+0000] {dagbag.py:588} INFO - Filling up the DagBag from /root/airflow/dags/helloworld_dag.py
[2025-03-13T18:10:56.010+0000] {processor.py:925} INFO - DAG(s) 'tutorial' retrieved from /root/airflow/dags/helloworld_dag.py
[2025-03-13T18:10:56.127+0000] {logging_mixin.py:190} INFO - [2025-03-13T18:10:56.126+0000] {dag.py:3239} INFO - Sync 1 DAGs
[2025-03-13T18:10:56.148+0000] {logging_mixin.py:190} INFO - [2025-03-13T18:10:56.148+0000] {dag.py:4180} INFO - Setting next_dagrun for tutorial to 2025-03-13 00:00:00+00:00, run_after=2025-03-14 00:00:00+00:00
[2025-03-13T18:10:56.176+0000] {processor.py:208} INFO - Processing /root/airflow/dags/helloworld_dag.py took 0.190 seconds
[2025-03-13T18:11:29.947+0000] {processor.py:186} INFO - Started process (PID=1661511) to work on /root/airflow/dags/helloworld_dag.py
[2025-03-13T18:11:29.949+0000] {processor.py:914} INFO - Processing file /root/airflow/dags/helloworld_dag.py for tasks to queue
[2025-03-13T18:11:29.952+0000] {logging_mixin.py:190} INFO - [2025-03-13T18:11:29.951+0000] {dagbag.py:588} INFO - Filling up the DagBag from /root/airflow/dags/helloworld_dag.py
[2025-03-13T18:11:29.965+0000] {processor.py:925} INFO - DAG(s) 'tutorial' retrieved from /root/airflow/dags/helloworld_dag.py
[2025-03-13T18:11:29.990+0000] {logging_mixin.py:190} INFO - [2025-03-13T18:11:29.989+0000] {dag.py:3239} INFO - Sync 1 DAGs
[2025-03-13T18:11:30.018+0000] {logging_mixin.py:190} INFO - [2025-03-13T18:11:30.018+0000] {dag.py:4180} INFO - Setting next_dagrun for tutorial to 2025-03-13 00:00:00+00:00, run_after=2025-03-14 00:00:00+00:00
[2025-03-13T18:11:30.050+0000] {processor.py:208} INFO - Processing /root/airflow/dags/helloworld_dag.py took 0.115 seconds
[2025-03-13T18:12:03.952+0000] {processor.py:186} INFO - Started process (PID=1661545) to work on /root/airflow/dags/helloworld_dag.py
[2025-03-13T18:12:03.953+0000] {processor.py:914} INFO - Processing file /root/airflow/dags/helloworld_dag.py for tasks to queue
[2025-03-13T18:12:03.956+0000] {logging_mixin.py:190} INFO - [2025-03-13T18:12:03.955+0000] {dagbag.py:588} INFO - Filling up the DagBag from /root/airflow/dags/helloworld_dag.py
[2025-03-13T18:12:03.969+0000] {processor.py:925} INFO - DAG(s) 'tutorial' retrieved from /root/airflow/dags/helloworld_dag.py
[2025-03-13T18:12:03.991+0000] {logging_mixin.py:190} INFO - [2025-03-13T18:12:03.990+0000] {dag.py:3239} INFO - Sync 1 DAGs
[2025-03-13T18:12:04.015+0000] {logging_mixin.py:190} INFO - [2025-03-13T18:12:04.015+0000] {dag.py:4180} INFO - Setting next_dagrun for tutorial to 2025-03-13 00:00:00+00:00, run_after=2025-03-14 00:00:00+00:00
[2025-03-13T18:12:04.054+0000] {processor.py:208} INFO - Processing /root/airflow/dags/helloworld_dag.py took 0.115 seconds
[2025-03-13T18:12:37.654+0000] {processor.py:186} INFO - Started process (PID=1661590) to work on /root/airflow/dags/helloworld_dag.py
[2025-03-13T18:12:37.656+0000] {processor.py:914} INFO - Processing file /root/airflow/dags/helloworld_dag.py for tasks to queue
[2025-03-13T18:12:37.658+0000] {logging_mixin.py:190} INFO - [2025-03-13T18:12:37.657+0000] {dagbag.py:588} INFO - Filling up the DagBag from /root/airflow/dags/helloworld_dag.py
[2025-03-13T18:12:37.673+0000] {processor.py:925} INFO - DAG(s) 'tutorial' retrieved from /root/airflow/dags/helloworld_dag.py
[2025-03-13T18:12:37.689+0000] {logging_mixin.py:190} INFO - [2025-03-13T18:12:37.688+0000] {dag.py:3239} INFO - Sync 1 DAGs
[2025-03-13T18:12:37.727+0000] {logging_mixin.py:190} INFO - [2025-03-13T18:12:37.726+0000] {dag.py:4180} INFO - Setting next_dagrun for tutorial to 2025-03-13 00:00:00+00:00, run_after=2025-03-14 00:00:00+00:00
[2025-03-13T18:12:37.762+0000] {processor.py:208} INFO - Processing /root/airflow/dags/helloworld_dag.py took 0.117 seconds
[2025-03-13T18:13:10.038+0000] {processor.py:186} INFO - Started process (PID=1661624) to work on /root/airflow/dags/helloworld_dag.py
[2025-03-13T18:13:10.040+0000] {processor.py:914} INFO - Processing file /root/airflow/dags/helloworld_dag.py for tasks to queue
[2025-03-13T18:13:10.042+0000] {logging_mixin.py:190} INFO - [2025-03-13T18:13:10.041+0000] {dagbag.py:588} INFO - Filling up the DagBag from /root/airflow/dags/helloworld_dag.py
[2025-03-13T18:13:10.058+0000] {processor.py:925} INFO - DAG(s) 'tutorial' retrieved from /root/airflow/dags/helloworld_dag.py
[2025-03-13T18:13:10.207+0000] {logging_mixin.py:190} INFO - [2025-03-13T18:13:10.207+0000] {dag.py:3239} INFO - Sync 1 DAGs
[2025-03-13T18:13:10.227+0000] {logging_mixin.py:190} INFO - [2025-03-13T18:13:10.227+0000] {dag.py:4180} INFO - Setting next_dagrun for tutorial to 2025-03-13 00:00:00+00:00, run_after=2025-03-14 00:00:00+00:00
[2025-03-13T18:13:10.251+0000] {processor.py:208} INFO - Processing /root/airflow/dags/helloworld_dag.py took 0.223 seconds
[2025-03-13T18:13:43.974+0000] {processor.py:186} INFO - Started process (PID=1661658) to work on /root/airflow/dags/helloworld_dag.py
[2025-03-13T18:13:43.976+0000] {processor.py:914} INFO - Processing file /root/airflow/dags/helloworld_dag.py for tasks to queue
[2025-03-13T18:13:43.978+0000] {logging_mixin.py:190} INFO - [2025-03-13T18:13:43.977+0000] {dagbag.py:588} INFO - Filling up the DagBag from /root/airflow/dags/helloworld_dag.py
[2025-03-13T18:13:43.990+0000] {processor.py:925} INFO - DAG(s) 'tutorial' retrieved from /root/airflow/dags/helloworld_dag.py
[2025-03-13T18:13:44.009+0000] {logging_mixin.py:190} INFO - [2025-03-13T18:13:44.009+0000] {dag.py:3239} INFO - Sync 1 DAGs
[2025-03-13T18:13:44.031+0000] {logging_mixin.py:190} INFO - [2025-03-13T18:13:44.031+0000] {dag.py:4180} INFO - Setting next_dagrun for tutorial to 2025-03-13 00:00:00+00:00, run_after=2025-03-14 00:00:00+00:00
[2025-03-13T18:13:44.054+0000] {processor.py:208} INFO - Processing /root/airflow/dags/helloworld_dag.py took 0.090 seconds
[2025-03-13T18:14:17.051+0000] {processor.py:186} INFO - Started process (PID=1661693) to work on /root/airflow/dags/helloworld_dag.py
[2025-03-13T18:14:17.052+0000] {processor.py:914} INFO - Processing file /root/airflow/dags/helloworld_dag.py for tasks to queue
[2025-03-13T18:14:17.055+0000] {logging_mixin.py:190} INFO - [2025-03-13T18:14:17.054+0000] {dagbag.py:588} INFO - Filling up the DagBag from /root/airflow/dags/helloworld_dag.py
[2025-03-13T18:14:17.069+0000] {processor.py:925} INFO - DAG(s) 'tutorial' retrieved from /root/airflow/dags/helloworld_dag.py
[2025-03-13T18:14:17.094+0000] {logging_mixin.py:190} INFO - [2025-03-13T18:14:17.093+0000] {dag.py:3239} INFO - Sync 1 DAGs
[2025-03-13T18:14:17.124+0000] {logging_mixin.py:190} INFO - [2025-03-13T18:14:17.124+0000] {dag.py:4180} INFO - Setting next_dagrun for tutorial to 2025-03-13 00:00:00+00:00, run_after=2025-03-14 00:00:00+00:00
[2025-03-13T18:14:17.155+0000] {processor.py:208} INFO - Processing /root/airflow/dags/helloworld_dag.py took 0.113 seconds
[2025-03-13T18:14:50.885+0000] {processor.py:186} INFO - Started process (PID=1661731) to work on /root/airflow/dags/helloworld_dag.py
[2025-03-13T18:14:50.886+0000] {processor.py:914} INFO - Processing file /root/airflow/dags/helloworld_dag.py for tasks to queue
[2025-03-13T18:14:50.887+0000] {logging_mixin.py:190} INFO - [2025-03-13T18:14:50.887+0000] {dagbag.py:588} INFO - Filling up the DagBag from /root/airflow/dags/helloworld_dag.py
[2025-03-13T18:14:50.898+0000] {processor.py:925} INFO - DAG(s) 'tutorial' retrieved from /root/airflow/dags/helloworld_dag.py
[2025-03-13T18:14:50.908+0000] {logging_mixin.py:190} INFO - [2025-03-13T18:14:50.908+0000] {dag.py:3239} INFO - Sync 1 DAGs
[2025-03-13T18:14:50.932+0000] {logging_mixin.py:190} INFO - [2025-03-13T18:14:50.931+0000] {dag.py:4180} INFO - Setting next_dagrun for tutorial to 2025-03-13 00:00:00+00:00, run_after=2025-03-14 00:00:00+00:00
[2025-03-13T18:14:50.952+0000] {processor.py:208} INFO - Processing /root/airflow/dags/helloworld_dag.py took 0.075 seconds
[2025-03-13T18:15:26.916+0000] {processor.py:186} INFO - Started process (PID=1661773) to work on /root/airflow/dags/helloworld_dag.py
[2025-03-13T18:15:26.918+0000] {processor.py:914} INFO - Processing file /root/airflow/dags/helloworld_dag.py for tasks to queue
[2025-03-13T18:15:26.920+0000] {logging_mixin.py:190} INFO - [2025-03-13T18:15:26.919+0000] {dagbag.py:588} INFO - Filling up the DagBag from /root/airflow/dags/helloworld_dag.py
[2025-03-13T18:15:26.934+0000] {processor.py:925} INFO - DAG(s) 'tutorial' retrieved from /root/airflow/dags/helloworld_dag.py
[2025-03-13T18:15:27.092+0000] {logging_mixin.py:190} INFO - [2025-03-13T18:15:27.091+0000] {dag.py:3239} INFO - Sync 1 DAGs
[2025-03-13T18:15:27.117+0000] {logging_mixin.py:190} INFO - [2025-03-13T18:15:27.117+0000] {dag.py:4180} INFO - Setting next_dagrun for tutorial to 2025-03-13 00:00:00+00:00, run_after=2025-03-14 00:00:00+00:00
[2025-03-13T18:15:27.162+0000] {processor.py:208} INFO - Processing /root/airflow/dags/helloworld_dag.py took 0.257 seconds
[2025-03-13T19:39:02.521+0000] {processor.py:186} INFO - Started process (PID=1662364) to work on /root/airflow/dags/helloworld_dag.py
[2025-03-13T19:39:02.522+0000] {processor.py:914} INFO - Processing file /root/airflow/dags/helloworld_dag.py for tasks to queue
[2025-03-13T19:39:02.526+0000] {logging_mixin.py:190} INFO - [2025-03-13T19:39:02.525+0000] {dagbag.py:588} INFO - Filling up the DagBag from /root/airflow/dags/helloworld_dag.py
[2025-03-13T19:39:02.539+0000] {processor.py:925} INFO - DAG(s) 'tutorial' retrieved from /root/airflow/dags/helloworld_dag.py
[2025-03-13T19:39:02.573+0000] {logging_mixin.py:190} INFO - [2025-03-13T19:39:02.573+0000] {dag.py:3239} INFO - Sync 1 DAGs
[2025-03-13T19:39:02.599+0000] {logging_mixin.py:190} INFO - [2025-03-13T19:39:02.599+0000] {dag.py:4180} INFO - Setting next_dagrun for tutorial to 2025-03-13 00:00:00+00:00, run_after=2025-03-14 00:00:00+00:00
[2025-03-13T19:39:02.629+0000] {processor.py:208} INFO - Processing /root/airflow/dags/helloworld_dag.py took 0.116 seconds
