[2025-01-21T01:50:36.632+0000] {processor.py:186} INFO - Started process (PID=995521) to work on /root/airflow-venv/lib/python3.12/site-packages/airflow/example_dags/example_bash_decorator.py
[2025-01-21T01:50:36.634+0000] {processor.py:914} INFO - Processing file /root/airflow-venv/lib/python3.12/site-packages/airflow/example_dags/example_bash_decorator.py for tasks to queue
[2025-01-21T01:50:36.638+0000] {logging_mixin.py:190} INFO - [2025-01-21T01:50:36.637+0000] {dagbag.py:588} INFO - Filling up the DagBag from /root/airflow-venv/lib/python3.12/site-packages/airflow/example_dags/example_bash_decorator.py
[2025-01-21T01:50:36.669+0000] {processor.py:925} INFO - DAG(s) 'example_bash_decorator' retrieved from /root/airflow-venv/lib/python3.12/site-packages/airflow/example_dags/example_bash_decorator.py
[2025-01-21T01:50:36.898+0000] {logging_mixin.py:190} INFO - [2025-01-21T01:50:36.898+0000] {dag.py:3239} INFO - Sync 1 DAGs
[2025-01-21T01:50:36.919+0000] {logging_mixin.py:190} INFO - [2025-01-21T01:50:36.918+0000] {dag.py:4180} INFO - Setting next_dagrun for example_bash_decorator to None, run_after=None
[2025-01-21T01:50:36.964+0000] {processor.py:208} INFO - Processing /root/airflow-venv/lib/python3.12/site-packages/airflow/example_dags/example_bash_decorator.py took 0.344 seconds
[2025-01-21T01:51:41.424+0000] {processor.py:186} INFO - Started process (PID=995587) to work on /root/airflow-venv/lib/python3.12/site-packages/airflow/example_dags/example_bash_decorator.py
[2025-01-21T01:51:41.426+0000] {processor.py:914} INFO - Processing file /root/airflow-venv/lib/python3.12/site-packages/airflow/example_dags/example_bash_decorator.py for tasks to queue
[2025-01-21T01:51:41.430+0000] {logging_mixin.py:190} INFO - [2025-01-21T01:51:41.429+0000] {dagbag.py:588} INFO - Filling up the DagBag from /root/airflow-venv/lib/python3.12/site-packages/airflow/example_dags/example_bash_decorator.py
[2025-01-21T01:51:41.452+0000] {processor.py:925} INFO - DAG(s) 'example_bash_decorator' retrieved from /root/airflow-venv/lib/python3.12/site-packages/airflow/example_dags/example_bash_decorator.py
[2025-01-21T01:51:41.479+0000] {logging_mixin.py:190} INFO - [2025-01-21T01:51:41.479+0000] {dag.py:3239} INFO - Sync 1 DAGs
[2025-01-21T01:51:41.497+0000] {logging_mixin.py:190} INFO - [2025-01-21T01:51:41.496+0000] {dag.py:4180} INFO - Setting next_dagrun for example_bash_decorator to None, run_after=None
[2025-01-21T01:51:41.531+0000] {processor.py:208} INFO - Processing /root/airflow-venv/lib/python3.12/site-packages/airflow/example_dags/example_bash_decorator.py took 0.116 seconds
[2025-01-21T01:52:45.706+0000] {processor.py:186} INFO - Started process (PID=995653) to work on /root/airflow-venv/lib/python3.12/site-packages/airflow/example_dags/example_bash_decorator.py
[2025-01-21T01:52:45.709+0000] {processor.py:914} INFO - Processing file /root/airflow-venv/lib/python3.12/site-packages/airflow/example_dags/example_bash_decorator.py for tasks to queue
[2025-01-21T01:52:45.713+0000] {logging_mixin.py:190} INFO - [2025-01-21T01:52:45.712+0000] {dagbag.py:588} INFO - Filling up the DagBag from /root/airflow-venv/lib/python3.12/site-packages/airflow/example_dags/example_bash_decorator.py
[2025-01-21T01:52:45.745+0000] {processor.py:925} INFO - DAG(s) 'example_bash_decorator' retrieved from /root/airflow-venv/lib/python3.12/site-packages/airflow/example_dags/example_bash_decorator.py
[2025-01-21T01:52:45.780+0000] {logging_mixin.py:190} INFO - [2025-01-21T01:52:45.780+0000] {dag.py:3239} INFO - Sync 1 DAGs
[2025-01-21T01:52:45.798+0000] {logging_mixin.py:190} INFO - [2025-01-21T01:52:45.798+0000] {dag.py:4180} INFO - Setting next_dagrun for example_bash_decorator to None, run_after=None
[2025-01-21T01:52:45.830+0000] {processor.py:208} INFO - Processing /root/airflow-venv/lib/python3.12/site-packages/airflow/example_dags/example_bash_decorator.py took 0.133 seconds
[2025-01-21T01:53:49.563+0000] {processor.py:186} INFO - Started process (PID=995723) to work on /root/airflow-venv/lib/python3.12/site-packages/airflow/example_dags/example_bash_decorator.py
[2025-01-21T01:53:49.566+0000] {processor.py:914} INFO - Processing file /root/airflow-venv/lib/python3.12/site-packages/airflow/example_dags/example_bash_decorator.py for tasks to queue
[2025-01-21T01:53:49.571+0000] {logging_mixin.py:190} INFO - [2025-01-21T01:53:49.570+0000] {dagbag.py:588} INFO - Filling up the DagBag from /root/airflow-venv/lib/python3.12/site-packages/airflow/example_dags/example_bash_decorator.py
[2025-01-21T01:53:49.602+0000] {processor.py:925} INFO - DAG(s) 'example_bash_decorator' retrieved from /root/airflow-venv/lib/python3.12/site-packages/airflow/example_dags/example_bash_decorator.py
[2025-01-21T01:53:49.642+0000] {logging_mixin.py:190} INFO - [2025-01-21T01:53:49.641+0000] {dag.py:3239} INFO - Sync 1 DAGs
[2025-01-21T01:53:49.665+0000] {logging_mixin.py:190} INFO - [2025-01-21T01:53:49.664+0000] {dag.py:4180} INFO - Setting next_dagrun for example_bash_decorator to None, run_after=None
[2025-01-21T01:53:49.703+0000] {processor.py:208} INFO - Processing /root/airflow-venv/lib/python3.12/site-packages/airflow/example_dags/example_bash_decorator.py took 0.150 seconds
[2025-01-21T20:45:49.449+0000] {processor.py:186} INFO - Started process (PID=1007714) to work on /root/airflow-venv/lib/python3.12/site-packages/airflow/example_dags/example_bash_decorator.py
[2025-01-21T20:45:49.452+0000] {processor.py:914} INFO - Processing file /root/airflow-venv/lib/python3.12/site-packages/airflow/example_dags/example_bash_decorator.py for tasks to queue
[2025-01-21T20:45:49.457+0000] {logging_mixin.py:190} INFO - [2025-01-21T20:45:49.456+0000] {dagbag.py:588} INFO - Filling up the DagBag from /root/airflow-venv/lib/python3.12/site-packages/airflow/example_dags/example_bash_decorator.py
[2025-01-21T20:45:49.483+0000] {processor.py:925} INFO - DAG(s) 'example_bash_decorator' retrieved from /root/airflow-venv/lib/python3.12/site-packages/airflow/example_dags/example_bash_decorator.py
[2025-01-21T20:45:49.668+0000] {logging_mixin.py:190} INFO - [2025-01-21T20:45:49.667+0000] {dag.py:3239} INFO - Sync 1 DAGs
[2025-01-21T20:45:49.685+0000] {logging_mixin.py:190} INFO - [2025-01-21T20:45:49.685+0000] {dag.py:4180} INFO - Setting next_dagrun for example_bash_decorator to None, run_after=None
[2025-01-21T20:45:49.719+0000] {processor.py:208} INFO - Processing /root/airflow-venv/lib/python3.12/site-packages/airflow/example_dags/example_bash_decorator.py took 0.282 seconds
