[2025-01-21T01:50:28.330+0000] {processor.py:186} INFO - Started process (PID=995514) to work on /root/airflow-venv/lib/python3.12/site-packages/airflow/example_dags/example_complex.py
[2025-01-21T01:50:28.331+0000] {processor.py:914} INFO - Processing file /root/airflow-venv/lib/python3.12/site-packages/airflow/example_dags/example_complex.py for tasks to queue
[2025-01-21T01:50:28.334+0000] {logging_mixin.py:190} INFO - [2025-01-21T01:50:28.334+0000] {dagbag.py:588} INFO - Filling up the DagBag from /root/airflow-venv/lib/python3.12/site-packages/airflow/example_dags/example_complex.py
[2025-01-21T01:50:28.355+0000] {processor.py:925} INFO - DAG(s) 'example_complex' retrieved from /root/airflow-venv/lib/python3.12/site-packages/airflow/example_dags/example_complex.py
[2025-01-21T01:50:28.406+0000] {logging_mixin.py:190} INFO - [2025-01-21T01:50:28.405+0000] {dag.py:3239} INFO - Sync 1 DAGs
[2025-01-21T01:50:28.434+0000] {logging_mixin.py:190} INFO - [2025-01-21T01:50:28.434+0000] {dag.py:4180} INFO - Setting next_dagrun for example_complex to None, run_after=None
[2025-01-21T01:50:28.472+0000] {processor.py:208} INFO - Processing /root/airflow-venv/lib/python3.12/site-packages/airflow/example_dags/example_complex.py took 0.151 seconds
[2025-01-21T01:51:34.785+0000] {processor.py:186} INFO - Started process (PID=995580) to work on /root/airflow-venv/lib/python3.12/site-packages/airflow/example_dags/example_complex.py
[2025-01-21T01:51:34.787+0000] {processor.py:914} INFO - Processing file /root/airflow-venv/lib/python3.12/site-packages/airflow/example_dags/example_complex.py for tasks to queue
[2025-01-21T01:51:34.791+0000] {logging_mixin.py:190} INFO - [2025-01-21T01:51:34.790+0000] {dagbag.py:588} INFO - Filling up the DagBag from /root/airflow-venv/lib/python3.12/site-packages/airflow/example_dags/example_complex.py
[2025-01-21T01:51:34.810+0000] {processor.py:925} INFO - DAG(s) 'example_complex' retrieved from /root/airflow-venv/lib/python3.12/site-packages/airflow/example_dags/example_complex.py
[2025-01-21T01:51:34.853+0000] {logging_mixin.py:190} INFO - [2025-01-21T01:51:34.853+0000] {dag.py:3239} INFO - Sync 1 DAGs
[2025-01-21T01:51:34.874+0000] {logging_mixin.py:190} INFO - [2025-01-21T01:51:34.873+0000] {dag.py:4180} INFO - Setting next_dagrun for example_complex to None, run_after=None
[2025-01-21T01:51:34.910+0000] {processor.py:208} INFO - Processing /root/airflow-venv/lib/python3.12/site-packages/airflow/example_dags/example_complex.py took 0.135 seconds
[2025-01-21T01:52:38.834+0000] {processor.py:186} INFO - Started process (PID=995646) to work on /root/airflow-venv/lib/python3.12/site-packages/airflow/example_dags/example_complex.py
[2025-01-21T01:52:38.836+0000] {processor.py:914} INFO - Processing file /root/airflow-venv/lib/python3.12/site-packages/airflow/example_dags/example_complex.py for tasks to queue
[2025-01-21T01:52:38.841+0000] {logging_mixin.py:190} INFO - [2025-01-21T01:52:38.840+0000] {dagbag.py:588} INFO - Filling up the DagBag from /root/airflow-venv/lib/python3.12/site-packages/airflow/example_dags/example_complex.py
[2025-01-21T01:52:38.865+0000] {processor.py:925} INFO - DAG(s) 'example_complex' retrieved from /root/airflow-venv/lib/python3.12/site-packages/airflow/example_dags/example_complex.py
[2025-01-21T01:52:38.916+0000] {logging_mixin.py:190} INFO - [2025-01-21T01:52:38.915+0000] {dag.py:3239} INFO - Sync 1 DAGs
[2025-01-21T01:52:38.941+0000] {logging_mixin.py:190} INFO - [2025-01-21T01:52:38.941+0000] {dag.py:4180} INFO - Setting next_dagrun for example_complex to None, run_after=None
[2025-01-21T01:52:38.983+0000] {processor.py:208} INFO - Processing /root/airflow-venv/lib/python3.12/site-packages/airflow/example_dags/example_complex.py took 0.160 seconds
[2025-01-21T01:53:41.614+0000] {processor.py:186} INFO - Started process (PID=995714) to work on /root/airflow-venv/lib/python3.12/site-packages/airflow/example_dags/example_complex.py
[2025-01-21T01:53:41.616+0000] {processor.py:914} INFO - Processing file /root/airflow-venv/lib/python3.12/site-packages/airflow/example_dags/example_complex.py for tasks to queue
[2025-01-21T01:53:41.621+0000] {logging_mixin.py:190} INFO - [2025-01-21T01:53:41.620+0000] {dagbag.py:588} INFO - Filling up the DagBag from /root/airflow-venv/lib/python3.12/site-packages/airflow/example_dags/example_complex.py
[2025-01-21T01:53:41.648+0000] {processor.py:925} INFO - DAG(s) 'example_complex' retrieved from /root/airflow-venv/lib/python3.12/site-packages/airflow/example_dags/example_complex.py
[2025-01-21T01:53:41.705+0000] {logging_mixin.py:190} INFO - [2025-01-21T01:53:41.705+0000] {dag.py:3239} INFO - Sync 1 DAGs
[2025-01-21T01:53:41.734+0000] {logging_mixin.py:190} INFO - [2025-01-21T01:53:41.733+0000] {dag.py:4180} INFO - Setting next_dagrun for example_complex to None, run_after=None
[2025-01-21T01:53:41.781+0000] {processor.py:208} INFO - Processing /root/airflow-venv/lib/python3.12/site-packages/airflow/example_dags/example_complex.py took 0.180 seconds
[2025-01-21T20:45:42.440+0000] {processor.py:186} INFO - Started process (PID=1007705) to work on /root/airflow-venv/lib/python3.12/site-packages/airflow/example_dags/example_complex.py
[2025-01-21T20:45:42.442+0000] {processor.py:914} INFO - Processing file /root/airflow-venv/lib/python3.12/site-packages/airflow/example_dags/example_complex.py for tasks to queue
[2025-01-21T20:45:42.447+0000] {logging_mixin.py:190} INFO - [2025-01-21T20:45:42.446+0000] {dagbag.py:588} INFO - Filling up the DagBag from /root/airflow-venv/lib/python3.12/site-packages/airflow/example_dags/example_complex.py
[2025-01-21T20:45:42.473+0000] {processor.py:925} INFO - DAG(s) 'example_complex' retrieved from /root/airflow-venv/lib/python3.12/site-packages/airflow/example_dags/example_complex.py
[2025-01-21T20:45:42.529+0000] {logging_mixin.py:190} INFO - [2025-01-21T20:45:42.529+0000] {dag.py:3239} INFO - Sync 1 DAGs
[2025-01-21T20:45:42.566+0000] {logging_mixin.py:190} INFO - [2025-01-21T20:45:42.566+0000] {dag.py:4180} INFO - Setting next_dagrun for example_complex to None, run_after=None
[2025-01-21T20:45:42.608+0000] {processor.py:208} INFO - Processing /root/airflow-venv/lib/python3.12/site-packages/airflow/example_dags/example_complex.py took 0.181 seconds
