[2025-01-21T01:50:13.523+0000] {processor.py:186} INFO - Started process (PID=995497) to work on /root/airflow-venv/lib/python3.12/site-packages/airflow/example_dags/example_external_task_marker_dag.py
[2025-01-21T01:50:13.525+0000] {processor.py:914} INFO - Processing file /root/airflow-venv/lib/python3.12/site-packages/airflow/example_dags/example_external_task_marker_dag.py for tasks to queue
[2025-01-21T01:50:13.529+0000] {logging_mixin.py:190} INFO - [2025-01-21T01:50:13.529+0000] {dagbag.py:588} INFO - Filling up the DagBag from /root/airflow-venv/lib/python3.12/site-packages/airflow/example_dags/example_external_task_marker_dag.py
[2025-01-21T01:50:13.543+0000] {processor.py:925} INFO - DAG(s) 'example_external_task_marker_child', 'example_external_task_marker_parent' retrieved from /root/airflow-venv/lib/python3.12/site-packages/airflow/example_dags/example_external_task_marker_dag.py
[2025-01-21T01:50:13.574+0000] {logging_mixin.py:190} INFO - [2025-01-21T01:50:13.573+0000] {dag.py:3239} INFO - Sync 2 DAGs
[2025-01-21T01:50:13.592+0000] {logging_mixin.py:190} INFO - [2025-01-21T01:50:13.592+0000] {dag.py:4180} INFO - Setting next_dagrun for example_external_task_marker_child to None, run_after=None
[2025-01-21T01:50:13.598+0000] {logging_mixin.py:190} INFO - [2025-01-21T01:50:13.597+0000] {dag.py:4180} INFO - Setting next_dagrun for example_external_task_marker_parent to None, run_after=None
[2025-01-21T01:50:13.630+0000] {processor.py:208} INFO - Processing /root/airflow-venv/lib/python3.12/site-packages/airflow/example_dags/example_external_task_marker_dag.py took 0.116 seconds
[2025-01-21T01:51:20.278+0000] {processor.py:186} INFO - Started process (PID=995565) to work on /root/airflow-venv/lib/python3.12/site-packages/airflow/example_dags/example_external_task_marker_dag.py
[2025-01-21T01:51:20.280+0000] {processor.py:914} INFO - Processing file /root/airflow-venv/lib/python3.12/site-packages/airflow/example_dags/example_external_task_marker_dag.py for tasks to queue
[2025-01-21T01:51:20.284+0000] {logging_mixin.py:190} INFO - [2025-01-21T01:51:20.284+0000] {dagbag.py:588} INFO - Filling up the DagBag from /root/airflow-venv/lib/python3.12/site-packages/airflow/example_dags/example_external_task_marker_dag.py
[2025-01-21T01:51:20.302+0000] {processor.py:925} INFO - DAG(s) 'example_external_task_marker_parent', 'example_external_task_marker_child' retrieved from /root/airflow-venv/lib/python3.12/site-packages/airflow/example_dags/example_external_task_marker_dag.py
[2025-01-21T01:51:20.344+0000] {logging_mixin.py:190} INFO - [2025-01-21T01:51:20.343+0000] {dag.py:3239} INFO - Sync 2 DAGs
[2025-01-21T01:51:20.373+0000] {logging_mixin.py:190} INFO - [2025-01-21T01:51:20.373+0000] {dag.py:4180} INFO - Setting next_dagrun for example_external_task_marker_child to None, run_after=None
[2025-01-21T01:51:20.381+0000] {logging_mixin.py:190} INFO - [2025-01-21T01:51:20.381+0000] {dag.py:4180} INFO - Setting next_dagrun for example_external_task_marker_parent to None, run_after=None
[2025-01-21T01:51:20.411+0000] {processor.py:208} INFO - Processing /root/airflow-venv/lib/python3.12/site-packages/airflow/example_dags/example_external_task_marker_dag.py took 0.145 seconds
[2025-01-21T01:52:22.525+0000] {processor.py:186} INFO - Started process (PID=995633) to work on /root/airflow-venv/lib/python3.12/site-packages/airflow/example_dags/example_external_task_marker_dag.py
[2025-01-21T01:52:22.526+0000] {processor.py:914} INFO - Processing file /root/airflow-venv/lib/python3.12/site-packages/airflow/example_dags/example_external_task_marker_dag.py for tasks to queue
[2025-01-21T01:52:22.530+0000] {logging_mixin.py:190} INFO - [2025-01-21T01:52:22.529+0000] {dagbag.py:588} INFO - Filling up the DagBag from /root/airflow-venv/lib/python3.12/site-packages/airflow/example_dags/example_external_task_marker_dag.py
[2025-01-21T01:52:22.543+0000] {processor.py:925} INFO - DAG(s) 'example_external_task_marker_child', 'example_external_task_marker_parent' retrieved from /root/airflow-venv/lib/python3.12/site-packages/airflow/example_dags/example_external_task_marker_dag.py
[2025-01-21T01:52:22.579+0000] {logging_mixin.py:190} INFO - [2025-01-21T01:52:22.578+0000] {dag.py:3239} INFO - Sync 2 DAGs
[2025-01-21T01:52:22.599+0000] {logging_mixin.py:190} INFO - [2025-01-21T01:52:22.599+0000] {dag.py:4180} INFO - Setting next_dagrun for example_external_task_marker_child to None, run_after=None
[2025-01-21T01:52:22.604+0000] {logging_mixin.py:190} INFO - [2025-01-21T01:52:22.604+0000] {dag.py:4180} INFO - Setting next_dagrun for example_external_task_marker_parent to None, run_after=None
[2025-01-21T01:52:22.642+0000] {processor.py:208} INFO - Processing /root/airflow-venv/lib/python3.12/site-packages/airflow/example_dags/example_external_task_marker_dag.py took 0.128 seconds
[2025-01-21T01:53:27.634+0000] {processor.py:186} INFO - Started process (PID=995700) to work on /root/airflow-venv/lib/python3.12/site-packages/airflow/example_dags/example_external_task_marker_dag.py
[2025-01-21T01:53:27.636+0000] {processor.py:914} INFO - Processing file /root/airflow-venv/lib/python3.12/site-packages/airflow/example_dags/example_external_task_marker_dag.py for tasks to queue
[2025-01-21T01:53:27.640+0000] {logging_mixin.py:190} INFO - [2025-01-21T01:53:27.639+0000] {dagbag.py:588} INFO - Filling up the DagBag from /root/airflow-venv/lib/python3.12/site-packages/airflow/example_dags/example_external_task_marker_dag.py
[2025-01-21T01:53:27.653+0000] {processor.py:925} INFO - DAG(s) 'example_external_task_marker_parent', 'example_external_task_marker_child' retrieved from /root/airflow-venv/lib/python3.12/site-packages/airflow/example_dags/example_external_task_marker_dag.py
[2025-01-21T01:53:27.685+0000] {logging_mixin.py:190} INFO - [2025-01-21T01:53:27.684+0000] {dag.py:3239} INFO - Sync 2 DAGs
[2025-01-21T01:53:27.705+0000] {logging_mixin.py:190} INFO - [2025-01-21T01:53:27.704+0000] {dag.py:4180} INFO - Setting next_dagrun for example_external_task_marker_child to None, run_after=None
[2025-01-21T01:53:27.710+0000] {logging_mixin.py:190} INFO - [2025-01-21T01:53:27.710+0000] {dag.py:4180} INFO - Setting next_dagrun for example_external_task_marker_parent to None, run_after=None
[2025-01-21T01:53:27.744+0000] {processor.py:208} INFO - Processing /root/airflow-venv/lib/python3.12/site-packages/airflow/example_dags/example_external_task_marker_dag.py took 0.122 seconds
[2025-01-21T20:45:27.895+0000] {processor.py:186} INFO - Started process (PID=1007690) to work on /root/airflow-venv/lib/python3.12/site-packages/airflow/example_dags/example_external_task_marker_dag.py
[2025-01-21T20:45:27.897+0000] {processor.py:914} INFO - Processing file /root/airflow-venv/lib/python3.12/site-packages/airflow/example_dags/example_external_task_marker_dag.py for tasks to queue
[2025-01-21T20:45:27.903+0000] {logging_mixin.py:190} INFO - [2025-01-21T20:45:27.902+0000] {dagbag.py:588} INFO - Filling up the DagBag from /root/airflow-venv/lib/python3.12/site-packages/airflow/example_dags/example_external_task_marker_dag.py
[2025-01-21T20:45:27.919+0000] {processor.py:925} INFO - DAG(s) 'example_external_task_marker_child', 'example_external_task_marker_parent' retrieved from /root/airflow-venv/lib/python3.12/site-packages/airflow/example_dags/example_external_task_marker_dag.py
[2025-01-21T20:45:27.953+0000] {logging_mixin.py:190} INFO - [2025-01-21T20:45:27.952+0000] {dag.py:3239} INFO - Sync 2 DAGs
[2025-01-21T20:45:27.984+0000] {logging_mixin.py:190} INFO - [2025-01-21T20:45:27.983+0000] {dag.py:4180} INFO - Setting next_dagrun for example_external_task_marker_child to None, run_after=None
[2025-01-21T20:45:27.990+0000] {logging_mixin.py:190} INFO - [2025-01-21T20:45:27.990+0000] {dag.py:4180} INFO - Setting next_dagrun for example_external_task_marker_parent to None, run_after=None
[2025-01-21T20:45:28.038+0000] {processor.py:208} INFO - Processing /root/airflow-venv/lib/python3.12/site-packages/airflow/example_dags/example_external_task_marker_dag.py took 0.153 seconds
[2025-01-21T20:46:42.287+0000] {processor.py:186} INFO - Started process (PID=1007767) to work on /root/airflow-venv/lib/python3.12/site-packages/airflow/example_dags/example_external_task_marker_dag.py
[2025-01-21T20:46:42.291+0000] {processor.py:914} INFO - Processing file /root/airflow-venv/lib/python3.12/site-packages/airflow/example_dags/example_external_task_marker_dag.py for tasks to queue
[2025-01-21T20:46:42.296+0000] {logging_mixin.py:190} INFO - [2025-01-21T20:46:42.295+0000] {dagbag.py:588} INFO - Filling up the DagBag from /root/airflow-venv/lib/python3.12/site-packages/airflow/example_dags/example_external_task_marker_dag.py
[2025-01-21T20:46:42.314+0000] {processor.py:925} INFO - DAG(s) 'example_external_task_marker_parent', 'example_external_task_marker_child' retrieved from /root/airflow-venv/lib/python3.12/site-packages/airflow/example_dags/example_external_task_marker_dag.py
[2025-01-21T20:46:42.353+0000] {logging_mixin.py:190} INFO - [2025-01-21T20:46:42.352+0000] {dag.py:3239} INFO - Sync 2 DAGs
[2025-01-21T20:46:42.379+0000] {logging_mixin.py:190} INFO - [2025-01-21T20:46:42.378+0000] {dag.py:4180} INFO - Setting next_dagrun for example_external_task_marker_child to None, run_after=None
[2025-01-21T20:46:42.385+0000] {logging_mixin.py:190} INFO - [2025-01-21T20:46:42.385+0000] {dag.py:4180} INFO - Setting next_dagrun for example_external_task_marker_parent to None, run_after=None
[2025-01-21T20:46:42.427+0000] {processor.py:208} INFO - Processing /root/airflow-venv/lib/python3.12/site-packages/airflow/example_dags/example_external_task_marker_dag.py took 0.151 seconds
