[2025-01-21T01:50:07.264+0000] {processor.py:186} INFO - Started process (PID=995492) to work on /root/airflow-venv/lib/python3.12/site-packages/airflow/example_dags/example_outlet_event_extra.py
[2025-01-21T01:50:07.266+0000] {processor.py:914} INFO - Processing file /root/airflow-venv/lib/python3.12/site-packages/airflow/example_dags/example_outlet_event_extra.py for tasks to queue
[2025-01-21T01:50:07.270+0000] {logging_mixin.py:190} INFO - [2025-01-21T01:50:07.269+0000] {dagbag.py:588} INFO - Filling up the DagBag from /root/airflow-venv/lib/python3.12/site-packages/airflow/example_dags/example_outlet_event_extra.py
[2025-01-21T01:50:07.295+0000] {processor.py:925} INFO - DAG(s) 'dataset_with_extra_by_context', 'dataset_with_extra_by_yield', 'dataset_with_extra_from_classic_operator' retrieved from /root/airflow-venv/lib/python3.12/site-packages/airflow/example_dags/example_outlet_event_extra.py
[2025-01-21T01:50:07.339+0000] {logging_mixin.py:190} INFO - [2025-01-21T01:50:07.338+0000] {dag.py:3239} INFO - Sync 3 DAGs
[2025-01-21T01:50:07.379+0000] {logging_mixin.py:190} INFO - [2025-01-21T01:50:07.378+0000] {dag.py:4180} INFO - Setting next_dagrun for dataset_with_extra_by_context to 2025-01-20 00:00:00+00:00, run_after=2025-01-21 00:00:00+00:00
[2025-01-21T01:50:07.386+0000] {logging_mixin.py:190} INFO - [2025-01-21T01:50:07.386+0000] {dag.py:4180} INFO - Setting next_dagrun for dataset_with_extra_by_yield to 2025-01-20 00:00:00+00:00, run_after=2025-01-21 00:00:00+00:00
[2025-01-21T01:50:07.390+0000] {logging_mixin.py:190} INFO - [2025-01-21T01:50:07.390+0000] {dag.py:4180} INFO - Setting next_dagrun for dataset_with_extra_from_classic_operator to 2025-01-20 00:00:00+00:00, run_after=2025-01-21 00:00:00+00:00
[2025-01-21T01:50:07.435+0000] {processor.py:208} INFO - Processing /root/airflow-venv/lib/python3.12/site-packages/airflow/example_dags/example_outlet_event_extra.py took 0.182 seconds
[2025-01-21T01:51:14.977+0000] {processor.py:186} INFO - Started process (PID=995560) to work on /root/airflow-venv/lib/python3.12/site-packages/airflow/example_dags/example_outlet_event_extra.py
[2025-01-21T01:51:14.980+0000] {processor.py:914} INFO - Processing file /root/airflow-venv/lib/python3.12/site-packages/airflow/example_dags/example_outlet_event_extra.py for tasks to queue
[2025-01-21T01:51:14.985+0000] {logging_mixin.py:190} INFO - [2025-01-21T01:51:14.984+0000] {dagbag.py:588} INFO - Filling up the DagBag from /root/airflow-venv/lib/python3.12/site-packages/airflow/example_dags/example_outlet_event_extra.py
[2025-01-21T01:51:15.015+0000] {processor.py:925} INFO - DAG(s) 'dataset_with_extra_by_yield', 'dataset_with_extra_by_context', 'dataset_with_extra_from_classic_operator' retrieved from /root/airflow-venv/lib/python3.12/site-packages/airflow/example_dags/example_outlet_event_extra.py
[2025-01-21T01:51:15.057+0000] {logging_mixin.py:190} INFO - [2025-01-21T01:51:15.056+0000] {dag.py:3239} INFO - Sync 3 DAGs
[2025-01-21T01:51:15.097+0000] {logging_mixin.py:190} INFO - [2025-01-21T01:51:15.097+0000] {dag.py:4180} INFO - Setting next_dagrun for dataset_with_extra_by_context to 2025-01-20 00:00:00+00:00, run_after=2025-01-21 00:00:00+00:00
[2025-01-21T01:51:15.105+0000] {logging_mixin.py:190} INFO - [2025-01-21T01:51:15.104+0000] {dag.py:4180} INFO - Setting next_dagrun for dataset_with_extra_by_yield to 2025-01-20 00:00:00+00:00, run_after=2025-01-21 00:00:00+00:00
[2025-01-21T01:51:15.107+0000] {logging_mixin.py:190} INFO - [2025-01-21T01:51:15.107+0000] {dag.py:4180} INFO - Setting next_dagrun for dataset_with_extra_from_classic_operator to 2025-01-20 00:00:00+00:00, run_after=2025-01-21 00:00:00+00:00
[2025-01-21T01:51:15.150+0000] {processor.py:208} INFO - Processing /root/airflow-venv/lib/python3.12/site-packages/airflow/example_dags/example_outlet_event_extra.py took 0.184 seconds
[2025-01-21T01:52:17.542+0000] {processor.py:186} INFO - Started process (PID=995628) to work on /root/airflow-venv/lib/python3.12/site-packages/airflow/example_dags/example_outlet_event_extra.py
[2025-01-21T01:52:17.545+0000] {processor.py:914} INFO - Processing file /root/airflow-venv/lib/python3.12/site-packages/airflow/example_dags/example_outlet_event_extra.py for tasks to queue
[2025-01-21T01:52:17.550+0000] {logging_mixin.py:190} INFO - [2025-01-21T01:52:17.549+0000] {dagbag.py:588} INFO - Filling up the DagBag from /root/airflow-venv/lib/python3.12/site-packages/airflow/example_dags/example_outlet_event_extra.py
[2025-01-21T01:52:17.579+0000] {processor.py:925} INFO - DAG(s) 'dataset_with_extra_from_classic_operator', 'dataset_with_extra_by_yield', 'dataset_with_extra_by_context' retrieved from /root/airflow-venv/lib/python3.12/site-packages/airflow/example_dags/example_outlet_event_extra.py
[2025-01-21T01:52:17.622+0000] {logging_mixin.py:190} INFO - [2025-01-21T01:52:17.622+0000] {dag.py:3239} INFO - Sync 3 DAGs
[2025-01-21T01:52:17.661+0000] {logging_mixin.py:190} INFO - [2025-01-21T01:52:17.661+0000] {dag.py:4180} INFO - Setting next_dagrun for dataset_with_extra_by_context to 2025-01-20 00:00:00+00:00, run_after=2025-01-21 00:00:00+00:00
[2025-01-21T01:52:17.670+0000] {logging_mixin.py:190} INFO - [2025-01-21T01:52:17.669+0000] {dag.py:4180} INFO - Setting next_dagrun for dataset_with_extra_by_yield to 2025-01-20 00:00:00+00:00, run_after=2025-01-21 00:00:00+00:00
[2025-01-21T01:52:17.673+0000] {logging_mixin.py:190} INFO - [2025-01-21T01:52:17.673+0000] {dag.py:4180} INFO - Setting next_dagrun for dataset_with_extra_from_classic_operator to 2025-01-20 00:00:00+00:00, run_after=2025-01-21 00:00:00+00:00
[2025-01-21T01:52:17.725+0000] {processor.py:208} INFO - Processing /root/airflow-venv/lib/python3.12/site-packages/airflow/example_dags/example_outlet_event_extra.py took 0.198 seconds
[2025-01-21T01:53:22.343+0000] {processor.py:186} INFO - Started process (PID=995695) to work on /root/airflow-venv/lib/python3.12/site-packages/airflow/example_dags/example_outlet_event_extra.py
[2025-01-21T01:53:22.346+0000] {processor.py:914} INFO - Processing file /root/airflow-venv/lib/python3.12/site-packages/airflow/example_dags/example_outlet_event_extra.py for tasks to queue
[2025-01-21T01:53:22.350+0000] {logging_mixin.py:190} INFO - [2025-01-21T01:53:22.349+0000] {dagbag.py:588} INFO - Filling up the DagBag from /root/airflow-venv/lib/python3.12/site-packages/airflow/example_dags/example_outlet_event_extra.py
[2025-01-21T01:53:22.372+0000] {processor.py:925} INFO - DAG(s) 'dataset_with_extra_by_yield', 'dataset_with_extra_from_classic_operator', 'dataset_with_extra_by_context' retrieved from /root/airflow-venv/lib/python3.12/site-packages/airflow/example_dags/example_outlet_event_extra.py
[2025-01-21T01:53:22.411+0000] {logging_mixin.py:190} INFO - [2025-01-21T01:53:22.411+0000] {dag.py:3239} INFO - Sync 3 DAGs
[2025-01-21T01:53:22.449+0000] {logging_mixin.py:190} INFO - [2025-01-21T01:53:22.449+0000] {dag.py:4180} INFO - Setting next_dagrun for dataset_with_extra_by_context to 2025-01-20 00:00:00+00:00, run_after=2025-01-21 00:00:00+00:00
[2025-01-21T01:53:22.456+0000] {logging_mixin.py:190} INFO - [2025-01-21T01:53:22.455+0000] {dag.py:4180} INFO - Setting next_dagrun for dataset_with_extra_by_yield to 2025-01-20 00:00:00+00:00, run_after=2025-01-21 00:00:00+00:00
[2025-01-21T01:53:22.459+0000] {logging_mixin.py:190} INFO - [2025-01-21T01:53:22.459+0000] {dag.py:4180} INFO - Setting next_dagrun for dataset_with_extra_from_classic_operator to 2025-01-20 00:00:00+00:00, run_after=2025-01-21 00:00:00+00:00
[2025-01-21T01:53:22.495+0000] {processor.py:208} INFO - Processing /root/airflow-venv/lib/python3.12/site-packages/airflow/example_dags/example_outlet_event_extra.py took 0.164 seconds
[2025-01-21T20:45:21.420+0000] {processor.py:186} INFO - Started process (PID=1007682) to work on /root/airflow-venv/lib/python3.12/site-packages/airflow/example_dags/example_outlet_event_extra.py
[2025-01-21T20:45:21.423+0000] {processor.py:914} INFO - Processing file /root/airflow-venv/lib/python3.12/site-packages/airflow/example_dags/example_outlet_event_extra.py for tasks to queue
[2025-01-21T20:45:21.430+0000] {logging_mixin.py:190} INFO - [2025-01-21T20:45:21.429+0000] {dagbag.py:588} INFO - Filling up the DagBag from /root/airflow-venv/lib/python3.12/site-packages/airflow/example_dags/example_outlet_event_extra.py
[2025-01-21T20:45:21.474+0000] {processor.py:925} INFO - DAG(s) 'dataset_with_extra_from_classic_operator', 'dataset_with_extra_by_context', 'dataset_with_extra_by_yield' retrieved from /root/airflow-venv/lib/python3.12/site-packages/airflow/example_dags/example_outlet_event_extra.py
[2025-01-21T20:45:21.551+0000] {logging_mixin.py:190} INFO - [2025-01-21T20:45:21.551+0000] {dag.py:3239} INFO - Sync 3 DAGs
[2025-01-21T20:45:21.610+0000] {logging_mixin.py:190} INFO - [2025-01-21T20:45:21.609+0000] {dag.py:4180} INFO - Setting next_dagrun for dataset_with_extra_by_context to 2025-01-20 00:00:00+00:00, run_after=2025-01-21 00:00:00+00:00
[2025-01-21T20:45:21.619+0000] {logging_mixin.py:190} INFO - [2025-01-21T20:45:21.619+0000] {dag.py:4180} INFO - Setting next_dagrun for dataset_with_extra_by_yield to 2025-01-20 00:00:00+00:00, run_after=2025-01-21 00:00:00+00:00
[2025-01-21T20:45:21.624+0000] {logging_mixin.py:190} INFO - [2025-01-21T20:45:21.623+0000] {dag.py:4180} INFO - Setting next_dagrun for dataset_with_extra_from_classic_operator to 2025-01-20 00:00:00+00:00, run_after=2025-01-21 00:00:00+00:00
[2025-01-21T20:45:21.709+0000] {processor.py:208} INFO - Processing /root/airflow-venv/lib/python3.12/site-packages/airflow/example_dags/example_outlet_event_extra.py took 0.302 seconds
[2025-01-21T20:46:35.714+0000] {processor.py:186} INFO - Started process (PID=1007760) to work on /root/airflow-venv/lib/python3.12/site-packages/airflow/example_dags/example_outlet_event_extra.py
[2025-01-21T20:46:35.717+0000] {processor.py:914} INFO - Processing file /root/airflow-venv/lib/python3.12/site-packages/airflow/example_dags/example_outlet_event_extra.py for tasks to queue
[2025-01-21T20:46:35.724+0000] {logging_mixin.py:190} INFO - [2025-01-21T20:46:35.723+0000] {dagbag.py:588} INFO - Filling up the DagBag from /root/airflow-venv/lib/python3.12/site-packages/airflow/example_dags/example_outlet_event_extra.py
[2025-01-21T20:46:35.768+0000] {processor.py:925} INFO - DAG(s) 'dataset_with_extra_by_context', 'dataset_with_extra_from_classic_operator', 'dataset_with_extra_by_yield' retrieved from /root/airflow-venv/lib/python3.12/site-packages/airflow/example_dags/example_outlet_event_extra.py
[2025-01-21T20:46:35.819+0000] {logging_mixin.py:190} INFO - [2025-01-21T20:46:35.818+0000] {dag.py:3239} INFO - Sync 3 DAGs
[2025-01-21T20:46:35.870+0000] {logging_mixin.py:190} INFO - [2025-01-21T20:46:35.870+0000] {dag.py:4180} INFO - Setting next_dagrun for dataset_with_extra_by_context to 2025-01-20 00:00:00+00:00, run_after=2025-01-21 00:00:00+00:00
[2025-01-21T20:46:35.880+0000] {logging_mixin.py:190} INFO - [2025-01-21T20:46:35.879+0000] {dag.py:4180} INFO - Setting next_dagrun for dataset_with_extra_by_yield to 2025-01-20 00:00:00+00:00, run_after=2025-01-21 00:00:00+00:00
[2025-01-21T20:46:35.884+0000] {logging_mixin.py:190} INFO - [2025-01-21T20:46:35.884+0000] {dag.py:4180} INFO - Setting next_dagrun for dataset_with_extra_from_classic_operator to 2025-01-20 00:00:00+00:00, run_after=2025-01-21 00:00:00+00:00
[2025-01-21T20:46:35.945+0000] {processor.py:208} INFO - Processing /root/airflow-venv/lib/python3.12/site-packages/airflow/example_dags/example_outlet_event_extra.py took 0.244 seconds
