[2025-01-21T01:49:55.369+0000] {processor.py:186} INFO - Started process (PID=995472) to work on /root/airflow-venv/lib/python3.12/site-packages/airflow/example_dags/example_sla_dag.py
[2025-01-21T01:49:55.371+0000] {processor.py:914} INFO - Processing file /root/airflow-venv/lib/python3.12/site-packages/airflow/example_dags/example_sla_dag.py for tasks to queue
[2025-01-21T01:49:55.374+0000] {logging_mixin.py:190} INFO - [2025-01-21T01:49:55.373+0000] {dagbag.py:588} INFO - Filling up the DagBag from /root/airflow-venv/lib/python3.12/site-packages/airflow/example_dags/example_sla_dag.py
[2025-01-21T01:49:55.388+0000] {processor.py:925} INFO - DAG(s) 'example_sla_dag' retrieved from /root/airflow-venv/lib/python3.12/site-packages/airflow/example_dags/example_sla_dag.py
[2025-01-21T01:49:55.416+0000] {logging_mixin.py:190} INFO - [2025-01-21T01:49:55.416+0000] {dag.py:3239} INFO - Sync 1 DAGs
[2025-01-21T01:49:55.453+0000] {logging_mixin.py:190} INFO - [2025-01-21T01:49:55.453+0000] {dag.py:4180} INFO - Setting next_dagrun for example_sla_dag to 2025-01-21 01:46:00+00:00, run_after=2025-01-21 01:48:00+00:00
[2025-01-21T01:49:55.484+0000] {processor.py:208} INFO - Processing /root/airflow-venv/lib/python3.12/site-packages/airflow/example_dags/example_sla_dag.py took 0.126 seconds
[2025-01-21T01:50:59.075+0000] {processor.py:186} INFO - Started process (PID=995544) to work on /root/airflow-venv/lib/python3.12/site-packages/airflow/example_dags/example_sla_dag.py
[2025-01-21T01:50:59.077+0000] {processor.py:914} INFO - Processing file /root/airflow-venv/lib/python3.12/site-packages/airflow/example_dags/example_sla_dag.py for tasks to queue
[2025-01-21T01:50:59.083+0000] {logging_mixin.py:190} INFO - [2025-01-21T01:50:59.082+0000] {dagbag.py:588} INFO - Filling up the DagBag from /root/airflow-venv/lib/python3.12/site-packages/airflow/example_dags/example_sla_dag.py
[2025-01-21T01:50:59.104+0000] {processor.py:925} INFO - DAG(s) 'example_sla_dag' retrieved from /root/airflow-venv/lib/python3.12/site-packages/airflow/example_dags/example_sla_dag.py
[2025-01-21T01:50:59.138+0000] {logging_mixin.py:190} INFO - [2025-01-21T01:50:59.137+0000] {dag.py:3239} INFO - Sync 1 DAGs
[2025-01-21T01:50:59.180+0000] {logging_mixin.py:190} INFO - [2025-01-21T01:50:59.180+0000] {dag.py:4180} INFO - Setting next_dagrun for example_sla_dag to 2025-01-21 01:48:00+00:00, run_after=2025-01-21 01:50:00+00:00
[2025-01-21T01:50:59.220+0000] {processor.py:208} INFO - Processing /root/airflow-venv/lib/python3.12/site-packages/airflow/example_dags/example_sla_dag.py took 0.160 seconds
[2025-01-21T01:52:00.702+0000] {processor.py:186} INFO - Started process (PID=995611) to work on /root/airflow-venv/lib/python3.12/site-packages/airflow/example_dags/example_sla_dag.py
[2025-01-21T01:52:00.704+0000] {processor.py:914} INFO - Processing file /root/airflow-venv/lib/python3.12/site-packages/airflow/example_dags/example_sla_dag.py for tasks to queue
[2025-01-21T01:52:00.709+0000] {logging_mixin.py:190} INFO - [2025-01-21T01:52:00.708+0000] {dagbag.py:588} INFO - Filling up the DagBag from /root/airflow-venv/lib/python3.12/site-packages/airflow/example_dags/example_sla_dag.py
[2025-01-21T01:52:00.731+0000] {processor.py:925} INFO - DAG(s) 'example_sla_dag' retrieved from /root/airflow-venv/lib/python3.12/site-packages/airflow/example_dags/example_sla_dag.py
[2025-01-21T01:52:00.762+0000] {logging_mixin.py:190} INFO - [2025-01-21T01:52:00.761+0000] {dag.py:3239} INFO - Sync 1 DAGs
[2025-01-21T01:52:00.809+0000] {logging_mixin.py:190} INFO - [2025-01-21T01:52:00.809+0000] {dag.py:4180} INFO - Setting next_dagrun for example_sla_dag to 2025-01-21 01:50:00+00:00, run_after=2025-01-21 01:52:00+00:00
[2025-01-21T01:52:00.852+0000] {processor.py:208} INFO - Processing /root/airflow-venv/lib/python3.12/site-packages/airflow/example_dags/example_sla_dag.py took 0.161 seconds
[2025-01-21T01:53:07.824+0000] {processor.py:186} INFO - Started process (PID=995678) to work on /root/airflow-venv/lib/python3.12/site-packages/airflow/example_dags/example_sla_dag.py
[2025-01-21T01:53:07.826+0000] {processor.py:914} INFO - Processing file /root/airflow-venv/lib/python3.12/site-packages/airflow/example_dags/example_sla_dag.py for tasks to queue
[2025-01-21T01:53:07.832+0000] {logging_mixin.py:190} INFO - [2025-01-21T01:53:07.831+0000] {dagbag.py:588} INFO - Filling up the DagBag from /root/airflow-venv/lib/python3.12/site-packages/airflow/example_dags/example_sla_dag.py
[2025-01-21T01:53:07.851+0000] {processor.py:925} INFO - DAG(s) 'example_sla_dag' retrieved from /root/airflow-venv/lib/python3.12/site-packages/airflow/example_dags/example_sla_dag.py
[2025-01-21T01:53:07.876+0000] {logging_mixin.py:190} INFO - [2025-01-21T01:53:07.876+0000] {dag.py:3239} INFO - Sync 1 DAGs
[2025-01-21T01:53:07.912+0000] {logging_mixin.py:190} INFO - [2025-01-21T01:53:07.911+0000] {dag.py:4180} INFO - Setting next_dagrun for example_sla_dag to 2025-01-21 01:50:00+00:00, run_after=2025-01-21 01:52:00+00:00
[2025-01-21T01:53:07.949+0000] {processor.py:208} INFO - Processing /root/airflow-venv/lib/python3.12/site-packages/airflow/example_dags/example_sla_dag.py took 0.135 seconds
[2025-01-21T01:54:09.162+0000] {processor.py:186} INFO - Started process (PID=995743) to work on /root/airflow-venv/lib/python3.12/site-packages/airflow/example_dags/example_sla_dag.py
[2025-01-21T01:54:09.164+0000] {processor.py:914} INFO - Processing file /root/airflow-venv/lib/python3.12/site-packages/airflow/example_dags/example_sla_dag.py for tasks to queue
[2025-01-21T01:54:09.169+0000] {logging_mixin.py:190} INFO - [2025-01-21T01:54:09.168+0000] {dagbag.py:588} INFO - Filling up the DagBag from /root/airflow-venv/lib/python3.12/site-packages/airflow/example_dags/example_sla_dag.py
[2025-01-21T01:54:09.193+0000] {processor.py:925} INFO - DAG(s) 'example_sla_dag' retrieved from /root/airflow-venv/lib/python3.12/site-packages/airflow/example_dags/example_sla_dag.py
[2025-01-21T01:54:09.227+0000] {logging_mixin.py:190} INFO - [2025-01-21T01:54:09.227+0000] {dag.py:3239} INFO - Sync 1 DAGs
[2025-01-21T01:54:09.274+0000] {logging_mixin.py:190} INFO - [2025-01-21T01:54:09.273+0000] {dag.py:4180} INFO - Setting next_dagrun for example_sla_dag to 2025-01-21 01:52:00+00:00, run_after=2025-01-21 01:54:00+00:00
[2025-01-21T01:54:09.310+0000] {processor.py:208} INFO - Processing /root/airflow-venv/lib/python3.12/site-packages/airflow/example_dags/example_sla_dag.py took 0.161 seconds
[2025-01-21T20:45:07.139+0000] {processor.py:186} INFO - Started process (PID=1007667) to work on /root/airflow-venv/lib/python3.12/site-packages/airflow/example_dags/example_sla_dag.py
[2025-01-21T20:45:07.141+0000] {processor.py:914} INFO - Processing file /root/airflow-venv/lib/python3.12/site-packages/airflow/example_dags/example_sla_dag.py for tasks to queue
[2025-01-21T20:45:07.147+0000] {logging_mixin.py:190} INFO - [2025-01-21T20:45:07.146+0000] {dagbag.py:588} INFO - Filling up the DagBag from /root/airflow-venv/lib/python3.12/site-packages/airflow/example_dags/example_sla_dag.py
[2025-01-21T20:45:07.171+0000] {processor.py:925} INFO - DAG(s) 'example_sla_dag' retrieved from /root/airflow-venv/lib/python3.12/site-packages/airflow/example_dags/example_sla_dag.py
[2025-01-21T20:45:07.214+0000] {logging_mixin.py:190} INFO - [2025-01-21T20:45:07.213+0000] {dag.py:3239} INFO - Sync 1 DAGs
[2025-01-21T20:45:07.264+0000] {logging_mixin.py:190} INFO - [2025-01-21T20:45:07.264+0000] {dag.py:4180} INFO - Setting next_dagrun for example_sla_dag to 2025-01-21 20:42:00+00:00, run_after=2025-01-21 20:44:00+00:00
[2025-01-21T20:45:07.320+0000] {processor.py:208} INFO - Processing /root/airflow-venv/lib/python3.12/site-packages/airflow/example_dags/example_sla_dag.py took 0.194 seconds
[2025-01-21T20:46:13.930+0000] {processor.py:186} INFO - Started process (PID=1007741) to work on /root/airflow-venv/lib/python3.12/site-packages/airflow/example_dags/example_sla_dag.py
[2025-01-21T20:46:13.932+0000] {processor.py:914} INFO - Processing file /root/airflow-venv/lib/python3.12/site-packages/airflow/example_dags/example_sla_dag.py for tasks to queue
[2025-01-21T20:46:13.937+0000] {logging_mixin.py:190} INFO - [2025-01-21T20:46:13.936+0000] {dagbag.py:588} INFO - Filling up the DagBag from /root/airflow-venv/lib/python3.12/site-packages/airflow/example_dags/example_sla_dag.py
[2025-01-21T20:46:13.957+0000] {processor.py:925} INFO - DAG(s) 'example_sla_dag' retrieved from /root/airflow-venv/lib/python3.12/site-packages/airflow/example_dags/example_sla_dag.py
[2025-01-21T20:46:13.983+0000] {logging_mixin.py:190} INFO - [2025-01-21T20:46:13.983+0000] {dag.py:3239} INFO - Sync 1 DAGs
[2025-01-21T20:46:14.025+0000] {logging_mixin.py:190} INFO - [2025-01-21T20:46:14.024+0000] {dag.py:4180} INFO - Setting next_dagrun for example_sla_dag to 2025-01-21 20:44:00+00:00, run_after=2025-01-21 20:46:00+00:00
[2025-01-21T20:46:14.068+0000] {processor.py:208} INFO - Processing /root/airflow-venv/lib/python3.12/site-packages/airflow/example_dags/example_sla_dag.py took 0.148 seconds
