[2025-01-21T01:49:44.740+0000] {processor.py:186} INFO - Started process (PID=995462) to work on /root/airflow-venv/lib/python3.12/site-packages/airflow/example_dags/example_xcom.py
[2025-01-21T01:49:44.742+0000] {processor.py:914} INFO - Processing file /root/airflow-venv/lib/python3.12/site-packages/airflow/example_dags/example_xcom.py for tasks to queue
[2025-01-21T01:49:44.746+0000] {logging_mixin.py:190} INFO - [2025-01-21T01:49:44.745+0000] {dagbag.py:588} INFO - Filling up the DagBag from /root/airflow-venv/lib/python3.12/site-packages/airflow/example_dags/example_xcom.py
[2025-01-21T01:49:44.765+0000] {processor.py:925} INFO - DAG(s) 'example_xcom' retrieved from /root/airflow-venv/lib/python3.12/site-packages/airflow/example_dags/example_xcom.py
[2025-01-21T01:49:44.830+0000] {logging_mixin.py:190} INFO - [2025-01-21T01:49:44.829+0000] {dag.py:3239} INFO - Sync 1 DAGs
[2025-01-21T01:49:44.872+0000] {logging_mixin.py:190} INFO - [2025-01-21T01:49:44.872+0000] {dag.py:4180} INFO - Setting next_dagrun for example_xcom to 2021-01-01 00:00:00+00:00, run_after=2021-01-01 00:00:00+00:00
[2025-01-21T01:49:44.921+0000] {processor.py:208} INFO - Processing /root/airflow-venv/lib/python3.12/site-packages/airflow/example_dags/example_xcom.py took 0.192 seconds
[2025-01-21T01:50:47.506+0000] {processor.py:186} INFO - Started process (PID=995532) to work on /root/airflow-venv/lib/python3.12/site-packages/airflow/example_dags/example_xcom.py
[2025-01-21T01:50:47.508+0000] {processor.py:914} INFO - Processing file /root/airflow-venv/lib/python3.12/site-packages/airflow/example_dags/example_xcom.py for tasks to queue
[2025-01-21T01:50:47.512+0000] {logging_mixin.py:190} INFO - [2025-01-21T01:50:47.511+0000] {dagbag.py:588} INFO - Filling up the DagBag from /root/airflow-venv/lib/python3.12/site-packages/airflow/example_dags/example_xcom.py
[2025-01-21T01:50:47.527+0000] {processor.py:925} INFO - DAG(s) 'example_xcom' retrieved from /root/airflow-venv/lib/python3.12/site-packages/airflow/example_dags/example_xcom.py
[2025-01-21T01:50:47.554+0000] {logging_mixin.py:190} INFO - [2025-01-21T01:50:47.553+0000] {dag.py:3239} INFO - Sync 1 DAGs
[2025-01-21T01:50:47.580+0000] {logging_mixin.py:190} INFO - [2025-01-21T01:50:47.579+0000] {dag.py:4180} INFO - Setting next_dagrun for example_xcom to 2021-01-01 00:00:00+00:00, run_after=2021-01-01 00:00:00+00:00
[2025-01-21T01:50:47.608+0000] {processor.py:208} INFO - Processing /root/airflow-venv/lib/python3.12/site-packages/airflow/example_dags/example_xcom.py took 0.113 seconds
[2025-01-21T01:51:50.435+0000] {processor.py:186} INFO - Started process (PID=995597) to work on /root/airflow-venv/lib/python3.12/site-packages/airflow/example_dags/example_xcom.py
[2025-01-21T01:51:50.437+0000] {processor.py:914} INFO - Processing file /root/airflow-venv/lib/python3.12/site-packages/airflow/example_dags/example_xcom.py for tasks to queue
[2025-01-21T01:51:50.441+0000] {logging_mixin.py:190} INFO - [2025-01-21T01:51:50.440+0000] {dagbag.py:588} INFO - Filling up the DagBag from /root/airflow-venv/lib/python3.12/site-packages/airflow/example_dags/example_xcom.py
[2025-01-21T01:51:50.455+0000] {processor.py:925} INFO - DAG(s) 'example_xcom' retrieved from /root/airflow-venv/lib/python3.12/site-packages/airflow/example_dags/example_xcom.py
[2025-01-21T01:51:50.480+0000] {logging_mixin.py:190} INFO - [2025-01-21T01:51:50.480+0000] {dag.py:3239} INFO - Sync 1 DAGs
[2025-01-21T01:51:50.510+0000] {logging_mixin.py:190} INFO - [2025-01-21T01:51:50.509+0000] {dag.py:4180} INFO - Setting next_dagrun for example_xcom to 2021-01-01 00:00:00+00:00, run_after=2021-01-01 00:00:00+00:00
[2025-01-21T01:51:50.542+0000] {processor.py:208} INFO - Processing /root/airflow-venv/lib/python3.12/site-packages/airflow/example_dags/example_xcom.py took 0.116 seconds
[2025-01-21T01:52:56.183+0000] {processor.py:186} INFO - Started process (PID=995666) to work on /root/airflow-venv/lib/python3.12/site-packages/airflow/example_dags/example_xcom.py
[2025-01-21T01:52:56.185+0000] {processor.py:914} INFO - Processing file /root/airflow-venv/lib/python3.12/site-packages/airflow/example_dags/example_xcom.py for tasks to queue
[2025-01-21T01:52:56.191+0000] {logging_mixin.py:190} INFO - [2025-01-21T01:52:56.190+0000] {dagbag.py:588} INFO - Filling up the DagBag from /root/airflow-venv/lib/python3.12/site-packages/airflow/example_dags/example_xcom.py
[2025-01-21T01:52:56.212+0000] {processor.py:925} INFO - DAG(s) 'example_xcom' retrieved from /root/airflow-venv/lib/python3.12/site-packages/airflow/example_dags/example_xcom.py
[2025-01-21T01:52:56.248+0000] {logging_mixin.py:190} INFO - [2025-01-21T01:52:56.248+0000] {dag.py:3239} INFO - Sync 1 DAGs
[2025-01-21T01:52:56.287+0000] {logging_mixin.py:190} INFO - [2025-01-21T01:52:56.287+0000] {dag.py:4180} INFO - Setting next_dagrun for example_xcom to 2021-01-01 00:00:00+00:00, run_after=2021-01-01 00:00:00+00:00
[2025-01-21T01:52:56.332+0000] {processor.py:208} INFO - Processing /root/airflow-venv/lib/python3.12/site-packages/airflow/example_dags/example_xcom.py took 0.162 seconds
[2025-01-21T01:53:57.474+0000] {processor.py:186} INFO - Started process (PID=995733) to work on /root/airflow-venv/lib/python3.12/site-packages/airflow/example_dags/example_xcom.py
[2025-01-21T01:53:57.476+0000] {processor.py:914} INFO - Processing file /root/airflow-venv/lib/python3.12/site-packages/airflow/example_dags/example_xcom.py for tasks to queue
[2025-01-21T01:53:57.479+0000] {logging_mixin.py:190} INFO - [2025-01-21T01:53:57.479+0000] {dagbag.py:588} INFO - Filling up the DagBag from /root/airflow-venv/lib/python3.12/site-packages/airflow/example_dags/example_xcom.py
[2025-01-21T01:53:57.495+0000] {processor.py:925} INFO - DAG(s) 'example_xcom' retrieved from /root/airflow-venv/lib/python3.12/site-packages/airflow/example_dags/example_xcom.py
[2025-01-21T01:53:57.524+0000] {logging_mixin.py:190} INFO - [2025-01-21T01:53:57.524+0000] {dag.py:3239} INFO - Sync 1 DAGs
[2025-01-21T01:53:57.557+0000] {logging_mixin.py:190} INFO - [2025-01-21T01:53:57.557+0000] {dag.py:4180} INFO - Setting next_dagrun for example_xcom to 2021-01-01 00:00:00+00:00, run_after=2021-01-01 00:00:00+00:00
[2025-01-21T01:53:57.587+0000] {processor.py:208} INFO - Processing /root/airflow-venv/lib/python3.12/site-packages/airflow/example_dags/example_xcom.py took 0.124 seconds
[2025-01-21T20:44:54.181+0000] {processor.py:186} INFO - Started process (PID=1007649) to work on /root/airflow-venv/lib/python3.12/site-packages/airflow/example_dags/example_xcom.py
[2025-01-21T20:44:54.184+0000] {processor.py:914} INFO - Processing file /root/airflow-venv/lib/python3.12/site-packages/airflow/example_dags/example_xcom.py for tasks to queue
[2025-01-21T20:44:54.190+0000] {logging_mixin.py:190} INFO - [2025-01-21T20:44:54.189+0000] {dagbag.py:588} INFO - Filling up the DagBag from /root/airflow-venv/lib/python3.12/site-packages/airflow/example_dags/example_xcom.py
[2025-01-21T20:44:54.208+0000] {processor.py:925} INFO - DAG(s) 'example_xcom' retrieved from /root/airflow-venv/lib/python3.12/site-packages/airflow/example_dags/example_xcom.py
[2025-01-21T20:44:54.247+0000] {logging_mixin.py:190} INFO - [2025-01-21T20:44:54.246+0000] {dag.py:3239} INFO - Sync 1 DAGs
[2025-01-21T20:44:54.274+0000] {logging_mixin.py:190} INFO - [2025-01-21T20:44:54.274+0000] {dag.py:4180} INFO - Setting next_dagrun for example_xcom to 2021-01-01 00:00:00+00:00, run_after=2021-01-01 00:00:00+00:00
[2025-01-21T20:44:54.310+0000] {processor.py:208} INFO - Processing /root/airflow-venv/lib/python3.12/site-packages/airflow/example_dags/example_xcom.py took 0.139 seconds
[2025-01-21T20:46:01.070+0000] {processor.py:186} INFO - Started process (PID=1007731) to work on /root/airflow-venv/lib/python3.12/site-packages/airflow/example_dags/example_xcom.py
[2025-01-21T20:46:01.072+0000] {processor.py:914} INFO - Processing file /root/airflow-venv/lib/python3.12/site-packages/airflow/example_dags/example_xcom.py for tasks to queue
[2025-01-21T20:46:01.078+0000] {logging_mixin.py:190} INFO - [2025-01-21T20:46:01.077+0000] {dagbag.py:588} INFO - Filling up the DagBag from /root/airflow-venv/lib/python3.12/site-packages/airflow/example_dags/example_xcom.py
[2025-01-21T20:46:01.097+0000] {processor.py:925} INFO - DAG(s) 'example_xcom' retrieved from /root/airflow-venv/lib/python3.12/site-packages/airflow/example_dags/example_xcom.py
[2025-01-21T20:46:01.135+0000] {logging_mixin.py:190} INFO - [2025-01-21T20:46:01.134+0000] {dag.py:3239} INFO - Sync 1 DAGs
[2025-01-21T20:46:01.177+0000] {logging_mixin.py:190} INFO - [2025-01-21T20:46:01.177+0000] {dag.py:4180} INFO - Setting next_dagrun for example_xcom to 2021-01-01 00:00:00+00:00, run_after=2021-01-01 00:00:00+00:00
[2025-01-21T20:46:01.225+0000] {processor.py:208} INFO - Processing /root/airflow-venv/lib/python3.12/site-packages/airflow/example_dags/example_xcom.py took 0.167 seconds
