[2025-01-21T01:49:56.869+0000] {processor.py:186} INFO - Started process (PID=995474) to work on /root/airflow-venv/lib/python3.12/site-packages/airflow/example_dags/example_short_circuit_decorator.py
[2025-01-21T01:49:56.871+0000] {processor.py:914} INFO - Processing file /root/airflow-venv/lib/python3.12/site-packages/airflow/example_dags/example_short_circuit_decorator.py for tasks to queue
[2025-01-21T01:49:56.875+0000] {logging_mixin.py:190} INFO - [2025-01-21T01:49:56.874+0000] {dagbag.py:588} INFO - Filling up the DagBag from /root/airflow-venv/lib/python3.12/site-packages/airflow/example_dags/example_short_circuit_decorator.py
[2025-01-21T01:49:56.901+0000] {processor.py:925} INFO - DAG(s) 'example_short_circuit_decorator' retrieved from /root/airflow-venv/lib/python3.12/site-packages/airflow/example_dags/example_short_circuit_decorator.py
[2025-01-21T01:49:56.933+0000] {logging_mixin.py:190} INFO - [2025-01-21T01:49:56.932+0000] {dag.py:3239} INFO - Sync 1 DAGs
[2025-01-21T01:49:56.953+0000] {logging_mixin.py:190} INFO - [2025-01-21T01:49:56.953+0000] {dag.py:4180} INFO - Setting next_dagrun for example_short_circuit_decorator to None, run_after=None
[2025-01-21T01:49:56.988+0000] {processor.py:208} INFO - Processing /root/airflow-venv/lib/python3.12/site-packages/airflow/example_dags/example_short_circuit_decorator.py took 0.131 seconds
[2025-01-21T01:51:00.670+0000] {processor.py:186} INFO - Started process (PID=995546) to work on /root/airflow-venv/lib/python3.12/site-packages/airflow/example_dags/example_short_circuit_decorator.py
[2025-01-21T01:51:00.672+0000] {processor.py:914} INFO - Processing file /root/airflow-venv/lib/python3.12/site-packages/airflow/example_dags/example_short_circuit_decorator.py for tasks to queue
[2025-01-21T01:51:00.677+0000] {logging_mixin.py:190} INFO - [2025-01-21T01:51:00.676+0000] {dagbag.py:588} INFO - Filling up the DagBag from /root/airflow-venv/lib/python3.12/site-packages/airflow/example_dags/example_short_circuit_decorator.py
[2025-01-21T01:51:00.697+0000] {processor.py:925} INFO - DAG(s) 'example_short_circuit_decorator' retrieved from /root/airflow-venv/lib/python3.12/site-packages/airflow/example_dags/example_short_circuit_decorator.py
[2025-01-21T01:51:00.733+0000] {logging_mixin.py:190} INFO - [2025-01-21T01:51:00.733+0000] {dag.py:3239} INFO - Sync 1 DAGs
[2025-01-21T01:51:00.755+0000] {logging_mixin.py:190} INFO - [2025-01-21T01:51:00.755+0000] {dag.py:4180} INFO - Setting next_dagrun for example_short_circuit_decorator to None, run_after=None
[2025-01-21T01:51:00.793+0000] {processor.py:208} INFO - Processing /root/airflow-venv/lib/python3.12/site-packages/airflow/example_dags/example_short_circuit_decorator.py took 0.134 seconds
[2025-01-21T01:52:02.574+0000] {processor.py:186} INFO - Started process (PID=995613) to work on /root/airflow-venv/lib/python3.12/site-packages/airflow/example_dags/example_short_circuit_decorator.py
[2025-01-21T01:52:02.576+0000] {processor.py:914} INFO - Processing file /root/airflow-venv/lib/python3.12/site-packages/airflow/example_dags/example_short_circuit_decorator.py for tasks to queue
[2025-01-21T01:52:02.581+0000] {logging_mixin.py:190} INFO - [2025-01-21T01:52:02.580+0000] {dagbag.py:588} INFO - Filling up the DagBag from /root/airflow-venv/lib/python3.12/site-packages/airflow/example_dags/example_short_circuit_decorator.py
[2025-01-21T01:52:02.599+0000] {processor.py:925} INFO - DAG(s) 'example_short_circuit_decorator' retrieved from /root/airflow-venv/lib/python3.12/site-packages/airflow/example_dags/example_short_circuit_decorator.py
[2025-01-21T01:52:02.633+0000] {logging_mixin.py:190} INFO - [2025-01-21T01:52:02.632+0000] {dag.py:3239} INFO - Sync 1 DAGs
[2025-01-21T01:52:02.655+0000] {logging_mixin.py:190} INFO - [2025-01-21T01:52:02.654+0000] {dag.py:4180} INFO - Setting next_dagrun for example_short_circuit_decorator to None, run_after=None
[2025-01-21T01:52:02.685+0000] {processor.py:208} INFO - Processing /root/airflow-venv/lib/python3.12/site-packages/airflow/example_dags/example_short_circuit_decorator.py took 0.120 seconds
[2025-01-21T01:53:09.397+0000] {processor.py:186} INFO - Started process (PID=995680) to work on /root/airflow-venv/lib/python3.12/site-packages/airflow/example_dags/example_short_circuit_decorator.py
[2025-01-21T01:53:09.400+0000] {processor.py:914} INFO - Processing file /root/airflow-venv/lib/python3.12/site-packages/airflow/example_dags/example_short_circuit_decorator.py for tasks to queue
[2025-01-21T01:53:09.404+0000] {logging_mixin.py:190} INFO - [2025-01-21T01:53:09.403+0000] {dagbag.py:588} INFO - Filling up the DagBag from /root/airflow-venv/lib/python3.12/site-packages/airflow/example_dags/example_short_circuit_decorator.py
[2025-01-21T01:53:09.423+0000] {processor.py:925} INFO - DAG(s) 'example_short_circuit_decorator' retrieved from /root/airflow-venv/lib/python3.12/site-packages/airflow/example_dags/example_short_circuit_decorator.py
[2025-01-21T01:53:09.460+0000] {logging_mixin.py:190} INFO - [2025-01-21T01:53:09.459+0000] {dag.py:3239} INFO - Sync 1 DAGs
[2025-01-21T01:53:09.483+0000] {logging_mixin.py:190} INFO - [2025-01-21T01:53:09.483+0000] {dag.py:4180} INFO - Setting next_dagrun for example_short_circuit_decorator to None, run_after=None
[2025-01-21T01:53:09.517+0000] {processor.py:208} INFO - Processing /root/airflow-venv/lib/python3.12/site-packages/airflow/example_dags/example_short_circuit_decorator.py took 0.132 seconds
[2025-01-21T01:54:11.688+0000] {processor.py:186} INFO - Started process (PID=995747) to work on /root/airflow-venv/lib/python3.12/site-packages/airflow/example_dags/example_short_circuit_decorator.py
[2025-01-21T01:54:11.691+0000] {processor.py:914} INFO - Processing file /root/airflow-venv/lib/python3.12/site-packages/airflow/example_dags/example_short_circuit_decorator.py for tasks to queue
[2025-01-21T01:54:11.695+0000] {logging_mixin.py:190} INFO - [2025-01-21T01:54:11.694+0000] {dagbag.py:588} INFO - Filling up the DagBag from /root/airflow-venv/lib/python3.12/site-packages/airflow/example_dags/example_short_circuit_decorator.py
[2025-01-21T01:54:11.714+0000] {processor.py:925} INFO - DAG(s) 'example_short_circuit_decorator' retrieved from /root/airflow-venv/lib/python3.12/site-packages/airflow/example_dags/example_short_circuit_decorator.py
[2025-01-21T01:54:11.753+0000] {logging_mixin.py:190} INFO - [2025-01-21T01:54:11.752+0000] {dag.py:3239} INFO - Sync 1 DAGs
[2025-01-21T01:54:11.773+0000] {logging_mixin.py:190} INFO - [2025-01-21T01:54:11.773+0000] {dag.py:4180} INFO - Setting next_dagrun for example_short_circuit_decorator to None, run_after=None
[2025-01-21T01:54:11.812+0000] {processor.py:208} INFO - Processing /root/airflow-venv/lib/python3.12/site-packages/airflow/example_dags/example_short_circuit_decorator.py took 0.134 seconds
[2025-01-21T20:45:09.812+0000] {processor.py:186} INFO - Started process (PID=1007669) to work on /root/airflow-venv/lib/python3.12/site-packages/airflow/example_dags/example_short_circuit_decorator.py
[2025-01-21T20:45:09.814+0000] {processor.py:914} INFO - Processing file /root/airflow-venv/lib/python3.12/site-packages/airflow/example_dags/example_short_circuit_decorator.py for tasks to queue
[2025-01-21T20:45:09.818+0000] {logging_mixin.py:190} INFO - [2025-01-21T20:45:09.817+0000] {dagbag.py:588} INFO - Filling up the DagBag from /root/airflow-venv/lib/python3.12/site-packages/airflow/example_dags/example_short_circuit_decorator.py
[2025-01-21T20:45:09.841+0000] {processor.py:925} INFO - DAG(s) 'example_short_circuit_decorator' retrieved from /root/airflow-venv/lib/python3.12/site-packages/airflow/example_dags/example_short_circuit_decorator.py
[2025-01-21T20:45:09.877+0000] {logging_mixin.py:190} INFO - [2025-01-21T20:45:09.876+0000] {dag.py:3239} INFO - Sync 1 DAGs
[2025-01-21T20:45:09.899+0000] {logging_mixin.py:190} INFO - [2025-01-21T20:45:09.898+0000] {dag.py:4180} INFO - Setting next_dagrun for example_short_circuit_decorator to None, run_after=None
[2025-01-21T20:45:09.936+0000] {processor.py:208} INFO - Processing /root/airflow-venv/lib/python3.12/site-packages/airflow/example_dags/example_short_circuit_decorator.py took 0.134 seconds
[2025-01-21T20:46:15.180+0000] {processor.py:186} INFO - Started process (PID=1007743) to work on /root/airflow-venv/lib/python3.12/site-packages/airflow/example_dags/example_short_circuit_decorator.py
[2025-01-21T20:46:15.183+0000] {processor.py:914} INFO - Processing file /root/airflow-venv/lib/python3.12/site-packages/airflow/example_dags/example_short_circuit_decorator.py for tasks to queue
[2025-01-21T20:46:15.188+0000] {logging_mixin.py:190} INFO - [2025-01-21T20:46:15.187+0000] {dagbag.py:588} INFO - Filling up the DagBag from /root/airflow-venv/lib/python3.12/site-packages/airflow/example_dags/example_short_circuit_decorator.py
[2025-01-21T20:46:15.208+0000] {processor.py:925} INFO - DAG(s) 'example_short_circuit_decorator' retrieved from /root/airflow-venv/lib/python3.12/site-packages/airflow/example_dags/example_short_circuit_decorator.py
[2025-01-21T20:46:15.246+0000] {logging_mixin.py:190} INFO - [2025-01-21T20:46:15.245+0000] {dag.py:3239} INFO - Sync 1 DAGs
[2025-01-21T20:46:15.266+0000] {logging_mixin.py:190} INFO - [2025-01-21T20:46:15.266+0000] {dag.py:4180} INFO - Setting next_dagrun for example_short_circuit_decorator to None, run_after=None
[2025-01-21T20:46:15.305+0000] {processor.py:208} INFO - Processing /root/airflow-venv/lib/python3.12/site-packages/airflow/example_dags/example_short_circuit_decorator.py took 0.134 seconds
