[2025-01-21T01:49:54.116+0000] {processor.py:186} INFO - Started process (PID=995471) to work on /root/airflow-venv/lib/python3.12/site-packages/airflow/example_dags/example_task_group.py
[2025-01-21T01:49:54.117+0000] {processor.py:914} INFO - Processing file /root/airflow-venv/lib/python3.12/site-packages/airflow/example_dags/example_task_group.py for tasks to queue
[2025-01-21T01:49:54.122+0000] {logging_mixin.py:190} INFO - [2025-01-21T01:49:54.121+0000] {dagbag.py:588} INFO - Filling up the DagBag from /root/airflow-venv/lib/python3.12/site-packages/airflow/example_dags/example_task_group.py
[2025-01-21T01:49:54.142+0000] {processor.py:925} INFO - DAG(s) 'example_task_group' retrieved from /root/airflow-venv/lib/python3.12/site-packages/airflow/example_dags/example_task_group.py
[2025-01-21T01:49:54.170+0000] {logging_mixin.py:190} INFO - [2025-01-21T01:49:54.170+0000] {dag.py:3239} INFO - Sync 1 DAGs
[2025-01-21T01:49:54.189+0000] {logging_mixin.py:190} INFO - [2025-01-21T01:49:54.189+0000] {dag.py:4180} INFO - Setting next_dagrun for example_task_group to None, run_after=None
[2025-01-21T01:49:54.220+0000] {processor.py:208} INFO - Processing /root/airflow-venv/lib/python3.12/site-packages/airflow/example_dags/example_task_group.py took 0.113 seconds
[2025-01-21T01:50:57.781+0000] {processor.py:186} INFO - Started process (PID=995543) to work on /root/airflow-venv/lib/python3.12/site-packages/airflow/example_dags/example_task_group.py
[2025-01-21T01:50:57.783+0000] {processor.py:914} INFO - Processing file /root/airflow-venv/lib/python3.12/site-packages/airflow/example_dags/example_task_group.py for tasks to queue
[2025-01-21T01:50:57.789+0000] {logging_mixin.py:190} INFO - [2025-01-21T01:50:57.787+0000] {dagbag.py:588} INFO - Filling up the DagBag from /root/airflow-venv/lib/python3.12/site-packages/airflow/example_dags/example_task_group.py
[2025-01-21T01:50:57.810+0000] {processor.py:925} INFO - DAG(s) 'example_task_group' retrieved from /root/airflow-venv/lib/python3.12/site-packages/airflow/example_dags/example_task_group.py
[2025-01-21T01:50:57.863+0000] {logging_mixin.py:190} INFO - [2025-01-21T01:50:57.862+0000] {dag.py:3239} INFO - Sync 1 DAGs
[2025-01-21T01:50:57.890+0000] {logging_mixin.py:190} INFO - [2025-01-21T01:50:57.890+0000] {dag.py:4180} INFO - Setting next_dagrun for example_task_group to None, run_after=None
[2025-01-21T01:50:57.944+0000] {processor.py:208} INFO - Processing /root/airflow-venv/lib/python3.12/site-packages/airflow/example_dags/example_task_group.py took 0.176 seconds
[2025-01-21T01:51:59.439+0000] {processor.py:186} INFO - Started process (PID=995610) to work on /root/airflow-venv/lib/python3.12/site-packages/airflow/example_dags/example_task_group.py
[2025-01-21T01:51:59.442+0000] {processor.py:914} INFO - Processing file /root/airflow-venv/lib/python3.12/site-packages/airflow/example_dags/example_task_group.py for tasks to queue
[2025-01-21T01:51:59.446+0000] {logging_mixin.py:190} INFO - [2025-01-21T01:51:59.445+0000] {dagbag.py:588} INFO - Filling up the DagBag from /root/airflow-venv/lib/python3.12/site-packages/airflow/example_dags/example_task_group.py
[2025-01-21T01:51:59.461+0000] {processor.py:925} INFO - DAG(s) 'example_task_group' retrieved from /root/airflow-venv/lib/python3.12/site-packages/airflow/example_dags/example_task_group.py
[2025-01-21T01:51:59.489+0000] {logging_mixin.py:190} INFO - [2025-01-21T01:51:59.489+0000] {dag.py:3239} INFO - Sync 1 DAGs
[2025-01-21T01:51:59.510+0000] {logging_mixin.py:190} INFO - [2025-01-21T01:51:59.509+0000] {dag.py:4180} INFO - Setting next_dagrun for example_task_group to None, run_after=None
[2025-01-21T01:51:59.547+0000] {processor.py:208} INFO - Processing /root/airflow-venv/lib/python3.12/site-packages/airflow/example_dags/example_task_group.py took 0.121 seconds
[2025-01-21T01:53:06.557+0000] {processor.py:186} INFO - Started process (PID=995677) to work on /root/airflow-venv/lib/python3.12/site-packages/airflow/example_dags/example_task_group.py
[2025-01-21T01:53:06.559+0000] {processor.py:914} INFO - Processing file /root/airflow-venv/lib/python3.12/site-packages/airflow/example_dags/example_task_group.py for tasks to queue
[2025-01-21T01:53:06.564+0000] {logging_mixin.py:190} INFO - [2025-01-21T01:53:06.563+0000] {dagbag.py:588} INFO - Filling up the DagBag from /root/airflow-venv/lib/python3.12/site-packages/airflow/example_dags/example_task_group.py
[2025-01-21T01:53:06.582+0000] {processor.py:925} INFO - DAG(s) 'example_task_group' retrieved from /root/airflow-venv/lib/python3.12/site-packages/airflow/example_dags/example_task_group.py
[2025-01-21T01:53:06.619+0000] {logging_mixin.py:190} INFO - [2025-01-21T01:53:06.618+0000] {dag.py:3239} INFO - Sync 1 DAGs
[2025-01-21T01:53:06.643+0000] {logging_mixin.py:190} INFO - [2025-01-21T01:53:06.643+0000] {dag.py:4180} INFO - Setting next_dagrun for example_task_group to None, run_after=None
[2025-01-21T01:53:06.689+0000] {processor.py:208} INFO - Processing /root/airflow-venv/lib/python3.12/site-packages/airflow/example_dags/example_task_group.py took 0.146 seconds
[2025-01-21T01:54:07.870+0000] {processor.py:186} INFO - Started process (PID=995742) to work on /root/airflow-venv/lib/python3.12/site-packages/airflow/example_dags/example_task_group.py
[2025-01-21T01:54:07.873+0000] {processor.py:914} INFO - Processing file /root/airflow-venv/lib/python3.12/site-packages/airflow/example_dags/example_task_group.py for tasks to queue
[2025-01-21T01:54:07.881+0000] {logging_mixin.py:190} INFO - [2025-01-21T01:54:07.880+0000] {dagbag.py:588} INFO - Filling up the DagBag from /root/airflow-venv/lib/python3.12/site-packages/airflow/example_dags/example_task_group.py
[2025-01-21T01:54:07.905+0000] {processor.py:925} INFO - DAG(s) 'example_task_group' retrieved from /root/airflow-venv/lib/python3.12/site-packages/airflow/example_dags/example_task_group.py
[2025-01-21T01:54:07.946+0000] {logging_mixin.py:190} INFO - [2025-01-21T01:54:07.945+0000] {dag.py:3239} INFO - Sync 1 DAGs
[2025-01-21T01:54:07.976+0000] {logging_mixin.py:190} INFO - [2025-01-21T01:54:07.975+0000] {dag.py:4180} INFO - Setting next_dagrun for example_task_group to None, run_after=None
[2025-01-21T01:54:08.023+0000] {processor.py:208} INFO - Processing /root/airflow-venv/lib/python3.12/site-packages/airflow/example_dags/example_task_group.py took 0.165 seconds
[2025-01-21T20:45:05.844+0000] {processor.py:186} INFO - Started process (PID=1007666) to work on /root/airflow-venv/lib/python3.12/site-packages/airflow/example_dags/example_task_group.py
[2025-01-21T20:45:05.847+0000] {processor.py:914} INFO - Processing file /root/airflow-venv/lib/python3.12/site-packages/airflow/example_dags/example_task_group.py for tasks to queue
[2025-01-21T20:45:05.852+0000] {logging_mixin.py:190} INFO - [2025-01-21T20:45:05.851+0000] {dagbag.py:588} INFO - Filling up the DagBag from /root/airflow-venv/lib/python3.12/site-packages/airflow/example_dags/example_task_group.py
[2025-01-21T20:45:05.873+0000] {processor.py:925} INFO - DAG(s) 'example_task_group' retrieved from /root/airflow-venv/lib/python3.12/site-packages/airflow/example_dags/example_task_group.py
[2025-01-21T20:45:05.912+0000] {logging_mixin.py:190} INFO - [2025-01-21T20:45:05.911+0000] {dag.py:3239} INFO - Sync 1 DAGs
[2025-01-21T20:45:05.938+0000] {logging_mixin.py:190} INFO - [2025-01-21T20:45:05.937+0000] {dag.py:4180} INFO - Setting next_dagrun for example_task_group to None, run_after=None
[2025-01-21T20:45:05.984+0000] {processor.py:208} INFO - Processing /root/airflow-venv/lib/python3.12/site-packages/airflow/example_dags/example_task_group.py took 0.152 seconds
[2025-01-21T20:46:12.671+0000] {processor.py:186} INFO - Started process (PID=1007740) to work on /root/airflow-venv/lib/python3.12/site-packages/airflow/example_dags/example_task_group.py
[2025-01-21T20:46:12.673+0000] {processor.py:914} INFO - Processing file /root/airflow-venv/lib/python3.12/site-packages/airflow/example_dags/example_task_group.py for tasks to queue
[2025-01-21T20:46:12.679+0000] {logging_mixin.py:190} INFO - [2025-01-21T20:46:12.677+0000] {dagbag.py:588} INFO - Filling up the DagBag from /root/airflow-venv/lib/python3.12/site-packages/airflow/example_dags/example_task_group.py
[2025-01-21T20:46:12.700+0000] {processor.py:925} INFO - DAG(s) 'example_task_group' retrieved from /root/airflow-venv/lib/python3.12/site-packages/airflow/example_dags/example_task_group.py
[2025-01-21T20:46:12.736+0000] {logging_mixin.py:190} INFO - [2025-01-21T20:46:12.736+0000] {dag.py:3239} INFO - Sync 1 DAGs
[2025-01-21T20:46:12.760+0000] {logging_mixin.py:190} INFO - [2025-01-21T20:46:12.760+0000] {dag.py:4180} INFO - Setting next_dagrun for example_task_group to None, run_after=None
[2025-01-21T20:46:12.801+0000] {processor.py:208} INFO - Processing /root/airflow-venv/lib/python3.12/site-packages/airflow/example_dags/example_task_group.py took 0.141 seconds
