[2025-01-21T01:50:04.556+0000] {processor.py:186} INFO - Started process (PID=995488) to work on /root/airflow-venv/lib/python3.12/site-packages/airflow/example_dags/example_setup_teardown_taskflow.py
[2025-01-21T01:50:04.558+0000] {processor.py:914} INFO - Processing file /root/airflow-venv/lib/python3.12/site-packages/airflow/example_dags/example_setup_teardown_taskflow.py for tasks to queue
[2025-01-21T01:50:04.563+0000] {logging_mixin.py:190} INFO - [2025-01-21T01:50:04.562+0000] {dagbag.py:588} INFO - Filling up the DagBag from /root/airflow-venv/lib/python3.12/site-packages/airflow/example_dags/example_setup_teardown_taskflow.py
[2025-01-21T01:50:04.584+0000] {processor.py:925} INFO - DAG(s) 'example_setup_teardown_taskflow' retrieved from /root/airflow-venv/lib/python3.12/site-packages/airflow/example_dags/example_setup_teardown_taskflow.py
[2025-01-21T01:50:04.621+0000] {logging_mixin.py:190} INFO - [2025-01-21T01:50:04.621+0000] {dag.py:3239} INFO - Sync 1 DAGs
[2025-01-21T01:50:04.644+0000] {logging_mixin.py:190} INFO - [2025-01-21T01:50:04.644+0000] {dag.py:4180} INFO - Setting next_dagrun for example_setup_teardown_taskflow to None, run_after=None
[2025-01-21T01:50:04.688+0000] {processor.py:208} INFO - Processing /root/airflow-venv/lib/python3.12/site-packages/airflow/example_dags/example_setup_teardown_taskflow.py took 0.142 seconds
[2025-01-21T01:51:07.386+0000] {processor.py:186} INFO - Started process (PID=995552) to work on /root/airflow-venv/lib/python3.12/site-packages/airflow/example_dags/example_setup_teardown_taskflow.py
[2025-01-21T01:51:07.388+0000] {processor.py:914} INFO - Processing file /root/airflow-venv/lib/python3.12/site-packages/airflow/example_dags/example_setup_teardown_taskflow.py for tasks to queue
[2025-01-21T01:51:07.392+0000] {logging_mixin.py:190} INFO - [2025-01-21T01:51:07.392+0000] {dagbag.py:588} INFO - Filling up the DagBag from /root/airflow-venv/lib/python3.12/site-packages/airflow/example_dags/example_setup_teardown_taskflow.py
[2025-01-21T01:51:07.413+0000] {processor.py:925} INFO - DAG(s) 'example_setup_teardown_taskflow' retrieved from /root/airflow-venv/lib/python3.12/site-packages/airflow/example_dags/example_setup_teardown_taskflow.py
[2025-01-21T01:51:07.441+0000] {logging_mixin.py:190} INFO - [2025-01-21T01:51:07.440+0000] {dag.py:3239} INFO - Sync 1 DAGs
[2025-01-21T01:51:07.459+0000] {logging_mixin.py:190} INFO - [2025-01-21T01:51:07.458+0000] {dag.py:4180} INFO - Setting next_dagrun for example_setup_teardown_taskflow to None, run_after=None
[2025-01-21T01:51:07.487+0000] {processor.py:208} INFO - Processing /root/airflow-venv/lib/python3.12/site-packages/airflow/example_dags/example_setup_teardown_taskflow.py took 0.111 seconds
[2025-01-21T01:52:09.706+0000] {processor.py:186} INFO - Started process (PID=995621) to work on /root/airflow-venv/lib/python3.12/site-packages/airflow/example_dags/example_setup_teardown_taskflow.py
[2025-01-21T01:52:09.719+0000] {processor.py:914} INFO - Processing file /root/airflow-venv/lib/python3.12/site-packages/airflow/example_dags/example_setup_teardown_taskflow.py for tasks to queue
[2025-01-21T01:52:09.724+0000] {logging_mixin.py:190} INFO - [2025-01-21T01:52:09.723+0000] {dagbag.py:588} INFO - Filling up the DagBag from /root/airflow-venv/lib/python3.12/site-packages/airflow/example_dags/example_setup_teardown_taskflow.py
[2025-01-21T01:52:09.747+0000] {processor.py:925} INFO - DAG(s) 'example_setup_teardown_taskflow' retrieved from /root/airflow-venv/lib/python3.12/site-packages/airflow/example_dags/example_setup_teardown_taskflow.py
[2025-01-21T01:52:09.781+0000] {logging_mixin.py:190} INFO - [2025-01-21T01:52:09.780+0000] {dag.py:3239} INFO - Sync 1 DAGs
[2025-01-21T01:52:09.805+0000] {logging_mixin.py:190} INFO - [2025-01-21T01:52:09.804+0000] {dag.py:4180} INFO - Setting next_dagrun for example_setup_teardown_taskflow to None, run_after=None
[2025-01-21T01:52:09.849+0000] {processor.py:208} INFO - Processing /root/airflow-venv/lib/python3.12/site-packages/airflow/example_dags/example_setup_teardown_taskflow.py took 0.154 seconds
[2025-01-21T01:53:15.425+0000] {processor.py:186} INFO - Started process (PID=995686) to work on /root/airflow-venv/lib/python3.12/site-packages/airflow/example_dags/example_setup_teardown_taskflow.py
[2025-01-21T01:53:15.427+0000] {processor.py:914} INFO - Processing file /root/airflow-venv/lib/python3.12/site-packages/airflow/example_dags/example_setup_teardown_taskflow.py for tasks to queue
[2025-01-21T01:53:15.431+0000] {logging_mixin.py:190} INFO - [2025-01-21T01:53:15.430+0000] {dagbag.py:588} INFO - Filling up the DagBag from /root/airflow-venv/lib/python3.12/site-packages/airflow/example_dags/example_setup_teardown_taskflow.py
[2025-01-21T01:53:15.448+0000] {processor.py:925} INFO - DAG(s) 'example_setup_teardown_taskflow' retrieved from /root/airflow-venv/lib/python3.12/site-packages/airflow/example_dags/example_setup_teardown_taskflow.py
[2025-01-21T01:53:15.477+0000] {logging_mixin.py:190} INFO - [2025-01-21T01:53:15.477+0000] {dag.py:3239} INFO - Sync 1 DAGs
[2025-01-21T01:53:15.498+0000] {logging_mixin.py:190} INFO - [2025-01-21T01:53:15.498+0000] {dag.py:4180} INFO - Setting next_dagrun for example_setup_teardown_taskflow to None, run_after=None
[2025-01-21T01:53:15.532+0000] {processor.py:208} INFO - Processing /root/airflow-venv/lib/python3.12/site-packages/airflow/example_dags/example_setup_teardown_taskflow.py took 0.115 seconds
[2025-01-21T01:54:17.011+0000] {processor.py:186} INFO - Started process (PID=995753) to work on /root/airflow-venv/lib/python3.12/site-packages/airflow/example_dags/example_setup_teardown_taskflow.py
[2025-01-21T01:54:17.014+0000] {processor.py:914} INFO - Processing file /root/airflow-venv/lib/python3.12/site-packages/airflow/example_dags/example_setup_teardown_taskflow.py for tasks to queue
[2025-01-21T01:54:17.018+0000] {logging_mixin.py:190} INFO - [2025-01-21T01:54:17.017+0000] {dagbag.py:588} INFO - Filling up the DagBag from /root/airflow-venv/lib/python3.12/site-packages/airflow/example_dags/example_setup_teardown_taskflow.py
[2025-01-21T01:54:17.039+0000] {processor.py:925} INFO - DAG(s) 'example_setup_teardown_taskflow' retrieved from /root/airflow-venv/lib/python3.12/site-packages/airflow/example_dags/example_setup_teardown_taskflow.py
[2025-01-21T01:54:17.065+0000] {logging_mixin.py:190} INFO - [2025-01-21T01:54:17.065+0000] {dag.py:3239} INFO - Sync 1 DAGs
[2025-01-21T01:54:17.083+0000] {logging_mixin.py:190} INFO - [2025-01-21T01:54:17.082+0000] {dag.py:4180} INFO - Setting next_dagrun for example_setup_teardown_taskflow to None, run_after=None
[2025-01-21T01:54:17.116+0000] {processor.py:208} INFO - Processing /root/airflow-venv/lib/python3.12/site-packages/airflow/example_dags/example_setup_teardown_taskflow.py took 0.119 seconds
[2025-01-21T20:45:16.111+0000] {processor.py:186} INFO - Started process (PID=1007677) to work on /root/airflow-venv/lib/python3.12/site-packages/airflow/example_dags/example_setup_teardown_taskflow.py
[2025-01-21T20:45:16.114+0000] {processor.py:914} INFO - Processing file /root/airflow-venv/lib/python3.12/site-packages/airflow/example_dags/example_setup_teardown_taskflow.py for tasks to queue
[2025-01-21T20:45:16.117+0000] {logging_mixin.py:190} INFO - [2025-01-21T20:45:16.117+0000] {dagbag.py:588} INFO - Filling up the DagBag from /root/airflow-venv/lib/python3.12/site-packages/airflow/example_dags/example_setup_teardown_taskflow.py
[2025-01-21T20:45:16.138+0000] {processor.py:925} INFO - DAG(s) 'example_setup_teardown_taskflow' retrieved from /root/airflow-venv/lib/python3.12/site-packages/airflow/example_dags/example_setup_teardown_taskflow.py
[2025-01-21T20:45:16.174+0000] {logging_mixin.py:190} INFO - [2025-01-21T20:45:16.173+0000] {dag.py:3239} INFO - Sync 1 DAGs
[2025-01-21T20:45:16.198+0000] {logging_mixin.py:190} INFO - [2025-01-21T20:45:16.198+0000] {dag.py:4180} INFO - Setting next_dagrun for example_setup_teardown_taskflow to None, run_after=None
[2025-01-21T20:45:16.238+0000] {processor.py:208} INFO - Processing /root/airflow-venv/lib/python3.12/site-packages/airflow/example_dags/example_setup_teardown_taskflow.py took 0.139 seconds
[2025-01-21T20:46:22.888+0000] {processor.py:186} INFO - Started process (PID=1007749) to work on /root/airflow-venv/lib/python3.12/site-packages/airflow/example_dags/example_setup_teardown_taskflow.py
[2025-01-21T20:46:22.890+0000] {processor.py:914} INFO - Processing file /root/airflow-venv/lib/python3.12/site-packages/airflow/example_dags/example_setup_teardown_taskflow.py for tasks to queue
[2025-01-21T20:46:22.905+0000] {logging_mixin.py:190} INFO - [2025-01-21T20:46:22.904+0000] {dagbag.py:588} INFO - Filling up the DagBag from /root/airflow-venv/lib/python3.12/site-packages/airflow/example_dags/example_setup_teardown_taskflow.py
[2025-01-21T20:46:22.929+0000] {processor.py:925} INFO - DAG(s) 'example_setup_teardown_taskflow' retrieved from /root/airflow-venv/lib/python3.12/site-packages/airflow/example_dags/example_setup_teardown_taskflow.py
[2025-01-21T20:46:22.968+0000] {logging_mixin.py:190} INFO - [2025-01-21T20:46:22.968+0000] {dag.py:3239} INFO - Sync 1 DAGs
[2025-01-21T20:46:22.996+0000] {logging_mixin.py:190} INFO - [2025-01-21T20:46:22.995+0000] {dag.py:4180} INFO - Setting next_dagrun for example_setup_teardown_taskflow to None, run_after=None
[2025-01-21T20:46:23.042+0000] {processor.py:208} INFO - Processing /root/airflow-venv/lib/python3.12/site-packages/airflow/example_dags/example_setup_teardown_taskflow.py took 0.172 seconds
