[2025-01-21T01:50:16.109+0000] {processor.py:186} INFO - Started process (PID=995499) to work on /root/airflow-venv/lib/python3.12/site-packages/airflow/example_dags/example_kubernetes_executor.py
[2025-01-21T01:50:16.110+0000] {processor.py:914} INFO - Processing file /root/airflow-venv/lib/python3.12/site-packages/airflow/example_dags/example_kubernetes_executor.py for tasks to queue
[2025-01-21T01:50:16.114+0000] {logging_mixin.py:190} INFO - [2025-01-21T01:50:16.113+0000] {dagbag.py:588} INFO - Filling up the DagBag from /root/airflow-venv/lib/python3.12/site-packages/airflow/example_dags/example_kubernetes_executor.py
[2025-01-21T01:50:16.141+0000] {processor.py:925} INFO - DAG(s) 'example_kubernetes_executor' retrieved from /root/airflow-venv/lib/python3.12/site-packages/airflow/example_dags/example_kubernetes_executor.py
[2025-01-21T01:50:16.346+0000] {logging_mixin.py:190} INFO - [2025-01-21T01:50:16.344+0000] {override.py:1911} INFO - Created Permission View: can delete on DAG:example_kubernetes_executor
[2025-01-21T01:50:16.374+0000] {logging_mixin.py:190} INFO - [2025-01-21T01:50:16.374+0000] {override.py:1911} INFO - Created Permission View: can edit on DAG:example_kubernetes_executor
[2025-01-21T01:50:16.390+0000] {logging_mixin.py:190} INFO - [2025-01-21T01:50:16.389+0000] {override.py:1911} INFO - Created Permission View: can read on DAG:example_kubernetes_executor
[2025-01-21T01:50:16.426+0000] {logging_mixin.py:190} INFO - [2025-01-21T01:50:16.426+0000] {override.py:1911} INFO - Created Permission View: can delete on DAG Run:example_kubernetes_executor
[2025-01-21T01:50:16.446+0000] {logging_mixin.py:190} INFO - [2025-01-21T01:50:16.445+0000] {override.py:1911} INFO - Created Permission View: can create on DAG Run:example_kubernetes_executor
[2025-01-21T01:50:16.475+0000] {logging_mixin.py:190} INFO - [2025-01-21T01:50:16.474+0000] {override.py:1911} INFO - Created Permission View: menu access on DAG Run:example_kubernetes_executor
[2025-01-21T01:50:16.496+0000] {logging_mixin.py:190} INFO - [2025-01-21T01:50:16.495+0000] {override.py:1911} INFO - Created Permission View: can read on DAG Run:example_kubernetes_executor
[2025-01-21T01:50:16.496+0000] {logging_mixin.py:190} INFO - [2025-01-21T01:50:16.496+0000] {dag.py:3239} INFO - Sync 1 DAGs
[2025-01-21T01:50:16.524+0000] {logging_mixin.py:190} INFO - [2025-01-21T01:50:16.523+0000] {dag.py:3262} INFO - Creating ORM DAG for example_kubernetes_executor
[2025-01-21T01:50:16.525+0000] {logging_mixin.py:190} INFO - [2025-01-21T01:50:16.525+0000] {dag.py:4180} INFO - Setting next_dagrun for example_kubernetes_executor to None, run_after=None
[2025-01-21T01:50:16.570+0000] {processor.py:208} INFO - Processing /root/airflow-venv/lib/python3.12/site-packages/airflow/example_dags/example_kubernetes_executor.py took 0.472 seconds
[2025-01-21T01:51:22.650+0000] {processor.py:186} INFO - Started process (PID=995567) to work on /root/airflow-venv/lib/python3.12/site-packages/airflow/example_dags/example_kubernetes_executor.py
[2025-01-21T01:51:22.652+0000] {processor.py:914} INFO - Processing file /root/airflow-venv/lib/python3.12/site-packages/airflow/example_dags/example_kubernetes_executor.py for tasks to queue
[2025-01-21T01:51:22.658+0000] {logging_mixin.py:190} INFO - [2025-01-21T01:51:22.656+0000] {dagbag.py:588} INFO - Filling up the DagBag from /root/airflow-venv/lib/python3.12/site-packages/airflow/example_dags/example_kubernetes_executor.py
[2025-01-21T01:51:22.693+0000] {processor.py:925} INFO - DAG(s) 'example_kubernetes_executor' retrieved from /root/airflow-venv/lib/python3.12/site-packages/airflow/example_dags/example_kubernetes_executor.py
[2025-01-21T01:51:22.739+0000] {logging_mixin.py:190} INFO - [2025-01-21T01:51:22.738+0000] {dag.py:3239} INFO - Sync 1 DAGs
[2025-01-21T01:51:22.766+0000] {logging_mixin.py:190} INFO - [2025-01-21T01:51:22.765+0000] {dag.py:4180} INFO - Setting next_dagrun for example_kubernetes_executor to None, run_after=None
[2025-01-21T01:51:22.811+0000] {processor.py:208} INFO - Processing /root/airflow-venv/lib/python3.12/site-packages/airflow/example_dags/example_kubernetes_executor.py took 0.174 seconds
[2025-01-21T01:52:24.831+0000] {processor.py:186} INFO - Started process (PID=995635) to work on /root/airflow-venv/lib/python3.12/site-packages/airflow/example_dags/example_kubernetes_executor.py
[2025-01-21T01:52:24.833+0000] {processor.py:914} INFO - Processing file /root/airflow-venv/lib/python3.12/site-packages/airflow/example_dags/example_kubernetes_executor.py for tasks to queue
[2025-01-21T01:52:24.837+0000] {logging_mixin.py:190} INFO - [2025-01-21T01:52:24.836+0000] {dagbag.py:588} INFO - Filling up the DagBag from /root/airflow-venv/lib/python3.12/site-packages/airflow/example_dags/example_kubernetes_executor.py
[2025-01-21T01:52:24.860+0000] {processor.py:925} INFO - DAG(s) 'example_kubernetes_executor' retrieved from /root/airflow-venv/lib/python3.12/site-packages/airflow/example_dags/example_kubernetes_executor.py
[2025-01-21T01:52:24.894+0000] {logging_mixin.py:190} INFO - [2025-01-21T01:52:24.893+0000] {dag.py:3239} INFO - Sync 1 DAGs
[2025-01-21T01:52:24.916+0000] {logging_mixin.py:190} INFO - [2025-01-21T01:52:24.916+0000] {dag.py:4180} INFO - Setting next_dagrun for example_kubernetes_executor to None, run_after=None
[2025-01-21T01:52:24.950+0000] {processor.py:208} INFO - Processing /root/airflow-venv/lib/python3.12/site-packages/airflow/example_dags/example_kubernetes_executor.py took 0.128 seconds
[2025-01-21T01:53:30.156+0000] {processor.py:186} INFO - Started process (PID=995702) to work on /root/airflow-venv/lib/python3.12/site-packages/airflow/example_dags/example_kubernetes_executor.py
[2025-01-21T01:53:30.157+0000] {processor.py:914} INFO - Processing file /root/airflow-venv/lib/python3.12/site-packages/airflow/example_dags/example_kubernetes_executor.py for tasks to queue
[2025-01-21T01:53:30.160+0000] {logging_mixin.py:190} INFO - [2025-01-21T01:53:30.160+0000] {dagbag.py:588} INFO - Filling up the DagBag from /root/airflow-venv/lib/python3.12/site-packages/airflow/example_dags/example_kubernetes_executor.py
[2025-01-21T01:53:30.180+0000] {processor.py:925} INFO - DAG(s) 'example_kubernetes_executor' retrieved from /root/airflow-venv/lib/python3.12/site-packages/airflow/example_dags/example_kubernetes_executor.py
[2025-01-21T01:53:30.214+0000] {logging_mixin.py:190} INFO - [2025-01-21T01:53:30.214+0000] {dag.py:3239} INFO - Sync 1 DAGs
[2025-01-21T01:53:30.236+0000] {logging_mixin.py:190} INFO - [2025-01-21T01:53:30.235+0000] {dag.py:4180} INFO - Setting next_dagrun for example_kubernetes_executor to None, run_after=None
[2025-01-21T01:53:30.269+0000] {processor.py:208} INFO - Processing /root/airflow-venv/lib/python3.12/site-packages/airflow/example_dags/example_kubernetes_executor.py took 0.123 seconds
[2025-01-21T20:45:29.262+0000] {processor.py:186} INFO - Started process (PID=1007692) to work on /root/airflow-venv/lib/python3.12/site-packages/airflow/example_dags/example_kubernetes_executor.py
[2025-01-21T20:45:29.264+0000] {processor.py:914} INFO - Processing file /root/airflow-venv/lib/python3.12/site-packages/airflow/example_dags/example_kubernetes_executor.py for tasks to queue
[2025-01-21T20:45:29.268+0000] {logging_mixin.py:190} INFO - [2025-01-21T20:45:29.268+0000] {dagbag.py:588} INFO - Filling up the DagBag from /root/airflow-venv/lib/python3.12/site-packages/airflow/example_dags/example_kubernetes_executor.py
[2025-01-21T20:45:29.297+0000] {processor.py:925} INFO - DAG(s) 'example_kubernetes_executor' retrieved from /root/airflow-venv/lib/python3.12/site-packages/airflow/example_dags/example_kubernetes_executor.py
[2025-01-21T20:45:29.342+0000] {logging_mixin.py:190} INFO - [2025-01-21T20:45:29.341+0000] {dag.py:3239} INFO - Sync 1 DAGs
[2025-01-21T20:45:29.369+0000] {logging_mixin.py:190} INFO - [2025-01-21T20:45:29.369+0000] {dag.py:4180} INFO - Setting next_dagrun for example_kubernetes_executor to None, run_after=None
[2025-01-21T20:45:29.422+0000] {processor.py:208} INFO - Processing /root/airflow-venv/lib/python3.12/site-packages/airflow/example_dags/example_kubernetes_executor.py took 0.178 seconds
[2025-01-21T20:46:44.159+0000] {processor.py:186} INFO - Started process (PID=1007769) to work on /root/airflow-venv/lib/python3.12/site-packages/airflow/example_dags/example_kubernetes_executor.py
[2025-01-21T20:46:44.161+0000] {processor.py:914} INFO - Processing file /root/airflow-venv/lib/python3.12/site-packages/airflow/example_dags/example_kubernetes_executor.py for tasks to queue
[2025-01-21T20:46:44.165+0000] {logging_mixin.py:190} INFO - [2025-01-21T20:46:44.165+0000] {dagbag.py:588} INFO - Filling up the DagBag from /root/airflow-venv/lib/python3.12/site-packages/airflow/example_dags/example_kubernetes_executor.py
[2025-01-21T20:46:44.191+0000] {processor.py:925} INFO - DAG(s) 'example_kubernetes_executor' retrieved from /root/airflow-venv/lib/python3.12/site-packages/airflow/example_dags/example_kubernetes_executor.py
[2025-01-21T20:46:44.229+0000] {logging_mixin.py:190} INFO - [2025-01-21T20:46:44.228+0000] {dag.py:3239} INFO - Sync 1 DAGs
[2025-01-21T20:46:44.251+0000] {logging_mixin.py:190} INFO - [2025-01-21T20:46:44.251+0000] {dag.py:4180} INFO - Setting next_dagrun for example_kubernetes_executor to None, run_after=None
[2025-01-21T20:46:44.289+0000] {processor.py:208} INFO - Processing /root/airflow-venv/lib/python3.12/site-packages/airflow/example_dags/example_kubernetes_executor.py took 0.139 seconds
