[2025-01-21T01:50:22.616+0000] {processor.py:186} INFO - Started process (PID=995505) to work on /root/airflow-venv/lib/python3.12/site-packages/airflow/example_dags/example_dynamic_task_mapping.py
[2025-01-21T01:50:22.618+0000] {processor.py:914} INFO - Processing file /root/airflow-venv/lib/python3.12/site-packages/airflow/example_dags/example_dynamic_task_mapping.py for tasks to queue
[2025-01-21T01:50:22.622+0000] {logging_mixin.py:190} INFO - [2025-01-21T01:50:22.621+0000] {dagbag.py:588} INFO - Filling up the DagBag from /root/airflow-venv/lib/python3.12/site-packages/airflow/example_dags/example_dynamic_task_mapping.py
[2025-01-21T01:50:22.635+0000] {processor.py:925} INFO - DAG(s) 'example_dynamic_task_mapping' retrieved from /root/airflow-venv/lib/python3.12/site-packages/airflow/example_dags/example_dynamic_task_mapping.py
[2025-01-21T01:50:22.659+0000] {logging_mixin.py:190} INFO - [2025-01-21T01:50:22.658+0000] {dag.py:3239} INFO - Sync 1 DAGs
[2025-01-21T01:50:22.676+0000] {logging_mixin.py:190} INFO - [2025-01-21T01:50:22.676+0000] {dag.py:4180} INFO - Setting next_dagrun for example_dynamic_task_mapping to None, run_after=None
[2025-01-21T01:50:22.711+0000] {processor.py:208} INFO - Processing /root/airflow-venv/lib/python3.12/site-packages/airflow/example_dags/example_dynamic_task_mapping.py took 0.104 seconds
[2025-01-21T01:51:28.630+0000] {processor.py:186} INFO - Started process (PID=995575) to work on /root/airflow-venv/lib/python3.12/site-packages/airflow/example_dags/example_dynamic_task_mapping.py
[2025-01-21T01:51:28.632+0000] {processor.py:914} INFO - Processing file /root/airflow-venv/lib/python3.12/site-packages/airflow/example_dags/example_dynamic_task_mapping.py for tasks to queue
[2025-01-21T01:51:28.637+0000] {logging_mixin.py:190} INFO - [2025-01-21T01:51:28.636+0000] {dagbag.py:588} INFO - Filling up the DagBag from /root/airflow-venv/lib/python3.12/site-packages/airflow/example_dags/example_dynamic_task_mapping.py
[2025-01-21T01:51:28.655+0000] {processor.py:925} INFO - DAG(s) 'example_dynamic_task_mapping' retrieved from /root/airflow-venv/lib/python3.12/site-packages/airflow/example_dags/example_dynamic_task_mapping.py
[2025-01-21T01:51:28.688+0000] {logging_mixin.py:190} INFO - [2025-01-21T01:51:28.687+0000] {dag.py:3239} INFO - Sync 1 DAGs
[2025-01-21T01:51:28.713+0000] {logging_mixin.py:190} INFO - [2025-01-21T01:51:28.712+0000] {dag.py:4180} INFO - Setting next_dagrun for example_dynamic_task_mapping to None, run_after=None
[2025-01-21T01:51:28.756+0000] {processor.py:208} INFO - Processing /root/airflow-venv/lib/python3.12/site-packages/airflow/example_dags/example_dynamic_task_mapping.py took 0.138 seconds
[2025-01-21T01:52:32.598+0000] {processor.py:186} INFO - Started process (PID=995641) to work on /root/airflow-venv/lib/python3.12/site-packages/airflow/example_dags/example_dynamic_task_mapping.py
[2025-01-21T01:52:32.600+0000] {processor.py:914} INFO - Processing file /root/airflow-venv/lib/python3.12/site-packages/airflow/example_dags/example_dynamic_task_mapping.py for tasks to queue
[2025-01-21T01:52:32.605+0000] {logging_mixin.py:190} INFO - [2025-01-21T01:52:32.604+0000] {dagbag.py:588} INFO - Filling up the DagBag from /root/airflow-venv/lib/python3.12/site-packages/airflow/example_dags/example_dynamic_task_mapping.py
[2025-01-21T01:52:32.625+0000] {processor.py:925} INFO - DAG(s) 'example_dynamic_task_mapping' retrieved from /root/airflow-venv/lib/python3.12/site-packages/airflow/example_dags/example_dynamic_task_mapping.py
[2025-01-21T01:52:32.663+0000] {logging_mixin.py:190} INFO - [2025-01-21T01:52:32.662+0000] {dag.py:3239} INFO - Sync 1 DAGs
[2025-01-21T01:52:32.689+0000] {logging_mixin.py:190} INFO - [2025-01-21T01:52:32.689+0000] {dag.py:4180} INFO - Setting next_dagrun for example_dynamic_task_mapping to None, run_after=None
[2025-01-21T01:52:32.749+0000] {processor.py:208} INFO - Processing /root/airflow-venv/lib/python3.12/site-packages/airflow/example_dags/example_dynamic_task_mapping.py took 0.164 seconds
[2025-01-21T01:53:36.708+0000] {processor.py:186} INFO - Started process (PID=995708) to work on /root/airflow-venv/lib/python3.12/site-packages/airflow/example_dags/example_dynamic_task_mapping.py
[2025-01-21T01:53:36.710+0000] {processor.py:914} INFO - Processing file /root/airflow-venv/lib/python3.12/site-packages/airflow/example_dags/example_dynamic_task_mapping.py for tasks to queue
[2025-01-21T01:53:36.715+0000] {logging_mixin.py:190} INFO - [2025-01-21T01:53:36.714+0000] {dagbag.py:588} INFO - Filling up the DagBag from /root/airflow-venv/lib/python3.12/site-packages/airflow/example_dags/example_dynamic_task_mapping.py
[2025-01-21T01:53:36.733+0000] {processor.py:925} INFO - DAG(s) 'example_dynamic_task_mapping' retrieved from /root/airflow-venv/lib/python3.12/site-packages/airflow/example_dags/example_dynamic_task_mapping.py
[2025-01-21T01:53:36.766+0000] {logging_mixin.py:190} INFO - [2025-01-21T01:53:36.766+0000] {dag.py:3239} INFO - Sync 1 DAGs
[2025-01-21T01:53:36.792+0000] {logging_mixin.py:190} INFO - [2025-01-21T01:53:36.791+0000] {dag.py:4180} INFO - Setting next_dagrun for example_dynamic_task_mapping to None, run_after=None
[2025-01-21T01:53:36.829+0000] {processor.py:208} INFO - Processing /root/airflow-venv/lib/python3.12/site-packages/airflow/example_dags/example_dynamic_task_mapping.py took 0.132 seconds
[2025-01-21T20:45:35.850+0000] {processor.py:186} INFO - Started process (PID=1007698) to work on /root/airflow-venv/lib/python3.12/site-packages/airflow/example_dags/example_dynamic_task_mapping.py
[2025-01-21T20:45:35.852+0000] {processor.py:914} INFO - Processing file /root/airflow-venv/lib/python3.12/site-packages/airflow/example_dags/example_dynamic_task_mapping.py for tasks to queue
[2025-01-21T20:45:35.857+0000] {logging_mixin.py:190} INFO - [2025-01-21T20:45:35.857+0000] {dagbag.py:588} INFO - Filling up the DagBag from /root/airflow-venv/lib/python3.12/site-packages/airflow/example_dags/example_dynamic_task_mapping.py
[2025-01-21T20:45:35.872+0000] {processor.py:925} INFO - DAG(s) 'example_dynamic_task_mapping' retrieved from /root/airflow-venv/lib/python3.12/site-packages/airflow/example_dags/example_dynamic_task_mapping.py
[2025-01-21T20:45:35.901+0000] {logging_mixin.py:190} INFO - [2025-01-21T20:45:35.900+0000] {dag.py:3239} INFO - Sync 1 DAGs
[2025-01-21T20:45:35.926+0000] {logging_mixin.py:190} INFO - [2025-01-21T20:45:35.926+0000] {dag.py:4180} INFO - Setting next_dagrun for example_dynamic_task_mapping to None, run_after=None
[2025-01-21T20:45:35.969+0000] {processor.py:208} INFO - Processing /root/airflow-venv/lib/python3.12/site-packages/airflow/example_dags/example_dynamic_task_mapping.py took 0.131 seconds
[2025-01-21T20:46:51.114+0000] {processor.py:186} INFO - Started process (PID=1007777) to work on /root/airflow-venv/lib/python3.12/site-packages/airflow/example_dags/example_dynamic_task_mapping.py
[2025-01-21T20:46:51.116+0000] {processor.py:914} INFO - Processing file /root/airflow-venv/lib/python3.12/site-packages/airflow/example_dags/example_dynamic_task_mapping.py for tasks to queue
[2025-01-21T20:46:51.120+0000] {logging_mixin.py:190} INFO - [2025-01-21T20:46:51.119+0000] {dagbag.py:588} INFO - Filling up the DagBag from /root/airflow-venv/lib/python3.12/site-packages/airflow/example_dags/example_dynamic_task_mapping.py
[2025-01-21T20:46:51.133+0000] {processor.py:925} INFO - DAG(s) 'example_dynamic_task_mapping' retrieved from /root/airflow-venv/lib/python3.12/site-packages/airflow/example_dags/example_dynamic_task_mapping.py
[2025-01-21T20:46:51.158+0000] {logging_mixin.py:190} INFO - [2025-01-21T20:46:51.157+0000] {dag.py:3239} INFO - Sync 1 DAGs
[2025-01-21T20:46:51.176+0000] {logging_mixin.py:190} INFO - [2025-01-21T20:46:51.175+0000] {dag.py:4180} INFO - Setting next_dagrun for example_dynamic_task_mapping to None, run_after=None
[2025-01-21T20:46:51.209+0000] {processor.py:208} INFO - Processing /root/airflow-venv/lib/python3.12/site-packages/airflow/example_dags/example_dynamic_task_mapping.py took 0.104 seconds
