[2025-01-21T01:50:06.381+0000] {processor.py:186} INFO - Started process (PID=995491) to work on /root/airflow-venv/lib/python3.12/site-packages/airflow/example_dags/example_params_ui_tutorial.py
[2025-01-21T01:50:06.383+0000] {processor.py:914} INFO - Processing file /root/airflow-venv/lib/python3.12/site-packages/airflow/example_dags/example_params_ui_tutorial.py for tasks to queue
[2025-01-21T01:50:06.387+0000] {logging_mixin.py:190} INFO - [2025-01-21T01:50:06.386+0000] {dagbag.py:588} INFO - Filling up the DagBag from /root/airflow-venv/lib/python3.12/site-packages/airflow/example_dags/example_params_ui_tutorial.py
[2025-01-21T01:50:06.403+0000] {processor.py:925} INFO - DAG(s) 'example_params_ui_tutorial' retrieved from /root/airflow-venv/lib/python3.12/site-packages/airflow/example_dags/example_params_ui_tutorial.py
[2025-01-21T01:50:06.624+0000] {logging_mixin.py:190} INFO - [2025-01-21T01:50:06.624+0000] {dag.py:3239} INFO - Sync 1 DAGs
[2025-01-21T01:50:06.642+0000] {logging_mixin.py:190} INFO - [2025-01-21T01:50:06.641+0000] {dag.py:4180} INFO - Setting next_dagrun for example_params_ui_tutorial to None, run_after=None
[2025-01-21T01:50:06.689+0000] {processor.py:208} INFO - Processing /root/airflow-venv/lib/python3.12/site-packages/airflow/example_dags/example_params_ui_tutorial.py took 0.318 seconds
[2025-01-21T01:51:09.777+0000] {processor.py:186} INFO - Started process (PID=995555) to work on /root/airflow-venv/lib/python3.12/site-packages/airflow/example_dags/example_params_ui_tutorial.py
[2025-01-21T01:51:09.779+0000] {processor.py:914} INFO - Processing file /root/airflow-venv/lib/python3.12/site-packages/airflow/example_dags/example_params_ui_tutorial.py for tasks to queue
[2025-01-21T01:51:09.783+0000] {logging_mixin.py:190} INFO - [2025-01-21T01:51:09.782+0000] {dagbag.py:588} INFO - Filling up the DagBag from /root/airflow-venv/lib/python3.12/site-packages/airflow/example_dags/example_params_ui_tutorial.py
[2025-01-21T01:51:09.800+0000] {processor.py:925} INFO - DAG(s) 'example_params_ui_tutorial' retrieved from /root/airflow-venv/lib/python3.12/site-packages/airflow/example_dags/example_params_ui_tutorial.py
[2025-01-21T01:51:09.876+0000] {logging_mixin.py:190} INFO - [2025-01-21T01:51:09.875+0000] {dag.py:3239} INFO - Sync 1 DAGs
[2025-01-21T01:51:09.896+0000] {logging_mixin.py:190} INFO - [2025-01-21T01:51:09.895+0000] {dag.py:4180} INFO - Setting next_dagrun for example_params_ui_tutorial to None, run_after=None
[2025-01-21T01:51:09.931+0000] {processor.py:208} INFO - Processing /root/airflow-venv/lib/python3.12/site-packages/airflow/example_dags/example_params_ui_tutorial.py took 0.167 seconds
[2025-01-21T01:52:12.987+0000] {processor.py:186} INFO - Started process (PID=995624) to work on /root/airflow-venv/lib/python3.12/site-packages/airflow/example_dags/example_params_ui_tutorial.py
[2025-01-21T01:52:12.989+0000] {processor.py:914} INFO - Processing file /root/airflow-venv/lib/python3.12/site-packages/airflow/example_dags/example_params_ui_tutorial.py for tasks to queue
[2025-01-21T01:52:12.993+0000] {logging_mixin.py:190} INFO - [2025-01-21T01:52:12.992+0000] {dagbag.py:588} INFO - Filling up the DagBag from /root/airflow-venv/lib/python3.12/site-packages/airflow/example_dags/example_params_ui_tutorial.py
[2025-01-21T01:52:13.011+0000] {processor.py:925} INFO - DAG(s) 'example_params_ui_tutorial' retrieved from /root/airflow-venv/lib/python3.12/site-packages/airflow/example_dags/example_params_ui_tutorial.py
[2025-01-21T01:52:13.081+0000] {logging_mixin.py:190} INFO - [2025-01-21T01:52:13.081+0000] {dag.py:3239} INFO - Sync 1 DAGs
[2025-01-21T01:52:13.102+0000] {logging_mixin.py:190} INFO - [2025-01-21T01:52:13.101+0000] {dag.py:4180} INFO - Setting next_dagrun for example_params_ui_tutorial to None, run_after=None
[2025-01-21T01:52:13.140+0000] {processor.py:208} INFO - Processing /root/airflow-venv/lib/python3.12/site-packages/airflow/example_dags/example_params_ui_tutorial.py took 0.162 seconds
[2025-01-21T01:53:18.411+0000] {processor.py:186} INFO - Started process (PID=995691) to work on /root/airflow-venv/lib/python3.12/site-packages/airflow/example_dags/example_params_ui_tutorial.py
[2025-01-21T01:53:18.413+0000] {processor.py:914} INFO - Processing file /root/airflow-venv/lib/python3.12/site-packages/airflow/example_dags/example_params_ui_tutorial.py for tasks to queue
[2025-01-21T01:53:18.418+0000] {logging_mixin.py:190} INFO - [2025-01-21T01:53:18.418+0000] {dagbag.py:588} INFO - Filling up the DagBag from /root/airflow-venv/lib/python3.12/site-packages/airflow/example_dags/example_params_ui_tutorial.py
[2025-01-21T01:53:18.439+0000] {processor.py:925} INFO - DAG(s) 'example_params_ui_tutorial' retrieved from /root/airflow-venv/lib/python3.12/site-packages/airflow/example_dags/example_params_ui_tutorial.py
[2025-01-21T01:53:18.513+0000] {logging_mixin.py:190} INFO - [2025-01-21T01:53:18.512+0000] {dag.py:3239} INFO - Sync 1 DAGs
[2025-01-21T01:53:18.542+0000] {logging_mixin.py:190} INFO - [2025-01-21T01:53:18.541+0000] {dag.py:4180} INFO - Setting next_dagrun for example_params_ui_tutorial to None, run_after=None
[2025-01-21T01:53:18.587+0000] {processor.py:208} INFO - Processing /root/airflow-venv/lib/python3.12/site-packages/airflow/example_dags/example_params_ui_tutorial.py took 0.187 seconds
[2025-01-21T01:54:20.877+0000] {processor.py:186} INFO - Started process (PID=995756) to work on /root/airflow-venv/lib/python3.12/site-packages/airflow/example_dags/example_params_ui_tutorial.py
[2025-01-21T01:54:20.879+0000] {processor.py:914} INFO - Processing file /root/airflow-venv/lib/python3.12/site-packages/airflow/example_dags/example_params_ui_tutorial.py for tasks to queue
[2025-01-21T01:54:20.883+0000] {logging_mixin.py:190} INFO - [2025-01-21T01:54:20.882+0000] {dagbag.py:588} INFO - Filling up the DagBag from /root/airflow-venv/lib/python3.12/site-packages/airflow/example_dags/example_params_ui_tutorial.py
[2025-01-21T01:54:20.896+0000] {processor.py:925} INFO - DAG(s) 'example_params_ui_tutorial' retrieved from /root/airflow-venv/lib/python3.12/site-packages/airflow/example_dags/example_params_ui_tutorial.py
[2025-01-21T01:54:20.945+0000] {logging_mixin.py:190} INFO - [2025-01-21T01:54:20.945+0000] {dag.py:3239} INFO - Sync 1 DAGs
[2025-01-21T01:54:20.960+0000] {logging_mixin.py:190} INFO - [2025-01-21T01:54:20.960+0000] {dag.py:4180} INFO - Setting next_dagrun for example_params_ui_tutorial to None, run_after=None
[2025-01-21T01:54:20.989+0000] {processor.py:208} INFO - Processing /root/airflow-venv/lib/python3.12/site-packages/airflow/example_dags/example_params_ui_tutorial.py took 0.121 seconds
[2025-01-21T20:45:20.015+0000] {processor.py:186} INFO - Started process (PID=1007681) to work on /root/airflow-venv/lib/python3.12/site-packages/airflow/example_dags/example_params_ui_tutorial.py
[2025-01-21T20:45:20.025+0000] {processor.py:914} INFO - Processing file /root/airflow-venv/lib/python3.12/site-packages/airflow/example_dags/example_params_ui_tutorial.py for tasks to queue
[2025-01-21T20:45:20.030+0000] {logging_mixin.py:190} INFO - [2025-01-21T20:45:20.029+0000] {dagbag.py:588} INFO - Filling up the DagBag from /root/airflow-venv/lib/python3.12/site-packages/airflow/example_dags/example_params_ui_tutorial.py
[2025-01-21T20:45:20.061+0000] {processor.py:925} INFO - DAG(s) 'example_params_ui_tutorial' retrieved from /root/airflow-venv/lib/python3.12/site-packages/airflow/example_dags/example_params_ui_tutorial.py
[2025-01-21T20:45:20.150+0000] {logging_mixin.py:190} INFO - [2025-01-21T20:45:20.149+0000] {dag.py:3239} INFO - Sync 1 DAGs
[2025-01-21T20:45:20.182+0000] {logging_mixin.py:190} INFO - [2025-01-21T20:45:20.182+0000] {dag.py:4180} INFO - Setting next_dagrun for example_params_ui_tutorial to None, run_after=None
[2025-01-21T20:45:20.231+0000] {processor.py:208} INFO - Processing /root/airflow-venv/lib/python3.12/site-packages/airflow/example_dags/example_params_ui_tutorial.py took 0.233 seconds
[2025-01-21T20:46:26.709+0000] {processor.py:186} INFO - Started process (PID=1007752) to work on /root/airflow-venv/lib/python3.12/site-packages/airflow/example_dags/example_params_ui_tutorial.py
[2025-01-21T20:46:26.711+0000] {processor.py:914} INFO - Processing file /root/airflow-venv/lib/python3.12/site-packages/airflow/example_dags/example_params_ui_tutorial.py for tasks to queue
[2025-01-21T20:46:26.716+0000] {logging_mixin.py:190} INFO - [2025-01-21T20:46:26.715+0000] {dagbag.py:588} INFO - Filling up the DagBag from /root/airflow-venv/lib/python3.12/site-packages/airflow/example_dags/example_params_ui_tutorial.py
[2025-01-21T20:46:26.733+0000] {processor.py:925} INFO - DAG(s) 'example_params_ui_tutorial' retrieved from /root/airflow-venv/lib/python3.12/site-packages/airflow/example_dags/example_params_ui_tutorial.py
[2025-01-21T20:46:26.797+0000] {logging_mixin.py:190} INFO - [2025-01-21T20:46:26.796+0000] {dag.py:3239} INFO - Sync 1 DAGs
[2025-01-21T20:46:26.819+0000] {logging_mixin.py:190} INFO - [2025-01-21T20:46:26.818+0000] {dag.py:4180} INFO - Setting next_dagrun for example_params_ui_tutorial to None, run_after=None
[2025-01-21T20:46:26.884+0000] {processor.py:208} INFO - Processing /root/airflow-venv/lib/python3.12/site-packages/airflow/example_dags/example_params_ui_tutorial.py took 0.187 seconds
