[2025-01-21T01:50:19.197+0000] {processor.py:186} INFO - Started process (PID=995502) to work on /root/airflow-venv/lib/python3.12/site-packages/airflow/example_dags/example_dataset_alias_with_no_taskflow.py
[2025-01-21T01:50:19.199+0000] {processor.py:914} INFO - Processing file /root/airflow-venv/lib/python3.12/site-packages/airflow/example_dags/example_dataset_alias_with_no_taskflow.py for tasks to queue
[2025-01-21T01:50:19.204+0000] {logging_mixin.py:190} INFO - [2025-01-21T01:50:19.203+0000] {dagbag.py:588} INFO - Filling up the DagBag from /root/airflow-venv/lib/python3.12/site-packages/airflow/example_dags/example_dataset_alias_with_no_taskflow.py
[2025-01-21T01:50:19.252+0000] {processor.py:925} INFO - DAG(s) 'dataset_alias_example_alias_producer_with_no_taskflow', 'dataset_s3_bucket_consumer_with_no_taskflow', 'dataset_s3_bucket_producer_with_no_taskflow', 'dataset_alias_example_alias_consumer_with_no_taskflow' retrieved from /root/airflow-venv/lib/python3.12/site-packages/airflow/example_dags/example_dataset_alias_with_no_taskflow.py
[2025-01-21T01:50:19.288+0000] {logging_mixin.py:190} INFO - [2025-01-21T01:50:19.287+0000] {dag.py:3239} INFO - Sync 4 DAGs
[2025-01-21T01:50:19.320+0000] {logging_mixin.py:190} INFO - [2025-01-21T01:50:19.320+0000] {dag.py:4180} INFO - Setting next_dagrun for dataset_alias_example_alias_consumer_with_no_taskflow to None, run_after=None
[2025-01-21T01:50:19.324+0000] {logging_mixin.py:190} INFO - [2025-01-21T01:50:19.324+0000] {dag.py:4180} INFO - Setting next_dagrun for dataset_alias_example_alias_producer_with_no_taskflow to None, run_after=None
[2025-01-21T01:50:19.326+0000] {logging_mixin.py:190} INFO - [2025-01-21T01:50:19.326+0000] {dag.py:4180} INFO - Setting next_dagrun for dataset_s3_bucket_consumer_with_no_taskflow to None, run_after=None
[2025-01-21T01:50:19.327+0000] {logging_mixin.py:190} INFO - [2025-01-21T01:50:19.327+0000] {dag.py:4180} INFO - Setting next_dagrun for dataset_s3_bucket_producer_with_no_taskflow to None, run_after=None
[2025-01-21T01:50:19.372+0000] {processor.py:208} INFO - Processing /root/airflow-venv/lib/python3.12/site-packages/airflow/example_dags/example_dataset_alias_with_no_taskflow.py took 0.187 seconds
[2025-01-21T01:51:25.578+0000] {processor.py:186} INFO - Started process (PID=995570) to work on /root/airflow-venv/lib/python3.12/site-packages/airflow/example_dags/example_dataset_alias_with_no_taskflow.py
[2025-01-21T01:51:25.580+0000] {processor.py:914} INFO - Processing file /root/airflow-venv/lib/python3.12/site-packages/airflow/example_dags/example_dataset_alias_with_no_taskflow.py for tasks to queue
[2025-01-21T01:51:25.585+0000] {logging_mixin.py:190} INFO - [2025-01-21T01:51:25.584+0000] {dagbag.py:588} INFO - Filling up the DagBag from /root/airflow-venv/lib/python3.12/site-packages/airflow/example_dags/example_dataset_alias_with_no_taskflow.py
[2025-01-21T01:51:25.631+0000] {processor.py:925} INFO - DAG(s) 'dataset_s3_bucket_consumer_with_no_taskflow', 'dataset_alias_example_alias_producer_with_no_taskflow', 'dataset_s3_bucket_producer_with_no_taskflow', 'dataset_alias_example_alias_consumer_with_no_taskflow' retrieved from /root/airflow-venv/lib/python3.12/site-packages/airflow/example_dags/example_dataset_alias_with_no_taskflow.py
[2025-01-21T01:51:25.674+0000] {logging_mixin.py:190} INFO - [2025-01-21T01:51:25.673+0000] {dag.py:3239} INFO - Sync 4 DAGs
[2025-01-21T01:51:25.714+0000] {logging_mixin.py:190} INFO - [2025-01-21T01:51:25.714+0000] {dag.py:4180} INFO - Setting next_dagrun for dataset_alias_example_alias_consumer_with_no_taskflow to None, run_after=None
[2025-01-21T01:51:25.722+0000] {logging_mixin.py:190} INFO - [2025-01-21T01:51:25.721+0000] {dag.py:4180} INFO - Setting next_dagrun for dataset_alias_example_alias_producer_with_no_taskflow to None, run_after=None
[2025-01-21T01:51:25.724+0000] {logging_mixin.py:190} INFO - [2025-01-21T01:51:25.723+0000] {dag.py:4180} INFO - Setting next_dagrun for dataset_s3_bucket_consumer_with_no_taskflow to None, run_after=None
[2025-01-21T01:51:25.725+0000] {logging_mixin.py:190} INFO - [2025-01-21T01:51:25.725+0000] {dag.py:4180} INFO - Setting next_dagrun for dataset_s3_bucket_producer_with_no_taskflow to None, run_after=None
[2025-01-21T01:51:25.774+0000] {processor.py:208} INFO - Processing /root/airflow-venv/lib/python3.12/site-packages/airflow/example_dags/example_dataset_alias_with_no_taskflow.py took 0.208 seconds
[2025-01-21T01:52:28.634+0000] {processor.py:186} INFO - Started process (PID=995638) to work on /root/airflow-venv/lib/python3.12/site-packages/airflow/example_dags/example_dataset_alias_with_no_taskflow.py
[2025-01-21T01:52:28.636+0000] {processor.py:914} INFO - Processing file /root/airflow-venv/lib/python3.12/site-packages/airflow/example_dags/example_dataset_alias_with_no_taskflow.py for tasks to queue
[2025-01-21T01:52:28.641+0000] {logging_mixin.py:190} INFO - [2025-01-21T01:52:28.640+0000] {dagbag.py:588} INFO - Filling up the DagBag from /root/airflow-venv/lib/python3.12/site-packages/airflow/example_dags/example_dataset_alias_with_no_taskflow.py
[2025-01-21T01:52:28.692+0000] {processor.py:925} INFO - DAG(s) 'dataset_alias_example_alias_consumer_with_no_taskflow', 'dataset_s3_bucket_consumer_with_no_taskflow', 'dataset_alias_example_alias_producer_with_no_taskflow', 'dataset_s3_bucket_producer_with_no_taskflow' retrieved from /root/airflow-venv/lib/python3.12/site-packages/airflow/example_dags/example_dataset_alias_with_no_taskflow.py
[2025-01-21T01:52:28.725+0000] {logging_mixin.py:190} INFO - [2025-01-21T01:52:28.725+0000] {dag.py:3239} INFO - Sync 4 DAGs
[2025-01-21T01:52:28.759+0000] {logging_mixin.py:190} INFO - [2025-01-21T01:52:28.759+0000] {dag.py:4180} INFO - Setting next_dagrun for dataset_alias_example_alias_consumer_with_no_taskflow to None, run_after=None
[2025-01-21T01:52:28.779+0000] {logging_mixin.py:190} INFO - [2025-01-21T01:52:28.778+0000] {dag.py:4180} INFO - Setting next_dagrun for dataset_alias_example_alias_producer_with_no_taskflow to None, run_after=None
[2025-01-21T01:52:28.781+0000] {logging_mixin.py:190} INFO - [2025-01-21T01:52:28.780+0000] {dag.py:4180} INFO - Setting next_dagrun for dataset_s3_bucket_consumer_with_no_taskflow to None, run_after=None
[2025-01-21T01:52:28.782+0000] {logging_mixin.py:190} INFO - [2025-01-21T01:52:28.782+0000] {dag.py:4180} INFO - Setting next_dagrun for dataset_s3_bucket_producer_with_no_taskflow to None, run_after=None
[2025-01-21T01:52:28.833+0000] {processor.py:208} INFO - Processing /root/airflow-venv/lib/python3.12/site-packages/airflow/example_dags/example_dataset_alias_with_no_taskflow.py took 0.217 seconds
[2025-01-21T01:53:32.923+0000] {processor.py:186} INFO - Started process (PID=995705) to work on /root/airflow-venv/lib/python3.12/site-packages/airflow/example_dags/example_dataset_alias_with_no_taskflow.py
[2025-01-21T01:53:32.925+0000] {processor.py:914} INFO - Processing file /root/airflow-venv/lib/python3.12/site-packages/airflow/example_dags/example_dataset_alias_with_no_taskflow.py for tasks to queue
[2025-01-21T01:53:32.930+0000] {logging_mixin.py:190} INFO - [2025-01-21T01:53:32.929+0000] {dagbag.py:588} INFO - Filling up the DagBag from /root/airflow-venv/lib/python3.12/site-packages/airflow/example_dags/example_dataset_alias_with_no_taskflow.py
[2025-01-21T01:53:32.970+0000] {processor.py:925} INFO - DAG(s) 'dataset_alias_example_alias_producer_with_no_taskflow', 'dataset_s3_bucket_consumer_with_no_taskflow', 'dataset_s3_bucket_producer_with_no_taskflow', 'dataset_alias_example_alias_consumer_with_no_taskflow' retrieved from /root/airflow-venv/lib/python3.12/site-packages/airflow/example_dags/example_dataset_alias_with_no_taskflow.py
[2025-01-21T01:53:33.006+0000] {logging_mixin.py:190} INFO - [2025-01-21T01:53:33.005+0000] {dag.py:3239} INFO - Sync 4 DAGs
[2025-01-21T01:53:33.045+0000] {logging_mixin.py:190} INFO - [2025-01-21T01:53:33.045+0000] {dag.py:4180} INFO - Setting next_dagrun for dataset_alias_example_alias_consumer_with_no_taskflow to None, run_after=None
[2025-01-21T01:53:33.047+0000] {logging_mixin.py:190} INFO - [2025-01-21T01:53:33.047+0000] {dag.py:4180} INFO - Setting next_dagrun for dataset_alias_example_alias_producer_with_no_taskflow to None, run_after=None
[2025-01-21T01:53:33.049+0000] {logging_mixin.py:190} INFO - [2025-01-21T01:53:33.049+0000] {dag.py:4180} INFO - Setting next_dagrun for dataset_s3_bucket_consumer_with_no_taskflow to None, run_after=None
[2025-01-21T01:53:33.051+0000] {logging_mixin.py:190} INFO - [2025-01-21T01:53:33.050+0000] {dag.py:4180} INFO - Setting next_dagrun for dataset_s3_bucket_producer_with_no_taskflow to None, run_after=None
[2025-01-21T01:53:33.091+0000] {processor.py:208} INFO - Processing /root/airflow-venv/lib/python3.12/site-packages/airflow/example_dags/example_dataset_alias_with_no_taskflow.py took 0.179 seconds
[2025-01-21T20:45:33.088+0000] {processor.py:186} INFO - Started process (PID=1007695) to work on /root/airflow-venv/lib/python3.12/site-packages/airflow/example_dags/example_dataset_alias_with_no_taskflow.py
[2025-01-21T20:45:33.090+0000] {processor.py:914} INFO - Processing file /root/airflow-venv/lib/python3.12/site-packages/airflow/example_dags/example_dataset_alias_with_no_taskflow.py for tasks to queue
[2025-01-21T20:45:33.094+0000] {logging_mixin.py:190} INFO - [2025-01-21T20:45:33.093+0000] {dagbag.py:588} INFO - Filling up the DagBag from /root/airflow-venv/lib/python3.12/site-packages/airflow/example_dags/example_dataset_alias_with_no_taskflow.py
[2025-01-21T20:45:33.137+0000] {processor.py:925} INFO - DAG(s) 'dataset_s3_bucket_consumer_with_no_taskflow', 'dataset_alias_example_alias_consumer_with_no_taskflow', 'dataset_alias_example_alias_producer_with_no_taskflow', 'dataset_s3_bucket_producer_with_no_taskflow' retrieved from /root/airflow-venv/lib/python3.12/site-packages/airflow/example_dags/example_dataset_alias_with_no_taskflow.py
[2025-01-21T20:45:33.173+0000] {logging_mixin.py:190} INFO - [2025-01-21T20:45:33.173+0000] {dag.py:3239} INFO - Sync 4 DAGs
[2025-01-21T20:45:33.207+0000] {logging_mixin.py:190} INFO - [2025-01-21T20:45:33.207+0000] {dag.py:4180} INFO - Setting next_dagrun for dataset_alias_example_alias_consumer_with_no_taskflow to None, run_after=None
[2025-01-21T20:45:33.213+0000] {logging_mixin.py:190} INFO - [2025-01-21T20:45:33.213+0000] {dag.py:4180} INFO - Setting next_dagrun for dataset_alias_example_alias_producer_with_no_taskflow to None, run_after=None
[2025-01-21T20:45:33.215+0000] {logging_mixin.py:190} INFO - [2025-01-21T20:45:33.215+0000] {dag.py:4180} INFO - Setting next_dagrun for dataset_s3_bucket_consumer_with_no_taskflow to None, run_after=None
[2025-01-21T20:45:33.217+0000] {logging_mixin.py:190} INFO - [2025-01-21T20:45:33.217+0000] {dag.py:4180} INFO - Setting next_dagrun for dataset_s3_bucket_producer_with_no_taskflow to None, run_after=None
[2025-01-21T20:45:33.259+0000] {processor.py:208} INFO - Processing /root/airflow-venv/lib/python3.12/site-packages/airflow/example_dags/example_dataset_alias_with_no_taskflow.py took 0.182 seconds
[2025-01-21T20:46:47.306+0000] {processor.py:186} INFO - Started process (PID=1007774) to work on /root/airflow-venv/lib/python3.12/site-packages/airflow/example_dags/example_dataset_alias_with_no_taskflow.py
[2025-01-21T20:46:47.308+0000] {processor.py:914} INFO - Processing file /root/airflow-venv/lib/python3.12/site-packages/airflow/example_dags/example_dataset_alias_with_no_taskflow.py for tasks to queue
[2025-01-21T20:46:47.313+0000] {logging_mixin.py:190} INFO - [2025-01-21T20:46:47.312+0000] {dagbag.py:588} INFO - Filling up the DagBag from /root/airflow-venv/lib/python3.12/site-packages/airflow/example_dags/example_dataset_alias_with_no_taskflow.py
[2025-01-21T20:46:47.351+0000] {processor.py:925} INFO - DAG(s) 'dataset_s3_bucket_producer_with_no_taskflow', 'dataset_alias_example_alias_consumer_with_no_taskflow', 'dataset_s3_bucket_consumer_with_no_taskflow', 'dataset_alias_example_alias_producer_with_no_taskflow' retrieved from /root/airflow-venv/lib/python3.12/site-packages/airflow/example_dags/example_dataset_alias_with_no_taskflow.py
[2025-01-21T20:46:47.384+0000] {logging_mixin.py:190} INFO - [2025-01-21T20:46:47.383+0000] {dag.py:3239} INFO - Sync 4 DAGs
[2025-01-21T20:46:47.413+0000] {logging_mixin.py:190} INFO - [2025-01-21T20:46:47.412+0000] {dag.py:4180} INFO - Setting next_dagrun for dataset_alias_example_alias_consumer_with_no_taskflow to None, run_after=None
[2025-01-21T20:46:47.418+0000] {logging_mixin.py:190} INFO - [2025-01-21T20:46:47.418+0000] {dag.py:4180} INFO - Setting next_dagrun for dataset_alias_example_alias_producer_with_no_taskflow to None, run_after=None
[2025-01-21T20:46:47.420+0000] {logging_mixin.py:190} INFO - [2025-01-21T20:46:47.419+0000] {dag.py:4180} INFO - Setting next_dagrun for dataset_s3_bucket_consumer_with_no_taskflow to None, run_after=None
[2025-01-21T20:46:47.421+0000] {logging_mixin.py:190} INFO - [2025-01-21T20:46:47.420+0000] {dag.py:4180} INFO - Setting next_dagrun for dataset_s3_bucket_producer_with_no_taskflow to None, run_after=None
[2025-01-21T20:46:47.459+0000] {processor.py:208} INFO - Processing /root/airflow-venv/lib/python3.12/site-packages/airflow/example_dags/example_dataset_alias_with_no_taskflow.py took 0.162 seconds
