[2025-01-21T01:49:50.116+0000] {processor.py:186} INFO - Started process (PID=995467) to work on /root/airflow-venv/lib/python3.12/site-packages/airflow/example_dags/example_time_delta_sensor_async.py
[2025-01-21T01:49:50.117+0000] {processor.py:914} INFO - Processing file /root/airflow-venv/lib/python3.12/site-packages/airflow/example_dags/example_time_delta_sensor_async.py for tasks to queue
[2025-01-21T01:49:50.121+0000] {logging_mixin.py:190} INFO - [2025-01-21T01:49:50.121+0000] {dagbag.py:588} INFO - Filling up the DagBag from /root/airflow-venv/lib/python3.12/site-packages/airflow/example_dags/example_time_delta_sensor_async.py
[2025-01-21T01:49:50.132+0000] {processor.py:925} INFO - DAG(s) 'example_time_delta_sensor_async' retrieved from /root/airflow-venv/lib/python3.12/site-packages/airflow/example_dags/example_time_delta_sensor_async.py
[2025-01-21T01:49:50.159+0000] {logging_mixin.py:190} INFO - [2025-01-21T01:49:50.159+0000] {dag.py:3239} INFO - Sync 1 DAGs
[2025-01-21T01:49:50.175+0000] {logging_mixin.py:190} INFO - [2025-01-21T01:49:50.175+0000] {dag.py:4180} INFO - Setting next_dagrun for example_time_delta_sensor_async to None, run_after=None
[2025-01-21T01:49:50.206+0000] {processor.py:208} INFO - Processing /root/airflow-venv/lib/python3.12/site-packages/airflow/example_dags/example_time_delta_sensor_async.py took 0.099 seconds
[2025-01-21T01:50:53.382+0000] {processor.py:186} INFO - Started process (PID=995537) to work on /root/airflow-venv/lib/python3.12/site-packages/airflow/example_dags/example_time_delta_sensor_async.py
[2025-01-21T01:50:53.384+0000] {processor.py:914} INFO - Processing file /root/airflow-venv/lib/python3.12/site-packages/airflow/example_dags/example_time_delta_sensor_async.py for tasks to queue
[2025-01-21T01:50:53.388+0000] {logging_mixin.py:190} INFO - [2025-01-21T01:50:53.387+0000] {dagbag.py:588} INFO - Filling up the DagBag from /root/airflow-venv/lib/python3.12/site-packages/airflow/example_dags/example_time_delta_sensor_async.py
[2025-01-21T01:50:53.399+0000] {processor.py:925} INFO - DAG(s) 'example_time_delta_sensor_async' retrieved from /root/airflow-venv/lib/python3.12/site-packages/airflow/example_dags/example_time_delta_sensor_async.py
[2025-01-21T01:50:53.423+0000] {logging_mixin.py:190} INFO - [2025-01-21T01:50:53.423+0000] {dag.py:3239} INFO - Sync 1 DAGs
[2025-01-21T01:50:53.442+0000] {logging_mixin.py:190} INFO - [2025-01-21T01:50:53.442+0000] {dag.py:4180} INFO - Setting next_dagrun for example_time_delta_sensor_async to None, run_after=None
[2025-01-21T01:50:53.469+0000] {processor.py:208} INFO - Processing /root/airflow-venv/lib/python3.12/site-packages/airflow/example_dags/example_time_delta_sensor_async.py took 0.096 seconds
[2025-01-21T01:51:55.701+0000] {processor.py:186} INFO - Started process (PID=995602) to work on /root/airflow-venv/lib/python3.12/site-packages/airflow/example_dags/example_time_delta_sensor_async.py
[2025-01-21T01:51:55.703+0000] {processor.py:914} INFO - Processing file /root/airflow-venv/lib/python3.12/site-packages/airflow/example_dags/example_time_delta_sensor_async.py for tasks to queue
[2025-01-21T01:51:55.707+0000] {logging_mixin.py:190} INFO - [2025-01-21T01:51:55.707+0000] {dagbag.py:588} INFO - Filling up the DagBag from /root/airflow-venv/lib/python3.12/site-packages/airflow/example_dags/example_time_delta_sensor_async.py
[2025-01-21T01:51:55.720+0000] {processor.py:925} INFO - DAG(s) 'example_time_delta_sensor_async' retrieved from /root/airflow-venv/lib/python3.12/site-packages/airflow/example_dags/example_time_delta_sensor_async.py
[2025-01-21T01:51:55.753+0000] {logging_mixin.py:190} INFO - [2025-01-21T01:51:55.753+0000] {dag.py:3239} INFO - Sync 1 DAGs
[2025-01-21T01:51:55.773+0000] {logging_mixin.py:190} INFO - [2025-01-21T01:51:55.773+0000] {dag.py:4180} INFO - Setting next_dagrun for example_time_delta_sensor_async to None, run_after=None
[2025-01-21T01:51:55.813+0000] {processor.py:208} INFO - Processing /root/airflow-venv/lib/python3.12/site-packages/airflow/example_dags/example_time_delta_sensor_async.py took 0.121 seconds
[2025-01-21T01:53:01.996+0000] {processor.py:186} INFO - Started process (PID=995673) to work on /root/airflow-venv/lib/python3.12/site-packages/airflow/example_dags/example_time_delta_sensor_async.py
[2025-01-21T01:53:01.998+0000] {processor.py:914} INFO - Processing file /root/airflow-venv/lib/python3.12/site-packages/airflow/example_dags/example_time_delta_sensor_async.py for tasks to queue
[2025-01-21T01:53:02.002+0000] {logging_mixin.py:190} INFO - [2025-01-21T01:53:02.001+0000] {dagbag.py:588} INFO - Filling up the DagBag from /root/airflow-venv/lib/python3.12/site-packages/airflow/example_dags/example_time_delta_sensor_async.py
[2025-01-21T01:53:02.014+0000] {processor.py:925} INFO - DAG(s) 'example_time_delta_sensor_async' retrieved from /root/airflow-venv/lib/python3.12/site-packages/airflow/example_dags/example_time_delta_sensor_async.py
[2025-01-21T01:53:02.041+0000] {logging_mixin.py:190} INFO - [2025-01-21T01:53:02.040+0000] {dag.py:3239} INFO - Sync 1 DAGs
[2025-01-21T01:53:02.061+0000] {logging_mixin.py:190} INFO - [2025-01-21T01:53:02.060+0000] {dag.py:4180} INFO - Setting next_dagrun for example_time_delta_sensor_async to None, run_after=None
[2025-01-21T01:53:02.101+0000] {processor.py:208} INFO - Processing /root/airflow-venv/lib/python3.12/site-packages/airflow/example_dags/example_time_delta_sensor_async.py took 0.115 seconds
[2025-01-21T01:54:02.745+0000] {processor.py:186} INFO - Started process (PID=995738) to work on /root/airflow-venv/lib/python3.12/site-packages/airflow/example_dags/example_time_delta_sensor_async.py
[2025-01-21T01:54:02.747+0000] {processor.py:914} INFO - Processing file /root/airflow-venv/lib/python3.12/site-packages/airflow/example_dags/example_time_delta_sensor_async.py for tasks to queue
[2025-01-21T01:54:02.751+0000] {logging_mixin.py:190} INFO - [2025-01-21T01:54:02.750+0000] {dagbag.py:588} INFO - Filling up the DagBag from /root/airflow-venv/lib/python3.12/site-packages/airflow/example_dags/example_time_delta_sensor_async.py
[2025-01-21T01:54:02.761+0000] {processor.py:925} INFO - DAG(s) 'example_time_delta_sensor_async' retrieved from /root/airflow-venv/lib/python3.12/site-packages/airflow/example_dags/example_time_delta_sensor_async.py
[2025-01-21T01:54:02.784+0000] {logging_mixin.py:190} INFO - [2025-01-21T01:54:02.784+0000] {dag.py:3239} INFO - Sync 1 DAGs
[2025-01-21T01:54:02.802+0000] {logging_mixin.py:190} INFO - [2025-01-21T01:54:02.802+0000] {dag.py:4180} INFO - Setting next_dagrun for example_time_delta_sensor_async to None, run_after=None
[2025-01-21T01:54:02.838+0000] {processor.py:208} INFO - Processing /root/airflow-venv/lib/python3.12/site-packages/airflow/example_dags/example_time_delta_sensor_async.py took 0.102 seconds
[2025-01-21T20:45:00.546+0000] {processor.py:186} INFO - Started process (PID=1007654) to work on /root/airflow-venv/lib/python3.12/site-packages/airflow/example_dags/example_time_delta_sensor_async.py
[2025-01-21T20:45:00.549+0000] {processor.py:914} INFO - Processing file /root/airflow-venv/lib/python3.12/site-packages/airflow/example_dags/example_time_delta_sensor_async.py for tasks to queue
[2025-01-21T20:45:00.554+0000] {logging_mixin.py:190} INFO - [2025-01-21T20:45:00.553+0000] {dagbag.py:588} INFO - Filling up the DagBag from /root/airflow-venv/lib/python3.12/site-packages/airflow/example_dags/example_time_delta_sensor_async.py
[2025-01-21T20:45:00.571+0000] {processor.py:925} INFO - DAG(s) 'example_time_delta_sensor_async' retrieved from /root/airflow-venv/lib/python3.12/site-packages/airflow/example_dags/example_time_delta_sensor_async.py
[2025-01-21T20:45:00.612+0000] {logging_mixin.py:190} INFO - [2025-01-21T20:45:00.611+0000] {dag.py:3239} INFO - Sync 1 DAGs
[2025-01-21T20:45:00.636+0000] {logging_mixin.py:190} INFO - [2025-01-21T20:45:00.635+0000] {dag.py:4180} INFO - Setting next_dagrun for example_time_delta_sensor_async to None, run_after=None
[2025-01-21T20:45:00.682+0000] {processor.py:208} INFO - Processing /root/airflow-venv/lib/python3.12/site-packages/airflow/example_dags/example_time_delta_sensor_async.py took 0.150 seconds
[2025-01-21T20:46:07.507+0000] {processor.py:186} INFO - Started process (PID=1007736) to work on /root/airflow-venv/lib/python3.12/site-packages/airflow/example_dags/example_time_delta_sensor_async.py
[2025-01-21T20:46:07.509+0000] {processor.py:914} INFO - Processing file /root/airflow-venv/lib/python3.12/site-packages/airflow/example_dags/example_time_delta_sensor_async.py for tasks to queue
[2025-01-21T20:46:07.515+0000] {logging_mixin.py:190} INFO - [2025-01-21T20:46:07.514+0000] {dagbag.py:588} INFO - Filling up the DagBag from /root/airflow-venv/lib/python3.12/site-packages/airflow/example_dags/example_time_delta_sensor_async.py
[2025-01-21T20:46:07.537+0000] {processor.py:925} INFO - DAG(s) 'example_time_delta_sensor_async' retrieved from /root/airflow-venv/lib/python3.12/site-packages/airflow/example_dags/example_time_delta_sensor_async.py
[2025-01-21T20:46:07.595+0000] {logging_mixin.py:190} INFO - [2025-01-21T20:46:07.594+0000] {dag.py:3239} INFO - Sync 1 DAGs
[2025-01-21T20:46:07.625+0000] {logging_mixin.py:190} INFO - [2025-01-21T20:46:07.624+0000] {dag.py:4180} INFO - Setting next_dagrun for example_time_delta_sensor_async to None, run_after=None
[2025-01-21T20:46:07.669+0000] {processor.py:208} INFO - Processing /root/airflow-venv/lib/python3.12/site-packages/airflow/example_dags/example_time_delta_sensor_async.py took 0.180 seconds
