[2025-01-21T01:49:52.850+0000] {processor.py:186} INFO - Started process (PID=995470) to work on /root/airflow-venv/lib/python3.12/site-packages/airflow/example_dags/example_task_group_decorator.py
[2025-01-21T01:49:52.851+0000] {processor.py:914} INFO - Processing file /root/airflow-venv/lib/python3.12/site-packages/airflow/example_dags/example_task_group_decorator.py for tasks to queue
[2025-01-21T01:49:52.855+0000] {logging_mixin.py:190} INFO - [2025-01-21T01:49:52.854+0000] {dagbag.py:588} INFO - Filling up the DagBag from /root/airflow-venv/lib/python3.12/site-packages/airflow/example_dags/example_task_group_decorator.py
[2025-01-21T01:49:52.881+0000] {processor.py:925} INFO - DAG(s) 'example_task_group_decorator' retrieved from /root/airflow-venv/lib/python3.12/site-packages/airflow/example_dags/example_task_group_decorator.py
[2025-01-21T01:49:52.914+0000] {logging_mixin.py:190} INFO - [2025-01-21T01:49:52.913+0000] {dag.py:3239} INFO - Sync 1 DAGs
[2025-01-21T01:49:52.935+0000] {logging_mixin.py:190} INFO - [2025-01-21T01:49:52.934+0000] {dag.py:4180} INFO - Setting next_dagrun for example_task_group_decorator to None, run_after=None
[2025-01-21T01:49:52.964+0000] {processor.py:208} INFO - Processing /root/airflow-venv/lib/python3.12/site-packages/airflow/example_dags/example_task_group_decorator.py took 0.124 seconds
[2025-01-21T01:50:56.628+0000] {processor.py:186} INFO - Started process (PID=995542) to work on /root/airflow-venv/lib/python3.12/site-packages/airflow/example_dags/example_task_group_decorator.py
[2025-01-21T01:50:56.630+0000] {processor.py:914} INFO - Processing file /root/airflow-venv/lib/python3.12/site-packages/airflow/example_dags/example_task_group_decorator.py for tasks to queue
[2025-01-21T01:50:56.635+0000] {logging_mixin.py:190} INFO - [2025-01-21T01:50:56.634+0000] {dagbag.py:588} INFO - Filling up the DagBag from /root/airflow-venv/lib/python3.12/site-packages/airflow/example_dags/example_task_group_decorator.py
[2025-01-21T01:50:56.667+0000] {processor.py:925} INFO - DAG(s) 'example_task_group_decorator' retrieved from /root/airflow-venv/lib/python3.12/site-packages/airflow/example_dags/example_task_group_decorator.py
[2025-01-21T01:50:56.708+0000] {logging_mixin.py:190} INFO - [2025-01-21T01:50:56.708+0000] {dag.py:3239} INFO - Sync 1 DAGs
[2025-01-21T01:50:56.733+0000] {logging_mixin.py:190} INFO - [2025-01-21T01:50:56.732+0000] {dag.py:4180} INFO - Setting next_dagrun for example_task_group_decorator to None, run_after=None
[2025-01-21T01:50:56.773+0000] {processor.py:208} INFO - Processing /root/airflow-venv/lib/python3.12/site-packages/airflow/example_dags/example_task_group_decorator.py took 0.157 seconds
[2025-01-21T01:51:58.572+0000] {processor.py:186} INFO - Started process (PID=995607) to work on /root/airflow-venv/lib/python3.12/site-packages/airflow/example_dags/example_task_group_decorator.py
[2025-01-21T01:51:58.574+0000] {processor.py:914} INFO - Processing file /root/airflow-venv/lib/python3.12/site-packages/airflow/example_dags/example_task_group_decorator.py for tasks to queue
[2025-01-21T01:51:58.580+0000] {logging_mixin.py:190} INFO - [2025-01-21T01:51:58.579+0000] {dagbag.py:588} INFO - Filling up the DagBag from /root/airflow-venv/lib/python3.12/site-packages/airflow/example_dags/example_task_group_decorator.py
[2025-01-21T01:51:58.608+0000] {processor.py:925} INFO - DAG(s) 'example_task_group_decorator' retrieved from /root/airflow-venv/lib/python3.12/site-packages/airflow/example_dags/example_task_group_decorator.py
[2025-01-21T01:51:58.647+0000] {logging_mixin.py:190} INFO - [2025-01-21T01:51:58.647+0000] {dag.py:3239} INFO - Sync 1 DAGs
[2025-01-21T01:51:58.671+0000] {logging_mixin.py:190} INFO - [2025-01-21T01:51:58.670+0000] {dag.py:4180} INFO - Setting next_dagrun for example_task_group_decorator to None, run_after=None
[2025-01-21T01:51:58.709+0000] {processor.py:208} INFO - Processing /root/airflow-venv/lib/python3.12/site-packages/airflow/example_dags/example_task_group_decorator.py took 0.147 seconds
[2025-01-21T01:53:05.278+0000] {processor.py:186} INFO - Started process (PID=995676) to work on /root/airflow-venv/lib/python3.12/site-packages/airflow/example_dags/example_task_group_decorator.py
[2025-01-21T01:53:05.280+0000] {processor.py:914} INFO - Processing file /root/airflow-venv/lib/python3.12/site-packages/airflow/example_dags/example_task_group_decorator.py for tasks to queue
[2025-01-21T01:53:05.285+0000] {logging_mixin.py:190} INFO - [2025-01-21T01:53:05.285+0000] {dagbag.py:588} INFO - Filling up the DagBag from /root/airflow-venv/lib/python3.12/site-packages/airflow/example_dags/example_task_group_decorator.py
[2025-01-21T01:53:05.322+0000] {processor.py:925} INFO - DAG(s) 'example_task_group_decorator' retrieved from /root/airflow-venv/lib/python3.12/site-packages/airflow/example_dags/example_task_group_decorator.py
[2025-01-21T01:53:05.369+0000] {logging_mixin.py:190} INFO - [2025-01-21T01:53:05.368+0000] {dag.py:3239} INFO - Sync 1 DAGs
[2025-01-21T01:53:05.394+0000] {logging_mixin.py:190} INFO - [2025-01-21T01:53:05.393+0000] {dag.py:4180} INFO - Setting next_dagrun for example_task_group_decorator to None, run_after=None
[2025-01-21T01:53:05.435+0000] {processor.py:208} INFO - Processing /root/airflow-venv/lib/python3.12/site-packages/airflow/example_dags/example_task_group_decorator.py took 0.167 seconds
[2025-01-21T01:54:06.592+0000] {processor.py:186} INFO - Started process (PID=995741) to work on /root/airflow-venv/lib/python3.12/site-packages/airflow/example_dags/example_task_group_decorator.py
[2025-01-21T01:54:06.594+0000] {processor.py:914} INFO - Processing file /root/airflow-venv/lib/python3.12/site-packages/airflow/example_dags/example_task_group_decorator.py for tasks to queue
[2025-01-21T01:54:06.599+0000] {logging_mixin.py:190} INFO - [2025-01-21T01:54:06.599+0000] {dagbag.py:588} INFO - Filling up the DagBag from /root/airflow-venv/lib/python3.12/site-packages/airflow/example_dags/example_task_group_decorator.py
[2025-01-21T01:54:06.626+0000] {processor.py:925} INFO - DAG(s) 'example_task_group_decorator' retrieved from /root/airflow-venv/lib/python3.12/site-packages/airflow/example_dags/example_task_group_decorator.py
[2025-01-21T01:54:06.662+0000] {logging_mixin.py:190} INFO - [2025-01-21T01:54:06.662+0000] {dag.py:3239} INFO - Sync 1 DAGs
[2025-01-21T01:54:06.686+0000] {logging_mixin.py:190} INFO - [2025-01-21T01:54:06.686+0000] {dag.py:4180} INFO - Setting next_dagrun for example_task_group_decorator to None, run_after=None
[2025-01-21T01:54:06.726+0000] {processor.py:208} INFO - Processing /root/airflow-venv/lib/python3.12/site-packages/airflow/example_dags/example_task_group_decorator.py took 0.146 seconds
[2025-01-21T20:45:04.586+0000] {processor.py:186} INFO - Started process (PID=1007665) to work on /root/airflow-venv/lib/python3.12/site-packages/airflow/example_dags/example_task_group_decorator.py
[2025-01-21T20:45:04.589+0000] {processor.py:914} INFO - Processing file /root/airflow-venv/lib/python3.12/site-packages/airflow/example_dags/example_task_group_decorator.py for tasks to queue
[2025-01-21T20:45:04.593+0000] {logging_mixin.py:190} INFO - [2025-01-21T20:45:04.592+0000] {dagbag.py:588} INFO - Filling up the DagBag from /root/airflow-venv/lib/python3.12/site-packages/airflow/example_dags/example_task_group_decorator.py
[2025-01-21T20:45:04.623+0000] {processor.py:925} INFO - DAG(s) 'example_task_group_decorator' retrieved from /root/airflow-venv/lib/python3.12/site-packages/airflow/example_dags/example_task_group_decorator.py
[2025-01-21T20:45:04.666+0000] {logging_mixin.py:190} INFO - [2025-01-21T20:45:04.665+0000] {dag.py:3239} INFO - Sync 1 DAGs
[2025-01-21T20:45:04.684+0000] {logging_mixin.py:190} INFO - [2025-01-21T20:45:04.684+0000] {dag.py:4180} INFO - Setting next_dagrun for example_task_group_decorator to None, run_after=None
[2025-01-21T20:45:04.731+0000] {processor.py:208} INFO - Processing /root/airflow-venv/lib/python3.12/site-packages/airflow/example_dags/example_task_group_decorator.py took 0.164 seconds
[2025-01-21T20:46:11.378+0000] {processor.py:186} INFO - Started process (PID=1007739) to work on /root/airflow-venv/lib/python3.12/site-packages/airflow/example_dags/example_task_group_decorator.py
[2025-01-21T20:46:11.381+0000] {processor.py:914} INFO - Processing file /root/airflow-venv/lib/python3.12/site-packages/airflow/example_dags/example_task_group_decorator.py for tasks to queue
[2025-01-21T20:46:11.385+0000] {logging_mixin.py:190} INFO - [2025-01-21T20:46:11.384+0000] {dagbag.py:588} INFO - Filling up the DagBag from /root/airflow-venv/lib/python3.12/site-packages/airflow/example_dags/example_task_group_decorator.py
[2025-01-21T20:46:11.419+0000] {processor.py:925} INFO - DAG(s) 'example_task_group_decorator' retrieved from /root/airflow-venv/lib/python3.12/site-packages/airflow/example_dags/example_task_group_decorator.py
[2025-01-21T20:46:11.468+0000] {logging_mixin.py:190} INFO - [2025-01-21T20:46:11.467+0000] {dag.py:3239} INFO - Sync 1 DAGs
[2025-01-21T20:46:11.491+0000] {logging_mixin.py:190} INFO - [2025-01-21T20:46:11.490+0000] {dag.py:4180} INFO - Setting next_dagrun for example_task_group_decorator to None, run_after=None
[2025-01-21T20:46:11.541+0000] {processor.py:208} INFO - Processing /root/airflow-venv/lib/python3.12/site-packages/airflow/example_dags/example_task_group_decorator.py took 0.175 seconds
