[2025-01-21T01:50:25.848+0000] {processor.py:186} INFO - Started process (PID=995508) to work on /root/airflow-venv/lib/python3.12/site-packages/airflow/example_dags/example_datasets.py
[2025-01-21T01:50:25.850+0000] {processor.py:914} INFO - Processing file /root/airflow-venv/lib/python3.12/site-packages/airflow/example_dags/example_datasets.py for tasks to queue
[2025-01-21T01:50:25.854+0000] {logging_mixin.py:190} INFO - [2025-01-21T01:50:25.853+0000] {dagbag.py:588} INFO - Filling up the DagBag from /root/airflow-venv/lib/python3.12/site-packages/airflow/example_dags/example_datasets.py
[2025-01-21T01:50:25.882+0000] {processor.py:925} INFO - DAG(s) 'conditional_dataset_and_time_based_timetable', 'dataset_consumes_unknown_never_scheduled', 'dataset_consumes_1_and_2', 'dataset_consumes_1_never_scheduled', 'dataset_produces_2', 'consume_1_or_2_with_dataset_expressions', 'dataset_produces_1', 'dataset_consumes_1', 'consume_1_or_both_2_and_3_with_dataset_expressions', 'consume_1_and_2_with_dataset_expressions' retrieved from /root/airflow-venv/lib/python3.12/site-packages/airflow/example_dags/example_datasets.py
[2025-01-21T01:50:25.945+0000] {logging_mixin.py:190} INFO - [2025-01-21T01:50:25.944+0000] {dag.py:3239} INFO - Sync 10 DAGs
[2025-01-21T01:50:25.990+0000] {logging_mixin.py:190} INFO - [2025-01-21T01:50:25.990+0000] {dag.py:4180} INFO - Setting next_dagrun for conditional_dataset_and_time_based_timetable to 2025-01-15 01:00:00+00:00, run_after=2025-01-15 01:00:00+00:00
[2025-01-21T01:50:25.995+0000] {logging_mixin.py:190} INFO - [2025-01-21T01:50:25.995+0000] {dag.py:4180} INFO - Setting next_dagrun for consume_1_and_2_with_dataset_expressions to None, run_after=None
[2025-01-21T01:50:25.997+0000] {logging_mixin.py:190} INFO - [2025-01-21T01:50:25.997+0000] {dag.py:4180} INFO - Setting next_dagrun for consume_1_or_2_with_dataset_expressions to None, run_after=None
[2025-01-21T01:50:25.998+0000] {logging_mixin.py:190} INFO - [2025-01-21T01:50:25.998+0000] {dag.py:4180} INFO - Setting next_dagrun for consume_1_or_both_2_and_3_with_dataset_expressions to None, run_after=None
[2025-01-21T01:50:25.999+0000] {logging_mixin.py:190} INFO - [2025-01-21T01:50:25.999+0000] {dag.py:4180} INFO - Setting next_dagrun for dataset_consumes_1 to None, run_after=None
[2025-01-21T01:50:26.000+0000] {logging_mixin.py:190} INFO - [2025-01-21T01:50:26.000+0000] {dag.py:4180} INFO - Setting next_dagrun for dataset_consumes_1_and_2 to None, run_after=None
[2025-01-21T01:50:26.002+0000] {logging_mixin.py:190} INFO - [2025-01-21T01:50:26.001+0000] {dag.py:4180} INFO - Setting next_dagrun for dataset_consumes_1_never_scheduled to None, run_after=None
[2025-01-21T01:50:26.003+0000] {logging_mixin.py:190} INFO - [2025-01-21T01:50:26.003+0000] {dag.py:4180} INFO - Setting next_dagrun for dataset_consumes_unknown_never_scheduled to None, run_after=None
[2025-01-21T01:50:26.006+0000] {logging_mixin.py:190} INFO - [2025-01-21T01:50:26.005+0000] {dag.py:4180} INFO - Setting next_dagrun for dataset_produces_1 to 2025-01-20 00:00:00+00:00, run_after=2025-01-21 00:00:00+00:00
[2025-01-21T01:50:26.007+0000] {logging_mixin.py:190} INFO - [2025-01-21T01:50:26.007+0000] {dag.py:4180} INFO - Setting next_dagrun for dataset_produces_2 to None, run_after=None
[2025-01-21T01:50:26.057+0000] {processor.py:208} INFO - Processing /root/airflow-venv/lib/python3.12/site-packages/airflow/example_dags/example_datasets.py took 0.222 seconds
[2025-01-21T01:51:32.258+0000] {processor.py:186} INFO - Started process (PID=995578) to work on /root/airflow-venv/lib/python3.12/site-packages/airflow/example_dags/example_datasets.py
[2025-01-21T01:51:32.261+0000] {processor.py:914} INFO - Processing file /root/airflow-venv/lib/python3.12/site-packages/airflow/example_dags/example_datasets.py for tasks to queue
[2025-01-21T01:51:32.266+0000] {logging_mixin.py:190} INFO - [2025-01-21T01:51:32.265+0000] {dagbag.py:588} INFO - Filling up the DagBag from /root/airflow-venv/lib/python3.12/site-packages/airflow/example_dags/example_datasets.py
[2025-01-21T01:51:32.298+0000] {processor.py:925} INFO - DAG(s) 'consume_1_or_both_2_and_3_with_dataset_expressions', 'dataset_produces_2', 'dataset_consumes_unknown_never_scheduled', 'dataset_consumes_1_never_scheduled', 'dataset_consumes_1_and_2', 'consume_1_and_2_with_dataset_expressions', 'conditional_dataset_and_time_based_timetable', 'dataset_consumes_1', 'consume_1_or_2_with_dataset_expressions', 'dataset_produces_1' retrieved from /root/airflow-venv/lib/python3.12/site-packages/airflow/example_dags/example_datasets.py
[2025-01-21T01:51:32.365+0000] {logging_mixin.py:190} INFO - [2025-01-21T01:51:32.365+0000] {dag.py:3239} INFO - Sync 10 DAGs
[2025-01-21T01:51:32.405+0000] {logging_mixin.py:190} INFO - [2025-01-21T01:51:32.405+0000] {dag.py:4180} INFO - Setting next_dagrun for conditional_dataset_and_time_based_timetable to 2025-01-15 01:00:00+00:00, run_after=2025-01-15 01:00:00+00:00
[2025-01-21T01:51:32.411+0000] {logging_mixin.py:190} INFO - [2025-01-21T01:51:32.410+0000] {dag.py:4180} INFO - Setting next_dagrun for consume_1_and_2_with_dataset_expressions to None, run_after=None
[2025-01-21T01:51:32.412+0000] {logging_mixin.py:190} INFO - [2025-01-21T01:51:32.412+0000] {dag.py:4180} INFO - Setting next_dagrun for consume_1_or_2_with_dataset_expressions to None, run_after=None
[2025-01-21T01:51:32.413+0000] {logging_mixin.py:190} INFO - [2025-01-21T01:51:32.413+0000] {dag.py:4180} INFO - Setting next_dagrun for consume_1_or_both_2_and_3_with_dataset_expressions to None, run_after=None
[2025-01-21T01:51:32.414+0000] {logging_mixin.py:190} INFO - [2025-01-21T01:51:32.414+0000] {dag.py:4180} INFO - Setting next_dagrun for dataset_consumes_1 to None, run_after=None
[2025-01-21T01:51:32.415+0000] {logging_mixin.py:190} INFO - [2025-01-21T01:51:32.415+0000] {dag.py:4180} INFO - Setting next_dagrun for dataset_consumes_1_and_2 to None, run_after=None
[2025-01-21T01:51:32.416+0000] {logging_mixin.py:190} INFO - [2025-01-21T01:51:32.416+0000] {dag.py:4180} INFO - Setting next_dagrun for dataset_consumes_1_never_scheduled to None, run_after=None
[2025-01-21T01:51:32.417+0000] {logging_mixin.py:190} INFO - [2025-01-21T01:51:32.417+0000] {dag.py:4180} INFO - Setting next_dagrun for dataset_consumes_unknown_never_scheduled to None, run_after=None
[2025-01-21T01:51:32.419+0000] {logging_mixin.py:190} INFO - [2025-01-21T01:51:32.419+0000] {dag.py:4180} INFO - Setting next_dagrun for dataset_produces_1 to 2025-01-20 00:00:00+00:00, run_after=2025-01-21 00:00:00+00:00
[2025-01-21T01:51:32.420+0000] {logging_mixin.py:190} INFO - [2025-01-21T01:51:32.420+0000] {dag.py:4180} INFO - Setting next_dagrun for dataset_produces_2 to None, run_after=None
[2025-01-21T01:51:32.467+0000] {processor.py:208} INFO - Processing /root/airflow-venv/lib/python3.12/site-packages/airflow/example_dags/example_datasets.py took 0.218 seconds
[2025-01-21T01:52:36.534+0000] {processor.py:186} INFO - Started process (PID=995644) to work on /root/airflow-venv/lib/python3.12/site-packages/airflow/example_dags/example_datasets.py
[2025-01-21T01:52:36.537+0000] {processor.py:914} INFO - Processing file /root/airflow-venv/lib/python3.12/site-packages/airflow/example_dags/example_datasets.py for tasks to queue
[2025-01-21T01:52:36.541+0000] {logging_mixin.py:190} INFO - [2025-01-21T01:52:36.541+0000] {dagbag.py:588} INFO - Filling up the DagBag from /root/airflow-venv/lib/python3.12/site-packages/airflow/example_dags/example_datasets.py
[2025-01-21T01:52:36.569+0000] {processor.py:925} INFO - DAG(s) 'conditional_dataset_and_time_based_timetable', 'consume_1_and_2_with_dataset_expressions', 'dataset_produces_1', 'dataset_consumes_unknown_never_scheduled', 'dataset_consumes_1_never_scheduled', 'dataset_produces_2', 'consume_1_or_both_2_and_3_with_dataset_expressions', 'dataset_consumes_1', 'consume_1_or_2_with_dataset_expressions', 'dataset_consumes_1_and_2' retrieved from /root/airflow-venv/lib/python3.12/site-packages/airflow/example_dags/example_datasets.py
[2025-01-21T01:52:36.634+0000] {logging_mixin.py:190} INFO - [2025-01-21T01:52:36.634+0000] {dag.py:3239} INFO - Sync 10 DAGs
[2025-01-21T01:52:36.678+0000] {logging_mixin.py:190} INFO - [2025-01-21T01:52:36.678+0000] {dag.py:4180} INFO - Setting next_dagrun for conditional_dataset_and_time_based_timetable to 2025-01-15 01:00:00+00:00, run_after=2025-01-15 01:00:00+00:00
[2025-01-21T01:52:36.683+0000] {logging_mixin.py:190} INFO - [2025-01-21T01:52:36.683+0000] {dag.py:4180} INFO - Setting next_dagrun for consume_1_and_2_with_dataset_expressions to None, run_after=None
[2025-01-21T01:52:36.685+0000] {logging_mixin.py:190} INFO - [2025-01-21T01:52:36.684+0000] {dag.py:4180} INFO - Setting next_dagrun for consume_1_or_2_with_dataset_expressions to None, run_after=None
[2025-01-21T01:52:36.686+0000] {logging_mixin.py:190} INFO - [2025-01-21T01:52:36.685+0000] {dag.py:4180} INFO - Setting next_dagrun for consume_1_or_both_2_and_3_with_dataset_expressions to None, run_after=None
[2025-01-21T01:52:36.687+0000] {logging_mixin.py:190} INFO - [2025-01-21T01:52:36.686+0000] {dag.py:4180} INFO - Setting next_dagrun for dataset_consumes_1 to None, run_after=None
[2025-01-21T01:52:36.688+0000] {logging_mixin.py:190} INFO - [2025-01-21T01:52:36.687+0000] {dag.py:4180} INFO - Setting next_dagrun for dataset_consumes_1_and_2 to None, run_after=None
[2025-01-21T01:52:36.689+0000] {logging_mixin.py:190} INFO - [2025-01-21T01:52:36.688+0000] {dag.py:4180} INFO - Setting next_dagrun for dataset_consumes_1_never_scheduled to None, run_after=None
[2025-01-21T01:52:36.690+0000] {logging_mixin.py:190} INFO - [2025-01-21T01:52:36.689+0000] {dag.py:4180} INFO - Setting next_dagrun for dataset_consumes_unknown_never_scheduled to None, run_after=None
[2025-01-21T01:52:36.693+0000] {logging_mixin.py:190} INFO - [2025-01-21T01:52:36.693+0000] {dag.py:4180} INFO - Setting next_dagrun for dataset_produces_1 to 2025-01-20 00:00:00+00:00, run_after=2025-01-21 00:00:00+00:00
[2025-01-21T01:52:36.695+0000] {logging_mixin.py:190} INFO - [2025-01-21T01:52:36.694+0000] {dag.py:4180} INFO - Setting next_dagrun for dataset_produces_2 to None, run_after=None
[2025-01-21T01:52:36.752+0000] {processor.py:208} INFO - Processing /root/airflow-venv/lib/python3.12/site-packages/airflow/example_dags/example_datasets.py took 0.227 seconds
[2025-01-21T01:53:39.927+0000] {processor.py:186} INFO - Started process (PID=995712) to work on /root/airflow-venv/lib/python3.12/site-packages/airflow/example_dags/example_datasets.py
[2025-01-21T01:53:39.929+0000] {processor.py:914} INFO - Processing file /root/airflow-venv/lib/python3.12/site-packages/airflow/example_dags/example_datasets.py for tasks to queue
[2025-01-21T01:53:39.934+0000] {logging_mixin.py:190} INFO - [2025-01-21T01:53:39.933+0000] {dagbag.py:588} INFO - Filling up the DagBag from /root/airflow-venv/lib/python3.12/site-packages/airflow/example_dags/example_datasets.py
[2025-01-21T01:53:39.966+0000] {processor.py:925} INFO - DAG(s) 'conditional_dataset_and_time_based_timetable', 'dataset_consumes_1_and_2', 'dataset_produces_2', 'dataset_produces_1', 'consume_1_and_2_with_dataset_expressions', 'dataset_consumes_1', 'dataset_consumes_1_never_scheduled', 'dataset_consumes_unknown_never_scheduled', 'consume_1_or_both_2_and_3_with_dataset_expressions', 'consume_1_or_2_with_dataset_expressions' retrieved from /root/airflow-venv/lib/python3.12/site-packages/airflow/example_dags/example_datasets.py
[2025-01-21T01:53:40.043+0000] {logging_mixin.py:190} INFO - [2025-01-21T01:53:40.042+0000] {dag.py:3239} INFO - Sync 10 DAGs
[2025-01-21T01:53:40.088+0000] {logging_mixin.py:190} INFO - [2025-01-21T01:53:40.088+0000] {dag.py:4180} INFO - Setting next_dagrun for conditional_dataset_and_time_based_timetable to 2025-01-15 01:00:00+00:00, run_after=2025-01-15 01:00:00+00:00
[2025-01-21T01:53:40.095+0000] {logging_mixin.py:190} INFO - [2025-01-21T01:53:40.095+0000] {dag.py:4180} INFO - Setting next_dagrun for consume_1_and_2_with_dataset_expressions to None, run_after=None
[2025-01-21T01:53:40.097+0000] {logging_mixin.py:190} INFO - [2025-01-21T01:53:40.097+0000] {dag.py:4180} INFO - Setting next_dagrun for consume_1_or_2_with_dataset_expressions to None, run_after=None
[2025-01-21T01:53:40.099+0000] {logging_mixin.py:190} INFO - [2025-01-21T01:53:40.098+0000] {dag.py:4180} INFO - Setting next_dagrun for consume_1_or_both_2_and_3_with_dataset_expressions to None, run_after=None
[2025-01-21T01:53:40.100+0000] {logging_mixin.py:190} INFO - [2025-01-21T01:53:40.100+0000] {dag.py:4180} INFO - Setting next_dagrun for dataset_consumes_1 to None, run_after=None
[2025-01-21T01:53:40.102+0000] {logging_mixin.py:190} INFO - [2025-01-21T01:53:40.102+0000] {dag.py:4180} INFO - Setting next_dagrun for dataset_consumes_1_and_2 to None, run_after=None
[2025-01-21T01:53:40.104+0000] {logging_mixin.py:190} INFO - [2025-01-21T01:53:40.103+0000] {dag.py:4180} INFO - Setting next_dagrun for dataset_consumes_1_never_scheduled to None, run_after=None
[2025-01-21T01:53:40.105+0000] {logging_mixin.py:190} INFO - [2025-01-21T01:53:40.105+0000] {dag.py:4180} INFO - Setting next_dagrun for dataset_consumes_unknown_never_scheduled to None, run_after=None
[2025-01-21T01:53:40.109+0000] {logging_mixin.py:190} INFO - [2025-01-21T01:53:40.109+0000] {dag.py:4180} INFO - Setting next_dagrun for dataset_produces_1 to 2025-01-20 00:00:00+00:00, run_after=2025-01-21 00:00:00+00:00
[2025-01-21T01:53:40.111+0000] {logging_mixin.py:190} INFO - [2025-01-21T01:53:40.111+0000] {dag.py:4180} INFO - Setting next_dagrun for dataset_produces_2 to None, run_after=None
[2025-01-21T01:53:40.164+0000] {processor.py:208} INFO - Processing /root/airflow-venv/lib/python3.12/site-packages/airflow/example_dags/example_datasets.py took 0.248 seconds
[2025-01-21T20:45:39.854+0000] {processor.py:186} INFO - Started process (PID=1007701) to work on /root/airflow-venv/lib/python3.12/site-packages/airflow/example_dags/example_datasets.py
[2025-01-21T20:45:39.857+0000] {processor.py:914} INFO - Processing file /root/airflow-venv/lib/python3.12/site-packages/airflow/example_dags/example_datasets.py for tasks to queue
[2025-01-21T20:45:39.861+0000] {logging_mixin.py:190} INFO - [2025-01-21T20:45:39.860+0000] {dagbag.py:588} INFO - Filling up the DagBag from /root/airflow-venv/lib/python3.12/site-packages/airflow/example_dags/example_datasets.py
[2025-01-21T20:45:39.889+0000] {processor.py:925} INFO - DAG(s) 'dataset_consumes_unknown_never_scheduled', 'consume_1_or_both_2_and_3_with_dataset_expressions', 'dataset_produces_1', 'consume_1_or_2_with_dataset_expressions', 'consume_1_and_2_with_dataset_expressions', 'dataset_consumes_1', 'dataset_consumes_1_never_scheduled', 'dataset_produces_2', 'dataset_consumes_1_and_2', 'conditional_dataset_and_time_based_timetable' retrieved from /root/airflow-venv/lib/python3.12/site-packages/airflow/example_dags/example_datasets.py
[2025-01-21T20:45:39.951+0000] {logging_mixin.py:190} INFO - [2025-01-21T20:45:39.950+0000] {dag.py:3239} INFO - Sync 10 DAGs
[2025-01-21T20:45:39.987+0000] {logging_mixin.py:190} INFO - [2025-01-21T20:45:39.987+0000] {dag.py:4180} INFO - Setting next_dagrun for conditional_dataset_and_time_based_timetable to 2025-01-15 01:00:00+00:00, run_after=2025-01-15 01:00:00+00:00
[2025-01-21T20:45:39.992+0000] {logging_mixin.py:190} INFO - [2025-01-21T20:45:39.991+0000] {dag.py:4180} INFO - Setting next_dagrun for consume_1_and_2_with_dataset_expressions to None, run_after=None
[2025-01-21T20:45:39.993+0000] {logging_mixin.py:190} INFO - [2025-01-21T20:45:39.993+0000] {dag.py:4180} INFO - Setting next_dagrun for consume_1_or_2_with_dataset_expressions to None, run_after=None
[2025-01-21T20:45:39.994+0000] {logging_mixin.py:190} INFO - [2025-01-21T20:45:39.994+0000] {dag.py:4180} INFO - Setting next_dagrun for consume_1_or_both_2_and_3_with_dataset_expressions to None, run_after=None
[2025-01-21T20:45:39.995+0000] {logging_mixin.py:190} INFO - [2025-01-21T20:45:39.995+0000] {dag.py:4180} INFO - Setting next_dagrun for dataset_consumes_1 to None, run_after=None
[2025-01-21T20:45:39.997+0000] {logging_mixin.py:190} INFO - [2025-01-21T20:45:39.996+0000] {dag.py:4180} INFO - Setting next_dagrun for dataset_consumes_1_and_2 to None, run_after=None
[2025-01-21T20:45:39.998+0000] {logging_mixin.py:190} INFO - [2025-01-21T20:45:39.997+0000] {dag.py:4180} INFO - Setting next_dagrun for dataset_consumes_1_never_scheduled to None, run_after=None
[2025-01-21T20:45:39.999+0000] {logging_mixin.py:190} INFO - [2025-01-21T20:45:39.998+0000] {dag.py:4180} INFO - Setting next_dagrun for dataset_consumes_unknown_never_scheduled to None, run_after=None
[2025-01-21T20:45:40.001+0000] {logging_mixin.py:190} INFO - [2025-01-21T20:45:40.001+0000] {dag.py:4180} INFO - Setting next_dagrun for dataset_produces_1 to 2025-01-20 00:00:00+00:00, run_after=2025-01-21 00:00:00+00:00
[2025-01-21T20:45:40.003+0000] {logging_mixin.py:190} INFO - [2025-01-21T20:45:40.003+0000] {dag.py:4180} INFO - Setting next_dagrun for dataset_produces_2 to None, run_after=None
[2025-01-21T20:45:40.055+0000] {processor.py:208} INFO - Processing /root/airflow-venv/lib/python3.12/site-packages/airflow/example_dags/example_datasets.py took 0.214 seconds
[2025-01-21T20:46:55.065+0000] {processor.py:186} INFO - Started process (PID=1007780) to work on /root/airflow-venv/lib/python3.12/site-packages/airflow/example_dags/example_datasets.py
[2025-01-21T20:46:55.067+0000] {processor.py:914} INFO - Processing file /root/airflow-venv/lib/python3.12/site-packages/airflow/example_dags/example_datasets.py for tasks to queue
[2025-01-21T20:46:55.073+0000] {logging_mixin.py:190} INFO - [2025-01-21T20:46:55.072+0000] {dagbag.py:588} INFO - Filling up the DagBag from /root/airflow-venv/lib/python3.12/site-packages/airflow/example_dags/example_datasets.py
[2025-01-21T20:46:55.103+0000] {processor.py:925} INFO - DAG(s) 'consume_1_or_both_2_and_3_with_dataset_expressions', 'dataset_consumes_unknown_never_scheduled', 'dataset_consumes_1', 'dataset_produces_1', 'dataset_consumes_1_and_2', 'dataset_produces_2', 'dataset_consumes_1_never_scheduled', 'consume_1_and_2_with_dataset_expressions', 'consume_1_or_2_with_dataset_expressions', 'conditional_dataset_and_time_based_timetable' retrieved from /root/airflow-venv/lib/python3.12/site-packages/airflow/example_dags/example_datasets.py
[2025-01-21T20:46:55.169+0000] {logging_mixin.py:190} INFO - [2025-01-21T20:46:55.169+0000] {dag.py:3239} INFO - Sync 10 DAGs
[2025-01-21T20:46:55.227+0000] {logging_mixin.py:190} INFO - [2025-01-21T20:46:55.226+0000] {dag.py:4180} INFO - Setting next_dagrun for conditional_dataset_and_time_based_timetable to 2025-01-15 01:00:00+00:00, run_after=2025-01-15 01:00:00+00:00
[2025-01-21T20:46:55.234+0000] {logging_mixin.py:190} INFO - [2025-01-21T20:46:55.233+0000] {dag.py:4180} INFO - Setting next_dagrun for consume_1_and_2_with_dataset_expressions to None, run_after=None
[2025-01-21T20:46:55.235+0000] {logging_mixin.py:190} INFO - [2025-01-21T20:46:55.235+0000] {dag.py:4180} INFO - Setting next_dagrun for consume_1_or_2_with_dataset_expressions to None, run_after=None
[2025-01-21T20:46:55.237+0000] {logging_mixin.py:190} INFO - [2025-01-21T20:46:55.236+0000] {dag.py:4180} INFO - Setting next_dagrun for consume_1_or_both_2_and_3_with_dataset_expressions to None, run_after=None
[2025-01-21T20:46:55.238+0000] {logging_mixin.py:190} INFO - [2025-01-21T20:46:55.238+0000] {dag.py:4180} INFO - Setting next_dagrun for dataset_consumes_1 to None, run_after=None
[2025-01-21T20:46:55.239+0000] {logging_mixin.py:190} INFO - [2025-01-21T20:46:55.239+0000] {dag.py:4180} INFO - Setting next_dagrun for dataset_consumes_1_and_2 to None, run_after=None
[2025-01-21T20:46:55.241+0000] {logging_mixin.py:190} INFO - [2025-01-21T20:46:55.241+0000] {dag.py:4180} INFO - Setting next_dagrun for dataset_consumes_1_never_scheduled to None, run_after=None
[2025-01-21T20:46:55.242+0000] {logging_mixin.py:190} INFO - [2025-01-21T20:46:55.242+0000] {dag.py:4180} INFO - Setting next_dagrun for dataset_consumes_unknown_never_scheduled to None, run_after=None
[2025-01-21T20:46:55.246+0000] {logging_mixin.py:190} INFO - [2025-01-21T20:46:55.245+0000] {dag.py:4180} INFO - Setting next_dagrun for dataset_produces_1 to 2025-01-20 00:00:00+00:00, run_after=2025-01-21 00:00:00+00:00
[2025-01-21T20:46:55.247+0000] {logging_mixin.py:190} INFO - [2025-01-21T20:46:55.247+0000] {dag.py:4180} INFO - Setting next_dagrun for dataset_produces_2 to None, run_after=None
[2025-01-21T20:46:55.315+0000] {processor.py:208} INFO - Processing /root/airflow-venv/lib/python3.12/site-packages/airflow/example_dags/example_datasets.py took 0.261 seconds
