[2025-01-21T01:49:59.415+0000] {processor.py:186} INFO - Started process (PID=995476) to work on /root/airflow-venv/lib/python3.12/site-packages/airflow/example_dags/example_short_circuit_operator.py
[2025-01-21T01:49:59.417+0000] {processor.py:914} INFO - Processing file /root/airflow-venv/lib/python3.12/site-packages/airflow/example_dags/example_short_circuit_operator.py for tasks to queue
[2025-01-21T01:49:59.420+0000] {logging_mixin.py:190} INFO - [2025-01-21T01:49:59.420+0000] {dagbag.py:588} INFO - Filling up the DagBag from /root/airflow-venv/lib/python3.12/site-packages/airflow/example_dags/example_short_circuit_operator.py
[2025-01-21T01:49:59.437+0000] {processor.py:925} INFO - DAG(s) 'example_short_circuit_operator' retrieved from /root/airflow-venv/lib/python3.12/site-packages/airflow/example_dags/example_short_circuit_operator.py
[2025-01-21T01:49:59.471+0000] {logging_mixin.py:190} INFO - [2025-01-21T01:49:59.470+0000] {dag.py:3239} INFO - Sync 1 DAGs
[2025-01-21T01:49:59.489+0000] {logging_mixin.py:190} INFO - [2025-01-21T01:49:59.489+0000] {dag.py:4180} INFO - Setting next_dagrun for example_short_circuit_operator to None, run_after=None
[2025-01-21T01:49:59.532+0000] {processor.py:208} INFO - Processing /root/airflow-venv/lib/python3.12/site-packages/airflow/example_dags/example_short_circuit_operator.py took 0.125 seconds
[2025-01-21T01:51:03.207+0000] {processor.py:186} INFO - Started process (PID=995548) to work on /root/airflow-venv/lib/python3.12/site-packages/airflow/example_dags/example_short_circuit_operator.py
[2025-01-21T01:51:03.209+0000] {processor.py:914} INFO - Processing file /root/airflow-venv/lib/python3.12/site-packages/airflow/example_dags/example_short_circuit_operator.py for tasks to queue
[2025-01-21T01:51:03.215+0000] {logging_mixin.py:190} INFO - [2025-01-21T01:51:03.214+0000] {dagbag.py:588} INFO - Filling up the DagBag from /root/airflow-venv/lib/python3.12/site-packages/airflow/example_dags/example_short_circuit_operator.py
[2025-01-21T01:51:03.242+0000] {processor.py:925} INFO - DAG(s) 'example_short_circuit_operator' retrieved from /root/airflow-venv/lib/python3.12/site-packages/airflow/example_dags/example_short_circuit_operator.py
[2025-01-21T01:51:03.304+0000] {logging_mixin.py:190} INFO - [2025-01-21T01:51:03.304+0000] {dag.py:3239} INFO - Sync 1 DAGs
[2025-01-21T01:51:03.333+0000] {logging_mixin.py:190} INFO - [2025-01-21T01:51:03.332+0000] {dag.py:4180} INFO - Setting next_dagrun for example_short_circuit_operator to None, run_after=None
[2025-01-21T01:51:03.383+0000] {processor.py:208} INFO - Processing /root/airflow-venv/lib/python3.12/site-packages/airflow/example_dags/example_short_circuit_operator.py took 0.187 seconds
[2025-01-21T01:52:05.139+0000] {processor.py:186} INFO - Started process (PID=995617) to work on /root/airflow-venv/lib/python3.12/site-packages/airflow/example_dags/example_short_circuit_operator.py
[2025-01-21T01:52:05.142+0000] {processor.py:914} INFO - Processing file /root/airflow-venv/lib/python3.12/site-packages/airflow/example_dags/example_short_circuit_operator.py for tasks to queue
[2025-01-21T01:52:05.148+0000] {logging_mixin.py:190} INFO - [2025-01-21T01:52:05.146+0000] {dagbag.py:588} INFO - Filling up the DagBag from /root/airflow-venv/lib/python3.12/site-packages/airflow/example_dags/example_short_circuit_operator.py
[2025-01-21T01:52:05.170+0000] {processor.py:925} INFO - DAG(s) 'example_short_circuit_operator' retrieved from /root/airflow-venv/lib/python3.12/site-packages/airflow/example_dags/example_short_circuit_operator.py
[2025-01-21T01:52:05.214+0000] {logging_mixin.py:190} INFO - [2025-01-21T01:52:05.214+0000] {dag.py:3239} INFO - Sync 1 DAGs
[2025-01-21T01:52:05.245+0000] {logging_mixin.py:190} INFO - [2025-01-21T01:52:05.245+0000] {dag.py:4180} INFO - Setting next_dagrun for example_short_circuit_operator to None, run_after=None
[2025-01-21T01:52:05.292+0000] {processor.py:208} INFO - Processing /root/airflow-venv/lib/python3.12/site-packages/airflow/example_dags/example_short_circuit_operator.py took 0.166 seconds
[2025-01-21T01:53:10.995+0000] {processor.py:186} INFO - Started process (PID=995682) to work on /root/airflow-venv/lib/python3.12/site-packages/airflow/example_dags/example_short_circuit_operator.py
[2025-01-21T01:53:10.997+0000] {processor.py:914} INFO - Processing file /root/airflow-venv/lib/python3.12/site-packages/airflow/example_dags/example_short_circuit_operator.py for tasks to queue
[2025-01-21T01:53:11.002+0000] {logging_mixin.py:190} INFO - [2025-01-21T01:53:11.001+0000] {dagbag.py:588} INFO - Filling up the DagBag from /root/airflow-venv/lib/python3.12/site-packages/airflow/example_dags/example_short_circuit_operator.py
[2025-01-21T01:53:11.021+0000] {processor.py:925} INFO - DAG(s) 'example_short_circuit_operator' retrieved from /root/airflow-venv/lib/python3.12/site-packages/airflow/example_dags/example_short_circuit_operator.py
[2025-01-21T01:53:11.059+0000] {logging_mixin.py:190} INFO - [2025-01-21T01:53:11.058+0000] {dag.py:3239} INFO - Sync 1 DAGs
[2025-01-21T01:53:11.082+0000] {logging_mixin.py:190} INFO - [2025-01-21T01:53:11.082+0000] {dag.py:4180} INFO - Setting next_dagrun for example_short_circuit_operator to None, run_after=None
[2025-01-21T01:53:11.121+0000] {processor.py:208} INFO - Processing /root/airflow-venv/lib/python3.12/site-packages/airflow/example_dags/example_short_circuit_operator.py took 0.137 seconds
[2025-01-21T01:54:13.158+0000] {processor.py:186} INFO - Started process (PID=995749) to work on /root/airflow-venv/lib/python3.12/site-packages/airflow/example_dags/example_short_circuit_operator.py
[2025-01-21T01:54:13.160+0000] {processor.py:914} INFO - Processing file /root/airflow-venv/lib/python3.12/site-packages/airflow/example_dags/example_short_circuit_operator.py for tasks to queue
[2025-01-21T01:54:13.164+0000] {logging_mixin.py:190} INFO - [2025-01-21T01:54:13.163+0000] {dagbag.py:588} INFO - Filling up the DagBag from /root/airflow-venv/lib/python3.12/site-packages/airflow/example_dags/example_short_circuit_operator.py
[2025-01-21T01:54:13.180+0000] {processor.py:925} INFO - DAG(s) 'example_short_circuit_operator' retrieved from /root/airflow-venv/lib/python3.12/site-packages/airflow/example_dags/example_short_circuit_operator.py
[2025-01-21T01:54:13.213+0000] {logging_mixin.py:190} INFO - [2025-01-21T01:54:13.213+0000] {dag.py:3239} INFO - Sync 1 DAGs
[2025-01-21T01:54:13.232+0000] {logging_mixin.py:190} INFO - [2025-01-21T01:54:13.231+0000] {dag.py:4180} INFO - Setting next_dagrun for example_short_circuit_operator to None, run_after=None
[2025-01-21T01:54:13.268+0000] {processor.py:208} INFO - Processing /root/airflow-venv/lib/python3.12/site-packages/airflow/example_dags/example_short_circuit_operator.py took 0.121 seconds
[2025-01-21T20:45:12.352+0000] {processor.py:186} INFO - Started process (PID=1007673) to work on /root/airflow-venv/lib/python3.12/site-packages/airflow/example_dags/example_short_circuit_operator.py
[2025-01-21T20:45:12.354+0000] {processor.py:914} INFO - Processing file /root/airflow-venv/lib/python3.12/site-packages/airflow/example_dags/example_short_circuit_operator.py for tasks to queue
[2025-01-21T20:45:12.357+0000] {logging_mixin.py:190} INFO - [2025-01-21T20:45:12.357+0000] {dagbag.py:588} INFO - Filling up the DagBag from /root/airflow-venv/lib/python3.12/site-packages/airflow/example_dags/example_short_circuit_operator.py
[2025-01-21T20:45:12.375+0000] {processor.py:925} INFO - DAG(s) 'example_short_circuit_operator' retrieved from /root/airflow-venv/lib/python3.12/site-packages/airflow/example_dags/example_short_circuit_operator.py
[2025-01-21T20:45:12.407+0000] {logging_mixin.py:190} INFO - [2025-01-21T20:45:12.407+0000] {dag.py:3239} INFO - Sync 1 DAGs
[2025-01-21T20:45:12.428+0000] {logging_mixin.py:190} INFO - [2025-01-21T20:45:12.427+0000] {dag.py:4180} INFO - Setting next_dagrun for example_short_circuit_operator to None, run_after=None
[2025-01-21T20:45:12.467+0000] {processor.py:208} INFO - Processing /root/airflow-venv/lib/python3.12/site-packages/airflow/example_dags/example_short_circuit_operator.py took 0.125 seconds
[2025-01-21T20:46:17.781+0000] {processor.py:186} INFO - Started process (PID=1007745) to work on /root/airflow-venv/lib/python3.12/site-packages/airflow/example_dags/example_short_circuit_operator.py
[2025-01-21T20:46:17.783+0000] {processor.py:914} INFO - Processing file /root/airflow-venv/lib/python3.12/site-packages/airflow/example_dags/example_short_circuit_operator.py for tasks to queue
[2025-01-21T20:46:17.789+0000] {logging_mixin.py:190} INFO - [2025-01-21T20:46:17.788+0000] {dagbag.py:588} INFO - Filling up the DagBag from /root/airflow-venv/lib/python3.12/site-packages/airflow/example_dags/example_short_circuit_operator.py
[2025-01-21T20:46:17.808+0000] {processor.py:925} INFO - DAG(s) 'example_short_circuit_operator' retrieved from /root/airflow-venv/lib/python3.12/site-packages/airflow/example_dags/example_short_circuit_operator.py
[2025-01-21T20:46:17.846+0000] {logging_mixin.py:190} INFO - [2025-01-21T20:46:17.846+0000] {dag.py:3239} INFO - Sync 1 DAGs
[2025-01-21T20:46:17.866+0000] {logging_mixin.py:190} INFO - [2025-01-21T20:46:17.866+0000] {dag.py:4180} INFO - Setting next_dagrun for example_short_circuit_operator to None, run_after=None
[2025-01-21T20:46:17.904+0000] {processor.py:208} INFO - Processing /root/airflow-venv/lib/python3.12/site-packages/airflow/example_dags/example_short_circuit_operator.py took 0.135 seconds
