[2025-01-21T01:50:03.279+0000] {processor.py:186} INFO - Started process (PID=995485) to work on /root/airflow-venv/lib/python3.12/site-packages/airflow/example_dags/example_sensors.py
[2025-01-21T01:50:03.281+0000] {processor.py:914} INFO - Processing file /root/airflow-venv/lib/python3.12/site-packages/airflow/example_dags/example_sensors.py for tasks to queue
[2025-01-21T01:50:03.285+0000] {logging_mixin.py:190} INFO - [2025-01-21T01:50:03.284+0000] {dagbag.py:588} INFO - Filling up the DagBag from /root/airflow-venv/lib/python3.12/site-packages/airflow/example_dags/example_sensors.py
[2025-01-21T01:50:03.304+0000] {processor.py:925} INFO - DAG(s) 'example_sensors' retrieved from /root/airflow-venv/lib/python3.12/site-packages/airflow/example_dags/example_sensors.py
[2025-01-21T01:50:03.346+0000] {logging_mixin.py:190} INFO - [2025-01-21T01:50:03.346+0000] {dag.py:3239} INFO - Sync 1 DAGs
[2025-01-21T01:50:03.368+0000] {logging_mixin.py:190} INFO - [2025-01-21T01:50:03.367+0000] {dag.py:4180} INFO - Setting next_dagrun for example_sensors to None, run_after=None
[2025-01-21T01:50:03.403+0000] {processor.py:208} INFO - Processing /root/airflow-venv/lib/python3.12/site-packages/airflow/example_dags/example_sensors.py took 0.135 seconds
[2025-01-21T01:51:07.050+0000] {processor.py:186} INFO - Started process (PID=995551) to work on /root/airflow-venv/lib/python3.12/site-packages/airflow/example_dags/example_sensors.py
[2025-01-21T01:51:07.052+0000] {processor.py:914} INFO - Processing file /root/airflow-venv/lib/python3.12/site-packages/airflow/example_dags/example_sensors.py for tasks to queue
[2025-01-21T01:51:07.057+0000] {logging_mixin.py:190} INFO - [2025-01-21T01:51:07.056+0000] {dagbag.py:588} INFO - Filling up the DagBag from /root/airflow-venv/lib/python3.12/site-packages/airflow/example_dags/example_sensors.py
[2025-01-21T01:51:07.082+0000] {processor.py:925} INFO - DAG(s) 'example_sensors' retrieved from /root/airflow-venv/lib/python3.12/site-packages/airflow/example_dags/example_sensors.py
[2025-01-21T01:51:07.126+0000] {logging_mixin.py:190} INFO - [2025-01-21T01:51:07.126+0000] {dag.py:3239} INFO - Sync 1 DAGs
[2025-01-21T01:51:07.150+0000] {logging_mixin.py:190} INFO - [2025-01-21T01:51:07.149+0000] {dag.py:4180} INFO - Setting next_dagrun for example_sensors to None, run_after=None
[2025-01-21T01:51:07.186+0000] {processor.py:208} INFO - Processing /root/airflow-venv/lib/python3.12/site-packages/airflow/example_dags/example_sensors.py took 0.148 seconds
[2025-01-21T01:52:08.464+0000] {processor.py:186} INFO - Started process (PID=995620) to work on /root/airflow-venv/lib/python3.12/site-packages/airflow/example_dags/example_sensors.py
[2025-01-21T01:52:08.466+0000] {processor.py:914} INFO - Processing file /root/airflow-venv/lib/python3.12/site-packages/airflow/example_dags/example_sensors.py for tasks to queue
[2025-01-21T01:52:08.471+0000] {logging_mixin.py:190} INFO - [2025-01-21T01:52:08.470+0000] {dagbag.py:588} INFO - Filling up the DagBag from /root/airflow-venv/lib/python3.12/site-packages/airflow/example_dags/example_sensors.py
[2025-01-21T01:52:08.497+0000] {processor.py:925} INFO - DAG(s) 'example_sensors' retrieved from /root/airflow-venv/lib/python3.12/site-packages/airflow/example_dags/example_sensors.py
[2025-01-21T01:52:08.548+0000] {logging_mixin.py:190} INFO - [2025-01-21T01:52:08.548+0000] {dag.py:3239} INFO - Sync 1 DAGs
[2025-01-21T01:52:08.573+0000] {logging_mixin.py:190} INFO - [2025-01-21T01:52:08.573+0000] {dag.py:4180} INFO - Setting next_dagrun for example_sensors to None, run_after=None
[2025-01-21T01:52:08.634+0000] {processor.py:208} INFO - Processing /root/airflow-venv/lib/python3.12/site-packages/airflow/example_dags/example_sensors.py took 0.181 seconds
[2025-01-21T01:53:14.158+0000] {processor.py:186} INFO - Started process (PID=995685) to work on /root/airflow-venv/lib/python3.12/site-packages/airflow/example_dags/example_sensors.py
[2025-01-21T01:53:14.160+0000] {processor.py:914} INFO - Processing file /root/airflow-venv/lib/python3.12/site-packages/airflow/example_dags/example_sensors.py for tasks to queue
[2025-01-21T01:53:14.164+0000] {logging_mixin.py:190} INFO - [2025-01-21T01:53:14.164+0000] {dagbag.py:588} INFO - Filling up the DagBag from /root/airflow-venv/lib/python3.12/site-packages/airflow/example_dags/example_sensors.py
[2025-01-21T01:53:14.184+0000] {processor.py:925} INFO - DAG(s) 'example_sensors' retrieved from /root/airflow-venv/lib/python3.12/site-packages/airflow/example_dags/example_sensors.py
[2025-01-21T01:53:14.221+0000] {logging_mixin.py:190} INFO - [2025-01-21T01:53:14.221+0000] {dag.py:3239} INFO - Sync 1 DAGs
[2025-01-21T01:53:14.245+0000] {logging_mixin.py:190} INFO - [2025-01-21T01:53:14.244+0000] {dag.py:4180} INFO - Setting next_dagrun for example_sensors to None, run_after=None
[2025-01-21T01:53:14.280+0000] {processor.py:208} INFO - Processing /root/airflow-venv/lib/python3.12/site-packages/airflow/example_dags/example_sensors.py took 0.131 seconds
[2025-01-21T01:54:15.737+0000] {processor.py:186} INFO - Started process (PID=995752) to work on /root/airflow-venv/lib/python3.12/site-packages/airflow/example_dags/example_sensors.py
[2025-01-21T01:54:15.738+0000] {processor.py:914} INFO - Processing file /root/airflow-venv/lib/python3.12/site-packages/airflow/example_dags/example_sensors.py for tasks to queue
[2025-01-21T01:54:15.742+0000] {logging_mixin.py:190} INFO - [2025-01-21T01:54:15.741+0000] {dagbag.py:588} INFO - Filling up the DagBag from /root/airflow-venv/lib/python3.12/site-packages/airflow/example_dags/example_sensors.py
[2025-01-21T01:54:15.759+0000] {processor.py:925} INFO - DAG(s) 'example_sensors' retrieved from /root/airflow-venv/lib/python3.12/site-packages/airflow/example_dags/example_sensors.py
[2025-01-21T01:54:15.791+0000] {logging_mixin.py:190} INFO - [2025-01-21T01:54:15.791+0000] {dag.py:3239} INFO - Sync 1 DAGs
[2025-01-21T01:54:15.810+0000] {logging_mixin.py:190} INFO - [2025-01-21T01:54:15.810+0000] {dag.py:4180} INFO - Setting next_dagrun for example_sensors to None, run_after=None
[2025-01-21T01:54:15.852+0000] {processor.py:208} INFO - Processing /root/airflow-venv/lib/python3.12/site-packages/airflow/example_dags/example_sensors.py took 0.124 seconds
[2025-01-21T20:45:14.840+0000] {processor.py:186} INFO - Started process (PID=1007676) to work on /root/airflow-venv/lib/python3.12/site-packages/airflow/example_dags/example_sensors.py
[2025-01-21T20:45:14.842+0000] {processor.py:914} INFO - Processing file /root/airflow-venv/lib/python3.12/site-packages/airflow/example_dags/example_sensors.py for tasks to queue
[2025-01-21T20:45:14.846+0000] {logging_mixin.py:190} INFO - [2025-01-21T20:45:14.845+0000] {dagbag.py:588} INFO - Filling up the DagBag from /root/airflow-venv/lib/python3.12/site-packages/airflow/example_dags/example_sensors.py
[2025-01-21T20:45:14.865+0000] {processor.py:925} INFO - DAG(s) 'example_sensors' retrieved from /root/airflow-venv/lib/python3.12/site-packages/airflow/example_dags/example_sensors.py
[2025-01-21T20:45:14.906+0000] {logging_mixin.py:190} INFO - [2025-01-21T20:45:14.905+0000] {dag.py:3239} INFO - Sync 1 DAGs
[2025-01-21T20:45:14.926+0000] {logging_mixin.py:190} INFO - [2025-01-21T20:45:14.926+0000] {dag.py:4180} INFO - Setting next_dagrun for example_sensors to None, run_after=None
[2025-01-21T20:45:14.966+0000] {processor.py:208} INFO - Processing /root/airflow-venv/lib/python3.12/site-packages/airflow/example_dags/example_sensors.py took 0.135 seconds
[2025-01-21T20:46:21.587+0000] {processor.py:186} INFO - Started process (PID=1007748) to work on /root/airflow-venv/lib/python3.12/site-packages/airflow/example_dags/example_sensors.py
[2025-01-21T20:46:21.590+0000] {processor.py:914} INFO - Processing file /root/airflow-venv/lib/python3.12/site-packages/airflow/example_dags/example_sensors.py for tasks to queue
[2025-01-21T20:46:21.595+0000] {logging_mixin.py:190} INFO - [2025-01-21T20:46:21.594+0000] {dagbag.py:588} INFO - Filling up the DagBag from /root/airflow-venv/lib/python3.12/site-packages/airflow/example_dags/example_sensors.py
[2025-01-21T20:46:21.621+0000] {processor.py:925} INFO - DAG(s) 'example_sensors' retrieved from /root/airflow-venv/lib/python3.12/site-packages/airflow/example_dags/example_sensors.py
[2025-01-21T20:46:21.669+0000] {logging_mixin.py:190} INFO - [2025-01-21T20:46:21.669+0000] {dag.py:3239} INFO - Sync 1 DAGs
[2025-01-21T20:46:21.692+0000] {logging_mixin.py:190} INFO - [2025-01-21T20:46:21.692+0000] {dag.py:4180} INFO - Setting next_dagrun for example_sensors to None, run_after=None
[2025-01-21T20:46:21.736+0000] {processor.py:208} INFO - Processing /root/airflow-venv/lib/python3.12/site-packages/airflow/example_dags/example_sensors.py took 0.162 seconds
