[2025-01-21T01:50:27.160+0000] {processor.py:186} INFO - Started process (PID=995511) to work on /root/airflow-venv/lib/python3.12/site-packages/airflow/example_dags/example_branch_operator.py
[2025-01-21T01:50:27.161+0000] {processor.py:914} INFO - Processing file /root/airflow-venv/lib/python3.12/site-packages/airflow/example_dags/example_branch_operator.py for tasks to queue
[2025-01-21T01:50:27.170+0000] {logging_mixin.py:190} INFO - [2025-01-21T01:50:27.169+0000] {dagbag.py:588} INFO - Filling up the DagBag from /root/airflow-venv/lib/python3.12/site-packages/airflow/example_dags/example_branch_operator.py
[2025-01-21T01:50:27.177+0000] {processor.py:927} WARNING - No viable dags retrieved from /root/airflow-venv/lib/python3.12/site-packages/airflow/example_dags/example_branch_operator.py
[2025-01-21T01:50:27.199+0000] {processor.py:208} INFO - Processing /root/airflow-venv/lib/python3.12/site-packages/airflow/example_dags/example_branch_operator.py took 0.052 seconds
[2025-01-21T01:51:33.620+0000] {processor.py:186} INFO - Started process (PID=995579) to work on /root/airflow-venv/lib/python3.12/site-packages/airflow/example_dags/example_branch_operator.py
[2025-01-21T01:51:33.624+0000] {processor.py:914} INFO - Processing file /root/airflow-venv/lib/python3.12/site-packages/airflow/example_dags/example_branch_operator.py for tasks to queue
[2025-01-21T01:51:33.629+0000] {logging_mixin.py:190} INFO - [2025-01-21T01:51:33.628+0000] {dagbag.py:588} INFO - Filling up the DagBag from /root/airflow-venv/lib/python3.12/site-packages/airflow/example_dags/example_branch_operator.py
[2025-01-21T01:51:33.635+0000] {processor.py:927} WARNING - No viable dags retrieved from /root/airflow-venv/lib/python3.12/site-packages/airflow/example_dags/example_branch_operator.py
[2025-01-21T01:51:33.659+0000] {processor.py:208} INFO - Processing /root/airflow-venv/lib/python3.12/site-packages/airflow/example_dags/example_branch_operator.py took 0.051 seconds
[2025-01-21T01:52:37.912+0000] {processor.py:186} INFO - Started process (PID=995645) to work on /root/airflow-venv/lib/python3.12/site-packages/airflow/example_dags/example_branch_operator.py
[2025-01-21T01:52:37.914+0000] {processor.py:914} INFO - Processing file /root/airflow-venv/lib/python3.12/site-packages/airflow/example_dags/example_branch_operator.py for tasks to queue
[2025-01-21T01:52:37.918+0000] {logging_mixin.py:190} INFO - [2025-01-21T01:52:37.918+0000] {dagbag.py:588} INFO - Filling up the DagBag from /root/airflow-venv/lib/python3.12/site-packages/airflow/example_dags/example_branch_operator.py
[2025-01-21T01:52:37.923+0000] {processor.py:927} WARNING - No viable dags retrieved from /root/airflow-venv/lib/python3.12/site-packages/airflow/example_dags/example_branch_operator.py
[2025-01-21T01:52:37.943+0000] {processor.py:208} INFO - Processing /root/airflow-venv/lib/python3.12/site-packages/airflow/example_dags/example_branch_operator.py took 0.040 seconds
[2025-01-21T01:53:41.292+0000] {processor.py:186} INFO - Started process (PID=995713) to work on /root/airflow-venv/lib/python3.12/site-packages/airflow/example_dags/example_branch_operator.py
[2025-01-21T01:53:41.294+0000] {processor.py:914} INFO - Processing file /root/airflow-venv/lib/python3.12/site-packages/airflow/example_dags/example_branch_operator.py for tasks to queue
[2025-01-21T01:53:41.301+0000] {logging_mixin.py:190} INFO - [2025-01-21T01:53:41.301+0000] {dagbag.py:588} INFO - Filling up the DagBag from /root/airflow-venv/lib/python3.12/site-packages/airflow/example_dags/example_branch_operator.py
[2025-01-21T01:53:41.307+0000] {processor.py:927} WARNING - No viable dags retrieved from /root/airflow-venv/lib/python3.12/site-packages/airflow/example_dags/example_branch_operator.py
[2025-01-21T01:53:41.331+0000] {processor.py:208} INFO - Processing /root/airflow-venv/lib/python3.12/site-packages/airflow/example_dags/example_branch_operator.py took 0.050 seconds
[2025-01-21T20:45:41.256+0000] {processor.py:186} INFO - Started process (PID=1007702) to work on /root/airflow-venv/lib/python3.12/site-packages/airflow/example_dags/example_branch_operator.py
[2025-01-21T20:45:41.259+0000] {processor.py:914} INFO - Processing file /root/airflow-venv/lib/python3.12/site-packages/airflow/example_dags/example_branch_operator.py for tasks to queue
[2025-01-21T20:45:41.264+0000] {logging_mixin.py:190} INFO - [2025-01-21T20:45:41.263+0000] {dagbag.py:588} INFO - Filling up the DagBag from /root/airflow-venv/lib/python3.12/site-packages/airflow/example_dags/example_branch_operator.py
[2025-01-21T20:45:41.271+0000] {processor.py:927} WARNING - No viable dags retrieved from /root/airflow-venv/lib/python3.12/site-packages/airflow/example_dags/example_branch_operator.py
[2025-01-21T20:45:41.303+0000] {processor.py:208} INFO - Processing /root/airflow-venv/lib/python3.12/site-packages/airflow/example_dags/example_branch_operator.py took 0.065 seconds
[2025-01-21T20:46:56.327+0000] {processor.py:186} INFO - Started process (PID=1007781) to work on /root/airflow-venv/lib/python3.12/site-packages/airflow/example_dags/example_branch_operator.py
[2025-01-21T20:46:56.330+0000] {processor.py:914} INFO - Processing file /root/airflow-venv/lib/python3.12/site-packages/airflow/example_dags/example_branch_operator.py for tasks to queue
[2025-01-21T20:46:56.334+0000] {logging_mixin.py:190} INFO - [2025-01-21T20:46:56.333+0000] {dagbag.py:588} INFO - Filling up the DagBag from /root/airflow-venv/lib/python3.12/site-packages/airflow/example_dags/example_branch_operator.py
[2025-01-21T20:46:56.340+0000] {processor.py:927} WARNING - No viable dags retrieved from /root/airflow-venv/lib/python3.12/site-packages/airflow/example_dags/example_branch_operator.py
[2025-01-21T20:46:56.365+0000] {processor.py:208} INFO - Processing /root/airflow-venv/lib/python3.12/site-packages/airflow/example_dags/example_branch_operator.py took 0.055 seconds
