[2025-01-21T01:50:12.400+0000] {processor.py:186} INFO - Started process (PID=995496) to work on /root/airflow-venv/lib/python3.12/site-packages/airflow/example_dags/example_local_kubernetes_executor.py
[2025-01-21T01:50:12.402+0000] {processor.py:914} INFO - Processing file /root/airflow-venv/lib/python3.12/site-packages/airflow/example_dags/example_local_kubernetes_executor.py for tasks to queue
[2025-01-21T01:50:12.406+0000] {logging_mixin.py:190} INFO - [2025-01-21T01:50:12.405+0000] {dagbag.py:588} INFO - Filling up the DagBag from /root/airflow-venv/lib/python3.12/site-packages/airflow/example_dags/example_local_kubernetes_executor.py
[2025-01-21T01:50:12.424+0000] {processor.py:925} INFO - DAG(s) 'example_local_kubernetes_executor' retrieved from /root/airflow-venv/lib/python3.12/site-packages/airflow/example_dags/example_local_kubernetes_executor.py
[2025-01-21T01:50:12.616+0000] {logging_mixin.py:190} INFO - [2025-01-21T01:50:12.615+0000] {override.py:1911} INFO - Created Permission View: can delete on DAG:example_local_kubernetes_executor
[2025-01-21T01:50:12.637+0000] {logging_mixin.py:190} INFO - [2025-01-21T01:50:12.636+0000] {override.py:1911} INFO - Created Permission View: can edit on DAG:example_local_kubernetes_executor
[2025-01-21T01:50:12.653+0000] {logging_mixin.py:190} INFO - [2025-01-21T01:50:12.653+0000] {override.py:1911} INFO - Created Permission View: can read on DAG:example_local_kubernetes_executor
[2025-01-21T01:50:12.674+0000] {logging_mixin.py:190} INFO - [2025-01-21T01:50:12.673+0000] {override.py:1911} INFO - Created Permission View: can delete on DAG Run:example_local_kubernetes_executor
[2025-01-21T01:50:12.688+0000] {logging_mixin.py:190} INFO - [2025-01-21T01:50:12.687+0000] {override.py:1911} INFO - Created Permission View: can create on DAG Run:example_local_kubernetes_executor
[2025-01-21T01:50:12.706+0000] {logging_mixin.py:190} INFO - [2025-01-21T01:50:12.705+0000] {override.py:1911} INFO - Created Permission View: menu access on DAG Run:example_local_kubernetes_executor
[2025-01-21T01:50:12.723+0000] {logging_mixin.py:190} INFO - [2025-01-21T01:50:12.722+0000] {override.py:1911} INFO - Created Permission View: can read on DAG Run:example_local_kubernetes_executor
[2025-01-21T01:50:12.724+0000] {logging_mixin.py:190} INFO - [2025-01-21T01:50:12.724+0000] {dag.py:3239} INFO - Sync 1 DAGs
[2025-01-21T01:50:12.743+0000] {logging_mixin.py:190} INFO - [2025-01-21T01:50:12.743+0000] {dag.py:3262} INFO - Creating ORM DAG for example_local_kubernetes_executor
[2025-01-21T01:50:12.744+0000] {logging_mixin.py:190} INFO - [2025-01-21T01:50:12.744+0000] {dag.py:4180} INFO - Setting next_dagrun for example_local_kubernetes_executor to None, run_after=None
[2025-01-21T01:50:12.782+0000] {processor.py:208} INFO - Processing /root/airflow-venv/lib/python3.12/site-packages/airflow/example_dags/example_local_kubernetes_executor.py took 0.392 seconds
[2025-01-21T01:51:19.631+0000] {processor.py:186} INFO - Started process (PID=995564) to work on /root/airflow-venv/lib/python3.12/site-packages/airflow/example_dags/example_local_kubernetes_executor.py
[2025-01-21T01:51:19.637+0000] {processor.py:914} INFO - Processing file /root/airflow-venv/lib/python3.12/site-packages/airflow/example_dags/example_local_kubernetes_executor.py for tasks to queue
[2025-01-21T01:51:19.642+0000] {logging_mixin.py:190} INFO - [2025-01-21T01:51:19.641+0000] {dagbag.py:588} INFO - Filling up the DagBag from /root/airflow-venv/lib/python3.12/site-packages/airflow/example_dags/example_local_kubernetes_executor.py
[2025-01-21T01:51:19.665+0000] {processor.py:925} INFO - DAG(s) 'example_local_kubernetes_executor' retrieved from /root/airflow-venv/lib/python3.12/site-packages/airflow/example_dags/example_local_kubernetes_executor.py
[2025-01-21T01:51:19.701+0000] {logging_mixin.py:190} INFO - [2025-01-21T01:51:19.700+0000] {dag.py:3239} INFO - Sync 1 DAGs
[2025-01-21T01:51:19.727+0000] {logging_mixin.py:190} INFO - [2025-01-21T01:51:19.726+0000] {dag.py:4180} INFO - Setting next_dagrun for example_local_kubernetes_executor to None, run_after=None
[2025-01-21T01:51:19.772+0000] {processor.py:208} INFO - Processing /root/airflow-venv/lib/python3.12/site-packages/airflow/example_dags/example_local_kubernetes_executor.py took 0.152 seconds
[2025-01-21T01:52:21.255+0000] {processor.py:186} INFO - Started process (PID=995632) to work on /root/airflow-venv/lib/python3.12/site-packages/airflow/example_dags/example_local_kubernetes_executor.py
[2025-01-21T01:52:21.257+0000] {processor.py:914} INFO - Processing file /root/airflow-venv/lib/python3.12/site-packages/airflow/example_dags/example_local_kubernetes_executor.py for tasks to queue
[2025-01-21T01:52:21.261+0000] {logging_mixin.py:190} INFO - [2025-01-21T01:52:21.261+0000] {dagbag.py:588} INFO - Filling up the DagBag from /root/airflow-venv/lib/python3.12/site-packages/airflow/example_dags/example_local_kubernetes_executor.py
[2025-01-21T01:52:21.280+0000] {processor.py:925} INFO - DAG(s) 'example_local_kubernetes_executor' retrieved from /root/airflow-venv/lib/python3.12/site-packages/airflow/example_dags/example_local_kubernetes_executor.py
[2025-01-21T01:52:21.314+0000] {logging_mixin.py:190} INFO - [2025-01-21T01:52:21.313+0000] {dag.py:3239} INFO - Sync 1 DAGs
[2025-01-21T01:52:21.335+0000] {logging_mixin.py:190} INFO - [2025-01-21T01:52:21.335+0000] {dag.py:4180} INFO - Setting next_dagrun for example_local_kubernetes_executor to None, run_after=None
[2025-01-21T01:52:21.369+0000] {processor.py:208} INFO - Processing /root/airflow-venv/lib/python3.12/site-packages/airflow/example_dags/example_local_kubernetes_executor.py took 0.123 seconds
[2025-01-21T01:53:26.335+0000] {processor.py:186} INFO - Started process (PID=995699) to work on /root/airflow-venv/lib/python3.12/site-packages/airflow/example_dags/example_local_kubernetes_executor.py
[2025-01-21T01:53:26.337+0000] {processor.py:914} INFO - Processing file /root/airflow-venv/lib/python3.12/site-packages/airflow/example_dags/example_local_kubernetes_executor.py for tasks to queue
[2025-01-21T01:53:26.340+0000] {logging_mixin.py:190} INFO - [2025-01-21T01:53:26.339+0000] {dagbag.py:588} INFO - Filling up the DagBag from /root/airflow-venv/lib/python3.12/site-packages/airflow/example_dags/example_local_kubernetes_executor.py
[2025-01-21T01:53:26.357+0000] {processor.py:925} INFO - DAG(s) 'example_local_kubernetes_executor' retrieved from /root/airflow-venv/lib/python3.12/site-packages/airflow/example_dags/example_local_kubernetes_executor.py
[2025-01-21T01:53:26.384+0000] {logging_mixin.py:190} INFO - [2025-01-21T01:53:26.383+0000] {dag.py:3239} INFO - Sync 1 DAGs
[2025-01-21T01:53:26.408+0000] {logging_mixin.py:190} INFO - [2025-01-21T01:53:26.408+0000] {dag.py:4180} INFO - Setting next_dagrun for example_local_kubernetes_executor to None, run_after=None
[2025-01-21T01:53:26.444+0000] {processor.py:208} INFO - Processing /root/airflow-venv/lib/python3.12/site-packages/airflow/example_dags/example_local_kubernetes_executor.py took 0.120 seconds
[2025-01-21T20:45:26.624+0000] {processor.py:186} INFO - Started process (PID=1007689) to work on /root/airflow-venv/lib/python3.12/site-packages/airflow/example_dags/example_local_kubernetes_executor.py
[2025-01-21T20:45:26.626+0000] {processor.py:914} INFO - Processing file /root/airflow-venv/lib/python3.12/site-packages/airflow/example_dags/example_local_kubernetes_executor.py for tasks to queue
[2025-01-21T20:45:26.631+0000] {logging_mixin.py:190} INFO - [2025-01-21T20:45:26.630+0000] {dagbag.py:588} INFO - Filling up the DagBag from /root/airflow-venv/lib/python3.12/site-packages/airflow/example_dags/example_local_kubernetes_executor.py
[2025-01-21T20:45:26.651+0000] {processor.py:925} INFO - DAG(s) 'example_local_kubernetes_executor' retrieved from /root/airflow-venv/lib/python3.12/site-packages/airflow/example_dags/example_local_kubernetes_executor.py
[2025-01-21T20:45:26.686+0000] {logging_mixin.py:190} INFO - [2025-01-21T20:45:26.686+0000] {dag.py:3239} INFO - Sync 1 DAGs
[2025-01-21T20:45:26.708+0000] {logging_mixin.py:190} INFO - [2025-01-21T20:45:26.707+0000] {dag.py:4180} INFO - Setting next_dagrun for example_local_kubernetes_executor to None, run_after=None
[2025-01-21T20:45:26.750+0000] {processor.py:208} INFO - Processing /root/airflow-venv/lib/python3.12/site-packages/airflow/example_dags/example_local_kubernetes_executor.py took 0.137 seconds
[2025-01-21T20:46:41.016+0000] {processor.py:186} INFO - Started process (PID=1007766) to work on /root/airflow-venv/lib/python3.12/site-packages/airflow/example_dags/example_local_kubernetes_executor.py
[2025-01-21T20:46:41.017+0000] {processor.py:914} INFO - Processing file /root/airflow-venv/lib/python3.12/site-packages/airflow/example_dags/example_local_kubernetes_executor.py for tasks to queue
[2025-01-21T20:46:41.021+0000] {logging_mixin.py:190} INFO - [2025-01-21T20:46:41.020+0000] {dagbag.py:588} INFO - Filling up the DagBag from /root/airflow-venv/lib/python3.12/site-packages/airflow/example_dags/example_local_kubernetes_executor.py
[2025-01-21T20:46:41.040+0000] {processor.py:925} INFO - DAG(s) 'example_local_kubernetes_executor' retrieved from /root/airflow-venv/lib/python3.12/site-packages/airflow/example_dags/example_local_kubernetes_executor.py
[2025-01-21T20:46:41.074+0000] {logging_mixin.py:190} INFO - [2025-01-21T20:46:41.073+0000] {dag.py:3239} INFO - Sync 1 DAGs
[2025-01-21T20:46:41.097+0000] {logging_mixin.py:190} INFO - [2025-01-21T20:46:41.097+0000] {dag.py:4180} INFO - Setting next_dagrun for example_local_kubernetes_executor to None, run_after=None
[2025-01-21T20:46:41.142+0000] {processor.py:208} INFO - Processing /root/airflow-venv/lib/python3.12/site-packages/airflow/example_dags/example_local_kubernetes_executor.py took 0.136 seconds
