[2025-01-21T01:50:34.656+0000] {processor.py:186} INFO - Started process (PID=995519) to work on /root/airflow-venv/lib/python3.12/site-packages/airflow/example_dags/example_bash_operator.py
[2025-01-21T01:50:34.658+0000] {processor.py:914} INFO - Processing file /root/airflow-venv/lib/python3.12/site-packages/airflow/example_dags/example_bash_operator.py for tasks to queue
[2025-01-21T01:50:34.663+0000] {logging_mixin.py:190} INFO - [2025-01-21T01:50:34.662+0000] {dagbag.py:588} INFO - Filling up the DagBag from /root/airflow-venv/lib/python3.12/site-packages/airflow/example_dags/example_bash_operator.py
[2025-01-21T01:50:34.691+0000] {processor.py:925} INFO - DAG(s) 'example_bash_operator' retrieved from /root/airflow-venv/lib/python3.12/site-packages/airflow/example_dags/example_bash_operator.py
[2025-01-21T01:50:34.736+0000] {logging_mixin.py:190} INFO - [2025-01-21T01:50:34.735+0000] {dag.py:3239} INFO - Sync 1 DAGs
[2025-01-21T01:50:34.789+0000] {logging_mixin.py:190} INFO - [2025-01-21T01:50:34.789+0000] {dag.py:4180} INFO - Setting next_dagrun for example_bash_operator to 2025-01-21 00:00:00+00:00, run_after=2025-01-22 00:00:00+00:00
[2025-01-21T01:50:34.854+0000] {processor.py:208} INFO - Processing /root/airflow-venv/lib/python3.12/site-packages/airflow/example_dags/example_bash_operator.py took 0.219 seconds
[2025-01-21T01:51:38.900+0000] {processor.py:186} INFO - Started process (PID=995585) to work on /root/airflow-venv/lib/python3.12/site-packages/airflow/example_dags/example_bash_operator.py
[2025-01-21T01:51:38.902+0000] {processor.py:914} INFO - Processing file /root/airflow-venv/lib/python3.12/site-packages/airflow/example_dags/example_bash_operator.py for tasks to queue
[2025-01-21T01:51:38.906+0000] {logging_mixin.py:190} INFO - [2025-01-21T01:51:38.906+0000] {dagbag.py:588} INFO - Filling up the DagBag from /root/airflow-venv/lib/python3.12/site-packages/airflow/example_dags/example_bash_operator.py
[2025-01-21T01:51:38.931+0000] {processor.py:925} INFO - DAG(s) 'example_bash_operator' retrieved from /root/airflow-venv/lib/python3.12/site-packages/airflow/example_dags/example_bash_operator.py
[2025-01-21T01:51:38.969+0000] {logging_mixin.py:190} INFO - [2025-01-21T01:51:38.969+0000] {dag.py:3239} INFO - Sync 1 DAGs
[2025-01-21T01:51:39.006+0000] {logging_mixin.py:190} INFO - [2025-01-21T01:51:39.006+0000] {dag.py:4180} INFO - Setting next_dagrun for example_bash_operator to 2025-01-21 00:00:00+00:00, run_after=2025-01-22 00:00:00+00:00
[2025-01-21T01:51:39.047+0000] {processor.py:208} INFO - Processing /root/airflow-venv/lib/python3.12/site-packages/airflow/example_dags/example_bash_operator.py took 0.158 seconds
[2025-01-21T01:52:44.094+0000] {processor.py:186} INFO - Started process (PID=995651) to work on /root/airflow-venv/lib/python3.12/site-packages/airflow/example_dags/example_bash_operator.py
[2025-01-21T01:52:44.096+0000] {processor.py:914} INFO - Processing file /root/airflow-venv/lib/python3.12/site-packages/airflow/example_dags/example_bash_operator.py for tasks to queue
[2025-01-21T01:52:44.100+0000] {logging_mixin.py:190} INFO - [2025-01-21T01:52:44.099+0000] {dagbag.py:588} INFO - Filling up the DagBag from /root/airflow-venv/lib/python3.12/site-packages/airflow/example_dags/example_bash_operator.py
[2025-01-21T01:52:44.125+0000] {processor.py:925} INFO - DAG(s) 'example_bash_operator' retrieved from /root/airflow-venv/lib/python3.12/site-packages/airflow/example_dags/example_bash_operator.py
[2025-01-21T01:52:44.160+0000] {logging_mixin.py:190} INFO - [2025-01-21T01:52:44.160+0000] {dag.py:3239} INFO - Sync 1 DAGs
[2025-01-21T01:52:44.189+0000] {logging_mixin.py:190} INFO - [2025-01-21T01:52:44.189+0000] {dag.py:4180} INFO - Setting next_dagrun for example_bash_operator to 2025-01-21 00:00:00+00:00, run_after=2025-01-22 00:00:00+00:00
[2025-01-21T01:52:44.225+0000] {processor.py:208} INFO - Processing /root/airflow-venv/lib/python3.12/site-packages/airflow/example_dags/example_bash_operator.py took 0.140 seconds
[2025-01-21T01:53:47.021+0000] {processor.py:186} INFO - Started process (PID=995719) to work on /root/airflow-venv/lib/python3.12/site-packages/airflow/example_dags/example_bash_operator.py
[2025-01-21T01:53:47.024+0000] {processor.py:914} INFO - Processing file /root/airflow-venv/lib/python3.12/site-packages/airflow/example_dags/example_bash_operator.py for tasks to queue
[2025-01-21T01:53:47.028+0000] {logging_mixin.py:190} INFO - [2025-01-21T01:53:47.027+0000] {dagbag.py:588} INFO - Filling up the DagBag from /root/airflow-venv/lib/python3.12/site-packages/airflow/example_dags/example_bash_operator.py
[2025-01-21T01:53:47.058+0000] {processor.py:925} INFO - DAG(s) 'example_bash_operator' retrieved from /root/airflow-venv/lib/python3.12/site-packages/airflow/example_dags/example_bash_operator.py
[2025-01-21T01:53:47.095+0000] {logging_mixin.py:190} INFO - [2025-01-21T01:53:47.095+0000] {dag.py:3239} INFO - Sync 1 DAGs
[2025-01-21T01:53:47.135+0000] {logging_mixin.py:190} INFO - [2025-01-21T01:53:47.134+0000] {dag.py:4180} INFO - Setting next_dagrun for example_bash_operator to 2025-01-21 00:00:00+00:00, run_after=2025-01-22 00:00:00+00:00
[2025-01-21T01:53:47.169+0000] {processor.py:208} INFO - Processing /root/airflow-venv/lib/python3.12/site-packages/airflow/example_dags/example_bash_operator.py took 0.159 seconds
[2025-01-21T20:45:46.675+0000] {processor.py:186} INFO - Started process (PID=1007710) to work on /root/airflow-venv/lib/python3.12/site-packages/airflow/example_dags/example_bash_operator.py
[2025-01-21T20:45:46.678+0000] {processor.py:914} INFO - Processing file /root/airflow-venv/lib/python3.12/site-packages/airflow/example_dags/example_bash_operator.py for tasks to queue
[2025-01-21T20:45:46.684+0000] {logging_mixin.py:190} INFO - [2025-01-21T20:45:46.683+0000] {dagbag.py:588} INFO - Filling up the DagBag from /root/airflow-venv/lib/python3.12/site-packages/airflow/example_dags/example_bash_operator.py
[2025-01-21T20:45:46.714+0000] {processor.py:925} INFO - DAG(s) 'example_bash_operator' retrieved from /root/airflow-venv/lib/python3.12/site-packages/airflow/example_dags/example_bash_operator.py
[2025-01-21T20:45:46.763+0000] {logging_mixin.py:190} INFO - [2025-01-21T20:45:46.763+0000] {dag.py:3239} INFO - Sync 1 DAGs
[2025-01-21T20:45:46.818+0000] {logging_mixin.py:190} INFO - [2025-01-21T20:45:46.818+0000] {dag.py:4180} INFO - Setting next_dagrun for example_bash_operator to 2025-01-21 00:00:00+00:00, run_after=2025-01-22 00:00:00+00:00
[2025-01-21T20:45:46.866+0000] {processor.py:208} INFO - Processing /root/airflow-venv/lib/python3.12/site-packages/airflow/example_dags/example_bash_operator.py took 0.203 seconds
