[2025-01-21T01:50:23.191+0000] {processor.py:186} INFO - Started process (PID=995506) to work on /root/airflow-venv/lib/python3.12/site-packages/airflow/example_dags/example_dag_decorator.py
[2025-01-21T01:50:23.192+0000] {processor.py:914} INFO - Processing file /root/airflow-venv/lib/python3.12/site-packages/airflow/example_dags/example_dag_decorator.py for tasks to queue
[2025-01-21T01:50:23.197+0000] {logging_mixin.py:190} INFO - [2025-01-21T01:50:23.196+0000] {dagbag.py:588} INFO - Filling up the DagBag from /root/airflow-venv/lib/python3.12/site-packages/airflow/example_dags/example_dag_decorator.py
[2025-01-21T01:50:23.218+0000] {processor.py:925} INFO - DAG(s) 'example_dag_decorator' retrieved from /root/airflow-venv/lib/python3.12/site-packages/airflow/example_dags/example_dag_decorator.py
[2025-01-21T01:50:23.368+0000] {logging_mixin.py:190} INFO - [2025-01-21T01:50:23.368+0000] {dag.py:3239} INFO - Sync 1 DAGs
[2025-01-21T01:50:23.384+0000] {logging_mixin.py:190} INFO - [2025-01-21T01:50:23.384+0000] {dag.py:4180} INFO - Setting next_dagrun for example_dag_decorator to None, run_after=None
[2025-01-21T01:50:23.413+0000] {processor.py:208} INFO - Processing /root/airflow-venv/lib/python3.12/site-packages/airflow/example_dags/example_dag_decorator.py took 0.232 seconds
[2025-01-21T01:51:29.898+0000] {processor.py:186} INFO - Started process (PID=995576) to work on /root/airflow-venv/lib/python3.12/site-packages/airflow/example_dags/example_dag_decorator.py
[2025-01-21T01:51:29.901+0000] {processor.py:914} INFO - Processing file /root/airflow-venv/lib/python3.12/site-packages/airflow/example_dags/example_dag_decorator.py for tasks to queue
[2025-01-21T01:51:29.905+0000] {logging_mixin.py:190} INFO - [2025-01-21T01:51:29.904+0000] {dagbag.py:588} INFO - Filling up the DagBag from /root/airflow-venv/lib/python3.12/site-packages/airflow/example_dags/example_dag_decorator.py
[2025-01-21T01:51:29.926+0000] {processor.py:925} INFO - DAG(s) 'example_dag_decorator' retrieved from /root/airflow-venv/lib/python3.12/site-packages/airflow/example_dags/example_dag_decorator.py
[2025-01-21T01:51:30.102+0000] {logging_mixin.py:190} INFO - [2025-01-21T01:51:30.101+0000] {dag.py:3239} INFO - Sync 1 DAGs
[2025-01-21T01:51:30.117+0000] {logging_mixin.py:190} INFO - [2025-01-21T01:51:30.117+0000] {dag.py:4180} INFO - Setting next_dagrun for example_dag_decorator to None, run_after=None
[2025-01-21T01:51:30.155+0000] {processor.py:208} INFO - Processing /root/airflow-venv/lib/python3.12/site-packages/airflow/example_dags/example_dag_decorator.py took 0.266 seconds
[2025-01-21T01:52:33.873+0000] {processor.py:186} INFO - Started process (PID=995642) to work on /root/airflow-venv/lib/python3.12/site-packages/airflow/example_dags/example_dag_decorator.py
[2025-01-21T01:52:33.876+0000] {processor.py:914} INFO - Processing file /root/airflow-venv/lib/python3.12/site-packages/airflow/example_dags/example_dag_decorator.py for tasks to queue
[2025-01-21T01:52:33.880+0000] {logging_mixin.py:190} INFO - [2025-01-21T01:52:33.880+0000] {dagbag.py:588} INFO - Filling up the DagBag from /root/airflow-venv/lib/python3.12/site-packages/airflow/example_dags/example_dag_decorator.py
[2025-01-21T01:52:33.907+0000] {processor.py:925} INFO - DAG(s) 'example_dag_decorator' retrieved from /root/airflow-venv/lib/python3.12/site-packages/airflow/example_dags/example_dag_decorator.py
[2025-01-21T01:52:34.092+0000] {logging_mixin.py:190} INFO - [2025-01-21T01:52:34.092+0000] {dag.py:3239} INFO - Sync 1 DAGs
[2025-01-21T01:52:34.110+0000] {logging_mixin.py:190} INFO - [2025-01-21T01:52:34.110+0000] {dag.py:4180} INFO - Setting next_dagrun for example_dag_decorator to None, run_after=None
[2025-01-21T01:52:34.150+0000] {processor.py:208} INFO - Processing /root/airflow-venv/lib/python3.12/site-packages/airflow/example_dags/example_dag_decorator.py took 0.288 seconds
[2025-01-21T01:53:37.987+0000] {processor.py:186} INFO - Started process (PID=995710) to work on /root/airflow-venv/lib/python3.12/site-packages/airflow/example_dags/example_dag_decorator.py
[2025-01-21T01:53:37.989+0000] {processor.py:914} INFO - Processing file /root/airflow-venv/lib/python3.12/site-packages/airflow/example_dags/example_dag_decorator.py for tasks to queue
[2025-01-21T01:53:37.994+0000] {logging_mixin.py:190} INFO - [2025-01-21T01:53:37.993+0000] {dagbag.py:588} INFO - Filling up the DagBag from /root/airflow-venv/lib/python3.12/site-packages/airflow/example_dags/example_dag_decorator.py
[2025-01-21T01:53:38.016+0000] {processor.py:925} INFO - DAG(s) 'example_dag_decorator' retrieved from /root/airflow-venv/lib/python3.12/site-packages/airflow/example_dags/example_dag_decorator.py
[2025-01-21T01:53:38.174+0000] {logging_mixin.py:190} INFO - [2025-01-21T01:53:38.173+0000] {dag.py:3239} INFO - Sync 1 DAGs
[2025-01-21T01:53:38.189+0000] {logging_mixin.py:190} INFO - [2025-01-21T01:53:38.188+0000] {dag.py:4180} INFO - Setting next_dagrun for example_dag_decorator to None, run_after=None
[2025-01-21T01:53:38.223+0000] {processor.py:208} INFO - Processing /root/airflow-venv/lib/python3.12/site-packages/airflow/example_dags/example_dag_decorator.py took 0.244 seconds
[2025-01-21T20:45:37.129+0000] {processor.py:186} INFO - Started process (PID=1007699) to work on /root/airflow-venv/lib/python3.12/site-packages/airflow/example_dags/example_dag_decorator.py
[2025-01-21T20:45:37.131+0000] {processor.py:914} INFO - Processing file /root/airflow-venv/lib/python3.12/site-packages/airflow/example_dags/example_dag_decorator.py for tasks to queue
[2025-01-21T20:45:37.138+0000] {logging_mixin.py:190} INFO - [2025-01-21T20:45:37.136+0000] {dagbag.py:588} INFO - Filling up the DagBag from /root/airflow-venv/lib/python3.12/site-packages/airflow/example_dags/example_dag_decorator.py
[2025-01-21T20:45:37.164+0000] {processor.py:925} INFO - DAG(s) 'example_dag_decorator' retrieved from /root/airflow-venv/lib/python3.12/site-packages/airflow/example_dags/example_dag_decorator.py
[2025-01-21T20:45:37.360+0000] {logging_mixin.py:190} INFO - [2025-01-21T20:45:37.360+0000] {dag.py:3239} INFO - Sync 1 DAGs
[2025-01-21T20:45:37.382+0000] {logging_mixin.py:190} INFO - [2025-01-21T20:45:37.381+0000] {dag.py:4180} INFO - Setting next_dagrun for example_dag_decorator to None, run_after=None
[2025-01-21T20:45:37.420+0000] {processor.py:208} INFO - Processing /root/airflow-venv/lib/python3.12/site-packages/airflow/example_dags/example_dag_decorator.py took 0.304 seconds
[2025-01-21T20:46:52.383+0000] {processor.py:186} INFO - Started process (PID=1007778) to work on /root/airflow-venv/lib/python3.12/site-packages/airflow/example_dags/example_dag_decorator.py
[2025-01-21T20:46:52.385+0000] {processor.py:914} INFO - Processing file /root/airflow-venv/lib/python3.12/site-packages/airflow/example_dags/example_dag_decorator.py for tasks to queue
[2025-01-21T20:46:52.389+0000] {logging_mixin.py:190} INFO - [2025-01-21T20:46:52.388+0000] {dagbag.py:588} INFO - Filling up the DagBag from /root/airflow-venv/lib/python3.12/site-packages/airflow/example_dags/example_dag_decorator.py
[2025-01-21T20:46:52.413+0000] {processor.py:925} INFO - DAG(s) 'example_dag_decorator' retrieved from /root/airflow-venv/lib/python3.12/site-packages/airflow/example_dags/example_dag_decorator.py
[2025-01-21T20:46:52.589+0000] {logging_mixin.py:190} INFO - [2025-01-21T20:46:52.589+0000] {dag.py:3239} INFO - Sync 1 DAGs
[2025-01-21T20:46:52.607+0000] {logging_mixin.py:190} INFO - [2025-01-21T20:46:52.606+0000] {dag.py:4180} INFO - Setting next_dagrun for example_dag_decorator to None, run_after=None
[2025-01-21T20:46:52.648+0000] {processor.py:208} INFO - Processing /root/airflow-venv/lib/python3.12/site-packages/airflow/example_dags/example_dag_decorator.py took 0.276 seconds
