[2025-01-21T01:50:17.911+0000] {processor.py:186} INFO - Started process (PID=995501) to work on /root/airflow-venv/lib/python3.12/site-packages/airflow/example_dags/example_latest_only.py
[2025-01-21T01:50:17.913+0000] {processor.py:914} INFO - Processing file /root/airflow-venv/lib/python3.12/site-packages/airflow/example_dags/example_latest_only.py for tasks to queue
[2025-01-21T01:50:17.917+0000] {logging_mixin.py:190} INFO - [2025-01-21T01:50:17.916+0000] {dagbag.py:588} INFO - Filling up the DagBag from /root/airflow-venv/lib/python3.12/site-packages/airflow/example_dags/example_latest_only.py
[2025-01-21T01:50:17.932+0000] {processor.py:925} INFO - DAG(s) 'latest_only' retrieved from /root/airflow-venv/lib/python3.12/site-packages/airflow/example_dags/example_latest_only.py
[2025-01-21T01:50:17.963+0000] {logging_mixin.py:190} INFO - [2025-01-21T01:50:17.963+0000] {dag.py:3239} INFO - Sync 1 DAGs
[2025-01-21T01:50:18.004+0000] {logging_mixin.py:190} INFO - [2025-01-21T01:50:18.003+0000] {dag.py:4180} INFO - Setting next_dagrun for latest_only to 2025-01-20 20:00:00+00:00, run_after=2025-01-21 00:00:00+00:00
[2025-01-21T01:50:18.077+0000] {processor.py:208} INFO - Processing /root/airflow-venv/lib/python3.12/site-packages/airflow/example_dags/example_latest_only.py took 0.177 seconds
[2025-01-21T01:51:25.180+0000] {processor.py:186} INFO - Started process (PID=995569) to work on /root/airflow-venv/lib/python3.12/site-packages/airflow/example_dags/example_latest_only.py
[2025-01-21T01:51:25.182+0000] {processor.py:914} INFO - Processing file /root/airflow-venv/lib/python3.12/site-packages/airflow/example_dags/example_latest_only.py for tasks to queue
[2025-01-21T01:51:25.186+0000] {logging_mixin.py:190} INFO - [2025-01-21T01:51:25.185+0000] {dagbag.py:588} INFO - Filling up the DagBag from /root/airflow-venv/lib/python3.12/site-packages/airflow/example_dags/example_latest_only.py
[2025-01-21T01:51:25.198+0000] {processor.py:925} INFO - DAG(s) 'latest_only' retrieved from /root/airflow-venv/lib/python3.12/site-packages/airflow/example_dags/example_latest_only.py
[2025-01-21T01:51:25.225+0000] {logging_mixin.py:190} INFO - [2025-01-21T01:51:25.224+0000] {dag.py:3239} INFO - Sync 1 DAGs
[2025-01-21T01:51:25.256+0000] {logging_mixin.py:190} INFO - [2025-01-21T01:51:25.256+0000] {dag.py:4180} INFO - Setting next_dagrun for latest_only to 2025-01-20 20:00:00+00:00, run_after=2025-01-21 00:00:00+00:00
[2025-01-21T01:51:25.293+0000] {processor.py:208} INFO - Processing /root/airflow-venv/lib/python3.12/site-packages/airflow/example_dags/example_latest_only.py took 0.123 seconds
[2025-01-21T01:52:27.355+0000] {processor.py:186} INFO - Started process (PID=995637) to work on /root/airflow-venv/lib/python3.12/site-packages/airflow/example_dags/example_latest_only.py
[2025-01-21T01:52:27.357+0000] {processor.py:914} INFO - Processing file /root/airflow-venv/lib/python3.12/site-packages/airflow/example_dags/example_latest_only.py for tasks to queue
[2025-01-21T01:52:27.361+0000] {logging_mixin.py:190} INFO - [2025-01-21T01:52:27.360+0000] {dagbag.py:588} INFO - Filling up the DagBag from /root/airflow-venv/lib/python3.12/site-packages/airflow/example_dags/example_latest_only.py
[2025-01-21T01:52:27.374+0000] {processor.py:925} INFO - DAG(s) 'latest_only' retrieved from /root/airflow-venv/lib/python3.12/site-packages/airflow/example_dags/example_latest_only.py
[2025-01-21T01:52:27.404+0000] {logging_mixin.py:190} INFO - [2025-01-21T01:52:27.404+0000] {dag.py:3239} INFO - Sync 1 DAGs
[2025-01-21T01:52:27.440+0000] {logging_mixin.py:190} INFO - [2025-01-21T01:52:27.440+0000] {dag.py:4180} INFO - Setting next_dagrun for latest_only to 2025-01-20 20:00:00+00:00, run_after=2025-01-21 00:00:00+00:00
[2025-01-21T01:52:27.476+0000] {processor.py:208} INFO - Processing /root/airflow-venv/lib/python3.12/site-packages/airflow/example_dags/example_latest_only.py took 0.131 seconds
[2025-01-21T01:53:31.635+0000] {processor.py:186} INFO - Started process (PID=995704) to work on /root/airflow-venv/lib/python3.12/site-packages/airflow/example_dags/example_latest_only.py
[2025-01-21T01:53:31.637+0000] {processor.py:914} INFO - Processing file /root/airflow-venv/lib/python3.12/site-packages/airflow/example_dags/example_latest_only.py for tasks to queue
[2025-01-21T01:53:31.642+0000] {logging_mixin.py:190} INFO - [2025-01-21T01:53:31.641+0000] {dagbag.py:588} INFO - Filling up the DagBag from /root/airflow-venv/lib/python3.12/site-packages/airflow/example_dags/example_latest_only.py
[2025-01-21T01:53:31.658+0000] {processor.py:925} INFO - DAG(s) 'latest_only' retrieved from /root/airflow-venv/lib/python3.12/site-packages/airflow/example_dags/example_latest_only.py
[2025-01-21T01:53:31.693+0000] {logging_mixin.py:190} INFO - [2025-01-21T01:53:31.693+0000] {dag.py:3239} INFO - Sync 1 DAGs
[2025-01-21T01:53:31.735+0000] {logging_mixin.py:190} INFO - [2025-01-21T01:53:31.734+0000] {dag.py:4180} INFO - Setting next_dagrun for latest_only to 2025-01-20 20:00:00+00:00, run_after=2025-01-21 00:00:00+00:00
[2025-01-21T01:53:31.778+0000] {processor.py:208} INFO - Processing /root/airflow-venv/lib/python3.12/site-packages/airflow/example_dags/example_latest_only.py took 0.156 seconds
[2025-01-21T20:45:31.829+0000] {processor.py:186} INFO - Started process (PID=1007694) to work on /root/airflow-venv/lib/python3.12/site-packages/airflow/example_dags/example_latest_only.py
[2025-01-21T20:45:31.832+0000] {processor.py:914} INFO - Processing file /root/airflow-venv/lib/python3.12/site-packages/airflow/example_dags/example_latest_only.py for tasks to queue
[2025-01-21T20:45:31.837+0000] {logging_mixin.py:190} INFO - [2025-01-21T20:45:31.836+0000] {dagbag.py:588} INFO - Filling up the DagBag from /root/airflow-venv/lib/python3.12/site-packages/airflow/example_dags/example_latest_only.py
[2025-01-21T20:45:31.853+0000] {processor.py:925} INFO - DAG(s) 'latest_only' retrieved from /root/airflow-venv/lib/python3.12/site-packages/airflow/example_dags/example_latest_only.py
[2025-01-21T20:45:31.883+0000] {logging_mixin.py:190} INFO - [2025-01-21T20:45:31.883+0000] {dag.py:3239} INFO - Sync 1 DAGs
[2025-01-21T20:45:31.921+0000] {logging_mixin.py:190} INFO - [2025-01-21T20:45:31.921+0000] {dag.py:4180} INFO - Setting next_dagrun for latest_only to 2025-01-21 16:00:00+00:00, run_after=2025-01-21 20:00:00+00:00
[2025-01-21T20:45:31.963+0000] {processor.py:208} INFO - Processing /root/airflow-venv/lib/python3.12/site-packages/airflow/example_dags/example_latest_only.py took 0.146 seconds
[2025-01-21T20:46:46.043+0000] {processor.py:186} INFO - Started process (PID=1007773) to work on /root/airflow-venv/lib/python3.12/site-packages/airflow/example_dags/example_latest_only.py
[2025-01-21T20:46:46.046+0000] {processor.py:914} INFO - Processing file /root/airflow-venv/lib/python3.12/site-packages/airflow/example_dags/example_latest_only.py for tasks to queue
[2025-01-21T20:46:46.050+0000] {logging_mixin.py:190} INFO - [2025-01-21T20:46:46.049+0000] {dagbag.py:588} INFO - Filling up the DagBag from /root/airflow-venv/lib/python3.12/site-packages/airflow/example_dags/example_latest_only.py
[2025-01-21T20:46:46.066+0000] {processor.py:925} INFO - DAG(s) 'latest_only' retrieved from /root/airflow-venv/lib/python3.12/site-packages/airflow/example_dags/example_latest_only.py
[2025-01-21T20:46:46.099+0000] {logging_mixin.py:190} INFO - [2025-01-21T20:46:46.099+0000] {dag.py:3239} INFO - Sync 1 DAGs
[2025-01-21T20:46:46.139+0000] {logging_mixin.py:190} INFO - [2025-01-21T20:46:46.139+0000] {dag.py:4180} INFO - Setting next_dagrun for latest_only to 2025-01-21 16:00:00+00:00, run_after=2025-01-21 20:00:00+00:00
[2025-01-21T20:46:46.190+0000] {processor.py:208} INFO - Processing /root/airflow-venv/lib/python3.12/site-packages/airflow/example_dags/example_latest_only.py took 0.159 seconds
