[2025-01-21T01:50:30.786+0000] {processor.py:186} INFO - Started process (PID=995516) to work on /root/airflow-venv/lib/python3.12/site-packages/airflow/example_dags/example_branch_labels.py
[2025-01-21T01:50:30.788+0000] {processor.py:914} INFO - Processing file /root/airflow-venv/lib/python3.12/site-packages/airflow/example_dags/example_branch_labels.py for tasks to queue
[2025-01-21T01:50:30.792+0000] {logging_mixin.py:190} INFO - [2025-01-21T01:50:30.791+0000] {dagbag.py:588} INFO - Filling up the DagBag from /root/airflow-venv/lib/python3.12/site-packages/airflow/example_dags/example_branch_labels.py
[2025-01-21T01:50:30.815+0000] {processor.py:925} INFO - DAG(s) 'example_branch_labels' retrieved from /root/airflow-venv/lib/python3.12/site-packages/airflow/example_dags/example_branch_labels.py
[2025-01-21T01:50:30.850+0000] {logging_mixin.py:190} INFO - [2025-01-21T01:50:30.850+0000] {dag.py:3239} INFO - Sync 1 DAGs
[2025-01-21T01:50:30.893+0000] {logging_mixin.py:190} INFO - [2025-01-21T01:50:30.892+0000] {dag.py:4180} INFO - Setting next_dagrun for example_branch_labels to 2025-01-20 00:00:00+00:00, run_after=2025-01-21 00:00:00+00:00
[2025-01-21T01:50:30.941+0000] {processor.py:208} INFO - Processing /root/airflow-venv/lib/python3.12/site-packages/airflow/example_dags/example_branch_labels.py took 0.167 seconds
[2025-01-21T01:51:36.258+0000] {processor.py:186} INFO - Started process (PID=995582) to work on /root/airflow-venv/lib/python3.12/site-packages/airflow/example_dags/example_branch_labels.py
[2025-01-21T01:51:36.260+0000] {processor.py:914} INFO - Processing file /root/airflow-venv/lib/python3.12/site-packages/airflow/example_dags/example_branch_labels.py for tasks to queue
[2025-01-21T01:51:36.264+0000] {logging_mixin.py:190} INFO - [2025-01-21T01:51:36.263+0000] {dagbag.py:588} INFO - Filling up the DagBag from /root/airflow-venv/lib/python3.12/site-packages/airflow/example_dags/example_branch_labels.py
[2025-01-21T01:51:36.281+0000] {processor.py:925} INFO - DAG(s) 'example_branch_labels' retrieved from /root/airflow-venv/lib/python3.12/site-packages/airflow/example_dags/example_branch_labels.py
[2025-01-21T01:51:36.306+0000] {logging_mixin.py:190} INFO - [2025-01-21T01:51:36.306+0000] {dag.py:3239} INFO - Sync 1 DAGs
[2025-01-21T01:51:36.337+0000] {logging_mixin.py:190} INFO - [2025-01-21T01:51:36.336+0000] {dag.py:4180} INFO - Setting next_dagrun for example_branch_labels to 2025-01-20 00:00:00+00:00, run_after=2025-01-21 00:00:00+00:00
[2025-01-21T01:51:36.374+0000] {processor.py:208} INFO - Processing /root/airflow-venv/lib/python3.12/site-packages/airflow/example_dags/example_branch_labels.py took 0.126 seconds
[2025-01-21T01:52:40.300+0000] {processor.py:186} INFO - Started process (PID=995648) to work on /root/airflow-venv/lib/python3.12/site-packages/airflow/example_dags/example_branch_labels.py
[2025-01-21T01:52:40.303+0000] {processor.py:914} INFO - Processing file /root/airflow-venv/lib/python3.12/site-packages/airflow/example_dags/example_branch_labels.py for tasks to queue
[2025-01-21T01:52:40.309+0000] {logging_mixin.py:190} INFO - [2025-01-21T01:52:40.307+0000] {dagbag.py:588} INFO - Filling up the DagBag from /root/airflow-venv/lib/python3.12/site-packages/airflow/example_dags/example_branch_labels.py
[2025-01-21T01:52:40.332+0000] {processor.py:925} INFO - DAG(s) 'example_branch_labels' retrieved from /root/airflow-venv/lib/python3.12/site-packages/airflow/example_dags/example_branch_labels.py
[2025-01-21T01:52:40.367+0000] {logging_mixin.py:190} INFO - [2025-01-21T01:52:40.367+0000] {dag.py:3239} INFO - Sync 1 DAGs
[2025-01-21T01:52:40.412+0000] {logging_mixin.py:190} INFO - [2025-01-21T01:52:40.412+0000] {dag.py:4180} INFO - Setting next_dagrun for example_branch_labels to 2025-01-20 00:00:00+00:00, run_after=2025-01-21 00:00:00+00:00
[2025-01-21T01:52:40.451+0000] {processor.py:208} INFO - Processing /root/airflow-venv/lib/python3.12/site-packages/airflow/example_dags/example_branch_labels.py took 0.160 seconds
[2025-01-21T01:53:43.181+0000] {processor.py:186} INFO - Started process (PID=995716) to work on /root/airflow-venv/lib/python3.12/site-packages/airflow/example_dags/example_branch_labels.py
[2025-01-21T01:53:43.183+0000] {processor.py:914} INFO - Processing file /root/airflow-venv/lib/python3.12/site-packages/airflow/example_dags/example_branch_labels.py for tasks to queue
[2025-01-21T01:53:43.188+0000] {logging_mixin.py:190} INFO - [2025-01-21T01:53:43.187+0000] {dagbag.py:588} INFO - Filling up the DagBag from /root/airflow-venv/lib/python3.12/site-packages/airflow/example_dags/example_branch_labels.py
[2025-01-21T01:53:43.211+0000] {processor.py:925} INFO - DAG(s) 'example_branch_labels' retrieved from /root/airflow-venv/lib/python3.12/site-packages/airflow/example_dags/example_branch_labels.py
[2025-01-21T01:53:43.248+0000] {logging_mixin.py:190} INFO - [2025-01-21T01:53:43.248+0000] {dag.py:3239} INFO - Sync 1 DAGs
[2025-01-21T01:53:43.294+0000] {logging_mixin.py:190} INFO - [2025-01-21T01:53:43.294+0000] {dag.py:4180} INFO - Setting next_dagrun for example_branch_labels to 2025-01-20 00:00:00+00:00, run_after=2025-01-21 00:00:00+00:00
[2025-01-21T01:53:43.345+0000] {processor.py:208} INFO - Processing /root/airflow-venv/lib/python3.12/site-packages/airflow/example_dags/example_branch_labels.py took 0.178 seconds
[2025-01-21T20:45:43.782+0000] {processor.py:186} INFO - Started process (PID=1007707) to work on /root/airflow-venv/lib/python3.12/site-packages/airflow/example_dags/example_branch_labels.py
[2025-01-21T20:45:43.785+0000] {processor.py:914} INFO - Processing file /root/airflow-venv/lib/python3.12/site-packages/airflow/example_dags/example_branch_labels.py for tasks to queue
[2025-01-21T20:45:43.790+0000] {logging_mixin.py:190} INFO - [2025-01-21T20:45:43.790+0000] {dagbag.py:588} INFO - Filling up the DagBag from /root/airflow-venv/lib/python3.12/site-packages/airflow/example_dags/example_branch_labels.py
[2025-01-21T20:45:43.810+0000] {processor.py:925} INFO - DAG(s) 'example_branch_labels' retrieved from /root/airflow-venv/lib/python3.12/site-packages/airflow/example_dags/example_branch_labels.py
[2025-01-21T20:45:43.851+0000] {logging_mixin.py:190} INFO - [2025-01-21T20:45:43.851+0000] {dag.py:3239} INFO - Sync 1 DAGs
[2025-01-21T20:45:43.893+0000] {logging_mixin.py:190} INFO - [2025-01-21T20:45:43.893+0000] {dag.py:4180} INFO - Setting next_dagrun for example_branch_labels to 2025-01-20 00:00:00+00:00, run_after=2025-01-21 00:00:00+00:00
[2025-01-21T20:45:43.932+0000] {processor.py:208} INFO - Processing /root/airflow-venv/lib/python3.12/site-packages/airflow/example_dags/example_branch_labels.py took 0.167 seconds
