[2025-01-21T01:49:46.181+0000] {processor.py:186} INFO - Started process (PID=995464) to work on /root/airflow-venv/lib/python3.12/site-packages/airflow/example_dags/tutorial_objectstorage.py
[2025-01-21T01:49:46.183+0000] {processor.py:914} INFO - Processing file /root/airflow-venv/lib/python3.12/site-packages/airflow/example_dags/tutorial_objectstorage.py for tasks to queue
[2025-01-21T01:49:46.189+0000] {logging_mixin.py:190} INFO - [2025-01-21T01:49:46.187+0000] {dagbag.py:588} INFO - Filling up the DagBag from /root/airflow-venv/lib/python3.12/site-packages/airflow/example_dags/tutorial_objectstorage.py
[2025-01-21T01:49:46.218+0000] {processor.py:925} INFO - DAG(s) 'tutorial_objectstorage' retrieved from /root/airflow-venv/lib/python3.12/site-packages/airflow/example_dags/tutorial_objectstorage.py
[2025-01-21T01:49:46.312+0000] {logging_mixin.py:190} INFO - [2025-01-21T01:49:46.309+0000] {dag.py:3239} INFO - Sync 1 DAGs
[2025-01-21T01:49:46.359+0000] {logging_mixin.py:190} INFO - [2025-01-21T01:49:46.358+0000] {dag.py:4180} INFO - Setting next_dagrun for tutorial_objectstorage to None, run_after=None
[2025-01-21T01:49:46.393+0000] {processor.py:208} INFO - Processing /root/airflow-venv/lib/python3.12/site-packages/airflow/example_dags/tutorial_objectstorage.py took 0.223 seconds
[2025-01-21T01:50:50.068+0000] {processor.py:186} INFO - Started process (PID=995534) to work on /root/airflow-venv/lib/python3.12/site-packages/airflow/example_dags/tutorial_objectstorage.py
[2025-01-21T01:50:50.070+0000] {processor.py:914} INFO - Processing file /root/airflow-venv/lib/python3.12/site-packages/airflow/example_dags/tutorial_objectstorage.py for tasks to queue
[2025-01-21T01:50:50.073+0000] {logging_mixin.py:190} INFO - [2025-01-21T01:50:50.072+0000] {dagbag.py:588} INFO - Filling up the DagBag from /root/airflow-venv/lib/python3.12/site-packages/airflow/example_dags/tutorial_objectstorage.py
[2025-01-21T01:50:50.088+0000] {processor.py:925} INFO - DAG(s) 'tutorial_objectstorage' retrieved from /root/airflow-venv/lib/python3.12/site-packages/airflow/example_dags/tutorial_objectstorage.py
[2025-01-21T01:50:50.112+0000] {logging_mixin.py:190} INFO - [2025-01-21T01:50:50.112+0000] {dag.py:3239} INFO - Sync 1 DAGs
[2025-01-21T01:50:50.129+0000] {logging_mixin.py:190} INFO - [2025-01-21T01:50:50.129+0000] {dag.py:4180} INFO - Setting next_dagrun for tutorial_objectstorage to None, run_after=None
[2025-01-21T01:50:50.161+0000] {processor.py:208} INFO - Processing /root/airflow-venv/lib/python3.12/site-packages/airflow/example_dags/tutorial_objectstorage.py took 0.102 seconds
[2025-01-21T01:51:52.004+0000] {processor.py:186} INFO - Started process (PID=995599) to work on /root/airflow-venv/lib/python3.12/site-packages/airflow/example_dags/tutorial_objectstorage.py
[2025-01-21T01:51:52.006+0000] {processor.py:914} INFO - Processing file /root/airflow-venv/lib/python3.12/site-packages/airflow/example_dags/tutorial_objectstorage.py for tasks to queue
[2025-01-21T01:51:52.010+0000] {logging_mixin.py:190} INFO - [2025-01-21T01:51:52.010+0000] {dagbag.py:588} INFO - Filling up the DagBag from /root/airflow-venv/lib/python3.12/site-packages/airflow/example_dags/tutorial_objectstorage.py
[2025-01-21T01:51:52.024+0000] {processor.py:925} INFO - DAG(s) 'tutorial_objectstorage' retrieved from /root/airflow-venv/lib/python3.12/site-packages/airflow/example_dags/tutorial_objectstorage.py
[2025-01-21T01:51:52.047+0000] {logging_mixin.py:190} INFO - [2025-01-21T01:51:52.046+0000] {dag.py:3239} INFO - Sync 1 DAGs
[2025-01-21T01:51:52.065+0000] {logging_mixin.py:190} INFO - [2025-01-21T01:51:52.064+0000] {dag.py:4180} INFO - Setting next_dagrun for tutorial_objectstorage to None, run_after=None
[2025-01-21T01:51:52.094+0000] {processor.py:208} INFO - Processing /root/airflow-venv/lib/python3.12/site-packages/airflow/example_dags/tutorial_objectstorage.py took 0.100 seconds
[2025-01-21T01:52:58.718+0000] {processor.py:186} INFO - Started process (PID=995670) to work on /root/airflow-venv/lib/python3.12/site-packages/airflow/example_dags/tutorial_objectstorage.py
[2025-01-21T01:52:58.721+0000] {processor.py:914} INFO - Processing file /root/airflow-venv/lib/python3.12/site-packages/airflow/example_dags/tutorial_objectstorage.py for tasks to queue
[2025-01-21T01:52:58.727+0000] {logging_mixin.py:190} INFO - [2025-01-21T01:52:58.725+0000] {dagbag.py:588} INFO - Filling up the DagBag from /root/airflow-venv/lib/python3.12/site-packages/airflow/example_dags/tutorial_objectstorage.py
[2025-01-21T01:52:58.747+0000] {processor.py:925} INFO - DAG(s) 'tutorial_objectstorage' retrieved from /root/airflow-venv/lib/python3.12/site-packages/airflow/example_dags/tutorial_objectstorage.py
[2025-01-21T01:52:58.776+0000] {logging_mixin.py:190} INFO - [2025-01-21T01:52:58.775+0000] {dag.py:3239} INFO - Sync 1 DAGs
[2025-01-21T01:52:58.798+0000] {logging_mixin.py:190} INFO - [2025-01-21T01:52:58.797+0000] {dag.py:4180} INFO - Setting next_dagrun for tutorial_objectstorage to None, run_after=None
[2025-01-21T01:52:58.846+0000] {processor.py:208} INFO - Processing /root/airflow-venv/lib/python3.12/site-packages/airflow/example_dags/tutorial_objectstorage.py took 0.136 seconds
[2025-01-21T01:54:00.011+0000] {processor.py:186} INFO - Started process (PID=995735) to work on /root/airflow-venv/lib/python3.12/site-packages/airflow/example_dags/tutorial_objectstorage.py
[2025-01-21T01:54:00.014+0000] {processor.py:914} INFO - Processing file /root/airflow-venv/lib/python3.12/site-packages/airflow/example_dags/tutorial_objectstorage.py for tasks to queue
[2025-01-21T01:54:00.018+0000] {logging_mixin.py:190} INFO - [2025-01-21T01:54:00.017+0000] {dagbag.py:588} INFO - Filling up the DagBag from /root/airflow-venv/lib/python3.12/site-packages/airflow/example_dags/tutorial_objectstorage.py
[2025-01-21T01:54:00.036+0000] {processor.py:925} INFO - DAG(s) 'tutorial_objectstorage' retrieved from /root/airflow-venv/lib/python3.12/site-packages/airflow/example_dags/tutorial_objectstorage.py
[2025-01-21T01:54:00.061+0000] {logging_mixin.py:190} INFO - [2025-01-21T01:54:00.061+0000] {dag.py:3239} INFO - Sync 1 DAGs
[2025-01-21T01:54:00.081+0000] {logging_mixin.py:190} INFO - [2025-01-21T01:54:00.081+0000] {dag.py:4180} INFO - Setting next_dagrun for tutorial_objectstorage to None, run_after=None
[2025-01-21T01:54:00.119+0000] {processor.py:208} INFO - Processing /root/airflow-venv/lib/python3.12/site-packages/airflow/example_dags/tutorial_objectstorage.py took 0.116 seconds
[2025-01-21T20:44:56.731+0000] {processor.py:186} INFO - Started process (PID=1007651) to work on /root/airflow-venv/lib/python3.12/site-packages/airflow/example_dags/tutorial_objectstorage.py
[2025-01-21T20:44:56.733+0000] {processor.py:914} INFO - Processing file /root/airflow-venv/lib/python3.12/site-packages/airflow/example_dags/tutorial_objectstorage.py for tasks to queue
[2025-01-21T20:44:56.739+0000] {logging_mixin.py:190} INFO - [2025-01-21T20:44:56.738+0000] {dagbag.py:588} INFO - Filling up the DagBag from /root/airflow-venv/lib/python3.12/site-packages/airflow/example_dags/tutorial_objectstorage.py
[2025-01-21T20:44:56.760+0000] {processor.py:925} INFO - DAG(s) 'tutorial_objectstorage' retrieved from /root/airflow-venv/lib/python3.12/site-packages/airflow/example_dags/tutorial_objectstorage.py
[2025-01-21T20:44:56.810+0000] {logging_mixin.py:190} INFO - [2025-01-21T20:44:56.809+0000] {dag.py:3239} INFO - Sync 1 DAGs
[2025-01-21T20:44:56.837+0000] {logging_mixin.py:190} INFO - [2025-01-21T20:44:56.836+0000] {dag.py:4180} INFO - Setting next_dagrun for tutorial_objectstorage to None, run_after=None
[2025-01-21T20:44:56.879+0000] {processor.py:208} INFO - Processing /root/airflow-venv/lib/python3.12/site-packages/airflow/example_dags/tutorial_objectstorage.py took 0.160 seconds
[2025-01-21T20:46:03.639+0000] {processor.py:186} INFO - Started process (PID=1007733) to work on /root/airflow-venv/lib/python3.12/site-packages/airflow/example_dags/tutorial_objectstorage.py
[2025-01-21T20:46:03.645+0000] {processor.py:914} INFO - Processing file /root/airflow-venv/lib/python3.12/site-packages/airflow/example_dags/tutorial_objectstorage.py for tasks to queue
[2025-01-21T20:46:03.650+0000] {logging_mixin.py:190} INFO - [2025-01-21T20:46:03.649+0000] {dagbag.py:588} INFO - Filling up the DagBag from /root/airflow-venv/lib/python3.12/site-packages/airflow/example_dags/tutorial_objectstorage.py
[2025-01-21T20:46:03.669+0000] {processor.py:925} INFO - DAG(s) 'tutorial_objectstorage' retrieved from /root/airflow-venv/lib/python3.12/site-packages/airflow/example_dags/tutorial_objectstorage.py
[2025-01-21T20:46:03.700+0000] {logging_mixin.py:190} INFO - [2025-01-21T20:46:03.700+0000] {dag.py:3239} INFO - Sync 1 DAGs
[2025-01-21T20:46:03.724+0000] {logging_mixin.py:190} INFO - [2025-01-21T20:46:03.724+0000] {dag.py:4180} INFO - Setting next_dagrun for tutorial_objectstorage to None, run_after=None
[2025-01-21T20:46:03.794+0000] {processor.py:208} INFO - Processing /root/airflow-venv/lib/python3.12/site-packages/airflow/example_dags/tutorial_objectstorage.py took 0.166 seconds
