[2025-01-21T01:49:45.819+0000] {processor.py:186} INFO - Started process (PID=995463) to work on /root/airflow-venv/lib/python3.12/site-packages/airflow/example_dags/tutorial.py
[2025-01-21T01:49:45.821+0000] {processor.py:914} INFO - Processing file /root/airflow-venv/lib/python3.12/site-packages/airflow/example_dags/tutorial.py for tasks to queue
[2025-01-21T01:49:45.824+0000] {logging_mixin.py:190} INFO - [2025-01-21T01:49:45.824+0000] {dagbag.py:588} INFO - Filling up the DagBag from /root/airflow-venv/lib/python3.12/site-packages/airflow/example_dags/tutorial.py
[2025-01-21T01:49:45.840+0000] {processor.py:925} INFO - DAG(s) 'tutorial' retrieved from /root/airflow-venv/lib/python3.12/site-packages/airflow/example_dags/tutorial.py
[2025-01-21T01:49:45.887+0000] {logging_mixin.py:190} INFO - [2025-01-21T01:49:45.887+0000] {dag.py:3239} INFO - Sync 1 DAGs
[2025-01-21T01:49:45.925+0000] {logging_mixin.py:190} INFO - [2025-01-21T01:49:45.924+0000] {dag.py:4180} INFO - Setting next_dagrun for tutorial to 2025-01-20 00:00:00+00:00, run_after=2025-01-21 00:00:00+00:00
[2025-01-21T01:49:45.965+0000] {processor.py:208} INFO - Processing /root/airflow-venv/lib/python3.12/site-packages/airflow/example_dags/tutorial.py took 0.156 seconds
[2025-01-21T01:50:48.772+0000] {processor.py:186} INFO - Started process (PID=995533) to work on /root/airflow-venv/lib/python3.12/site-packages/airflow/example_dags/tutorial.py
[2025-01-21T01:50:48.773+0000] {processor.py:914} INFO - Processing file /root/airflow-venv/lib/python3.12/site-packages/airflow/example_dags/tutorial.py for tasks to queue
[2025-01-21T01:50:48.779+0000] {logging_mixin.py:190} INFO - [2025-01-21T01:50:48.778+0000] {dagbag.py:588} INFO - Filling up the DagBag from /root/airflow-venv/lib/python3.12/site-packages/airflow/example_dags/tutorial.py
[2025-01-21T01:50:48.794+0000] {processor.py:925} INFO - DAG(s) 'tutorial' retrieved from /root/airflow-venv/lib/python3.12/site-packages/airflow/example_dags/tutorial.py
[2025-01-21T01:50:48.826+0000] {logging_mixin.py:190} INFO - [2025-01-21T01:50:48.825+0000] {dag.py:3239} INFO - Sync 1 DAGs
[2025-01-21T01:50:48.866+0000] {logging_mixin.py:190} INFO - [2025-01-21T01:50:48.866+0000] {dag.py:4180} INFO - Setting next_dagrun for tutorial to 2025-01-20 00:00:00+00:00, run_after=2025-01-21 00:00:00+00:00
[2025-01-21T01:50:48.937+0000] {processor.py:208} INFO - Processing /root/airflow-venv/lib/python3.12/site-packages/airflow/example_dags/tutorial.py took 0.174 seconds
[2025-01-21T01:51:51.706+0000] {processor.py:186} INFO - Started process (PID=995598) to work on /root/airflow-venv/lib/python3.12/site-packages/airflow/example_dags/tutorial.py
[2025-01-21T01:51:51.708+0000] {processor.py:914} INFO - Processing file /root/airflow-venv/lib/python3.12/site-packages/airflow/example_dags/tutorial.py for tasks to queue
[2025-01-21T01:51:51.712+0000] {logging_mixin.py:190} INFO - [2025-01-21T01:51:51.711+0000] {dagbag.py:588} INFO - Filling up the DagBag from /root/airflow-venv/lib/python3.12/site-packages/airflow/example_dags/tutorial.py
[2025-01-21T01:51:51.726+0000] {processor.py:925} INFO - DAG(s) 'tutorial' retrieved from /root/airflow-venv/lib/python3.12/site-packages/airflow/example_dags/tutorial.py
[2025-01-21T01:51:51.750+0000] {logging_mixin.py:190} INFO - [2025-01-21T01:51:51.749+0000] {dag.py:3239} INFO - Sync 1 DAGs
[2025-01-21T01:51:51.776+0000] {logging_mixin.py:190} INFO - [2025-01-21T01:51:51.776+0000] {dag.py:4180} INFO - Setting next_dagrun for tutorial to 2025-01-20 00:00:00+00:00, run_after=2025-01-21 00:00:00+00:00
[2025-01-21T01:51:51.805+0000] {processor.py:208} INFO - Processing /root/airflow-venv/lib/python3.12/site-packages/airflow/example_dags/tutorial.py took 0.110 seconds
[2025-01-21T01:52:57.448+0000] {processor.py:186} INFO - Started process (PID=995669) to work on /root/airflow-venv/lib/python3.12/site-packages/airflow/example_dags/tutorial.py
[2025-01-21T01:52:57.451+0000] {processor.py:914} INFO - Processing file /root/airflow-venv/lib/python3.12/site-packages/airflow/example_dags/tutorial.py for tasks to queue
[2025-01-21T01:52:57.456+0000] {logging_mixin.py:190} INFO - [2025-01-21T01:52:57.455+0000] {dagbag.py:588} INFO - Filling up the DagBag from /root/airflow-venv/lib/python3.12/site-packages/airflow/example_dags/tutorial.py
[2025-01-21T01:52:57.469+0000] {processor.py:925} INFO - DAG(s) 'tutorial' retrieved from /root/airflow-venv/lib/python3.12/site-packages/airflow/example_dags/tutorial.py
[2025-01-21T01:52:57.499+0000] {logging_mixin.py:190} INFO - [2025-01-21T01:52:57.499+0000] {dag.py:3239} INFO - Sync 1 DAGs
[2025-01-21T01:52:57.533+0000] {logging_mixin.py:190} INFO - [2025-01-21T01:52:57.532+0000] {dag.py:4180} INFO - Setting next_dagrun for tutorial to 2025-01-20 00:00:00+00:00, run_after=2025-01-21 00:00:00+00:00
[2025-01-21T01:52:57.575+0000] {processor.py:208} INFO - Processing /root/airflow-venv/lib/python3.12/site-packages/airflow/example_dags/tutorial.py took 0.135 seconds
[2025-01-21T01:53:58.750+0000] {processor.py:186} INFO - Started process (PID=995734) to work on /root/airflow-venv/lib/python3.12/site-packages/airflow/example_dags/tutorial.py
[2025-01-21T01:53:58.752+0000] {processor.py:914} INFO - Processing file /root/airflow-venv/lib/python3.12/site-packages/airflow/example_dags/tutorial.py for tasks to queue
[2025-01-21T01:53:58.756+0000] {logging_mixin.py:190} INFO - [2025-01-21T01:53:58.755+0000] {dagbag.py:588} INFO - Filling up the DagBag from /root/airflow-venv/lib/python3.12/site-packages/airflow/example_dags/tutorial.py
[2025-01-21T01:53:58.772+0000] {processor.py:925} INFO - DAG(s) 'tutorial' retrieved from /root/airflow-venv/lib/python3.12/site-packages/airflow/example_dags/tutorial.py
[2025-01-21T01:53:58.804+0000] {logging_mixin.py:190} INFO - [2025-01-21T01:53:58.803+0000] {dag.py:3239} INFO - Sync 1 DAGs
[2025-01-21T01:53:58.844+0000] {logging_mixin.py:190} INFO - [2025-01-21T01:53:58.844+0000] {dag.py:4180} INFO - Setting next_dagrun for tutorial to 2025-01-20 00:00:00+00:00, run_after=2025-01-21 00:00:00+00:00
[2025-01-21T01:53:58.883+0000] {processor.py:208} INFO - Processing /root/airflow-venv/lib/python3.12/site-packages/airflow/example_dags/tutorial.py took 0.142 seconds
[2025-01-21T20:44:55.452+0000] {processor.py:186} INFO - Started process (PID=1007650) to work on /root/airflow-venv/lib/python3.12/site-packages/airflow/example_dags/tutorial.py
[2025-01-21T20:44:55.455+0000] {processor.py:914} INFO - Processing file /root/airflow-venv/lib/python3.12/site-packages/airflow/example_dags/tutorial.py for tasks to queue
[2025-01-21T20:44:55.461+0000] {logging_mixin.py:190} INFO - [2025-01-21T20:44:55.460+0000] {dagbag.py:588} INFO - Filling up the DagBag from /root/airflow-venv/lib/python3.12/site-packages/airflow/example_dags/tutorial.py
[2025-01-21T20:44:55.476+0000] {processor.py:925} INFO - DAG(s) 'tutorial' retrieved from /root/airflow-venv/lib/python3.12/site-packages/airflow/example_dags/tutorial.py
[2025-01-21T20:44:55.522+0000] {logging_mixin.py:190} INFO - [2025-01-21T20:44:55.521+0000] {dag.py:3239} INFO - Sync 1 DAGs
[2025-01-21T20:44:55.560+0000] {logging_mixin.py:190} INFO - [2025-01-21T20:44:55.560+0000] {dag.py:4180} INFO - Setting next_dagrun for tutorial to 2025-01-20 00:00:00+00:00, run_after=2025-01-21 00:00:00+00:00
[2025-01-21T20:44:55.614+0000] {processor.py:208} INFO - Processing /root/airflow-venv/lib/python3.12/site-packages/airflow/example_dags/tutorial.py took 0.172 seconds
[2025-01-21T20:46:02.352+0000] {processor.py:186} INFO - Started process (PID=1007732) to work on /root/airflow-venv/lib/python3.12/site-packages/airflow/example_dags/tutorial.py
[2025-01-21T20:46:02.355+0000] {processor.py:914} INFO - Processing file /root/airflow-venv/lib/python3.12/site-packages/airflow/example_dags/tutorial.py for tasks to queue
[2025-01-21T20:46:02.360+0000] {logging_mixin.py:190} INFO - [2025-01-21T20:46:02.359+0000] {dagbag.py:588} INFO - Filling up the DagBag from /root/airflow-venv/lib/python3.12/site-packages/airflow/example_dags/tutorial.py
[2025-01-21T20:46:02.375+0000] {processor.py:925} INFO - DAG(s) 'tutorial' retrieved from /root/airflow-venv/lib/python3.12/site-packages/airflow/example_dags/tutorial.py
[2025-01-21T20:46:02.407+0000] {logging_mixin.py:190} INFO - [2025-01-21T20:46:02.406+0000] {dag.py:3239} INFO - Sync 1 DAGs
[2025-01-21T20:46:02.444+0000] {logging_mixin.py:190} INFO - [2025-01-21T20:46:02.443+0000] {dag.py:4180} INFO - Setting next_dagrun for tutorial to 2025-01-20 00:00:00+00:00, run_after=2025-01-21 00:00:00+00:00
[2025-01-21T20:46:02.483+0000] {processor.py:208} INFO - Processing /root/airflow-venv/lib/python3.12/site-packages/airflow/example_dags/tutorial.py took 0.143 seconds
